
R version 3.6.1 (2019-07-05) -- "Action of the Toes"
Copyright (C) 2019 The R Foundation for Statistical Computing
Platform: x86_64-pc-linux-gnu (64-bit)

R is free software and comes with ABSOLUTELY NO WARRANTY.
You are welcome to redistribute it under certain conditions.
Type 'license()' or 'licence()' for distribution details.

R is a collaborative project with many contributors.
Type 'contributors()' for more information and
'citation()' on how to cite R or R packages in publications.

Type 'demo()' for some demos, 'help()' for on-line help, or
'help.start()' for an HTML browser interface to help.
Type 'q()' to quit R.

> #Read in command line arguments as list of character vectors
> args=(commandArgs(TRUE))
> 
> #Check if arguments are passed and cycle through to evaluate each element
> if(length(args)==0){
+   print("No arguments supplied.")
+   #supply default values
+   clustnum=3
+   data.source="tot"
+ }else{
+   for(i in 1:length(args)){
+     eval(parse(text=args[[i]]))
+   }
+ }
> print(paste0("k: ",clustnum))
[1] "k: 50"
> print(paste0("data source: ",data.source))
[1] "data source: tot"
> 
> #Load libraries
> library(Seurat)
> library(CountClust)
Loading required package: ggplot2
> library(classtpx)
Loading required package: slam
> library(fastTopics)
> 
> 
> #Run analyses for human data
> print("Loading human data")
[1] "Loading human data"
> 
> #Load data
> scrna <- paste0("../data/cellranger-data-full/data.filter.log.indv-cell.int19k.reg-",data.source,".rds")
> data <- readRDS(scrna)
> data <- subset(data, subset=Species=="Human")
> 
> #Prepare data (unintegrated count data)
> counts <- as.matrix(data@assays$RNA@counts) #do not use integrated data
> counts <- counts[rowSums(counts>0)>0,]      #remove genes with 0 counts across cells
> counts <- t(as.matrix(counts))              #fix matrix orientation (barcodes x features)
> rm(data)
> 
> #Fit fastTopics model and save data
> fit <- fit_poisson_nmf(counts, k=clustnum, numiter=100)
Using 4 RcppParallel threads.
Initializing factors using Topic SCORE algorithm.
Initializing loadings by running 10 SCD updates.
Using 4 RcppParallel threads.
Fitting rank-50 Poisson NMF to 47972 x 18142 dense matrix.
Running 100 SCD updates, without extrapolation (fastTopics 0.3-185).
iter   log-likelihood        deviance res(KKT)  |F-F'|  |L-L'| nz(F) nz(L) beta
   1 -4.966600319e+08 +5.07096466e+08 2.89e+04 1.4e+02 7.2e+00 0.515 0.237 0.00
   2 -4.795904173e+08 +4.72957237e+08 2.51e+04 7.8e+01 1.2e+01 0.520 0.330 0.00
   3 -4.751187174e+08 +4.64013837e+08 1.60e+04 8.5e+01 3.6e+00 0.526 0.365 0.00
   4 -4.730409215e+08 +4.59858245e+08 8.20e+03 7.2e+01 2.1e+00 0.529 0.385 0.00
   5 -4.718226539e+08 +4.57421710e+08 2.92e+03 5.3e+01 1.8e+00 0.531 0.399 0.00
   6 -4.710176875e+08 +4.55811777e+08 4.36e+03 6.0e+01 1.5e+00 0.532 0.409 0.00
   7 -4.704662047e+08 +4.54708812e+08 2.93e+03 5.5e+01 1.1e+00 0.533 0.418 0.00
   8 -4.700949485e+08 +4.53966299e+08 2.60e+03 4.1e+01 7.4e-01 0.533 0.425 0.00
   9 -4.698284733e+08 +4.53433349e+08 2.02e+03 3.0e+01 6.6e-01 0.533 0.430 0.00
  10 -4.696194590e+08 +4.53015320e+08 1.92e+03 2.5e+01 6.6e-01 0.532 0.435 0.00
  11 -4.694437618e+08 +4.52663926e+08 1.75e+03 2.3e+01 6.3e-01 0.531 0.439 0.00
  12 -4.692910565e+08 +4.52358515e+08 1.70e+03 2.1e+01 5.8e-01 0.530 0.442 0.00
  13 -4.691565014e+08 +4.52089405e+08 1.72e+03 2.0e+01 4.9e-01 0.529 0.446 0.00
  14 -4.690336894e+08 +4.51843781e+08 1.58e+03 1.9e+01 4.5e-01 0.529 0.449 0.00
  15 -4.689167060e+08 +4.51609814e+08 1.30e+03 1.7e+01 4.2e-01 0.529 0.452 0.00
  16 -4.688024150e+08 +4.51381232e+08 1.44e+03 1.6e+01 4.8e-01 0.529 0.454 0.00
  17 -4.686890850e+08 +4.51154572e+08 1.48e+03 1.4e+01 4.6e-01 0.529 0.457 0.00
  18 -4.685781247e+08 +4.50932652e+08 1.63e+03 1.3e+01 5.2e-01 0.529 0.459 0.00
  19 -4.684734909e+08 +4.50723384e+08 1.90e+03 1.2e+01 5.0e-01 0.529 0.461 0.00
  20 -4.683780789e+08 +4.50532560e+08 2.13e+03 1.1e+01 4.3e-01 0.529 0.463 0.00
  21 -4.682907346e+08 +4.50357871e+08 2.31e+03 1.2e+01 4.2e-01 0.530 0.464 0.00
  22 -4.682109750e+08 +4.50198352e+08 2.41e+03 1.1e+01 3.9e-01 0.530 0.466 0.00
  23 -4.681384631e+08 +4.50053329e+08 2.38e+03 1.1e+01 3.9e-01 0.531 0.467 0.00
  24 -4.680732805e+08 +4.49922963e+08 2.28e+03 1.0e+01 3.9e-01 0.531 0.468 0.00
  25 -4.680159224e+08 +4.49808247e+08 2.26e+03 9.7e+00 3.6e-01 0.532 0.469 0.00
  26 -4.679657720e+08 +4.49707946e+08 2.45e+03 9.1e+00 4.0e-01 0.532 0.469 0.00
  27 -4.679216559e+08 +4.49619714e+08 2.72e+03 8.5e+00 4.3e-01 0.533 0.470 0.00
  28 -4.678824606e+08 +4.49541323e+08 3.30e+03 7.8e+00 4.4e-01 0.533 0.470 0.00
  29 -4.678472882e+08 +4.49470979e+08 3.48e+03 7.0e+00 4.2e-01 0.533 0.471 0.00
  30 -4.678153940e+08 +4.49407190e+08 3.33e+03 6.3e+00 4.1e-01 0.534 0.471 0.00
  31 -4.677862497e+08 +4.49348902e+08 3.19e+03 5.4e+00 3.9e-01 0.534 0.472 0.00
  32 -4.677593818e+08 +4.49295166e+08 3.04e+03 4.5e+00 3.6e-01 0.534 0.472 0.00
  33 -4.677343359e+08 +4.49245074e+08 2.74e+03 3.9e+00 3.4e-01 0.534 0.473 0.00
  34 -4.677107918e+08 +4.49197986e+08 1.09e+03 4.0e+00 3.1e-01 0.535 0.473 0.00
  35 -4.676882755e+08 +4.49152953e+08 9.40e+02 4.5e+00 2.8e-01 0.535 0.473 0.00
  36 -4.676659967e+08 +4.49108396e+08 8.53e+02 5.1e+00 2.5e-01 0.535 0.473 0.00
  37 -4.676435284e+08 +4.49063459e+08 8.59e+02 5.9e+00 2.4e-01 0.535 0.473 0.00
  38 -4.676206942e+08 +4.49017791e+08 9.19e+02 6.6e+00 2.5e-01 0.535 0.474 0.00
  39 -4.675976807e+08 +4.48971764e+08 1.00e+03 7.2e+00 2.5e-01 0.536 0.474 0.00
  40 -4.675750538e+08 +4.48926510e+08 1.07e+03 7.4e+00 2.3e-01 0.536 0.474 0.00
  41 -4.675536000e+08 +4.48883602e+08 1.13e+03 7.2e+00 2.0e-01 0.536 0.474 0.00
  42 -4.675340326e+08 +4.48844467e+08 1.20e+03 6.7e+00 1.7e-01 0.536 0.475 0.00
  43 -4.675165532e+08 +4.48809509e+08 1.26e+03 6.2e+00 1.6e-01 0.536 0.475 0.00
  44 -4.675009024e+08 +4.48778207e+08 1.31e+03 5.6e+00 1.4e-01 0.536 0.476 0.00
  45 -4.674867274e+08 +4.48749857e+08 1.37e+03 5.0e+00 1.3e-01 0.536 0.476 0.00
  46 -4.674735948e+08 +4.48723592e+08 1.39e+03 4.4e+00 1.5e-01 0.536 0.477 0.00
  47 -4.674610335e+08 +4.48698469e+08 1.41e+03 3.9e+00 1.7e-01 0.536 0.477 0.00
  48 -4.674487152e+08 +4.48673833e+08 1.43e+03 3.4e+00 1.9e-01 0.536 0.477 0.00
  49 -4.674363991e+08 +4.48649200e+08 1.43e+03 3.0e+00 2.3e-01 0.536 0.477 0.00
  50 -4.674238814e+08 +4.48624165e+08 1.42e+03 2.7e+00 2.6e-01 0.537 0.478 0.00
  51 -4.674110934e+08 +4.48598589e+08 1.40e+03 2.4e+00 3.0e-01 0.537 0.478 0.00
  52 -4.673981947e+08 +4.48572792e+08 1.38e+03 2.3e+00 3.2e-01 0.537 0.478 0.00
  53 -4.673854190e+08 +4.48547240e+08 1.35e+03 2.1e+00 3.3e-01 0.537 0.478 0.00
  54 -4.673730292e+08 +4.48522461e+08 1.32e+03 2.1e+00 3.3e-01 0.537 0.479 0.00
  55 -4.673613587e+08 +4.48499120e+08 1.28e+03 2.1e+00 3.1e-01 0.538 0.479 0.00
  56 -4.673505733e+08 +4.48477549e+08 1.24e+03 2.1e+00 3.0e-01 0.538 0.479 0.00
  57 -4.673406153e+08 +4.48457633e+08 1.21e+03 2.2e+00 2.9e-01 0.538 0.479 0.00
  58 -4.673314171e+08 +4.48439236e+08 1.18e+03 2.1e+00 2.7e-01 0.538 0.479 0.00
  59 -4.673229319e+08 +4.48422266e+08 1.14e+03 2.1e+00 2.5e-01 0.539 0.479 0.00
  60 -4.673150667e+08 +4.48406536e+08 1.12e+03 2.1e+00 2.2e-01 0.539 0.479 0.00
  61 -4.673077587e+08 +4.48391920e+08 1.09e+03 2.2e+00 2.1e-01 0.539 0.479 0.00
  62 -4.673008806e+08 +4.48378164e+08 1.01e+03 2.3e+00 2.0e-01 0.539 0.479 0.00
  63 -4.672943182e+08 +4.48365039e+08 8.82e+02 2.2e+00 2.0e-01 0.540 0.479 0.00
  64 -4.672880057e+08 +4.48352414e+08 8.89e+02 2.2e+00 1.9e-01 0.540 0.478 0.00
  65 -4.672818651e+08 +4.48340133e+08 8.95e+02 2.1e+00 2.0e-01 0.540 0.478 0.00
  66 -4.672758539e+08 +4.48328110e+08 9.17e+02 2.0e+00 2.1e-01 0.541 0.478 0.00
  67 -4.672699605e+08 +4.48316323e+08 8.93e+02 1.9e+00 2.2e-01 0.541 0.478 0.00
  68 -4.672642135e+08 +4.48304829e+08 8.41e+02 1.7e+00 2.4e-01 0.541 0.478 0.00
  69 -4.672586539e+08 +4.48293710e+08 8.31e+02 1.7e+00 2.5e-01 0.541 0.478 0.00
  70 -4.672533493e+08 +4.48283101e+08 8.24e+02 1.6e+00 2.5e-01 0.542 0.477 0.00
  71 -4.672483050e+08 +4.48273012e+08 8.13e+02 1.6e+00 2.5e-01 0.542 0.477 0.00
  72 -4.672435177e+08 +4.48263438e+08 8.08e+02 1.5e+00 2.5e-01 0.542 0.477 0.00
  73 -4.672389786e+08 +4.48254360e+08 8.05e+02 1.5e+00 2.3e-01 0.543 0.477 0.00
  74 -4.672346581e+08 +4.48245718e+08 7.92e+02 1.4e+00 2.2e-01 0.543 0.477 0.00
  75 -4.672305098e+08 +4.48237422e+08 7.79e+02 1.4e+00 2.1e-01 0.543 0.477 0.00
  76 -4.672265004e+08 +4.48229403e+08 7.66e+02 1.5e+00 2.1e-01 0.543 0.477 0.00
  77 -4.672225929e+08 +4.48221588e+08 7.51e+02 1.6e+00 2.0e-01 0.544 0.476 0.00
  78 -4.672187734e+08 +4.48213949e+08 7.37e+02 1.6e+00 2.0e-01 0.544 0.476 0.00
  79 -4.672150356e+08 +4.48206473e+08 7.22e+02 1.6e+00 2.0e-01 0.544 0.476 0.00
  80 -4.672113806e+08 +4.48199163e+08 7.10e+02 1.6e+00 2.1e-01 0.544 0.476 0.00
  81 -4.672078051e+08 +4.48192012e+08 6.98e+02 1.6e+00 2.1e-01 0.545 0.476 0.00
  82 -4.672043054e+08 +4.48185013e+08 6.85e+02 1.7e+00 2.1e-01 0.545 0.476 0.00
  83 -4.672008850e+08 +4.48178172e+08 6.73e+02 1.7e+00 2.0e-01 0.545 0.476 0.00
  84 -4.671975426e+08 +4.48171487e+08 6.60e+02 1.7e+00 2.0e-01 0.545 0.475 0.00
  85 -4.671942845e+08 +4.48164971e+08 6.47e+02 1.7e+00 1.9e-01 0.545 0.475 0.00
  86 -4.671911181e+08 +4.48158638e+08 6.35e+02 1.7e+00 1.9e-01 0.545 0.475 0.00
  87 -4.671880480e+08 +4.48152498e+08 6.23e+02 1.7e+00 1.8e-01 0.546 0.475 0.00
  88 -4.671850834e+08 +4.48146569e+08 6.12e+02 1.6e+00 1.7e-01 0.546 0.475 0.00
  89 -4.671822368e+08 +4.48140876e+08 6.02e+02 1.6e+00 1.6e-01 0.546 0.475 0.00
  90 -4.671795151e+08 +4.48135432e+08 5.68e+02 1.6e+00 1.3e-01 0.546 0.475 0.00
  91 -4.671769174e+08 +4.48130237e+08 5.44e+02 1.6e+00 1.2e-01 0.546 0.475 0.00
  92 -4.671744418e+08 +4.48125286e+08 5.24e+02 1.5e+00 1.1e-01 0.546 0.475 0.00
  93 -4.671720891e+08 +4.48120580e+08 5.08e+02 1.5e+00 1.1e-01 0.546 0.475 0.00
  94 -4.671698604e+08 +4.48116123e+08 4.94e+02 1.5e+00 1.1e-01 0.546 0.475 0.00
  95 -4.671677549e+08 +4.48111912e+08 4.81e+02 1.5e+00 1.1e-01 0.547 0.475 0.00
  96 -4.671657689e+08 +4.48107940e+08 4.70e+02 1.5e+00 1.1e-01 0.547 0.474 0.00
  97 -4.671638964e+08 +4.48104195e+08 4.60e+02 1.5e+00 1.0e-01 0.547 0.474 0.00
  98 -4.671621344e+08 +4.48100671e+08 4.50e+02 1.5e+00 1.0e-01 0.547 0.474 0.00
  99 -4.671604809e+08 +4.48097364e+08 4.41e+02 1.6e+00 1.0e-01 0.547 0.474 0.00
 100 -4.671589324e+08 +4.48094267e+08 4.32e+02 1.6e+00 1.0e-01 0.547 0.474 0.00
> saveRDS(fit, file=paste0("../data/gom-data/topics",clustnum,".human.log.indv-cell.int19k.reg-",data.source,".rds"))
> 
> 
> #Run analyses for chimp data
> print("Loading chimp data")
[1] "Loading chimp data"
> 
> #Load data
> scrna <- paste0("../data/cellranger-data-full/data.filter.log.indv-cell.int19k.reg-",data.source,".rds")
> data <- readRDS(scrna)
> data <- subset(data, subset=Species=="Chimp")
> 
> #Prepare data (unintegrated count data)
> counts <- as.matrix(data@assays$RNA@counts) #do not use integrated data
> counts <- counts[rowSums(counts>0)>0,]      #remove genes with 0 counts across cells
> counts <- t(as.matrix(counts))              #fix matrix orientation (barcodes x features)
> rm(data)
> 
> #Fit fastTopics model and save data
> fit <- fit_poisson_nmf(counts, k=clustnum, numiter=100)
Using 4 RcppParallel threads.
Initializing factors using Topic SCORE algorithm.
Initializing loadings by running 10 SCD updates.
Using 4 RcppParallel threads.
Fitting rank-50 Poisson NMF to 53562 x 18072 dense matrix.
Running 100 SCD updates, without extrapolation (fastTopics 0.3-185).
iter   log-likelihood        deviance res(KKT)  |F-F'|  |L-L'| nz(F) nz(L) beta
   1 -5.171990947e+08 +5.33619895e+08 3.16e+04 1.6e+02 1.2e+01 0.530 0.211 0.00
   2 -5.021963113e+08 +5.03614328e+08 8.88e+03 1.2e+02 1.4e+01 0.531 0.296 0.00
   3 -4.982784235e+08 +4.95778552e+08 7.26e+03 1.2e+02 4.8e+00 0.532 0.334 0.00
   4 -4.963348443e+08 +4.91891394e+08 9.89e+03 8.1e+01 2.6e+00 0.534 0.356 0.00
   5 -4.952005977e+08 +4.89622901e+08 1.01e+04 8.3e+01 1.5e+00 0.536 0.370 0.00
   6 -4.944346841e+08 +4.88091074e+08 5.62e+03 7.9e+01 1.0e+00 0.539 0.380 0.00
   7 -4.938617588e+08 +4.86945223e+08 4.01e+03 7.2e+01 1.2e+00 0.541 0.388 0.00
   8 -4.934089214e+08 +4.86039548e+08 4.59e+03 6.4e+01 2.4e+00 0.543 0.396 0.00
   9 -4.930303409e+08 +4.85282387e+08 6.59e+03 5.7e+01 2.0e+00 0.544 0.402 0.00
  10 -4.927047839e+08 +4.84631273e+08 2.69e+03 4.8e+01 1.2e+00 0.545 0.408 0.00
  11 -4.924384769e+08 +4.84098659e+08 2.54e+03 4.1e+01 1.1e+00 0.545 0.414 0.00
  12 -4.922280095e+08 +4.83677724e+08 2.27e+03 3.8e+01 1.0e+00 0.544 0.419 0.00
  13 -4.920593045e+08 +4.83340314e+08 2.07e+03 3.4e+01 9.2e-01 0.543 0.424 0.00
  14 -4.919180096e+08 +4.83057725e+08 1.91e+03 2.7e+01 8.1e-01 0.543 0.429 0.00
  15 -4.918017110e+08 +4.82825127e+08 2.13e+03 2.1e+01 1.0e+00 0.542 0.433 0.00
  16 -4.917065691e+08 +4.82634844e+08 2.21e+03 1.6e+01 5.4e-01 0.541 0.436 0.00
  17 -4.916254280e+08 +4.82472561e+08 2.13e+03 1.5e+01 5.3e-01 0.540 0.439 0.00
  18 -4.915537960e+08 +4.82329297e+08 2.03e+03 1.6e+01 4.7e-01 0.540 0.441 0.00
  19 -4.914891323e+08 +4.82199970e+08 1.75e+03 1.7e+01 6.9e-01 0.539 0.444 0.00
  20 -4.914317822e+08 +4.82085270e+08 1.48e+03 1.7e+01 1.2e+00 0.539 0.446 0.00
  21 -4.913834235e+08 +4.81988552e+08 1.31e+03 1.8e+01 7.2e-01 0.538 0.447 0.00
  22 -4.913413690e+08 +4.81904443e+08 1.15e+03 1.9e+01 2.7e-01 0.538 0.449 0.00
  23 -4.913043048e+08 +4.81830315e+08 1.03e+03 1.9e+01 2.1e-01 0.537 0.451 0.00
  24 -4.912717581e+08 +4.81765222e+08 9.66e+02 1.7e+01 1.9e-01 0.537 0.452 0.00
  25 -4.912433118e+08 +4.81708329e+08 1.24e+03 1.4e+01 2.1e-01 0.536 0.453 0.00
  26 -4.912184321e+08 +4.81658570e+08 1.37e+03 1.1e+01 2.2e-01 0.536 0.454 0.00
  27 -4.911964492e+08 +4.81614604e+08 1.45e+03 8.7e+00 2.2e-01 0.536 0.454 0.00
  28 -4.911767183e+08 +4.81575142e+08 1.47e+03 7.9e+00 2.1e-01 0.536 0.455 0.00
  29 -4.911587230e+08 +4.81539151e+08 1.44e+03 7.8e+00 2.0e-01 0.536 0.456 0.00
  30 -4.911420388e+08 +4.81505783e+08 1.35e+03 7.6e+00 1.8e-01 0.536 0.456 0.00
  31 -4.911263301e+08 +4.81474366e+08 1.24e+03 7.4e+00 1.6e-01 0.536 0.456 0.00
  32 -4.911113208e+08 +4.81444347e+08 1.12e+03 7.3e+00 1.5e-01 0.536 0.457 0.00
  33 -4.910967639e+08 +4.81415233e+08 9.91e+02 7.2e+00 1.5e-01 0.536 0.457 0.00
  34 -4.910825229e+08 +4.81386751e+08 8.49e+02 7.1e+00 1.4e-01 0.537 0.457 0.00
  35 -4.910684191e+08 +4.81358543e+08 1.10e+03 6.9e+00 1.4e-01 0.537 0.457 0.00
  36 -4.910547516e+08 +4.81331209e+08 8.25e+02 6.7e+00 1.6e-01 0.537 0.457 0.00
  37 -4.910419563e+08 +4.81305618e+08 7.95e+02 6.5e+00 1.7e-01 0.538 0.457 0.00
  38 -4.910301608e+08 +4.81282027e+08 1.02e+03 6.3e+00 1.8e-01 0.538 0.458 0.00
  39 -4.910193350e+08 +4.81260375e+08 1.07e+03 6.2e+00 1.7e-01 0.538 0.458 0.00
  40 -4.910093466e+08 +4.81240398e+08 9.41e+02 6.0e+00 1.3e-01 0.538 0.458 0.00
  41 -4.910000279e+08 +4.81221761e+08 7.97e+02 5.8e+00 1.2e-01 0.538 0.458 0.00
  42 -4.909912169e+08 +4.81204139e+08 6.51e+02 5.7e+00 2.3e-01 0.538 0.459 0.00
  43 -4.909827593e+08 +4.81187224e+08 6.09e+02 5.5e+00 2.8e-01 0.538 0.459 0.00
  44 -4.909744839e+08 +4.81170673e+08 6.08e+02 5.3e+00 3.0e-01 0.538 0.459 0.00
  45 -4.909662169e+08 +4.81154139e+08 6.20e+02 5.1e+00 2.8e-01 0.538 0.460 0.00
  46 -4.909579035e+08 +4.81137512e+08 6.34e+02 5.0e+00 2.4e-01 0.538 0.460 0.00
  47 -4.909496217e+08 +4.81120949e+08 6.54e+02 5.2e+00 2.1e-01 0.538 0.461 0.00
  48 -4.909415645e+08 +4.81104834e+08 6.46e+02 5.0e+00 2.2e-01 0.538 0.461 0.00
  49 -4.909339380e+08 +4.81089581e+08 6.48e+02 4.5e+00 1.9e-01 0.538 0.462 0.00
  50 -4.909268344e+08 +4.81075374e+08 6.95e+02 4.3e+00 1.7e-01 0.538 0.462 0.00
  51 -4.909202312e+08 +4.81062168e+08 7.47e+02 4.1e+00 1.4e-01 0.537 0.462 0.00
  52 -4.909140585e+08 +4.81049822e+08 7.83e+02 4.0e+00 1.1e-01 0.537 0.463 0.00
  53 -4.909081878e+08 +4.81038081e+08 7.91e+02 3.7e+00 1.1e-01 0.537 0.463 0.00
  54 -4.909025104e+08 +4.81026726e+08 7.81e+02 3.4e+00 1.1e-01 0.537 0.463 0.00
  55 -4.908969917e+08 +4.81015689e+08 7.67e+02 3.2e+00 1.2e-01 0.537 0.464 0.00
  56 -4.908915997e+08 +4.81004905e+08 7.50e+02 2.9e+00 1.2e-01 0.536 0.464 0.00
  57 -4.908863380e+08 +4.80994381e+08 7.30e+02 2.6e+00 1.2e-01 0.536 0.464 0.00
  58 -4.908811760e+08 +4.80984057e+08 7.01e+02 2.4e+00 1.2e-01 0.536 0.465 0.00
  59 -4.908760593e+08 +4.80973824e+08 6.67e+02 2.5e+00 1.1e-01 0.536 0.465 0.00
  60 -4.908709388e+08 +4.80963583e+08 6.27e+02 2.7e+00 1.1e-01 0.536 0.465 0.00
  61 -4.908657553e+08 +4.80953216e+08 5.83e+02 2.8e+00 9.7e-02 0.536 0.466 0.00
  62 -4.908604023e+08 +4.80942510e+08 5.66e+02 3.0e+00 8.5e-02 0.535 0.466 0.00
  63 -4.908547732e+08 +4.80931252e+08 6.55e+02 3.2e+00 7.7e-02 0.535 0.466 0.00
  64 -4.908487593e+08 +4.80919224e+08 7.54e+02 3.4e+00 8.5e-02 0.535 0.466 0.00
  65 -4.908422507e+08 +4.80906207e+08 8.69e+02 3.6e+00 9.3e-02 0.535 0.467 0.00
  66 -4.908351424e+08 +4.80891990e+08 9.93e+02 3.9e+00 1.0e-01 0.535 0.467 0.00
  67 -4.908274147e+08 +4.80876535e+08 1.13e+03 3.9e+00 1.1e-01 0.535 0.467 0.00
  68 -4.908194037e+08 +4.80860513e+08 1.20e+03 3.7e+00 1.2e-01 0.535 0.467 0.00
  69 -4.908112481e+08 +4.80844202e+08 1.20e+03 3.2e+00 1.2e-01 0.535 0.467 0.00
  70 -4.908028505e+08 +4.80827406e+08 1.23e+03 3.1e+00 1.2e-01 0.535 0.468 0.00
  71 -4.907942158e+08 +4.80810137e+08 1.24e+03 3.0e+00 1.2e-01 0.535 0.468 0.00
  72 -4.907854834e+08 +4.80792672e+08 1.22e+03 2.7e+00 1.2e-01 0.535 0.468 0.00
  73 -4.907768197e+08 +4.80775345e+08 1.20e+03 2.4e+00 1.2e-01 0.535 0.468 0.00
  74 -4.907683958e+08 +4.80758497e+08 1.14e+03 1.8e+00 1.1e-01 0.535 0.468 0.00
  75 -4.907602853e+08 +4.80742276e+08 1.25e+03 1.6e+00 1.0e-01 0.535 0.468 0.00
  76 -4.907525353e+08 +4.80726776e+08 1.31e+03 1.5e+00 9.5e-02 0.535 0.469 0.00
  77 -4.907451070e+08 +4.80711919e+08 1.33e+03 1.6e+00 8.5e-02 0.535 0.469 0.00
  78 -4.907379610e+08 +4.80697627e+08 1.31e+03 1.6e+00 8.4e-02 0.535 0.469 0.00
  79 -4.907310460e+08 +4.80683797e+08 1.26e+03 1.7e+00 8.6e-02 0.535 0.469 0.00
  80 -4.907243306e+08 +4.80670367e+08 1.15e+03 1.8e+00 9.5e-02 0.535 0.470 0.00
  81 -4.907178067e+08 +4.80657319e+08 1.05e+03 2.0e+00 1.0e-01 0.536 0.470 0.00
  82 -4.907114346e+08 +4.80644574e+08 9.47e+02 2.0e+00 1.1e-01 0.536 0.470 0.00
  83 -4.907051740e+08 +4.80632053e+08 8.44e+02 2.1e+00 1.2e-01 0.536 0.470 0.00
  84 -4.906990116e+08 +4.80619729e+08 6.91e+02 2.1e+00 1.2e-01 0.536 0.470 0.00
  85 -4.906929658e+08 +4.80607637e+08 6.05e+02 2.1e+00 1.2e-01 0.536 0.470 0.00
  86 -4.906870289e+08 +4.80595763e+08 5.21e+02 2.1e+00 1.2e-01 0.536 0.471 0.00
  87 -4.906811940e+08 +4.80584093e+08 4.38e+02 2.1e+00 1.2e-01 0.536 0.471 0.00
  88 -4.906754987e+08 +4.80572703e+08 4.11e+02 2.2e+00 1.1e-01 0.536 0.471 0.00
  89 -4.906699824e+08 +4.80561670e+08 4.02e+02 2.3e+00 1.1e-01 0.537 0.471 0.00
  90 -4.906646630e+08 +4.80551031e+08 3.85e+02 2.4e+00 1.0e-01 0.537 0.471 0.00
  91 -4.906595537e+08 +4.80540813e+08 3.61e+02 2.5e+00 9.8e-02 0.537 0.471 0.00
  92 -4.906546311e+08 +4.80530968e+08 3.42e+02 2.6e+00 9.5e-02 0.537 0.472 0.00
  93 -4.906498600e+08 +4.80521425e+08 3.53e+02 2.7e+00 9.2e-02 0.537 0.472 0.00
  94 -4.906452407e+08 +4.80512187e+08 3.61e+02 2.8e+00 9.3e-02 0.537 0.472 0.00
  95 -4.906407531e+08 +4.80503211e+08 3.66e+02 2.8e+00 1.2e-01 0.537 0.472 0.00
  96 -4.906363823e+08 +4.80494470e+08 3.73e+02 2.9e+00 1.4e-01 0.537 0.472 0.00
  97 -4.906321417e+08 +4.80485989e+08 3.91e+02 2.9e+00 1.7e-01 0.537 0.473 0.00
  98 -4.906280300e+08 +4.80477765e+08 4.07e+02 2.8e+00 1.8e-01 0.537 0.473 0.00
  99 -4.906240475e+08 +4.80469800e+08 4.22e+02 2.7e+00 1.7e-01 0.537 0.473 0.00
 100 -4.906201929e+08 +4.80462091e+08 4.34e+02 2.6e+00 1.7e-01 0.537 0.473 0.00
> saveRDS(fit, file=paste0("../data/gom-data/topics",clustnum,".chimp.log.indv-cell.int19k.reg-",data.source,".rds"))
> 
> proc.time()
     user    system   elapsed 
588083.73  18958.45 188258.32 
