
R version 3.6.1 (2019-07-05) -- "Action of the Toes"
Copyright (C) 2019 The R Foundation for Statistical Computing
Platform: x86_64-pc-linux-gnu (64-bit)

R is free software and comes with ABSOLUTELY NO WARRANTY.
You are welcome to redistribute it under certain conditions.
Type 'license()' or 'licence()' for distribution details.

R is a collaborative project with many contributors.
Type 'contributors()' for more information and
'citation()' on how to cite R or R packages in publications.

Type 'demo()' for some demos, 'help()' for on-line help, or
'help.start()' for an HTML browser interface to help.
Type 'q()' to quit R.

> #Read in command line arguments as list of character vectors
> args=(commandArgs(TRUE))
> 
> #Check if arguments are passed and cycle through to evaluate each element
> if(length(args)==0){
+   print("No arguments supplied.")
+   #supply default values
+   clustnum=3
+   data.source="tot"
+ }else{
+   for(i in 1:length(args)){
+     eval(parse(text=args[[i]]))
+   }
+ }
> print(paste0("k: ",clustnum))
[1] "k: 10"
> print(paste0("data source: ",data.source))
[1] "data source: t2"
> 
> #Load libraries
> library(Seurat)
> library(CountClust)
Loading required package: ggplot2
> library(classtpx)
Loading required package: slam
> library(fastTopics)
> 
> 
> #Run analyses for human data
> print("Loading human data")
[1] "Loading human data"
> 
> #Load data
> scrna <- paste0("../data/cellranger-data-full/data.filter.log.indv-cell.int19k.reg-",data.source,".rds")
> data <- readRDS(scrna)
> data <- subset(data, subset=Species=="Human")
> 
> #Prepare data (unintegrated count data)
> counts <- as.matrix(data@assays$RNA@counts) #do not use integrated data
> counts <- counts[rowSums(counts>0)>0,]      #remove genes with 0 counts across cells
> counts <- t(as.matrix(counts))              #fix matrix orientation (barcodes x features)
> rm(data)
> 
> #Fit fastTopics model and save data
> fit <- fit_poisson_nmf(counts, k=clustnum, numiter=100)
Using 4 RcppParallel threads.
Initializing factors using Topic SCORE algorithm.
Initializing loadings by running 10 SCD updates.
Using 4 RcppParallel threads.
Fitting rank-10 Poisson NMF to 12565 x 16629 dense matrix.
Running 100 SCD updates, without extrapolation (fastTopics 0.3-185).
iter   log-likelihood        deviance res(KKT)  |F-F'|  |L-L'| nz(F) nz(L) beta
   1 -1.099061861e+08 +1.19603790e+08 2.43e+04 2.9e+02 2.7e+00 0.570 0.573 0.00
   2 -1.078128945e+08 +1.15417207e+08 4.64e+03 1.3e+02 2.9e+00 0.582 0.667 0.00
   3 -1.070560008e+08 +1.13903420e+08 2.62e+03 7.7e+01 1.3e+00 0.600 0.675 0.00
   4 -1.066252929e+08 +1.13042004e+08 2.57e+03 4.5e+01 8.4e-01 0.616 0.687 0.00
   5 -1.063401178e+08 +1.12471654e+08 1.75e+03 2.2e+01 8.4e-01 0.629 0.694 0.00
   6 -1.061511172e+08 +1.12093653e+08 1.72e+03 1.9e+01 6.7e-01 0.638 0.698 0.00
   7 -1.060289645e+08 +1.11849347e+08 1.16e+03 1.8e+01 4.9e-01 0.644 0.700 0.00
   8 -1.059438786e+08 +1.11679175e+08 9.94e+02 1.5e+01 3.2e-01 0.647 0.703 0.00
   9 -1.058815734e+08 +1.11554565e+08 8.12e+02 1.3e+01 2.5e-01 0.650 0.706 0.00
  10 -1.058338814e+08 +1.11459181e+08 7.30e+02 1.1e+01 2.3e-01 0.653 0.708 0.00
  11 -1.057957483e+08 +1.11382915e+08 6.86e+02 1.1e+01 2.2e-01 0.655 0.710 0.00
  12 -1.057638640e+08 +1.11319146e+08 6.41e+02 1.0e+01 2.0e-01 0.657 0.710 0.00
  13 -1.057364606e+08 +1.11264339e+08 5.72e+02 9.3e+00 1.7e-01 0.660 0.710 0.00
  14 -1.057124576e+08 +1.11216333e+08 4.92e+02 8.9e+00 1.6e-01 0.662 0.710 0.00
  15 -1.056912417e+08 +1.11173902e+08 5.09e+02 9.1e+00 1.5e-01 0.664 0.710 0.00
  16 -1.056723542e+08 +1.11136127e+08 5.64e+02 9.3e+00 1.4e-01 0.665 0.710 0.00
  17 -1.056554784e+08 +1.11102375e+08 6.00e+02 9.5e+00 1.3e-01 0.667 0.710 0.00
  18 -1.056402938e+08 +1.11072006e+08 6.23e+02 9.6e+00 1.3e-01 0.668 0.710 0.00
  19 -1.056264485e+08 +1.11044315e+08 6.37e+02 9.5e+00 1.2e-01 0.669 0.710 0.00
  20 -1.056137431e+08 +1.11018904e+08 6.42e+02 9.4e+00 1.2e-01 0.670 0.710 0.00
  21 -1.056020899e+08 +1.10995598e+08 6.53e+02 9.2e+00 1.3e-01 0.671 0.710 0.00
  22 -1.055914737e+08 +1.10974366e+08 6.68e+02 8.8e+00 1.4e-01 0.672 0.711 0.00
  23 -1.055819805e+08 +1.10955379e+08 6.85e+02 8.4e+00 1.4e-01 0.672 0.711 0.00
  24 -1.055736486e+08 +1.10938715e+08 7.42e+02 7.8e+00 1.3e-01 0.673 0.712 0.00
  25 -1.055664179e+08 +1.10924254e+08 8.01e+02 7.2e+00 1.2e-01 0.674 0.713 0.00
  26 -1.055601913e+08 +1.10911801e+08 8.42e+02 6.6e+00 1.1e-01 0.674 0.713 0.00
  27 -1.055548920e+08 +1.10901202e+08 8.63e+02 6.0e+00 9.2e-02 0.674 0.714 0.00
  28 -1.055504093e+08 +1.10892237e+08 8.74e+02 5.3e+00 8.4e-02 0.675 0.714 0.00
  29 -1.055466197e+08 +1.10884658e+08 8.67e+02 5.1e+00 7.7e-02 0.675 0.714 0.00
  30 -1.055434088e+08 +1.10878236e+08 8.47e+02 4.8e+00 7.1e-02 0.675 0.715 0.00
  31 -1.055406679e+08 +1.10872754e+08 8.16e+02 4.5e+00 6.4e-02 0.675 0.715 0.00
  32 -1.055383037e+08 +1.10868026e+08 7.80e+02 4.2e+00 5.8e-02 0.675 0.715 0.00
  33 -1.055362426e+08 +1.10863903e+08 7.80e+02 3.9e+00 5.3e-02 0.675 0.715 0.00
  34 -1.055344227e+08 +1.10860264e+08 7.82e+02 3.5e+00 5.3e-02 0.674 0.716 0.00
  35 -1.055327930e+08 +1.10857004e+08 7.82e+02 3.2e+00 5.3e-02 0.674 0.716 0.00
  36 -1.055313122e+08 +1.10854043e+08 7.72e+02 2.9e+00 5.4e-02 0.674 0.716 0.00
  37 -1.055299470e+08 +1.10851312e+08 8.01e+02 2.6e+00 5.4e-02 0.674 0.716 0.00
  38 -1.055286708e+08 +1.10848760e+08 7.94e+02 2.3e+00 5.5e-02 0.674 0.716 0.00
  39 -1.055274645e+08 +1.10846347e+08 7.80e+02 2.0e+00 5.6e-02 0.673 0.716 0.00
  40 -1.055263155e+08 +1.10844049e+08 7.66e+02 1.9e+00 5.7e-02 0.673 0.716 0.00
  41 -1.055252095e+08 +1.10841837e+08 7.47e+02 1.8e+00 5.7e-02 0.672 0.716 0.00
  42 -1.055241375e+08 +1.10839693e+08 7.29e+02 1.7e+00 5.8e-02 0.672 0.716 0.00
  43 -1.055230913e+08 +1.10837601e+08 7.09e+02 1.7e+00 5.8e-02 0.671 0.716 0.00
  44 -1.055220630e+08 +1.10835544e+08 6.85e+02 1.6e+00 5.8e-02 0.671 0.716 0.00
  45 -1.055210456e+08 +1.10833509e+08 6.57e+02 1.5e+00 5.9e-02 0.671 0.716 0.00
  46 -1.055200337e+08 +1.10831486e+08 6.28e+02 1.4e+00 5.9e-02 0.670 0.716 0.00
  47 -1.055190250e+08 +1.10829468e+08 5.99e+02 1.4e+00 5.9e-02 0.669 0.716 0.00
  48 -1.055180199e+08 +1.10827458e+08 5.70e+02 1.5e+00 5.9e-02 0.669 0.716 0.00
  49 -1.055170197e+08 +1.10825458e+08 5.41e+02 1.5e+00 5.9e-02 0.668 0.716 0.00
  50 -1.055160272e+08 +1.10823473e+08 5.13e+02 1.6e+00 5.9e-02 0.668 0.716 0.00
  51 -1.055150431e+08 +1.10821504e+08 4.85e+02 1.7e+00 5.7e-02 0.667 0.716 0.00
  52 -1.055140686e+08 +1.10819555e+08 4.65e+02 1.7e+00 5.6e-02 0.666 0.716 0.00
  53 -1.055131064e+08 +1.10817631e+08 4.93e+02 1.9e+00 5.5e-02 0.666 0.716 0.00
  54 -1.055121597e+08 +1.10815738e+08 5.13e+02 2.0e+00 5.4e-02 0.665 0.716 0.00
  55 -1.055112295e+08 +1.10813877e+08 6.09e+02 2.1e+00 5.2e-02 0.665 0.716 0.00
  56 -1.055103182e+08 +1.10812055e+08 6.42e+02 2.2e+00 5.1e-02 0.664 0.716 0.00
  57 -1.055094270e+08 +1.10810272e+08 6.60e+02 2.2e+00 4.9e-02 0.663 0.715 0.00
  58 -1.055085592e+08 +1.10808537e+08 6.67e+02 2.3e+00 4.7e-02 0.662 0.715 0.00
  59 -1.055077187e+08 +1.10806856e+08 6.65e+02 2.3e+00 4.6e-02 0.662 0.715 0.00
  60 -1.055069073e+08 +1.10805233e+08 6.56e+02 2.3e+00 4.4e-02 0.661 0.715 0.00
  61 -1.055061261e+08 +1.10803670e+08 6.40e+02 2.3e+00 4.2e-02 0.661 0.715 0.00
  62 -1.055053759e+08 +1.10802170e+08 6.20e+02 2.2e+00 4.0e-02 0.661 0.715 0.00
  63 -1.055046584e+08 +1.10800735e+08 5.90e+02 2.2e+00 3.8e-02 0.660 0.715 0.00
  64 -1.055039744e+08 +1.10799367e+08 5.57e+02 2.1e+00 3.7e-02 0.660 0.715 0.00
  65 -1.055033238e+08 +1.10798066e+08 5.23e+02 2.0e+00 3.5e-02 0.660 0.715 0.00
  66 -1.055027052e+08 +1.10796829e+08 4.89e+02 1.9e+00 3.4e-02 0.660 0.715 0.00
  67 -1.055021176e+08 +1.10795653e+08 4.53e+02 1.8e+00 3.2e-02 0.659 0.715 0.00
  68 -1.055015594e+08 +1.10794537e+08 4.16e+02 1.7e+00 3.1e-02 0.659 0.715 0.00
  69 -1.055010295e+08 +1.10793477e+08 3.81e+02 1.6e+00 3.2e-02 0.659 0.715 0.00
  70 -1.055005260e+08 +1.10792470e+08 3.48e+02 1.5e+00 3.4e-02 0.659 0.715 0.00
  71 -1.055000448e+08 +1.10791508e+08 3.16e+02 1.4e+00 3.7e-02 0.658 0.714 0.00
  72 -1.054995809e+08 +1.10790580e+08 2.87e+02 1.4e+00 4.1e-02 0.658 0.714 0.00
  73 -1.054991299e+08 +1.10789678e+08 2.61e+02 1.3e+00 4.7e-02 0.658 0.714 0.00
  74 -1.054986889e+08 +1.10788796e+08 2.39e+02 1.3e+00 5.2e-02 0.658 0.714 0.00
  75 -1.054982582e+08 +1.10787934e+08 2.20e+02 1.3e+00 5.6e-02 0.658 0.714 0.00
  76 -1.054978399e+08 +1.10787098e+08 2.03e+02 1.2e+00 5.7e-02 0.657 0.714 0.00
  77 -1.054974367e+08 +1.10786292e+08 1.90e+02 1.2e+00 5.4e-02 0.657 0.714 0.00
  78 -1.054970513e+08 +1.10785521e+08 1.79e+02 1.2e+00 4.8e-02 0.657 0.714 0.00
  79 -1.054966845e+08 +1.10784787e+08 1.70e+02 1.2e+00 3.9e-02 0.657 0.714 0.00
  80 -1.054963357e+08 +1.10784090e+08 1.63e+02 1.1e+00 3.1e-02 0.657 0.714 0.00
  81 -1.054960027e+08 +1.10783424e+08 1.56e+02 1.1e+00 2.6e-02 0.657 0.714 0.00
  82 -1.054956829e+08 +1.10782784e+08 1.50e+02 1.1e+00 2.3e-02 0.657 0.714 0.00
  83 -1.054953741e+08 +1.10782166e+08 1.46e+02 1.1e+00 2.1e-02 0.657 0.714 0.00
  84 -1.054950753e+08 +1.10781569e+08 1.42e+02 1.1e+00 2.1e-02 0.657 0.714 0.00
  85 -1.054947857e+08 +1.10780990e+08 1.40e+02 1.0e+00 2.0e-02 0.657 0.714 0.00
  86 -1.054945036e+08 +1.10780425e+08 1.40e+02 1.0e+00 2.0e-02 0.657 0.714 0.00
  87 -1.054942271e+08 +1.10779872e+08 1.41e+02 1.0e+00 2.0e-02 0.657 0.714 0.00
  88 -1.054939547e+08 +1.10779328e+08 1.42e+02 1.0e+00 1.9e-02 0.657 0.713 0.00
  89 -1.054936851e+08 +1.10778788e+08 1.43e+02 1.0e+00 1.9e-02 0.657 0.713 0.00
  90 -1.054934173e+08 +1.10778253e+08 1.47e+02 1.0e+00 1.8e-02 0.658 0.713 0.00
  91 -1.054931507e+08 +1.10777720e+08 1.50e+02 1.0e+00 1.8e-02 0.658 0.713 0.00
  92 -1.054928841e+08 +1.10777186e+08 1.54e+02 1.0e+00 1.8e-02 0.658 0.713 0.00
  93 -1.054926165e+08 +1.10776651e+08 1.56e+02 1.0e+00 1.7e-02 0.658 0.713 0.00
  94 -1.054923469e+08 +1.10776112e+08 1.59e+02 1.1e+00 1.7e-02 0.658 0.713 0.00
  95 -1.054920742e+08 +1.10775567e+08 1.61e+02 1.1e+00 2.0e-02 0.658 0.713 0.00
  96 -1.054917975e+08 +1.10775013e+08 1.62e+02 1.1e+00 1.9e-02 0.658 0.713 0.00
  97 -1.054915153e+08 +1.10774449e+08 1.63e+02 1.1e+00 1.9e-02 0.658 0.713 0.00
  98 -1.054912260e+08 +1.10773870e+08 1.64e+02 1.1e+00 2.0e-02 0.658 0.713 0.00
  99 -1.054909276e+08 +1.10773273e+08 1.66e+02 1.2e+00 2.0e-02 0.658 0.713 0.00
 100 -1.054906233e+08 +1.10772665e+08 1.67e+02 1.2e+00 2.0e-02 0.658 0.713 0.00
> saveRDS(fit, file=paste0("../data/gom-data/topics",clustnum,".human.log.indv-cell.int19k.reg-",data.source,".rds"))
> 
> 
> #Run analyses for chimp data
> print("Loading chimp data")
[1] "Loading chimp data"
> 
> #Load data
> scrna <- paste0("../data/cellranger-data-full/data.filter.log.indv-cell.int19k.reg-",data.source,".rds")
> data <- readRDS(scrna)
> data <- subset(data, subset=Species=="Chimp")
> 
> #Prepare data (unintegrated count data)
> counts <- as.matrix(data@assays$RNA@counts) #do not use integrated data
> counts <- counts[rowSums(counts>0)>0,]      #remove genes with 0 counts across cells
> counts <- t(as.matrix(counts))              #fix matrix orientation (barcodes x features)
> rm(data)
> 
> #Fit fastTopics model and save data
> fit <- fit_poisson_nmf(counts, k=clustnum, numiter=100)
Using 4 RcppParallel threads.
Initializing factors using Topic SCORE algorithm.
Initializing loadings by running 10 SCD updates.
Using 4 RcppParallel threads.
Fitting rank-10 Poisson NMF to 14586 x 16722 dense matrix.
Running 100 SCD updates, without extrapolation (fastTopics 0.3-185).
iter   log-likelihood        deviance res(KKT)  |F-F'|  |L-L'| nz(F) nz(L) beta
   1 -1.294515562e+08 +1.50917516e+08 9.95e+03 2.5e+02 1.4e+00 0.597 0.709 0.00
   2 -1.234797074e+08 +1.38973819e+08 3.12e+04 7.5e+01 2.5e+00 0.615 0.789 0.00
   3 -1.222390664e+08 +1.36492536e+08 6.28e+03 6.6e+01 7.2e-01 0.599 0.733 0.00
   4 -1.216208132e+08 +1.35256030e+08 2.55e+03 2.5e+01 5.4e-01 0.613 0.747 0.00
   5 -1.211940248e+08 +1.34402453e+08 1.86e+03 3.5e+01 6.2e-01 0.630 0.737 0.00
   6 -1.208732696e+08 +1.33760943e+08 2.00e+03 4.0e+01 7.2e-01 0.643 0.728 0.00
   7 -1.206439887e+08 +1.33302381e+08 2.04e+03 3.7e+01 6.8e-01 0.654 0.716 0.00
   8 -1.204933071e+08 +1.33001018e+08 1.69e+03 2.5e+01 6.3e-01 0.662 0.709 0.00
   9 -1.203865304e+08 +1.32787464e+08 1.18e+03 1.8e+01 5.6e-01 0.669 0.704 0.00
  10 -1.203098071e+08 +1.32634018e+08 7.88e+02 1.8e+01 6.0e-01 0.674 0.697 0.00
  11 -1.202565876e+08 +1.32527579e+08 5.56e+02 1.4e+01 5.1e-01 0.678 0.692 0.00
  12 -1.202187503e+08 +1.32451904e+08 4.09e+02 8.8e+00 3.9e-01 0.681 0.686 0.00
  13 -1.201905712e+08 +1.32395546e+08 3.20e+02 7.3e+00 2.7e-01 0.684 0.681 0.00
  14 -1.201688596e+08 +1.32352123e+08 2.98e+02 6.3e+00 2.6e-01 0.686 0.676 0.00
  15 -1.201517453e+08 +1.32317894e+08 2.74e+02 5.3e+00 2.8e-01 0.687 0.673 0.00
  16 -1.201382554e+08 +1.32290915e+08 2.52e+02 4.4e+00 1.5e-01 0.689 0.671 0.00
  17 -1.201274555e+08 +1.32269315e+08 2.31e+02 3.6e+00 1.2e-01 0.690 0.669 0.00
  18 -1.201186892e+08 +1.32251782e+08 2.11e+02 3.0e+00 1.2e-01 0.691 0.668 0.00
  19 -1.201114992e+08 +1.32237402e+08 1.93e+02 2.8e+00 1.1e-01 0.692 0.667 0.00
  20 -1.201055744e+08 +1.32225552e+08 1.76e+02 2.6e+00 9.7e-02 0.693 0.667 0.00
  21 -1.201006816e+08 +1.32215767e+08 1.69e+02 2.4e+00 9.0e-02 0.694 0.666 0.00
  22 -1.200966505e+08 +1.32207705e+08 1.64e+02 2.2e+00 8.3e-02 0.694 0.666 0.00
  23 -1.200933257e+08 +1.32201055e+08 1.58e+02 2.1e+00 7.7e-02 0.695 0.665 0.00
  24 -1.200905871e+08 +1.32195578e+08 1.51e+02 1.9e+00 7.1e-02 0.696 0.665 0.00
  25 -1.200883317e+08 +1.32191067e+08 1.44e+02 1.8e+00 6.5e-02 0.696 0.664 0.00
  26 -1.200864752e+08 +1.32187354e+08 1.37e+02 1.7e+00 6.0e-02 0.697 0.664 0.00
  27 -1.200849479e+08 +1.32184300e+08 1.31e+02 1.5e+00 5.5e-02 0.697 0.663 0.00
  28 -1.200836917e+08 +1.32181787e+08 1.25e+02 1.4e+00 5.1e-02 0.697 0.663 0.00
  29 -1.200826548e+08 +1.32179713e+08 1.19e+02 1.4e+00 4.6e-02 0.698 0.663 0.00
  30 -1.200817933e+08 +1.32177990e+08 1.13e+02 1.3e+00 4.2e-02 0.698 0.663 0.00
  31 -1.200810726e+08 +1.32176549e+08 1.08e+02 1.2e+00 3.9e-02 0.698 0.662 0.00
  32 -1.200804659e+08 +1.32175335e+08 1.03e+02 1.1e+00 3.5e-02 0.698 0.662 0.00
  33 -1.200799504e+08 +1.32174305e+08 9.90e+01 1.1e+00 3.3e-02 0.698 0.662 0.00
  34 -1.200795074e+08 +1.32173419e+08 9.50e+01 1.0e+00 3.0e-02 0.699 0.662 0.00
  35 -1.200791221e+08 +1.32172648e+08 9.14e+01 9.8e-01 2.8e-02 0.699 0.662 0.00
  36 -1.200787838e+08 +1.32171971e+08 8.80e+01 9.3e-01 2.6e-02 0.699 0.661 0.00
  37 -1.200784837e+08 +1.32171371e+08 8.50e+01 8.9e-01 2.4e-02 0.699 0.661 0.00
  38 -1.200782154e+08 +1.32170834e+08 8.22e+01 8.6e-01 2.3e-02 0.699 0.661 0.00
  39 -1.200779739e+08 +1.32170351e+08 7.96e+01 8.3e-01 2.1e-02 0.699 0.661 0.00
  40 -1.200777548e+08 +1.32169913e+08 7.72e+01 8.0e-01 2.0e-02 0.699 0.661 0.00
  41 -1.200775552e+08 +1.32169514e+08 7.51e+01 7.7e-01 1.9e-02 0.699 0.661 0.00
  42 -1.200773728e+08 +1.32169149e+08 7.31e+01 7.5e-01 1.8e-02 0.699 0.661 0.00
  43 -1.200772061e+08 +1.32168816e+08 7.11e+01 7.2e-01 1.7e-02 0.699 0.661 0.00
  44 -1.200770530e+08 +1.32168510e+08 6.91e+01 7.0e-01 1.6e-02 0.699 0.661 0.00
  45 -1.200769120e+08 +1.32168228e+08 6.72e+01 6.8e-01 1.5e-02 0.699 0.661 0.00
  46 -1.200767816e+08 +1.32167967e+08 6.55e+01 6.6e-01 1.4e-02 0.699 0.661 0.00
  47 -1.200766610e+08 +1.32167726e+08 6.39e+01 6.4e-01 1.3e-02 0.699 0.661 0.00
  48 -1.200765491e+08 +1.32167502e+08 6.23e+01 6.2e-01 1.2e-02 0.699 0.661 0.00
  49 -1.200764452e+08 +1.32167294e+08 6.08e+01 6.1e-01 1.2e-02 0.699 0.661 0.00
  50 -1.200763500e+08 +1.32167104e+08 5.92e+01 5.9e-01 1.1e-02 0.699 0.661 0.00
  51 -1.200762635e+08 +1.32166931e+08 5.76e+01 5.8e-01 1.0e-02 0.699 0.661 0.00
  52 -1.200761845e+08 +1.32166773e+08 5.60e+01 5.6e-01 9.2e-03 0.699 0.661 0.00
  53 -1.200761120e+08 +1.32166628e+08 5.45e+01 5.5e-01 8.4e-03 0.699 0.661 0.00
  54 -1.200760452e+08 +1.32166494e+08 5.30e+01 5.3e-01 7.7e-03 0.699 0.661 0.00
  55 -1.200759838e+08 +1.32166371e+08 5.16e+01 5.2e-01 7.1e-03 0.699 0.661 0.00
  56 -1.200759274e+08 +1.32166259e+08 5.01e+01 5.1e-01 6.5e-03 0.700 0.661 0.00
  57 -1.200758756e+08 +1.32166155e+08 4.86e+01 4.9e-01 5.9e-03 0.700 0.661 0.00
  58 -1.200758276e+08 +1.32166059e+08 4.72e+01 4.8e-01 5.8e-03 0.700 0.661 0.00
  59 -1.200757831e+08 +1.32165970e+08 4.58e+01 4.6e-01 5.7e-03 0.700 0.661 0.00
  60 -1.200757415e+08 +1.32165887e+08 4.45e+01 4.5e-01 5.6e-03 0.700 0.661 0.00
  61 -1.200757026e+08 +1.32165809e+08 4.33e+01 4.4e-01 5.5e-03 0.700 0.661 0.00
  62 -1.200756660e+08 +1.32165736e+08 4.21e+01 4.3e-01 5.5e-03 0.700 0.661 0.00
  63 -1.200756315e+08 +1.32165667e+08 4.11e+01 4.2e-01 5.4e-03 0.700 0.661 0.00
  64 -1.200755986e+08 +1.32165601e+08 4.02e+01 4.1e-01 5.4e-03 0.700 0.661 0.00
  65 -1.200755672e+08 +1.32165538e+08 3.94e+01 4.0e-01 5.3e-03 0.700 0.661 0.00
  66 -1.200755370e+08 +1.32165478e+08 3.86e+01 3.9e-01 5.3e-03 0.700 0.661 0.00
  67 -1.200755079e+08 +1.32165419e+08 3.78e+01 3.9e-01 5.3e-03 0.700 0.661 0.00
  68 -1.200754799e+08 +1.32165363e+08 3.71e+01 3.8e-01 5.3e-03 0.700 0.661 0.00
  69 -1.200754530e+08 +1.32165310e+08 3.62e+01 3.7e-01 5.3e-03 0.700 0.661 0.00
  70 -1.200754270e+08 +1.32165258e+08 3.53e+01 3.6e-01 5.5e-03 0.700 0.661 0.00
  71 -1.200754016e+08 +1.32165207e+08 3.44e+01 3.5e-01 5.8e-03 0.700 0.661 0.00
  72 -1.200753764e+08 +1.32165156e+08 3.36e+01 3.4e-01 6.1e-03 0.700 0.661 0.00
  73 -1.200753512e+08 +1.32165106e+08 3.29e+01 3.3e-01 6.5e-03 0.700 0.661 0.00
  74 -1.200753255e+08 +1.32165055e+08 3.23e+01 3.3e-01 6.9e-03 0.700 0.661 0.00
  75 -1.200752992e+08 +1.32165002e+08 3.17e+01 3.2e-01 7.4e-03 0.700 0.661 0.00
  76 -1.200752715e+08 +1.32164947e+08 3.12e+01 3.3e-01 8.0e-03 0.700 0.661 0.00
  77 -1.200752421e+08 +1.32164888e+08 3.07e+01 3.5e-01 8.6e-03 0.700 0.661 0.00
  78 -1.200752102e+08 +1.32164824e+08 3.04e+01 3.8e-01 9.4e-03 0.700 0.661 0.00
  79 -1.200751750e+08 +1.32164754e+08 3.02e+01 4.1e-01 1.0e-02 0.700 0.661 0.00
  80 -1.200751354e+08 +1.32164674e+08 3.00e+01 4.5e-01 1.1e-02 0.700 0.661 0.00
  81 -1.200750898e+08 +1.32164583e+08 3.11e+01 5.0e-01 1.2e-02 0.700 0.661 0.00
  82 -1.200750364e+08 +1.32164477e+08 3.43e+01 5.5e-01 1.4e-02 0.700 0.661 0.00
  83 -1.200749723e+08 +1.32164348e+08 3.82e+01 6.1e-01 1.6e-02 0.700 0.661 0.00
  84 -1.200748938e+08 +1.32164191e+08 4.27e+01 6.8e-01 1.8e-02 0.700 0.662 0.00
  85 -1.200747956e+08 +1.32163995e+08 4.82e+01 7.7e-01 2.0e-02 0.699 0.662 0.00
  86 -1.200746693e+08 +1.32163742e+08 5.49e+01 8.8e-01 2.3e-02 0.699 0.662 0.00
  87 -1.200745028e+08 +1.32163409e+08 6.32e+01 1.0e+00 2.7e-02 0.699 0.662 0.00
  88 -1.200742773e+08 +1.32162958e+08 7.35e+01 1.2e+00 3.2e-02 0.699 0.662 0.00
  89 -1.200739633e+08 +1.32162330e+08 8.63e+01 1.4e+00 3.8e-02 0.699 0.662 0.00
  90 -1.200735111e+08 +1.32161426e+08 1.03e+02 1.6e+00 4.5e-02 0.699 0.662 0.00
  91 -1.200728332e+08 +1.32160070e+08 1.24e+02 2.0e+00 5.5e-02 0.699 0.662 0.00
  92 -1.200717770e+08 +1.32157958e+08 1.51e+02 2.4e+00 6.8e-02 0.699 0.661 0.00
  93 -1.200700679e+08 +1.32154540e+08 1.85e+02 3.1e+00 8.6e-02 0.699 0.661 0.00
  94 -1.200672057e+08 +1.32148815e+08 2.24e+02 3.9e+00 1.1e-01 0.699 0.662 0.00
  95 -1.200622640e+08 +1.32138932e+08 2.59e+02 4.9e+00 1.4e-01 0.699 0.662 0.00
  96 -1.200536338e+08 +1.32121671e+08 2.67e+02 6.0e+00 1.9e-01 0.698 0.662 0.00
  97 -1.200387023e+08 +1.32091808e+08 3.54e+02 6.9e+00 2.5e-01 0.698 0.662 0.00
  98 -1.200131828e+08 +1.32040769e+08 6.77e+02 9.3e+00 3.3e-01 0.698 0.662 0.00
  99 -1.199725988e+08 +1.31959601e+08 1.17e+03 1.3e+01 4.1e-01 0.698 0.661 0.00
 100 -1.199135282e+08 +1.31841460e+08 1.57e+03 1.6e+01 4.3e-01 0.698 0.660 0.00
Warning message:
Quick-TRANSfer stage steps exceeded maximum (= 836100) 
> saveRDS(fit, file=paste0("../data/gom-data/topics",clustnum,".chimp.log.indv-cell.int19k.reg-",data.source,".rds"))
> 
> proc.time()
     user    system   elapsed 
26497.556  1501.373 11871.312 
