
R version 3.6.1 (2019-07-05) -- "Action of the Toes"
Copyright (C) 2019 The R Foundation for Statistical Computing
Platform: x86_64-pc-linux-gnu (64-bit)

R is free software and comes with ABSOLUTELY NO WARRANTY.
You are welcome to redistribute it under certain conditions.
Type 'license()' or 'licence()' for distribution details.

R is a collaborative project with many contributors.
Type 'contributors()' for more information and
'citation()' on how to cite R or R packages in publications.

Type 'demo()' for some demos, 'help()' for on-line help, or
'help.start()' for an HTML browser interface to help.
Type 'q()' to quit R.

> #Read in command line arguments as list of character vectors
> args=(commandArgs(TRUE))
> 
> #Check if arguments are passed and cycle through to evaluate each element
> if(length(args)==0){
+   print("No arguments supplied.")
+   #supply default values
+   clustnum=3
+   data.source="tot"
+ }else{
+   for(i in 1:length(args)){
+     eval(parse(text=args[[i]]))
+   }
+ }
> print(paste0("k: ",clustnum))
[1] "k: 15"
> print(paste0("data source: ",data.source))
[1] "data source: tot"
> 
> #Load libraries
> library(Seurat)
> library(CountClust)
Loading required package: ggplot2
> library(classtpx)
Loading required package: slam
> library(fastTopics)
> 
> 
> #Run analyses for human data
> print("Loading human data")
[1] "Loading human data"
> 
> #Load data
> scrna <- paste0("../data/cellranger-data-full/data.filter.log.indv-cell.int19k.reg-",data.source,".rds")
> data <- readRDS(scrna)
> data <- subset(data, subset=Species=="Human")
> 
> #Prepare data (unintegrated count data)
> counts <- as.matrix(data@assays$RNA@counts) #do not use integrated data
> counts <- counts[rowSums(counts>0)>0,]      #remove genes with 0 counts across cells
> counts <- t(as.matrix(counts))              #fix matrix orientation (barcodes x features)
> rm(data)
> 
> #Fit fastTopics model and save data
> fit <- fit_poisson_nmf(counts, k=clustnum, numiter=100)
Using 4 RcppParallel threads.
Initializing factors using Topic SCORE algorithm.
Initializing loadings by running 10 SCD updates.
Using 4 RcppParallel threads.
Fitting rank-15 Poisson NMF to 47972 x 18142 dense matrix.
Running 100 SCD updates, without extrapolation (fastTopics 0.3-185).
iter   log-likelihood        deviance res(KKT)  |F-F'|  |L-L'| nz(F) nz(L) beta
   1 -5.188157718e+08 +5.51407946e+08 7.83e+04 4.1e+02 3.3e+00 0.618 0.528 0.00
   2 -5.046952720e+08 +5.23166946e+08 2.82e+04 1.1e+02 3.3e+00 0.601 0.657 0.00
   3 -5.004545086e+08 +5.14685420e+08 2.69e+04 1.0e+02 2.0e+00 0.609 0.647 0.00
   4 -4.981667891e+08 +5.10109980e+08 1.38e+04 8.5e+01 1.4e+00 0.622 0.647 0.00
   5 -4.967897526e+08 +5.07355907e+08 1.14e+04 3.6e+01 8.8e-01 0.634 0.642 0.00
   6 -4.958828887e+08 +5.05542180e+08 7.56e+03 1.9e+01 7.5e-01 0.643 0.637 0.00
   7 -4.952516500e+08 +5.04279702e+08 5.12e+03 1.2e+01 6.7e-01 0.650 0.632 0.00
   8 -4.948126778e+08 +5.03401758e+08 3.07e+03 1.0e+01 5.5e-01 0.656 0.628 0.00
   9 -4.945108265e+08 +5.02798055e+08 2.33e+03 9.9e+00 5.0e-01 0.659 0.625 0.00
  10 -4.943045919e+08 +5.02385586e+08 1.85e+03 8.7e+00 4.4e-01 0.662 0.622 0.00
  11 -4.941639013e+08 +5.02104205e+08 2.23e+03 7.9e+00 3.6e-01 0.664 0.620 0.00
  12 -4.940620977e+08 +5.01900598e+08 2.74e+03 9.1e+00 2.9e-01 0.666 0.617 0.00
  13 -4.939831409e+08 +5.01742684e+08 3.16e+03 1.0e+01 2.4e-01 0.668 0.615 0.00
  14 -4.939174192e+08 +5.01611241e+08 3.57e+03 1.1e+01 2.1e-01 0.669 0.613 0.00
  15 -4.938591949e+08 +5.01494792e+08 3.69e+03 1.2e+01 1.8e-01 0.669 0.612 0.00
  16 -4.938048071e+08 +5.01386016e+08 3.67e+03 1.3e+01 1.9e-01 0.670 0.611 0.00
  17 -4.937517101e+08 +5.01279823e+08 3.79e+03 1.4e+01 2.0e-01 0.670 0.611 0.00
  18 -4.936977595e+08 +5.01171921e+08 3.62e+03 1.5e+01 2.2e-01 0.671 0.610 0.00
  19 -4.936412192e+08 +5.01058841e+08 3.43e+03 1.6e+01 2.3e-01 0.671 0.610 0.00
  20 -4.935809519e+08 +5.00938306e+08 3.07e+03 1.6e+01 2.7e-01 0.671 0.610 0.00
  21 -4.935168892e+08 +5.00810181e+08 3.24e+03 1.7e+01 3.0e-01 0.671 0.610 0.00
  22 -4.934501991e+08 +5.00676801e+08 3.46e+03 1.7e+01 3.1e-01 0.671 0.610 0.00
  23 -4.933827483e+08 +5.00541899e+08 3.51e+03 1.5e+01 3.2e-01 0.671 0.610 0.00
  24 -4.933149900e+08 +5.00406382e+08 3.35e+03 1.2e+01 3.1e-01 0.672 0.610 0.00
  25 -4.932467886e+08 +5.00269979e+08 3.00e+03 8.4e+00 2.7e-01 0.672 0.609 0.00
  26 -4.931751978e+08 +5.00126798e+08 2.57e+03 7.0e+00 2.5e-01 0.672 0.609 0.00
  27 -4.930897597e+08 +4.99955922e+08 2.20e+03 7.9e+00 2.4e-01 0.673 0.609 0.00
  28 -4.929615141e+08 +4.99699431e+08 1.90e+03 9.3e+00 3.6e-01 0.674 0.610 0.00
  29 -4.927478793e+08 +4.99272161e+08 1.56e+03 1.2e+01 6.2e-01 0.675 0.611 0.00
  30 -4.924347384e+08 +4.98645879e+08 1.58e+03 1.4e+01 5.7e-01 0.677 0.614 0.00
  31 -4.920942145e+08 +4.97964831e+08 1.94e+03 1.4e+01 8.1e-01 0.679 0.617 0.00
  32 -4.918293950e+08 +4.97435192e+08 1.49e+03 1.1e+01 9.7e-01 0.681 0.618 0.00
  33 -4.916529144e+08 +4.97082231e+08 1.26e+03 8.2e+00 8.5e-01 0.682 0.615 0.00
  34 -4.915410348e+08 +4.96858472e+08 1.10e+03 5.6e+00 7.5e-01 0.683 0.612 0.00
  35 -4.914700043e+08 +4.96716411e+08 1.20e+03 3.8e+00 6.0e-01 0.684 0.609 0.00
  36 -4.914237816e+08 +4.96623966e+08 1.25e+03 3.2e+00 4.6e-01 0.685 0.607 0.00
  37 -4.913928521e+08 +4.96562106e+08 1.26e+03 3.1e+00 3.5e-01 0.686 0.606 0.00
  38 -4.913706288e+08 +4.96517660e+08 1.22e+03 3.0e+00 2.7e-01 0.686 0.605 0.00
  39 -4.913531082e+08 +4.96482619e+08 1.16e+03 3.0e+00 2.1e-01 0.687 0.604 0.00
  40 -4.913381548e+08 +4.96452712e+08 1.10e+03 2.9e+00 1.7e-01 0.687 0.604 0.00
  41 -4.913247922e+08 +4.96425987e+08 1.05e+03 2.9e+00 1.4e-01 0.687 0.603 0.00
  42 -4.913124867e+08 +4.96401376e+08 1.00e+03 2.9e+00 1.2e-01 0.688 0.603 0.00
  43 -4.913009667e+08 +4.96378336e+08 1.24e+03 3.0e+00 1.1e-01 0.688 0.603 0.00
  44 -4.912900533e+08 +4.96356509e+08 1.13e+03 3.0e+00 1.0e-01 0.689 0.603 0.00
  45 -4.912796060e+08 +4.96335614e+08 1.07e+03 3.0e+00 9.3e-02 0.689 0.603 0.00
  46 -4.912695233e+08 +4.96315449e+08 9.10e+02 3.0e+00 9.4e-02 0.689 0.603 0.00
  47 -4.912597479e+08 +4.96295898e+08 7.91e+02 3.0e+00 9.4e-02 0.690 0.603 0.00
  48 -4.912502618e+08 +4.96276926e+08 7.50e+02 3.0e+00 9.5e-02 0.690 0.603 0.00
  49 -4.912410712e+08 +4.96258545e+08 7.23e+02 2.9e+00 9.7e-02 0.690 0.603 0.00
  50 -4.912321940e+08 +4.96240790e+08 6.97e+02 2.8e+00 9.8e-02 0.690 0.603 0.00
  51 -4.912236410e+08 +4.96223684e+08 6.70e+02 2.8e+00 9.8e-02 0.691 0.603 0.00
  52 -4.912154428e+08 +4.96207288e+08 6.45e+02 2.7e+00 9.7e-02 0.691 0.603 0.00
  53 -4.912076384e+08 +4.96191679e+08 6.18e+02 2.6e+00 9.5e-02 0.691 0.603 0.00
  54 -4.912002700e+08 +4.96176942e+08 5.92e+02 2.6e+00 9.3e-02 0.692 0.603 0.00
  55 -4.911933668e+08 +4.96163136e+08 5.65e+02 2.5e+00 9.0e-02 0.692 0.603 0.00
  56 -4.911869314e+08 +4.96150265e+08 5.38e+02 2.4e+00 8.6e-02 0.692 0.603 0.00
  57 -4.911809608e+08 +4.96138324e+08 4.91e+02 2.2e+00 8.3e-02 0.692 0.604 0.00
  58 -4.911754537e+08 +4.96127310e+08 4.65e+02 2.1e+00 7.9e-02 0.693 0.604 0.00
  59 -4.911704037e+08 +4.96117210e+08 4.40e+02 2.0e+00 7.5e-02 0.693 0.604 0.00
  60 -4.911657925e+08 +4.96107987e+08 4.15e+02 1.8e+00 7.1e-02 0.693 0.604 0.00
  61 -4.911616015e+08 +4.96099605e+08 3.91e+02 1.7e+00 6.6e-02 0.693 0.604 0.00
  62 -4.911578052e+08 +4.96092013e+08 3.67e+02 1.6e+00 6.2e-02 0.693 0.604 0.00
  63 -4.911543678e+08 +4.96085138e+08 3.44e+02 1.5e+00 5.8e-02 0.693 0.605 0.00
  64 -4.911512548e+08 +4.96078912e+08 3.24e+02 1.4e+00 5.5e-02 0.693 0.605 0.00
  65 -4.911484397e+08 +4.96073282e+08 3.06e+02 1.3e+00 5.1e-02 0.693 0.605 0.00
  66 -4.911458986e+08 +4.96068199e+08 2.87e+02 1.2e+00 4.8e-02 0.693 0.605 0.00
  67 -4.911436084e+08 +4.96063619e+08 2.70e+02 1.1e+00 4.5e-02 0.693 0.605 0.00
  68 -4.911415426e+08 +4.96059487e+08 2.53e+02 1.0e+00 4.2e-02 0.693 0.605 0.00
  69 -4.911396799e+08 +4.96055762e+08 2.39e+02 9.7e-01 3.9e-02 0.693 0.605 0.00
  70 -4.911379985e+08 +4.96052399e+08 2.25e+02 9.1e-01 3.6e-02 0.693 0.605 0.00
  71 -4.911364799e+08 +4.96049362e+08 2.13e+02 8.5e-01 3.3e-02 0.693 0.606 0.00
  72 -4.911351079e+08 +4.96046618e+08 2.01e+02 8.0e-01 3.1e-02 0.693 0.606 0.00
  73 -4.911338671e+08 +4.96044137e+08 1.89e+02 7.5e-01 2.9e-02 0.694 0.606 0.00
  74 -4.911327430e+08 +4.96041888e+08 1.78e+02 7.0e-01 2.7e-02 0.694 0.606 0.00
  75 -4.911317233e+08 +4.96039849e+08 1.67e+02 6.6e-01 2.5e-02 0.694 0.606 0.00
  76 -4.911307966e+08 +4.96037995e+08 1.57e+02 6.2e-01 2.3e-02 0.694 0.606 0.00
  77 -4.911299513e+08 +4.96036305e+08 1.49e+02 5.9e-01 2.2e-02 0.694 0.606 0.00
  78 -4.911291790e+08 +4.96034760e+08 1.41e+02 5.7e-01 2.0e-02 0.694 0.606 0.00
  79 -4.911284720e+08 +4.96033346e+08 1.34e+02 5.6e-01 1.9e-02 0.694 0.606 0.00
  80 -4.911278228e+08 +4.96032048e+08 1.26e+02 5.4e-01 1.8e-02 0.694 0.606 0.00
  81 -4.911272256e+08 +4.96030853e+08 1.20e+02 5.3e-01 1.7e-02 0.694 0.606 0.00
  82 -4.911266751e+08 +4.96029752e+08 1.13e+02 5.2e-01 1.6e-02 0.694 0.606 0.00
  83 -4.911261669e+08 +4.96028736e+08 1.07e+02 5.1e-01 1.5e-02 0.694 0.606 0.00
  84 -4.911256970e+08 +4.96027796e+08 1.01e+02 4.9e-01 1.4e-02 0.694 0.606 0.00
  85 -4.911252618e+08 +4.96026926e+08 9.47e+01 4.8e-01 1.3e-02 0.694 0.606 0.00
  86 -4.911248579e+08 +4.96026118e+08 8.91e+01 4.7e-01 1.3e-02 0.694 0.606 0.00
  87 -4.911244822e+08 +4.96025367e+08 8.40e+01 4.5e-01 1.3e-02 0.694 0.606 0.00
  88 -4.911241321e+08 +4.96024666e+08 7.91e+01 4.4e-01 1.2e-02 0.694 0.606 0.00
  89 -4.911238053e+08 +4.96024013e+08 7.45e+01 4.2e-01 1.2e-02 0.694 0.606 0.00
  90 -4.911234996e+08 +4.96023401e+08 7.18e+01 4.1e-01 1.1e-02 0.694 0.606 0.00
  91 -4.911232130e+08 +4.96022828e+08 6.99e+01 4.0e-01 1.1e-02 0.694 0.606 0.00
  92 -4.911229438e+08 +4.96022290e+08 6.81e+01 3.8e-01 1.0e-02 0.694 0.606 0.00
  93 -4.911226909e+08 +4.96021784e+08 6.67e+01 3.7e-01 1.0e-02 0.694 0.606 0.00
  94 -4.911224529e+08 +4.96021308e+08 6.51e+01 3.5e-01 9.6e-03 0.694 0.606 0.00
  95 -4.911222292e+08 +4.96020861e+08 6.36e+01 3.4e-01 9.2e-03 0.694 0.606 0.00
  96 -4.911220199e+08 +4.96020442e+08 6.28e+01 3.2e-01 8.7e-03 0.694 0.606 0.00
  97 -4.911218233e+08 +4.96020049e+08 6.16e+01 3.1e-01 8.3e-03 0.694 0.606 0.00
  98 -4.911216382e+08 +4.96019679e+08 6.00e+01 2.9e-01 8.0e-03 0.694 0.606 0.00
  99 -4.911214635e+08 +4.96019329e+08 5.83e+01 2.8e-01 7.7e-03 0.694 0.606 0.00
 100 -4.911212984e+08 +4.96018999e+08 5.63e+01 2.6e-01 7.3e-03 0.694 0.606 0.00
> saveRDS(fit, file=paste0("../data/gom-data/topics",clustnum,".human.log.indv-cell.int19k.reg-",data.source,".rds"))
> 
> 
> #Run analyses for chimp data
> print("Loading chimp data")
[1] "Loading chimp data"
> 
> #Load data
> scrna <- paste0("../data/cellranger-data-full/data.filter.log.indv-cell.int19k.reg-",data.source,".rds")
> data <- readRDS(scrna)
> data <- subset(data, subset=Species=="Chimp")
> 
> #Prepare data (unintegrated count data)
> counts <- as.matrix(data@assays$RNA@counts) #do not use integrated data
> counts <- counts[rowSums(counts>0)>0,]      #remove genes with 0 counts across cells
> counts <- t(as.matrix(counts))              #fix matrix orientation (barcodes x features)
> rm(data)
> 
> #Fit fastTopics model and save data
> fit <- fit_poisson_nmf(counts, k=clustnum, numiter=100)
Using 4 RcppParallel threads.
Initializing factors using Topic SCORE algorithm.
Initializing loadings by running 10 SCD updates.
Using 4 RcppParallel threads.
Fitting rank-15 Poisson NMF to 53562 x 18072 dense matrix.
Running 100 SCD updates, without extrapolation (fastTopics 0.3-185).
iter   log-likelihood        deviance res(KKT)  |F-F'|  |L-L'| nz(F) nz(L) beta
   1 -5.375710503e+08 +5.74363806e+08 7.32e+04 2.3e+02 2.0e+00 0.639 0.489 0.00
   2 -5.220447587e+08 +5.43311223e+08 8.54e+04 1.2e+02 3.4e+00 0.627 0.593 0.00
   3 -5.179211287e+08 +5.35063963e+08 9.94e+04 9.9e+01 2.6e+00 0.643 0.566 0.00
   4 -5.159421268e+08 +5.31105959e+08 3.10e+04 6.2e+01 2.0e+00 0.656 0.553 0.00
   5 -5.148275467e+08 +5.28876799e+08 2.57e+04 1.9e+01 1.3e+00 0.665 0.544 0.00
   6 -5.141854322e+08 +5.27592570e+08 2.42e+04 1.8e+01 9.2e-01 0.670 0.537 0.00
   7 -5.137711585e+08 +5.26764022e+08 2.03e+04 1.6e+01 5.6e-01 0.674 0.534 0.00
   8 -5.134756846e+08 +5.26173075e+08 1.53e+04 1.6e+01 4.8e-01 0.677 0.532 0.00
   9 -5.132552583e+08 +5.25732222e+08 1.23e+04 1.5e+01 4.3e-01 0.679 0.531 0.00
  10 -5.130861084e+08 +5.25393922e+08 9.84e+03 1.3e+01 3.8e-01 0.681 0.530 0.00
  11 -5.129555560e+08 +5.25132817e+08 7.85e+03 1.1e+01 3.3e-01 0.684 0.529 0.00
  12 -5.128556108e+08 +5.24932927e+08 7.14e+03 9.2e+00 2.8e-01 0.685 0.527 0.00
  13 -5.127778526e+08 +5.24777411e+08 1.08e+04 7.8e+00 2.1e-01 0.686 0.526 0.00
  14 -5.127162056e+08 +5.24654117e+08 1.25e+04 6.8e+00 1.6e-01 0.688 0.524 0.00
  15 -5.126661213e+08 +5.24553948e+08 1.29e+04 6.2e+00 1.3e-01 0.688 0.523 0.00
  16 -5.126240175e+08 +5.24469740e+08 1.27e+04 6.3e+00 1.3e-01 0.689 0.522 0.00
  17 -5.125876932e+08 +5.24397092e+08 1.21e+04 6.2e+00 1.3e-01 0.689 0.522 0.00
  18 -5.125556869e+08 +5.24333079e+08 1.14e+04 6.1e+00 1.2e-01 0.689 0.521 0.00
  19 -5.125271345e+08 +5.24275974e+08 1.07e+04 6.0e+00 1.1e-01 0.689 0.522 0.00
  20 -5.125015553e+08 +5.24224816e+08 9.86e+03 6.0e+00 1.1e-01 0.690 0.522 0.00
  21 -5.124784307e+08 +5.24178567e+08 8.97e+03 5.8e+00 9.8e-02 0.689 0.522 0.00
  22 -5.124574174e+08 +5.24136540e+08 8.03e+03 5.5e+00 9.1e-02 0.689 0.522 0.00
  23 -5.124383547e+08 +5.24098415e+08 7.07e+03 5.2e+00 8.5e-02 0.690 0.522 0.00
  24 -5.124210874e+08 +5.24063880e+08 6.11e+03 4.9e+00 8.0e-02 0.689 0.522 0.00
  25 -5.124057815e+08 +5.24033268e+08 1.13e+03 5.5e+00 7.6e-02 0.689 0.522 0.00
  26 -5.123924194e+08 +5.24006544e+08 7.53e+02 3.9e+00 7.1e-02 0.689 0.522 0.00
  27 -5.123808644e+08 +5.23983434e+08 5.57e+02 3.1e+00 6.6e-02 0.689 0.522 0.00
  28 -5.123708474e+08 +5.23963400e+08 5.16e+02 2.5e+00 6.2e-02 0.689 0.522 0.00
  29 -5.123621423e+08 +5.23945990e+08 4.76e+02 2.0e+00 5.7e-02 0.689 0.522 0.00
  30 -5.123545260e+08 +5.23930757e+08 4.39e+02 1.8e+00 5.3e-02 0.689 0.522 0.00
  31 -5.123478126e+08 +5.23917331e+08 4.03e+02 1.7e+00 4.9e-02 0.689 0.522 0.00
  32 -5.123418445e+08 +5.23905394e+08 3.72e+02 1.6e+00 4.6e-02 0.689 0.522 0.00
  33 -5.123365086e+08 +5.23894723e+08 3.45e+02 1.5e+00 4.4e-02 0.689 0.522 0.00
  34 -5.123317142e+08 +5.23885134e+08 3.37e+02 1.4e+00 4.1e-02 0.689 0.522 0.00
  35 -5.123273867e+08 +5.23876479e+08 3.35e+02 1.3e+00 3.9e-02 0.689 0.522 0.00
  36 -5.123234659e+08 +5.23868637e+08 3.34e+02 1.2e+00 3.7e-02 0.689 0.522 0.00
  37 -5.123199003e+08 +5.23861506e+08 3.34e+02 1.2e+00 3.4e-02 0.688 0.522 0.00
  38 -5.123166496e+08 +5.23855005e+08 3.34e+02 1.1e+00 3.2e-02 0.688 0.522 0.00
  39 -5.123136804e+08 +5.23849066e+08 3.32e+02 1.0e+00 3.0e-02 0.688 0.522 0.00
  40 -5.123109634e+08 +5.23843632e+08 3.28e+02 9.7e-01 2.8e-02 0.688 0.522 0.00
  41 -5.123084663e+08 +5.23838638e+08 3.26e+02 9.1e-01 2.7e-02 0.688 0.522 0.00
  42 -5.123061520e+08 +5.23834009e+08 3.23e+02 8.6e-01 2.5e-02 0.688 0.522 0.00
  43 -5.123040000e+08 +5.23829705e+08 3.21e+02 8.2e-01 2.4e-02 0.688 0.522 0.00
  44 -5.123019945e+08 +5.23825694e+08 3.18e+02 7.7e-01 2.3e-02 0.688 0.522 0.00
  45 -5.123001181e+08 +5.23821942e+08 3.16e+02 7.4e-01 2.1e-02 0.688 0.522 0.00
  46 -5.122983605e+08 +5.23818426e+08 3.13e+02 7.0e-01 2.1e-02 0.688 0.522 0.00
  47 -5.122967139e+08 +5.23815133e+08 3.11e+02 6.7e-01 2.0e-02 0.688 0.522 0.00
  48 -5.122951701e+08 +5.23812046e+08 3.09e+02 6.4e-01 1.9e-02 0.688 0.522 0.00
  49 -5.122937223e+08 +5.23809150e+08 3.07e+02 6.1e-01 1.8e-02 0.688 0.522 0.00
  50 -5.122923628e+08 +5.23806431e+08 3.05e+02 5.8e-01 1.7e-02 0.688 0.522 0.00
  51 -5.122910814e+08 +5.23803868e+08 3.04e+02 5.5e-01 1.7e-02 0.688 0.522 0.00
  52 -5.122898710e+08 +5.23801447e+08 3.04e+02 5.2e-01 1.6e-02 0.688 0.522 0.00
  53 -5.122887295e+08 +5.23799164e+08 3.03e+02 5.0e-01 1.5e-02 0.688 0.522 0.00
  54 -5.122876540e+08 +5.23797013e+08 3.01e+02 4.7e-01 1.5e-02 0.688 0.522 0.00
  55 -5.122866395e+08 +5.23794984e+08 3.01e+02 4.4e-01 1.4e-02 0.688 0.522 0.00
  56 -5.122856854e+08 +5.23793076e+08 2.98e+02 4.2e-01 1.3e-02 0.688 0.522 0.00
  57 -5.122847886e+08 +5.23791283e+08 2.88e+02 3.9e-01 1.3e-02 0.688 0.522 0.00
  58 -5.122839434e+08 +5.23789592e+08 2.82e+02 3.7e-01 1.2e-02 0.688 0.522 0.00
  59 -5.122831447e+08 +5.23787995e+08 2.76e+02 3.4e-01 1.2e-02 0.688 0.522 0.00
  60 -5.122823885e+08 +5.23786482e+08 2.71e+02 3.2e-01 1.1e-02 0.688 0.522 0.00
  61 -5.122816709e+08 +5.23785047e+08 2.67e+02 3.0e-01 1.0e-02 0.688 0.522 0.00
  62 -5.122809893e+08 +5.23783684e+08 2.64e+02 2.8e-01 9.8e-03 0.688 0.522 0.00
  63 -5.122803423e+08 +5.23782390e+08 2.58e+02 2.7e-01 9.2e-03 0.688 0.522 0.00
  64 -5.122797272e+08 +5.23781160e+08 2.50e+02 2.6e-01 8.6e-03 0.688 0.522 0.00
  65 -5.122791413e+08 +5.23779988e+08 2.43e+02 2.6e-01 8.1e-03 0.688 0.522 0.00
  66 -5.122785826e+08 +5.23778871e+08 2.38e+02 2.5e-01 7.6e-03 0.688 0.522 0.00
  67 -5.122780489e+08 +5.23777803e+08 2.33e+02 2.5e-01 7.3e-03 0.688 0.522 0.00
  68 -5.122775383e+08 +5.23776782e+08 2.30e+02 2.5e-01 7.1e-03 0.688 0.522 0.00
  69 -5.122770492e+08 +5.23775804e+08 2.31e+02 2.5e-01 6.9e-03 0.688 0.522 0.00
  70 -5.122765795e+08 +5.23774864e+08 2.32e+02 2.5e-01 6.6e-03 0.688 0.522 0.00
  71 -5.122761271e+08 +5.23773960e+08 2.34e+02 2.4e-01 6.4e-03 0.688 0.522 0.00
  72 -5.122756903e+08 +5.23773086e+08 2.34e+02 2.4e-01 6.2e-03 0.688 0.522 0.00
  73 -5.122752680e+08 +5.23772241e+08 2.35e+02 2.4e-01 6.1e-03 0.689 0.522 0.00
  74 -5.122748583e+08 +5.23771422e+08 2.37e+02 2.3e-01 6.1e-03 0.689 0.522 0.00
  75 -5.122744602e+08 +5.23770626e+08 2.38e+02 2.3e-01 6.0e-03 0.689 0.522 0.00
  76 -5.122740725e+08 +5.23769850e+08 2.40e+02 2.3e-01 5.9e-03 0.689 0.522 0.00
  77 -5.122736943e+08 +5.23769094e+08 2.41e+02 2.3e-01 5.8e-03 0.689 0.522 0.00
  78 -5.122733252e+08 +5.23768356e+08 2.43e+02 2.2e-01 5.7e-03 0.689 0.522 0.00
  79 -5.122729643e+08 +5.23767634e+08 2.45e+02 2.2e-01 5.9e-03 0.689 0.522 0.00
  80 -5.122726110e+08 +5.23766927e+08 2.47e+02 2.2e-01 6.1e-03 0.689 0.522 0.00
  81 -5.122722644e+08 +5.23766234e+08 2.50e+02 2.2e-01 6.3e-03 0.689 0.522 0.00
  82 -5.122719241e+08 +5.23765553e+08 2.52e+02 2.1e-01 6.5e-03 0.689 0.522 0.00
  83 -5.122715897e+08 +5.23764885e+08 2.55e+02 2.1e-01 6.7e-03 0.689 0.522 0.00
  84 -5.122712608e+08 +5.23764227e+08 2.56e+02 2.1e-01 6.9e-03 0.689 0.522 0.00
  85 -5.122709371e+08 +5.23763580e+08 2.58e+02 2.1e-01 7.1e-03 0.689 0.522 0.00
  86 -5.122706180e+08 +5.23762941e+08 2.59e+02 2.1e-01 7.3e-03 0.689 0.522 0.00
  87 -5.122703030e+08 +5.23762311e+08 2.60e+02 2.0e-01 7.5e-03 0.689 0.522 0.00
  88 -5.122699916e+08 +5.23761689e+08 2.62e+02 2.0e-01 7.7e-03 0.689 0.522 0.00
  89 -5.122696836e+08 +5.23761073e+08 2.62e+02 2.0e-01 7.9e-03 0.689 0.522 0.00
  90 -5.122693787e+08 +5.23760463e+08 2.64e+02 2.0e-01 8.1e-03 0.689 0.522 0.00
  91 -5.122690765e+08 +5.23759858e+08 2.65e+02 2.0e-01 8.3e-03 0.689 0.522 0.00
  92 -5.122687767e+08 +5.23759259e+08 2.67e+02 1.9e-01 8.5e-03 0.689 0.522 0.00
  93 -5.122684788e+08 +5.23758663e+08 2.68e+02 1.9e-01 8.7e-03 0.689 0.522 0.00
  94 -5.122681823e+08 +5.23758070e+08 2.69e+02 1.9e-01 8.9e-03 0.689 0.522 0.00
  95 -5.122678870e+08 +5.23757479e+08 2.70e+02 1.9e-01 9.1e-03 0.689 0.522 0.00
  96 -5.122675924e+08 +5.23756890e+08 2.71e+02 1.9e-01 9.4e-03 0.689 0.522 0.00
  97 -5.122672977e+08 +5.23756301e+08 2.72e+02 1.8e-01 9.6e-03 0.690 0.522 0.00
  98 -5.122670023e+08 +5.23755710e+08 2.72e+02 1.8e-01 9.9e-03 0.690 0.522 0.00
  99 -5.122667057e+08 +5.23755117e+08 2.73e+02 1.8e-01 1.0e-02 0.690 0.522 0.00
 100 -5.122664078e+08 +5.23754521e+08 2.73e+02 1.8e-01 1.0e-02 0.690 0.522 0.00
Warning message:
Quick-TRANSfer stage steps exceeded maximum (= 903600) 
> saveRDS(fit, file=paste0("../data/gom-data/topics",clustnum,".chimp.log.indv-cell.int19k.reg-",data.source,".rds"))
> 
> proc.time()
     user    system   elapsed 
185925.30   8423.77  70642.83 
