
R version 3.6.1 (2019-07-05) -- "Action of the Toes"
Copyright (C) 2019 The R Foundation for Statistical Computing
Platform: x86_64-pc-linux-gnu (64-bit)

R is free software and comes with ABSOLUTELY NO WARRANTY.
You are welcome to redistribute it under certain conditions.
Type 'license()' or 'licence()' for distribution details.

R is a collaborative project with many contributors.
Type 'contributors()' for more information and
'citation()' on how to cite R or R packages in publications.

Type 'demo()' for some demos, 'help()' for on-line help, or
'help.start()' for an HTML browser interface to help.
Type 'q()' to quit R.

> #Read in command line arguments as list of character vectors
> args=(commandArgs(TRUE))
> 
> #Check if arguments are passed and cycle through to evaluate each element
> if(length(args)==0){
+   print("No arguments supplied.")
+   #supply default values
+   clustnum=3
+   data.source="tot"
+ }else{
+   for(i in 1:length(args)){
+     eval(parse(text=args[[i]]))
+   }
+ }
> print(paste0("k: ",clustnum))
[1] "k: 7"
> print(paste0("data source: ",data.source))
[1] "data source: tot"
> 
> #Load libraries
> library(Seurat)
> library(CountClust)
Loading required package: ggplot2
> library(classtpx)
Loading required package: slam
> library(fastTopics)
> 
> 
> #Run analyses for human data
> print("Loading human data")
[1] "Loading human data"
> 
> #Load data
> scrna <- paste0("../data/cellranger-data-full/data.filter.log.indv-cell.int19k.reg-",data.source,".rds")
> data <- readRDS(scrna)
> data <- subset(data, subset=Species=="Human")
> 
> #Prepare data (unintegrated count data)
> counts <- as.matrix(data@assays$RNA@counts) #do not use integrated data
> counts <- counts[rowSums(counts>0)>0,]      #remove genes with 0 counts across cells
> counts <- t(as.matrix(counts))              #fix matrix orientation (barcodes x features)
> 
> #Batch correct counts - don't correct for species
> labelBatch1 <- as.factor(paste0(data@meta.data$Pair,data@meta.data$Replicate)[which(rownames(data@meta.data) %in% rownames(counts))])
> countsBC1 <- BatchCorrectedCounts(counts, labelBatch1, use_parallel=FALSE)
> rm(data,counts)
> 
> #Fit fastTopics model and save data
> fit <- fit_poisson_nmf(countsBC1, k=clustnum, numiter=100)
Using 4 RcppParallel threads.
Initializing factors using Topic SCORE algorithm.
Initializing loadings by running 10 SCD updates.
Using 4 RcppParallel threads.
Fitting rank-7 Poisson NMF to 47972 x 18142 dense matrix.
Running 100 SCD updates, without extrapolation (fastTopics 0.3-185).
iter   log-likelihood        deviance res(KKT)  |F-F'|  |L-L'| nz(F) nz(L) beta
   1 -5.247867323e+08 +5.64322805e+08 8.35e+04 1.2e+02 9.8e-01 0.697 0.792 0.00
   2 -5.136133229e+08 +5.41975986e+08 5.38e+04 1.2e+02 2.4e+00 0.718 0.853 0.00
   3 -5.103234688e+08 +5.35396278e+08 2.57e+04 5.7e+01 2.4e+00 0.697 0.817 0.00
   4 -5.088156795e+08 +5.32380699e+08 1.61e+04 5.5e+01 1.8e+00 0.698 0.829 0.00
   5 -5.080124069e+08 +5.30774154e+08 1.82e+04 3.9e+01 1.4e+00 0.701 0.831 0.00
   6 -5.074845109e+08 +5.29718362e+08 1.13e+04 2.5e+01 9.1e-01 0.705 0.833 0.00
   7 -5.070897414e+08 +5.28928823e+08 1.11e+04 1.7e+01 5.5e-01 0.708 0.834 0.00
   8 -5.067823824e+08 +5.28314105e+08 9.72e+03 1.2e+01 4.6e-01 0.710 0.834 0.00
   9 -5.065603382e+08 +5.27870017e+08 1.04e+04 9.6e+00 3.4e-01 0.713 0.833 0.00
  10 -5.064106035e+08 +5.27570547e+08 8.85e+03 8.8e+00 2.4e-01 0.715 0.832 0.00
  11 -5.063038361e+08 +5.27357013e+08 5.18e+03 8.2e+00 1.8e-01 0.716 0.831 0.00
  12 -5.062235814e+08 +5.27196503e+08 4.64e+03 7.8e+00 1.4e-01 0.716 0.829 0.00
  13 -5.061612828e+08 +5.27071906e+08 4.87e+03 7.4e+00 1.2e-01 0.717 0.827 0.00
  14 -5.061124780e+08 +5.26974296e+08 5.06e+03 7.1e+00 1.1e-01 0.717 0.826 0.00
  15 -5.060735484e+08 +5.26896437e+08 5.19e+03 6.8e+00 9.5e-02 0.717 0.824 0.00
  16 -5.060416179e+08 +5.26832576e+08 5.27e+03 6.5e+00 8.5e-02 0.718 0.823 0.00
  17 -5.060145829e+08 +5.26778506e+08 5.28e+03 6.2e+00 8.3e-02 0.718 0.822 0.00
  18 -5.059910302e+08 +5.26731401e+08 5.20e+03 5.8e+00 8.1e-02 0.718 0.821 0.00
  19 -5.059701450e+08 +5.26689630e+08 5.03e+03 5.4e+00 7.9e-02 0.718 0.820 0.00
  20 -5.059518283e+08 +5.26652997e+08 4.82e+03 5.1e+00 7.5e-02 0.718 0.819 0.00
  21 -5.059362605e+08 +5.26621861e+08 4.47e+03 4.7e+00 7.5e-02 0.718 0.818 0.00
  22 -5.059232231e+08 +5.26595787e+08 3.90e+03 4.3e+00 6.8e-02 0.718 0.818 0.00
  23 -5.059123229e+08 +5.26573986e+08 3.52e+03 3.9e+00 6.4e-02 0.718 0.817 0.00
  24 -5.059032567e+08 +5.26555854e+08 3.05e+03 3.4e+00 6.0e-02 0.718 0.816 0.00
  25 -5.058957312e+08 +5.26540803e+08 2.30e+03 2.6e+00 5.6e-02 0.718 0.816 0.00
  26 -5.058893555e+08 +5.26528051e+08 1.69e+03 2.0e+00 5.2e-02 0.719 0.816 0.00
  27 -5.058839187e+08 +5.26517178e+08 1.24e+03 1.6e+00 4.9e-02 0.719 0.815 0.00
  28 -5.058792818e+08 +5.26507904e+08 9.17e+02 1.6e+00 4.6e-02 0.719 0.815 0.00
  29 -5.058752806e+08 +5.26499902e+08 6.66e+02 1.5e+00 4.2e-02 0.719 0.814 0.00
  30 -5.058717860e+08 +5.26492912e+08 4.73e+02 1.4e+00 3.9e-02 0.719 0.813 0.00
  31 -5.058687056e+08 +5.26486752e+08 3.84e+02 1.4e+00 3.7e-02 0.719 0.813 0.00
  32 -5.058659788e+08 +5.26481298e+08 3.54e+02 1.4e+00 3.6e-02 0.719 0.813 0.00
  33 -5.058635539e+08 +5.26476448e+08 3.29e+02 1.3e+00 3.4e-02 0.719 0.812 0.00
  34 -5.058613900e+08 +5.26472120e+08 3.07e+02 1.2e+00 3.2e-02 0.719 0.812 0.00
  35 -5.058594527e+08 +5.26468246e+08 2.86e+02 1.1e+00 3.0e-02 0.719 0.812 0.00
  36 -5.058577137e+08 +5.26464768e+08 2.66e+02 9.8e-01 2.8e-02 0.719 0.811 0.00
  37 -5.058561496e+08 +5.26461640e+08 2.48e+02 9.1e-01 2.7e-02 0.719 0.811 0.00
  38 -5.058547415e+08 +5.26458823e+08 2.35e+02 8.4e-01 2.5e-02 0.719 0.811 0.00
  39 -5.058534703e+08 +5.26456281e+08 2.24e+02 7.8e-01 2.4e-02 0.719 0.810 0.00
  40 -5.058523230e+08 +5.26453986e+08 2.14e+02 7.2e-01 2.3e-02 0.719 0.810 0.00
  41 -5.058512872e+08 +5.26451915e+08 2.04e+02 6.7e-01 2.1e-02 0.720 0.810 0.00
  42 -5.058503522e+08 +5.26450045e+08 1.94e+02 6.2e-01 2.0e-02 0.720 0.810 0.00
  43 -5.058495068e+08 +5.26448354e+08 1.85e+02 5.8e-01 1.9e-02 0.720 0.810 0.00
  44 -5.058487412e+08 +5.26446823e+08 1.77e+02 5.4e-01 1.8e-02 0.720 0.809 0.00
  45 -5.058480471e+08 +5.26445435e+08 1.68e+02 5.0e-01 1.7e-02 0.720 0.809 0.00
  46 -5.058474170e+08 +5.26444174e+08 1.60e+02 4.7e-01 1.6e-02 0.720 0.809 0.00
  47 -5.058468447e+08 +5.26443030e+08 1.53e+02 4.3e-01 1.5e-02 0.719 0.809 0.00
  48 -5.058463241e+08 +5.26441989e+08 1.45e+02 4.0e-01 1.4e-02 0.719 0.809 0.00
  49 -5.058458498e+08 +5.26441040e+08 1.38e+02 3.8e-01 1.3e-02 0.719 0.809 0.00
  50 -5.058454176e+08 +5.26440176e+08 1.32e+02 3.5e-01 1.2e-02 0.719 0.809 0.00
  51 -5.058450235e+08 +5.26439387e+08 1.26e+02 3.3e-01 1.1e-02 0.719 0.809 0.00
  52 -5.058446636e+08 +5.26438668e+08 1.19e+02 3.1e-01 1.1e-02 0.719 0.809 0.00
  53 -5.058443345e+08 +5.26438009e+08 1.14e+02 2.8e-01 1.0e-02 0.719 0.809 0.00
  54 -5.058440329e+08 +5.26437406e+08 1.08e+02 2.6e-01 9.4e-03 0.719 0.808 0.00
  55 -5.058437560e+08 +5.26436852e+08 1.03e+02 2.5e-01 8.8e-03 0.719 0.808 0.00
  56 -5.058435012e+08 +5.26436343e+08 9.94e+01 2.3e-01 8.6e-03 0.719 0.808 0.00
  57 -5.058432664e+08 +5.26435873e+08 9.61e+01 2.1e-01 8.3e-03 0.719 0.808 0.00
  58 -5.058430492e+08 +5.26435439e+08 9.34e+01 2.0e-01 8.1e-03 0.719 0.808 0.00
  59 -5.058428480e+08 +5.26435036e+08 9.07e+01 1.8e-01 7.9e-03 0.720 0.808 0.00
  60 -5.058426612e+08 +5.26434663e+08 8.80e+01 1.7e-01 7.7e-03 0.720 0.808 0.00
  61 -5.058424874e+08 +5.26434315e+08 8.55e+01 1.6e-01 7.5e-03 0.720 0.808 0.00
  62 -5.058423253e+08 +5.26433991e+08 8.31e+01 1.5e-01 7.3e-03 0.719 0.808 0.00
  63 -5.058421739e+08 +5.26433688e+08 8.09e+01 1.4e-01 7.1e-03 0.719 0.808 0.00
  64 -5.058420322e+08 +5.26433405e+08 7.88e+01 1.3e-01 7.0e-03 0.719 0.808 0.00
  65 -5.058418995e+08 +5.26433139e+08 7.59e+01 1.2e-01 6.8e-03 0.720 0.808 0.00
  66 -5.058417749e+08 +5.26432890e+08 7.49e+01 1.1e-01 6.6e-03 0.720 0.808 0.00
  67 -5.058416575e+08 +5.26432655e+08 7.45e+01 1.1e-01 6.5e-03 0.720 0.808 0.00
  68 -5.058415465e+08 +5.26432433e+08 7.31e+01 1.0e-01 6.5e-03 0.719 0.808 0.00
  69 -5.058414415e+08 +5.26432223e+08 7.18e+01 1.0e-01 6.3e-03 0.720 0.808 0.00
  70 -5.058413420e+08 +5.26432024e+08 7.04e+01 1.0e-01 6.2e-03 0.720 0.808 0.00
  71 -5.058412476e+08 +5.26431836e+08 6.90e+01 9.9e-02 6.1e-03 0.719 0.808 0.00
  72 -5.058411579e+08 +5.26431656e+08 6.77e+01 9.7e-02 6.0e-03 0.720 0.808 0.00
  73 -5.058410726e+08 +5.26431486e+08 6.63e+01 9.6e-02 5.9e-03 0.719 0.808 0.00
  74 -5.058409914e+08 +5.26431323e+08 6.49e+01 9.4e-02 5.8e-03 0.719 0.808 0.00
  75 -5.058409139e+08 +5.26431168e+08 6.35e+01 9.2e-02 5.6e-03 0.719 0.808 0.00
  76 -5.058408399e+08 +5.26431020e+08 6.22e+01 9.0e-02 5.5e-03 0.720 0.808 0.00
  77 -5.058407691e+08 +5.26430879e+08 6.08e+01 8.8e-02 5.4e-03 0.720 0.808 0.00
  78 -5.058407014e+08 +5.26430743e+08 5.95e+01 8.7e-02 5.3e-03 0.720 0.808 0.00
  79 -5.058406365e+08 +5.26430613e+08 5.82e+01 8.5e-02 5.2e-03 0.720 0.808 0.00
  80 -5.058405744e+08 +5.26430489e+08 5.69e+01 8.3e-02 5.1e-03 0.720 0.808 0.00
  81 -5.058405147e+08 +5.26430370e+08 5.56e+01 8.2e-02 5.0e-03 0.720 0.808 0.00
  82 -5.058404575e+08 +5.26430255e+08 5.44e+01 8.0e-02 4.9e-03 0.720 0.808 0.00
  83 -5.058404024e+08 +5.26430145e+08 5.32e+01 7.9e-02 4.8e-03 0.720 0.808 0.00
  84 -5.058403495e+08 +5.26430039e+08 5.21e+01 7.7e-02 4.7e-03 0.720 0.808 0.00
  85 -5.058402986e+08 +5.26429938e+08 5.09e+01 7.6e-02 4.6e-03 0.720 0.808 0.00
  86 -5.058402496e+08 +5.26429840e+08 4.98e+01 7.4e-02 4.5e-03 0.720 0.808 0.00
  87 -5.058402023e+08 +5.26429745e+08 4.88e+01 7.3e-02 4.4e-03 0.720 0.808 0.00
  88 -5.058401567e+08 +5.26429654e+08 4.78e+01 7.2e-02 4.4e-03 0.720 0.808 0.00
  89 -5.058401126e+08 +5.26429566e+08 4.69e+01 7.0e-02 4.3e-03 0.720 0.808 0.00
  90 -5.058400700e+08 +5.26429480e+08 4.61e+01 6.9e-02 4.2e-03 0.720 0.808 0.00
  91 -5.058400287e+08 +5.26429398e+08 4.53e+01 6.8e-02 4.2e-03 0.720 0.808 0.00
  92 -5.058399887e+08 +5.26429318e+08 4.45e+01 6.7e-02 4.1e-03 0.720 0.808 0.00
  93 -5.058399500e+08 +5.26429240e+08 4.37e+01 6.6e-02 4.0e-03 0.720 0.808 0.00
  94 -5.058399124e+08 +5.26429165e+08 4.29e+01 6.5e-02 4.0e-03 0.720 0.808 0.00
  95 -5.058398759e+08 +5.26429092e+08 4.23e+01 6.4e-02 3.9e-03 0.720 0.808 0.00
  96 -5.058398404e+08 +5.26429021e+08 4.16e+01 6.3e-02 3.8e-03 0.720 0.808 0.00
  97 -5.058398059e+08 +5.26428952e+08 4.10e+01 6.2e-02 3.8e-03 0.720 0.808 0.00
  98 -5.058397723e+08 +5.26428885e+08 4.04e+01 6.1e-02 3.7e-03 0.720 0.808 0.00
  99 -5.058397396e+08 +5.26428820e+08 3.98e+01 6.1e-02 3.7e-03 0.720 0.808 0.00
 100 -5.058397077e+08 +5.26428756e+08 3.92e+01 6.0e-02 3.6e-03 0.720 0.808 0.00
> saveRDS(fit, file=paste0("../data/gom-data/topics",clustnum,".human.log.indv-cell.int19k.reg-",data.source,".bc1.rds"))
> 
> 
> #Run analyses for chimp data
> print("Loading chimp data")
[1] "Loading chimp data"
> 
> #Load data
> scrna <- paste0("../data/cellranger-data-full/data.filter.log.indv-cell.int19k.reg-",data.source,".rds")
> data <- readRDS(scrna)
> data <- subset(data, subset=Species=="Chimp")
> 
> #Prepare data (unintegrated count data)
> counts <- as.matrix(data@assays$RNA@counts) #do not use integrated data
> counts <- counts[rowSums(counts>0)>0,]      #remove genes with 0 counts across cells
> counts <- t(as.matrix(counts))              #fix matrix orientation (barcodes x features)
> 
> #Batch correct counts - don't correct for species
> labelBatch1 <- as.factor(paste0(data@meta.data$Pair,data@meta.data$Replicate)[which(rownames(data@meta.data) %in% rownames(counts))])
> countsBC1 <- BatchCorrectedCounts(counts, labelBatch1, use_parallel=FALSE)
> rm(data,counts)
> 
> #Fit fastTopics model and save data
> fit <- fit_poisson_nmf(countsBC1, k=clustnum, numiter=100)
Using 4 RcppParallel threads.
Initializing factors using Topic SCORE algorithm.
Initializing loadings by running 10 SCD updates.
Using 4 RcppParallel threads.
Fitting rank-7 Poisson NMF to 53562 x 18072 dense matrix.
Running 100 SCD updates, without extrapolation (fastTopics 0.3-185).
iter   log-likelihood        deviance res(KKT)  |F-F'|  |L-L'| nz(F) nz(L) beta
   1 -5.363441422e+08 +5.73353310e+08 1.76e+04 1.3e+02 1.5e+00 0.746 0.529 0.00
   2 -5.294500271e+08 +5.59565080e+08 1.13e+04 2.4e+01 1.9e+00 0.779 0.795 0.00
   3 -5.278190711e+08 +5.56303168e+08 4.08e+03 1.4e+01 1.2e+00 0.774 0.674 0.00
   4 -5.272479840e+08 +5.55160993e+08 6.54e+03 1.4e+01 9.8e-01 0.770 0.699 0.00
   5 -5.269349958e+08 +5.54535017e+08 7.46e+03 1.3e+01 3.7e-01 0.768 0.712 0.00
   6 -5.267264481e+08 +5.54117922e+08 8.00e+03 1.3e+01 3.0e-01 0.764 0.722 0.00
   7 -5.265691747e+08 +5.53803375e+08 9.78e+03 1.2e+01 2.6e-01 0.760 0.729 0.00
   8 -5.264334137e+08 +5.53531853e+08 1.01e+04 1.2e+01 2.9e-01 0.755 0.734 0.00
   9 -5.262963600e+08 +5.53257745e+08 8.29e+03 1.4e+01 3.5e-01 0.750 0.738 0.00
  10 -5.261452548e+08 +5.52955535e+08 9.63e+03 1.6e+01 3.9e-01 0.747 0.741 0.00
  11 -5.259794610e+08 +5.52623947e+08 8.16e+03 1.9e+01 4.8e-01 0.744 0.744 0.00
  12 -5.258190892e+08 +5.52303204e+08 6.24e+03 2.1e+01 4.5e-01 0.741 0.746 0.00
  13 -5.256656307e+08 +5.51996287e+08 4.43e+03 2.1e+01 4.4e-01 0.739 0.749 0.00
  14 -5.255125552e+08 +5.51690136e+08 2.73e+03 2.1e+01 4.7e-01 0.737 0.751 0.00
  15 -5.253996427e+08 +5.51464311e+08 1.62e+03 1.8e+01 4.1e-01 0.737 0.754 0.00
  16 -5.253277219e+08 +5.51320469e+08 1.17e+03 1.4e+01 3.5e-01 0.736 0.756 0.00
  17 -5.252824120e+08 +5.51229849e+08 8.49e+02 9.8e+00 3.5e-01 0.736 0.757 0.00
  18 -5.252532501e+08 +5.51171526e+08 8.58e+02 7.2e+00 3.5e-01 0.736 0.757 0.00
  19 -5.252334913e+08 +5.51132008e+08 7.62e+02 5.4e+00 2.9e-01 0.735 0.757 0.00
  20 -5.252188646e+08 +5.51102755e+08 6.43e+02 4.3e+00 2.0e-01 0.735 0.757 0.00
  21 -5.252069624e+08 +5.51078950e+08 6.93e+02 3.5e+00 2.2e-01 0.735 0.757 0.00
  22 -5.251962062e+08 +5.51057438e+08 7.74e+02 3.0e+00 2.6e-01 0.735 0.756 0.00
  23 -5.251845617e+08 +5.51034149e+08 1.00e+03 4.2e+00 2.8e-01 0.735 0.756 0.00
  24 -5.251680390e+08 +5.51001103e+08 8.93e+02 6.2e+00 3.0e-01 0.735 0.756 0.00
  25 -5.251417103e+08 +5.50948446e+08 7.67e+02 6.4e+00 5.2e-01 0.735 0.756 0.00
  26 -5.251232240e+08 +5.50911473e+08 6.86e+02 1.8e+00 3.9e-01 0.735 0.756 0.00
  27 -5.251159446e+08 +5.50896915e+08 6.25e+02 1.8e+00 6.4e-02 0.735 0.756 0.00
  28 -5.251111887e+08 +5.50887403e+08 5.67e+02 1.6e+00 4.6e-02 0.735 0.755 0.00
  29 -5.251078216e+08 +5.50880669e+08 4.95e+02 1.4e+00 3.6e-02 0.735 0.755 0.00
  30 -5.251052508e+08 +5.50875527e+08 4.32e+02 1.2e+00 2.9e-02 0.735 0.755 0.00
  31 -5.251032432e+08 +5.50871512e+08 3.80e+02 9.8e-01 2.4e-02 0.735 0.754 0.00
  32 -5.251016599e+08 +5.50868345e+08 3.37e+02 8.4e-01 1.9e-02 0.735 0.754 0.00
  33 -5.251003976e+08 +5.50865821e+08 3.01e+02 8.1e-01 1.6e-02 0.735 0.753 0.00
  34 -5.250993741e+08 +5.50863774e+08 2.71e+02 6.6e-01 1.3e-02 0.735 0.753 0.00
  35 -5.250985232e+08 +5.50862072e+08 2.43e+02 4.9e-01 1.2e-02 0.735 0.753 0.00
  36 -5.250977973e+08 +5.50860620e+08 2.16e+02 4.2e-01 9.9e-03 0.735 0.753 0.00
  37 -5.250971662e+08 +5.50859358e+08 1.93e+02 3.8e-01 8.5e-03 0.735 0.753 0.00
  38 -5.250966088e+08 +5.50858243e+08 1.74e+02 3.6e-01 7.3e-03 0.735 0.752 0.00
  39 -5.250961097e+08 +5.50857245e+08 1.57e+02 3.4e-01 6.7e-03 0.735 0.752 0.00
  40 -5.250956576e+08 +5.50856341e+08 1.42e+02 3.3e-01 6.5e-03 0.735 0.752 0.00
  41 -5.250952443e+08 +5.50855514e+08 1.29e+02 3.2e-01 6.3e-03 0.735 0.752 0.00
  42 -5.250948636e+08 +5.50854753e+08 1.18e+02 3.1e-01 6.1e-03 0.735 0.752 0.00
  43 -5.250945109e+08 +5.50854047e+08 1.08e+02 3.1e-01 6.0e-03 0.735 0.752 0.00
  44 -5.250941826e+08 +5.50853391e+08 9.90e+01 3.0e-01 5.8e-03 0.735 0.752 0.00
  45 -5.250938760e+08 +5.50852777e+08 9.25e+01 2.9e-01 5.6e-03 0.735 0.752 0.00
  46 -5.250935886e+08 +5.50852203e+08 8.65e+01 2.9e-01 5.5e-03 0.735 0.752 0.00
  47 -5.250933187e+08 +5.50851663e+08 8.09e+01 2.8e-01 5.3e-03 0.735 0.752 0.00
  48 -5.250930648e+08 +5.50851155e+08 7.59e+01 2.7e-01 5.2e-03 0.735 0.752 0.00
  49 -5.250928256e+08 +5.50850677e+08 7.11e+01 2.7e-01 5.1e-03 0.735 0.752 0.00
  50 -5.250925998e+08 +5.50850225e+08 6.91e+01 2.6e-01 4.9e-03 0.735 0.752 0.00
  51 -5.250923854e+08 +5.50849796e+08 1.22e+02 2.6e-01 4.8e-03 0.735 0.752 0.00
  52 -5.250921814e+08 +5.50849388e+08 1.35e+02 2.5e-01 4.7e-03 0.735 0.752 0.00
  53 -5.250919871e+08 +5.50849000e+08 1.36e+02 2.5e-01 4.6e-03 0.735 0.752 0.00
  54 -5.250918019e+08 +5.50848629e+08 1.34e+02 2.4e-01 4.5e-03 0.735 0.752 0.00
  55 -5.250916255e+08 +5.50848276e+08 1.30e+02 2.4e-01 4.4e-03 0.735 0.752 0.00
  56 -5.250914572e+08 +5.50847940e+08 1.27e+02 2.3e-01 4.3e-03 0.734 0.752 0.00
  57 -5.250912968e+08 +5.50847619e+08 1.23e+02 2.3e-01 4.2e-03 0.734 0.752 0.00
  58 -5.250911437e+08 +5.50847313e+08 1.19e+02 2.3e-01 4.1e-03 0.734 0.752 0.00
  59 -5.250909977e+08 +5.50847021e+08 1.15e+02 2.2e-01 4.0e-03 0.734 0.752 0.00
  60 -5.250908584e+08 +5.50846742e+08 1.11e+02 2.2e-01 3.9e-03 0.734 0.752 0.00
  61 -5.250907254e+08 +5.50846476e+08 1.08e+02 2.1e-01 3.8e-03 0.734 0.752 0.00
  62 -5.250905986e+08 +5.50846223e+08 1.04e+02 2.1e-01 3.7e-03 0.734 0.752 0.00
  63 -5.250904775e+08 +5.50845980e+08 1.00e+02 2.1e-01 3.6e-03 0.734 0.752 0.00
  64 -5.250903619e+08 +5.50845749e+08 9.67e+01 2.0e-01 3.5e-03 0.734 0.752 0.00
  65 -5.250902517e+08 +5.50845529e+08 9.31e+01 2.0e-01 3.4e-03 0.734 0.752 0.00
  66 -5.250901464e+08 +5.50845318e+08 8.97e+01 1.9e-01 3.4e-03 0.734 0.752 0.00
  67 -5.250900460e+08 +5.50845117e+08 8.64e+01 1.9e-01 3.3e-03 0.734 0.752 0.00
  68 -5.250899501e+08 +5.50844926e+08 8.32e+01 1.8e-01 3.2e-03 0.734 0.752 0.00
  69 -5.250898586e+08 +5.50844743e+08 8.00e+01 1.8e-01 3.1e-03 0.734 0.752 0.00
  70 -5.250897712e+08 +5.50844568e+08 7.70e+01 1.7e-01 3.0e-03 0.735 0.752 0.00
  71 -5.250896877e+08 +5.50844401e+08 7.39e+01 1.7e-01 2.9e-03 0.735 0.752 0.00
  72 -5.250896080e+08 +5.50844241e+08 7.10e+01 1.7e-01 2.8e-03 0.735 0.752 0.00
  73 -5.250895319e+08 +5.50844089e+08 6.80e+01 1.6e-01 2.8e-03 0.734 0.752 0.00
  74 -5.250894593e+08 +5.50843944e+08 6.53e+01 1.6e-01 2.7e-03 0.734 0.752 0.00
  75 -5.250893899e+08 +5.50843805e+08 6.26e+01 1.5e-01 2.7e-03 0.734 0.752 0.00
  76 -5.250893237e+08 +5.50843673e+08 6.01e+01 1.5e-01 2.7e-03 0.734 0.752 0.00
  77 -5.250892605e+08 +5.50843546e+08 5.87e+01 1.5e-01 2.7e-03 0.734 0.752 0.00
  78 -5.250892000e+08 +5.50843425e+08 5.79e+01 1.4e-01 2.6e-03 0.734 0.752 0.00
  79 -5.250891423e+08 +5.50843310e+08 5.71e+01 1.4e-01 2.6e-03 0.735 0.752 0.00
  80 -5.250890871e+08 +5.50843200e+08 5.06e+01 1.2e-01 2.6e-03 0.735 0.752 0.00
  81 -5.250890339e+08 +5.50843093e+08 9.54e+01 9.8e-02 2.6e-03 0.735 0.752 0.00
  82 -5.250889824e+08 +5.50842990e+08 1.26e+02 8.5e-02 2.5e-03 0.735 0.752 0.00
  83 -5.250889323e+08 +5.50842890e+08 1.41e+02 8.4e-02 2.5e-03 0.735 0.752 0.00
  84 -5.250888836e+08 +5.50842793e+08 1.49e+02 8.2e-02 2.5e-03 0.735 0.752 0.00
  85 -5.250888363e+08 +5.50842698e+08 1.55e+02 8.1e-02 2.5e-03 0.735 0.752 0.00
  86 -5.250887902e+08 +5.50842606e+08 1.59e+02 8.0e-02 2.4e-03 0.735 0.752 0.00
  87 -5.250887453e+08 +5.50842516e+08 1.62e+02 7.9e-02 2.4e-03 0.735 0.752 0.00
  88 -5.250887016e+08 +5.50842429e+08 1.63e+02 7.8e-02 2.4e-03 0.735 0.752 0.00
  89 -5.250886588e+08 +5.50842343e+08 1.66e+02 7.7e-02 2.4e-03 0.735 0.752 0.00
  90 -5.250886167e+08 +5.50842259e+08 1.70e+02 7.6e-02 2.3e-03 0.735 0.752 0.00
  91 -5.250885751e+08 +5.50842176e+08 1.75e+02 7.4e-02 2.3e-03 0.735 0.752 0.00
  92 -5.250885341e+08 +5.50842094e+08 1.78e+02 7.3e-02 2.3e-03 0.735 0.752 0.00
  93 -5.250884935e+08 +5.50842012e+08 1.81e+02 7.2e-02 2.2e-03 0.735 0.752 0.00
  94 -5.250884535e+08 +5.50841932e+08 1.84e+02 7.1e-02 2.2e-03 0.735 0.752 0.00
  95 -5.250884138e+08 +5.50841853e+08 1.86e+02 7.0e-02 2.3e-03 0.735 0.752 0.00
  96 -5.250883747e+08 +5.50841775e+08 1.88e+02 6.9e-02 2.3e-03 0.735 0.752 0.00
  97 -5.250883359e+08 +5.50841697e+08 1.90e+02 7.0e-02 2.3e-03 0.735 0.752 0.00
  98 -5.250882975e+08 +5.50841620e+08 1.91e+02 7.0e-02 2.3e-03 0.735 0.752 0.00
  99 -5.250882595e+08 +5.50841544e+08 1.93e+02 7.1e-02 2.3e-03 0.735 0.752 0.00
 100 -5.250882219e+08 +5.50841469e+08 1.93e+02 7.1e-02 2.3e-03 0.735 0.752 0.00
> saveRDS(fit, file=paste0("../data/gom-data/topics",clustnum,".chimp.log.indv-cell.int19k.reg-",data.source,".bc1.rds"))
> 
> proc.time()
     user    system   elapsed 
96585.511  8283.798 51097.470 
