
R version 3.6.1 (2019-07-05) -- "Action of the Toes"
Copyright (C) 2019 The R Foundation for Statistical Computing
Platform: x86_64-pc-linux-gnu (64-bit)

R is free software and comes with ABSOLUTELY NO WARRANTY.
You are welcome to redistribute it under certain conditions.
Type 'license()' or 'licence()' for distribution details.

R is a collaborative project with many contributors.
Type 'contributors()' for more information and
'citation()' on how to cite R or R packages in publications.

Type 'demo()' for some demos, 'help()' for on-line help, or
'help.start()' for an HTML browser interface to help.
Type 'q()' to quit R.

> #Read in command line arguments as list of character vectors
> args=(commandArgs(TRUE))
> 
> #Check if arguments are passed and cycle through to evaluate each element
> if(length(args)==0){
+   print("No arguments supplied.")
+   #supply default values
+   clustnum=3
+   data.source="tot"
+ }else{
+   for(i in 1:length(args)){
+     eval(parse(text=args[[i]]))
+   }
+ }
> print(paste0("k: ",clustnum))
[1] "k: 50"
> print(paste0("data source: ",data.source))
[1] "data source: tot"
> 
> #Load libraries
> library(Seurat)
> library(CountClust)
Loading required package: ggplot2
> library(classtpx)
Loading required package: slam
> library(fastTopics)
> 
> 
> #Run analyses for human data
> print("Loading human data")
[1] "Loading human data"
> 
> #Load data
> scrna <- paste0("../data/cellranger-data-full/data.filter.log.indv-cell.int19k.reg-",data.source,".rds")
> data <- readRDS(scrna)
> data <- subset(data, subset=Species=="Human")
> 
> #Prepare data (unintegrated count data)
> counts <- as.matrix(data@assays$RNA@counts) #do not use integrated data
> counts <- counts[rowSums(counts>0)>0,]      #remove genes with 0 counts across cells
> counts <- t(as.matrix(counts))              #fix matrix orientation (barcodes x features)
> 
> #Batch correct counts - don't correct for species
> labelBatch1 <- as.factor(paste0(data@meta.data$Pair,data@meta.data$Replicate)[which(rownames(data@meta.data) %in% rownames(counts))])
> countsBC1 <- BatchCorrectedCounts(counts, labelBatch1, use_parallel=FALSE)
> rm(data,counts)
> 
> #Fit fastTopics model and save data
> fit <- fit_poisson_nmf(countsBC1, k=clustnum, numiter=100)
Using 4 RcppParallel threads.
Initializing factors using Topic SCORE algorithm.
Initializing loadings by running 10 SCD updates.
Using 4 RcppParallel threads.
Fitting rank-50 Poisson NMF to 47972 x 18142 dense matrix.
Running 100 SCD updates, without extrapolation (fastTopics 0.3-185).
iter   log-likelihood        deviance res(KKT)  |F-F'|  |L-L'| nz(F) nz(L) beta
   1 -4.934586079e+08 +5.01666556e+08 1.96e+04 1.9e+02 1.2e+01 0.477 0.220 0.00
   2 -4.809528662e+08 +4.76655073e+08 1.10e+04 1.5e+02 1.0e+01 0.491 0.310 0.00
   3 -4.769055775e+08 +4.68560495e+08 5.96e+03 1.1e+02 7.0e+00 0.498 0.356 0.00
   4 -4.749916205e+08 +4.64732581e+08 5.15e+03 8.6e+01 2.1e+00 0.501 0.385 0.00
   5 -4.739115093e+08 +4.62572359e+08 4.73e+03 5.6e+01 1.2e+00 0.504 0.405 0.00
   6 -4.732195352e+08 +4.61188411e+08 4.63e+03 4.3e+01 1.0e+00 0.506 0.419 0.00
   7 -4.727246892e+08 +4.60198719e+08 4.62e+03 3.5e+01 9.8e-01 0.508 0.429 0.00
   8 -4.723566119e+08 +4.59462564e+08 4.49e+03 3.3e+01 9.6e-01 0.508 0.438 0.00
   9 -4.720748715e+08 +4.58899083e+08 3.40e+03 2.8e+01 9.0e-01 0.509 0.446 0.00
  10 -4.718467088e+08 +4.58442758e+08 2.81e+03 2.2e+01 9.1e-01 0.509 0.451 0.00
  11 -4.716519706e+08 +4.58053282e+08 2.45e+03 1.7e+01 9.8e-01 0.510 0.456 0.00
  12 -4.714799400e+08 +4.57709220e+08 2.30e+03 1.3e+01 1.1e+00 0.510 0.460 0.00
  13 -4.713248408e+08 +4.57399022e+08 2.68e+03 1.4e+01 1.1e+00 0.511 0.463 0.00
  14 -4.711836764e+08 +4.57116693e+08 3.85e+03 1.6e+01 1.2e+00 0.512 0.466 0.00
  15 -4.710533690e+08 +4.56856078e+08 3.71e+03 2.0e+01 1.2e+00 0.513 0.469 0.00
  16 -4.709326653e+08 +4.56614671e+08 3.41e+03 2.4e+01 1.2e+00 0.514 0.471 0.00
  17 -4.708243750e+08 +4.56398090e+08 2.75e+03 2.5e+01 9.5e-01 0.514 0.474 0.00
  18 -4.707311342e+08 +4.56211609e+08 2.47e+03 2.4e+01 6.6e-01 0.515 0.477 0.00
  19 -4.706517745e+08 +4.56052889e+08 2.29e+03 2.3e+01 5.3e-01 0.515 0.479 0.00
  20 -4.705835952e+08 +4.55916531e+08 1.60e+03 2.1e+01 3.9e-01 0.515 0.481 0.00
  21 -4.705241859e+08 +4.55797712e+08 1.25e+03 2.0e+01 3.4e-01 0.514 0.484 0.00
  22 -4.704713770e+08 +4.55692094e+08 1.31e+03 1.9e+01 3.2e-01 0.514 0.486 0.00
  23 -4.704247152e+08 +4.55598771e+08 1.37e+03 1.8e+01 3.5e-01 0.514 0.487 0.00
  24 -4.703831987e+08 +4.55515738e+08 1.51e+03 1.7e+01 3.6e-01 0.514 0.489 0.00
  25 -4.703456937e+08 +4.55440728e+08 1.56e+03 1.6e+01 3.6e-01 0.513 0.490 0.00
  26 -4.703112007e+08 +4.55371742e+08 1.66e+03 1.6e+01 3.8e-01 0.513 0.492 0.00
  27 -4.702788874e+08 +4.55307115e+08 1.73e+03 1.6e+01 4.1e-01 0.513 0.493 0.00
  28 -4.702478703e+08 +4.55245081e+08 1.76e+03 1.6e+01 4.3e-01 0.512 0.495 0.00
  29 -4.702171040e+08 +4.55183548e+08 1.82e+03 1.6e+01 4.4e-01 0.512 0.496 0.00
  30 -4.701849479e+08 +4.55119236e+08 1.95e+03 1.7e+01 4.5e-01 0.512 0.497 0.00
  31 -4.701482421e+08 +4.55045824e+08 2.19e+03 2.0e+01 4.5e-01 0.512 0.498 0.00
  32 -4.701024801e+08 +4.54954301e+08 2.28e+03 2.0e+01 4.8e-01 0.512 0.500 0.00
  33 -4.700606108e+08 +4.54870562e+08 2.08e+03 5.8e+00 5.6e-01 0.511 0.501 0.00
  34 -4.700310355e+08 +4.54811411e+08 1.49e+03 5.3e+00 4.5e-01 0.511 0.502 0.00
  35 -4.700063705e+08 +4.54762081e+08 1.30e+03 5.0e+00 3.7e-01 0.511 0.502 0.00
  36 -4.699848375e+08 +4.54719015e+08 1.20e+03 4.8e+00 3.4e-01 0.511 0.503 0.00
  37 -4.699657014e+08 +4.54680743e+08 1.01e+03 4.6e+00 2.9e-01 0.511 0.504 0.00
  38 -4.699484563e+08 +4.54646253e+08 8.76e+02 4.5e+00 2.5e-01 0.511 0.504 0.00
  39 -4.699327983e+08 +4.54614937e+08 4.96e+02 4.3e+00 2.1e-01 0.511 0.504 0.00
  40 -4.699184972e+08 +4.54586335e+08 5.77e+02 4.1e+00 1.8e-01 0.511 0.505 0.00
  41 -4.699052825e+08 +4.54559905e+08 6.46e+02 3.9e+00 1.6e-01 0.511 0.505 0.00
  42 -4.698929262e+08 +4.54535193e+08 5.36e+02 3.7e+00 1.6e-01 0.511 0.505 0.00
  43 -4.698812396e+08 +4.54511820e+08 4.36e+02 3.6e+00 1.7e-01 0.511 0.506 0.00
  44 -4.698700217e+08 +4.54489384e+08 4.37e+02 3.4e+00 1.8e-01 0.511 0.506 0.00
  45 -4.698590920e+08 +4.54467524e+08 4.43e+02 3.3e+00 2.0e-01 0.511 0.506 0.00
  46 -4.698482937e+08 +4.54445928e+08 4.36e+02 3.1e+00 2.1e-01 0.511 0.506 0.00
  47 -4.698374569e+08 +4.54424254e+08 4.20e+02 3.0e+00 2.3e-01 0.511 0.507 0.00
  48 -4.698263638e+08 +4.54402068e+08 3.97e+02 2.8e+00 2.7e-01 0.512 0.507 0.00
  49 -4.698148448e+08 +4.54379030e+08 3.67e+02 2.7e+00 3.0e-01 0.512 0.507 0.00
  50 -4.698027698e+08 +4.54354880e+08 3.33e+02 2.6e+00 3.3e-01 0.512 0.508 0.00
  51 -4.697900018e+08 +4.54329344e+08 3.58e+02 2.6e+00 3.7e-01 0.512 0.508 0.00
  52 -4.697763785e+08 +4.54302097e+08 3.83e+02 2.7e+00 4.1e-01 0.512 0.508 0.00
  53 -4.697616865e+08 +4.54272713e+08 4.08e+02 3.0e+00 4.6e-01 0.512 0.509 0.00
  54 -4.697457562e+08 +4.54240853e+08 4.44e+02 3.2e+00 5.3e-01 0.512 0.509 0.00
  55 -4.697284409e+08 +4.54206222e+08 5.01e+02 3.5e+00 6.0e-01 0.512 0.509 0.00
  56 -4.697095640e+08 +4.54168468e+08 5.64e+02 3.6e+00 6.9e-01 0.513 0.510 0.00
  57 -4.696888019e+08 +4.54126944e+08 6.16e+02 3.8e+00 8.4e-01 0.513 0.510 0.00
  58 -4.696661516e+08 +4.54081644e+08 6.56e+02 3.8e+00 1.0e+00 0.513 0.510 0.00
  59 -4.696422430e+08 +4.54033826e+08 7.02e+02 3.8e+00 1.1e+00 0.513 0.510 0.00
  60 -4.696183454e+08 +4.53986031e+08 7.08e+02 3.6e+00 1.2e+00 0.514 0.511 0.00
  61 -4.695958160e+08 +4.53940972e+08 7.35e+02 3.6e+00 1.0e+00 0.514 0.511 0.00
  62 -4.695738355e+08 +4.53897011e+08 7.62e+02 3.8e+00 7.8e-01 0.514 0.510 0.00
  63 -4.695535730e+08 +4.53856486e+08 7.93e+02 4.0e+00 6.8e-01 0.514 0.510 0.00
  64 -4.695370695e+08 +4.53823479e+08 8.37e+02 4.1e+00 4.5e-01 0.514 0.511 0.00
  65 -4.695244220e+08 +4.53798184e+08 9.07e+02 4.3e+00 2.4e-01 0.514 0.511 0.00
  66 -4.695130991e+08 +4.53775539e+08 9.83e+02 4.5e+00 1.8e-01 0.514 0.511 0.00
  67 -4.695026113e+08 +4.53754563e+08 1.04e+03 4.6e+00 1.8e-01 0.514 0.511 0.00
  68 -4.694927687e+08 +4.53734878e+08 1.06e+03 4.6e+00 1.9e-01 0.514 0.512 0.00
  69 -4.694835845e+08 +4.53716509e+08 9.97e+02 4.2e+00 2.0e-01 0.514 0.512 0.00
  70 -4.694749947e+08 +4.53699330e+08 8.99e+02 3.4e+00 2.0e-01 0.514 0.512 0.00
  71 -4.694669628e+08 +4.53683266e+08 8.35e+02 3.2e+00 2.1e-01 0.513 0.513 0.00
  72 -4.694594497e+08 +4.53668240e+08 8.45e+02 3.1e+00 2.1e-01 0.513 0.513 0.00
  73 -4.694522793e+08 +4.53653899e+08 8.50e+02 3.0e+00 2.1e-01 0.513 0.513 0.00
  74 -4.694453396e+08 +4.53640020e+08 8.54e+02 2.9e+00 2.3e-01 0.513 0.514 0.00
  75 -4.694385798e+08 +4.53626500e+08 8.75e+02 3.0e+00 2.5e-01 0.513 0.514 0.00
  76 -4.694319353e+08 +4.53613211e+08 9.00e+02 3.2e+00 2.7e-01 0.512 0.514 0.00
  77 -4.694252338e+08 +4.53599808e+08 9.27e+02 3.5e+00 3.0e-01 0.512 0.514 0.00
  78 -4.694183839e+08 +4.53586108e+08 9.77e+02 3.7e+00 3.2e-01 0.512 0.514 0.00
  79 -4.694113633e+08 +4.53572067e+08 5.68e+02 3.9e+00 3.4e-01 0.512 0.515 0.00
  80 -4.694041958e+08 +4.53557732e+08 4.62e+02 4.1e+00 3.5e-01 0.512 0.515 0.00
  81 -4.693968366e+08 +4.53543014e+08 4.13e+02 4.2e+00 3.6e-01 0.512 0.515 0.00
  82 -4.693892529e+08 +4.53527846e+08 4.33e+02 4.3e+00 3.7e-01 0.512 0.515 0.00
  83 -4.693815348e+08 +4.53512410e+08 4.66e+02 4.4e+00 3.7e-01 0.512 0.515 0.00
  84 -4.693738753e+08 +4.53497091e+08 4.61e+02 4.4e+00 3.7e-01 0.512 0.515 0.00
  85 -4.693664889e+08 +4.53482318e+08 5.09e+02 4.4e+00 3.5e-01 0.511 0.515 0.00
  86 -4.693595768e+08 +4.53468494e+08 4.62e+02 4.4e+00 3.3e-01 0.511 0.516 0.00
  87 -4.693532622e+08 +4.53455865e+08 4.36e+02 4.2e+00 2.9e-01 0.511 0.516 0.00
  88 -4.693475841e+08 +4.53444509e+08 4.32e+02 4.1e+00 2.5e-01 0.511 0.516 0.00
  89 -4.693425039e+08 +4.53434348e+08 4.22e+02 3.9e+00 2.1e-01 0.511 0.516 0.00
  90 -4.693379508e+08 +4.53425242e+08 4.16e+02 3.7e+00 1.8e-01 0.511 0.516 0.00
  91 -4.693339248e+08 +4.53417190e+08 4.26e+02 3.4e+00 1.4e-01 0.511 0.516 0.00
  92 -4.693303945e+08 +4.53410129e+08 4.44e+02 3.1e+00 1.1e-01 0.511 0.516 0.00
  93 -4.693271831e+08 +4.53403707e+08 4.61e+02 2.8e+00 9.9e-02 0.511 0.516 0.00
  94 -4.693242235e+08 +4.53397787e+08 4.83e+02 2.5e+00 9.1e-02 0.511 0.516 0.00
  95 -4.693214724e+08 +4.53392285e+08 4.81e+02 2.3e+00 8.5e-02 0.511 0.516 0.00
  96 -4.693188956e+08 +4.53387132e+08 4.66e+02 2.1e+00 8.0e-02 0.511 0.516 0.00
  97 -4.693164697e+08 +4.53382280e+08 4.52e+02 1.9e+00 7.9e-02 0.511 0.516 0.00
  98 -4.693141751e+08 +4.53377691e+08 4.31e+02 1.8e+00 7.9e-02 0.511 0.516 0.00
  99 -4.693119952e+08 +4.53373331e+08 4.09e+02 1.6e+00 7.7e-02 0.511 0.516 0.00
 100 -4.693099171e+08 +4.53369175e+08 3.78e+02 1.5e+00 7.6e-02 0.511 0.516 0.00
> saveRDS(fit, file=paste0("../data/gom-data/topics",clustnum,".human.log.indv-cell.int19k.reg-",data.source,".bc1.rds"))
> 
> 
> #Run analyses for chimp data
> print("Loading chimp data")
[1] "Loading chimp data"
> 
> #Load data
> scrna <- paste0("../data/cellranger-data-full/data.filter.log.indv-cell.int19k.reg-",data.source,".rds")
> data <- readRDS(scrna)
> data <- subset(data, subset=Species=="Chimp")
> 
> #Prepare data (unintegrated count data)
> counts <- as.matrix(data@assays$RNA@counts) #do not use integrated data
> counts <- counts[rowSums(counts>0)>0,]      #remove genes with 0 counts across cells
> counts <- t(as.matrix(counts))              #fix matrix orientation (barcodes x features)
> 
> #Batch correct counts - don't correct for species
> labelBatch1 <- as.factor(paste0(data@meta.data$Pair,data@meta.data$Replicate)[which(rownames(data@meta.data) %in% rownames(counts))])
> countsBC1 <- BatchCorrectedCounts(counts, labelBatch1, use_parallel=FALSE)
> rm(data,counts)
> 
> #Fit fastTopics model and save data
> fit <- fit_poisson_nmf(countsBC1, k=clustnum, numiter=100)
Using 4 RcppParallel threads.
Initializing factors using Topic SCORE algorithm.
Initializing loadings by running 10 SCD updates.
Using 4 RcppParallel threads.
Fitting rank-50 Poisson NMF to 53562 x 18072 dense matrix.
Running 100 SCD updates, without extrapolation (fastTopics 0.3-185).
iter   log-likelihood        deviance res(KKT)  |F-F'|  |L-L'| nz(F) nz(L) beta
   1 -5.137146278e+08 +5.28094281e+08 1.91e+04 1.3e+02 7.5e+00 0.536 0.299 0.00
   2 -4.999691386e+08 +5.00603303e+08 1.68e+04 8.6e+01 8.2e+00 0.529 0.361 0.00
   3 -4.965345588e+08 +4.93734143e+08 7.35e+03 6.9e+01 3.2e+00 0.530 0.387 0.00
   4 -4.949797583e+08 +4.90624542e+08 3.61e+03 6.9e+01 1.8e+00 0.530 0.403 0.00
   5 -4.941182595e+08 +4.88901544e+08 3.20e+03 6.1e+01 9.9e-01 0.530 0.414 0.00
   6 -4.935555244e+08 +4.87776074e+08 2.99e+03 5.3e+01 1.1e+00 0.530 0.422 0.00
   7 -4.931578451e+08 +4.86980716e+08 3.52e+03 4.6e+01 1.0e+00 0.529 0.428 0.00
   8 -4.928575965e+08 +4.86380218e+08 6.01e+03 4.1e+01 2.1e+00 0.530 0.433 0.00
   9 -4.926197744e+08 +4.85904574e+08 6.28e+03 3.5e+01 1.7e+00 0.529 0.438 0.00
  10 -4.924408371e+08 +4.85546700e+08 6.80e+03 3.0e+01 5.9e-01 0.529 0.442 0.00
  11 -4.922997900e+08 +4.85264605e+08 7.03e+03 2.5e+01 4.7e-01 0.529 0.445 0.00
  12 -4.921837524e+08 +4.85032530e+08 6.96e+03 2.2e+01 3.9e-01 0.528 0.449 0.00
  13 -4.920854031e+08 +4.84835832e+08 6.67e+03 1.9e+01 3.6e-01 0.528 0.452 0.00
  14 -4.919997325e+08 +4.84664490e+08 6.34e+03 1.6e+01 3.9e-01 0.528 0.454 0.00
  15 -4.919230208e+08 +4.84511067e+08 6.02e+03 1.4e+01 3.7e-01 0.528 0.457 0.00
  16 -4.918521606e+08 +4.84369347e+08 5.70e+03 1.2e+01 3.2e-01 0.528 0.459 0.00
  17 -4.917861958e+08 +4.84237417e+08 5.17e+03 1.1e+01 3.6e-01 0.528 0.461 0.00
  18 -4.917276850e+08 +4.84120395e+08 4.62e+03 9.6e+00 4.4e-01 0.528 0.462 0.00
  19 -4.916762414e+08 +4.84017508e+08 4.11e+03 8.9e+00 3.6e-01 0.528 0.463 0.00
  20 -4.916296657e+08 +4.83924357e+08 3.66e+03 8.3e+00 3.2e-01 0.528 0.464 0.00
  21 -4.915862202e+08 +4.83837466e+08 3.35e+03 8.0e+00 3.1e-01 0.528 0.465 0.00
  22 -4.915448604e+08 +4.83754746e+08 3.12e+03 7.9e+00 2.8e-01 0.528 0.466 0.00
  23 -4.915046338e+08 +4.83674293e+08 2.99e+03 8.0e+00 3.1e-01 0.528 0.466 0.00
  24 -4.914650923e+08 +4.83595210e+08 2.91e+03 8.1e+00 4.2e-01 0.528 0.467 0.00
  25 -4.914265621e+08 +4.83518150e+08 2.82e+03 8.3e+00 3.4e-01 0.528 0.468 0.00
  26 -4.913888914e+08 +4.83442808e+08 2.71e+03 8.3e+00 3.4e-01 0.529 0.468 0.00
  27 -4.913515748e+08 +4.83368175e+08 2.56e+03 8.0e+00 3.9e-01 0.529 0.469 0.00
  28 -4.913143934e+08 +4.83293812e+08 2.38e+03 7.5e+00 3.9e-01 0.530 0.469 0.00
  29 -4.912775301e+08 +4.83220086e+08 2.24e+03 7.0e+00 4.1e-01 0.530 0.470 0.00
  30 -4.912413756e+08 +4.83147777e+08 2.22e+03 7.1e+00 4.4e-01 0.530 0.470 0.00
  31 -4.912065512e+08 +4.83078128e+08 2.18e+03 6.8e+00 4.6e-01 0.531 0.470 0.00
  32 -4.911740028e+08 +4.83013031e+08 1.23e+03 6.1e+00 4.7e-01 0.531 0.470 0.00
  33 -4.911446375e+08 +4.82954300e+08 9.82e+02 5.1e+00 4.5e-01 0.532 0.470 0.00
  34 -4.911183214e+08 +4.82901668e+08 1.01e+03 4.2e+00 4.2e-01 0.532 0.470 0.00
  35 -4.910945927e+08 +4.82854211e+08 1.12e+03 4.2e+00 3.9e-01 0.532 0.471 0.00
  36 -4.910732148e+08 +4.82811455e+08 1.24e+03 4.5e+00 3.6e-01 0.532 0.471 0.00
  37 -4.910537088e+08 +4.82772443e+08 1.31e+03 4.7e+00 3.2e-01 0.532 0.471 0.00
  38 -4.910358053e+08 +4.82736636e+08 1.35e+03 4.8e+00 2.9e-01 0.532 0.471 0.00
  39 -4.910193932e+08 +4.82703812e+08 1.36e+03 4.9e+00 2.4e-01 0.532 0.472 0.00
  40 -4.910043902e+08 +4.82673806e+08 1.38e+03 5.0e+00 1.9e-01 0.532 0.472 0.00
  41 -4.909907022e+08 +4.82646430e+08 1.41e+03 4.7e+00 1.7e-01 0.532 0.473 0.00
  42 -4.909781947e+08 +4.82621415e+08 1.37e+03 4.5e+00 1.7e-01 0.532 0.473 0.00
  43 -4.909667280e+08 +4.82598481e+08 1.26e+03 4.3e+00 1.5e-01 0.532 0.473 0.00
  44 -4.909561530e+08 +4.82577331e+08 1.33e+03 4.1e+00 1.5e-01 0.532 0.474 0.00
  45 -4.909463483e+08 +4.82557722e+08 1.40e+03 4.0e+00 1.6e-01 0.532 0.474 0.00
  46 -4.909372032e+08 +4.82539432e+08 1.46e+03 4.3e+00 1.7e-01 0.532 0.474 0.00
  47 -4.909286018e+08 +4.82522229e+08 1.52e+03 4.6e+00 1.9e-01 0.532 0.474 0.00
  48 -4.909204879e+08 +4.82506001e+08 1.56e+03 4.8e+00 2.1e-01 0.532 0.474 0.00
  49 -4.909127158e+08 +4.82490457e+08 1.58e+03 4.9e+00 2.3e-01 0.532 0.475 0.00
  50 -4.909051619e+08 +4.82475349e+08 1.60e+03 4.8e+00 2.5e-01 0.532 0.475 0.00
  51 -4.908977853e+08 +4.82460596e+08 1.61e+03 4.5e+00 2.8e-01 0.532 0.475 0.00
  52 -4.908905784e+08 +4.82446182e+08 1.63e+03 4.1e+00 2.9e-01 0.533 0.475 0.00
  53 -4.908836014e+08 +4.82432228e+08 1.66e+03 3.6e+00 2.9e-01 0.533 0.475 0.00
  54 -4.908769420e+08 +4.82418909e+08 1.64e+03 3.5e+00 2.9e-01 0.533 0.475 0.00
  55 -4.908706849e+08 +4.82406395e+08 1.62e+03 3.2e+00 2.9e-01 0.533 0.475 0.00
  56 -4.908648925e+08 +4.82394810e+08 1.60e+03 2.9e+00 2.8e-01 0.533 0.475 0.00
  57 -4.908596074e+08 +4.82384240e+08 1.57e+03 2.6e+00 2.6e-01 0.533 0.475 0.00
  58 -4.908548215e+08 +4.82374668e+08 1.55e+03 2.3e+00 2.4e-01 0.533 0.475 0.00
  59 -4.908504772e+08 +4.82365980e+08 1.52e+03 2.2e+00 2.3e-01 0.534 0.475 0.00
  60 -4.908465245e+08 +4.82358074e+08 1.49e+03 2.2e+00 2.0e-01 0.534 0.474 0.00
  61 -4.908429247e+08 +4.82350875e+08 1.22e+03 2.1e+00 1.8e-01 0.534 0.474 0.00
  62 -4.908396421e+08 +4.82344310e+08 1.14e+03 2.0e+00 1.6e-01 0.534 0.474 0.00
  63 -4.908366264e+08 +4.82338278e+08 1.10e+03 1.8e+00 1.4e-01 0.534 0.474 0.00
  64 -4.908338415e+08 +4.82332708e+08 1.07e+03 1.7e+00 1.2e-01 0.534 0.474 0.00
  65 -4.908312599e+08 +4.82327545e+08 1.03e+03 1.6e+00 1.1e-01 0.534 0.474 0.00
  66 -4.908288548e+08 +4.82322735e+08 1.00e+03 1.5e+00 1.0e-01 0.534 0.474 0.00
  67 -4.908266013e+08 +4.82318228e+08 9.66e+02 1.4e+00 9.7e-02 0.534 0.474 0.00
  68 -4.908244752e+08 +4.82313976e+08 9.32e+02 1.4e+00 9.3e-02 0.534 0.474 0.00
  69 -4.908224589e+08 +4.82309943e+08 8.97e+02 1.4e+00 8.7e-02 0.534 0.474 0.00
  70 -4.908205387e+08 +4.82306103e+08 8.62e+02 1.4e+00 8.1e-02 0.534 0.474 0.00
  71 -4.908187042e+08 +4.82302434e+08 8.30e+02 1.4e+00 7.8e-02 0.534 0.474 0.00
  72 -4.908169473e+08 +4.82298920e+08 8.01e+02 1.4e+00 7.4e-02 0.534 0.474 0.00
  73 -4.908152606e+08 +4.82295547e+08 7.76e+02 1.4e+00 7.1e-02 0.534 0.474 0.00
  74 -4.908136367e+08 +4.82292299e+08 7.34e+02 1.3e+00 6.8e-02 0.534 0.474 0.00
  75 -4.908120691e+08 +4.82289164e+08 6.90e+02 1.3e+00 6.5e-02 0.534 0.474 0.00
  76 -4.908105571e+08 +4.82286140e+08 6.47e+02 1.2e+00 6.2e-02 0.534 0.474 0.00
  77 -4.908091039e+08 +4.82283233e+08 5.99e+02 1.2e+00 6.0e-02 0.534 0.474 0.00
  78 -4.908077230e+08 +4.82280471e+08 5.52e+02 1.1e+00 5.7e-02 0.535 0.474 0.00
  79 -4.908064390e+08 +4.82277903e+08 5.04e+02 1.1e+00 5.4e-02 0.535 0.474 0.00
  80 -4.908052228e+08 +4.82275471e+08 4.63e+02 1.1e+00 5.1e-02 0.535 0.474 0.00
  81 -4.908040619e+08 +4.82273149e+08 3.08e+02 1.1e+00 4.8e-02 0.535 0.473 0.00
  82 -4.908029471e+08 +4.82270920e+08 2.48e+02 1.1e+00 4.6e-02 0.535 0.473 0.00
  83 -4.908018706e+08 +4.82268767e+08 2.18e+02 1.1e+00 4.5e-02 0.535 0.473 0.00
  84 -4.908008260e+08 +4.82266677e+08 1.95e+02 1.1e+00 4.4e-02 0.535 0.473 0.00
  85 -4.907998111e+08 +4.82264648e+08 1.72e+02 1.0e+00 4.4e-02 0.535 0.473 0.00
  86 -4.907988224e+08 +4.82262670e+08 1.66e+02 1.0e+00 4.3e-02 0.535 0.473 0.00
  87 -4.907978550e+08 +4.82260735e+08 1.61e+02 1.0e+00 4.2e-02 0.535 0.473 0.00
  88 -4.907969067e+08 +4.82258839e+08 1.56e+02 1.0e+00 4.1e-02 0.535 0.473 0.00
  89 -4.907959743e+08 +4.82256974e+08 1.83e+02 9.9e-01 4.0e-02 0.535 0.473 0.00
  90 -4.907950558e+08 +4.82255137e+08 2.01e+02 1.0e+00 3.9e-02 0.535 0.473 0.00
  91 -4.907941496e+08 +4.82253325e+08 2.16e+02 1.1e+00 3.9e-02 0.535 0.473 0.00
  92 -4.907932531e+08 +4.82251532e+08 2.29e+02 1.2e+00 4.2e-02 0.535 0.473 0.00
  93 -4.907923639e+08 +4.82249753e+08 2.40e+02 1.2e+00 4.5e-02 0.535 0.473 0.00
  94 -4.907914798e+08 +4.82247985e+08 2.95e+02 1.3e+00 4.9e-02 0.535 0.473 0.00
  95 -4.907905974e+08 +4.82246220e+08 2.99e+02 1.3e+00 5.3e-02 0.535 0.473 0.00
  96 -4.907897129e+08 +4.82244451e+08 2.89e+02 1.4e+00 5.8e-02 0.535 0.473 0.00
  97 -4.907888206e+08 +4.82242667e+08 2.70e+02 1.5e+00 6.4e-02 0.535 0.473 0.00
  98 -4.907879118e+08 +4.82240849e+08 2.64e+02 1.5e+00 7.0e-02 0.535 0.473 0.00
  99 -4.907869719e+08 +4.82238969e+08 2.58e+02 1.6e+00 7.8e-02 0.536 0.473 0.00
 100 -4.907859833e+08 +4.82236992e+08 2.52e+02 1.6e+00 8.7e-02 0.536 0.473 0.00
> saveRDS(fit, file=paste0("../data/gom-data/topics",clustnum,".chimp.log.indv-cell.int19k.reg-",data.source,".bc1.rds"))
> 
> proc.time()
     user    system   elapsed 
687267.56  16989.48 207665.32 
