
R version 3.6.1 (2019-07-05) -- "Action of the Toes"
Copyright (C) 2019 The R Foundation for Statistical Computing
Platform: x86_64-pc-linux-gnu (64-bit)

R is free software and comes with ABSOLUTELY NO WARRANTY.
You are welcome to redistribute it under certain conditions.
Type 'license()' or 'licence()' for distribution details.

R is a collaborative project with many contributors.
Type 'contributors()' for more information and
'citation()' on how to cite R or R packages in publications.

Type 'demo()' for some demos, 'help()' for on-line help, or
'help.start()' for an HTML browser interface to help.
Type 'q()' to quit R.

> #Read in command line arguments as list of character vectors
> args=(commandArgs(TRUE))
> 
> #Check if arguments are passed and cycle through to evaluate each element
> if(length(args)==0){
+   print("No arguments supplied.")
+   #supply default values
+   clustnum=3
+   data.source="tot"
+ }else{
+   for(i in 1:length(args)){
+     eval(parse(text=args[[i]]))
+   }
+ }
> print(paste0("k: ",clustnum))
[1] "k: 3"
> print(paste0("data source: ",data.source))
[1] "data source: t2"
> 
> #Load libraries
> library(Seurat)
> library(CountClust)
Loading required package: ggplot2
> library(classtpx)
Loading required package: slam
> library(fastTopics)
> 
> #Load data
> scrna <- paste0("../data/cellranger-data-full/data.filter.log.indv-cell.int19k.reg-",data.source,".rds")
> data <- readRDS(scrna)
> 
> #Prepare data (unintegrated count data)
> counts <- as.matrix(data@assays$RNA@counts) #do not use integrated data
> counts <- counts[rowSums(counts>0)>0,]      #remove genes with 0 counts across cells
> counts <- t(as.matrix(counts))              #fix matrix orientation (barcodes x features)
> rm(data)
> 
> #Fit fastTopics model and save data
> fit <- fit_poisson_nmf(counts, k=clustnum, numiter=200)
Using 4 RcppParallel threads.
Initializing factors using Topic SCORE algorithm.
Initializing loadings by running 10 SCD updates.
Using 4 RcppParallel threads.
Fitting rank-3 Poisson NMF to 27151 x 17304 dense matrix.
Running 200 SCD updates, without extrapolation (fastTopics 0.3-185).
iter   log-likelihood        deviance res(KKT)  |F-F'|  |L-L'| nz(F) nz(L) beta
   1 -2.656661259e+08 +3.23138074e+08 9.81e+03 1.4e+02 8.7e-01 0.883 0.824 0.00
   2 -2.632208825e+08 +3.18247587e+08 5.28e+03 3.7e+01 1.8e+00 0.887 0.869 0.00
   3 -2.619483541e+08 +3.15702530e+08 7.32e+03 3.4e+01 1.2e+00 0.880 0.872 0.00
   4 -2.613468659e+08 +3.14499554e+08 3.00e+03 2.7e+01 8.2e-01 0.873 0.875 0.00
   5 -2.610242311e+08 +3.13854284e+08 7.85e+03 1.8e+01 4.4e-01 0.864 0.877 0.00
   6 -2.608527246e+08 +3.13511271e+08 9.38e+03 1.6e+01 2.7e-01 0.857 0.884 0.00
   7 -2.607603576e+08 +3.13326537e+08 8.47e+03 1.4e+01 2.6e-01 0.850 0.891 0.00
   8 -2.607080003e+08 +3.13221822e+08 6.78e+03 1.0e+01 1.1e-01 0.845 0.895 0.00
   9 -2.606770096e+08 +3.13159841e+08 4.79e+03 6.9e+00 8.3e-02 0.840 0.899 0.00
  10 -2.606571763e+08 +3.13120175e+08 3.00e+03 4.4e+00 6.5e-02 0.836 0.902 0.00
  11 -2.606432015e+08 +3.13092225e+08 9.17e+02 3.6e+00 5.2e-02 0.834 0.904 0.00
  12 -2.606325711e+08 +3.13070964e+08 5.98e+02 3.2e+00 4.3e-02 0.832 0.905 0.00
  13 -2.606239240e+08 +3.13053670e+08 3.45e+02 2.8e+00 3.7e-02 0.831 0.906 0.00
  14 -2.606165597e+08 +3.13038941e+08 2.96e+02 2.5e+00 3.4e-02 0.830 0.907 0.00
  15 -2.606101653e+08 +3.13026153e+08 2.60e+02 2.3e+00 3.1e-02 0.829 0.908 0.00
  16 -2.606045784e+08 +3.13014979e+08 2.31e+02 2.0e+00 2.9e-02 0.829 0.908 0.00
  17 -2.605996775e+08 +3.13005177e+08 2.06e+02 1.8e+00 2.7e-02 0.829 0.909 0.00
  18 -2.605953722e+08 +3.12996566e+08 1.82e+02 1.6e+00 2.5e-02 0.828 0.909 0.00
  19 -2.605915921e+08 +3.12989006e+08 1.69e+02 1.5e+00 2.4e-02 0.828 0.910 0.00
  20 -2.605882728e+08 +3.12982367e+08 2.01e+02 1.3e+00 2.2e-02 0.828 0.910 0.00
  21 -2.605853586e+08 +3.12976539e+08 2.24e+02 1.2e+00 2.1e-02 0.828 0.911 0.00
  22 -2.605828132e+08 +3.12971448e+08 2.38e+02 1.1e+00 2.0e-02 0.828 0.911 0.00
  23 -2.605805737e+08 +3.12966969e+08 2.45e+02 1.1e+00 1.9e-02 0.828 0.911 0.00
  24 -2.605786356e+08 +3.12963093e+08 2.47e+02 1.0e+00 1.8e-02 0.828 0.912 0.00
  25 -2.605769562e+08 +3.12959734e+08 2.43e+02 9.3e-01 1.7e-02 0.828 0.912 0.00
  26 -2.605754955e+08 +3.12956813e+08 2.36e+02 8.7e-01 1.5e-02 0.828 0.913 0.00
  27 -2.605742261e+08 +3.12954274e+08 2.27e+02 8.1e-01 1.5e-02 0.828 0.913 0.00
  28 -2.605731250e+08 +3.12952072e+08 2.17e+02 7.6e-01 1.4e-02 0.829 0.913 0.00
  29 -2.605721715e+08 +3.12950165e+08 2.05e+02 7.0e-01 1.3e-02 0.829 0.913 0.00
  30 -2.605713497e+08 +3.12948521e+08 1.93e+02 6.5e-01 1.2e-02 0.829 0.913 0.00
  31 -2.605706418e+08 +3.12947106e+08 1.81e+02 6.1e-01 1.2e-02 0.829 0.914 0.00
  32 -2.605700328e+08 +3.12945888e+08 1.69e+02 5.6e-01 1.1e-02 0.829 0.914 0.00
  33 -2.605695245e+08 +3.12944871e+08 1.58e+02 5.2e-01 1.0e-02 0.829 0.914 0.00
  34 -2.605690808e+08 +3.12943983e+08 1.47e+02 4.7e-01 9.5e-03 0.829 0.914 0.00
  35 -2.605687187e+08 +3.12943259e+08 1.36e+02 4.1e-01 8.8e-03 0.829 0.915 0.00
  36 -2.605684223e+08 +3.12942666e+08 1.27e+02 3.8e-01 8.1e-03 0.829 0.915 0.00
  37 -2.605681773e+08 +3.12942176e+08 1.18e+02 3.5e-01 7.4e-03 0.830 0.915 0.00
  38 -2.605679746e+08 +3.12941771e+08 1.09e+02 3.3e-01 6.8e-03 0.830 0.915 0.00
  39 -2.605678074e+08 +3.12941437e+08 1.01e+02 3.0e-01 6.2e-03 0.830 0.915 0.00
  40 -2.605676703e+08 +3.12941162e+08 9.28e+01 2.8e-01 5.7e-03 0.830 0.915 0.00
  41 -2.605675578e+08 +3.12940938e+08 8.56e+01 2.5e-01 5.1e-03 0.830 0.915 0.00
  42 -2.605674656e+08 +3.12940753e+08 7.88e+01 2.3e-01 4.7e-03 0.830 0.915 0.00
  43 -2.605673899e+08 +3.12940602e+08 7.24e+01 2.1e-01 4.2e-03 0.830 0.915 0.00
  44 -2.605673277e+08 +3.12940477e+08 6.65e+01 2.0e-01 3.8e-03 0.830 0.915 0.00
  45 -2.605672765e+08 +3.12940375e+08 6.10e+01 1.9e-01 3.5e-03 0.830 0.915 0.00
  46 -2.605672345e+08 +3.12940291e+08 5.63e+01 1.8e-01 3.1e-03 0.830 0.915 0.00
  47 -2.605672000e+08 +3.12940222e+08 5.22e+01 1.7e-01 2.8e-03 0.830 0.915 0.00
  48 -2.605671716e+08 +3.12940165e+08 4.83e+01 1.6e-01 2.5e-03 0.830 0.915 0.00
  49 -2.605671483e+08 +3.12940118e+08 4.46e+01 1.5e-01 2.3e-03 0.831 0.915 0.00
  50 -2.605671291e+08 +3.12940080e+08 4.11e+01 1.4e-01 2.0e-03 0.831 0.915 0.00
  51 -2.605671130e+08 +3.12940048e+08 3.79e+01 1.4e-01 1.9e-03 0.831 0.915 0.00
  52 -2.605670990e+08 +3.12940020e+08 3.53e+01 1.3e-01 1.7e-03 0.831 0.915 0.00
  53 -2.605670868e+08 +3.12939996e+08 3.29e+01 1.2e-01 1.6e-03 0.831 0.915 0.00
  54 -2.605670762e+08 +3.12939974e+08 3.08e+01 1.1e-01 1.4e-03 0.831 0.915 0.00
  55 -2.605670668e+08 +3.12939956e+08 2.89e+01 1.0e-01 1.3e-03 0.831 0.915 0.00
  56 -2.605670586e+08 +3.12939939e+08 2.72e+01 9.4e-02 1.2e-03 0.831 0.915 0.00
  57 -2.605670514e+08 +3.12939925e+08 2.56e+01 8.8e-02 1.1e-03 0.831 0.915 0.00
  58 -2.605670450e+08 +3.12939912e+08 2.41e+01 8.2e-02 1.0e-03 0.831 0.915 0.00
  59 -2.605670394e+08 +3.12939901e+08 2.27e+01 7.6e-02 9.5e-04 0.831 0.915 0.00
  60 -2.605670344e+08 +3.12939891e+08 2.14e+01 7.1e-02 8.8e-04 0.831 0.915 0.00
  61 -2.605670300e+08 +3.12939882e+08 2.01e+01 6.6e-02 8.3e-04 0.831 0.915 0.00
  62 -2.605670261e+08 +3.12939874e+08 1.89e+01 6.2e-02 7.8e-04 0.831 0.915 0.00
  63 -2.605670227e+08 +3.12939867e+08 1.78e+01 5.8e-02 7.3e-04 0.831 0.915 0.00
  64 -2.605670197e+08 +3.12939861e+08 1.68e+01 5.4e-02 6.9e-04 0.831 0.915 0.00
  65 -2.605670170e+08 +3.12939856e+08 1.58e+01 5.1e-02 6.5e-04 0.831 0.915 0.00
  66 -2.605670146e+08 +3.12939851e+08 1.49e+01 4.7e-02 6.1e-04 0.831 0.915 0.00
  67 -2.605670125e+08 +3.12939847e+08 1.40e+01 4.4e-02 5.7e-04 0.831 0.915 0.00
  68 -2.605670106e+08 +3.12939843e+08 1.32e+01 4.1e-02 5.4e-04 0.831 0.915 0.00
  69 -2.605670090e+08 +3.12939840e+08 1.24e+01 3.9e-02 5.1e-04 0.831 0.915 0.00
  70 -2.605670075e+08 +3.12939837e+08 1.17e+01 3.6e-02 4.8e-04 0.831 0.915 0.00
  71 -2.605670062e+08 +3.12939834e+08 1.10e+01 3.4e-02 4.5e-04 0.831 0.915 0.00
  72 -2.605670051e+08 +3.12939832e+08 1.03e+01 3.2e-02 4.2e-04 0.831 0.915 0.00
  73 -2.605670040e+08 +3.12939830e+08 9.73e+00 3.0e-02 4.0e-04 0.831 0.915 0.00
  74 -2.605670031e+08 +3.12939828e+08 9.16e+00 2.8e-02 3.8e-04 0.831 0.915 0.00
  75 -2.605670023e+08 +3.12939827e+08 8.62e+00 2.6e-02 3.5e-04 0.831 0.915 0.00
  76 -2.605670016e+08 +3.12939825e+08 8.11e+00 2.5e-02 3.3e-04 0.831 0.915 0.00
  77 -2.605670010e+08 +3.12939824e+08 7.63e+00 2.3e-02 3.1e-04 0.831 0.915 0.00
  78 -2.605670004e+08 +3.12939823e+08 7.17e+00 2.2e-02 2.9e-04 0.831 0.915 0.00
  79 -2.605670000e+08 +3.12939822e+08 6.75e+00 2.0e-02 2.8e-04 0.831 0.915 0.00
  80 -2.605669995e+08 +3.12939821e+08 6.34e+00 1.9e-02 2.6e-04 0.831 0.915 0.00
  81 -2.605669991e+08 +3.12939820e+08 5.96e+00 1.8e-02 2.5e-04 0.831 0.915 0.00
  82 -2.605669988e+08 +3.12939819e+08 5.60e+00 1.7e-02 2.3e-04 0.831 0.915 0.00
  83 -2.605669985e+08 +3.12939819e+08 5.26e+00 1.6e-02 2.2e-04 0.831 0.915 0.00
  84 -2.605669982e+08 +3.12939818e+08 4.94e+00 1.5e-02 2.0e-04 0.831 0.915 0.00
  85 -2.605669980e+08 +3.12939818e+08 4.64e+00 1.4e-02 1.9e-04 0.831 0.915 0.00
  86 -2.605669978e+08 +3.12939818e+08 4.36e+00 1.3e-02 1.8e-04 0.831 0.915 0.00
  87 -2.605669976e+08 +3.12939817e+08 4.09e+00 1.2e-02 1.7e-04 0.831 0.915 0.00
  88 -2.605669975e+08 +3.12939817e+08 3.85e+00 1.2e-02 1.6e-04 0.831 0.915 0.00
  89 -2.605669973e+08 +3.12939817e+08 3.61e+00 1.1e-02 1.5e-04 0.831 0.915 0.00
  90 -2.605669972e+08 +3.12939816e+08 3.39e+00 1.0e-02 1.4e-04 0.831 0.915 0.00
  91 -2.605669971e+08 +3.12939816e+08 3.19e+00 9.6e-03 1.3e-04 0.831 0.915 0.00
  92 -2.605669970e+08 +3.12939816e+08 2.99e+00 9.0e-03 1.2e-04 0.831 0.915 0.00
  93 -2.605669969e+08 +3.12939816e+08 2.81e+00 8.5e-03 1.2e-04 0.831 0.915 0.00
  94 -2.605669968e+08 +3.12939816e+08 2.64e+00 8.0e-03 1.1e-04 0.831 0.915 0.00
  95 -2.605669968e+08 +3.12939815e+08 2.48e+00 7.5e-03 1.0e-04 0.831 0.915 0.00
  96 -2.605669967e+08 +3.12939815e+08 2.33e+00 7.0e-03 9.6e-05 0.831 0.915 0.00
  97 -2.605669967e+08 +3.12939815e+08 2.19e+00 6.6e-03 9.0e-05 0.831 0.915 0.00
  98 -2.605669966e+08 +3.12939815e+08 2.05e+00 6.2e-03 8.5e-05 0.831 0.915 0.00
  99 -2.605669966e+08 +3.12939815e+08 1.93e+00 5.8e-03 8.0e-05 0.831 0.915 0.00
 100 -2.605669965e+08 +3.12939815e+08 1.81e+00 5.5e-03 7.5e-05 0.831 0.915 0.00
 101 -2.605669965e+08 +3.12939815e+08 1.70e+00 5.1e-03 7.0e-05 0.831 0.915 0.00
 102 -2.605669965e+08 +3.12939815e+08 1.60e+00 4.8e-03 6.6e-05 0.831 0.915 0.00
 103 -2.605669965e+08 +3.12939815e+08 1.50e+00 4.5e-03 6.2e-05 0.831 0.915 0.00
 104 -2.605669964e+08 +3.12939815e+08 1.41e+00 4.3e-03 5.8e-05 0.831 0.915 0.00
 105 -2.605669964e+08 +3.12939815e+08 1.32e+00 4.0e-03 5.5e-05 0.831 0.915 0.00
 106 -2.605669964e+08 +3.12939815e+08 1.24e+00 3.8e-03 5.1e-05 0.831 0.915 0.00
 107 -2.605669964e+08 +3.12939815e+08 1.17e+00 3.5e-03 4.8e-05 0.831 0.915 0.00
 108 -2.605669964e+08 +3.12939815e+08 1.10e+00 3.3e-03 4.5e-05 0.831 0.915 0.00
 109 -2.605669964e+08 +3.12939815e+08 1.03e+00 3.1e-03 4.3e-05 0.831 0.915 0.00
 110 -2.605669963e+08 +3.12939815e+08 9.68e-01 2.9e-03 4.0e-05 0.831 0.915 0.00
 111 -2.605669963e+08 +3.12939815e+08 9.09e-01 2.8e-03 3.8e-05 0.831 0.915 0.00
 112 -2.605669963e+08 +3.12939815e+08 8.54e-01 2.6e-03 3.5e-05 0.831 0.915 0.00
 113 -2.605669963e+08 +3.12939815e+08 8.02e-01 2.4e-03 3.3e-05 0.831 0.915 0.00
 114 -2.605669963e+08 +3.12939815e+08 7.53e-01 2.3e-03 3.1e-05 0.831 0.915 0.00
 115 -2.605669963e+08 +3.12939815e+08 7.07e-01 2.1e-03 2.9e-05 0.831 0.915 0.00
 116 -2.605669963e+08 +3.12939815e+08 6.64e-01 2.0e-03 2.7e-05 0.831 0.915 0.00
 117 -2.605669963e+08 +3.12939814e+08 6.24e-01 1.9e-03 2.6e-05 0.831 0.915 0.00
 118 -2.605669963e+08 +3.12939814e+08 5.86e-01 1.8e-03 2.4e-05 0.831 0.915 0.00
 119 -2.605669963e+08 +3.12939814e+08 5.51e-01 1.7e-03 2.3e-05 0.831 0.915 0.00
 120 -2.605669963e+08 +3.12939814e+08 5.17e-01 1.6e-03 2.1e-05 0.831 0.915 0.00
 121 -2.605669963e+08 +3.12939814e+08 4.86e-01 1.5e-03 2.0e-05 0.831 0.915 0.00
 122 -2.605669963e+08 +3.12939814e+08 4.56e-01 1.4e-03 1.9e-05 0.831 0.915 0.00
 123 -2.605669963e+08 +3.12939814e+08 4.29e-01 1.3e-03 1.8e-05 0.831 0.915 0.00
 124 -2.605669963e+08 +3.12939814e+08 4.03e-01 1.2e-03 1.7e-05 0.831 0.915 0.00
 125 -2.605669963e+08 +3.12939814e+08 3.78e-01 1.1e-03 1.6e-05 0.831 0.915 0.00
 126 -2.605669963e+08 +3.12939814e+08 3.55e-01 1.1e-03 1.5e-05 0.831 0.915 0.00
 127 -2.605669963e+08 +3.12939814e+08 3.34e-01 1.0e-03 1.5e-05 0.831 0.915 0.00
 128 -2.605669963e+08 +3.12939814e+08 3.14e-01 9.5e-04 1.5e-05 0.831 0.915 0.00
 129 -2.605669963e+08 +3.12939814e+08 2.95e-01 9.0e-04 1.5e-05 0.831 0.915 0.00
 130 -2.605669963e+08 +3.12939814e+08 2.77e-01 8.4e-04 1.1e-05 0.831 0.915 0.00
 131 -2.605669963e+08 +3.12939814e+08 2.60e-01 7.9e-04 1.1e-05 0.831 0.915 0.00
 132 -2.605669963e+08 +3.12939814e+08 2.44e-01 7.4e-04 1.0e-05 0.831 0.915 0.00
 133 -2.605669963e+08 +3.12939814e+08 2.29e-01 7.0e-04 9.5e-06 0.831 0.915 0.00
 134 -2.605669963e+08 +3.12939814e+08 2.15e-01 6.5e-04 8.9e-06 0.831 0.915 0.00
 135 -2.605669963e+08 +3.12939814e+08 2.02e-01 6.1e-04 8.4e-06 0.831 0.915 0.00
 136 -2.605669963e+08 +3.12939814e+08 1.90e-01 5.8e-04 7.9e-06 0.831 0.915 0.00
 137 -2.605669963e+08 +3.12939814e+08 1.79e-01 5.4e-04 7.4e-06 0.831 0.915 0.00
 138 -2.605669963e+08 +3.12939814e+08 1.68e-01 5.1e-04 6.9e-06 0.831 0.915 0.00
 139 -2.605669963e+08 +3.12939814e+08 1.58e-01 4.8e-04 6.5e-06 0.831 0.915 0.00
 140 -2.605669963e+08 +3.12939814e+08 1.48e-01 4.5e-04 6.1e-06 0.831 0.915 0.00
 141 -2.605669963e+08 +3.12939814e+08 1.39e-01 4.2e-04 5.7e-06 0.831 0.915 0.00
 142 -2.605669963e+08 +3.12939814e+08 1.31e-01 4.0e-04 5.4e-06 0.831 0.915 0.00
 143 -2.605669963e+08 +3.12939814e+08 1.23e-01 3.7e-04 5.1e-06 0.831 0.915 0.00
 144 -2.605669963e+08 +3.12939814e+08 1.15e-01 3.5e-04 4.8e-06 0.831 0.915 0.00
 145 -2.605669963e+08 +3.12939814e+08 1.08e-01 3.3e-04 4.5e-06 0.831 0.915 0.00
 146 -2.605669963e+08 +3.12939814e+08 1.02e-01 3.1e-04 4.2e-06 0.831 0.915 0.00
 147 -2.605669963e+08 +3.12939814e+08 9.54e-02 2.9e-04 3.9e-06 0.831 0.915 0.00
 148 -2.605669963e+08 +3.12939814e+08 8.96e-02 2.7e-04 3.7e-06 0.831 0.915 0.00
 149 -2.605669963e+08 +3.12939814e+08 8.42e-02 2.5e-04 3.5e-06 0.831 0.915 0.00
 150 -2.605669963e+08 +3.12939814e+08 7.91e-02 2.4e-04 3.3e-06 0.831 0.915 0.00
 151 -2.605669963e+08 +3.12939814e+08 7.43e-02 2.2e-04 3.1e-06 0.831 0.915 0.00
 152 -2.605669963e+08 +3.12939814e+08 6.98e-02 2.1e-04 2.9e-06 0.831 0.915 0.00
 153 -2.605669963e+08 +3.12939814e+08 6.55e-02 2.0e-04 2.7e-06 0.831 0.915 0.00
 154 -2.605669963e+08 +3.12939814e+08 6.15e-02 1.9e-04 2.5e-06 0.831 0.915 0.00
 155 -2.605669963e+08 +3.12939814e+08 5.78e-02 1.7e-04 2.4e-06 0.831 0.915 0.00
 156 -2.605669963e+08 +3.12939814e+08 5.43e-02 1.6e-04 2.2e-06 0.831 0.915 0.00
 157 -2.605669963e+08 +3.12939814e+08 5.10e-02 1.5e-04 2.1e-06 0.831 0.915 0.00
 158 -2.605669963e+08 +3.12939814e+08 4.79e-02 1.4e-04 2.0e-06 0.831 0.915 0.00
 159 -2.605669963e+08 +3.12939814e+08 4.50e-02 1.4e-04 1.9e-06 0.831 0.915 0.00
 160 -2.605669963e+08 +3.12939814e+08 4.23e-02 1.3e-04 1.7e-06 0.831 0.915 0.00
 161 -2.605669963e+08 +3.12939814e+08 3.97e-02 1.2e-04 1.6e-06 0.831 0.915 0.00
 162 -2.605669963e+08 +3.12939814e+08 3.73e-02 1.1e-04 1.5e-06 0.831 0.915 0.00
 163 -2.605669963e+08 +3.12939814e+08 3.50e-02 1.1e-04 1.4e-06 0.831 0.915 0.00
 164 -2.605669963e+08 +3.12939814e+08 3.29e-02 9.9e-05 1.4e-06 0.831 0.915 0.00
 165 -2.605669963e+08 +3.12939814e+08 3.09e-02 9.3e-05 1.3e-06 0.831 0.915 0.00
 166 -2.605669963e+08 +3.12939814e+08 2.90e-02 8.7e-05 1.2e-06 0.831 0.915 0.00
 167 -2.605669963e+08 +3.12939814e+08 2.73e-02 8.2e-05 1.1e-06 0.831 0.915 0.00
 168 -2.605669963e+08 +3.12939814e+08 2.56e-02 7.7e-05 1.1e-06 0.831 0.915 0.00
 169 -2.605669963e+08 +3.12939814e+08 2.41e-02 7.2e-05 9.9e-07 0.831 0.915 0.00
 170 -2.605669963e+08 +3.12939814e+08 2.26e-02 6.8e-05 9.3e-07 0.831 0.915 0.00
 171 -2.605669963e+08 +3.12939814e+08 2.12e-02 6.4e-05 8.8e-07 0.831 0.915 0.00
 172 -2.605669963e+08 +3.12939814e+08 1.99e-02 6.0e-05 8.3e-07 0.831 0.915 0.00
 173 -2.605669963e+08 +3.12939814e+08 1.87e-02 5.6e-05 8.4e-07 0.831 0.915 0.00
 174 -2.605669963e+08 +3.12939814e+08 1.76e-02 5.3e-05 8.4e-07 0.831 0.915 0.00
 175 -2.605669963e+08 +3.12939814e+08 1.65e-02 4.9e-05 8.5e-07 0.831 0.915 0.00
 176 -2.605669963e+08 +3.12939814e+08 1.55e-02 4.6e-05 8.6e-07 0.831 0.915 0.00
 177 -2.605669963e+08 +3.12939814e+08 1.46e-02 4.3e-05 8.6e-07 0.831 0.915 0.00
 178 -2.605669963e+08 +3.12939814e+08 1.37e-02 4.1e-05 8.7e-07 0.831 0.915 0.00
 179 -2.605669963e+08 +3.12939814e+08 1.29e-02 3.8e-05 8.8e-07 0.831 0.915 0.00
 180 -2.605669963e+08 +3.12939814e+08 1.21e-02 3.6e-05 8.8e-07 0.831 0.915 0.00
 181 -2.605669963e+08 +3.12939814e+08 1.13e-02 3.4e-05 8.9e-07 0.831 0.915 0.00
 182 -2.605669963e+08 +3.12939814e+08 1.07e-02 3.2e-05 8.9e-07 0.831 0.915 0.00
 183 -2.605669963e+08 +3.12939814e+08 1.00e-02 3.0e-05 9.0e-07 0.831 0.915 0.00
 184 -2.605669963e+08 +3.12939814e+08 9.40e-03 2.8e-05 9.1e-07 0.831 0.915 0.00
 185 -2.605669963e+08 +3.12939814e+08 8.83e-03 2.6e-05 9.1e-07 0.831 0.915 0.00
 186 -2.605669963e+08 +3.12939814e+08 8.29e-03 2.4e-05 9.2e-07 0.831 0.915 0.00
 187 -2.605669963e+08 +3.12939814e+08 7.78e-03 2.3e-05 9.2e-07 0.831 0.915 0.00
 188 -2.605669963e+08 +3.12939814e+08 7.31e-03 2.1e-05 9.3e-07 0.831 0.915 0.00
 189 -2.605669963e+08 +3.12939814e+08 6.87e-03 2.0e-05 9.3e-07 0.831 0.915 0.00
 190 -2.605669963e+08 +3.12939814e+08 6.45e-03 1.9e-05 9.4e-07 0.831 0.915 0.00
 191 -2.605669963e+08 +3.12939814e+08 6.06e-03 1.8e-05 9.5e-07 0.831 0.915 0.00
 192 -2.605669963e+08 +3.12939814e+08 5.69e-03 1.7e-05 9.5e-07 0.831 0.915 0.00
 193 -2.605669963e+08 +3.12939814e+08 5.34e-03 1.6e-05 9.6e-07 0.831 0.915 0.00
 194 -2.605669963e+08 +3.12939814e+08 5.02e-03 1.5e-05 9.6e-07 0.831 0.915 0.00
 195 -2.605669963e+08 +3.12939814e+08 4.71e-03 1.4e-05 9.7e-07 0.831 0.915 0.00
 196 -2.605669963e+08 +3.12939814e+08 4.42e-03 1.3e-05 9.7e-07 0.831 0.915 0.00
 197 -2.605669963e+08 +3.12939814e+08 4.15e-03 1.2e-05 9.8e-07 0.831 0.915 0.00
 198 -2.605669963e+08 +3.12939814e+08 3.90e-03 1.1e-05 9.9e-07 0.831 0.915 0.00
 199 -2.605669963e+08 +3.12939814e+08 3.66e-03 1.1e-05 9.9e-07 0.831 0.915 0.00
 200 -2.605669963e+08 +3.12939814e+08 3.44e-03 1.0e-05 1.0e-06 0.831 0.915 0.00
> saveRDS(fit, file=paste0("../data/cellranger-data-full/topics",clustnum,".log.indv-cell.int19k.reg-",data.source,".rds"))
> 
> proc.time()
     user    system   elapsed 
23194.122  3145.938 18293.183 
