
R version 3.6.1 (2019-07-05) -- "Action of the Toes"
Copyright (C) 2019 The R Foundation for Statistical Computing
Platform: x86_64-pc-linux-gnu (64-bit)

R is free software and comes with ABSOLUTELY NO WARRANTY.
You are welcome to redistribute it under certain conditions.
Type 'license()' or 'licence()' for distribution details.

R is a collaborative project with many contributors.
Type 'contributors()' for more information and
'citation()' on how to cite R or R packages in publications.

Type 'demo()' for some demos, 'help()' for on-line help, or
'help.start()' for an HTML browser interface to help.
Type 'q()' to quit R.

> #Read in command line arguments as list of character vectors
> args=(commandArgs(TRUE))
> 
> #Check if arguments are passed and cycle through to evaluate each element
> if(length(args)==0){
+   print("No arguments supplied.")
+   #supply default values
+   clustnum=3
+   data.source="tot"
+ }else{
+   for(i in 1:length(args)){
+     eval(parse(text=args[[i]]))
+   }
+ }
> print(paste0("k: ",clustnum))
[1] "k: 20"
> print(paste0("data source: ",data.source))
[1] "data source: tot"
> 
> #Load libraries
> library(Seurat)
> library(CountClust)
Loading required package: ggplot2
> library(classtpx)
Loading required package: slam
> library(fastTopics)
> 
> 
> #Run analyses for human data
> print("Loading human data")
[1] "Loading human data"
> 
> #Load data
> scrna <- paste0("../data/cellranger-data-full/data.filter.log.indv-cell.int19k.reg-",data.source,".rds")
> data <- readRDS(scrna)
> data <- subset(data, subset=Species=="Human")
> 
> #Prepare data (unintegrated count data)
> counts <- as.matrix(data@assays$RNA@counts) #do not use integrated data
> counts <- counts[rowSums(counts>0)>0,]      #remove genes with 0 counts across cells
> counts <- t(as.matrix(counts))              #fix matrix orientation (barcodes x features)
> 
> #Batch correct counts - don't correct for species
> labelBatch1 <- as.factor(paste0(data@meta.data$Pair,data@meta.data$Replicate)[which(rownames(data@meta.data) %in% rownames(counts))])
> countsBC1 <- BatchCorrectedCounts(counts, labelBatch1, use_parallel=FALSE)
> rm(data,counts)
> 
> #Fit fastTopics model and save data
> fit <- fit_poisson_nmf(countsBC1, k=clustnum, numiter=100)
Using 4 RcppParallel threads.
Initializing factors using Topic SCORE algorithm.
Initializing loadings by running 10 SCD updates.
Using 4 RcppParallel threads.
Fitting rank-20 Poisson NMF to 47972 x 18142 dense matrix.
Running 100 SCD updates, without extrapolation (fastTopics 0.3-185).
iter   log-likelihood        deviance res(KKT)  |F-F'|  |L-L'| nz(F) nz(L) beta
   1 -5.059915485e+08 +5.26732437e+08 1.09e+05 1.4e+02 8.4e+00 0.604 0.399 0.00
   2 -4.930684933e+08 +5.00886327e+08 2.63e+04 9.0e+01 7.5e+00 0.609 0.489 0.00
   3 -4.901556693e+08 +4.95060679e+08 1.20e+04 5.0e+01 2.0e+00 0.615 0.524 0.00
   4 -4.886618475e+08 +4.92073035e+08 3.32e+04 5.0e+01 1.2e+00 0.620 0.544 0.00
   5 -4.875991343e+08 +4.89947609e+08 3.36e+04 5.0e+01 1.1e+00 0.625 0.557 0.00
   6 -4.867921379e+08 +4.88333616e+08 1.18e+04 3.4e+01 1.1e+00 0.628 0.565 0.00
   7 -4.862106849e+08 +4.87170710e+08 8.58e+03 2.3e+01 8.5e-01 0.631 0.569 0.00
   8 -4.857885590e+08 +4.86326458e+08 8.29e+03 1.9e+01 8.7e-01 0.633 0.571 0.00
   9 -4.854713577e+08 +4.85692056e+08 7.50e+03 1.7e+01 7.5e-01 0.634 0.573 0.00
  10 -4.852239047e+08 +4.85197150e+08 7.25e+03 1.5e+01 5.6e-01 0.635 0.574 0.00
  11 -4.850265760e+08 +4.84802492e+08 7.63e+03 1.3e+01 4.9e-01 0.636 0.576 0.00
  12 -4.848673373e+08 +4.84484015e+08 3.24e+03 1.1e+01 4.4e-01 0.637 0.577 0.00
  13 -4.847362772e+08 +4.84221895e+08 3.10e+03 7.9e+00 4.3e-01 0.638 0.578 0.00
  14 -4.846279338e+08 +4.84005208e+08 2.16e+03 7.1e+00 4.3e-01 0.638 0.578 0.00
  15 -4.845398930e+08 +4.83829126e+08 2.09e+03 6.4e+00 3.9e-01 0.639 0.578 0.00
  16 -4.844685231e+08 +4.83686386e+08 2.16e+03 5.4e+00 3.4e-01 0.639 0.579 0.00
  17 -4.844106237e+08 +4.83570588e+08 2.16e+03 5.0e+00 3.1e-01 0.640 0.579 0.00
  18 -4.843631918e+08 +4.83475724e+08 2.07e+03 4.8e+00 2.6e-01 0.640 0.579 0.00
  19 -4.843237648e+08 +4.83396870e+08 2.00e+03 4.3e+00 2.1e-01 0.640 0.579 0.00
  20 -4.842907465e+08 +4.83330833e+08 1.78e+03 4.0e+00 1.8e-01 0.640 0.579 0.00
  21 -4.842628030e+08 +4.83274946e+08 1.84e+03 3.6e+00 1.6e-01 0.640 0.579 0.00
  22 -4.842387720e+08 +4.83226884e+08 1.80e+03 3.5e+00 1.4e-01 0.640 0.579 0.00
  23 -4.842177534e+08 +4.83184847e+08 1.73e+03 3.5e+00 1.3e-01 0.640 0.579 0.00
  24 -4.841990589e+08 +4.83147458e+08 1.80e+03 3.5e+00 1.4e-01 0.641 0.579 0.00
  25 -4.841821708e+08 +4.83113682e+08 2.03e+03 3.6e+00 1.4e-01 0.641 0.579 0.00
  26 -4.841667119e+08 +4.83082764e+08 2.28e+03 3.5e+00 1.4e-01 0.641 0.579 0.00
  27 -4.841524482e+08 +4.83054237e+08 2.54e+03 3.5e+00 1.4e-01 0.641 0.579 0.00
  28 -4.841392404e+08 +4.83027821e+08 2.75e+03 3.5e+00 1.3e-01 0.640 0.579 0.00
  29 -4.841270546e+08 +4.83003449e+08 2.93e+03 3.4e+00 1.3e-01 0.640 0.579 0.00
  30 -4.841157758e+08 +4.82980892e+08 3.07e+03 3.2e+00 1.2e-01 0.640 0.579 0.00
  31 -4.841052607e+08 +4.82959862e+08 2.94e+03 3.0e+00 1.1e-01 0.640 0.579 0.00
  32 -4.840954051e+08 +4.82940151e+08 2.76e+03 2.7e+00 1.1e-01 0.640 0.579 0.00
  33 -4.840861694e+08 +4.82921679e+08 2.56e+03 2.5e+00 1.0e-01 0.640 0.579 0.00
  34 -4.840775149e+08 +4.82904370e+08 2.33e+03 2.2e+00 9.6e-02 0.640 0.580 0.00
  35 -4.840693416e+08 +4.82888024e+08 1.70e+03 2.0e+00 9.1e-02 0.640 0.580 0.00
  36 -4.840616211e+08 +4.82872583e+08 8.69e+02 1.9e+00 8.6e-02 0.639 0.580 0.00
  37 -4.840542956e+08 +4.82857932e+08 9.70e+02 1.8e+00 8.1e-02 0.639 0.580 0.00
  38 -4.840472732e+08 +4.82843887e+08 1.04e+03 1.9e+00 7.7e-02 0.639 0.581 0.00
  39 -4.840405608e+08 +4.82830462e+08 1.09e+03 1.9e+00 7.2e-02 0.639 0.581 0.00
  40 -4.840342061e+08 +4.82817753e+08 1.12e+03 1.9e+00 6.7e-02 0.639 0.581 0.00
  41 -4.840282128e+08 +4.82805766e+08 1.14e+03 2.0e+00 6.3e-02 0.638 0.581 0.00
  42 -4.840225820e+08 +4.82794504e+08 1.14e+03 2.0e+00 5.8e-02 0.638 0.582 0.00
  43 -4.840172891e+08 +4.82783918e+08 1.13e+03 2.1e+00 5.6e-02 0.638 0.582 0.00
  44 -4.840123213e+08 +4.82773983e+08 1.11e+03 2.1e+00 5.8e-02 0.638 0.582 0.00
  45 -4.840076794e+08 +4.82764699e+08 1.10e+03 2.2e+00 6.0e-02 0.638 0.582 0.00
  46 -4.840033478e+08 +4.82756036e+08 1.08e+03 2.2e+00 6.2e-02 0.638 0.583 0.00
  47 -4.839992913e+08 +4.82747923e+08 1.05e+03 2.3e+00 6.5e-02 0.637 0.583 0.00
  48 -4.839954750e+08 +4.82740290e+08 1.03e+03 2.4e+00 6.7e-02 0.637 0.583 0.00
  49 -4.839918702e+08 +4.82733081e+08 1.01e+03 2.4e+00 7.0e-02 0.637 0.583 0.00
  50 -4.839884474e+08 +4.82726235e+08 9.90e+02 2.5e+00 7.4e-02 0.637 0.583 0.00
  51 -4.839851811e+08 +4.82719702e+08 9.71e+02 2.7e+00 7.8e-02 0.637 0.584 0.00
  52 -4.839820488e+08 +4.82713438e+08 9.53e+02 2.8e+00 8.4e-02 0.637 0.584 0.00
  53 -4.839790256e+08 +4.82707392e+08 9.37e+02 2.9e+00 8.9e-02 0.637 0.584 0.00
  54 -4.839760812e+08 +4.82701503e+08 9.24e+02 3.1e+00 9.5e-02 0.637 0.584 0.00
  55 -4.839731839e+08 +4.82695708e+08 9.13e+02 3.2e+00 1.0e-01 0.637 0.584 0.00
  56 -4.839703041e+08 +4.82689949e+08 9.04e+02 3.4e+00 1.1e-01 0.637 0.584 0.00
  57 -4.839674090e+08 +4.82684158e+08 8.98e+02 3.7e+00 1.2e-01 0.636 0.584 0.00
  58 -4.839644618e+08 +4.82678264e+08 8.95e+02 3.9e+00 1.2e-01 0.636 0.584 0.00
  59 -4.839614265e+08 +4.82672193e+08 8.93e+02 4.2e+00 1.3e-01 0.636 0.584 0.00
  60 -4.839582731e+08 +4.82665887e+08 4.71e+02 4.4e+00 1.4e-01 0.636 0.584 0.00
  61 -4.839549723e+08 +4.82659285e+08 4.56e+02 4.7e+00 1.4e-01 0.636 0.584 0.00
  62 -4.839514937e+08 +4.82652328e+08 4.41e+02 5.0e+00 1.5e-01 0.636 0.584 0.00
  63 -4.839478102e+08 +4.82644961e+08 4.32e+02 5.3e+00 1.6e-01 0.636 0.584 0.00
  64 -4.839438925e+08 +4.82637125e+08 4.29e+02 5.7e+00 1.8e-01 0.636 0.584 0.00
  65 -4.839397114e+08 +4.82628763e+08 4.29e+02 6.1e+00 1.9e-01 0.636 0.584 0.00
  66 -4.839352399e+08 +4.82619820e+08 4.32e+02 6.5e+00 2.1e-01 0.635 0.584 0.00
  67 -4.839304475e+08 +4.82610235e+08 4.38e+02 7.0e+00 2.2e-01 0.635 0.584 0.00
  68 -4.839252918e+08 +4.82599924e+08 4.46e+02 7.6e+00 2.3e-01 0.635 0.584 0.00
  69 -4.839197296e+08 +4.82588800e+08 4.56e+02 8.3e+00 2.5e-01 0.635 0.584 0.00
  70 -4.839137107e+08 +4.82576762e+08 4.68e+02 9.0e+00 2.5e-01 0.635 0.584 0.00
  71 -4.839071750e+08 +4.82563690e+08 4.83e+02 9.7e+00 2.6e-01 0.635 0.584 0.00
  72 -4.839000689e+08 +4.82549478e+08 5.00e+02 1.1e+01 2.6e-01 0.635 0.585 0.00
  73 -4.838923440e+08 +4.82534028e+08 5.19e+02 1.1e+01 2.6e-01 0.635 0.585 0.00
  74 -4.838839740e+08 +4.82517288e+08 5.40e+02 1.2e+01 2.2e-01 0.634 0.585 0.00
  75 -4.838749695e+08 +4.82499279e+08 5.60e+02 1.3e+01 2.0e-01 0.634 0.586 0.00
  76 -4.838654023e+08 +4.82480145e+08 5.78e+02 1.4e+01 1.9e-01 0.634 0.586 0.00
  77 -4.838553802e+08 +4.82460101e+08 5.87e+02 1.4e+01 1.8e-01 0.634 0.586 0.00
  78 -4.838450277e+08 +4.82439396e+08 6.18e+02 1.5e+01 1.8e-01 0.633 0.587 0.00
  79 -4.838345678e+08 +4.82418476e+08 6.74e+02 1.5e+01 1.8e-01 0.633 0.587 0.00
  80 -4.838242450e+08 +4.82397830e+08 6.73e+02 1.5e+01 1.9e-01 0.633 0.588 0.00
  81 -4.838142397e+08 +4.82377820e+08 6.65e+02 1.4e+01 2.0e-01 0.633 0.589 0.00
  82 -4.838046674e+08 +4.82358675e+08 6.52e+02 1.4e+01 2.0e-01 0.633 0.589 0.00
  83 -4.837956205e+08 +4.82340581e+08 6.34e+02 1.4e+01 2.0e-01 0.632 0.590 0.00
  84 -4.837871675e+08 +4.82323675e+08 6.15e+02 1.3e+01 1.9e-01 0.632 0.591 0.00
  85 -4.837793011e+08 +4.82307943e+08 6.48e+02 1.2e+01 1.7e-01 0.632 0.592 0.00
  86 -4.837719713e+08 +4.82293283e+08 6.53e+02 1.2e+01 1.6e-01 0.632 0.592 0.00
  87 -4.837651607e+08 +4.82279662e+08 6.44e+02 1.1e+01 1.4e-01 0.632 0.593 0.00
  88 -4.837588290e+08 +4.82266998e+08 6.11e+02 1.0e+01 1.3e-01 0.631 0.594 0.00
  89 -4.837529579e+08 +4.82255256e+08 5.77e+02 9.6e+00 1.1e-01 0.631 0.594 0.00
  90 -4.837475053e+08 +4.82244351e+08 5.49e+02 9.0e+00 9.7e-02 0.631 0.595 0.00
  91 -4.837424605e+08 +4.82234261e+08 5.22e+02 8.4e+00 8.7e-02 0.631 0.595 0.00
  92 -4.837378712e+08 +4.82225083e+08 5.18e+02 7.7e+00 8.6e-02 0.630 0.596 0.00
  93 -4.837336789e+08 +4.82216698e+08 5.11e+02 7.1e+00 8.4e-02 0.630 0.596 0.00
  94 -4.837298333e+08 +4.82209007e+08 4.65e+02 6.6e+00 8.2e-02 0.630 0.596 0.00
  95 -4.837262910e+08 +4.82201922e+08 4.24e+02 6.1e+00 8.0e-02 0.630 0.597 0.00
  96 -4.837230133e+08 +4.82195367e+08 3.90e+02 5.7e+00 7.9e-02 0.630 0.597 0.00
  97 -4.837199758e+08 +4.82189292e+08 3.60e+02 5.3e+00 7.7e-02 0.630 0.597 0.00
  98 -4.837171430e+08 +4.82183626e+08 3.33e+02 4.9e+00 7.5e-02 0.630 0.598 0.00
  99 -4.837144623e+08 +4.82178265e+08 3.08e+02 4.6e+00 7.6e-02 0.630 0.598 0.00
 100 -4.837119107e+08 +4.82173162e+08 2.89e+02 4.2e+00 7.6e-02 0.630 0.598 0.00
> saveRDS(fit, file=paste0("../data/gom-data/topics",clustnum,".human.log.indv-cell.int19k.reg-",data.source,".bc1.rds"))
> 
> 
> #Run analyses for chimp data
> print("Loading chimp data")
[1] "Loading chimp data"
> 
> #Load data
> scrna <- paste0("../data/cellranger-data-full/data.filter.log.indv-cell.int19k.reg-",data.source,".rds")
> data <- readRDS(scrna)
> data <- subset(data, subset=Species=="Chimp")
> 
> #Prepare data (unintegrated count data)
> counts <- as.matrix(data@assays$RNA@counts) #do not use integrated data
> counts <- counts[rowSums(counts>0)>0,]      #remove genes with 0 counts across cells
> counts <- t(as.matrix(counts))              #fix matrix orientation (barcodes x features)
> 
> #Batch correct counts - don't correct for species
> labelBatch1 <- as.factor(paste0(data@meta.data$Pair,data@meta.data$Replicate)[which(rownames(data@meta.data) %in% rownames(counts))])
> countsBC1 <- BatchCorrectedCounts(counts, labelBatch1, use_parallel=FALSE)
> rm(data,counts)
> 
> #Fit fastTopics model and save data
> fit <- fit_poisson_nmf(countsBC1, k=clustnum, numiter=100)
Using 4 RcppParallel threads.
Initializing factors using Topic SCORE algorithm.
Initializing loadings by running 10 SCD updates.
Using 4 RcppParallel threads.
Fitting rank-20 Poisson NMF to 53562 x 18072 dense matrix.
Running 100 SCD updates, without extrapolation (fastTopics 0.3-185).
iter   log-likelihood        deviance res(KKT)  |F-F'|  |L-L'| nz(F) nz(L) beta
   1 -5.274390458e+08 +5.55543117e+08 1.56e+04 1.2e+02 1.7e+01 0.642 0.299 0.00
   2 -5.150116921e+08 +5.30688410e+08 5.64e+03 7.3e+01 1.8e+01 0.634 0.416 0.00
   3 -5.112963726e+08 +5.23257771e+08 7.95e+03 3.9e+01 4.6e+00 0.644 0.458 0.00
   4 -5.094772732e+08 +5.19619572e+08 6.33e+03 2.6e+01 2.2e+00 0.650 0.483 0.00
   5 -5.084087067e+08 +5.17482439e+08 4.46e+03 1.9e+01 2.6e+00 0.653 0.494 0.00
   6 -5.077404011e+08 +5.16145828e+08 2.63e+03 1.5e+01 9.8e-01 0.655 0.498 0.00
   7 -5.072419761e+08 +5.15148978e+08 2.12e+03 1.8e+01 7.5e-01 0.658 0.501 0.00
   8 -5.068366242e+08 +5.14338274e+08 2.23e+03 2.0e+01 7.0e-01 0.660 0.502 0.00
   9 -5.065037908e+08 +5.13672607e+08 3.55e+03 2.0e+01 5.6e-01 0.663 0.502 0.00
  10 -5.062352369e+08 +5.13135499e+08 3.33e+03 1.8e+01 5.5e-01 0.665 0.501 0.00
  11 -5.060207584e+08 +5.12706542e+08 2.37e+03 1.4e+01 6.3e-01 0.667 0.501 0.00
  12 -5.058471216e+08 +5.12359269e+08 1.47e+03 1.1e+01 6.8e-01 0.668 0.502 0.00
  13 -5.057052238e+08 +5.12075473e+08 1.03e+03 9.3e+00 6.4e-01 0.669 0.503 0.00
  14 -5.055896733e+08 +5.11844372e+08 1.16e+03 7.6e+00 5.3e-01 0.670 0.505 0.00
  15 -5.054957593e+08 +5.11656544e+08 1.29e+03 7.3e+00 4.2e-01 0.670 0.507 0.00
  16 -5.054193483e+08 +5.11503722e+08 1.34e+03 7.1e+00 3.2e-01 0.670 0.508 0.00
  17 -5.053565506e+08 +5.11378127e+08 1.31e+03 6.8e+00 2.6e-01 0.670 0.509 0.00
  18 -5.053041212e+08 +5.11273268e+08 1.21e+03 6.3e+00 2.3e-01 0.670 0.510 0.00
  19 -5.052592545e+08 +5.11183534e+08 1.05e+03 5.8e+00 2.4e-01 0.670 0.511 0.00
  20 -5.052198371e+08 +5.11104700e+08 8.74e+02 5.3e+00 2.5e-01 0.669 0.511 0.00
  21 -5.051845209e+08 +5.11034067e+08 7.14e+02 5.5e+00 2.6e-01 0.669 0.512 0.00
  22 -5.051526729e+08 +5.10970371e+08 5.87e+02 5.8e+00 2.7e-01 0.669 0.512 0.00
  23 -5.051236693e+08 +5.10912364e+08 1.03e+03 6.1e+00 2.8e-01 0.668 0.513 0.00
  24 -5.050970173e+08 +5.10859060e+08 1.07e+03 6.3e+00 2.9e-01 0.668 0.513 0.00
  25 -5.050726871e+08 +5.10810400e+08 1.14e+03 6.5e+00 3.0e-01 0.668 0.514 0.00
  26 -5.050506134e+08 +5.10766252e+08 1.30e+03 6.5e+00 3.1e-01 0.667 0.514 0.00
  27 -5.050307990e+08 +5.10726623e+08 1.22e+03 6.3e+00 3.1e-01 0.667 0.515 0.00
  28 -5.050131109e+08 +5.10691247e+08 1.09e+03 6.0e+00 3.1e-01 0.667 0.515 0.00
  29 -5.049973769e+08 +5.10659779e+08 1.09e+03 5.5e+00 3.0e-01 0.667 0.515 0.00
  30 -5.049834879e+08 +5.10632001e+08 1.05e+03 5.0e+00 2.8e-01 0.667 0.516 0.00
  31 -5.049713626e+08 +5.10607751e+08 9.95e+02 4.5e+00 2.5e-01 0.667 0.516 0.00
  32 -5.049608157e+08 +5.10586657e+08 9.30e+02 3.9e+00 2.3e-01 0.666 0.516 0.00
  33 -5.049516358e+08 +5.10568297e+08 8.58e+02 3.4e+00 2.0e-01 0.666 0.516 0.00
  34 -5.049436218e+08 +5.10552269e+08 7.86e+02 2.9e+00 1.7e-01 0.666 0.516 0.00
  35 -5.049365776e+08 +5.10538181e+08 7.18e+02 2.5e+00 1.6e-01 0.666 0.517 0.00
  36 -5.049303392e+08 +5.10525704e+08 6.56e+02 2.2e+00 1.4e-01 0.666 0.517 0.00
  37 -5.049247818e+08 +5.10514589e+08 6.01e+02 1.9e+00 1.4e-01 0.665 0.517 0.00
  38 -5.049197820e+08 +5.10504589e+08 5.53e+02 1.6e+00 1.3e-01 0.665 0.518 0.00
  39 -5.049152273e+08 +5.10495480e+08 5.14e+02 1.5e+00 1.2e-01 0.665 0.518 0.00
  40 -5.049110236e+08 +5.10487073e+08 4.80e+02 1.5e+00 1.2e-01 0.665 0.518 0.00
  41 -5.049070999e+08 +5.10479225e+08 4.54e+02 1.5e+00 1.1e-01 0.664 0.519 0.00
  42 -5.049033943e+08 +5.10471814e+08 4.30e+02 1.5e+00 1.0e-01 0.664 0.519 0.00
  43 -5.048998541e+08 +5.10464734e+08 4.10e+02 1.5e+00 9.6e-02 0.664 0.519 0.00
  44 -5.048964382e+08 +5.10457902e+08 3.92e+02 1.5e+00 8.9e-02 0.664 0.520 0.00
  45 -5.048931441e+08 +5.10451314e+08 3.77e+02 1.6e+00 8.1e-02 0.663 0.520 0.00
  46 -5.048900069e+08 +5.10445039e+08 3.61e+02 1.4e+00 7.5e-02 0.663 0.520 0.00
  47 -5.048869488e+08 +5.10438923e+08 3.50e+02 1.3e+00 6.8e-02 0.663 0.521 0.00
  48 -5.048839085e+08 +5.10432842e+08 3.46e+02 1.2e+00 6.3e-02 0.662 0.521 0.00
  49 -5.048808433e+08 +5.10426712e+08 3.44e+02 1.1e+00 5.9e-02 0.662 0.521 0.00
  50 -5.048777027e+08 +5.10420431e+08 3.42e+02 1.0e+00 5.5e-02 0.662 0.521 0.00
  51 -5.048744343e+08 +5.10413894e+08 3.41e+02 9.5e-01 5.7e-02 0.662 0.522 0.00
  52 -5.048709842e+08 +5.10406994e+08 3.42e+02 9.1e-01 6.0e-02 0.661 0.522 0.00
  53 -5.048673290e+08 +5.10399683e+08 3.45e+02 9.1e-01 6.4e-02 0.661 0.522 0.00
  54 -5.048634589e+08 +5.10391943e+08 3.50e+02 9.4e-01 6.7e-02 0.661 0.522 0.00
  55 -5.048593264e+08 +5.10383678e+08 3.33e+02 9.8e-01 7.0e-02 0.660 0.523 0.00
  56 -5.048548772e+08 +5.10374780e+08 3.31e+02 1.0e+00 7.4e-02 0.660 0.523 0.00
  57 -5.048500660e+08 +5.10365157e+08 3.36e+02 1.1e+00 7.7e-02 0.660 0.524 0.00
  58 -5.048449179e+08 +5.10354861e+08 3.54e+02 1.1e+00 8.1e-02 0.660 0.524 0.00
  59 -5.048394820e+08 +5.10343989e+08 3.13e+02 1.2e+00 8.5e-02 0.659 0.524 0.00
  60 -5.048337287e+08 +5.10332483e+08 2.68e+02 1.2e+00 9.0e-02 0.659 0.525 0.00
  61 -5.048276572e+08 +5.10320340e+08 2.82e+02 1.3e+00 9.5e-02 0.659 0.525 0.00
  62 -5.048212758e+08 +5.10307577e+08 2.96e+02 1.3e+00 9.9e-02 0.659 0.526 0.00
  63 -5.048145669e+08 +5.10294159e+08 3.13e+02 1.3e+00 1.0e-01 0.658 0.526 0.00
  64 -5.048074824e+08 +5.10279990e+08 3.32e+02 1.3e+00 1.1e-01 0.658 0.527 0.00
  65 -5.047999022e+08 +5.10264830e+08 3.50e+02 1.2e+00 1.1e-01 0.658 0.527 0.00
  66 -5.047917330e+08 +5.10248491e+08 3.66e+02 1.2e+00 1.2e-01 0.658 0.527 0.00
  67 -5.047829736e+08 +5.10230973e+08 3.81e+02 1.1e+00 1.3e-01 0.658 0.528 0.00
  68 -5.047736785e+08 +5.10212382e+08 3.92e+02 1.1e+00 1.3e-01 0.658 0.528 0.00
  69 -5.047639796e+08 +5.10192985e+08 4.00e+02 1.2e+00 1.4e-01 0.657 0.528 0.00
  70 -5.047540678e+08 +5.10173161e+08 4.01e+02 1.2e+00 1.4e-01 0.657 0.529 0.00
  71 -5.047442600e+08 +5.10153545e+08 3.95e+02 1.1e+00 1.4e-01 0.657 0.529 0.00
  72 -5.047347396e+08 +5.10134505e+08 3.84e+02 1.1e+00 1.3e-01 0.657 0.529 0.00
  73 -5.047254575e+08 +5.10115940e+08 3.83e+02 2.0e+00 1.3e-01 0.657 0.530 0.00
  74 -5.047164546e+08 +5.10097935e+08 3.79e+02 2.3e+00 1.3e-01 0.657 0.530 0.00
  75 -5.047078450e+08 +5.10080715e+08 3.72e+02 2.4e+00 1.3e-01 0.657 0.530 0.00
  76 -5.046997402e+08 +5.10064506e+08 3.64e+02 2.4e+00 1.3e-01 0.657 0.530 0.00
  77 -5.046921816e+08 +5.10049389e+08 3.58e+02 2.3e+00 1.3e-01 0.657 0.531 0.00
  78 -5.046851238e+08 +5.10035273e+08 3.70e+02 2.2e+00 1.2e-01 0.657 0.531 0.00
  79 -5.046785567e+08 +5.10022139e+08 3.79e+02 2.1e+00 1.1e-01 0.657 0.531 0.00
  80 -5.046724573e+08 +5.10009940e+08 3.85e+02 2.0e+00 1.1e-01 0.657 0.531 0.00
  81 -5.046668037e+08 +5.09998633e+08 3.85e+02 1.8e+00 1.0e-01 0.657 0.531 0.00
  82 -5.046615653e+08 +5.09988156e+08 3.87e+02 1.7e+00 9.6e-02 0.657 0.532 0.00
  83 -5.046567137e+08 +5.09978453e+08 3.89e+02 1.6e+00 9.0e-02 0.657 0.532 0.00
  84 -5.046522331e+08 +5.09969492e+08 3.85e+02 1.5e+00 8.4e-02 0.657 0.532 0.00
  85 -5.046480958e+08 +5.09961217e+08 3.80e+02 1.4e+00 7.9e-02 0.657 0.532 0.00
  86 -5.046442862e+08 +5.09953598e+08 3.74e+02 1.3e+00 7.4e-02 0.657 0.532 0.00
  87 -5.046407848e+08 +5.09946595e+08 3.68e+02 1.2e+00 7.0e-02 0.657 0.532 0.00
  88 -5.046375619e+08 +5.09940149e+08 3.69e+02 1.1e+00 6.5e-02 0.657 0.532 0.00
  89 -5.046345880e+08 +5.09934201e+08 3.74e+02 9.8e-01 6.1e-02 0.657 0.532 0.00
  90 -5.046318386e+08 +5.09928703e+08 3.78e+02 9.1e-01 5.8e-02 0.656 0.532 0.00
  91 -5.046292933e+08 +5.09923612e+08 3.80e+02 8.7e-01 5.5e-02 0.656 0.532 0.00
  92 -5.046269279e+08 +5.09918881e+08 3.82e+02 8.4e-01 5.2e-02 0.656 0.532 0.00
  93 -5.046247250e+08 +5.09914475e+08 3.84e+02 8.2e-01 4.9e-02 0.656 0.533 0.00
  94 -5.046226893e+08 +5.09910404e+08 3.84e+02 7.1e-01 4.6e-02 0.656 0.533 0.00
  95 -5.046207868e+08 +5.09906599e+08 3.85e+02 6.6e-01 4.4e-02 0.656 0.533 0.00
  96 -5.046189909e+08 +5.09903007e+08 3.86e+02 6.7e-01 4.2e-02 0.656 0.533 0.00
  97 -5.046172908e+08 +5.09899607e+08 3.86e+02 6.8e-01 4.2e-02 0.656 0.533 0.00
  98 -5.046156723e+08 +5.09896370e+08 3.87e+02 6.9e-01 4.2e-02 0.656 0.533 0.00
  99 -5.046141203e+08 +5.09893266e+08 3.87e+02 7.0e-01 4.2e-02 0.656 0.533 0.00
 100 -5.046126208e+08 +5.09890267e+08 3.88e+02 7.1e-01 4.3e-02 0.656 0.533 0.00
> saveRDS(fit, file=paste0("../data/gom-data/topics",clustnum,".chimp.log.indv-cell.int19k.reg-",data.source,".bc1.rds"))
> 
> proc.time()
     user    system   elapsed 
259619.60  10784.56  92878.39 
