
R version 3.6.1 (2019-07-05) -- "Action of the Toes"
Copyright (C) 2019 The R Foundation for Statistical Computing
Platform: x86_64-pc-linux-gnu (64-bit)

R is free software and comes with ABSOLUTELY NO WARRANTY.
You are welcome to redistribute it under certain conditions.
Type 'license()' or 'licence()' for distribution details.

R is a collaborative project with many contributors.
Type 'contributors()' for more information and
'citation()' on how to cite R or R packages in publications.

Type 'demo()' for some demos, 'help()' for on-line help, or
'help.start()' for an HTML browser interface to help.
Type 'q()' to quit R.

> #Read in command line arguments as list of character vectors
> args=(commandArgs(TRUE))
> 
> #Check if arguments are passed and cycle through to evaluate each element
> if(length(args)==0){
+   print("No arguments supplied.")
+   #supply default values
+   clustnum=3
+   data.source="tot"
+ }else{
+   for(i in 1:length(args)){
+     eval(parse(text=args[[i]]))
+   }
+ }
> print(paste0("k: ",clustnum))
[1] "k: 4"
> print(paste0("data source: ",data.source))
[1] "data source: tot"
> 
> #Load libraries
> library(Seurat)
> library(CountClust)
Loading required package: ggplot2
> library(classtpx)
Loading required package: slam
> library(fastTopics)
> 
> 
> #Run analyses for human data
> print("Loading human data")
[1] "Loading human data"
> 
> #Load data
> scrna <- paste0("../data/cellranger-data-full/data.filter.log.indv-cell.int19k.reg-",data.source,".rds")
> data <- readRDS(scrna)
> data <- subset(data, subset=Species=="Human")
> 
> #Prepare data (unintegrated count data)
> counts <- as.matrix(data@assays$RNA@counts) #do not use integrated data
> counts <- counts[rowSums(counts>0)>0,]      #remove genes with 0 counts across cells
> counts <- t(as.matrix(counts))              #fix matrix orientation (barcodes x features)
> rm(data)
> 
> #Fit fastTopics model and save data
> fit <- fit_poisson_nmf(counts, k=clustnum, numiter=100)
Using 4 RcppParallel threads.
Initializing factors using Topic SCORE algorithm.
Initializing loadings by running 10 SCD updates.
Using 4 RcppParallel threads.
Fitting rank-4 Poisson NMF to 47972 x 18142 dense matrix.
Running 100 SCD updates, without extrapolation (fastTopics 0.3-185).
iter   log-likelihood        deviance res(KKT)  |F-F'|  |L-L'| nz(F) nz(L) beta
   1 -5.397901672e+08 +5.93356737e+08 3.89e+03 7.5e+01 6.1e-01 0.865 0.802 0.00
   2 -5.376667323e+08 +5.89109867e+08 2.70e+03 3.0e+01 2.0e+00 0.870 0.831 0.00
   3 -5.364573141e+08 +5.86691030e+08 4.28e+03 2.7e+01 1.5e+00 0.867 0.816 0.00
   4 -5.356832183e+08 +5.85142839e+08 1.34e+03 2.5e+01 9.4e-01 0.867 0.794 0.00
   5 -5.352527551e+08 +5.84281913e+08 1.01e+03 2.0e+01 6.4e-01 0.866 0.786 0.00
   6 -5.350185205e+08 +5.83813443e+08 7.10e+02 1.4e+01 4.5e-01 0.864 0.777 0.00
   7 -5.348955124e+08 +5.83567427e+08 6.03e+02 9.4e+00 3.0e-01 0.862 0.774 0.00
   8 -5.348295339e+08 +5.83435470e+08 5.28e+02 6.2e+00 2.0e-01 0.860 0.774 0.00
   9 -5.347928166e+08 +5.83362035e+08 3.60e+02 4.1e+00 1.5e-01 0.858 0.777 0.00
  10 -5.347705544e+08 +5.83317511e+08 3.71e+02 2.7e+00 1.1e-01 0.857 0.780 0.00
  11 -5.347577859e+08 +5.83291974e+08 1.68e+02 1.7e+00 8.1e-02 0.855 0.782 0.00
  12 -5.347502494e+08 +5.83276901e+08 1.36e+02 1.3e+00 6.0e-02 0.854 0.783 0.00
  13 -5.347454758e+08 +5.83267354e+08 1.12e+02 1.0e+00 4.5e-02 0.853 0.784 0.00
  14 -5.347423065e+08 +5.83261015e+08 9.33e+01 8.7e-01 3.5e-02 0.853 0.785 0.00
  15 -5.347400944e+08 +5.83256591e+08 9.21e+01 7.5e-01 2.8e-02 0.852 0.786 0.00
  16 -5.347384729e+08 +5.83253348e+08 9.93e+01 7.7e-01 2.5e-02 0.851 0.787 0.00
  17 -5.347372282e+08 +5.83250859e+08 1.01e+02 7.7e-01 2.2e-02 0.851 0.787 0.00
  18 -5.347362345e+08 +5.83248871e+08 1.00e+02 7.4e-01 2.0e-02 0.850 0.788 0.00
  19 -5.347354160e+08 +5.83247234e+08 9.67e+01 7.1e-01 1.9e-02 0.850 0.788 0.00
  20 -5.347347232e+08 +5.83245849e+08 9.22e+01 6.8e-01 1.8e-02 0.850 0.789 0.00
  21 -5.347341253e+08 +5.83244653e+08 8.70e+01 6.4e-01 1.6e-02 0.850 0.789 0.00
  22 -5.347336027e+08 +5.83243608e+08 8.14e+01 6.0e-01 1.5e-02 0.849 0.790 0.00
  23 -5.347331410e+08 +5.83242684e+08 7.59e+01 5.6e-01 1.5e-02 0.849 0.790 0.00
  24 -5.347327299e+08 +5.83241862e+08 7.06e+01 5.3e-01 1.4e-02 0.849 0.790 0.00
  25 -5.347323618e+08 +5.83241126e+08 6.55e+01 4.9e-01 1.3e-02 0.849 0.791 0.00
  26 -5.347320305e+08 +5.83240463e+08 6.09e+01 4.6e-01 1.2e-02 0.849 0.791 0.00
  27 -5.347317314e+08 +5.83239865e+08 5.65e+01 4.3e-01 1.2e-02 0.848 0.791 0.00
  28 -5.347314607e+08 +5.83239324e+08 5.25e+01 4.0e-01 1.1e-02 0.848 0.791 0.00
  29 -5.347312153e+08 +5.83238833e+08 4.89e+01 3.8e-01 1.1e-02 0.848 0.791 0.00
  30 -5.347309925e+08 +5.83238387e+08 4.55e+01 3.5e-01 1.0e-02 0.848 0.792 0.00
  31 -5.347307902e+08 +5.83237983e+08 4.24e+01 3.3e-01 9.6e-03 0.848 0.792 0.00
  32 -5.347306064e+08 +5.83237615e+08 3.96e+01 3.1e-01 9.2e-03 0.848 0.792 0.00
  33 -5.347304390e+08 +5.83237280e+08 3.71e+01 2.9e-01 8.7e-03 0.848 0.792 0.00
  34 -5.347302865e+08 +5.83236975e+08 3.47e+01 2.8e-01 8.3e-03 0.847 0.792 0.00
  35 -5.347301475e+08 +5.83236697e+08 3.25e+01 2.6e-01 8.0e-03 0.847 0.793 0.00
  36 -5.347300206e+08 +5.83236443e+08 3.11e+01 2.5e-01 7.6e-03 0.847 0.793 0.00
  37 -5.347299047e+08 +5.83236212e+08 2.98e+01 2.3e-01 7.3e-03 0.847 0.793 0.00
  38 -5.347297988e+08 +5.83236000e+08 2.84e+01 2.2e-01 7.0e-03 0.847 0.793 0.00
  39 -5.347297022e+08 +5.83235807e+08 2.71e+01 2.1e-01 6.7e-03 0.847 0.793 0.00
  40 -5.347296140e+08 +5.83235630e+08 2.59e+01 2.0e-01 6.4e-03 0.847 0.793 0.00
  41 -5.347295334e+08 +5.83235469e+08 2.48e+01 1.9e-01 6.1e-03 0.847 0.793 0.00
  42 -5.347294598e+08 +5.83235322e+08 2.37e+01 1.9e-01 5.8e-03 0.847 0.793 0.00
  43 -5.347293926e+08 +5.83235187e+08 2.26e+01 1.8e-01 5.6e-03 0.847 0.793 0.00
  44 -5.347293312e+08 +5.83235065e+08 2.16e+01 1.7e-01 5.3e-03 0.847 0.793 0.00
  45 -5.347292750e+08 +5.83234952e+08 2.06e+01 1.6e-01 5.1e-03 0.847 0.793 0.00
  46 -5.347292238e+08 +5.83234850e+08 1.96e+01 1.6e-01 4.9e-03 0.847 0.794 0.00
  47 -5.347291769e+08 +5.83234756e+08 1.87e+01 1.5e-01 4.7e-03 0.846 0.794 0.00
  48 -5.347291340e+08 +5.83234670e+08 1.79e+01 1.4e-01 4.5e-03 0.846 0.794 0.00
  49 -5.347290948e+08 +5.83234592e+08 1.71e+01 1.4e-01 4.3e-03 0.846 0.794 0.00
  50 -5.347290589e+08 +5.83234520e+08 1.63e+01 1.3e-01 4.1e-03 0.846 0.794 0.00
  51 -5.347290260e+08 +5.83234454e+08 1.56e+01 1.3e-01 3.9e-03 0.846 0.794 0.00
  52 -5.347289960e+08 +5.83234394e+08 1.50e+01 1.2e-01 3.7e-03 0.846 0.794 0.00
  53 -5.347289686e+08 +5.83234339e+08 1.44e+01 1.1e-01 3.6e-03 0.846 0.794 0.00
  54 -5.347289435e+08 +5.83234289e+08 1.38e+01 1.1e-01 3.4e-03 0.846 0.794 0.00
  55 -5.347289205e+08 +5.83234243e+08 1.32e+01 1.1e-01 3.3e-03 0.846 0.794 0.00
  56 -5.347288995e+08 +5.83234201e+08 1.27e+01 1.0e-01 3.1e-03 0.846 0.794 0.00
  57 -5.347288803e+08 +5.83234163e+08 1.21e+01 9.6e-02 3.0e-03 0.846 0.794 0.00
  58 -5.347288626e+08 +5.83234127e+08 1.16e+01 9.2e-02 2.9e-03 0.846 0.794 0.00
  59 -5.347288465e+08 +5.83234095e+08 1.12e+01 8.8e-02 2.7e-03 0.846 0.794 0.00
  60 -5.347288316e+08 +5.83234065e+08 1.07e+01 8.5e-02 2.6e-03 0.846 0.794 0.00
  61 -5.347288180e+08 +5.83234038e+08 1.02e+01 8.1e-02 2.5e-03 0.846 0.795 0.00
  62 -5.347288056e+08 +5.83234013e+08 9.82e+00 7.8e-02 2.4e-03 0.846 0.795 0.00
  63 -5.347287942e+08 +5.83233991e+08 9.40e+00 7.4e-02 2.3e-03 0.846 0.795 0.00
  64 -5.347287838e+08 +5.83233970e+08 8.93e+00 7.1e-02 2.2e-03 0.846 0.795 0.00
  65 -5.347287743e+08 +5.83233951e+08 8.52e+00 6.8e-02 2.1e-03 0.846 0.795 0.00
  66 -5.347287656e+08 +5.83233933e+08 8.13e+00 6.5e-02 2.0e-03 0.846 0.795 0.00
  67 -5.347287576e+08 +5.83233917e+08 7.76e+00 6.2e-02 1.9e-03 0.846 0.795 0.00
  68 -5.347287503e+08 +5.83233903e+08 7.41e+00 6.0e-02 1.8e-03 0.846 0.795 0.00
  69 -5.347287437e+08 +5.83233890e+08 7.08e+00 5.7e-02 1.8e-03 0.846 0.795 0.00
  70 -5.347287376e+08 +5.83233877e+08 6.77e+00 5.5e-02 1.7e-03 0.846 0.795 0.00
  71 -5.347287320e+08 +5.83233866e+08 6.47e+00 5.2e-02 1.6e-03 0.846 0.795 0.00
  72 -5.347287269e+08 +5.83233856e+08 6.18e+00 5.0e-02 1.5e-03 0.846 0.795 0.00
  73 -5.347287223e+08 +5.83233847e+08 5.91e+00 4.8e-02 1.5e-03 0.846 0.795 0.00
  74 -5.347287180e+08 +5.83233838e+08 5.65e+00 4.6e-02 1.4e-03 0.846 0.795 0.00
  75 -5.347287141e+08 +5.83233830e+08 5.40e+00 4.4e-02 1.4e-03 0.846 0.795 0.00
  76 -5.347287105e+08 +5.83233823e+08 5.17e+00 4.2e-02 1.3e-03 0.846 0.795 0.00
  77 -5.347287073e+08 +5.83233817e+08 4.94e+00 4.0e-02 1.2e-03 0.846 0.795 0.00
  78 -5.347287043e+08 +5.83233811e+08 4.73e+00 3.9e-02 1.2e-03 0.846 0.795 0.00
  79 -5.347287015e+08 +5.83233805e+08 4.52e+00 3.7e-02 1.1e-03 0.845 0.795 0.00
  80 -5.347286990e+08 +5.83233800e+08 4.33e+00 3.5e-02 1.1e-03 0.845 0.795 0.00
  81 -5.347286967e+08 +5.83233796e+08 4.14e+00 3.4e-02 1.0e-03 0.845 0.795 0.00
  82 -5.347286946e+08 +5.83233791e+08 3.96e+00 3.2e-02 1.0e-03 0.845 0.795 0.00
  83 -5.347286926e+08 +5.83233788e+08 3.80e+00 3.1e-02 9.5e-04 0.845 0.795 0.00
  84 -5.347286909e+08 +5.83233784e+08 3.63e+00 3.0e-02 9.1e-04 0.845 0.795 0.00
  85 -5.347286892e+08 +5.83233781e+08 3.48e+00 2.8e-02 8.7e-04 0.845 0.795 0.00
  86 -5.347286878e+08 +5.83233778e+08 3.33e+00 2.7e-02 8.4e-04 0.845 0.795 0.00
  87 -5.347286864e+08 +5.83233775e+08 3.19e+00 2.6e-02 8.0e-04 0.845 0.795 0.00
  88 -5.347286851e+08 +5.83233772e+08 3.06e+00 2.5e-02 7.7e-04 0.845 0.795 0.00
  89 -5.347286840e+08 +5.83233770e+08 2.93e+00 2.4e-02 7.4e-04 0.845 0.795 0.00
  90 -5.347286829e+08 +5.83233768e+08 2.80e+00 2.3e-02 7.0e-04 0.845 0.795 0.00
  91 -5.347286820e+08 +5.83233766e+08 2.68e+00 2.2e-02 6.7e-04 0.845 0.795 0.00
  92 -5.347286811e+08 +5.83233764e+08 2.57e+00 2.1e-02 6.5e-04 0.845 0.795 0.00
  93 -5.347286803e+08 +5.83233763e+08 2.46e+00 2.0e-02 6.2e-04 0.845 0.795 0.00
  94 -5.347286795e+08 +5.83233761e+08 2.36e+00 1.9e-02 5.9e-04 0.845 0.795 0.00
  95 -5.347286788e+08 +5.83233760e+08 2.26e+00 1.8e-02 5.7e-04 0.845 0.795 0.00
  96 -5.347286782e+08 +5.83233759e+08 2.16e+00 1.8e-02 5.4e-04 0.845 0.795 0.00
  97 -5.347286776e+08 +5.83233757e+08 2.07e+00 1.7e-02 5.2e-04 0.845 0.795 0.00
  98 -5.347286771e+08 +5.83233756e+08 1.98e+00 1.6e-02 5.0e-04 0.845 0.795 0.00
  99 -5.347286766e+08 +5.83233755e+08 1.90e+00 1.5e-02 4.8e-04 0.845 0.795 0.00
 100 -5.347286762e+08 +5.83233755e+08 1.82e+00 1.5e-02 4.6e-04 0.845 0.795 0.00
> saveRDS(fit, file=paste0("../data/gom-data/topics",clustnum,".human.log.indv-cell.int19k.reg-",data.source,".rds"))
> 
> 
> #Run analyses for chimp data
> print("Loading chimp data")
[1] "Loading chimp data"
> 
> #Load data
> scrna <- paste0("../data/cellranger-data-full/data.filter.log.indv-cell.int19k.reg-",data.source,".rds")
> data <- readRDS(scrna)
> data <- subset(data, subset=Species=="Chimp")
> 
> #Prepare data (unintegrated count data)
> counts <- as.matrix(data@assays$RNA@counts) #do not use integrated data
> counts <- counts[rowSums(counts>0)>0,]      #remove genes with 0 counts across cells
> counts <- t(as.matrix(counts))              #fix matrix orientation (barcodes x features)
> rm(data)
> 
> #Fit fastTopics model and save data
> fit <- fit_poisson_nmf(counts, k=clustnum, numiter=100)
Using 4 RcppParallel threads.
Initializing factors using Topic SCORE algorithm.
Initializing loadings by running 10 SCD updates.
Using 4 RcppParallel threads.
Fitting rank-4 Poisson NMF to 53562 x 18072 dense matrix.
Running 100 SCD updates, without extrapolation (fastTopics 0.3-185).
iter   log-likelihood        deviance res(KKT)  |F-F'|  |L-L'| nz(F) nz(L) beta
   1 -5.560288110e+08 +6.11279327e+08 1.94e+04 7.1e+01 4.8e-01 0.876 0.734 0.00
   2 -5.525502924e+08 +6.04322290e+08 2.10e+04 1.0e+01 1.3e+00 0.880 0.809 0.00
   3 -5.512870249e+08 +6.01795755e+08 1.23e+03 8.2e+00 1.0e+00 0.879 0.805 0.00
   4 -5.509257798e+08 +6.01073265e+08 6.53e+02 4.6e+00 9.0e-01 0.879 0.760 0.00
   5 -5.507989380e+08 +6.00819581e+08 4.57e+02 3.5e+00 6.9e-01 0.878 0.744 0.00
   6 -5.507375955e+08 +6.00696896e+08 6.14e+02 3.4e+00 2.8e-01 0.877 0.731 0.00
   7 -5.507020903e+08 +6.00625886e+08 3.58e+02 2.4e+00 2.8e-01 0.876 0.726 0.00
   8 -5.506800664e+08 +6.00581838e+08 3.50e+02 1.5e+00 1.8e-01 0.876 0.724 0.00
   9 -5.506666092e+08 +6.00554924e+08 3.43e+02 9.0e-01 1.3e-01 0.875 0.722 0.00
  10 -5.506587694e+08 +6.00539244e+08 2.28e+02 7.0e-01 1.0e-01 0.874 0.721 0.00
  11 -5.506543452e+08 +6.00530396e+08 1.36e+02 5.8e-01 7.7e-02 0.874 0.721 0.00
  12 -5.506518623e+08 +6.00525430e+08 8.29e+01 4.7e-01 5.4e-02 0.874 0.720 0.00
  13 -5.506504569e+08 +6.00522619e+08 5.33e+01 3.8e-01 3.8e-02 0.873 0.720 0.00
  14 -5.506496537e+08 +6.00521013e+08 3.59e+01 3.0e-01 2.7e-02 0.873 0.720 0.00
  15 -5.506491892e+08 +6.00520084e+08 2.50e+01 2.4e-01 2.0e-02 0.873 0.720 0.00
  16 -5.506489174e+08 +6.00519540e+08 1.78e+01 1.9e-01 1.5e-02 0.873 0.720 0.00
  17 -5.506487568e+08 +6.00519219e+08 1.29e+01 1.5e-01 1.1e-02 0.873 0.721 0.00
  18 -5.506486609e+08 +6.00519027e+08 9.51e+00 1.2e-01 7.8e-03 0.873 0.721 0.00
  19 -5.506486033e+08 +6.00518912e+08 7.06e+00 9.8e-02 5.8e-03 0.873 0.721 0.00
  20 -5.506485682e+08 +6.00518842e+08 5.27e+00 7.9e-02 4.4e-03 0.873 0.721 0.00
  21 -5.506485467e+08 +6.00518799e+08 3.96e+00 6.4e-02 3.3e-03 0.873 0.721 0.00
  22 -5.506485334e+08 +6.00518772e+08 2.99e+00 5.2e-02 2.5e-03 0.873 0.721 0.00
  23 -5.506485250e+08 +6.00518755e+08 2.26e+00 4.2e-02 2.0e-03 0.872 0.721 0.00
  24 -5.506485197e+08 +6.00518745e+08 1.71e+00 3.4e-02 1.5e-03 0.872 0.721 0.00
  25 -5.506485163e+08 +6.00518738e+08 1.39e+00 2.8e-02 1.2e-03 0.872 0.721 0.00
  26 -5.506485141e+08 +6.00518734e+08 1.14e+00 2.3e-02 9.0e-04 0.872 0.721 0.00
  27 -5.506485126e+08 +6.00518731e+08 9.40e-01 1.9e-02 6.9e-04 0.872 0.721 0.00
  28 -5.506485116e+08 +6.00518729e+08 7.76e-01 1.6e-02 5.4e-04 0.872 0.721 0.00
  29 -5.506485110e+08 +6.00518727e+08 6.42e-01 1.3e-02 4.2e-04 0.872 0.721 0.00
  30 -5.506485106e+08 +6.00518726e+08 5.35e-01 1.1e-02 3.3e-04 0.872 0.721 0.00
  31 -5.506485102e+08 +6.00518726e+08 4.46e-01 8.8e-03 2.6e-04 0.872 0.721 0.00
  32 -5.506485100e+08 +6.00518725e+08 3.73e-01 7.3e-03 2.0e-04 0.872 0.721 0.00
  33 -5.506485099e+08 +6.00518725e+08 3.12e-01 6.0e-03 1.6e-04 0.872 0.721 0.00
  34 -5.506485098e+08 +6.00518725e+08 2.61e-01 5.0e-03 1.3e-04 0.872 0.721 0.00
  35 -5.506485097e+08 +6.00518725e+08 2.19e-01 4.2e-03 1.1e-04 0.872 0.721 0.00
  36 -5.506485097e+08 +6.00518725e+08 1.84e-01 3.5e-03 8.7e-05 0.872 0.721 0.00
  37 -5.506485096e+08 +6.00518725e+08 1.55e-01 2.9e-03 7.2e-05 0.872 0.721 0.00
  38 -5.506485096e+08 +6.00518725e+08 1.31e-01 2.4e-03 6.1e-05 0.872 0.721 0.00
  39 -5.506485096e+08 +6.00518725e+08 1.10e-01 2.1e-03 5.3e-05 0.872 0.721 0.00
  40 -5.506485096e+08 +6.00518724e+08 9.31e-02 1.7e-03 4.5e-05 0.872 0.721 0.00
  41 -5.506485096e+08 +6.00518724e+08 7.87e-02 1.4e-03 3.9e-05 0.872 0.721 0.00
  42 -5.506485095e+08 +6.00518724e+08 6.66e-02 1.2e-03 3.3e-05 0.872 0.721 0.00
  43 -5.506485095e+08 +6.00518724e+08 5.64e-02 1.0e-03 2.8e-05 0.872 0.721 0.00
  44 -5.506485095e+08 +6.00518724e+08 4.78e-02 8.7e-04 2.6e-05 0.872 0.721 0.00
  45 -5.506485095e+08 +6.00518724e+08 4.05e-02 7.3e-04 2.5e-05 0.872 0.721 0.00
  46 -5.506485095e+08 +6.00518724e+08 3.44e-02 6.2e-04 2.4e-05 0.872 0.721 0.00
  47 -5.506485095e+08 +6.00518724e+08 2.92e-02 5.2e-04 2.3e-05 0.872 0.721 0.00
  48 -5.506485095e+08 +6.00518724e+08 2.48e-02 4.4e-04 2.3e-05 0.872 0.721 0.00
  49 -5.506485095e+08 +6.00518724e+08 2.11e-02 3.7e-04 2.2e-05 0.872 0.721 0.00
  50 -5.506485095e+08 +6.00518724e+08 1.79e-02 3.2e-04 2.1e-05 0.872 0.721 0.00
  51 -5.506485095e+08 +6.00518724e+08 1.72e-02 2.7e-04 2.1e-05 0.872 0.721 0.00
  52 -5.506485095e+08 +6.00518724e+08 1.71e-02 2.3e-04 2.0e-05 0.872 0.721 0.00
  53 -5.506485095e+08 +6.00518724e+08 1.71e-02 1.9e-04 2.0e-05 0.872 0.721 0.00
  54 -5.506485095e+08 +6.00518724e+08 1.71e-02 1.6e-04 1.9e-05 0.872 0.721 0.00
  55 -5.506485095e+08 +6.00518724e+08 1.71e-02 1.4e-04 1.9e-05 0.872 0.721 0.00
  56 -5.506485095e+08 +6.00518724e+08 1.71e-02 1.2e-04 1.9e-05 0.872 0.721 0.00
  57 -5.506485095e+08 +6.00518724e+08 1.72e-02 1.0e-04 1.8e-05 0.872 0.721 0.00
  58 -5.506485095e+08 +6.00518724e+08 1.73e-02 8.5e-05 1.8e-05 0.872 0.721 0.00
  59 -5.506485095e+08 +6.00518724e+08 1.73e-02 7.2e-05 1.8e-05 0.872 0.721 0.00
  60 -5.506485095e+08 +6.00518724e+08 1.74e-02 6.1e-05 1.8e-05 0.872 0.721 0.00
  61 -5.506485095e+08 +6.00518724e+08 1.75e-02 5.2e-05 1.7e-05 0.872 0.721 0.00
  62 -5.506485095e+08 +6.00518724e+08 1.76e-02 4.5e-05 1.7e-05 0.872 0.721 0.00
  63 -5.506485095e+08 +6.00518724e+08 1.78e-02 3.8e-05 1.8e-05 0.872 0.721 0.00
  64 -5.506485095e+08 +6.00518724e+08 1.79e-02 3.2e-05 1.8e-05 0.872 0.721 0.00
  65 -5.506485095e+08 +6.00518724e+08 1.80e-02 2.8e-05 1.8e-05 0.872 0.721 0.00
  66 -5.506485095e+08 +6.00518724e+08 1.81e-02 2.4e-05 1.8e-05 0.872 0.721 0.00
  67 -5.506485095e+08 +6.00518724e+08 1.83e-02 2.0e-05 1.8e-05 0.872 0.721 0.00
  68 -5.506485095e+08 +6.00518724e+08 1.84e-02 1.7e-05 1.8e-05 0.872 0.721 0.00
  69 -5.506485095e+08 +6.00518724e+08 1.85e-02 1.5e-05 1.8e-05 0.872 0.721 0.00
  70 -5.506485095e+08 +6.00518724e+08 1.87e-02 1.3e-05 1.8e-05 0.872 0.721 0.00
  71 -5.506485095e+08 +6.00518724e+08 1.88e-02 1.1e-05 1.9e-05 0.872 0.721 0.00
  72 -5.506485095e+08 +6.00518724e+08 1.90e-02 9.2e-06 1.9e-05 0.872 0.721 0.00
  73 -5.506485095e+08 +6.00518724e+08 1.91e-02 7.9e-06 1.9e-05 0.872 0.721 0.00
  74 -5.506485095e+08 +6.00518724e+08 1.93e-02 6.8e-06 1.9e-05 0.872 0.721 0.00
  75 -5.506485095e+08 +6.00518724e+08 1.94e-02 5.8e-06 1.9e-05 0.872 0.721 0.00
  76 -5.506485095e+08 +6.00518724e+08 1.96e-02 5.0e-06 1.9e-05 0.872 0.721 0.00
  77 -5.506485095e+08 +6.00518724e+08 1.97e-02 4.3e-06 2.0e-05 0.872 0.721 0.00
  78 -5.506485095e+08 +6.00518724e+08 1.99e-02 3.7e-06 2.0e-05 0.872 0.721 0.00
  79 -5.506485095e+08 +6.00518724e+08 2.01e-02 3.2e-06 2.0e-05 0.872 0.721 0.00
  80 -5.506485095e+08 +6.00518724e+08 2.02e-02 2.8e-06 2.0e-05 0.872 0.721 0.00
  81 -5.506485095e+08 +6.00518724e+08 2.04e-02 2.4e-06 2.0e-05 0.872 0.721 0.00
  82 -5.506485095e+08 +6.00518724e+08 2.05e-02 2.1e-06 2.0e-05 0.872 0.721 0.00
  83 -5.506485095e+08 +6.00518724e+08 2.07e-02 1.9e-06 2.1e-05 0.872 0.721 0.00
  84 -5.506485095e+08 +6.00518724e+08 2.09e-02 1.6e-06 2.1e-05 0.872 0.721 0.00
  85 -5.506485095e+08 +6.00518724e+08 2.10e-02 1.5e-06 2.1e-05 0.872 0.721 0.00
  86 -5.506485095e+08 +6.00518724e+08 2.12e-02 1.3e-06 2.1e-05 0.872 0.721 0.00
  87 -5.506485095e+08 +6.00518724e+08 2.14e-02 1.2e-06 2.1e-05 0.872 0.721 0.00
  88 -5.506485095e+08 +6.00518724e+08 2.16e-02 1.2e-06 2.1e-05 0.872 0.721 0.00
  89 -5.506485095e+08 +6.00518724e+08 7.96e-03 9.6e-07 2.2e-05 0.872 0.721 0.00
  90 -5.506485095e+08 +6.00518724e+08 7.54e-04 7.7e-07 7.7e-06 0.872 0.721 0.00
  91 -5.506485095e+08 +6.00518724e+08 7.54e-04 6.1e-07 2.6e-06 0.872 0.721 0.00
  92 -5.506485095e+08 +6.00518724e+08 7.54e-04 5.0e-07 2.6e-06 0.872 0.721 0.00
  93 -5.506485095e+08 +6.00518724e+08 7.54e-04 4.1e-07 2.5e-06 0.872 0.721 0.00
  94 -5.506485095e+08 +6.00518724e+08 7.54e-04 3.4e-07 2.5e-06 0.872 0.721 0.00
  95 -5.506485095e+08 +6.00518724e+08 7.54e-04 2.9e-07 2.4e-06 0.872 0.721 0.00
  96 -5.506485095e+08 +6.00518724e+08 7.54e-04 2.4e-07 2.4e-06 0.872 0.721 0.00
  97 -5.506485095e+08 +6.00518724e+08 7.54e-04 2.1e-07 2.4e-06 0.872 0.721 0.00
  98 -5.506485095e+08 +6.00518724e+08 7.54e-04 1.8e-07 2.3e-06 0.872 0.721 0.00
  99 -5.506485095e+08 +6.00518724e+08 7.54e-04 1.5e-07 2.3e-06 0.872 0.721 0.00
 100 -5.506485095e+08 +6.00518724e+08 7.54e-04 1.3e-07 2.2e-06 0.872 0.721 0.00
> saveRDS(fit, file=paste0("../data/gom-data/topics",clustnum,".chimp.log.indv-cell.int19k.reg-",data.source,".rds"))
> 
> proc.time()
     user    system   elapsed 
56890.276  6936.149 36241.379 
