
R version 3.6.1 (2019-07-05) -- "Action of the Toes"
Copyright (C) 2019 The R Foundation for Statistical Computing
Platform: x86_64-pc-linux-gnu (64-bit)

R is free software and comes with ABSOLUTELY NO WARRANTY.
You are welcome to redistribute it under certain conditions.
Type 'license()' or 'licence()' for distribution details.

R is a collaborative project with many contributors.
Type 'contributors()' for more information and
'citation()' on how to cite R or R packages in publications.

Type 'demo()' for some demos, 'help()' for on-line help, or
'help.start()' for an HTML browser interface to help.
Type 'q()' to quit R.

> #Read in command line arguments as list of character vectors
> args=(commandArgs(TRUE))
> 
> #Check if arguments are passed and cycle through to evaluate each element
> if(length(args)==0){
+   print("No arguments supplied.")
+   #supply default values
+   clustnum=3
+   data.source="tot"
+ }else{
+   for(i in 1:length(args)){
+     eval(parse(text=args[[i]]))
+   }
+ }
> print(paste0("k: ",clustnum))
[1] "k: 20"
> print(paste0("data source: ",data.source))
[1] "data source: t2"
> 
> #Load libraries
> library(Seurat)
> library(CountClust)
Loading required package: ggplot2
> library(classtpx)
Loading required package: slam
> library(fastTopics)
> 
> 
> #Run analyses for human data
> print("Loading human data")
[1] "Loading human data"
> 
> #Load data
> scrna <- paste0("../data/cellranger-data-full/data.filter.log.indv-cell.int19k.reg-",data.source,".rds")
> data <- readRDS(scrna)
> data <- subset(data, subset=Species=="Human")
> 
> #Prepare data (unintegrated count data)
> counts <- as.matrix(data@assays$RNA@counts) #do not use integrated data
> counts <- counts[rowSums(counts>0)>0,]      #remove genes with 0 counts across cells
> counts <- t(as.matrix(counts))              #fix matrix orientation (barcodes x features)
> rm(data)
> 
> #Fit fastTopics model and save data
> fit <- fit_poisson_nmf(counts, k=clustnum, numiter=100)
Using 4 RcppParallel threads.
Initializing factors using Topic SCORE algorithm.
Initializing loadings by running 10 SCD updates.
Using 4 RcppParallel threads.
Fitting rank-20 Poisson NMF to 12565 x 16629 dense matrix.
Running 100 SCD updates, without extrapolation (fastTopics 0.3-185).
iter   log-likelihood        deviance res(KKT)  |F-F'|  |L-L'| nz(F) nz(L) beta
   1 -1.074982624e+08 +1.14787943e+08 4.61e+03 6.7e+02 8.5e+00 0.626 0.347 0.00
   2 -1.045520309e+08 +1.08895480e+08 4.26e+03 2.1e+02 6.4e+00 0.624 0.470 0.00
   3 -1.036528220e+08 +1.07097062e+08 1.25e+03 8.8e+01 3.0e+00 0.615 0.504 0.00
   4 -1.032479120e+08 +1.06287242e+08 1.30e+03 5.0e+01 2.0e+00 0.606 0.538 0.00
   5 -1.030172959e+08 +1.05826010e+08 1.66e+03 3.2e+01 1.6e+00 0.600 0.561 0.00
   6 -1.028529745e+08 +1.05497367e+08 2.87e+03 3.8e+01 1.8e+00 0.595 0.577 0.00
   7 -1.027191852e+08 +1.05229789e+08 1.23e+03 4.1e+01 1.3e+00 0.592 0.589 0.00
   8 -1.026064509e+08 +1.05004320e+08 9.86e+02 4.5e+01 9.8e-01 0.589 0.598 0.00
   9 -1.025103510e+08 +1.04812120e+08 8.47e+02 5.1e+01 9.7e-01 0.585 0.606 0.00
  10 -1.024277458e+08 +1.04646910e+08 7.39e+02 5.3e+01 8.4e-01 0.583 0.613 0.00
  11 -1.023567565e+08 +1.04504931e+08 7.41e+02 5.1e+01 6.2e-01 0.579 0.619 0.00
  12 -1.022978298e+08 +1.04387078e+08 8.32e+02 4.6e+01 5.6e-01 0.577 0.624 0.00
  13 -1.022518089e+08 +1.04295036e+08 6.44e+02 3.8e+01 5.0e-01 0.575 0.629 0.00
  14 -1.022165934e+08 +1.04224605e+08 5.94e+02 3.4e+01 4.2e-01 0.573 0.632 0.00
  15 -1.021892519e+08 +1.04169922e+08 5.52e+02 2.9e+01 3.7e-01 0.571 0.635 0.00
  16 -1.021673486e+08 +1.04126115e+08 5.14e+02 2.4e+01 3.8e-01 0.571 0.638 0.00
  17 -1.021490433e+08 +1.04089505e+08 4.74e+02 2.0e+01 3.6e-01 0.570 0.640 0.00
  18 -1.021330286e+08 +1.04057475e+08 4.36e+02 1.7e+01 3.2e-01 0.570 0.642 0.00
  19 -1.021185517e+08 +1.04028522e+08 3.78e+02 1.4e+01 3.2e-01 0.569 0.643 0.00
  20 -1.021052590e+08 +1.04001936e+08 3.52e+02 1.5e+01 3.4e-01 0.569 0.644 0.00
  21 -1.020930289e+08 +1.03977476e+08 3.30e+02 1.5e+01 3.4e-01 0.569 0.645 0.00
  22 -1.020818565e+08 +1.03955131e+08 3.06e+02 1.5e+01 3.2e-01 0.569 0.646 0.00
  23 -1.020717540e+08 +1.03934926e+08 2.86e+02 1.5e+01 2.9e-01 0.568 0.648 0.00
  24 -1.020627490e+08 +1.03916916e+08 2.86e+02 1.5e+01 2.6e-01 0.568 0.648 0.00
  25 -1.020548380e+08 +1.03901094e+08 2.74e+02 1.4e+01 2.2e-01 0.567 0.649 0.00
  26 -1.020479413e+08 +1.03887301e+08 5.86e+02 1.4e+01 1.9e-01 0.567 0.650 0.00
  27 -1.020419667e+08 +1.03875352e+08 7.13e+02 1.3e+01 1.6e-01 0.567 0.651 0.00
  28 -1.020368032e+08 +1.03865025e+08 7.40e+02 1.2e+01 1.3e-01 0.566 0.651 0.00
  29 -1.020323440e+08 +1.03856106e+08 7.02e+02 1.1e+01 1.1e-01 0.566 0.652 0.00
  30 -1.020284910e+08 +1.03848400e+08 6.10e+02 9.7e+00 9.4e-02 0.565 0.652 0.00
  31 -1.020251491e+08 +1.03841716e+08 5.31e+02 8.5e+00 8.0e-02 0.565 0.653 0.00
  32 -1.020222452e+08 +1.03835909e+08 4.34e+02 7.3e+00 7.7e-02 0.565 0.653 0.00
  33 -1.020197164e+08 +1.03830851e+08 3.07e+02 6.2e+00 7.7e-02 0.564 0.653 0.00
  34 -1.020174770e+08 +1.03826372e+08 1.67e+02 5.1e+00 7.7e-02 0.564 0.654 0.00
  35 -1.020154746e+08 +1.03822367e+08 1.87e+02 3.2e+00 7.6e-02 0.564 0.654 0.00
  36 -1.020136625e+08 +1.03818743e+08 1.73e+02 3.0e+00 7.4e-02 0.564 0.654 0.00
  37 -1.020119813e+08 +1.03815381e+08 1.65e+02 2.9e+00 7.7e-02 0.564 0.654 0.00
  38 -1.020103940e+08 +1.03812206e+08 1.60e+02 2.9e+00 8.5e-02 0.563 0.654 0.00
  39 -1.020088708e+08 +1.03809160e+08 1.57e+02 2.8e+00 9.3e-02 0.563 0.654 0.00
  40 -1.020073875e+08 +1.03806193e+08 1.53e+02 2.7e+00 1.0e-01 0.563 0.655 0.00
  41 -1.020059188e+08 +1.03803256e+08 1.51e+02 2.7e+00 1.1e-01 0.563 0.655 0.00
  42 -1.020044382e+08 +1.03800295e+08 1.49e+02 2.6e+00 1.2e-01 0.563 0.655 0.00
  43 -1.020029200e+08 +1.03797258e+08 1.49e+02 2.5e+00 1.3e-01 0.563 0.655 0.00
  44 -1.020013348e+08 +1.03794088e+08 1.55e+02 2.5e+00 1.4e-01 0.563 0.656 0.00
  45 -1.019996435e+08 +1.03790705e+08 1.64e+02 2.5e+00 1.5e-01 0.563 0.656 0.00
  46 -1.019977941e+08 +1.03787006e+08 1.75e+02 2.8e+00 1.7e-01 0.563 0.656 0.00
  47 -1.019957427e+08 +1.03782904e+08 1.86e+02 3.1e+00 1.9e-01 0.562 0.657 0.00
  48 -1.019934570e+08 +1.03778332e+08 1.97e+02 3.5e+00 2.1e-01 0.562 0.657 0.00
  49 -1.019909042e+08 +1.03773227e+08 2.29e+02 3.8e+00 2.4e-01 0.562 0.657 0.00
  50 -1.019880846e+08 +1.03767587e+08 2.87e+02 4.2e+00 2.7e-01 0.562 0.657 0.00
  51 -1.019850283e+08 +1.03761475e+08 3.51e+02 4.4e+00 3.0e-01 0.562 0.658 0.00
  52 -1.019817378e+08 +1.03754894e+08 4.20e+02 4.6e+00 3.3e-01 0.562 0.658 0.00
  53 -1.019782398e+08 +1.03747898e+08 4.89e+02 4.8e+00 3.6e-01 0.562 0.658 0.00
  54 -1.019745810e+08 +1.03740580e+08 5.60e+02 4.8e+00 3.8e-01 0.562 0.658 0.00
  55 -1.019708209e+08 +1.03733060e+08 6.28e+02 5.2e+00 3.9e-01 0.562 0.658 0.00
  56 -1.019670119e+08 +1.03725442e+08 6.89e+02 5.8e+00 3.7e-01 0.562 0.658 0.00
  57 -1.019632346e+08 +1.03717887e+08 7.35e+02 6.2e+00 3.4e-01 0.562 0.659 0.00
  58 -1.019595634e+08 +1.03710545e+08 7.58e+02 6.5e+00 2.9e-01 0.562 0.659 0.00
  59 -1.019560924e+08 +1.03703603e+08 7.60e+02 6.5e+00 2.3e-01 0.562 0.659 0.00
  60 -1.019528783e+08 +1.03697175e+08 7.44e+02 6.4e+00 1.7e-01 0.562 0.659 0.00
  61 -1.019499463e+08 +1.03691311e+08 7.13e+02 6.1e+00 1.5e-01 0.562 0.660 0.00
  62 -1.019472842e+08 +1.03685987e+08 6.73e+02 5.7e+00 1.3e-01 0.562 0.660 0.00
  63 -1.019448789e+08 +1.03681176e+08 6.26e+02 5.3e+00 1.2e-01 0.562 0.661 0.00
  64 -1.019427123e+08 +1.03676843e+08 5.78e+02 4.9e+00 1.2e-01 0.561 0.661 0.00
  65 -1.019407597e+08 +1.03672938e+08 5.31e+02 4.4e+00 1.3e-01 0.561 0.661 0.00
  66 -1.019389975e+08 +1.03669413e+08 4.84e+02 4.0e+00 1.3e-01 0.561 0.662 0.00
  67 -1.019374025e+08 +1.03666223e+08 4.40e+02 3.6e+00 1.4e-01 0.561 0.662 0.00
  68 -1.019359501e+08 +1.03663318e+08 3.98e+02 3.3e+00 1.4e-01 0.560 0.663 0.00
  69 -1.019346213e+08 +1.03660661e+08 3.59e+02 2.9e+00 1.4e-01 0.560 0.663 0.00
  70 -1.019334005e+08 +1.03658219e+08 3.24e+02 2.6e+00 1.4e-01 0.560 0.663 0.00
  71 -1.019322721e+08 +1.03655962e+08 2.93e+02 2.4e+00 1.3e-01 0.560 0.664 0.00
  72 -1.019312204e+08 +1.03653859e+08 2.65e+02 2.2e+00 1.3e-01 0.560 0.664 0.00
  73 -1.019302311e+08 +1.03651880e+08 2.40e+02 2.0e+00 1.3e-01 0.560 0.665 0.00
  74 -1.019292935e+08 +1.03650005e+08 2.18e+02 1.8e+00 1.3e-01 0.559 0.665 0.00
  75 -1.019283962e+08 +1.03648211e+08 1.98e+02 1.9e+00 1.3e-01 0.559 0.665 0.00
  76 -1.019275293e+08 +1.03646477e+08 1.80e+02 1.9e+00 1.3e-01 0.559 0.666 0.00
  77 -1.019266848e+08 +1.03644788e+08 1.65e+02 2.0e+00 1.3e-01 0.559 0.666 0.00
  78 -1.019258551e+08 +1.03643128e+08 1.52e+02 2.1e+00 1.3e-01 0.559 0.666 0.00
  79 -1.019250351e+08 +1.03641488e+08 1.40e+02 2.2e+00 1.3e-01 0.559 0.666 0.00
  80 -1.019242188e+08 +1.03639856e+08 1.30e+02 2.2e+00 1.3e-01 0.559 0.667 0.00
  81 -1.019233996e+08 +1.03638217e+08 1.21e+02 2.3e+00 1.2e-01 0.559 0.667 0.00
  82 -1.019225727e+08 +1.03636564e+08 1.14e+02 2.4e+00 1.2e-01 0.559 0.667 0.00
  83 -1.019217336e+08 +1.03634885e+08 1.07e+02 2.5e+00 1.2e-01 0.558 0.668 0.00
  84 -1.019208804e+08 +1.03633179e+08 1.01e+02 2.5e+00 1.2e-01 0.558 0.668 0.00
  85 -1.019200134e+08 +1.03631445e+08 9.48e+01 2.6e+00 1.2e-01 0.558 0.668 0.00
  86 -1.019191323e+08 +1.03629683e+08 9.00e+01 2.7e+00 1.2e-01 0.558 0.668 0.00
  87 -1.019182354e+08 +1.03627889e+08 8.65e+01 2.7e+00 1.1e-01 0.558 0.669 0.00
  88 -1.019173231e+08 +1.03626064e+08 8.81e+01 2.7e+00 1.1e-01 0.558 0.669 0.00
  89 -1.019164030e+08 +1.03624224e+08 8.98e+01 2.7e+00 1.1e-01 0.558 0.669 0.00
  90 -1.019154773e+08 +1.03622373e+08 9.11e+01 2.7e+00 1.1e-01 0.557 0.669 0.00
  91 -1.019145473e+08 +1.03620513e+08 9.08e+01 2.7e+00 1.1e-01 0.557 0.669 0.00
  92 -1.019136061e+08 +1.03618630e+08 9.00e+01 2.7e+00 1.1e-01 0.557 0.669 0.00
  93 -1.019126524e+08 +1.03616723e+08 8.97e+01 2.7e+00 1.2e-01 0.557 0.669 0.00
  94 -1.019116888e+08 +1.03614796e+08 9.00e+01 2.6e+00 1.2e-01 0.557 0.669 0.00
  95 -1.019107201e+08 +1.03612858e+08 9.02e+01 2.6e+00 1.3e-01 0.557 0.669 0.00
  96 -1.019097502e+08 +1.03610919e+08 8.98e+01 2.6e+00 1.3e-01 0.557 0.669 0.00
  97 -1.019087827e+08 +1.03608984e+08 8.92e+01 2.5e+00 1.3e-01 0.557 0.669 0.00
  98 -1.019078232e+08 +1.03607065e+08 8.84e+01 2.5e+00 1.4e-01 0.557 0.669 0.00
  99 -1.019068761e+08 +1.03605170e+08 8.77e+01 2.4e+00 1.4e-01 0.557 0.669 0.00
 100 -1.019059455e+08 +1.03603309e+08 8.67e+01 2.4e+00 1.4e-01 0.557 0.669 0.00
Warning message:
Quick-TRANSfer stage steps exceeded maximum (= 831450) 
> saveRDS(fit, file=paste0("../data/gom-data/topics",clustnum,".human.log.indv-cell.int19k.reg-",data.source,".rds"))
> 
> 
> #Run analyses for chimp data
> print("Loading chimp data")
[1] "Loading chimp data"
> 
> #Load data
> scrna <- paste0("../data/cellranger-data-full/data.filter.log.indv-cell.int19k.reg-",data.source,".rds")
> data <- readRDS(scrna)
> data <- subset(data, subset=Species=="Chimp")
> 
> #Prepare data (unintegrated count data)
> counts <- as.matrix(data@assays$RNA@counts) #do not use integrated data
> counts <- counts[rowSums(counts>0)>0,]      #remove genes with 0 counts across cells
> counts <- t(as.matrix(counts))              #fix matrix orientation (barcodes x features)
> rm(data)
> 
> #Fit fastTopics model and save data
> fit <- fit_poisson_nmf(counts, k=clustnum, numiter=100)
Using 4 RcppParallel threads.
Initializing factors using Topic SCORE algorithm.
Initializing loadings by running 10 SCD updates.
Using 4 RcppParallel threads.
Fitting rank-20 Poisson NMF to 14586 x 16722 dense matrix.
Running 100 SCD updates, without extrapolation (fastTopics 0.3-185).
iter   log-likelihood        deviance res(KKT)  |F-F'|  |L-L'| nz(F) nz(L) beta
   1 -1.225594181e+08 +1.37133240e+08 9.79e+03 1.3e+02 6.1e+00 0.581 0.299 0.00
   2 -1.186762189e+08 +1.29366842e+08 2.92e+03 8.1e+01 4.2e+00 0.593 0.461 0.00
   3 -1.176217393e+08 +1.27257882e+08 5.75e+03 7.9e+01 3.6e+00 0.608 0.483 0.00
   4 -1.172096704e+08 +1.26433745e+08 2.73e+03 4.8e+01 1.1e+00 0.615 0.517 0.00
   5 -1.169726772e+08 +1.25959758e+08 1.18e+03 4.6e+01 8.3e-01 0.618 0.540 0.00
   6 -1.168109615e+08 +1.25636327e+08 5.89e+02 3.7e+01 5.7e-01 0.619 0.557 0.00
   7 -1.166975146e+08 +1.25409433e+08 4.35e+02 3.5e+01 5.4e-01 0.618 0.569 0.00
   8 -1.166166434e+08 +1.25247690e+08 3.26e+02 3.2e+01 4.0e-01 0.616 0.578 0.00
   9 -1.165572344e+08 +1.25128872e+08 3.71e+02 3.0e+01 3.8e-01 0.614 0.585 0.00
  10 -1.165121391e+08 +1.25038682e+08 2.50e+02 2.9e+01 3.3e-01 0.611 0.591 0.00
  11 -1.164765645e+08 +1.24967533e+08 2.25e+02 2.7e+01 3.3e-01 0.609 0.595 0.00
  12 -1.164465436e+08 +1.24907491e+08 3.36e+02 2.6e+01 3.4e-01 0.607 0.598 0.00
  13 -1.164203596e+08 +1.24855123e+08 2.00e+02 2.4e+01 6.7e-01 0.606 0.601 0.00
  14 -1.163985354e+08 +1.24811475e+08 1.64e+02 2.1e+01 5.5e-01 0.604 0.603 0.00
  15 -1.163809931e+08 +1.24776390e+08 1.34e+02 1.8e+01 2.7e-01 0.603 0.604 0.00
  16 -1.163671539e+08 +1.24748712e+08 1.04e+02 1.5e+01 2.3e-01 0.602 0.605 0.00
  17 -1.163563461e+08 +1.24727096e+08 1.03e+02 1.2e+01 2.3e-01 0.601 0.606 0.00
  18 -1.163478745e+08 +1.24710153e+08 1.13e+02 1.0e+01 2.2e-01 0.601 0.607 0.00
  19 -1.163411550e+08 +1.24696714e+08 1.18e+02 8.4e+00 2.1e-01 0.600 0.608 0.00
  20 -1.163357367e+08 +1.24685877e+08 1.17e+02 7.2e+00 1.9e-01 0.599 0.609 0.00
  21 -1.163312885e+08 +1.24676981e+08 1.14e+02 6.4e+00 1.7e-01 0.599 0.610 0.00
  22 -1.163275714e+08 +1.24669547e+08 1.37e+02 5.8e+00 1.6e-01 0.598 0.610 0.00
  23 -1.163244174e+08 +1.24663238e+08 1.50e+02 5.3e+00 1.4e-01 0.598 0.610 0.00
  24 -1.163217208e+08 +1.24657845e+08 1.56e+02 4.9e+00 1.3e-01 0.597 0.610 0.00
  25 -1.163193969e+08 +1.24653198e+08 1.59e+02 4.6e+00 1.2e-01 0.597 0.611 0.00
  26 -1.163173774e+08 +1.24649158e+08 1.60e+02 4.3e+00 1.1e-01 0.597 0.611 0.00
  27 -1.163156128e+08 +1.24645629e+08 1.59e+02 4.1e+00 1.1e-01 0.596 0.611 0.00
  28 -1.163140646e+08 +1.24642533e+08 1.57e+02 3.8e+00 1.0e-01 0.596 0.612 0.00
  29 -1.163127007e+08 +1.24639805e+08 1.55e+02 3.6e+00 9.9e-02 0.596 0.612 0.00
  30 -1.163114955e+08 +1.24637395e+08 1.52e+02 3.4e+00 9.4e-02 0.596 0.612 0.00
  31 -1.163104266e+08 +1.24635257e+08 1.48e+02 3.3e+00 8.9e-02 0.596 0.613 0.00
  32 -1.163094769e+08 +1.24633358e+08 1.45e+02 3.2e+00 8.4e-02 0.596 0.613 0.00
  33 -1.163086294e+08 +1.24631663e+08 1.41e+02 3.1e+00 7.8e-02 0.595 0.613 0.00
  34 -1.163078713e+08 +1.24630146e+08 1.36e+02 3.0e+00 7.2e-02 0.595 0.613 0.00
  35 -1.163071906e+08 +1.24628785e+08 1.32e+02 2.9e+00 6.6e-02 0.595 0.613 0.00
  36 -1.163065754e+08 +1.24627555e+08 1.28e+02 2.8e+00 6.0e-02 0.595 0.613 0.00
  37 -1.163060158e+08 +1.24626435e+08 1.25e+02 2.7e+00 5.5e-02 0.595 0.614 0.00
  38 -1.163055041e+08 +1.24625412e+08 1.21e+02 2.7e+00 5.0e-02 0.595 0.614 0.00
  39 -1.163050341e+08 +1.24624472e+08 1.19e+02 2.6e+00 4.6e-02 0.595 0.614 0.00
  40 -1.163046007e+08 +1.24623605e+08 1.16e+02 2.5e+00 4.2e-02 0.595 0.614 0.00
  41 -1.163041987e+08 +1.24622801e+08 1.13e+02 2.4e+00 3.8e-02 0.595 0.614 0.00
  42 -1.163038240e+08 +1.24622052e+08 1.11e+02 2.4e+00 3.5e-02 0.595 0.614 0.00
  43 -1.163034726e+08 +1.24621349e+08 1.10e+02 2.3e+00 3.2e-02 0.595 0.614 0.00
  44 -1.163031411e+08 +1.24620686e+08 1.08e+02 2.2e+00 3.0e-02 0.595 0.615 0.00
  45 -1.163028258e+08 +1.24620055e+08 1.08e+02 2.2e+00 2.7e-02 0.595 0.615 0.00
  46 -1.163025240e+08 +1.24619452e+08 1.08e+02 2.2e+00 2.7e-02 0.594 0.615 0.00
  47 -1.163022335e+08 +1.24618871e+08 1.08e+02 2.1e+00 2.8e-02 0.594 0.615 0.00
  48 -1.163019521e+08 +1.24618308e+08 1.09e+02 2.1e+00 3.0e-02 0.594 0.615 0.00
  49 -1.163016776e+08 +1.24617759e+08 1.11e+02 2.1e+00 3.1e-02 0.594 0.615 0.00
  50 -1.163014073e+08 +1.24617218e+08 1.13e+02 2.1e+00 3.3e-02 0.594 0.615 0.00
  51 -1.163011384e+08 +1.24616681e+08 1.16e+02 2.1e+00 3.5e-02 0.594 0.615 0.00
  52 -1.163008675e+08 +1.24616139e+08 1.20e+02 2.2e+00 3.8e-02 0.594 0.615 0.00
  53 -1.163005910e+08 +1.24615586e+08 1.24e+02 2.4e+00 4.1e-02 0.594 0.615 0.00
  54 -1.163003050e+08 +1.24615014e+08 1.30e+02 2.7e+00 4.4e-02 0.594 0.615 0.00
  55 -1.163000044e+08 +1.24614413e+08 1.36e+02 3.0e+00 4.7e-02 0.593 0.615 0.00
  56 -1.162996831e+08 +1.24613770e+08 1.44e+02 3.3e+00 5.1e-02 0.593 0.615 0.00
  57 -1.162993333e+08 +1.24613070e+08 1.53e+02 3.7e+00 5.5e-02 0.593 0.616 0.00
  58 -1.162989451e+08 +1.24612294e+08 1.64e+02 4.2e+00 6.0e-02 0.593 0.616 0.00
  59 -1.162985064e+08 +1.24611416e+08 1.77e+02 4.7e+00 6.6e-02 0.593 0.616 0.00
  60 -1.162980011e+08 +1.24610406e+08 1.93e+02 5.4e+00 7.2e-02 0.593 0.616 0.00
  61 -1.162974075e+08 +1.24609219e+08 2.13e+02 6.2e+00 7.9e-02 0.593 0.616 0.00
  62 -1.162966954e+08 +1.24607795e+08 2.38e+02 7.3e+00 8.6e-02 0.592 0.616 0.00
  63 -1.162958252e+08 +1.24606054e+08 2.69e+02 8.5e+00 9.4e-02 0.592 0.616 0.00
  64 -1.162947429e+08 +1.24603889e+08 3.05e+02 1.0e+01 1.1e-01 0.592 0.617 0.00
  65 -1.162933766e+08 +1.24601157e+08 3.49e+02 1.2e+01 1.2e-01 0.592 0.617 0.00
  66 -1.162916297e+08 +1.24597663e+08 4.00e+02 1.4e+01 1.3e-01 0.591 0.617 0.00
  67 -1.162893763e+08 +1.24593156e+08 4.58e+02 1.7e+01 1.5e-01 0.591 0.617 0.00
  68 -1.162864692e+08 +1.24587342e+08 5.18e+02 2.0e+01 1.6e-01 0.590 0.618 0.00
  69 -1.162827599e+08 +1.24579924e+08 5.71e+02 2.4e+01 1.7e-01 0.590 0.619 0.00
  70 -1.162781490e+08 +1.24570702e+08 6.00e+02 2.8e+01 2.0e-01 0.589 0.619 0.00
  71 -1.162726333e+08 +1.24559670e+08 5.98e+02 3.1e+01 2.3e-01 0.588 0.620 0.00
  72 -1.162663165e+08 +1.24547037e+08 5.68e+02 3.3e+01 2.6e-01 0.587 0.621 0.00
  73 -1.162594187e+08 +1.24533241e+08 5.32e+02 3.5e+01 2.8e-01 0.586 0.622 0.00
  74 -1.162522475e+08 +1.24518899e+08 5.61e+02 3.5e+01 2.9e-01 0.585 0.624 0.00
  75 -1.162452016e+08 +1.24504807e+08 5.68e+02 3.4e+01 2.8e-01 0.584 0.625 0.00
  76 -1.162386089e+08 +1.24491622e+08 6.10e+02 3.3e+01 2.6e-01 0.583 0.627 0.00
  77 -1.162327107e+08 +1.24479825e+08 6.84e+02 3.0e+01 2.5e-01 0.582 0.628 0.00
  78 -1.162276595e+08 +1.24469723e+08 6.84e+02 2.8e+01 2.2e-01 0.580 0.629 0.00
  79 -1.162235261e+08 +1.24461456e+08 6.02e+02 2.4e+01 1.9e-01 0.579 0.630 0.00
  80 -1.162202544e+08 +1.24454913e+08 3.87e+02 2.0e+01 1.6e-01 0.579 0.631 0.00
  81 -1.162176958e+08 +1.24449795e+08 2.44e+02 1.6e+01 1.3e-01 0.578 0.632 0.00
  82 -1.162156804e+08 +1.24445765e+08 2.09e+02 1.4e+01 1.0e-01 0.577 0.633 0.00
  83 -1.162140637e+08 +1.24442531e+08 1.79e+02 1.1e+01 8.1e-02 0.577 0.633 0.00
  84 -1.162127511e+08 +1.24439906e+08 1.55e+02 9.6e+00 6.5e-02 0.576 0.634 0.00
  85 -1.162116709e+08 +1.24437746e+08 1.35e+02 8.1e+00 5.7e-02 0.576 0.634 0.00
  86 -1.162107691e+08 +1.24435942e+08 1.18e+02 6.8e+00 5.4e-02 0.575 0.634 0.00
  87 -1.162100048e+08 +1.24434413e+08 1.05e+02 5.8e+00 5.1e-02 0.575 0.635 0.00
  88 -1.162093466e+08 +1.24433097e+08 9.34e+01 5.0e+00 4.9e-02 0.574 0.635 0.00
  89 -1.162087715e+08 +1.24431947e+08 8.43e+01 4.3e+00 4.8e-02 0.574 0.635 0.00
  90 -1.162082611e+08 +1.24430926e+08 7.69e+01 3.7e+00 4.7e-02 0.574 0.635 0.00
  91 -1.162078007e+08 +1.24430005e+08 7.07e+01 3.3e+00 4.7e-02 0.574 0.636 0.00
  92 -1.162073778e+08 +1.24429159e+08 6.55e+01 2.8e+00 4.7e-02 0.574 0.636 0.00
  93 -1.162069822e+08 +1.24428368e+08 6.13e+01 2.5e+00 4.8e-02 0.573 0.636 0.00
  94 -1.162066053e+08 +1.24427614e+08 5.76e+01 2.2e+00 4.9e-02 0.573 0.636 0.00
  95 -1.162062396e+08 +1.24426883e+08 5.45e+01 2.0e+00 5.2e-02 0.573 0.637 0.00
  96 -1.162058800e+08 +1.24426164e+08 5.16e+01 1.8e+00 5.5e-02 0.573 0.637 0.00
  97 -1.162055198e+08 +1.24425443e+08 4.90e+01 1.6e+00 5.9e-02 0.573 0.637 0.00
  98 -1.162051556e+08 +1.24424715e+08 5.10e+01 1.0e+00 6.5e-02 0.573 0.637 0.00
  99 -1.162047754e+08 +1.24423954e+08 5.76e+01 9.9e-01 7.3e-02 0.573 0.637 0.00
 100 -1.162043624e+08 +1.24423129e+08 6.59e+01 9.4e-01 8.3e-02 0.573 0.638 0.00
> saveRDS(fit, file=paste0("../data/gom-data/topics",clustnum,".chimp.log.indv-cell.int19k.reg-",data.source,".rds"))
> 
> proc.time()
     user    system   elapsed 
47027.155  1547.231 17045.987 
