
R version 3.6.1 (2019-07-05) -- "Action of the Toes"
Copyright (C) 2019 The R Foundation for Statistical Computing
Platform: x86_64-pc-linux-gnu (64-bit)

R is free software and comes with ABSOLUTELY NO WARRANTY.
You are welcome to redistribute it under certain conditions.
Type 'license()' or 'licence()' for distribution details.

R is a collaborative project with many contributors.
Type 'contributors()' for more information and
'citation()' on how to cite R or R packages in publications.

Type 'demo()' for some demos, 'help()' for on-line help, or
'help.start()' for an HTML browser interface to help.
Type 'q()' to quit R.

> #Read in command line arguments as list of character vectors
> args=(commandArgs(TRUE))
> 
> #Check if arguments are passed and cycle through to evaluate each element
> if(length(args)==0){
+   print("No arguments supplied.")
+   #supply default values
+   clustnum=3
+   data.source="tot"
+ }else{
+   for(i in 1:length(args)){
+     eval(parse(text=args[[i]]))
+   }
+ }
> print(paste0("k: ",clustnum))
[1] "k: 10"
> print(paste0("data source: ",data.source))
[1] "data source: tot"
> 
> #Load libraries
> library(Seurat)
> library(CountClust)
Loading required package: ggplot2
> library(classtpx)
Loading required package: slam
> library(fastTopics)
> 
> 
> #Run analyses for human data
> print("Loading human data")
[1] "Loading human data"
> 
> #Load data
> scrna <- paste0("../data/cellranger-data-full/data.filter.log.indv-cell.int19k.reg-",data.source,".rds")
> data <- readRDS(scrna)
> data <- subset(data, subset=Species=="Human")
> 
> #Prepare data (unintegrated count data)
> counts <- as.matrix(data@assays$RNA@counts) #do not use integrated data
> counts <- counts[rowSums(counts>0)>0,]      #remove genes with 0 counts across cells
> counts <- t(as.matrix(counts))              #fix matrix orientation (barcodes x features)
> rm(data)
> 
> #Fit fastTopics model and save data
> fit <- fit_poisson_nmf(counts, k=clustnum, numiter=100)
Using 4 RcppParallel threads.
Initializing factors using Topic SCORE algorithm.
Initializing loadings by running 10 SCD updates.
Using 4 RcppParallel threads.
Fitting rank-10 Poisson NMF to 47972 x 18142 dense matrix.
Running 100 SCD updates, without extrapolation (fastTopics 0.3-185).
iter   log-likelihood        deviance res(KKT)  |F-F'|  |L-L'| nz(F) nz(L) beta
   1 -5.297962225e+08 +5.73368847e+08 1.32e+05 2.2e+02 6.1e+00 0.687 0.536 0.00
   2 -5.155037715e+08 +5.44783945e+08 1.40e+05 1.2e+02 4.8e+00 0.683 0.706 0.00
   3 -5.108881424e+08 +5.35552687e+08 4.30e+04 5.5e+01 2.5e+00 0.693 0.658 0.00
   4 -5.089851537e+08 +5.31746710e+08 1.38e+04 3.5e+01 1.1e+00 0.698 0.659 0.00
   5 -5.079759183e+08 +5.29728239e+08 7.16e+03 2.0e+01 6.8e-01 0.702 0.663 0.00
   6 -5.073683515e+08 +5.28513105e+08 9.31e+03 1.5e+01 6.0e-01 0.702 0.664 0.00
   7 -5.069702302e+08 +5.27716863e+08 7.98e+03 1.4e+01 5.1e-01 0.702 0.664 0.00
   8 -5.066820659e+08 +5.27140534e+08 5.53e+03 1.1e+01 3.8e-01 0.701 0.665 0.00
   9 -5.064485449e+08 +5.26673492e+08 5.56e+03 7.7e+00 3.1e-01 0.699 0.665 0.00
  10 -5.062388883e+08 +5.26254179e+08 5.51e+03 8.1e+00 3.3e-01 0.698 0.666 0.00
  11 -5.060412959e+08 +5.25858994e+08 5.15e+03 9.5e+00 3.6e-01 0.698 0.667 0.00
  12 -5.058540220e+08 +5.25484446e+08 4.95e+03 1.0e+01 3.9e-01 0.698 0.669 0.00
  13 -5.056774183e+08 +5.25131239e+08 3.89e+03 1.1e+01 4.2e-01 0.700 0.670 0.00
  14 -5.055118125e+08 +5.24800027e+08 4.01e+03 1.2e+01 4.4e-01 0.701 0.672 0.00
  15 -5.053567064e+08 +5.24489815e+08 3.48e+03 1.3e+01 4.2e-01 0.702 0.673 0.00
  16 -5.052142936e+08 +5.24204990e+08 2.66e+03 1.3e+01 3.7e-01 0.704 0.674 0.00
  17 -5.050849695e+08 +5.23946341e+08 2.90e+03 1.3e+01 3.3e-01 0.706 0.674 0.00
  18 -5.049671168e+08 +5.23710636e+08 2.71e+03 1.2e+01 2.9e-01 0.707 0.673 0.00
  19 -5.048596122e+08 +5.23495627e+08 2.16e+03 1.1e+01 2.7e-01 0.708 0.671 0.00
  20 -5.047602222e+08 +5.23296847e+08 1.60e+03 1.0e+01 2.8e-01 0.708 0.669 0.00
  21 -5.046670872e+08 +5.23110577e+08 1.27e+03 9.5e+00 2.8e-01 0.709 0.668 0.00
  22 -5.045797480e+08 +5.22935898e+08 1.25e+03 8.9e+00 2.6e-01 0.710 0.666 0.00
  23 -5.044970986e+08 +5.22770599e+08 1.21e+03 8.3e+00 2.4e-01 0.711 0.665 0.00
  24 -5.044181275e+08 +5.22612657e+08 1.19e+03 7.8e+00 2.5e-01 0.711 0.664 0.00
  25 -5.043423494e+08 +5.22461101e+08 1.18e+03 7.2e+00 2.5e-01 0.711 0.663 0.00
  26 -5.042703643e+08 +5.22317131e+08 1.14e+03 6.5e+00 2.5e-01 0.712 0.662 0.00
  27 -5.042032575e+08 +5.22182917e+08 1.08e+03 5.7e+00 2.5e-01 0.712 0.662 0.00
  28 -5.041425830e+08 +5.22061568e+08 1.02e+03 4.9e+00 2.5e-01 0.713 0.661 0.00
  29 -5.040892991e+08 +5.21955000e+08 9.51e+02 4.1e+00 2.3e-01 0.713 0.661 0.00
  30 -5.040433784e+08 +5.21863159e+08 8.32e+02 3.6e+00 2.1e-01 0.713 0.661 0.00
  31 -5.040042461e+08 +5.21784894e+08 6.38e+02 3.3e+00 2.0e-01 0.714 0.661 0.00
  32 -5.039708835e+08 +5.21718169e+08 5.59e+02 3.1e+00 1.8e-01 0.714 0.661 0.00
  33 -5.039422364e+08 +5.21660875e+08 4.86e+02 3.0e+00 1.7e-01 0.714 0.661 0.00
  34 -5.039174354e+08 +5.21611273e+08 5.95e+02 2.9e+00 1.5e-01 0.715 0.661 0.00
  35 -5.038957329e+08 +5.21567868e+08 5.61e+02 2.9e+00 1.4e-01 0.715 0.660 0.00
  36 -5.038765563e+08 +5.21529515e+08 4.97e+02 2.8e+00 1.2e-01 0.716 0.660 0.00
  37 -5.038595201e+08 +5.21495442e+08 4.36e+02 2.7e+00 1.2e-01 0.716 0.660 0.00
  38 -5.038442949e+08 +5.21464992e+08 3.83e+02 2.6e+00 1.2e-01 0.716 0.660 0.00
  39 -5.038305665e+08 +5.21437535e+08 3.37e+02 2.6e+00 1.2e-01 0.717 0.659 0.00
  40 -5.038180496e+08 +5.21412501e+08 3.71e+02 2.5e+00 1.3e-01 0.717 0.659 0.00
  41 -5.038065215e+08 +5.21389445e+08 4.00e+02 2.5e+00 1.3e-01 0.717 0.659 0.00
  42 -5.037958036e+08 +5.21368009e+08 4.26e+02 2.5e+00 1.3e-01 0.718 0.658 0.00
  43 -5.037857584e+08 +5.21347919e+08 4.52e+02 2.4e+00 1.3e-01 0.718 0.658 0.00
  44 -5.037762451e+08 +5.21328893e+08 4.80e+02 2.4e+00 1.3e-01 0.718 0.658 0.00
  45 -5.037671318e+08 +5.21310666e+08 5.09e+02 2.4e+00 1.4e-01 0.718 0.658 0.00
  46 -5.037583456e+08 +5.21293093e+08 5.36e+02 2.3e+00 1.4e-01 0.719 0.657 0.00
  47 -5.037498175e+08 +5.21276037e+08 5.64e+02 2.3e+00 1.4e-01 0.719 0.657 0.00
  48 -5.037414931e+08 +5.21259388e+08 5.92e+02 2.4e+00 1.4e-01 0.719 0.657 0.00
  49 -5.037333318e+08 +5.21243066e+08 6.20e+02 2.4e+00 1.4e-01 0.720 0.657 0.00
  50 -5.037253243e+08 +5.21227051e+08 6.45e+02 2.5e+00 1.4e-01 0.720 0.657 0.00
  51 -5.037174728e+08 +5.21211348e+08 6.68e+02 2.5e+00 1.4e-01 0.720 0.657 0.00
  52 -5.037097947e+08 +5.21195992e+08 6.83e+02 2.5e+00 1.3e-01 0.721 0.657 0.00
  53 -5.037023127e+08 +5.21181028e+08 6.91e+02 2.5e+00 1.3e-01 0.721 0.657 0.00
  54 -5.036950555e+08 +5.21166513e+08 6.86e+02 2.5e+00 1.2e-01 0.721 0.657 0.00
  55 -5.036879986e+08 +5.21152400e+08 6.76e+02 2.4e+00 1.1e-01 0.721 0.657 0.00
  56 -5.036811229e+08 +5.21138648e+08 6.61e+02 2.4e+00 1.1e-01 0.721 0.656 0.00
  57 -5.036744113e+08 +5.21125225e+08 6.40e+02 2.3e+00 1.0e-01 0.722 0.656 0.00
  58 -5.036678540e+08 +5.21112110e+08 6.15e+02 2.3e+00 9.8e-02 0.722 0.656 0.00
  59 -5.036614405e+08 +5.21099283e+08 5.88e+02 2.2e+00 9.4e-02 0.722 0.656 0.00
  60 -5.036551336e+08 +5.21086669e+08 3.82e+02 2.2e+00 9.0e-02 0.722 0.656 0.00
  61 -5.036489223e+08 +5.21074247e+08 3.96e+02 2.1e+00 8.7e-02 0.722 0.656 0.00
  62 -5.036427748e+08 +5.21061952e+08 4.08e+02 2.0e+00 8.3e-02 0.723 0.656 0.00
  63 -5.036366509e+08 +5.21049704e+08 4.21e+02 2.0e+00 7.9e-02 0.723 0.656 0.00
  64 -5.036305191e+08 +5.21037440e+08 4.35e+02 1.9e+00 7.6e-02 0.723 0.656 0.00
  65 -5.036243678e+08 +5.21025138e+08 4.38e+02 1.9e+00 7.5e-02 0.723 0.656 0.00
  66 -5.036181868e+08 +5.21012776e+08 4.39e+02 1.9e+00 7.4e-02 0.724 0.656 0.00
  67 -5.036119429e+08 +5.21000288e+08 4.55e+02 1.9e+00 7.3e-02 0.724 0.656 0.00
  68 -5.036055947e+08 +5.20987592e+08 4.74e+02 2.0e+00 7.3e-02 0.724 0.656 0.00
  69 -5.035991410e+08 +5.20974684e+08 3.03e+02 1.8e+00 7.2e-02 0.725 0.656 0.00
  70 -5.035926965e+08 +5.20961795e+08 3.07e+02 1.8e+00 7.1e-02 0.725 0.656 0.00
  71 -5.035862121e+08 +5.20948826e+08 3.16e+02 1.9e+00 6.8e-02 0.725 0.656 0.00
  72 -5.035796468e+08 +5.20935696e+08 3.28e+02 2.0e+00 6.6e-02 0.726 0.657 0.00
  73 -5.035729760e+08 +5.20922354e+08 3.42e+02 2.1e+00 6.3e-02 0.726 0.656 0.00
  74 -5.035661709e+08 +5.20908744e+08 3.58e+02 2.2e+00 6.1e-02 0.726 0.656 0.00
  75 -5.035592387e+08 +5.20894880e+08 3.72e+02 2.3e+00 6.0e-02 0.727 0.656 0.00
  76 -5.035521726e+08 +5.20880748e+08 3.14e+02 2.4e+00 5.8e-02 0.727 0.656 0.00
  77 -5.035449558e+08 +5.20866314e+08 3.25e+02 2.6e+00 5.7e-02 0.728 0.656 0.00
  78 -5.035375725e+08 +5.20851547e+08 3.43e+02 2.7e+00 5.6e-02 0.728 0.657 0.00
  79 -5.035300200e+08 +5.20836442e+08 3.20e+02 2.6e+00 5.6e-02 0.728 0.657 0.00
  80 -5.035223345e+08 +5.20821071e+08 3.23e+02 2.5e+00 5.7e-02 0.729 0.657 0.00
  81 -5.035145115e+08 +5.20805425e+08 3.21e+02 2.4e+00 5.6e-02 0.729 0.657 0.00
  82 -5.035065435e+08 +5.20789489e+08 3.26e+02 2.5e+00 5.7e-02 0.730 0.657 0.00
  83 -5.034984446e+08 +5.20773291e+08 3.32e+02 2.5e+00 5.7e-02 0.730 0.656 0.00
  84 -5.034902284e+08 +5.20756859e+08 3.35e+02 2.5e+00 5.8e-02 0.731 0.656 0.00
  85 -5.034819191e+08 +5.20740241e+08 3.41e+02 2.6e+00 5.8e-02 0.731 0.656 0.00
  86 -5.034735501e+08 +5.20723502e+08 3.47e+02 2.6e+00 5.8e-02 0.732 0.656 0.00
  87 -5.034651682e+08 +5.20706739e+08 3.52e+02 2.7e+00 5.8e-02 0.732 0.656 0.00
  88 -5.034568218e+08 +5.20690046e+08 3.55e+02 2.7e+00 5.8e-02 0.733 0.656 0.00
  89 -5.034485582e+08 +5.20673519e+08 3.56e+02 2.8e+00 5.7e-02 0.733 0.656 0.00
  90 -5.034404272e+08 +5.20657257e+08 3.55e+02 2.8e+00 5.6e-02 0.734 0.656 0.00
  91 -5.034324823e+08 +5.20641367e+08 3.49e+02 2.9e+00 5.4e-02 0.734 0.656 0.00
  92 -5.034247708e+08 +5.20625944e+08 2.73e+02 2.7e+00 5.3e-02 0.734 0.656 0.00
  93 -5.034173168e+08 +5.20611036e+08 2.64e+02 2.6e+00 5.1e-02 0.735 0.656 0.00
  94 -5.034101347e+08 +5.20596672e+08 2.57e+02 2.7e+00 4.9e-02 0.735 0.656 0.00
  95 -5.034032510e+08 +5.20582904e+08 2.49e+02 2.7e+00 4.7e-02 0.735 0.656 0.00
  96 -5.033966901e+08 +5.20569782e+08 2.40e+02 2.7e+00 4.5e-02 0.736 0.656 0.00
  97 -5.033904703e+08 +5.20557343e+08 2.33e+02 2.7e+00 4.4e-02 0.736 0.656 0.00
  98 -5.033846108e+08 +5.20545624e+08 2.25e+02 2.7e+00 4.3e-02 0.736 0.656 0.00
  99 -5.033791364e+08 +5.20534675e+08 2.16e+02 2.6e+00 4.1e-02 0.737 0.656 0.00
 100 -5.033740487e+08 +5.20524500e+08 2.07e+02 2.6e+00 3.9e-02 0.737 0.656 0.00
Warning message:
Quick-TRANSfer stage steps exceeded maximum (= 907100) 
> saveRDS(fit, file=paste0("../data/gom-data/topics",clustnum,".human.log.indv-cell.int19k.reg-",data.source,".rds"))
> 
> 
> #Run analyses for chimp data
> print("Loading chimp data")
[1] "Loading chimp data"
> 
> #Load data
> scrna <- paste0("../data/cellranger-data-full/data.filter.log.indv-cell.int19k.reg-",data.source,".rds")
> data <- readRDS(scrna)
> data <- subset(data, subset=Species=="Chimp")
> 
> #Prepare data (unintegrated count data)
> counts <- as.matrix(data@assays$RNA@counts) #do not use integrated data
> counts <- counts[rowSums(counts>0)>0,]      #remove genes with 0 counts across cells
> counts <- t(as.matrix(counts))              #fix matrix orientation (barcodes x features)
> rm(data)
> 
> #Fit fastTopics model and save data
> fit <- fit_poisson_nmf(counts, k=clustnum, numiter=100)
Using 4 RcppParallel threads.
Initializing factors using Topic SCORE algorithm.
Initializing loadings by running 10 SCD updates.
Using 4 RcppParallel threads.
Fitting rank-10 Poisson NMF to 53562 x 18072 dense matrix.
Running 100 SCD updates, without extrapolation (fastTopics 0.3-185).
iter   log-likelihood        deviance res(KKT)  |F-F'|  |L-L'| nz(F) nz(L) beta
   1 -5.563933816e+08 +6.12008468e+08 4.97e+04 2.5e+02 1.4e+00 0.624 0.620 0.00
   2 -5.358290236e+08 +5.70879752e+08 9.26e+04 6.0e+01 3.6e+00 0.651 0.747 0.00
   3 -5.302483862e+08 +5.59718478e+08 2.05e+04 4.4e+01 2.6e+00 0.658 0.669 0.00
   4 -5.282764456e+08 +5.55774597e+08 1.85e+04 3.3e+01 1.2e+00 0.675 0.646 0.00
   5 -5.272075865e+08 +5.53636878e+08 3.88e+03 2.2e+01 7.6e-01 0.684 0.626 0.00
   6 -5.266009676e+08 +5.52423640e+08 3.23e+03 1.6e+01 5.9e-01 0.692 0.610 0.00
   7 -5.262428961e+08 +5.51707498e+08 2.63e+03 1.3e+01 4.4e-01 0.698 0.600 0.00
   8 -5.260099791e+08 +5.51241664e+08 2.60e+03 1.1e+01 3.4e-01 0.703 0.593 0.00
   9 -5.258389532e+08 +5.50899612e+08 2.50e+03 9.1e+00 2.9e-01 0.707 0.589 0.00
  10 -5.256992383e+08 +5.50620182e+08 2.29e+03 6.9e+00 2.7e-01 0.709 0.587 0.00
  11 -5.255734857e+08 +5.50368677e+08 2.17e+03 5.9e+00 3.3e-01 0.711 0.586 0.00
  12 -5.254438549e+08 +5.50109415e+08 2.45e+03 5.6e+00 4.3e-01 0.712 0.585 0.00
  13 -5.252833377e+08 +5.49788381e+08 3.40e+03 5.5e+00 5.7e-01 0.713 0.584 0.00
  14 -5.250535597e+08 +5.49328825e+08 3.67e+03 5.5e+00 6.8e-01 0.715 0.584 0.00
  15 -5.247804513e+08 +5.48782608e+08 3.56e+03 7.3e+00 9.0e-01 0.717 0.584 0.00
  16 -5.245557389e+08 +5.48333183e+08 3.50e+03 8.4e+00 6.6e-01 0.718 0.584 0.00
  17 -5.243574219e+08 +5.47936549e+08 3.96e+03 8.1e+00 4.9e-01 0.720 0.583 0.00
  18 -5.241791600e+08 +5.47580025e+08 4.29e+03 6.6e+00 5.2e-01 0.721 0.583 0.00
  19 -5.240311959e+08 +5.47284097e+08 4.53e+03 5.6e+00 5.2e-01 0.723 0.583 0.00
  20 -5.239214296e+08 +5.47064565e+08 4.39e+03 5.0e+00 4.8e-01 0.724 0.583 0.00
  21 -5.238466123e+08 +5.46914930e+08 3.01e+03 3.8e+00 4.2e-01 0.725 0.582 0.00
  22 -5.237961556e+08 +5.46814017e+08 2.16e+03 3.2e+00 3.2e-01 0.726 0.580 0.00
  23 -5.237608416e+08 +5.46743389e+08 1.85e+03 2.8e+00 2.3e-01 0.727 0.579 0.00
  24 -5.237343108e+08 +5.46690327e+08 1.73e+03 2.6e+00 1.6e-01 0.727 0.578 0.00
  25 -5.237127726e+08 +5.46647251e+08 1.67e+03 2.5e+00 1.1e-01 0.727 0.577 0.00
  26 -5.236940063e+08 +5.46609718e+08 1.62e+03 2.5e+00 2.3e-01 0.727 0.576 0.00
  27 -5.236767343e+08 +5.46575174e+08 1.57e+03 2.5e+00 5.8e-01 0.728 0.575 0.00
  28 -5.236610331e+08 +5.46543771e+08 1.51e+03 2.4e+00 4.0e-01 0.728 0.575 0.00
  29 -5.236464107e+08 +5.46514527e+08 1.45e+03 2.4e+00 2.2e-01 0.728 0.574 0.00
  30 -5.236324772e+08 +5.46486660e+08 1.39e+03 2.4e+00 2.5e-01 0.727 0.574 0.00
  31 -5.236190945e+08 +5.46459894e+08 1.32e+03 2.4e+00 2.8e-01 0.727 0.574 0.00
  32 -5.236062517e+08 +5.46434209e+08 1.25e+03 2.4e+00 2.1e-01 0.727 0.574 0.00
  33 -5.235938963e+08 +5.46409498e+08 1.32e+03 2.3e+00 9.0e-02 0.727 0.574 0.00
  34 -5.235819614e+08 +5.46385628e+08 1.41e+03 2.3e+00 6.7e-02 0.727 0.574 0.00
  35 -5.235704366e+08 +5.46362579e+08 1.50e+03 2.3e+00 6.8e-02 0.727 0.574 0.00
  36 -5.235593158e+08 +5.46340337e+08 1.59e+03 2.2e+00 6.9e-02 0.727 0.575 0.00
  37 -5.235486118e+08 +5.46318929e+08 1.67e+03 2.2e+00 6.9e-02 0.726 0.575 0.00
  38 -5.235383452e+08 +5.46298396e+08 1.76e+03 2.1e+00 6.9e-02 0.726 0.575 0.00
  39 -5.235285203e+08 +5.46278746e+08 1.84e+03 2.1e+00 6.8e-02 0.726 0.575 0.00
  40 -5.235191272e+08 +5.46259960e+08 1.91e+03 2.1e+00 6.8e-02 0.726 0.576 0.00
  41 -5.235101663e+08 +5.46242038e+08 1.99e+03 2.0e+00 6.7e-02 0.725 0.576 0.00
  42 -5.235016249e+08 +5.46224955e+08 2.05e+03 2.0e+00 6.6e-02 0.725 0.576 0.00
  43 -5.234934815e+08 +5.46208668e+08 2.12e+03 2.0e+00 6.5e-02 0.725 0.576 0.00
  44 -5.234857159e+08 +5.46193137e+08 2.18e+03 1.9e+00 6.3e-02 0.725 0.576 0.00
  45 -5.234783206e+08 +5.46178347e+08 2.23e+03 1.9e+00 6.2e-02 0.725 0.576 0.00
  46 -5.234712760e+08 +5.46164257e+08 2.27e+03 1.9e+00 6.1e-02 0.725 0.577 0.00
  47 -5.234645651e+08 +5.46150835e+08 2.30e+03 1.8e+00 6.0e-02 0.725 0.577 0.00
  48 -5.234581761e+08 +5.46138058e+08 2.33e+03 1.8e+00 5.7e-02 0.725 0.577 0.00
  49 -5.234520961e+08 +5.46125898e+08 2.34e+03 1.7e+00 5.5e-02 0.724 0.577 0.00
  50 -5.234463176e+08 +5.46114341e+08 2.35e+03 1.7e+00 5.3e-02 0.724 0.577 0.00
  51 -5.234408330e+08 +5.46103371e+08 2.32e+03 1.6e+00 5.0e-02 0.724 0.577 0.00
  52 -5.234356311e+08 +5.46092967e+08 2.04e+03 1.6e+00 4.8e-02 0.724 0.578 0.00
  53 -5.234307018e+08 +5.46083109e+08 2.14e+03 1.5e+00 4.5e-02 0.724 0.578 0.00
  54 -5.234260361e+08 +5.46073778e+08 2.19e+03 1.5e+00 4.3e-02 0.724 0.578 0.00
  55 -5.234216241e+08 +5.46064954e+08 2.20e+03 1.5e+00 4.1e-02 0.724 0.578 0.00
  56 -5.234174707e+08 +5.46056647e+08 2.19e+03 1.4e+00 3.9e-02 0.724 0.578 0.00
  57 -5.234135763e+08 +5.46048858e+08 2.15e+03 1.4e+00 3.6e-02 0.723 0.578 0.00
  58 -5.234099253e+08 +5.46041556e+08 2.11e+03 1.3e+00 3.4e-02 0.723 0.578 0.00
  59 -5.234064981e+08 +5.46034702e+08 2.05e+03 1.3e+00 3.2e-02 0.723 0.579 0.00
  60 -5.234032708e+08 +5.46028247e+08 1.99e+03 1.2e+00 3.0e-02 0.723 0.579 0.00
  61 -5.234002314e+08 +5.46022168e+08 1.92e+03 1.2e+00 2.9e-02 0.723 0.579 0.00
  62 -5.233973750e+08 +5.46016455e+08 1.84e+03 1.1e+00 2.7e-02 0.723 0.579 0.00
  63 -5.233947061e+08 +5.46011117e+08 1.74e+03 1.1e+00 2.6e-02 0.723 0.579 0.00
  64 -5.233922176e+08 +5.46006141e+08 1.59e+03 9.9e-01 2.5e-02 0.723 0.579 0.00
  65 -5.233898972e+08 +5.46001500e+08 1.46e+03 9.2e-01 2.5e-02 0.723 0.579 0.00
  66 -5.233877355e+08 +5.45997176e+08 1.34e+03 8.6e-01 2.4e-02 0.722 0.579 0.00
  67 -5.233857172e+08 +5.45993140e+08 1.23e+03 8.0e-01 2.4e-02 0.722 0.580 0.00
  68 -5.233838335e+08 +5.45989372e+08 1.13e+03 7.6e-01 2.3e-02 0.722 0.580 0.00
  69 -5.233820821e+08 +5.45985870e+08 1.03e+03 7.3e-01 2.2e-02 0.722 0.580 0.00
  70 -5.233804501e+08 +5.45982605e+08 9.46e+02 7.1e-01 2.2e-02 0.722 0.580 0.00
  71 -5.233789283e+08 +5.45979562e+08 8.65e+02 6.8e-01 2.1e-02 0.722 0.580 0.00
  72 -5.233775091e+08 +5.45976724e+08 7.91e+02 6.6e-01 2.1e-02 0.722 0.580 0.00
  73 -5.233761863e+08 +5.45974078e+08 7.24e+02 6.4e-01 2.0e-02 0.722 0.580 0.00
  74 -5.233749542e+08 +5.45971614e+08 6.63e+02 6.2e-01 1.9e-02 0.722 0.580 0.00
  75 -5.233738082e+08 +5.45969322e+08 6.08e+02 6.0e-01 1.8e-02 0.722 0.580 0.00
  76 -5.233727435e+08 +5.45967192e+08 5.55e+02 5.9e-01 1.8e-02 0.722 0.580 0.00
  77 -5.233717555e+08 +5.45965216e+08 5.07e+02 5.7e-01 1.7e-02 0.722 0.580 0.00
  78 -5.233708393e+08 +5.45963384e+08 4.63e+02 5.5e-01 1.6e-02 0.722 0.580 0.00
  79 -5.233699900e+08 +5.45961685e+08 4.24e+02 5.4e-01 1.5e-02 0.722 0.580 0.00
  80 -5.233692033e+08 +5.45960112e+08 3.88e+02 5.2e-01 1.5e-02 0.722 0.580 0.00
  81 -5.233684753e+08 +5.45958656e+08 3.55e+02 5.0e-01 1.4e-02 0.722 0.580 0.00
  82 -5.233678018e+08 +5.45957309e+08 3.27e+02 4.9e-01 1.3e-02 0.722 0.580 0.00
  83 -5.233671793e+08 +5.45956064e+08 3.01e+02 4.7e-01 1.3e-02 0.722 0.580 0.00
  84 -5.233666048e+08 +5.45954915e+08 2.77e+02 4.5e-01 1.2e-02 0.722 0.581 0.00
  85 -5.233660753e+08 +5.45953856e+08 2.56e+02 4.4e-01 1.2e-02 0.722 0.581 0.00
  86 -5.233655878e+08 +5.45952881e+08 2.30e+02 4.2e-01 1.1e-02 0.722 0.581 0.00
  87 -5.233651394e+08 +5.45951984e+08 2.12e+02 4.1e-01 1.1e-02 0.721 0.581 0.00
  88 -5.233647275e+08 +5.45951160e+08 2.03e+02 3.9e-01 1.0e-02 0.721 0.581 0.00
  89 -5.233643493e+08 +5.45950404e+08 1.95e+02 3.8e-01 9.9e-03 0.721 0.581 0.00
  90 -5.233640021e+08 +5.45949710e+08 1.87e+02 3.7e-01 9.5e-03 0.721 0.581 0.00
  91 -5.233636836e+08 +5.45949073e+08 1.78e+02 3.5e-01 9.1e-03 0.721 0.581 0.00
  92 -5.233633917e+08 +5.45948489e+08 1.71e+02 3.4e-01 8.7e-03 0.721 0.581 0.00
  93 -5.233631262e+08 +5.45947958e+08 1.63e+02 3.3e-01 8.4e-03 0.721 0.581 0.00
  94 -5.233628848e+08 +5.45947475e+08 1.56e+02 3.1e-01 8.0e-03 0.721 0.581 0.00
  95 -5.233626652e+08 +5.45947036e+08 1.48e+02 3.0e-01 7.6e-03 0.721 0.581 0.00
  96 -5.233624654e+08 +5.45946636e+08 1.41e+02 2.9e-01 7.3e-03 0.721 0.581 0.00
  97 -5.233622836e+08 +5.45946273e+08 1.35e+02 2.8e-01 7.0e-03 0.721 0.581 0.00
  98 -5.233621183e+08 +5.45945942e+08 1.28e+02 2.6e-01 6.7e-03 0.722 0.581 0.00
  99 -5.233619681e+08 +5.45945642e+08 1.22e+02 2.5e-01 6.4e-03 0.722 0.581 0.00
 100 -5.233618314e+08 +5.45945368e+08 1.16e+02 2.4e-01 6.1e-03 0.722 0.581 0.00
> saveRDS(fit, file=paste0("../data/gom-data/topics",clustnum,".chimp.log.indv-cell.int19k.reg-",data.source,".rds"))
> 
> proc.time()
      user     system    elapsed 
133508.116   8381.855  56719.565 
