
R version 3.6.1 (2019-07-05) -- "Action of the Toes"
Copyright (C) 2019 The R Foundation for Statistical Computing
Platform: x86_64-pc-linux-gnu (64-bit)

R is free software and comes with ABSOLUTELY NO WARRANTY.
You are welcome to redistribute it under certain conditions.
Type 'license()' or 'licence()' for distribution details.

R is a collaborative project with many contributors.
Type 'contributors()' for more information and
'citation()' on how to cite R or R packages in publications.

Type 'demo()' for some demos, 'help()' for on-line help, or
'help.start()' for an HTML browser interface to help.
Type 'q()' to quit R.

> #Read in command line arguments as list of character vectors
> args=(commandArgs(TRUE))
> 
> #Check if arguments are passed and cycle through to evaluate each element
> if(length(args)==0){
+   print("No arguments supplied.")
+   #supply default values
+   clustnum=3
+   data.source="tot"
+ }else{
+   for(i in 1:length(args)){
+     eval(parse(text=args[[i]]))
+   }
+ }
> print(paste0("k: ",clustnum))
[1] "k: 6"
> print(paste0("data source: ",data.source))
[1] "data source: tot"
> 
> #Load libraries
> library(Seurat)
> library(CountClust)
Loading required package: ggplot2
> library(classtpx)
Loading required package: slam
> library(fastTopics)
> 
> 
> #Run analyses for human data
> print("Loading human data")
[1] "Loading human data"
> 
> #Load data
> scrna <- paste0("../data/cellranger-data-full/data.filter.log.indv-cell.int19k.reg-",data.source,".rds")
> data <- readRDS(scrna)
> data <- subset(data, subset=Species=="Human")
> 
> #Prepare data (unintegrated count data)
> counts <- as.matrix(data@assays$RNA@counts) #do not use integrated data
> counts <- counts[rowSums(counts>0)>0,]      #remove genes with 0 counts across cells
> counts <- t(as.matrix(counts))              #fix matrix orientation (barcodes x features)
> 
> #Batch correct counts - don't correct for species
> labelBatch1 <- as.factor(paste0(data@meta.data$Pair,data@meta.data$Replicate)[which(rownames(data@meta.data) %in% rownames(counts))])
> countsBC1 <- BatchCorrectedCounts(counts, labelBatch1, use_parallel=FALSE)
> rm(data,counts)
> 
> #Fit fastTopics model and save data
> fit <- fit_poisson_nmf(countsBC1, k=clustnum, numiter=100)
Using 4 RcppParallel threads.
Initializing factors using Topic SCORE algorithm.
Initializing loadings by running 10 SCD updates.
Using 4 RcppParallel threads.
Fitting rank-6 Poisson NMF to 47972 x 18142 dense matrix.
Running 100 SCD updates, without extrapolation (fastTopics 0.3-185).
iter   log-likelihood        deviance res(KKT)  |F-F'|  |L-L'| nz(F) nz(L) beta
   1 -5.247366110e+08 +5.64222562e+08 1.68e+04 1.2e+02 1.6e+00 0.745 0.643 0.00
   2 -5.177368031e+08 +5.50222947e+08 8.38e+03 2.5e+01 2.5e+00 0.766 0.756 0.00
   3 -5.142730901e+08 +5.43295521e+08 4.57e+03 2.0e+01 3.2e+00 0.772 0.762 0.00
   4 -5.122560367e+08 +5.39261414e+08 5.54e+03 2.2e+01 1.7e+00 0.776 0.786 0.00
   5 -5.111065775e+08 +5.36962495e+08 3.59e+03 2.1e+01 6.9e-01 0.776 0.798 0.00
   6 -5.105728025e+08 +5.35894945e+08 3.00e+03 1.8e+01 4.4e-01 0.774 0.798 0.00
   7 -5.103165882e+08 +5.35382517e+08 2.29e+03 1.4e+01 3.1e-01 0.771 0.796 0.00
   8 -5.101712773e+08 +5.35091895e+08 1.88e+03 1.1e+01 1.8e-01 0.769 0.796 0.00
   9 -5.100765021e+08 +5.34902345e+08 1.52e+03 8.8e+00 1.5e-01 0.768 0.797 0.00
  10 -5.100093096e+08 +5.34767960e+08 2.41e+03 7.5e+00 1.3e-01 0.767 0.799 0.00
  11 -5.099587768e+08 +5.34666894e+08 2.88e+03 6.5e+00 1.1e-01 0.765 0.800 0.00
  12 -5.099189339e+08 +5.34587208e+08 2.94e+03 5.9e+00 1.0e-01 0.765 0.801 0.00
  13 -5.098865223e+08 +5.34522385e+08 2.87e+03 5.4e+00 9.3e-02 0.764 0.802 0.00
  14 -5.098592015e+08 +5.34467743e+08 2.76e+03 5.1e+00 8.6e-02 0.763 0.802 0.00
  15 -5.098357834e+08 +5.34420907e+08 2.64e+03 4.8e+00 8.1e-02 0.762 0.803 0.00
  16 -5.098151671e+08 +5.34379675e+08 2.52e+03 4.6e+00 7.7e-02 0.762 0.804 0.00
  17 -5.097967140e+08 +5.34342768e+08 2.40e+03 4.5e+00 7.4e-02 0.761 0.804 0.00
  18 -5.097800158e+08 +5.34309372e+08 2.29e+03 4.4e+00 7.1e-02 0.761 0.804 0.00
  19 -5.097647118e+08 +5.34278764e+08 2.18e+03 4.3e+00 6.8e-02 0.760 0.804 0.00
  20 -5.097505281e+08 +5.34250397e+08 2.08e+03 4.2e+00 6.5e-02 0.760 0.804 0.00
  21 -5.097372992e+08 +5.34223939e+08 1.99e+03 4.1e+00 6.3e-02 0.759 0.804 0.00
  22 -5.097250331e+08 +5.34199407e+08 1.91e+03 4.1e+00 6.1e-02 0.759 0.804 0.00
  23 -5.097135374e+08 +5.34176415e+08 1.90e+03 4.0e+00 5.9e-02 0.758 0.805 0.00
  24 -5.097026241e+08 +5.34154589e+08 2.00e+03 4.0e+00 5.8e-02 0.758 0.805 0.00
  25 -5.096921415e+08 +5.34133623e+08 2.06e+03 4.0e+00 5.7e-02 0.757 0.805 0.00
  26 -5.096820345e+08 +5.34113409e+08 2.10e+03 3.9e+00 5.6e-02 0.757 0.805 0.00
  27 -5.096725082e+08 +5.34094357e+08 2.11e+03 3.8e+00 5.5e-02 0.756 0.805 0.00
  28 -5.096639152e+08 +5.34077171e+08 1.91e+03 3.4e+00 5.2e-02 0.756 0.805 0.00
  29 -5.096561105e+08 +5.34061561e+08 1.77e+03 3.0e+00 4.9e-02 0.755 0.805 0.00
  30 -5.096490050e+08 +5.34047350e+08 1.65e+03 2.7e+00 4.7e-02 0.755 0.805 0.00
  31 -5.096425461e+08 +5.34034433e+08 1.55e+03 2.4e+00 4.4e-02 0.755 0.806 0.00
  32 -5.096367466e+08 +5.34022834e+08 1.12e+03 2.0e+00 4.2e-02 0.754 0.806 0.00
  33 -5.096317221e+08 +5.34012785e+08 8.98e+02 1.6e+00 3.9e-02 0.754 0.806 0.00
  34 -5.096272938e+08 +5.34003928e+08 6.92e+02 1.2e+00 3.5e-02 0.753 0.806 0.00
  35 -5.096233089e+08 +5.33995958e+08 4.13e+02 9.1e-01 3.3e-02 0.753 0.806 0.00
  36 -5.096196903e+08 +5.33988721e+08 4.03e+02 9.1e-01 3.1e-02 0.753 0.806 0.00
  37 -5.096163475e+08 +5.33982035e+08 3.90e+02 9.1e-01 3.0e-02 0.752 0.807 0.00
  38 -5.096132057e+08 +5.33975752e+08 3.81e+02 9.1e-01 3.0e-02 0.752 0.806 0.00
  39 -5.096102205e+08 +5.33969781e+08 3.77e+02 9.1e-01 2.9e-02 0.751 0.807 0.00
  40 -5.096073529e+08 +5.33964046e+08 3.75e+02 9.2e-01 2.9e-02 0.751 0.806 0.00
  41 -5.096045630e+08 +5.33958466e+08 3.76e+02 9.3e-01 2.9e-02 0.750 0.806 0.00
  42 -5.096018340e+08 +5.33953008e+08 3.78e+02 9.5e-01 2.9e-02 0.750 0.806 0.00
  43 -5.095991576e+08 +5.33947656e+08 3.80e+02 9.6e-01 2.9e-02 0.750 0.806 0.00
  44 -5.095965268e+08 +5.33942394e+08 3.84e+02 9.7e-01 2.9e-02 0.749 0.806 0.00
  45 -5.095939299e+08 +5.33937200e+08 3.87e+02 9.9e-01 2.9e-02 0.749 0.806 0.00
  46 -5.095913608e+08 +5.33932062e+08 3.88e+02 1.0e+00 2.9e-02 0.749 0.806 0.00
  47 -5.095888162e+08 +5.33926973e+08 3.91e+02 1.0e+00 2.9e-02 0.749 0.806 0.00
  48 -5.095862924e+08 +5.33921925e+08 3.94e+02 1.0e+00 2.9e-02 0.748 0.806 0.00
  49 -5.095837806e+08 +5.33916902e+08 3.98e+02 1.0e+00 2.9e-02 0.748 0.806 0.00
  50 -5.095812770e+08 +5.33911894e+08 4.03e+02 1.1e+00 2.9e-02 0.748 0.806 0.00
  51 -5.095787753e+08 +5.33906891e+08 4.09e+02 1.1e+00 2.9e-02 0.747 0.806 0.00
  52 -5.095762672e+08 +5.33901875e+08 4.13e+02 1.1e+00 2.9e-02 0.747 0.806 0.00
  53 -5.095737510e+08 +5.33896842e+08 4.18e+02 1.1e+00 2.9e-02 0.747 0.806 0.00
  54 -5.095712259e+08 +5.33891792e+08 4.23e+02 1.1e+00 3.0e-02 0.746 0.806 0.00
  55 -5.095686899e+08 +5.33886720e+08 4.29e+02 1.1e+00 3.0e-02 0.746 0.806 0.00
  56 -5.095661413e+08 +5.33881623e+08 4.36e+02 1.2e+00 3.0e-02 0.746 0.806 0.00
  57 -5.095635783e+08 +5.33876497e+08 4.43e+02 1.2e+00 3.0e-02 0.746 0.806 0.00
  58 -5.095610003e+08 +5.33871341e+08 4.51e+02 1.2e+00 3.0e-02 0.746 0.806 0.00
  59 -5.095584073e+08 +5.33866155e+08 4.59e+02 1.2e+00 3.1e-02 0.745 0.806 0.00
  60 -5.095557982e+08 +5.33860937e+08 4.67e+02 1.2e+00 3.1e-02 0.745 0.806 0.00
  61 -5.095531726e+08 +5.33855686e+08 4.77e+02 1.2e+00 3.1e-02 0.745 0.806 0.00
  62 -5.095505296e+08 +5.33850400e+08 4.86e+02 1.2e+00 3.1e-02 0.744 0.806 0.00
  63 -5.095478701e+08 +5.33845081e+08 4.95e+02 1.3e+00 3.2e-02 0.744 0.806 0.00
  64 -5.095451945e+08 +5.33839729e+08 5.03e+02 1.3e+00 3.2e-02 0.744 0.806 0.00
  65 -5.095425042e+08 +5.33834349e+08 5.13e+02 1.3e+00 3.2e-02 0.744 0.806 0.00
  66 -5.095398007e+08 +5.33828942e+08 5.22e+02 1.3e+00 3.3e-02 0.743 0.806 0.00
  67 -5.095370849e+08 +5.33823510e+08 5.31e+02 1.3e+00 3.3e-02 0.743 0.806 0.00
  68 -5.095343579e+08 +5.33818056e+08 5.40e+02 1.3e+00 3.3e-02 0.743 0.807 0.00
  69 -5.095316205e+08 +5.33812581e+08 5.48e+02 1.3e+00 3.4e-02 0.742 0.807 0.00
  70 -5.095288742e+08 +5.33807089e+08 5.57e+02 1.3e+00 3.4e-02 0.742 0.807 0.00
  71 -5.095261202e+08 +5.33801581e+08 5.67e+02 1.3e+00 3.4e-02 0.742 0.807 0.00
  72 -5.095233602e+08 +5.33796061e+08 5.79e+02 1.4e+00 3.4e-02 0.742 0.807 0.00
  73 -5.095205957e+08 +5.33790532e+08 5.90e+02 1.4e+00 3.5e-02 0.741 0.807 0.00
  74 -5.095178275e+08 +5.33784995e+08 6.00e+02 1.4e+00 3.5e-02 0.741 0.807 0.00
  75 -5.095150546e+08 +5.33779450e+08 6.11e+02 1.4e+00 3.5e-02 0.741 0.807 0.00
  76 -5.095122773e+08 +5.33773895e+08 6.23e+02 1.4e+00 3.5e-02 0.741 0.807 0.00
  77 -5.095094980e+08 +5.33768336e+08 6.37e+02 1.4e+00 3.5e-02 0.741 0.807 0.00
  78 -5.095067177e+08 +5.33762776e+08 6.50e+02 1.4e+00 3.5e-02 0.740 0.808 0.00
  79 -5.095039368e+08 +5.33757214e+08 6.67e+02 1.4e+00 3.5e-02 0.740 0.808 0.00
  80 -5.095011546e+08 +5.33751650e+08 6.86e+02 1.4e+00 3.5e-02 0.740 0.808 0.00
  81 -5.094983737e+08 +5.33746088e+08 7.03e+02 1.3e+00 3.5e-02 0.740 0.808 0.00
  82 -5.094955969e+08 +5.33740534e+08 7.17e+02 1.3e+00 3.5e-02 0.740 0.808 0.00
  83 -5.094928263e+08 +5.33734993e+08 7.36e+02 1.3e+00 3.5e-02 0.739 0.808 0.00
  84 -5.094900651e+08 +5.33729471e+08 7.56e+02 1.3e+00 3.4e-02 0.739 0.808 0.00
  85 -5.094873150e+08 +5.33723970e+08 7.75e+02 1.3e+00 3.4e-02 0.739 0.809 0.00
  86 -5.094845793e+08 +5.33718499e+08 7.93e+02 1.3e+00 3.4e-02 0.738 0.809 0.00
  87 -5.094818653e+08 +5.33713071e+08 8.04e+02 1.3e+00 3.4e-02 0.738 0.809 0.00
  88 -5.094791767e+08 +5.33707694e+08 8.13e+02 1.3e+00 3.3e-02 0.738 0.809 0.00
  89 -5.094765169e+08 +5.33702374e+08 8.24e+02 1.3e+00 3.3e-02 0.738 0.809 0.00
  90 -5.094738896e+08 +5.33697120e+08 8.34e+02 1.3e+00 3.3e-02 0.738 0.809 0.00
  91 -5.094712962e+08 +5.33691933e+08 8.45e+02 1.3e+00 3.2e-02 0.737 0.809 0.00
  92 -5.094687417e+08 +5.33686824e+08 7.07e+02 1.3e+00 3.2e-02 0.737 0.809 0.00
  93 -5.094662660e+08 +5.33681872e+08 6.79e+02 1.3e+00 3.1e-02 0.737 0.810 0.00
  94 -5.094638780e+08 +5.33677096e+08 6.07e+02 1.3e+00 3.0e-02 0.737 0.810 0.00
  95 -5.094615710e+08 +5.33672482e+08 5.79e+02 1.2e+00 2.9e-02 0.737 0.810 0.00
  96 -5.094593431e+08 +5.33668027e+08 5.62e+02 1.2e+00 2.9e-02 0.736 0.810 0.00
  97 -5.094571929e+08 +5.33663726e+08 5.51e+02 1.2e+00 2.8e-02 0.736 0.810 0.00
  98 -5.094551193e+08 +5.33659579e+08 5.43e+02 1.2e+00 2.7e-02 0.736 0.810 0.00
  99 -5.094531228e+08 +5.33655586e+08 5.33e+02 1.1e+00 2.6e-02 0.736 0.811 0.00
 100 -5.094512024e+08 +5.33651745e+08 5.24e+02 1.1e+00 2.5e-02 0.736 0.811 0.00
> saveRDS(fit, file=paste0("../data/gom-data/topics",clustnum,".human.log.indv-cell.int19k.reg-",data.source,".bc1.rds"))
> 
> 
> #Run analyses for chimp data
> print("Loading chimp data")
[1] "Loading chimp data"
> 
> #Load data
> scrna <- paste0("../data/cellranger-data-full/data.filter.log.indv-cell.int19k.reg-",data.source,".rds")
> data <- readRDS(scrna)
> data <- subset(data, subset=Species=="Chimp")
> 
> #Prepare data (unintegrated count data)
> counts <- as.matrix(data@assays$RNA@counts) #do not use integrated data
> counts <- counts[rowSums(counts>0)>0,]      #remove genes with 0 counts across cells
> counts <- t(as.matrix(counts))              #fix matrix orientation (barcodes x features)
> 
> #Batch correct counts - don't correct for species
> labelBatch1 <- as.factor(paste0(data@meta.data$Pair,data@meta.data$Replicate)[which(rownames(data@meta.data) %in% rownames(counts))])
> countsBC1 <- BatchCorrectedCounts(counts, labelBatch1, use_parallel=FALSE)
> rm(data,counts)
> 
> #Fit fastTopics model and save data
> fit <- fit_poisson_nmf(countsBC1, k=clustnum, numiter=100)
Using 4 RcppParallel threads.
Initializing factors using Topic SCORE algorithm.
Initializing loadings by running 10 SCD updates.
Using 4 RcppParallel threads.
Fitting rank-6 Poisson NMF to 53562 x 18072 dense matrix.
Running 100 SCD updates, without extrapolation (fastTopics 0.3-185).
iter   log-likelihood        deviance res(KKT)  |F-F'|  |L-L'| nz(F) nz(L) beta
   1 -5.379850876e+08 +5.76635201e+08 7.69e+03 3.8e+02 2.2e+00 0.815 0.522 0.00
   2 -5.332936334e+08 +5.67252292e+08 6.89e+03 5.4e+01 2.3e+00 0.827 0.735 0.00
   3 -5.317519233e+08 +5.64168872e+08 4.06e+03 2.0e+01 1.4e+00 0.818 0.665 0.00
   4 -5.310440454e+08 +5.62753116e+08 5.32e+03 1.7e+01 1.0e+00 0.810 0.685 0.00
   5 -5.305736358e+08 +5.61812297e+08 6.19e+03 1.4e+01 6.2e-01 0.804 0.701 0.00
   6 -5.302181577e+08 +5.61101341e+08 6.00e+03 1.2e+01 5.6e-01 0.797 0.713 0.00
   7 -5.299421804e+08 +5.60549386e+08 5.97e+03 1.0e+01 4.0e-01 0.792 0.723 0.00
   8 -5.297250099e+08 +5.60115045e+08 5.03e+03 8.2e+00 4.3e-01 0.788 0.732 0.00
   9 -5.295526007e+08 +5.59770227e+08 4.32e+03 6.2e+00 4.1e-01 0.785 0.740 0.00
  10 -5.294150696e+08 +5.59495165e+08 3.42e+03 4.0e+00 3.6e-01 0.782 0.747 0.00
  11 -5.293049161e+08 +5.59274858e+08 2.49e+03 3.4e+00 3.2e-01 0.780 0.753 0.00
  12 -5.292158835e+08 +5.59096792e+08 1.66e+03 3.2e+00 2.7e-01 0.779 0.758 0.00
  13 -5.291429037e+08 +5.58950833e+08 1.30e+03 3.0e+00 2.3e-01 0.777 0.762 0.00
  14 -5.290819375e+08 +5.58828900e+08 1.43e+03 2.8e+00 1.9e-01 0.776 0.765 0.00
  15 -5.290298539e+08 +5.58724733e+08 1.57e+03 2.8e+00 1.7e-01 0.775 0.768 0.00
  16 -5.289842194e+08 +5.58633464e+08 1.70e+03 2.8e+00 1.6e-01 0.774 0.771 0.00
  17 -5.289433816e+08 +5.58551789e+08 1.83e+03 2.8e+00 1.4e-01 0.773 0.773 0.00
  18 -5.289060976e+08 +5.58477221e+08 1.95e+03 2.7e+00 1.3e-01 0.771 0.776 0.00
  19 -5.288712340e+08 +5.58407493e+08 2.25e+03 2.7e+00 1.3e-01 0.770 0.778 0.00
  20 -5.288378252e+08 +5.58340676e+08 3.47e+03 2.6e+00 1.3e-01 0.769 0.780 0.00
  21 -5.288048677e+08 +5.58274761e+08 4.70e+03 3.5e+00 1.5e-01 0.769 0.782 0.00
  22 -5.287704265e+08 +5.58205878e+08 5.46e+03 5.2e+00 2.0e-01 0.767 0.784 0.00
  23 -5.287311144e+08 +5.58127254e+08 4.39e+03 7.5e+00 2.5e-01 0.766 0.786 0.00
  24 -5.286841015e+08 +5.58033228e+08 1.69e+03 8.2e+00 3.5e-01 0.765 0.788 0.00
  25 -5.286466086e+08 +5.57958243e+08 1.74e+03 2.5e+00 2.4e-01 0.764 0.789 0.00
  26 -5.286220660e+08 +5.57909157e+08 1.91e+03 2.6e+00 8.4e-02 0.763 0.791 0.00
  27 -5.286037325e+08 +5.57872490e+08 1.80e+03 2.5e+00 7.1e-02 0.762 0.793 0.00
  28 -5.285899443e+08 +5.57844914e+08 1.62e+03 2.2e+00 6.0e-02 0.761 0.795 0.00
  29 -5.285794898e+08 +5.57824005e+08 1.44e+03 2.0e+00 5.1e-02 0.761 0.796 0.00
  30 -5.285715408e+08 +5.57808107e+08 1.28e+03 1.8e+00 4.3e-02 0.760 0.798 0.00
  31 -5.285653917e+08 +5.57795809e+08 1.14e+03 1.6e+00 3.6e-02 0.759 0.799 0.00
  32 -5.285605494e+08 +5.57786124e+08 1.02e+03 1.5e+00 3.0e-02 0.759 0.800 0.00
  33 -5.285566948e+08 +5.57778415e+08 9.16e+02 1.3e+00 2.6e-02 0.758 0.800 0.00
  34 -5.285535996e+08 +5.57772225e+08 8.32e+02 1.2e+00 2.2e-02 0.758 0.801 0.00
  35 -5.285510895e+08 +5.57767204e+08 7.55e+02 1.1e+00 2.0e-02 0.758 0.802 0.00
  36 -5.285490313e+08 +5.57763088e+08 6.89e+02 1.0e+00 1.8e-02 0.757 0.802 0.00
  37 -5.285473221e+08 +5.57759670e+08 6.26e+02 9.3e-01 1.7e-02 0.757 0.802 0.00
  38 -5.285458923e+08 +5.57756810e+08 5.69e+02 8.5e-01 1.5e-02 0.757 0.803 0.00
  39 -5.285446881e+08 +5.57754402e+08 5.16e+02 7.8e-01 1.4e-02 0.757 0.803 0.00
  40 -5.285436677e+08 +5.57752361e+08 4.70e+02 7.2e-01 1.2e-02 0.756 0.803 0.00
  41 -5.285427967e+08 +5.57750619e+08 4.28e+02 6.6e-01 1.2e-02 0.756 0.804 0.00
  42 -5.285420483e+08 +5.57749122e+08 3.90e+02 6.0e-01 1.1e-02 0.756 0.804 0.00
  43 -5.285414009e+08 +5.57747827e+08 3.57e+02 5.5e-01 1.1e-02 0.756 0.804 0.00
  44 -5.285408374e+08 +5.57746700e+08 3.26e+02 5.1e-01 1.1e-02 0.756 0.804 0.00
  45 -5.285403443e+08 +5.57745714e+08 2.99e+02 4.7e-01 1.0e-02 0.756 0.805 0.00
  46 -5.285399101e+08 +5.57744846e+08 2.75e+02 4.3e-01 9.8e-03 0.756 0.805 0.00
  47 -5.285395257e+08 +5.57744077e+08 2.53e+02 4.0e-01 9.5e-03 0.755 0.805 0.00
  48 -5.285391832e+08 +5.57743392e+08 2.32e+02 3.7e-01 9.1e-03 0.755 0.805 0.00
  49 -5.285388764e+08 +5.57742778e+08 2.13e+02 3.4e-01 8.8e-03 0.755 0.805 0.00
  50 -5.285385999e+08 +5.57742225e+08 1.95e+02 3.2e-01 8.5e-03 0.755 0.805 0.00
  51 -5.285383494e+08 +5.57741724e+08 1.79e+02 2.9e-01 8.3e-03 0.755 0.806 0.00
  52 -5.285381210e+08 +5.57741267e+08 1.65e+02 2.7e-01 8.0e-03 0.755 0.806 0.00
  53 -5.285379118e+08 +5.57740849e+08 1.52e+02 2.5e-01 7.8e-03 0.755 0.806 0.00
  54 -5.285377191e+08 +5.57740464e+08 1.39e+02 2.3e-01 7.6e-03 0.755 0.806 0.00
  55 -5.285375409e+08 +5.57740107e+08 1.27e+02 2.2e-01 7.4e-03 0.755 0.806 0.00
  56 -5.285373753e+08 +5.57739776e+08 1.17e+02 2.0e-01 7.2e-03 0.755 0.806 0.00
  57 -5.285372211e+08 +5.57739468e+08 1.08e+02 1.9e-01 7.0e-03 0.755 0.806 0.00
  58 -5.285370771e+08 +5.57739180e+08 1.01e+02 1.8e-01 6.8e-03 0.755 0.806 0.00
  59 -5.285369421e+08 +5.57738910e+08 9.33e+01 1.7e-01 6.7e-03 0.755 0.806 0.00
  60 -5.285368153e+08 +5.57738656e+08 8.65e+01 1.7e-01 6.5e-03 0.755 0.806 0.00
  61 -5.285366957e+08 +5.57738417e+08 8.04e+01 1.7e-01 6.4e-03 0.755 0.806 0.00
  62 -5.285365828e+08 +5.57738191e+08 7.44e+01 1.7e-01 6.2e-03 0.755 0.807 0.00
  63 -5.285364758e+08 +5.57737977e+08 6.89e+01 1.7e-01 6.1e-03 0.755 0.807 0.00
  64 -5.285363743e+08 +5.57737774e+08 6.35e+01 1.6e-01 6.0e-03 0.754 0.807 0.00
  65 -5.285362778e+08 +5.57737581e+08 5.87e+01 1.6e-01 5.9e-03 0.754 0.807 0.00
  66 -5.285361858e+08 +5.57737397e+08 5.45e+01 1.6e-01 5.7e-03 0.754 0.807 0.00
  67 -5.285360980e+08 +5.57737221e+08 5.04e+01 1.6e-01 5.6e-03 0.754 0.807 0.00
  68 -5.285360141e+08 +5.57737054e+08 4.64e+01 1.6e-01 5.5e-03 0.754 0.807 0.00
  69 -5.285359337e+08 +5.57736893e+08 4.25e+01 1.6e-01 5.4e-03 0.754 0.807 0.00
  70 -5.285358565e+08 +5.57736738e+08 3.95e+01 1.5e-01 5.3e-03 0.754 0.807 0.00
  71 -5.285357823e+08 +5.57736590e+08 3.85e+01 1.5e-01 5.2e-03 0.754 0.807 0.00
  72 -5.285357108e+08 +5.57736447e+08 3.76e+01 1.5e-01 5.2e-03 0.754 0.807 0.00
  73 -5.285356418e+08 +5.57736309e+08 3.67e+01 1.5e-01 5.1e-03 0.754 0.807 0.00
  74 -5.285355752e+08 +5.57736176e+08 3.59e+01 1.5e-01 5.0e-03 0.754 0.807 0.00
  75 -5.285355108e+08 +5.57736047e+08 3.52e+01 1.5e-01 4.9e-03 0.754 0.807 0.00
  76 -5.285354483e+08 +5.57735922e+08 3.44e+01 1.5e-01 4.9e-03 0.754 0.807 0.00
  77 -5.285353877e+08 +5.57735801e+08 3.37e+01 1.4e-01 4.8e-03 0.754 0.807 0.00
  78 -5.285353288e+08 +5.57735683e+08 3.31e+01 1.4e-01 4.7e-03 0.754 0.807 0.00
  79 -5.285352714e+08 +5.57735568e+08 3.25e+01 1.4e-01 4.7e-03 0.754 0.807 0.00
  80 -5.285352156e+08 +5.57735457e+08 3.20e+01 1.4e-01 4.6e-03 0.754 0.807 0.00
  81 -5.285351612e+08 +5.57735348e+08 3.16e+01 1.4e-01 4.6e-03 0.754 0.807 0.00
  82 -5.285351081e+08 +5.57735242e+08 3.11e+01 1.4e-01 4.5e-03 0.754 0.807 0.00
  83 -5.285350563e+08 +5.57735138e+08 3.07e+01 1.4e-01 4.5e-03 0.754 0.807 0.00
  84 -5.285350058e+08 +5.57735037e+08 3.03e+01 1.4e-01 4.4e-03 0.754 0.807 0.00
  85 -5.285349564e+08 +5.57734938e+08 3.00e+01 1.4e-01 4.4e-03 0.754 0.807 0.00
  86 -5.285349081e+08 +5.57734842e+08 2.96e+01 1.3e-01 4.3e-03 0.754 0.807 0.00
  87 -5.285348610e+08 +5.57734747e+08 2.92e+01 1.3e-01 4.3e-03 0.754 0.807 0.00
  88 -5.285348148e+08 +5.57734655e+08 2.89e+01 1.3e-01 4.2e-03 0.754 0.807 0.00
  89 -5.285347697e+08 +5.57734565e+08 2.85e+01 1.3e-01 4.2e-03 0.754 0.807 0.00
  90 -5.285347255e+08 +5.57734476e+08 2.82e+01 1.3e-01 4.1e-03 0.754 0.807 0.00
  91 -5.285346822e+08 +5.57734390e+08 2.79e+01 1.3e-01 4.1e-03 0.754 0.807 0.00
  92 -5.285346397e+08 +5.57734305e+08 2.76e+01 1.3e-01 4.1e-03 0.754 0.807 0.00
  93 -5.285345982e+08 +5.57734222e+08 2.73e+01 1.3e-01 4.0e-03 0.754 0.807 0.00
  94 -5.285345575e+08 +5.57734140e+08 2.70e+01 1.3e-01 4.0e-03 0.754 0.807 0.00
  95 -5.285345176e+08 +5.57734061e+08 2.67e+01 1.2e-01 3.9e-03 0.754 0.807 0.00
  96 -5.285344785e+08 +5.57733982e+08 2.64e+01 1.2e-01 3.9e-03 0.754 0.807 0.00
  97 -5.285344401e+08 +5.57733906e+08 2.62e+01 1.2e-01 3.9e-03 0.754 0.807 0.00
  98 -5.285344025e+08 +5.57733830e+08 2.59e+01 1.2e-01 3.8e-03 0.754 0.807 0.00
  99 -5.285343656e+08 +5.57733757e+08 2.56e+01 1.2e-01 3.8e-03 0.754 0.808 0.00
 100 -5.285343294e+08 +5.57733684e+08 2.54e+01 1.2e-01 3.7e-03 0.754 0.808 0.00
> saveRDS(fit, file=paste0("../data/gom-data/topics",clustnum,".chimp.log.indv-cell.int19k.reg-",data.source,".bc1.rds"))
> 
> proc.time()
     user    system   elapsed 
82803.092  8127.411 47364.188 
