
R version 3.6.1 (2019-07-05) -- "Action of the Toes"
Copyright (C) 2019 The R Foundation for Statistical Computing
Platform: x86_64-pc-linux-gnu (64-bit)

R is free software and comes with ABSOLUTELY NO WARRANTY.
You are welcome to redistribute it under certain conditions.
Type 'license()' or 'licence()' for distribution details.

R is a collaborative project with many contributors.
Type 'contributors()' for more information and
'citation()' on how to cite R or R packages in publications.

Type 'demo()' for some demos, 'help()' for on-line help, or
'help.start()' for an HTML browser interface to help.
Type 'q()' to quit R.

> #Read in command line arguments as list of character vectors
> args=(commandArgs(TRUE))
> 
> #Check if arguments are passed and cycle through to evaluate each element
> if(length(args)==0){
+   print("No arguments supplied.")
+   #supply default values
+   clustnum=3
+   data.source="tot"
+ }else{
+   for(i in 1:length(args)){
+     eval(parse(text=args[[i]]))
+   }
+ }
> print(paste0("k: ",clustnum))
[1] "k: 10"
> print(paste0("data source: ",data.source))
[1] "data source: tot"
> 
> #Load libraries
> library(Seurat)
> library(CountClust)
Loading required package: ggplot2
> library(classtpx)
Loading required package: slam
> library(fastTopics)
> 
> 
> #Run analyses for human data
> print("Loading human data")
[1] "Loading human data"
> 
> #Load data
> scrna <- paste0("../data/cellranger-data-full/data.filter.log.indv-cell.int19k.reg-",data.source,".rds")
> data <- readRDS(scrna)
> data <- subset(data, subset=Species=="Human")
> 
> #Prepare data (unintegrated count data)
> counts <- as.matrix(data@assays$RNA@counts) #do not use integrated data
> counts <- counts[rowSums(counts>0)>0,]      #remove genes with 0 counts across cells
> counts <- t(as.matrix(counts))              #fix matrix orientation (barcodes x features)
> 
> #Batch correct counts - don't correct for species
> labelBatch1 <- as.factor(paste0(data@meta.data$Pair,data@meta.data$Replicate)[which(rownames(data@meta.data) %in% rownames(counts))])
> countsBC1 <- BatchCorrectedCounts(counts, labelBatch1, use_parallel=FALSE)
> rm(data,counts)
> 
> #Fit fastTopics model and save data
> fit <- fit_poisson_nmf(countsBC1, k=clustnum, numiter=100)
Using 4 RcppParallel threads.
Initializing factors using Topic SCORE algorithm.
Initializing loadings by running 10 SCD updates.
Using 4 RcppParallel threads.
Fitting rank-10 Poisson NMF to 47972 x 18142 dense matrix.
Running 100 SCD updates, without extrapolation (fastTopics 0.3-185).
iter   log-likelihood        deviance res(KKT)  |F-F'|  |L-L'| nz(F) nz(L) beta
   1 -5.227885954e+08 +5.60326531e+08 5.27e+04 1.3e+02 6.4e+00 0.654 0.480 0.00
   2 -5.113245616e+08 +5.37398463e+08 2.78e+04 6.3e+01 6.0e+00 0.644 0.592 0.00
   3 -5.076510803e+08 +5.30051501e+08 5.93e+03 3.1e+01 2.6e+00 0.655 0.584 0.00
   4 -5.056887555e+08 +5.26126851e+08 2.26e+03 2.5e+01 1.1e+00 0.662 0.622 0.00
   5 -5.044358405e+08 +5.23621021e+08 2.57e+03 2.6e+01 9.8e-01 0.664 0.645 0.00
   6 -5.035622542e+08 +5.21873849e+08 2.28e+03 2.9e+01 7.8e-01 0.664 0.660 0.00
   7 -5.028138792e+08 +5.20377099e+08 2.72e+03 3.3e+01 6.5e-01 0.664 0.669 0.00
   8 -5.020449015e+08 +5.18839143e+08 3.48e+03 3.5e+01 7.5e-01 0.664 0.676 0.00
   9 -5.012744570e+08 +5.17298254e+08 3.74e+03 3.5e+01 8.2e-01 0.663 0.682 0.00
  10 -5.005528513e+08 +5.15855043e+08 3.88e+03 3.3e+01 6.9e-01 0.663 0.696 0.00
  11 -5.000226557e+08 +5.14794652e+08 3.36e+03 2.9e+01 5.1e-01 0.664 0.701 0.00
  12 -4.996450400e+08 +5.14039420e+08 2.37e+03 2.5e+01 3.3e-01 0.664 0.709 0.00
  13 -4.993730642e+08 +5.13495469e+08 2.44e+03 2.0e+01 3.0e-01 0.665 0.716 0.00
  14 -4.991723565e+08 +5.13094053e+08 2.84e+03 1.7e+01 2.5e-01 0.665 0.722 0.00
  15 -4.990216573e+08 +5.12792655e+08 3.24e+03 1.5e+01 2.2e-01 0.666 0.727 0.00
  16 -4.989055876e+08 +5.12560516e+08 3.99e+03 1.3e+01 1.9e-01 0.666 0.729 0.00
  17 -4.988122777e+08 +5.12373896e+08 5.25e+03 1.3e+01 1.7e-01 0.667 0.731 0.00
  18 -4.987334502e+08 +5.12216241e+08 7.44e+03 1.2e+01 1.6e-01 0.667 0.732 0.00
  19 -4.986632754e+08 +5.12075891e+08 1.08e+04 1.2e+01 1.5e-01 0.667 0.733 0.00
  20 -4.985983869e+08 +5.11946114e+08 1.52e+04 1.2e+01 1.6e-01 0.667 0.733 0.00
  21 -4.985370134e+08 +5.11823367e+08 1.98e+04 1.3e+01 1.7e-01 0.667 0.733 0.00
  22 -4.984790105e+08 +5.11707361e+08 2.48e+04 1.3e+01 1.8e-01 0.667 0.734 0.00
  23 -4.984280806e+08 +5.11605502e+08 2.71e+04 1.2e+01 1.8e-01 0.667 0.734 0.00
  24 -4.983866619e+08 +5.11522664e+08 1.89e+04 9.9e+00 1.7e-01 0.667 0.734 0.00
  25 -4.983548751e+08 +5.11459091e+08 1.53e+04 1.2e+01 1.7e-01 0.667 0.734 0.00
  26 -4.983294517e+08 +5.11408244e+08 1.47e+04 1.1e+01 1.6e-01 0.667 0.735 0.00
  27 -4.983077973e+08 +5.11364935e+08 1.40e+04 1.0e+01 1.5e-01 0.667 0.735 0.00
  28 -4.982895874e+08 +5.11328515e+08 1.28e+04 8.9e+00 1.5e-01 0.667 0.735 0.00
  29 -4.982748148e+08 +5.11298970e+08 1.02e+04 7.1e+00 1.5e-01 0.667 0.735 0.00
  30 -4.982626575e+08 +5.11274655e+08 7.37e+03 5.2e+00 1.4e-01 0.668 0.735 0.00
  31 -4.982523281e+08 +5.11253997e+08 4.84e+03 3.6e+00 1.4e-01 0.668 0.735 0.00
  32 -4.982432725e+08 +5.11235885e+08 2.90e+03 2.3e+00 1.4e-01 0.668 0.735 0.00
  33 -4.982352599e+08 +5.11219860e+08 1.56e+03 1.4e+00 1.3e-01 0.669 0.735 0.00
  34 -4.982280513e+08 +5.11205443e+08 7.76e+02 1.5e+00 1.3e-01 0.669 0.735 0.00
  35 -4.982214501e+08 +5.11192241e+08 3.67e+02 1.6e+00 1.3e-01 0.669 0.734 0.00
  36 -4.982153304e+08 +5.11180001e+08 3.30e+02 1.6e+00 1.2e-01 0.670 0.734 0.00
  37 -4.982095996e+08 +5.11168539e+08 2.04e+02 1.6e+00 1.2e-01 0.670 0.734 0.00
  38 -4.982041727e+08 +5.11157686e+08 1.92e+02 1.6e+00 1.2e-01 0.670 0.734 0.00
  39 -4.981989529e+08 +5.11147246e+08 1.83e+02 1.5e+00 1.2e-01 0.671 0.733 0.00
  40 -4.981938596e+08 +5.11137060e+08 1.75e+02 1.4e+00 1.5e-01 0.671 0.733 0.00
  41 -4.981888162e+08 +5.11126973e+08 1.68e+02 1.4e+00 1.6e-01 0.672 0.733 0.00
  42 -4.981838037e+08 +5.11116948e+08 1.62e+02 1.3e+00 1.7e-01 0.672 0.732 0.00
  43 -4.981788700e+08 +5.11107080e+08 1.57e+02 1.2e+00 1.3e-01 0.672 0.732 0.00
  44 -4.981741572e+08 +5.11097655e+08 1.52e+02 1.2e+00 1.1e-01 0.673 0.732 0.00
  45 -4.981697202e+08 +5.11088781e+08 1.48e+02 1.2e+00 1.1e-01 0.673 0.731 0.00
  46 -4.981654868e+08 +5.11080314e+08 1.44e+02 1.2e+00 1.1e-01 0.673 0.731 0.00
  47 -4.981614079e+08 +5.11072156e+08 1.58e+02 1.1e+00 1.1e-01 0.674 0.731 0.00
  48 -4.981574581e+08 +5.11064257e+08 1.72e+02 1.1e+00 1.1e-01 0.674 0.731 0.00
  49 -4.981536165e+08 +5.11056573e+08 1.88e+02 1.1e+00 1.1e-01 0.674 0.730 0.00
  50 -4.981498640e+08 +5.11049068e+08 2.02e+02 1.0e+00 1.0e-01 0.674 0.730 0.00
  51 -4.981461903e+08 +5.11041721e+08 2.11e+02 1.0e+00 1.0e-01 0.675 0.730 0.00
  52 -4.981425969e+08 +5.11034534e+08 2.18e+02 1.0e+00 1.0e-01 0.675 0.730 0.00
  53 -4.981390861e+08 +5.11027513e+08 2.23e+02 1.1e+00 1.0e-01 0.675 0.729 0.00
  54 -4.981356581e+08 +5.11020657e+08 2.28e+02 1.1e+00 1.0e-01 0.675 0.729 0.00
  55 -4.981323245e+08 +5.11013989e+08 2.34e+02 1.1e+00 1.0e-01 0.676 0.729 0.00
  56 -4.981290898e+08 +5.11007520e+08 2.37e+02 1.1e+00 1.0e-01 0.676 0.729 0.00
  57 -4.981259577e+08 +5.11001256e+08 2.40e+02 1.1e+00 1.0e-01 0.676 0.729 0.00
  58 -4.981229337e+08 +5.10995208e+08 2.42e+02 1.1e+00 1.0e-01 0.677 0.729 0.00
  59 -4.981200368e+08 +5.10989414e+08 2.44e+02 1.0e+00 1.0e-01 0.677 0.728 0.00
  60 -4.981172973e+08 +5.10983935e+08 2.47e+02 1.0e+00 1.0e-01 0.677 0.728 0.00
  61 -4.981147257e+08 +5.10978792e+08 2.49e+02 1.0e+00 9.9e-02 0.677 0.728 0.00
  62 -4.981123218e+08 +5.10973984e+08 2.51e+02 1.0e+00 9.8e-02 0.678 0.728 0.00
  63 -4.981100790e+08 +5.10969498e+08 2.52e+02 9.9e-01 9.6e-02 0.678 0.728 0.00
  64 -4.981079759e+08 +5.10965292e+08 2.53e+02 9.8e-01 9.5e-02 0.678 0.728 0.00
  65 -4.981060050e+08 +5.10961350e+08 2.54e+02 9.5e-01 9.3e-02 0.679 0.728 0.00
  66 -4.981041571e+08 +5.10957655e+08 2.54e+02 9.2e-01 9.0e-02 0.679 0.728 0.00
  67 -4.981024098e+08 +5.10954160e+08 2.54e+02 8.9e-01 8.8e-02 0.679 0.728 0.00
  68 -4.981007106e+08 +5.10950762e+08 2.54e+02 8.6e-01 8.5e-02 0.680 0.728 0.00
  69 -4.980989488e+08 +5.10947238e+08 2.54e+02 8.3e-01 8.3e-02 0.680 0.728 0.00
  70 -4.980968929e+08 +5.10943126e+08 4.37e+02 8.1e-01 1.2e-01 0.680 0.728 0.00
  71 -4.980942351e+08 +5.10937811e+08 2.53e+02 9.6e-01 2.1e-01 0.680 0.728 0.00
  72 -4.980919303e+08 +5.10933201e+08 2.53e+02 8.1e-01 2.3e-01 0.681 0.728 0.00
  73 -4.980903880e+08 +5.10930116e+08 2.56e+02 8.0e-01 8.0e-02 0.681 0.728 0.00
  74 -4.980890851e+08 +5.10927510e+08 2.55e+02 7.5e-01 7.6e-02 0.681 0.727 0.00
  75 -4.980879738e+08 +5.10925288e+08 2.52e+02 7.0e-01 7.2e-02 0.681 0.727 0.00
  76 -4.980870022e+08 +5.10923345e+08 2.50e+02 6.5e-01 6.7e-02 0.682 0.727 0.00
  77 -4.980861429e+08 +5.10921626e+08 2.48e+02 6.0e-01 6.3e-02 0.682 0.727 0.00
  78 -4.980853778e+08 +5.10920096e+08 2.46e+02 5.6e-01 5.8e-02 0.682 0.727 0.00
  79 -4.980846929e+08 +5.10918726e+08 2.44e+02 5.2e-01 5.4e-02 0.682 0.727 0.00
  80 -4.980840706e+08 +5.10917482e+08 2.41e+02 4.9e-01 5.1e-02 0.682 0.727 0.00
  81 -4.980834965e+08 +5.10916333e+08 2.39e+02 4.7e-01 4.9e-02 0.682 0.727 0.00
  82 -4.980829634e+08 +5.10915267e+08 2.37e+02 4.5e-01 4.7e-02 0.683 0.727 0.00
  83 -4.980824670e+08 +5.10914274e+08 2.34e+02 4.3e-01 4.5e-02 0.683 0.727 0.00
  84 -4.980820044e+08 +5.10913349e+08 2.30e+02 4.3e-01 4.4e-02 0.683 0.727 0.00
  85 -4.980815731e+08 +5.10912487e+08 2.26e+02 4.2e-01 4.2e-02 0.683 0.727 0.00
  86 -4.980811707e+08 +5.10911682e+08 2.22e+02 4.1e-01 4.0e-02 0.683 0.727 0.00
  87 -4.980807934e+08 +5.10910927e+08 2.17e+02 4.0e-01 3.9e-02 0.683 0.727 0.00
  88 -4.980804390e+08 +5.10910218e+08 2.13e+02 3.9e-01 3.7e-02 0.683 0.727 0.00
  89 -4.980801054e+08 +5.10909551e+08 2.09e+02 3.7e-01 3.6e-02 0.683 0.727 0.00
  90 -4.980797913e+08 +5.10908923e+08 2.05e+02 3.6e-01 3.4e-02 0.683 0.727 0.00
  91 -4.980794952e+08 +5.10908331e+08 2.00e+02 3.5e-01 3.3e-02 0.684 0.727 0.00
  92 -4.980792161e+08 +5.10907773e+08 1.95e+02 3.4e-01 3.2e-02 0.684 0.727 0.00
  93 -4.980789528e+08 +5.10907246e+08 1.90e+02 3.3e-01 3.1e-02 0.684 0.727 0.00
  94 -4.980787043e+08 +5.10906749e+08 1.86e+02 3.2e-01 2.9e-02 0.684 0.727 0.00
  95 -4.980784696e+08 +5.10906280e+08 1.81e+02 3.1e-01 2.8e-02 0.684 0.727 0.00
  96 -4.980782479e+08 +5.10905836e+08 1.76e+02 3.0e-01 2.7e-02 0.684 0.727 0.00
  97 -4.980780385e+08 +5.10905417e+08 1.71e+02 2.9e-01 2.6e-02 0.684 0.727 0.00
  98 -4.980778404e+08 +5.10905021e+08 1.67e+02 2.8e-01 2.5e-02 0.684 0.727 0.00
  99 -4.980776532e+08 +5.10904647e+08 1.62e+02 2.7e-01 2.4e-02 0.684 0.727 0.00
 100 -4.980774760e+08 +5.10904292e+08 1.58e+02 2.7e-01 2.3e-02 0.684 0.727 0.00
> saveRDS(fit, file=paste0("../data/gom-data/topics",clustnum,".human.log.indv-cell.int19k.reg-",data.source,".bc1.rds"))
> 
> 
> #Run analyses for chimp data
> print("Loading chimp data")
[1] "Loading chimp data"
> 
> #Load data
> scrna <- paste0("../data/cellranger-data-full/data.filter.log.indv-cell.int19k.reg-",data.source,".rds")
> data <- readRDS(scrna)
> data <- subset(data, subset=Species=="Chimp")
> 
> #Prepare data (unintegrated count data)
> counts <- as.matrix(data@assays$RNA@counts) #do not use integrated data
> counts <- counts[rowSums(counts>0)>0,]      #remove genes with 0 counts across cells
> counts <- t(as.matrix(counts))              #fix matrix orientation (barcodes x features)
> 
> #Batch correct counts - don't correct for species
> labelBatch1 <- as.factor(paste0(data@meta.data$Pair,data@meta.data$Replicate)[which(rownames(data@meta.data) %in% rownames(counts))])
> countsBC1 <- BatchCorrectedCounts(counts, labelBatch1, use_parallel=FALSE)
> rm(data,counts)
> 
> #Fit fastTopics model and save data
> fit <- fit_poisson_nmf(countsBC1, k=clustnum, numiter=100)
Using 4 RcppParallel threads.
Initializing factors using Topic SCORE algorithm.
Initializing loadings by running 10 SCD updates.
Using 4 RcppParallel threads.
Fitting rank-10 Poisson NMF to 53562 x 18072 dense matrix.
Running 100 SCD updates, without extrapolation (fastTopics 0.3-185).
iter   log-likelihood        deviance res(KKT)  |F-F'|  |L-L'| nz(F) nz(L) beta
   1 -5.370886429e+08 +5.74842311e+08 2.49e+04 1.3e+02 1.3e+00 0.654 0.602 0.00
   2 -5.275500795e+08 +5.55765184e+08 2.48e+04 8.7e+01 3.5e+00 0.644 0.680 0.00
   3 -5.245789286e+08 +5.49822883e+08 1.24e+04 4.8e+01 2.3e+00 0.649 0.686 0.00
   4 -5.228592033e+08 +5.46383432e+08 1.87e+04 2.8e+01 1.8e+00 0.662 0.690 0.00
   5 -5.216536376e+08 +5.43972301e+08 1.73e+04 2.3e+01 1.5e+00 0.672 0.685 0.00
   6 -5.209236081e+08 +5.42512242e+08 2.03e+03 1.7e+01 6.1e-01 0.679 0.678 0.00
   7 -5.204887131e+08 +5.41642452e+08 2.14e+03 1.5e+01 4.3e-01 0.685 0.672 0.00
   8 -5.202023620e+08 +5.41069749e+08 2.25e+03 1.1e+01 3.3e-01 0.689 0.666 0.00
   9 -5.200024407e+08 +5.40669907e+08 2.28e+03 8.2e+00 2.7e-01 0.692 0.663 0.00
  10 -5.198544827e+08 +5.40373991e+08 2.64e+03 5.9e+00 2.2e-01 0.694 0.660 0.00
  11 -5.197425892e+08 +5.40150204e+08 2.43e+03 4.4e+00 2.0e-01 0.696 0.659 0.00
  12 -5.196547844e+08 +5.39974594e+08 2.01e+03 3.4e+00 2.0e-01 0.698 0.658 0.00
  13 -5.195840661e+08 +5.39833158e+08 1.69e+03 2.9e+00 2.0e-01 0.699 0.657 0.00
  14 -5.195257553e+08 +5.39716536e+08 1.41e+03 2.9e+00 1.9e-01 0.700 0.657 0.00
  15 -5.194773558e+08 +5.39619737e+08 1.19e+03 2.7e+00 1.7e-01 0.702 0.657 0.00
  16 -5.194370170e+08 +5.39539059e+08 6.79e+02 2.6e+00 1.6e-01 0.703 0.657 0.00
  17 -5.194035993e+08 +5.39472224e+08 8.54e+02 2.6e+00 1.5e-01 0.704 0.656 0.00
  18 -5.193761945e+08 +5.39417414e+08 1.04e+03 2.7e+00 1.4e-01 0.705 0.656 0.00
  19 -5.193537508e+08 +5.39372527e+08 1.11e+03 2.8e+00 1.4e-01 0.706 0.655 0.00
  20 -5.193351278e+08 +5.39335281e+08 1.11e+03 2.8e+00 1.3e-01 0.707 0.654 0.00
  21 -5.193192239e+08 +5.39303473e+08 1.11e+03 2.8e+00 1.3e-01 0.708 0.654 0.00
  22 -5.193051839e+08 +5.39275393e+08 1.10e+03 2.9e+00 1.3e-01 0.709 0.653 0.00
  23 -5.192923329e+08 +5.39249691e+08 1.11e+03 3.0e+00 1.3e-01 0.710 0.652 0.00
  24 -5.192800412e+08 +5.39225108e+08 1.12e+03 3.1e+00 1.3e-01 0.711 0.652 0.00
  25 -5.192676864e+08 +5.39200398e+08 1.15e+03 3.3e+00 1.3e-01 0.712 0.651 0.00
  26 -5.192546849e+08 +5.39174395e+08 1.19e+03 3.6e+00 1.4e-01 0.713 0.651 0.00
  27 -5.192403791e+08 +5.39145784e+08 1.05e+03 3.4e+00 1.5e-01 0.714 0.650 0.00
  28 -5.192240787e+08 +5.39113183e+08 8.56e+02 3.7e+00 1.7e-01 0.715 0.650 0.00
  29 -5.192049022e+08 +5.39074830e+08 8.65e+02 4.2e+00 1.9e-01 0.715 0.649 0.00
  30 -5.191819500e+08 +5.39028925e+08 9.11e+02 4.9e+00 2.0e-01 0.717 0.649 0.00
  31 -5.191544547e+08 +5.38973935e+08 9.44e+02 5.6e+00 2.2e-01 0.718 0.649 0.00
  32 -5.191221834e+08 +5.38909392e+08 9.47e+02 6.2e+00 2.4e-01 0.719 0.648 0.00
  33 -5.190858038e+08 +5.38836633e+08 9.12e+02 6.6e+00 2.5e-01 0.720 0.648 0.00
  34 -5.190469513e+08 +5.38758928e+08 8.44e+02 6.5e+00 2.4e-01 0.721 0.648 0.00
  35 -5.190076386e+08 +5.38680303e+08 7.64e+02 6.0e+00 2.0e-01 0.722 0.648 0.00
  36 -5.189701584e+08 +5.38605342e+08 6.83e+02 5.3e+00 2.0e-01 0.723 0.648 0.00
  37 -5.189358744e+08 +5.38536774e+08 6.80e+02 4.5e+00 1.8e-01 0.723 0.648 0.00
  38 -5.189053084e+08 +5.38475642e+08 6.78e+02 3.8e+00 1.5e-01 0.724 0.649 0.00
  39 -5.188784043e+08 +5.38421834e+08 6.79e+02 3.7e+00 1.2e-01 0.723 0.650 0.00
  40 -5.188546366e+08 +5.38374299e+08 6.86e+02 3.8e+00 1.1e-01 0.723 0.651 0.00
  41 -5.188332985e+08 +5.38331622e+08 6.98e+02 4.0e+00 1.0e-01 0.723 0.652 0.00
  42 -5.188134333e+08 +5.38291892e+08 7.11e+02 4.2e+00 9.8e-02 0.723 0.653 0.00
  43 -5.187940291e+08 +5.38253084e+08 9.08e+02 4.5e+00 9.4e-02 0.723 0.654 0.00
  44 -5.187743574e+08 +5.38213740e+08 1.08e+03 4.8e+00 9.0e-02 0.722 0.656 0.00
  45 -5.187539598e+08 +5.38172945e+08 1.24e+03 5.1e+00 9.9e-02 0.722 0.657 0.00
  46 -5.187326150e+08 +5.38130255e+08 1.41e+03 5.4e+00 1.1e-01 0.721 0.658 0.00
  47 -5.187101825e+08 +5.38085390e+08 1.55e+03 5.6e+00 1.2e-01 0.720 0.660 0.00
  48 -5.186866761e+08 +5.38038378e+08 1.69e+03 5.6e+00 1.2e-01 0.720 0.661 0.00
  49 -5.186623114e+08 +5.37989648e+08 1.80e+03 5.4e+00 1.3e-01 0.719 0.662 0.00
  50 -5.186374136e+08 +5.37939853e+08 1.91e+03 5.0e+00 1.2e-01 0.719 0.664 0.00
  51 -5.186122571e+08 +5.37889540e+08 1.99e+03 4.3e+00 1.0e-01 0.718 0.665 0.00
  52 -5.185864448e+08 +5.37837915e+08 2.63e+03 3.7e+00 1.2e-01 0.717 0.666 0.00
  53 -5.185582163e+08 +5.37781458e+08 5.29e+03 4.5e+00 1.3e-01 0.717 0.668 0.00
  54 -5.185218243e+08 +5.37708674e+08 8.00e+03 8.5e+00 1.7e-01 0.716 0.670 0.00
  55 -5.184611069e+08 +5.37587239e+08 2.84e+03 1.5e+01 3.3e-01 0.716 0.671 0.00
  56 -5.183901341e+08 +5.37445294e+08 3.40e+03 6.8e+00 6.7e-01 0.716 0.673 0.00
  57 -5.183337461e+08 +5.37332518e+08 4.33e+03 8.7e+00 2.8e-01 0.716 0.675 0.00
  58 -5.182798148e+08 +5.37224655e+08 4.69e+03 9.8e+00 1.4e-01 0.716 0.677 0.00
  59 -5.182255941e+08 +5.37116214e+08 4.72e+03 1.0e+01 1.4e-01 0.716 0.678 0.00
  60 -5.181704881e+08 +5.37006002e+08 4.51e+03 1.1e+01 1.3e-01 0.717 0.679 0.00
  61 -5.181155396e+08 +5.36896105e+08 4.29e+03 1.1e+01 1.4e-01 0.717 0.680 0.00
  62 -5.180620655e+08 +5.36789156e+08 4.22e+03 1.1e+01 1.4e-01 0.718 0.680 0.00
  63 -5.180110323e+08 +5.36687090e+08 3.99e+03 1.0e+01 1.3e-01 0.718 0.681 0.00
  64 -5.179626151e+08 +5.36590256e+08 3.67e+03 9.2e+00 1.4e-01 0.718 0.681 0.00
  65 -5.179171089e+08 +5.36499243e+08 3.29e+03 8.8e+00 1.4e-01 0.719 0.680 0.00
  66 -5.178748760e+08 +5.36414777e+08 2.91e+03 8.3e+00 1.5e-01 0.719 0.680 0.00
  67 -5.178361837e+08 +5.36337393e+08 2.55e+03 7.7e+00 1.4e-01 0.720 0.679 0.00
  68 -5.178012146e+08 +5.36267455e+08 2.25e+03 7.2e+00 1.4e-01 0.720 0.678 0.00
  69 -5.177699576e+08 +5.36204941e+08 1.99e+03 6.7e+00 1.3e-01 0.721 0.677 0.00
  70 -5.177423919e+08 +5.36149809e+08 1.79e+03 6.2e+00 1.2e-01 0.721 0.676 0.00
  71 -5.177183501e+08 +5.36101726e+08 1.62e+03 5.7e+00 1.1e-01 0.721 0.676 0.00
  72 -5.176975299e+08 +5.36060085e+08 1.46e+03 5.2e+00 1.0e-01 0.720 0.675 0.00
  73 -5.176796246e+08 +5.36024275e+08 1.35e+03 4.8e+00 9.6e-02 0.720 0.674 0.00
  74 -5.176642971e+08 +5.35993620e+08 1.30e+03 4.3e+00 8.8e-02 0.720 0.674 0.00
  75 -5.176511473e+08 +5.35967320e+08 1.24e+03 3.8e+00 8.0e-02 0.720 0.674 0.00
  76 -5.176398133e+08 +5.35944652e+08 1.18e+03 3.4e+00 7.1e-02 0.720 0.673 0.00
  77 -5.176300450e+08 +5.35925115e+08 1.11e+03 3.0e+00 6.4e-02 0.720 0.673 0.00
  78 -5.176216244e+08 +5.35908274e+08 1.04e+03 2.7e+00 5.7e-02 0.719 0.673 0.00
  79 -5.176143465e+08 +5.35893718e+08 9.73e+02 2.4e+00 5.1e-02 0.719 0.672 0.00
  80 -5.176080512e+08 +5.35881128e+08 9.02e+02 2.1e+00 4.5e-02 0.719 0.672 0.00
  81 -5.176026150e+08 +5.35870255e+08 8.32e+02 1.9e+00 4.1e-02 0.719 0.672 0.00
  82 -5.175979305e+08 +5.35860886e+08 7.61e+02 1.7e+00 3.7e-02 0.718 0.671 0.00
  83 -5.175938965e+08 +5.35852818e+08 6.92e+02 1.5e+00 3.3e-02 0.718 0.671 0.00
  84 -5.175904290e+08 +5.35845883e+08 6.27e+02 1.3e+00 2.9e-02 0.718 0.671 0.00
  85 -5.175874529e+08 +5.35839931e+08 5.67e+02 1.2e+00 2.6e-02 0.718 0.671 0.00
  86 -5.175848922e+08 +5.35834810e+08 5.10e+02 1.0e+00 2.4e-02 0.718 0.671 0.00
  87 -5.175826816e+08 +5.35830389e+08 3.07e+02 9.3e-01 2.1e-02 0.718 0.670 0.00
  88 -5.175807705e+08 +5.35826566e+08 2.20e+02 8.1e-01 2.0e-02 0.717 0.670 0.00
  89 -5.175791123e+08 +5.35823250e+08 1.81e+02 7.0e-01 2.0e-02 0.717 0.670 0.00
  90 -5.175776651e+08 +5.35820356e+08 1.53e+02 6.1e-01 1.9e-02 0.717 0.670 0.00
  91 -5.175763945e+08 +5.35817814e+08 1.31e+02 5.3e-01 1.8e-02 0.717 0.670 0.00
  92 -5.175752729e+08 +5.35815571e+08 1.13e+02 4.7e-01 2.0e-02 0.717 0.670 0.00
  93 -5.175742766e+08 +5.35813579e+08 9.71e+01 4.1e-01 1.7e-02 0.717 0.670 0.00
  94 -5.175733865e+08 +5.35811798e+08 8.40e+01 3.6e-01 1.6e-02 0.717 0.670 0.00
  95 -5.175725867e+08 +5.35810199e+08 7.30e+01 3.2e-01 1.6e-02 0.717 0.670 0.00
  96 -5.175718638e+08 +5.35808753e+08 6.34e+01 2.8e-01 1.5e-02 0.717 0.669 0.00
  97 -5.175712065e+08 +5.35807438e+08 5.49e+01 2.6e-01 1.5e-02 0.717 0.669 0.00
  98 -5.175706058e+08 +5.35806237e+08 5.05e+01 2.6e-01 1.4e-02 0.717 0.669 0.00
  99 -5.175700544e+08 +5.35805134e+08 5.37e+01 2.5e-01 1.3e-02 0.717 0.669 0.00
 100 -5.175695460e+08 +5.35804117e+08 6.58e+01 2.5e-01 1.3e-02 0.717 0.669 0.00
> saveRDS(fit, file=paste0("../data/gom-data/topics",clustnum,".chimp.log.indv-cell.int19k.reg-",data.source,".bc1.rds"))
> 
> proc.time()
      user     system    elapsed 
136262.757   8805.856  61770.814 
