
R version 3.6.1 (2019-07-05) -- "Action of the Toes"
Copyright (C) 2019 The R Foundation for Statistical Computing
Platform: x86_64-pc-linux-gnu (64-bit)

R is free software and comes with ABSOLUTELY NO WARRANTY.
You are welcome to redistribute it under certain conditions.
Type 'license()' or 'licence()' for distribution details.

R is a collaborative project with many contributors.
Type 'contributors()' for more information and
'citation()' on how to cite R or R packages in publications.

Type 'demo()' for some demos, 'help()' for on-line help, or
'help.start()' for an HTML browser interface to help.
Type 'q()' to quit R.

> #Read in command line arguments as list of character vectors
> args=(commandArgs(TRUE))
> 
> #Check if arguments are passed and cycle through to evaluate each element
> if(length(args)==0){
+   print("No arguments supplied.")
+   #supply default values
+   clustnum=3
+   data.source="tot"
+ }else{
+   for(i in 1:length(args)){
+     eval(parse(text=args[[i]]))
+   }
+ }
> print(paste0("k: ",clustnum))
[1] "k: 30"
> print(paste0("data source: ",data.source))
[1] "data source: tot"
> 
> #Load libraries
> library(Seurat)
> library(CountClust)
Loading required package: ggplot2
> library(classtpx)
Loading required package: slam
> library(fastTopics)
> 
> 
> #Run analyses for human data
> print("Loading human data")
[1] "Loading human data"
> 
> #Load data
> scrna <- paste0("../data/cellranger-data-full/data.filter.log.indv-cell.int19k.reg-",data.source,".rds")
> data <- readRDS(scrna)
> data <- subset(data, subset=Species=="Human")
> 
> #Prepare data (unintegrated count data)
> counts <- as.matrix(data@assays$RNA@counts) #do not use integrated data
> counts <- counts[rowSums(counts>0)>0,]      #remove genes with 0 counts across cells
> counts <- t(as.matrix(counts))              #fix matrix orientation (barcodes x features)
> 
> #Batch correct counts - don't correct for species
> labelBatch1 <- as.factor(paste0(data@meta.data$Pair,data@meta.data$Replicate)[which(rownames(data@meta.data) %in% rownames(counts))])
> countsBC1 <- BatchCorrectedCounts(counts, labelBatch1, use_parallel=FALSE)
> rm(data,counts)
> 
> #Fit fastTopics model and save data
> fit <- fit_poisson_nmf(countsBC1, k=clustnum, numiter=100)
Using 4 RcppParallel threads.
Initializing factors using Topic SCORE algorithm.
Initializing loadings by running 10 SCD updates.
Using 4 RcppParallel threads.
Fitting rank-30 Poisson NMF to 47972 x 18142 dense matrix.
Running 100 SCD updates, without extrapolation (fastTopics 0.3-185).
iter   log-likelihood        deviance res(KKT)  |F-F'|  |L-L'| nz(F) nz(L) beta
   1 -5.095355477e+08 +5.33820436e+08 6.82e+04 1.4e+02 1.8e+01 0.553 0.256 0.00
   2 -4.905890248e+08 +4.95927390e+08 1.28e+04 2.3e+02 1.4e+01 0.545 0.361 0.00
   3 -4.844673466e+08 +4.83684034e+08 1.32e+04 1.0e+02 4.3e+00 0.552 0.426 0.00
   4 -4.819258911e+08 +4.78601123e+08 8.10e+03 5.2e+01 2.6e+00 0.555 0.465 0.00
   5 -4.806313149e+08 +4.76011970e+08 3.76e+03 4.4e+01 2.1e+00 0.558 0.487 0.00
   6 -4.798941886e+08 +4.74537718e+08 3.41e+03 3.9e+01 9.4e-01 0.559 0.500 0.00
   7 -4.794165036e+08 +4.73582348e+08 3.18e+03 3.4e+01 7.8e-01 0.561 0.508 0.00
   8 -4.790785471e+08 +4.72906435e+08 2.90e+03 2.8e+01 5.9e-01 0.563 0.512 0.00
   9 -4.788233629e+08 +4.72396066e+08 2.35e+03 2.4e+01 6.6e-01 0.564 0.516 0.00
  10 -4.786197485e+08 +4.71988837e+08 2.12e+03 2.1e+01 7.9e-01 0.566 0.519 0.00
  11 -4.784482599e+08 +4.71645860e+08 1.72e+03 1.8e+01 6.0e-01 0.567 0.521 0.00
  12 -4.783025533e+08 +4.71354447e+08 1.37e+03 1.6e+01 7.1e-01 0.568 0.524 0.00
  13 -4.781811330e+08 +4.71111606e+08 1.48e+03 1.4e+01 6.2e-01 0.569 0.525 0.00
  14 -4.780782793e+08 +4.70905899e+08 1.56e+03 1.2e+01 5.0e-01 0.570 0.526 0.00
  15 -4.779900222e+08 +4.70729385e+08 1.96e+03 1.0e+01 3.6e-01 0.571 0.527 0.00
  16 -4.779137848e+08 +4.70576910e+08 2.31e+03 9.7e+00 3.1e-01 0.572 0.527 0.00
  17 -4.778473840e+08 +4.70444108e+08 2.35e+03 9.2e+00 2.9e-01 0.573 0.528 0.00
  18 -4.777885210e+08 +4.70326382e+08 2.20e+03 8.5e+00 2.6e-01 0.574 0.528 0.00
  19 -4.777346692e+08 +4.70218679e+08 1.85e+03 7.5e+00 2.3e-01 0.574 0.528 0.00
  20 -4.776838384e+08 +4.70117017e+08 1.30e+03 7.2e+00 2.7e-01 0.575 0.529 0.00
  21 -4.776348190e+08 +4.70018978e+08 1.63e+03 8.5e+00 2.8e-01 0.576 0.529 0.00
  22 -4.775878999e+08 +4.69925140e+08 1.75e+03 9.7e+00 2.5e-01 0.576 0.530 0.00
  23 -4.775431135e+08 +4.69835567e+08 1.85e+03 1.1e+01 2.5e-01 0.577 0.530 0.00
  24 -4.774996262e+08 +4.69748593e+08 1.94e+03 1.1e+01 3.2e-01 0.577 0.531 0.00
  25 -4.774573170e+08 +4.69663974e+08 2.06e+03 1.2e+01 3.6e-01 0.577 0.532 0.00
  26 -4.774165691e+08 +4.69582479e+08 2.06e+03 1.2e+01 3.0e-01 0.578 0.533 0.00
  27 -4.773780761e+08 +4.69505493e+08 1.96e+03 1.2e+01 3.3e-01 0.578 0.534 0.00
  28 -4.773425743e+08 +4.69434489e+08 2.09e+03 1.2e+01 3.5e-01 0.579 0.535 0.00
  29 -4.773104135e+08 +4.69370167e+08 2.42e+03 1.1e+01 3.4e-01 0.579 0.535 0.00
  30 -4.772815812e+08 +4.69312503e+08 2.57e+03 1.1e+01 3.1e-01 0.579 0.536 0.00
  31 -4.772558432e+08 +4.69261027e+08 2.68e+03 9.9e+00 2.7e-01 0.579 0.537 0.00
  32 -4.772328700e+08 +4.69215080e+08 2.76e+03 8.8e+00 2.1e-01 0.580 0.537 0.00
  33 -4.772122651e+08 +4.69173871e+08 2.72e+03 8.0e+00 1.9e-01 0.580 0.537 0.00
  34 -4.771936229e+08 +4.69136586e+08 2.68e+03 7.3e+00 1.7e-01 0.580 0.538 0.00
  35 -4.771765903e+08 +4.69102521e+08 2.65e+03 6.6e+00 1.5e-01 0.580 0.538 0.00
  36 -4.771608535e+08 +4.69071047e+08 2.63e+03 5.9e+00 1.5e-01 0.580 0.538 0.00
  37 -4.771461472e+08 +4.69041635e+08 2.63e+03 5.4e+00 1.6e-01 0.581 0.538 0.00
  38 -4.771322170e+08 +4.69013774e+08 2.65e+03 4.9e+00 1.7e-01 0.581 0.538 0.00
  39 -4.771189021e+08 +4.68987144e+08 2.42e+03 4.5e+00 1.7e-01 0.581 0.538 0.00
  40 -4.771060836e+08 +4.68961508e+08 2.34e+03 4.1e+00 1.7e-01 0.581 0.538 0.00
  41 -4.770936683e+08 +4.68936677e+08 2.29e+03 3.7e+00 1.7e-01 0.581 0.539 0.00
  42 -4.770816709e+08 +4.68912682e+08 2.27e+03 3.4e+00 1.6e-01 0.582 0.539 0.00
  43 -4.770701693e+08 +4.68889679e+08 2.29e+03 3.1e+00 1.6e-01 0.582 0.539 0.00
  44 -4.770592267e+08 +4.68867794e+08 2.31e+03 2.8e+00 1.7e-01 0.582 0.539 0.00
  45 -4.770488932e+08 +4.68847127e+08 2.36e+03 2.6e+00 1.7e-01 0.582 0.539 0.00
  46 -4.770392241e+08 +4.68827789e+08 2.44e+03 2.4e+00 1.6e-01 0.583 0.539 0.00
  47 -4.770302904e+08 +4.68809921e+08 2.65e+03 2.3e+00 1.6e-01 0.583 0.539 0.00
  48 -4.770220901e+08 +4.68793521e+08 2.73e+03 2.2e+00 1.5e-01 0.583 0.540 0.00
  49 -4.770145141e+08 +4.68778369e+08 2.81e+03 2.1e+00 1.4e-01 0.584 0.540 0.00
  50 -4.770073992e+08 +4.68764139e+08 2.89e+03 2.0e+00 1.3e-01 0.584 0.540 0.00
  51 -4.770006939e+08 +4.68750728e+08 2.84e+03 2.0e+00 1.2e-01 0.584 0.540 0.00
  52 -4.769943450e+08 +4.68738030e+08 2.67e+03 1.8e+00 1.1e-01 0.584 0.540 0.00
  53 -4.769882968e+08 +4.68725934e+08 2.50e+03 1.7e+00 1.0e-01 0.584 0.540 0.00
  54 -4.769825130e+08 +4.68714366e+08 2.35e+03 1.6e+00 9.0e-02 0.585 0.540 0.00
  55 -4.769769650e+08 +4.68703270e+08 2.21e+03 1.6e+00 9.0e-02 0.585 0.540 0.00
  56 -4.769716305e+08 +4.68692601e+08 2.04e+03 1.5e+00 8.9e-02 0.585 0.539 0.00
  57 -4.769664833e+08 +4.68682307e+08 1.89e+03 1.5e+00 8.8e-02 0.585 0.539 0.00
  58 -4.769614920e+08 +4.68672324e+08 1.74e+03 1.4e+00 8.7e-02 0.585 0.539 0.00
  59 -4.769566330e+08 +4.68662606e+08 1.61e+03 1.3e+00 8.6e-02 0.586 0.539 0.00
  60 -4.769518951e+08 +4.68653131e+08 1.50e+03 1.2e+00 8.4e-02 0.586 0.539 0.00
  61 -4.769472677e+08 +4.68643876e+08 1.40e+03 1.2e+00 8.1e-02 0.586 0.539 0.00
  62 -4.769427443e+08 +4.68634829e+08 1.30e+03 1.1e+00 7.9e-02 0.586 0.539 0.00
  63 -4.769383215e+08 +4.68625983e+08 1.22e+03 1.0e+00 8.0e-02 0.586 0.539 0.00
  64 -4.769339973e+08 +4.68617335e+08 1.14e+03 9.5e-01 8.2e-02 0.586 0.538 0.00
  65 -4.769297668e+08 +4.68608874e+08 1.07e+03 8.8e-01 8.3e-02 0.587 0.538 0.00
  66 -4.769256215e+08 +4.68600583e+08 1.03e+03 8.2e-01 8.4e-02 0.587 0.538 0.00
  67 -4.769215560e+08 +4.68592452e+08 1.00e+03 7.5e-01 8.6e-02 0.587 0.538 0.00
  68 -4.769175714e+08 +4.68584483e+08 9.80e+02 6.9e-01 8.7e-02 0.587 0.538 0.00
  69 -4.769136646e+08 +4.68576670e+08 9.89e+02 6.4e-01 8.8e-02 0.587 0.538 0.00
  70 -4.769098355e+08 +4.68569011e+08 1.00e+03 6.3e-01 8.9e-02 0.587 0.538 0.00
  71 -4.769060857e+08 +4.68561512e+08 1.02e+03 6.3e-01 9.0e-02 0.588 0.537 0.00
  72 -4.769024126e+08 +4.68554166e+08 1.04e+03 6.3e-01 9.1e-02 0.588 0.537 0.00
  73 -4.768988167e+08 +4.68546974e+08 1.05e+03 6.4e-01 9.1e-02 0.588 0.537 0.00
  74 -4.768953034e+08 +4.68539947e+08 1.07e+03 6.4e-01 9.2e-02 0.588 0.537 0.00
  75 -4.768918862e+08 +4.68533113e+08 1.08e+03 6.5e-01 9.0e-02 0.588 0.537 0.00
  76 -4.768885836e+08 +4.68526508e+08 1.09e+03 6.5e-01 8.9e-02 0.588 0.537 0.00
  77 -4.768854148e+08 +4.68520170e+08 1.09e+03 6.4e-01 8.7e-02 0.588 0.537 0.00
  78 -4.768823875e+08 +4.68514115e+08 1.09e+03 6.4e-01 8.5e-02 0.588 0.537 0.00
  79 -4.768795114e+08 +4.68508363e+08 1.08e+03 6.3e-01 8.3e-02 0.589 0.537 0.00
  80 -4.768767915e+08 +4.68502923e+08 1.07e+03 6.1e-01 8.2e-02 0.589 0.537 0.00
  81 -4.768742270e+08 +4.68497794e+08 1.06e+03 6.0e-01 8.0e-02 0.589 0.536 0.00
  82 -4.768718073e+08 +4.68492955e+08 1.02e+03 5.9e-01 7.8e-02 0.589 0.536 0.00
  83 -4.768695281e+08 +4.68488397e+08 9.78e+02 5.7e-01 7.7e-02 0.589 0.536 0.00
  84 -4.768673837e+08 +4.68484108e+08 9.40e+02 5.5e-01 7.6e-02 0.589 0.536 0.00
  85 -4.768653686e+08 +4.68480078e+08 9.04e+02 5.3e-01 7.5e-02 0.589 0.536 0.00
  86 -4.768634767e+08 +4.68476294e+08 8.67e+02 5.2e-01 7.3e-02 0.589 0.536 0.00
  87 -4.768617028e+08 +4.68472746e+08 8.38e+02 5.0e-01 7.2e-02 0.589 0.536 0.00
  88 -4.768600382e+08 +4.68469417e+08 8.32e+02 4.8e-01 7.0e-02 0.590 0.536 0.00
  89 -4.768584751e+08 +4.68466291e+08 8.25e+02 4.6e-01 6.9e-02 0.590 0.536 0.00
  90 -4.768570083e+08 +4.68463357e+08 8.16e+02 4.4e-01 6.7e-02 0.590 0.536 0.00
  91 -4.768556328e+08 +4.68460606e+08 8.07e+02 4.2e-01 6.5e-02 0.590 0.535 0.00
  92 -4.768543416e+08 +4.68458024e+08 7.96e+02 4.1e-01 6.4e-02 0.590 0.535 0.00
  93 -4.768531270e+08 +4.68455594e+08 7.85e+02 3.9e-01 6.3e-02 0.590 0.535 0.00
  94 -4.768519824e+08 +4.68453305e+08 7.74e+02 3.7e-01 6.0e-02 0.590 0.535 0.00
  95 -4.768509023e+08 +4.68451145e+08 7.63e+02 3.6e-01 5.8e-02 0.590 0.535 0.00
  96 -4.768498809e+08 +4.68449102e+08 7.52e+02 3.5e-01 5.7e-02 0.590 0.535 0.00
  97 -4.768489124e+08 +4.68447165e+08 7.39e+02 3.5e-01 5.6e-02 0.590 0.535 0.00
  98 -4.768479914e+08 +4.68445323e+08 7.24e+02 3.5e-01 5.4e-02 0.590 0.535 0.00
  99 -4.768471135e+08 +4.68443567e+08 7.10e+02 3.5e-01 5.3e-02 0.590 0.535 0.00
 100 -4.768462747e+08 +4.68441890e+08 6.96e+02 3.5e-01 5.2e-02 0.590 0.535 0.00
> saveRDS(fit, file=paste0("../data/gom-data/topics",clustnum,".human.log.indv-cell.int19k.reg-",data.source,".bc1.rds"))
> 
> 
> #Run analyses for chimp data
> print("Loading chimp data")
[1] "Loading chimp data"
> 
> #Load data
> scrna <- paste0("../data/cellranger-data-full/data.filter.log.indv-cell.int19k.reg-",data.source,".rds")
> data <- readRDS(scrna)
> data <- subset(data, subset=Species=="Chimp")
> 
> #Prepare data (unintegrated count data)
> counts <- as.matrix(data@assays$RNA@counts) #do not use integrated data
> counts <- counts[rowSums(counts>0)>0,]      #remove genes with 0 counts across cells
> counts <- t(as.matrix(counts))              #fix matrix orientation (barcodes x features)
> 
> #Batch correct counts - don't correct for species
> labelBatch1 <- as.factor(paste0(data@meta.data$Pair,data@meta.data$Replicate)[which(rownames(data@meta.data) %in% rownames(counts))])
> countsBC1 <- BatchCorrectedCounts(counts, labelBatch1, use_parallel=FALSE)
> rm(data,counts)
> 
> #Fit fastTopics model and save data
> fit <- fit_poisson_nmf(countsBC1, k=clustnum, numiter=100)
Using 4 RcppParallel threads.
Initializing factors using Topic SCORE algorithm.
Initializing loadings by running 10 SCD updates.
Using 4 RcppParallel threads.
Fitting rank-30 Poisson NMF to 53562 x 18072 dense matrix.
Running 100 SCD updates, without extrapolation (fastTopics 0.3-185).
iter   log-likelihood        deviance res(KKT)  |F-F'|  |L-L'| nz(F) nz(L) beta
   1 -5.208451884e+08 +5.42355402e+08 2.27e+04 1.4e+02 6.7e+00 0.562 0.331 0.00
   2 -5.082211692e+08 +5.17107364e+08 9.82e+03 9.1e+01 1.3e+01 0.571 0.417 0.00
   3 -5.044604336e+08 +5.09585893e+08 1.17e+04 6.8e+01 3.6e+00 0.576 0.448 0.00
   4 -5.025129822e+08 +5.05690990e+08 1.26e+04 6.3e+01 2.9e+00 0.578 0.467 0.00
   5 -5.014394854e+08 +5.03543996e+08 6.76e+03 4.8e+01 1.5e+00 0.581 0.478 0.00
   6 -5.007917815e+08 +5.02248588e+08 2.79e+03 3.4e+01 1.2e+00 0.584 0.484 0.00
   7 -5.003336706e+08 +5.01332367e+08 2.89e+03 2.5e+01 9.7e-01 0.588 0.487 0.00
   8 -4.999927187e+08 +5.00650463e+08 3.89e+03 2.0e+01 8.7e-01 0.591 0.489 0.00
   9 -4.997331797e+08 +5.00131385e+08 2.88e+03 1.6e+01 9.6e-01 0.594 0.489 0.00
  10 -4.995202137e+08 +4.99705453e+08 2.52e+03 1.4e+01 8.0e-01 0.596 0.489 0.00
  11 -4.993348646e+08 +4.99334755e+08 2.57e+03 1.2e+01 5.1e-01 0.599 0.488 0.00
  12 -4.991691135e+08 +4.99003252e+08 2.76e+03 1.1e+01 4.5e-01 0.601 0.487 0.00
  13 -4.990187889e+08 +4.98702603e+08 2.80e+03 9.7e+00 4.1e-01 0.604 0.487 0.00
  14 -4.988806892e+08 +4.98426404e+08 2.59e+03 8.8e+00 4.2e-01 0.605 0.486 0.00
  15 -4.987533048e+08 +4.98171635e+08 2.34e+03 7.9e+00 4.7e-01 0.607 0.486 0.00
  16 -4.986367271e+08 +4.97938480e+08 2.06e+03 7.3e+00 5.6e-01 0.609 0.486 0.00
  17 -4.985313592e+08 +4.97727744e+08 1.86e+03 6.1e+00 6.2e-01 0.610 0.485 0.00
  18 -4.984379224e+08 +4.97540870e+08 1.56e+03 7.1e+00 7.3e-01 0.611 0.484 0.00
  19 -4.983560649e+08 +4.97377155e+08 1.25e+03 7.8e+00 1.0e+00 0.612 0.482 0.00
  20 -4.982870305e+08 +4.97239086e+08 1.10e+03 7.8e+00 7.0e-01 0.613 0.481 0.00
  21 -4.982271865e+08 +4.97119398e+08 1.06e+03 7.5e+00 5.8e-01 0.614 0.480 0.00
  22 -4.981740340e+08 +4.97013093e+08 1.04e+03 7.1e+00 5.8e-01 0.614 0.480 0.00
  23 -4.981269082e+08 +4.96918842e+08 1.02e+03 6.6e+00 5.7e-01 0.614 0.479 0.00
  24 -4.980855678e+08 +4.96836161e+08 9.95e+02 6.2e+00 5.5e-01 0.615 0.479 0.00
  25 -4.980495309e+08 +4.96764087e+08 1.03e+03 5.8e+00 5.5e-01 0.615 0.479 0.00
  26 -4.980179893e+08 +4.96701004e+08 1.05e+03 5.5e+00 5.3e-01 0.615 0.479 0.00
  27 -4.979903639e+08 +4.96645753e+08 1.07e+03 5.2e+00 4.8e-01 0.615 0.480 0.00
  28 -4.979659652e+08 +4.96596956e+08 1.10e+03 5.1e+00 4.0e-01 0.615 0.480 0.00
  29 -4.979441652e+08 +4.96553356e+08 1.06e+03 4.9e+00 3.3e-01 0.615 0.480 0.00
  30 -4.979244067e+08 +4.96513839e+08 1.06e+03 4.9e+00 2.8e-01 0.614 0.480 0.00
  31 -4.979062273e+08 +4.96477480e+08 1.05e+03 4.8e+00 2.3e-01 0.614 0.481 0.00
  32 -4.978892949e+08 +4.96443615e+08 1.06e+03 4.6e+00 1.9e-01 0.614 0.481 0.00
  33 -4.978732976e+08 +4.96411621e+08 1.01e+03 4.6e+00 1.9e-01 0.614 0.481 0.00
  34 -4.978580363e+08 +4.96381098e+08 1.02e+03 4.6e+00 1.9e-01 0.614 0.482 0.00
  35 -4.978433386e+08 +4.96351703e+08 1.04e+03 4.8e+00 1.8e-01 0.613 0.482 0.00
  36 -4.978290261e+08 +4.96323078e+08 1.01e+03 5.0e+00 1.8e-01 0.613 0.482 0.00
  37 -4.978149672e+08 +4.96294960e+08 9.84e+02 5.2e+00 1.8e-01 0.613 0.482 0.00
  38 -4.978010892e+08 +4.96267204e+08 9.63e+02 5.4e+00 1.8e-01 0.613 0.482 0.00
  39 -4.977872920e+08 +4.96239609e+08 9.44e+02 5.5e+00 1.7e-01 0.613 0.483 0.00
  40 -4.977735230e+08 +4.96212071e+08 8.79e+02 5.7e+00 1.5e-01 0.613 0.483 0.00
  41 -4.977597913e+08 +4.96184608e+08 7.50e+02 5.7e+00 1.5e-01 0.613 0.483 0.00
  42 -4.977461370e+08 +4.96157299e+08 6.61e+02 5.7e+00 1.5e-01 0.613 0.483 0.00
  43 -4.977325635e+08 +4.96130152e+08 6.01e+02 5.7e+00 1.5e-01 0.613 0.483 0.00
  44 -4.977191375e+08 +4.96103300e+08 5.61e+02 5.6e+00 1.5e-01 0.613 0.483 0.00
  45 -4.977059250e+08 +4.96076875e+08 5.32e+02 5.5e+00 1.5e-01 0.613 0.483 0.00
  46 -4.976929738e+08 +4.96050973e+08 5.15e+02 5.3e+00 1.5e-01 0.613 0.483 0.00
  47 -4.976803252e+08 +4.96025676e+08 5.07e+02 5.1e+00 1.4e-01 0.613 0.483 0.00
  48 -4.976680191e+08 +4.96001064e+08 5.04e+02 4.9e+00 1.4e-01 0.613 0.484 0.00
  49 -4.976561248e+08 +4.95977275e+08 4.87e+02 4.7e+00 1.4e-01 0.613 0.484 0.00
  50 -4.976447106e+08 +4.95954447e+08 4.73e+02 4.4e+00 1.3e-01 0.613 0.484 0.00
  51 -4.976338230e+08 +4.95932671e+08 4.67e+02 4.1e+00 1.3e-01 0.613 0.484 0.00
  52 -4.976235205e+08 +4.95912066e+08 4.64e+02 3.9e+00 1.2e-01 0.613 0.484 0.00
  53 -4.976138256e+08 +4.95892677e+08 4.99e+02 3.6e+00 1.2e-01 0.613 0.484 0.00
  54 -4.976047439e+08 +4.95874513e+08 5.08e+02 3.6e+00 1.2e-01 0.613 0.485 0.00
  55 -4.975962667e+08 +4.95857559e+08 5.32e+02 3.7e+00 1.2e-01 0.613 0.485 0.00
  56 -4.975883922e+08 +4.95841810e+08 5.79e+02 3.7e+00 1.1e-01 0.613 0.485 0.00
  57 -4.975810444e+08 +4.95827114e+08 5.70e+02 3.7e+00 1.1e-01 0.613 0.485 0.00
  58 -4.975741811e+08 +4.95813388e+08 5.60e+02 3.7e+00 1.0e-01 0.613 0.485 0.00
  59 -4.975677804e+08 +4.95800586e+08 5.36e+02 3.7e+00 9.7e-02 0.613 0.485 0.00
  60 -4.975618207e+08 +4.95788667e+08 5.25e+02 3.7e+00 9.1e-02 0.613 0.485 0.00
  61 -4.975562953e+08 +4.95777616e+08 5.24e+02 3.6e+00 8.5e-02 0.613 0.485 0.00
  62 -4.975511740e+08 +4.95767373e+08 5.19e+02 3.6e+00 7.9e-02 0.613 0.486 0.00
  63 -4.975464144e+08 +4.95757854e+08 5.13e+02 3.6e+00 7.2e-02 0.613 0.486 0.00
  64 -4.975419777e+08 +4.95748981e+08 5.03e+02 3.5e+00 6.4e-02 0.613 0.486 0.00
  65 -4.975378286e+08 +4.95740683e+08 4.93e+02 3.5e+00 5.8e-02 0.613 0.486 0.00
  66 -4.975339251e+08 +4.95732876e+08 4.80e+02 3.4e+00 5.4e-02 0.613 0.486 0.00
  67 -4.975302310e+08 +4.95725487e+08 4.65e+02 3.3e+00 5.5e-02 0.613 0.486 0.00
  68 -4.975267050e+08 +4.95718435e+08 4.49e+02 3.1e+00 5.5e-02 0.613 0.486 0.00
  69 -4.975233204e+08 +4.95711666e+08 4.32e+02 2.9e+00 5.6e-02 0.612 0.486 0.00
  70 -4.975200567e+08 +4.95705139e+08 4.18e+02 2.7e+00 5.7e-02 0.612 0.486 0.00
  71 -4.975168861e+08 +4.95698798e+08 4.08e+02 2.5e+00 5.8e-02 0.612 0.486 0.00
  72 -4.975137856e+08 +4.95692597e+08 3.97e+02 2.4e+00 5.9e-02 0.612 0.486 0.00
  73 -4.975107376e+08 +4.95686501e+08 3.88e+02 2.2e+00 6.0e-02 0.612 0.486 0.00
  74 -4.975077290e+08 +4.95680483e+08 3.83e+02 2.0e+00 6.1e-02 0.612 0.486 0.00
  75 -4.975047484e+08 +4.95674522e+08 3.75e+02 1.8e+00 6.2e-02 0.612 0.487 0.00
  76 -4.975017800e+08 +4.95668585e+08 3.65e+02 1.5e+00 6.3e-02 0.612 0.487 0.00
  77 -4.974988062e+08 +4.95662638e+08 3.52e+02 1.3e+00 6.4e-02 0.612 0.487 0.00
  78 -4.974958083e+08 +4.95656642e+08 3.65e+02 1.1e+00 6.3e-02 0.612 0.487 0.00
  79 -4.974927688e+08 +4.95650563e+08 3.74e+02 9.7e-01 6.4e-02 0.612 0.487 0.00
  80 -4.974896977e+08 +4.95644421e+08 3.75e+02 9.6e-01 6.4e-02 0.612 0.487 0.00
  81 -4.974865854e+08 +4.95638196e+08 3.72e+02 1.0e+00 6.5e-02 0.612 0.487 0.00
  82 -4.974834166e+08 +4.95631859e+08 3.82e+02 1.1e+00 6.5e-02 0.612 0.488 0.00
  83 -4.974801951e+08 +4.95625416e+08 4.02e+02 1.2e+00 6.5e-02 0.612 0.488 0.00
  84 -4.974769374e+08 +4.95618900e+08 4.22e+02 1.3e+00 6.4e-02 0.612 0.488 0.00
  85 -4.974736599e+08 +4.95612345e+08 4.40e+02 1.3e+00 6.3e-02 0.612 0.488 0.00
  86 -4.974703820e+08 +4.95605789e+08 4.55e+02 1.4e+00 6.2e-02 0.612 0.488 0.00
  87 -4.974671277e+08 +4.95599281e+08 4.67e+02 1.4e+00 6.0e-02 0.612 0.488 0.00
  88 -4.974639303e+08 +4.95592886e+08 4.78e+02 1.4e+00 5.6e-02 0.612 0.488 0.00
  89 -4.974608067e+08 +4.95586639e+08 4.88e+02 1.4e+00 5.4e-02 0.612 0.488 0.00
  90 -4.974577718e+08 +4.95580569e+08 4.97e+02 1.4e+00 5.2e-02 0.612 0.489 0.00
  91 -4.974548410e+08 +4.95574707e+08 5.03e+02 1.4e+00 5.0e-02 0.612 0.489 0.00
  92 -4.974520264e+08 +4.95569078e+08 5.07e+02 1.3e+00 4.8e-02 0.612 0.489 0.00
  93 -4.974493507e+08 +4.95563727e+08 5.11e+02 1.3e+00 4.6e-02 0.612 0.489 0.00
  94 -4.974468218e+08 +4.95558669e+08 5.14e+02 1.3e+00 4.4e-02 0.612 0.489 0.00
  95 -4.974444345e+08 +4.95553894e+08 5.16e+02 1.2e+00 4.3e-02 0.612 0.489 0.00
  96 -4.974421846e+08 +4.95549395e+08 5.17e+02 1.1e+00 4.1e-02 0.612 0.489 0.00
  97 -4.974400670e+08 +4.95545159e+08 5.17e+02 1.1e+00 3.9e-02 0.612 0.489 0.00
  98 -4.974380763e+08 +4.95541178e+08 5.17e+02 9.9e-01 3.7e-02 0.612 0.489 0.00
  99 -4.974362040e+08 +4.95537433e+08 5.16e+02 9.2e-01 3.5e-02 0.612 0.489 0.00
 100 -4.974344439e+08 +4.95533913e+08 5.15e+02 8.6e-01 3.3e-02 0.612 0.489 0.00
> saveRDS(fit, file=paste0("../data/gom-data/topics",clustnum,".chimp.log.indv-cell.int19k.reg-",data.source,".bc1.rds"))
> 
> proc.time()
     user    system   elapsed 
398971.59  12748.47 129459.80 
