
R version 3.6.1 (2019-07-05) -- "Action of the Toes"
Copyright (C) 2019 The R Foundation for Statistical Computing
Platform: x86_64-pc-linux-gnu (64-bit)

R is free software and comes with ABSOLUTELY NO WARRANTY.
You are welcome to redistribute it under certain conditions.
Type 'license()' or 'licence()' for distribution details.

R is a collaborative project with many contributors.
Type 'contributors()' for more information and
'citation()' on how to cite R or R packages in publications.

Type 'demo()' for some demos, 'help()' for on-line help, or
'help.start()' for an HTML browser interface to help.
Type 'q()' to quit R.

> #Read in command line arguments as list of character vectors
> args=(commandArgs(TRUE))
> 
> #Check if arguments are passed and cycle through to evaluate each element
> if(length(args)==0){
+   print("No arguments supplied.")
+   #supply default values
+   clustnum=3
+   data.source="tot"
+ }else{
+   for(i in 1:length(args)){
+     eval(parse(text=args[[i]]))
+   }
+ }
> print(paste0("k: ",clustnum))
[1] "k: 20"
> print(paste0("data source: ",data.source))
[1] "data source: tot"
> 
> #Load libraries
> library(Seurat)
> library(CountClust)
Loading required package: ggplot2
> library(classtpx)
Loading required package: slam
> library(fastTopics)
> 
> 
> #Run analyses for human data
> print("Loading human data")
[1] "Loading human data"
> 
> #Load data
> scrna <- paste0("../data/cellranger-data-full/data.filter.log.indv-cell.int19k.reg-",data.source,".rds")
> data <- readRDS(scrna)
> data <- subset(data, subset=Species=="Human")
> 
> #Prepare data (unintegrated count data)
> counts <- as.matrix(data@assays$RNA@counts) #do not use integrated data
> counts <- counts[rowSums(counts>0)>0,]      #remove genes with 0 counts across cells
> counts <- t(as.matrix(counts))              #fix matrix orientation (barcodes x features)
> rm(data)
> 
> #Fit fastTopics model and save data
> fit <- fit_poisson_nmf(counts, k=clustnum, numiter=100)
Using 4 RcppParallel threads.
Initializing factors using Topic SCORE algorithm.
Initializing loadings by running 10 SCD updates.
Using 4 RcppParallel threads.
Fitting rank-20 Poisson NMF to 47972 x 18142 dense matrix.
Running 100 SCD updates, without extrapolation (fastTopics 0.3-185).
iter   log-likelihood        deviance res(KKT)  |F-F'|  |L-L'| nz(F) nz(L) beta
   1 -5.050762387e+08 +5.23928880e+08 1.90e+04 1.9e+02 5.1e+00 0.625 0.328 0.00
   2 -4.924279724e+08 +4.98632347e+08 1.19e+04 8.0e+01 7.6e+00 0.623 0.463 0.00
   3 -4.883372719e+08 +4.90450946e+08 5.31e+03 4.4e+01 4.0e+00 0.629 0.489 0.00
   4 -4.867517593e+08 +4.87279921e+08 5.29e+03 3.2e+01 1.7e+00 0.632 0.513 0.00
   5 -4.859186744e+08 +4.85613751e+08 3.46e+03 2.6e+01 1.1e+00 0.634 0.529 0.00
   6 -4.854082974e+08 +4.84592997e+08 2.82e+03 2.1e+01 8.3e-01 0.637 0.538 0.00
   7 -4.850714267e+08 +4.83919256e+08 1.80e+03 1.9e+01 6.3e-01 0.639 0.544 0.00
   8 -4.848349166e+08 +4.83446235e+08 1.44e+03 1.7e+01 5.5e-01 0.641 0.548 0.00
   9 -4.846654236e+08 +4.83107249e+08 1.54e+03 1.6e+01 4.5e-01 0.642 0.550 0.00
  10 -4.845427057e+08 +4.82861814e+08 1.57e+03 1.6e+01 3.6e-01 0.643 0.551 0.00
  11 -4.844549303e+08 +4.82686263e+08 1.99e+03 1.4e+01 2.9e-01 0.644 0.552 0.00
  12 -4.843913496e+08 +4.82559101e+08 1.40e+03 1.2e+01 2.4e-01 0.644 0.552 0.00
  13 -4.843428936e+08 +4.82462189e+08 1.03e+03 1.0e+01 2.0e-01 0.645 0.552 0.00
  14 -4.843041074e+08 +4.82384617e+08 8.85e+02 9.6e+00 1.6e-01 0.645 0.553 0.00
  15 -4.842718017e+08 +4.82320006e+08 8.57e+02 9.4e+00 1.4e-01 0.646 0.553 0.00
  16 -4.842440198e+08 +4.82264442e+08 8.69e+02 9.5e+00 1.1e-01 0.646 0.553 0.00
  17 -4.842195067e+08 +4.82215416e+08 9.04e+02 9.7e+00 1.0e-01 0.646 0.553 0.00
  18 -4.841973630e+08 +4.82171128e+08 9.52e+02 1.0e+01 9.6e-02 0.646 0.553 0.00
  19 -4.841769082e+08 +4.82130219e+08 9.94e+02 1.0e+01 9.5e-02 0.646 0.553 0.00
  20 -4.841576415e+08 +4.82091685e+08 1.02e+03 1.1e+01 9.3e-02 0.646 0.553 0.00
  21 -4.841391504e+08 +4.82054703e+08 1.02e+03 1.1e+01 8.8e-02 0.646 0.553 0.00
  22 -4.841211853e+08 +4.82018773e+08 1.07e+03 1.1e+01 8.5e-02 0.646 0.554 0.00
  23 -4.841035304e+08 +4.81983463e+08 1.20e+03 1.2e+01 8.1e-02 0.646 0.554 0.00
  24 -4.840860945e+08 +4.81948591e+08 1.29e+03 1.1e+01 7.8e-02 0.646 0.554 0.00
  25 -4.840692072e+08 +4.81914817e+08 1.24e+03 1.1e+01 7.4e-02 0.646 0.555 0.00
  26 -4.840544551e+08 +4.81885312e+08 1.60e+03 9.3e+00 7.1e-02 0.646 0.555 0.00
  27 -4.840431955e+08 +4.81862793e+08 1.07e+03 6.3e+00 6.7e-02 0.646 0.555 0.00
  28 -4.840353353e+08 +4.81847073e+08 6.80e+02 5.1e+00 6.5e-02 0.646 0.556 0.00
  29 -4.840298504e+08 +4.81836103e+08 1.44e+03 3.6e+00 6.4e-02 0.646 0.556 0.00
  30 -4.840256678e+08 +4.81827738e+08 1.20e+03 2.2e+00 6.1e-02 0.646 0.556 0.00
  31 -4.840222630e+08 +4.81820928e+08 3.63e+02 1.5e+00 5.8e-02 0.646 0.556 0.00
  32 -4.840192808e+08 +4.81814964e+08 3.42e+02 1.2e+00 5.6e-02 0.646 0.557 0.00
  33 -4.840165507e+08 +4.81809504e+08 3.14e+02 1.2e+00 5.4e-02 0.646 0.557 0.00
  34 -4.840139884e+08 +4.81804379e+08 2.98e+02 1.4e+00 5.3e-02 0.646 0.557 0.00
  35 -4.840115214e+08 +4.81799445e+08 2.86e+02 1.6e+00 5.1e-02 0.646 0.557 0.00
  36 -4.840090844e+08 +4.81794571e+08 2.77e+02 1.8e+00 4.9e-02 0.647 0.557 0.00
  37 -4.840066158e+08 +4.81789634e+08 2.70e+02 1.9e+00 4.8e-02 0.647 0.557 0.00
  38 -4.840040534e+08 +4.81784509e+08 2.65e+02 2.1e+00 4.7e-02 0.647 0.557 0.00
  39 -4.840013285e+08 +4.81779059e+08 2.75e+02 2.4e+00 4.7e-02 0.647 0.557 0.00
  40 -4.839983596e+08 +4.81773121e+08 3.01e+02 2.6e+00 4.7e-02 0.647 0.557 0.00
  41 -4.839950510e+08 +4.81766504e+08 3.68e+02 3.0e+00 4.7e-02 0.647 0.557 0.00
  42 -4.839912842e+08 +4.81758971e+08 4.51e+02 3.3e+00 4.7e-02 0.647 0.558 0.00
  43 -4.839869032e+08 +4.81750209e+08 5.55e+02 3.7e+00 5.4e-02 0.648 0.558 0.00
  44 -4.839816941e+08 +4.81739791e+08 6.88e+02 4.2e+00 6.3e-02 0.648 0.558 0.00
  45 -4.839753924e+08 +4.81727187e+08 8.58e+02 4.8e+00 7.4e-02 0.648 0.558 0.00
  46 -4.839676705e+08 +4.81711743e+08 1.07e+03 5.4e+00 8.7e-02 0.648 0.558 0.00
  47 -4.839581094e+08 +4.81692621e+08 1.35e+03 6.2e+00 1.0e-01 0.648 0.559 0.00
  48 -4.839461273e+08 +4.81668657e+08 1.70e+03 7.1e+00 1.2e-01 0.648 0.559 0.00
  49 -4.839310281e+08 +4.81638458e+08 2.16e+03 8.2e+00 1.4e-01 0.648 0.559 0.00
  50 -4.839121018e+08 +4.81600606e+08 2.73e+03 9.2e+00 1.7e-01 0.648 0.560 0.00
  51 -4.838887031e+08 +4.81553808e+08 3.42e+03 1.0e+01 2.0e-01 0.649 0.560 0.00
  52 -4.838607128e+08 +4.81497828e+08 4.22e+03 1.1e+01 2.3e-01 0.648 0.561 0.00
  53 -4.838291003e+08 +4.81434603e+08 5.06e+03 1.1e+01 2.5e-01 0.648 0.561 0.00
  54 -4.837958968e+08 +4.81368196e+08 5.83e+03 1.0e+01 2.7e-01 0.648 0.562 0.00
  55 -4.837635864e+08 +4.81303575e+08 6.51e+03 9.3e+00 2.7e-01 0.647 0.562 0.00
  56 -4.837346479e+08 +4.81245698e+08 6.82e+03 7.7e+00 2.7e-01 0.646 0.562 0.00
  57 -4.837106300e+08 +4.81197662e+08 6.72e+03 5.9e+00 2.5e-01 0.645 0.562 0.00
  58 -4.836916903e+08 +4.81159783e+08 6.22e+03 4.4e+00 2.1e-01 0.645 0.562 0.00
  59 -4.836773053e+08 +4.81131013e+08 5.45e+03 3.9e+00 1.7e-01 0.644 0.562 0.00
  60 -4.836663492e+08 +4.81109101e+08 3.01e+03 2.8e+00 1.3e-01 0.644 0.562 0.00
  61 -4.836578801e+08 +4.81092162e+08 1.56e+03 1.9e+00 9.3e-02 0.644 0.562 0.00
  62 -4.836510940e+08 +4.81078590e+08 1.26e+03 1.3e+00 6.7e-02 0.643 0.562 0.00
  63 -4.836454865e+08 +4.81067375e+08 1.01e+03 1.1e+00 5.4e-02 0.643 0.562 0.00
  64 -4.836407314e+08 +4.81057865e+08 7.90e+02 9.3e-01 5.2e-02 0.643 0.562 0.00
  65 -4.836366249e+08 +4.81049652e+08 3.54e+02 8.9e-01 5.2e-02 0.643 0.562 0.00
  66 -4.836330462e+08 +4.81042495e+08 3.33e+02 8.6e-01 5.3e-02 0.644 0.562 0.00
  67 -4.836298852e+08 +4.81036173e+08 3.14e+02 8.2e-01 5.4e-02 0.644 0.562 0.00
  68 -4.836270464e+08 +4.81030495e+08 2.97e+02 7.8e-01 5.4e-02 0.644 0.562 0.00
  69 -4.836244815e+08 +4.81025365e+08 2.83e+02 7.4e-01 5.5e-02 0.644 0.562 0.00
  70 -4.836221444e+08 +4.81020691e+08 2.70e+02 7.1e-01 5.5e-02 0.644 0.562 0.00
  71 -4.836199968e+08 +4.81016396e+08 2.59e+02 6.8e-01 5.5e-02 0.644 0.562 0.00
  72 -4.836180099e+08 +4.81012422e+08 2.49e+02 6.8e-01 5.4e-02 0.644 0.562 0.00
  73 -4.836161631e+08 +4.81008728e+08 2.41e+02 6.7e-01 5.3e-02 0.645 0.561 0.00
  74 -4.836144447e+08 +4.81005292e+08 2.34e+02 6.7e-01 5.2e-02 0.645 0.561 0.00
  75 -4.836128414e+08 +4.81002085e+08 2.28e+02 6.6e-01 5.1e-02 0.645 0.561 0.00
  76 -4.836113401e+08 +4.80999082e+08 2.22e+02 6.5e-01 5.0e-02 0.645 0.561 0.00
  77 -4.836099293e+08 +4.80996261e+08 2.18e+02 6.6e-01 4.9e-02 0.645 0.561 0.00
  78 -4.836085984e+08 +4.80993599e+08 2.13e+02 6.7e-01 4.8e-02 0.645 0.561 0.00
  79 -4.836073384e+08 +4.80991079e+08 2.10e+02 6.7e-01 4.7e-02 0.645 0.561 0.00
  80 -4.836061417e+08 +4.80988686e+08 2.07e+02 6.7e-01 4.6e-02 0.645 0.561 0.00
  81 -4.836050012e+08 +4.80986405e+08 2.05e+02 6.7e-01 4.5e-02 0.645 0.561 0.00
  82 -4.836039100e+08 +4.80984222e+08 1.95e+02 6.6e-01 4.4e-02 0.646 0.561 0.00
  83 -4.836028646e+08 +4.80982132e+08 1.87e+02 6.5e-01 4.4e-02 0.646 0.561 0.00
  84 -4.836018607e+08 +4.80980124e+08 1.83e+02 6.5e-01 4.3e-02 0.646 0.560 0.00
  85 -4.836008917e+08 +4.80978186e+08 1.80e+02 6.4e-01 4.2e-02 0.646 0.560 0.00
  86 -4.835999517e+08 +4.80976306e+08 1.79e+02 6.3e-01 4.2e-02 0.646 0.560 0.00
  87 -4.835990392e+08 +4.80974481e+08 1.78e+02 6.2e-01 4.1e-02 0.646 0.560 0.00
  88 -4.835981509e+08 +4.80972704e+08 1.77e+02 6.1e-01 4.0e-02 0.646 0.560 0.00
  89 -4.835972832e+08 +4.80970969e+08 1.77e+02 6.0e-01 4.0e-02 0.647 0.560 0.00
  90 -4.835964334e+08 +4.80969269e+08 1.76e+02 6.0e-01 4.0e-02 0.647 0.560 0.00
  91 -4.835955987e+08 +4.80967600e+08 1.76e+02 5.9e-01 4.0e-02 0.647 0.560 0.00
  92 -4.835947769e+08 +4.80965956e+08 1.75e+02 5.8e-01 3.9e-02 0.647 0.559 0.00
  93 -4.835939653e+08 +4.80964333e+08 1.75e+02 5.7e-01 3.9e-02 0.647 0.559 0.00
  94 -4.835931617e+08 +4.80962726e+08 1.75e+02 5.6e-01 3.9e-02 0.647 0.559 0.00
  95 -4.835923647e+08 +4.80961132e+08 1.75e+02 5.6e-01 3.8e-02 0.647 0.559 0.00
  96 -4.835915726e+08 +4.80959547e+08 1.75e+02 5.5e-01 3.8e-02 0.648 0.559 0.00
  97 -4.835907841e+08 +4.80957970e+08 1.76e+02 5.4e-01 3.8e-02 0.648 0.559 0.00
  98 -4.835899979e+08 +4.80956398e+08 1.77e+02 5.4e-01 3.8e-02 0.648 0.558 0.00
  99 -4.835892128e+08 +4.80954828e+08 1.78e+02 5.3e-01 3.7e-02 0.648 0.558 0.00
 100 -4.835884279e+08 +4.80953258e+08 1.79e+02 5.2e-01 3.7e-02 0.648 0.558 0.00
Warning message:
Quick-TRANSfer stage steps exceeded maximum (= 907100) 
> saveRDS(fit, file=paste0("../data/gom-data/topics",clustnum,".human.log.indv-cell.int19k.reg-",data.source,".rds"))
> 
> 
> #Run analyses for chimp data
> print("Loading chimp data")
[1] "Loading chimp data"
> 
> #Load data
> scrna <- paste0("../data/cellranger-data-full/data.filter.log.indv-cell.int19k.reg-",data.source,".rds")
> data <- readRDS(scrna)
> data <- subset(data, subset=Species=="Chimp")
> 
> #Prepare data (unintegrated count data)
> counts <- as.matrix(data@assays$RNA@counts) #do not use integrated data
> counts <- counts[rowSums(counts>0)>0,]      #remove genes with 0 counts across cells
> counts <- t(as.matrix(counts))              #fix matrix orientation (barcodes x features)
> rm(data)
> 
> #Fit fastTopics model and save data
> fit <- fit_poisson_nmf(counts, k=clustnum, numiter=100)
Using 4 RcppParallel threads.
Initializing factors using Topic SCORE algorithm.
Initializing loadings by running 10 SCD updates.
Using 4 RcppParallel threads.
Fitting rank-20 Poisson NMF to 53562 x 18072 dense matrix.
Running 100 SCD updates, without extrapolation (fastTopics 0.3-185).
iter   log-likelihood        deviance res(KKT)  |F-F'|  |L-L'| nz(F) nz(L) beta
   1 -5.345609615e+08 +5.68343628e+08 8.99e+04 1.4e+02 7.1e+00 0.581 0.343 0.00
   2 -5.186427946e+08 +5.36507295e+08 1.06e+04 6.0e+01 7.5e+00 0.596 0.438 0.00
   3 -5.143908236e+08 +5.28003353e+08 6.35e+03 2.9e+01 3.2e+00 0.604 0.456 0.00
   4 -5.122947632e+08 +5.23811232e+08 4.68e+03 3.3e+01 2.0e+00 0.608 0.470 0.00
   5 -5.110174215e+08 +5.21256548e+08 3.62e+03 2.9e+01 1.0e+00 0.614 0.481 0.00
   6 -5.101858004e+08 +5.19593306e+08 2.40e+03 3.2e+01 6.9e-01 0.620 0.487 0.00
   7 -5.095890384e+08 +5.18399782e+08 2.03e+03 3.2e+01 8.2e-01 0.624 0.492 0.00
   8 -5.091126680e+08 +5.17447041e+08 1.68e+03 2.9e+01 1.0e+00 0.627 0.495 0.00
   9 -5.087381996e+08 +5.16698104e+08 1.41e+03 2.5e+01 8.1e-01 0.630 0.497 0.00
  10 -5.084595640e+08 +5.16140833e+08 1.58e+03 1.9e+01 6.6e-01 0.632 0.498 0.00
  11 -5.082497008e+08 +5.15721107e+08 1.76e+03 1.3e+01 5.9e-01 0.633 0.498 0.00
  12 -5.080866550e+08 +5.15395015e+08 2.03e+03 9.1e+00 5.6e-01 0.634 0.498 0.00
  13 -5.079563554e+08 +5.15134416e+08 2.04e+03 6.4e+00 5.7e-01 0.635 0.498 0.00
  14 -5.078500750e+08 +5.14921855e+08 1.87e+03 7.3e+00 5.3e-01 0.636 0.499 0.00
  15 -5.077608526e+08 +5.14743411e+08 1.68e+03 8.6e+00 4.3e-01 0.637 0.499 0.00
  16 -5.076813736e+08 +5.14584453e+08 1.91e+03 1.0e+01 3.2e-01 0.638 0.499 0.00
  17 -5.076064003e+08 +5.14434506e+08 1.97e+03 1.3e+01 2.7e-01 0.639 0.499 0.00
  18 -5.075321514e+08 +5.14286008e+08 2.03e+03 1.5e+01 3.0e-01 0.640 0.499 0.00
  19 -5.074566335e+08 +5.14134972e+08 2.05e+03 1.7e+01 3.2e-01 0.641 0.499 0.00
  20 -5.073785664e+08 +5.13978838e+08 2.00e+03 2.0e+01 3.4e-01 0.642 0.499 0.00
  21 -5.072989449e+08 +5.13819595e+08 1.89e+03 2.3e+01 3.5e-01 0.643 0.498 0.00
  22 -5.072198907e+08 +5.13661487e+08 1.73e+03 2.5e+01 3.5e-01 0.645 0.498 0.00
  23 -5.071441452e+08 +5.13509996e+08 1.56e+03 2.6e+01 3.5e-01 0.646 0.497 0.00
  24 -5.070735064e+08 +5.13368718e+08 1.36e+03 2.7e+01 3.8e-01 0.647 0.497 0.00
  25 -5.070077905e+08 +5.13237286e+08 1.12e+03 2.6e+01 3.6e-01 0.648 0.497 0.00
  26 -5.069457430e+08 +5.13113191e+08 1.22e+03 2.6e+01 3.1e-01 0.648 0.497 0.00
  27 -5.068861585e+08 +5.12994022e+08 1.25e+03 2.6e+01 2.7e-01 0.649 0.497 0.00
  28 -5.068284544e+08 +5.12878614e+08 1.25e+03 2.6e+01 2.3e-01 0.650 0.497 0.00
  29 -5.067725375e+08 +5.12766780e+08 1.25e+03 2.6e+01 2.1e-01 0.650 0.498 0.00
  30 -5.067185658e+08 +5.12658837e+08 1.24e+03 2.6e+01 1.9e-01 0.651 0.498 0.00
  31 -5.066667678e+08 +5.12555241e+08 1.21e+03 2.6e+01 1.8e-01 0.651 0.498 0.00
  32 -5.066171064e+08 +5.12455918e+08 1.13e+03 2.5e+01 1.7e-01 0.651 0.498 0.00
  33 -5.065696177e+08 +5.12360941e+08 1.02e+03 2.3e+01 1.8e-01 0.652 0.498 0.00
  34 -5.065243834e+08 +5.12270472e+08 1.02e+03 2.2e+01 1.9e-01 0.652 0.498 0.00
  35 -5.064815300e+08 +5.12184765e+08 9.78e+02 2.0e+01 2.0e-01 0.652 0.499 0.00
  36 -5.064411007e+08 +5.12103907e+08 9.35e+02 1.8e+01 2.0e-01 0.653 0.499 0.00
  37 -5.064032081e+08 +5.12028122e+08 8.93e+02 1.5e+01 2.0e-01 0.653 0.499 0.00
  38 -5.063680295e+08 +5.11957764e+08 8.72e+02 1.3e+01 1.9e-01 0.653 0.499 0.00
  39 -5.063354661e+08 +5.11892638e+08 8.48e+02 1.1e+01 1.8e-01 0.654 0.499 0.00
  40 -5.063052623e+08 +5.11832230e+08 8.17e+02 9.4e+00 1.8e-01 0.654 0.499 0.00
  41 -5.062770792e+08 +5.11775864e+08 7.91e+02 8.1e+00 1.8e-01 0.655 0.499 0.00
  42 -5.062507265e+08 +5.11723158e+08 7.69e+02 7.0e+00 1.9e-01 0.655 0.499 0.00
  43 -5.062255111e+08 +5.11672728e+08 7.42e+02 6.0e+00 2.0e-01 0.655 0.499 0.00
  44 -5.062010202e+08 +5.11623746e+08 7.18e+02 5.2e+00 2.1e-01 0.656 0.499 0.00
  45 -5.061775213e+08 +5.11576748e+08 6.98e+02 4.5e+00 2.4e-01 0.656 0.498 0.00
  46 -5.061556449e+08 +5.11532995e+08 6.82e+02 3.8e+00 2.7e-01 0.657 0.498 0.00
  47 -5.061361744e+08 +5.11494054e+08 6.66e+02 3.1e+00 2.5e-01 0.657 0.498 0.00
  48 -5.061195403e+08 +5.11460786e+08 6.52e+02 2.6e+00 2.1e-01 0.658 0.497 0.00
  49 -5.061055560e+08 +5.11432817e+08 6.38e+02 2.5e+00 1.5e-01 0.658 0.497 0.00
  50 -5.060937151e+08 +5.11409136e+08 6.14e+02 2.3e+00 1.2e-01 0.658 0.497 0.00
  51 -5.060834997e+08 +5.11388705e+08 6.05e+02 2.1e+00 1.1e-01 0.659 0.496 0.00
  52 -5.060745288e+08 +5.11370763e+08 5.94e+02 2.0e+00 1.0e-01 0.659 0.496 0.00
  53 -5.060665637e+08 +5.11354833e+08 5.84e+02 1.8e+00 9.3e-02 0.659 0.496 0.00
  54 -5.060594866e+08 +5.11340679e+08 5.76e+02 1.6e+00 8.5e-02 0.659 0.496 0.00
  55 -5.060531702e+08 +5.11328046e+08 5.70e+02 1.5e+00 7.7e-02 0.660 0.496 0.00
  56 -5.060474566e+08 +5.11316619e+08 5.66e+02 1.3e+00 7.1e-02 0.660 0.496 0.00
  57 -5.060422372e+08 +5.11306180e+08 5.61e+02 1.3e+00 6.5e-02 0.660 0.495 0.00
  58 -5.060374334e+08 +5.11296572e+08 5.53e+02 1.4e+00 6.0e-02 0.660 0.495 0.00
  59 -5.060329772e+08 +5.11287660e+08 5.41e+02 1.4e+00 5.5e-02 0.661 0.495 0.00
  60 -5.060288187e+08 +5.11279343e+08 5.30e+02 1.5e+00 5.1e-02 0.661 0.495 0.00
  61 -5.060249209e+08 +5.11271547e+08 5.18e+02 1.5e+00 4.6e-02 0.661 0.495 0.00
  62 -5.060212411e+08 +5.11264188e+08 5.06e+02 1.5e+00 4.5e-02 0.661 0.495 0.00
  63 -5.060177181e+08 +5.11257142e+08 4.97e+02 1.5e+00 4.7e-02 0.661 0.495 0.00
  64 -5.060143196e+08 +5.11250345e+08 4.89e+02 1.5e+00 4.8e-02 0.662 0.495 0.00
  65 -5.060110182e+08 +5.11243742e+08 4.82e+02 1.5e+00 4.9e-02 0.662 0.494 0.00
  66 -5.060077848e+08 +5.11237275e+08 4.77e+02 1.4e+00 5.0e-02 0.662 0.494 0.00
  67 -5.060045985e+08 +5.11230902e+08 4.73e+02 1.4e+00 5.2e-02 0.662 0.494 0.00
  68 -5.060014444e+08 +5.11224594e+08 4.69e+02 1.4e+00 5.3e-02 0.662 0.494 0.00
  69 -5.059983080e+08 +5.11218321e+08 4.66e+02 1.4e+00 5.5e-02 0.663 0.494 0.00
  70 -5.059951762e+08 +5.11212058e+08 4.69e+02 1.3e+00 5.7e-02 0.663 0.494 0.00
  71 -5.059920333e+08 +5.11205772e+08 4.78e+02 1.3e+00 5.9e-02 0.663 0.493 0.00
  72 -5.059888473e+08 +5.11199400e+08 4.88e+02 1.3e+00 6.1e-02 0.663 0.493 0.00
  73 -5.059856044e+08 +5.11192914e+08 4.99e+02 1.3e+00 6.4e-02 0.664 0.493 0.00
  74 -5.059822921e+08 +5.11186290e+08 5.09e+02 1.3e+00 6.7e-02 0.664 0.493 0.00
  75 -5.059789104e+08 +5.11179526e+08 5.19e+02 1.3e+00 6.9e-02 0.664 0.492 0.00
  76 -5.059754679e+08 +5.11172641e+08 5.27e+02 1.2e+00 7.2e-02 0.665 0.492 0.00
  77 -5.059719615e+08 +5.11165628e+08 5.34e+02 1.2e+00 7.3e-02 0.665 0.492 0.00
  78 -5.059683737e+08 +5.11158453e+08 5.41e+02 1.2e+00 7.5e-02 0.665 0.492 0.00
  79 -5.059647192e+08 +5.11151144e+08 5.46e+02 1.2e+00 7.7e-02 0.666 0.491 0.00
  80 -5.059609971e+08 +5.11143700e+08 5.47e+02 1.1e+00 7.8e-02 0.666 0.491 0.00
  81 -5.059571679e+08 +5.11136041e+08 5.50e+02 1.1e+00 8.0e-02 0.666 0.491 0.00
  82 -5.059532646e+08 +5.11128235e+08 5.52e+02 1.1e+00 8.2e-02 0.667 0.490 0.00
  83 -5.059493525e+08 +5.11120410e+08 5.51e+02 1.1e+00 8.3e-02 0.667 0.490 0.00
  84 -5.059455141e+08 +5.11112734e+08 5.45e+02 1.0e+00 8.2e-02 0.668 0.490 0.00
  85 -5.059418290e+08 +5.11105363e+08 5.34e+02 1.0e+00 7.9e-02 0.668 0.490 0.00
  86 -5.059383651e+08 +5.11098436e+08 5.18e+02 9.8e-01 7.6e-02 0.668 0.489 0.00
  87 -5.059351727e+08 +5.11092051e+08 4.99e+02 9.3e-01 7.4e-02 0.669 0.489 0.00
  88 -5.059322812e+08 +5.11086268e+08 4.76e+02 8.8e-01 6.8e-02 0.669 0.489 0.00
  89 -5.059296388e+08 +5.11080983e+08 4.52e+02 8.3e-01 6.3e-02 0.669 0.489 0.00
  90 -5.059271927e+08 +5.11076091e+08 4.27e+02 7.8e-01 5.9e-02 0.670 0.488 0.00
  91 -5.059249526e+08 +5.11071610e+08 4.00e+02 7.2e-01 5.4e-02 0.670 0.488 0.00
  92 -5.059229172e+08 +5.11067540e+08 3.73e+02 6.7e-01 4.9e-02 0.670 0.488 0.00
  93 -5.059210640e+08 +5.11063833e+08 3.48e+02 6.2e-01 4.7e-02 0.670 0.488 0.00
  94 -5.059193735e+08 +5.11060452e+08 3.24e+02 5.7e-01 4.1e-02 0.670 0.488 0.00
  95 -5.059178291e+08 +5.11057364e+08 3.04e+02 5.2e-01 3.7e-02 0.670 0.487 0.00
  96 -5.059164180e+08 +5.11054541e+08 2.85e+02 4.8e-01 3.3e-02 0.671 0.487 0.00
  97 -5.059151281e+08 +5.11051962e+08 2.67e+02 4.4e-01 3.2e-02 0.671 0.487 0.00
  98 -5.059139484e+08 +5.11049602e+08 2.52e+02 4.1e-01 3.0e-02 0.671 0.487 0.00
  99 -5.059128693e+08 +5.11047444e+08 2.37e+02 3.8e-01 2.8e-02 0.671 0.487 0.00
 100 -5.059118832e+08 +5.11045472e+08 2.36e+02 3.6e-01 2.6e-02 0.671 0.487 0.00
> saveRDS(fit, file=paste0("../data/gom-data/topics",clustnum,".chimp.log.indv-cell.int19k.reg-",data.source,".rds"))
> 
> proc.time()
      user     system    elapsed 
262482.662   9840.575  90006.016 
