
R version 3.6.1 (2019-07-05) -- "Action of the Toes"
Copyright (C) 2019 The R Foundation for Statistical Computing
Platform: x86_64-pc-linux-gnu (64-bit)

R is free software and comes with ABSOLUTELY NO WARRANTY.
You are welcome to redistribute it under certain conditions.
Type 'license()' or 'licence()' for distribution details.

R is a collaborative project with many contributors.
Type 'contributors()' for more information and
'citation()' on how to cite R or R packages in publications.

Type 'demo()' for some demos, 'help()' for on-line help, or
'help.start()' for an HTML browser interface to help.
Type 'q()' to quit R.

> #Read in command line arguments as list of character vectors
> args=(commandArgs(TRUE))
> 
> #Check if arguments are passed and cycle through to evaluate each element
> if(length(args)==0){
+   print("No arguments supplied.")
+   #supply default values
+   clustnum=3
+   data.source="tot"
+ }else{
+   for(i in 1:length(args)){
+     eval(parse(text=args[[i]]))
+   }
+ }
> print(paste0("k: ",clustnum))
[1] "k: 3"
> print(paste0("data source: ",data.source))
[1] "data source: tot"
> 
> #Load libraries
> library(Seurat)
> library(CountClust)
Loading required package: ggplot2
> library(classtpx)
Loading required package: slam
> library(fastTopics)
> 
> #Load data
> scrna <- paste0("../data/cellranger-data-full/data.filter.log.indv-cell.int19k.reg-",data.source,".rds")
> data <- readRDS(scrna)
> 
> #Prepare data (unintegrated count data)
> counts <- as.matrix(data@assays$RNA@counts) #do not use integrated data
> counts <- counts[rowSums(counts>0)>0,]      #remove genes with 0 counts across cells
> counts <- t(as.matrix(counts))              #fix matrix orientation (barcodes x features)
> rm(data)
> 
> #Fit fastTopics model and save data
> fit <- fit_poisson_nmf(counts, k=clustnum, numiter=200)
Using 4 RcppParallel threads.
Initializing factors using Topic SCORE algorithm.
Initializing loadings by running 10 SCD updates.
Using 4 RcppParallel threads.
Fitting rank-3 Poisson NMF to 101534 x 18454 dense matrix.
Running 200 SCD updates, without extrapolation (fastTopics 0.3-185).
iter   log-likelihood        deviance res(KKT)  |F-F'|  |L-L'| nz(F) nz(L) beta
   1 -1.143650858e+09 +1.30029982e+09 1.13e+04 4.2e+01 1.4e-01 0.898 0.904 0.00
   2 -1.141785726e+09 +1.29656956e+09 4.23e+03 6.9e+00 8.5e-01 0.906 0.871 0.00
   3 -1.141464292e+09 +1.29592669e+09 2.88e+03 2.9e+00 3.6e-01 0.904 0.862 0.00
   4 -1.141378437e+09 +1.29575498e+09 4.69e+02 1.1e+00 1.8e-01 0.904 0.838 0.00
   5 -1.141343067e+09 +1.29568424e+09 3.10e+02 8.2e-01 7.1e-02 0.904 0.827 0.00
   6 -1.141325083e+09 +1.29564827e+09 1.80e+02 6.2e-01 4.9e-02 0.905 0.821 0.00
   7 -1.141315015e+09 +1.29562814e+09 1.00e+02 4.8e-01 3.5e-02 0.906 0.819 0.00
   8 -1.141309105e+09 +1.29561632e+09 6.26e+01 3.7e-01 2.7e-02 0.906 0.818 0.00
   9 -1.141305580e+09 +1.29560927e+09 4.84e+01 2.8e-01 2.1e-02 0.906 0.817 0.00
  10 -1.141303463e+09 +1.29560503e+09 3.75e+01 2.2e-01 1.6e-02 0.906 0.816 0.00
  11 -1.141302186e+09 +1.29560248e+09 2.90e+01 1.7e-01 1.3e-02 0.906 0.815 0.00
  12 -1.141301413e+09 +1.29560093e+09 2.25e+01 1.3e-01 9.8e-03 0.906 0.815 0.00
  13 -1.141300945e+09 +1.29560000e+09 1.74e+01 1.0e-01 7.6e-03 0.907 0.815 0.00
  14 -1.141300661e+09 +1.29559943e+09 1.35e+01 7.9e-02 5.9e-03 0.906 0.814 0.00
  15 -1.141300489e+09 +1.29559909e+09 1.05e+01 6.1e-02 4.6e-03 0.907 0.814 0.00
  16 -1.141300385e+09 +1.29559888e+09 8.13e+00 4.7e-02 3.6e-03 0.907 0.814 0.00
  17 -1.141300321e+09 +1.29559875e+09 6.30e+00 3.7e-02 2.8e-03 0.907 0.814 0.00
  18 -1.141300283e+09 +1.29559867e+09 4.89e+00 2.9e-02 2.2e-03 0.907 0.814 0.00
  19 -1.141300260e+09 +1.29559863e+09 3.79e+00 2.2e-02 1.7e-03 0.907 0.814 0.00
  20 -1.141300246e+09 +1.29559860e+09 2.94e+00 1.7e-02 1.3e-03 0.907 0.813 0.00
  21 -1.141300237e+09 +1.29559858e+09 2.29e+00 1.3e-02 1.0e-03 0.907 0.813 0.00
  22 -1.141300232e+09 +1.29559857e+09 1.78e+00 1.0e-02 8.0e-04 0.907 0.813 0.00
  23 -1.141300229e+09 +1.29559857e+09 1.38e+00 8.1e-03 6.2e-04 0.907 0.813 0.00
  24 -1.141300227e+09 +1.29559856e+09 1.07e+00 6.3e-03 4.8e-04 0.907 0.813 0.00
  25 -1.141300226e+09 +1.29559856e+09 8.35e-01 4.9e-03 3.8e-04 0.907 0.813 0.00
  26 -1.141300225e+09 +1.29559856e+09 6.50e-01 3.8e-03 2.9e-04 0.907 0.813 0.00
  27 -1.141300225e+09 +1.29559856e+09 5.06e-01 3.0e-03 2.3e-04 0.907 0.813 0.00
  28 -1.141300224e+09 +1.29559856e+09 3.95e-01 2.3e-03 1.8e-04 0.907 0.813 0.00
  29 -1.141300224e+09 +1.29559856e+09 3.08e-01 1.8e-03 1.4e-04 0.907 0.813 0.00
  30 -1.141300224e+09 +1.29559856e+09 2.40e-01 1.4e-03 1.1e-04 0.907 0.813 0.00
  31 -1.141300224e+09 +1.29559856e+09 1.87e-01 1.1e-03 8.4e-05 0.907 0.813 0.00
  32 -1.141300224e+09 +1.29559856e+09 1.46e-01 8.7e-04 6.6e-05 0.907 0.813 0.00
  33 -1.141300224e+09 +1.29559856e+09 1.14e-01 6.8e-04 5.1e-05 0.907 0.813 0.00
  34 -1.141300224e+09 +1.29559856e+09 8.95e-02 5.3e-04 4.0e-05 0.907 0.813 0.00
  35 -1.141300224e+09 +1.29559856e+09 7.00e-02 4.2e-04 3.4e-05 0.907 0.813 0.00
  36 -1.141300224e+09 +1.29559856e+09 5.48e-02 3.3e-04 3.3e-05 0.907 0.813 0.00
  37 -1.141300224e+09 +1.29559856e+09 4.29e-02 2.5e-04 3.2e-05 0.907 0.813 0.00
  38 -1.141300224e+09 +1.29559856e+09 3.37e-02 2.0e-04 3.1e-05 0.907 0.813 0.00
  39 -1.141300224e+09 +1.29559856e+09 2.64e-02 1.6e-04 3.0e-05 0.907 0.813 0.00
  40 -1.141300224e+09 +1.29559856e+09 2.07e-02 1.2e-04 2.9e-05 0.907 0.813 0.00
  41 -1.141300224e+09 +1.29559856e+09 1.63e-02 9.6e-05 2.8e-05 0.907 0.813 0.00
  42 -1.141300224e+09 +1.29559856e+09 1.59e-02 7.6e-05 2.7e-05 0.907 0.813 0.00
  43 -1.141300224e+09 +1.29559856e+09 1.58e-02 6.0e-05 2.7e-05 0.907 0.813 0.00
  44 -1.141300224e+09 +1.29559856e+09 1.57e-02 4.7e-05 2.6e-05 0.907 0.813 0.00
  45 -1.141300224e+09 +1.29559856e+09 1.55e-02 3.7e-05 2.5e-05 0.907 0.813 0.00
  46 -1.141300224e+09 +1.29559856e+09 1.54e-02 2.9e-05 2.4e-05 0.907 0.813 0.00
  47 -1.141300224e+09 +1.29559856e+09 1.52e-02 2.3e-05 2.4e-05 0.907 0.813 0.00
  48 -1.141300224e+09 +1.29559856e+09 1.50e-02 1.8e-05 2.3e-05 0.907 0.813 0.00
  49 -1.141300224e+09 +1.29559856e+09 1.48e-02 1.4e-05 2.2e-05 0.907 0.813 0.00
  50 -1.141300224e+09 +1.29559856e+09 1.46e-02 1.1e-05 2.2e-05 0.907 0.813 0.00
  51 -1.141300224e+09 +1.29559856e+09 1.44e-02 8.9e-06 2.1e-05 0.907 0.813 0.00
  52 -1.141300224e+09 +1.29559856e+09 1.42e-02 7.0e-06 2.1e-05 0.907 0.813 0.00
  53 -1.141300224e+09 +1.29559856e+09 4.67e-03 5.5e-06 2.0e-05 0.907 0.813 0.00
  54 -1.141300224e+09 +1.29559856e+09 4.40e-03 4.4e-06 7.1e-06 0.907 0.813 0.00
  55 -1.141300224e+09 +1.29559856e+09 4.15e-03 3.5e-06 6.7e-06 0.907 0.813 0.00
  56 -1.141300224e+09 +1.29559856e+09 3.79e-03 2.7e-06 6.3e-06 0.907 0.813 0.00
  57 -1.141300224e+09 +1.29559856e+09 2.43e-03 2.2e-06 5.8e-06 0.907 0.813 0.00
  58 -1.141300224e+09 +1.29559856e+09 4.98e-04 1.7e-06 1.1e-06 0.907 0.813 0.00
  59 -1.141300224e+09 +1.29559856e+09 4.98e-04 1.4e-06 1.9e-07 0.907 0.813 0.00
  60 -1.141300224e+09 +1.29559856e+09 4.97e-04 1.1e-06 1.6e-07 0.907 0.813 0.00
  61 -1.141300224e+09 +1.29559856e+09 4.97e-04 8.7e-07 1.3e-07 0.907 0.813 0.00
  62 -1.141300224e+09 +1.29559856e+09 4.97e-04 6.9e-07 1.1e-07 0.907 0.813 0.00
  63 -1.141300224e+09 +1.29559856e+09 4.97e-04 5.5e-07 9.6e-08 0.907 0.813 0.00
  64 -1.141300224e+09 +1.29559856e+09 4.97e-04 4.4e-07 8.2e-08 0.907 0.813 0.00
  65 -1.141300224e+09 +1.29559856e+09 4.97e-04 3.5e-07 7.1e-08 0.907 0.813 0.00
  66 -1.141300224e+09 +1.29559856e+09 4.97e-04 2.8e-07 6.0e-08 0.907 0.813 0.00
  67 -1.141300224e+09 +1.29559856e+09 4.97e-04 2.2e-07 5.2e-08 0.907 0.813 0.00
  68 -1.141300224e+09 +1.29559856e+09 4.97e-04 1.8e-07 4.4e-08 0.907 0.813 0.00
  69 -1.141300224e+09 +1.29559856e+09 4.97e-04 1.4e-07 3.8e-08 0.907 0.813 0.00
  70 -1.141300224e+09 +1.29559856e+09 4.97e-04 1.1e-07 3.2e-08 0.907 0.813 0.00
  71 -1.141300224e+09 +1.29559856e+09 4.97e-04 9.1e-08 2.8e-08 0.907 0.813 0.00
  72 -1.141300224e+09 +1.29559856e+09 4.97e-04 7.3e-08 2.4e-08 0.907 0.813 0.00
  73 -1.141300224e+09 +1.29559856e+09 4.97e-04 5.9e-08 2.0e-08 0.907 0.813 0.00
  74 -1.141300224e+09 +1.29559856e+09 4.97e-04 4.7e-08 1.7e-08 0.907 0.813 0.00
  75 -1.141300224e+09 +1.29559856e+09 4.97e-04 3.8e-08 1.5e-08 0.907 0.813 0.00
  76 -1.141300224e+09 +1.29559856e+09 4.97e-04 3.0e-08 1.3e-08 0.907 0.813 0.00
  77 -1.141300224e+09 +1.29559856e+09 4.97e-04 2.4e-08 1.1e-08 0.907 0.813 0.00
  78 -1.141300224e+09 +1.29559856e+09 4.97e-04 2.0e-08 9.2e-09 0.907 0.813 0.00
  79 -1.141300224e+09 +1.29559856e+09 4.97e-04 1.6e-08 7.9e-09 0.907 0.813 0.00
  80 -1.141300224e+09 +1.29559856e+09 4.97e-04 1.3e-08 6.8e-09 0.907 0.813 0.00
  81 -1.141300224e+09 +1.29559856e+09 4.97e-04 1.0e-08 6.2e-09 0.907 0.813 0.00
  82 -1.141300224e+09 +1.29559856e+09 4.97e-04 8.4e-09 5.6e-09 0.907 0.813 0.00
  83 -1.141300224e+09 +1.29559856e+09 4.97e-04 6.8e-09 5.1e-09 0.907 0.813 0.00
  84 -1.141300224e+09 +1.29559856e+09 4.97e-04 5.5e-09 4.7e-09 0.907 0.813 0.00
  85 -1.141300224e+09 +1.29559856e+09 4.97e-04 4.5e-09 4.3e-09 0.907 0.813 0.00
  86 -1.141300224e+09 +1.29559856e+09 4.97e-04 3.7e-09 3.9e-09 0.907 0.813 0.00
  87 -1.141300224e+09 +1.29559856e+09 4.97e-04 3.0e-09 3.5e-09 0.907 0.813 0.00
  88 -1.141300224e+09 +1.29559856e+09 4.97e-04 2.5e-09 3.2e-09 0.907 0.813 0.00
  89 -1.141300224e+09 +1.29559856e+09 4.97e-04 2.0e-09 2.9e-09 0.907 0.813 0.00
  90 -1.141300224e+09 +1.29559856e+09 4.97e-04 1.7e-09 2.7e-09 0.907 0.813 0.00
  91 -1.141300224e+09 +1.29559856e+09 4.97e-04 1.4e-09 2.4e-09 0.907 0.813 0.00
  92 -1.141300224e+09 +1.29559856e+09 4.97e-04 1.1e-09 2.2e-09 0.907 0.813 0.00
  93 -1.141300224e+09 +1.29559856e+09 4.97e-04 9.4e-10 2.0e-09 0.907 0.813 0.00
  94 -1.141300224e+09 +1.29559856e+09 4.97e-04 7.8e-10 1.8e-09 0.907 0.813 0.00
  95 -1.141300224e+09 +1.29559856e+09 4.97e-04 6.5e-10 1.6e-09 0.907 0.813 0.00
  96 -1.141300224e+09 +1.29559856e+09 4.97e-04 5.5e-10 1.5e-09 0.907 0.813 0.00
  97 -1.141300224e+09 +1.29559856e+09 4.97e-04 4.6e-10 1.4e-09 0.907 0.813 0.00
  98 -1.141300224e+09 +1.29559856e+09 4.97e-04 3.9e-10 1.2e-09 0.907 0.813 0.00
  99 -1.141300224e+09 +1.29559856e+09 4.97e-04 3.3e-10 1.1e-09 0.907 0.813 0.00
 100 -1.141300224e+09 +1.29559856e+09 4.97e-04 2.8e-10 1.0e-09 0.907 0.813 0.00
 101 -1.141300224e+09 +1.29559856e+09 4.97e-04 2.4e-10 9.2e-10 0.907 0.813 0.00
 102 -1.141300224e+09 +1.29559856e+09 4.97e-04 2.0e-10 8.3e-10 0.907 0.813 0.00
 103 -1.141300224e+09 +1.29559856e+09 4.97e-04 1.7e-10 7.6e-10 0.907 0.813 0.00
 104 -1.141300224e+09 +1.29559856e+09 4.97e-04 1.5e-10 6.9e-10 0.907 0.813 0.00
 105 -1.141300224e+09 +1.29559856e+09 4.97e-04 1.3e-10 6.2e-10 0.907 0.813 0.00
 106 -1.141300224e+09 +1.29559856e+09 4.97e-04 1.1e-10 5.6e-10 0.907 0.813 0.00
 107 -1.141300224e+09 +1.29559856e+09 4.97e-04 9.8e-11 5.1e-10 0.907 0.813 0.00
 108 -1.141300224e+09 +1.29559856e+09 4.97e-04 8.6e-11 4.6e-10 0.907 0.813 0.00
 109 -1.141300224e+09 +1.29559856e+09 4.97e-04 7.5e-11 4.2e-10 0.907 0.813 0.00
 110 -1.141300224e+09 +1.29559856e+09 4.97e-04 6.6e-11 3.8e-10 0.907 0.813 0.00
 111 -1.141300224e+09 +1.29559856e+09 4.97e-04 5.8e-11 3.5e-10 0.907 0.813 0.00
 112 -1.141300224e+09 +1.29559856e+09 4.97e-04 5.1e-11 3.1e-10 0.907 0.813 0.00
 113 -1.141300224e+09 +1.29559856e+09 4.97e-04 4.4e-11 2.9e-10 0.907 0.813 0.00
 114 -1.141300224e+09 +1.29559856e+09 4.97e-04 3.9e-11 2.6e-10 0.907 0.813 0.00
 115 -1.141300224e+09 +1.29559856e+09 4.97e-04 3.5e-11 2.4e-10 0.907 0.813 0.00
 116 -1.141300224e+09 +1.29559856e+09 4.97e-04 3.1e-11 2.1e-10 0.907 0.813 0.00
 117 -1.141300224e+09 +1.29559856e+09 4.97e-04 2.8e-11 1.9e-10 0.907 0.813 0.00
 118 -1.141300224e+09 +1.29559856e+09 4.97e-04 2.5e-11 1.8e-10 0.907 0.813 0.00
 119 -1.141300224e+09 +1.29559856e+09 4.97e-04 2.2e-11 1.6e-10 0.907 0.813 0.00
 120 -1.141300224e+09 +1.29559856e+09 4.97e-04 2.0e-11 1.4e-10 0.907 0.813 0.00
 121 -1.141300224e+09 +1.29559856e+09 4.97e-04 1.8e-11 1.3e-10 0.907 0.813 0.00
 122 -1.141300224e+09 +1.29559856e+09 4.97e-04 1.6e-11 1.2e-10 0.907 0.813 0.00
 123 -1.141300224e+09 +1.29559856e+09 4.97e-04 1.4e-11 1.1e-10 0.907 0.813 0.00
 124 -1.141300224e+09 +1.29559856e+09 4.97e-04 1.3e-11 9.8e-11 0.907 0.813 0.00
 125 -1.141300224e+09 +1.29559856e+09 4.97e-04 1.1e-11 8.9e-11 0.907 0.813 0.00
 126 -1.141300224e+09 +1.29559856e+09 4.97e-04 1.0e-11 8.0e-11 0.907 0.813 0.00
 127 -1.141300224e+09 +1.29559856e+09 4.97e-04 9.1e-12 7.3e-11 0.907 0.813 0.00
 128 -1.141300224e+09 +1.29559856e+09 4.97e-04 8.4e-12 6.6e-11 0.907 0.813 0.00
 129 -1.141300224e+09 +1.29559856e+09 4.97e-04 7.8e-12 6.0e-11 0.907 0.813 0.00
 130 -1.141300224e+09 +1.29559856e+09 4.97e-04 6.8e-12 5.4e-11 0.907 0.813 0.00
 131 -1.141300224e+09 +1.29559856e+09 4.97e-04 6.2e-12 4.9e-11 0.907 0.813 0.00
 132 -1.141300224e+09 +1.29559856e+09 4.97e-04 5.7e-12 4.5e-11 0.907 0.813 0.00
 133 -1.141300224e+09 +1.29559856e+09 4.97e-04 5.0e-12 4.1e-11 0.907 0.813 0.00
 134 -1.141300224e+09 +1.29559856e+09 4.97e-04 4.4e-12 3.7e-11 0.907 0.813 0.00
 135 -1.141300224e+09 +1.29559856e+09 4.97e-04 4.2e-12 3.3e-11 0.907 0.813 0.00
 136 -1.141300224e+09 +1.29559856e+09 4.97e-04 3.9e-12 3.0e-11 0.907 0.813 0.00
 137 -1.141300224e+09 +1.29559856e+09 4.97e-04 3.4e-12 2.8e-11 0.907 0.813 0.00
 138 -1.141300224e+09 +1.29559856e+09 4.97e-04 3.2e-12 2.5e-11 0.907 0.813 0.00
 139 -1.141300224e+09 +1.29559856e+09 4.97e-04 2.8e-12 2.3e-11 0.907 0.813 0.00
 140 -1.141300224e+09 +1.29559856e+09 4.97e-04 2.5e-12 2.1e-11 0.907 0.813 0.00
 141 -1.141300224e+09 +1.29559856e+09 4.97e-04 2.5e-12 1.9e-11 0.907 0.813 0.00
 142 -1.141300224e+09 +1.29559856e+09 4.97e-04 2.1e-12 1.7e-11 0.907 0.813 0.00
 143 -1.141300224e+09 +1.29559856e+09 4.97e-04 2.0e-12 1.5e-11 0.907 0.813 0.00
 144 -1.141300224e+09 +1.29559856e+09 4.97e-04 1.8e-12 1.4e-11 0.907 0.813 0.00
 145 -1.141300224e+09 +1.29559856e+09 4.97e-04 1.6e-12 1.3e-11 0.907 0.813 0.00
 146 -1.141300224e+09 +1.29559856e+09 4.97e-04 1.4e-12 1.1e-11 0.907 0.813 0.00
 147 -1.141300224e+09 +1.29559856e+09 4.97e-04 1.2e-12 1.0e-11 0.907 0.813 0.00
 148 -1.141300224e+09 +1.29559856e+09 4.97e-04 1.1e-12 9.4e-12 0.907 0.813 0.00
 149 -1.141300224e+09 +1.29559856e+09 4.97e-04 1.1e-12 8.5e-12 0.907 0.813 0.00
 150 -1.141300224e+09 +1.29559856e+09 4.97e-04 1.0e-12 7.7e-12 0.907 0.813 0.00
 151 -1.141300224e+09 +1.29559856e+09 4.97e-04 8.5e-13 7.0e-12 0.907 0.813 0.00
 152 -1.141300224e+09 +1.29559856e+09 4.97e-04 8.0e-13 6.4e-12 0.907 0.813 0.00
 153 -1.141300224e+09 +1.29559856e+09 4.97e-04 6.8e-13 5.8e-12 0.907 0.813 0.00
 154 -1.141300224e+09 +1.29559856e+09 4.97e-04 6.2e-13 5.3e-12 0.907 0.813 0.00
 155 -1.141300224e+09 +1.29559856e+09 4.97e-04 5.6e-13 4.8e-12 0.907 0.813 0.00
 156 -1.141300224e+09 +1.29559856e+09 4.97e-04 5.7e-13 4.3e-12 0.907 0.813 0.00
 157 -1.141300224e+09 +1.29559856e+09 4.97e-04 5.7e-13 3.9e-12 0.907 0.813 0.00
 158 -1.141300224e+09 +1.29559856e+09 4.97e-04 4.2e-13 3.6e-12 0.907 0.813 0.00
 159 -1.141300224e+09 +1.29559856e+09 4.97e-04 4.8e-13 3.2e-12 0.907 0.813 0.00
 160 -1.141300224e+09 +1.29559856e+09 4.97e-04 4.0e-13 2.9e-12 0.907 0.813 0.00
 161 -1.141300224e+09 +1.29559856e+09 4.97e-04 4.0e-13 2.7e-12 0.907 0.813 0.00
 162 -1.141300224e+09 +1.29559856e+09 4.97e-04 3.4e-13 2.4e-12 0.907 0.813 0.00
 163 -1.141300224e+09 +1.29559856e+09 4.97e-04 3.1e-13 2.2e-12 0.907 0.813 0.00
 164 -1.141300224e+09 +1.29559856e+09 4.97e-04 4.0e-13 2.0e-12 0.907 0.813 0.00
 165 -1.141300224e+09 +1.29559856e+09 4.97e-04 2.1e-13 1.8e-12 0.907 0.813 0.00
 166 -1.141300224e+09 +1.29559856e+09 4.97e-04 2.0e-13 1.6e-12 0.907 0.813 0.00
 167 -1.141300224e+09 +1.29559856e+09 4.97e-04 2.3e-13 1.5e-12 0.907 0.813 0.00
 168 -1.141300224e+09 +1.29559856e+09 4.97e-04 2.3e-13 1.3e-12 0.907 0.813 0.00
 169 -1.141300224e+09 +1.29559856e+09 4.97e-04 1.4e-13 1.2e-12 0.907 0.813 0.00
 170 -1.141300224e+09 +1.29559856e+09 4.97e-04 1.7e-13 1.1e-12 0.907 0.813 0.00
 171 -1.141300224e+09 +1.29559856e+09 4.97e-04 1.2e-13 1.0e-12 0.907 0.813 0.00
 172 -1.141300224e+09 +1.29559856e+09 4.97e-04 1.1e-13 9.1e-13 0.907 0.813 0.00
 173 -1.141300224e+09 +1.29559856e+09 4.97e-04 1.1e-13 8.2e-13 0.907 0.813 0.00
 174 -1.141300224e+09 +1.29559856e+09 4.97e-04 1.1e-13 7.5e-13 0.907 0.813 0.00
 175 -1.141300224e+09 +1.29559856e+09 4.97e-04 8.5e-14 6.8e-13 0.907 0.813 0.00
 176 -1.141300224e+09 +1.29559856e+09 4.97e-04 8.5e-14 6.2e-13 0.907 0.813 0.00
 177 -1.141300224e+09 +1.29559856e+09 4.97e-04 8.5e-14 5.6e-13 0.907 0.813 0.00
 178 -1.141300224e+09 +1.29559856e+09 4.97e-04 8.5e-14 5.1e-13 0.907 0.813 0.00
 179 -1.141300224e+09 +1.29559856e+09 4.97e-04 7.1e-14 4.6e-13 0.907 0.813 0.00
 180 -1.141300224e+09 +1.29559856e+09 4.97e-04 8.5e-14 4.2e-13 0.907 0.813 0.00
 181 -1.141300224e+09 +1.29559856e+09 4.97e-04 5.7e-14 3.8e-13 0.907 0.813 0.00
 182 -1.141300224e+09 +1.29559856e+09 4.97e-04 8.5e-14 3.4e-13 0.907 0.813 0.00
 183 -1.141300224e+09 +1.29559856e+09 4.97e-04 8.5e-14 3.1e-13 0.907 0.813 0.00
 184 -1.141300224e+09 +1.29559856e+09 4.97e-04 1.1e-13 2.8e-13 0.907 0.813 0.00
 185 -1.141300224e+09 +1.29559856e+09 4.97e-04 5.7e-14 2.6e-13 0.907 0.813 0.00
 186 -1.141300224e+09 +1.29559856e+09 4.97e-04 5.7e-14 2.3e-13 0.907 0.813 0.00
 187 -1.141300224e+09 +1.29559856e+09 4.97e-04 8.5e-14 2.1e-13 0.907 0.813 0.00
 188 -1.141300224e+09 +1.29559856e+09 4.97e-04 8.5e-14 1.9e-13 0.907 0.813 0.00
 189 -1.141300224e+09 +1.29559856e+09 4.97e-04 8.5e-14 1.7e-13 0.907 0.813 0.00
 190 -1.141300224e+09 +1.29559856e+09 4.97e-04 2.8e-14 1.6e-13 0.907 0.813 0.00
 191 -1.141300224e+09 +1.29559856e+09 4.97e-04 2.8e-14 1.4e-13 0.907 0.813 0.00
 192 -1.141300224e+09 +1.29559856e+09 4.97e-04 5.7e-14 1.3e-13 0.907 0.813 0.00
 193 -1.141300224e+09 +1.29559856e+09 4.97e-04 1.1e-13 1.2e-13 0.907 0.813 0.00
 194 -1.141300224e+09 +1.29559856e+09 4.97e-04 5.7e-14 1.1e-13 0.907 0.813 0.00
 195 -1.141300224e+09 +1.29559856e+09 4.97e-04 4.3e-14 9.8e-14 0.907 0.813 0.00
 196 -1.141300224e+09 +1.29559856e+09 4.97e-04 4.3e-14 8.7e-14 0.907 0.813 0.00
 197 -1.141300224e+09 +1.29559856e+09 4.97e-04 5.7e-14 7.9e-14 0.907 0.813 0.00
 198 -1.141300224e+09 +1.29559856e+09 4.97e-04 5.7e-14 7.2e-14 0.907 0.813 0.00
 199 -1.141300224e+09 +1.29559856e+09 4.97e-04 4.3e-14 6.7e-14 0.907 0.813 0.00
 200 -1.141300224e+09 +1.29559856e+09 4.97e-04 5.7e-14 5.6e-14 0.907 0.813 0.00
> saveRDS(fit, file=paste0("../data/cellranger-data-full/topics",clustnum,".log.indv-cell.int19k.reg-",data.source,".rds"))
> 
> proc.time()
     user    system   elapsed 
107815.16  15235.76  77902.64 
