
R version 3.6.1 (2019-07-05) -- "Action of the Toes"
Copyright (C) 2019 The R Foundation for Statistical Computing
Platform: x86_64-pc-linux-gnu (64-bit)

R is free software and comes with ABSOLUTELY NO WARRANTY.
You are welcome to redistribute it under certain conditions.
Type 'license()' or 'licence()' for distribution details.

R is a collaborative project with many contributors.
Type 'contributors()' for more information and
'citation()' on how to cite R or R packages in publications.

Type 'demo()' for some demos, 'help()' for on-line help, or
'help.start()' for an HTML browser interface to help.
Type 'q()' to quit R.

> #Read in command line arguments as list of character vectors
> args=(commandArgs(TRUE))
> 
> #Check if arguments are passed and cycle through to evaluate each element
> if(length(args)==0){
+   print("No arguments supplied.")
+   #supply default values
+   clustnum=3
+   data.source="tot"
+ }else{
+   for(i in 1:length(args)){
+     eval(parse(text=args[[i]]))
+   }
+ }
> print(paste0("k: ",clustnum))
[1] "k: 15"
> print(paste0("data source: ",data.source))
[1] "data source: tot"
> 
> #Load libraries
> library(Seurat)
> library(CountClust)
Loading required package: ggplot2
> library(classtpx)
Loading required package: slam
> library(fastTopics)
> 
> 
> #Run analyses for human data
> print("Loading human data")
[1] "Loading human data"
> 
> #Load data
> scrna <- paste0("../data/cellranger-data-full/data.filter.log.indv-cell.int19k.reg-",data.source,".rds")
> data <- readRDS(scrna)
> data <- subset(data, subset=Species=="Human")
> 
> #Prepare data (unintegrated count data)
> counts <- as.matrix(data@assays$RNA@counts) #do not use integrated data
> counts <- counts[rowSums(counts>0)>0,]      #remove genes with 0 counts across cells
> counts <- t(as.matrix(counts))              #fix matrix orientation (barcodes x features)
> 
> #Batch correct counts - don't correct for species
> labelBatch1 <- as.factor(paste0(data@meta.data$Pair,data@meta.data$Replicate)[which(rownames(data@meta.data) %in% rownames(counts))])
> countsBC1 <- BatchCorrectedCounts(counts, labelBatch1, use_parallel=FALSE)
> rm(data,counts)
> 
> #Fit fastTopics model and save data
> fit <- fit_poisson_nmf(countsBC1, k=clustnum, numiter=100)
Using 4 RcppParallel threads.
Initializing factors using Topic SCORE algorithm.
Initializing loadings by running 10 SCD updates.
Using 4 RcppParallel threads.
Fitting rank-15 Poisson NMF to 47972 x 18142 dense matrix.
Running 100 SCD updates, without extrapolation (fastTopics 0.3-185).
iter   log-likelihood        deviance res(KKT)  |F-F'|  |L-L'| nz(F) nz(L) beta
   1 -5.094887962e+08 +5.33726933e+08 4.02e+04 1.1e+02 3.1e+00 0.615 0.567 0.00
   2 -4.989958735e+08 +5.12741087e+08 4.97e+04 1.2e+02 5.2e+00 0.602 0.655 0.00
   3 -4.957518871e+08 +5.06253115e+08 3.74e+04 5.7e+01 2.9e+00 0.609 0.652 0.00
   4 -4.941813059e+08 +5.03111952e+08 3.48e+04 5.7e+01 2.1e+00 0.614 0.655 0.00
   5 -4.932655731e+08 +5.01280487e+08 3.15e+04 5.5e+01 1.3e+00 0.618 0.657 0.00
   6 -4.927132550e+08 +5.00175850e+08 2.13e+04 4.9e+01 7.9e-01 0.620 0.658 0.00
   7 -4.923412184e+08 +4.99431777e+08 8.12e+03 3.8e+01 4.6e-01 0.621 0.659 0.00
   8 -4.920612295e+08 +4.98871799e+08 1.88e+03 2.8e+01 4.5e-01 0.622 0.660 0.00
   9 -4.918293999e+08 +4.98408140e+08 2.90e+03 2.0e+01 3.8e-01 0.623 0.659 0.00
  10 -4.916206086e+08 +4.97990558e+08 3.26e+03 1.5e+01 3.5e-01 0.623 0.659 0.00
  11 -4.914252595e+08 +4.97599859e+08 3.72e+03 1.6e+01 3.8e-01 0.624 0.659 0.00
  12 -4.912387022e+08 +4.97226745e+08 1.95e+03 1.6e+01 4.3e-01 0.626 0.659 0.00
  13 -4.910538872e+08 +4.96857115e+08 2.48e+03 1.5e+01 5.0e-01 0.627 0.660 0.00
  14 -4.908659477e+08 +4.96481236e+08 2.72e+03 1.5e+01 4.9e-01 0.629 0.662 0.00
  15 -4.906785444e+08 +4.96106429e+08 2.87e+03 1.4e+01 4.4e-01 0.630 0.664 0.00
  16 -4.905011107e+08 +4.95751562e+08 3.03e+03 1.3e+01 4.2e-01 0.632 0.665 0.00
  17 -4.903433100e+08 +4.95435960e+08 2.97e+03 1.1e+01 4.5e-01 0.633 0.666 0.00
  18 -4.902109944e+08 +4.95171329e+08 2.63e+03 1.0e+01 4.5e-01 0.635 0.667 0.00
  19 -4.901044279e+08 +4.94958196e+08 2.08e+03 8.9e+00 4.3e-01 0.635 0.668 0.00
  20 -4.900204296e+08 +4.94790200e+08 1.63e+03 7.7e+00 4.0e-01 0.636 0.669 0.00
  21 -4.899544368e+08 +4.94658214e+08 1.59e+03 6.3e+00 3.5e-01 0.637 0.669 0.00
  22 -4.899013788e+08 +4.94552098e+08 3.10e+03 4.5e+00 3.0e-01 0.638 0.670 0.00
  23 -4.898558857e+08 +4.94461112e+08 3.34e+03 4.1e+00 2.6e-01 0.638 0.670 0.00
  24 -4.898147613e+08 +4.94378863e+08 3.35e+03 3.9e+00 3.5e-01 0.638 0.670 0.00
  25 -4.897793195e+08 +4.94307979e+08 3.24e+03 3.7e+00 2.9e-01 0.638 0.670 0.00
  26 -4.897488930e+08 +4.94247126e+08 3.08e+03 3.5e+00 1.8e-01 0.639 0.670 0.00
  27 -4.897224026e+08 +4.94194146e+08 2.86e+03 3.3e+00 1.6e-01 0.639 0.671 0.00
  28 -4.896992469e+08 +4.94147834e+08 2.45e+03 3.0e+00 1.4e-01 0.639 0.671 0.00
  29 -4.896789082e+08 +4.94107157e+08 1.55e+03 2.7e+00 1.3e-01 0.639 0.671 0.00
  30 -4.896610007e+08 +4.94071342e+08 1.31e+03 2.5e+00 1.2e-01 0.639 0.671 0.00
  31 -4.896451352e+08 +4.94039611e+08 8.71e+02 2.4e+00 1.1e-01 0.640 0.671 0.00
  32 -4.896311935e+08 +4.94011727e+08 9.11e+02 2.3e+00 1.0e-01 0.640 0.671 0.00
  33 -4.896188361e+08 +4.93987013e+08 9.26e+02 2.2e+00 9.7e-02 0.640 0.671 0.00
  34 -4.896077538e+08 +4.93964848e+08 1.00e+03 2.0e+00 1.4e-01 0.640 0.671 0.00
  35 -4.895977458e+08 +4.93944832e+08 1.07e+03 1.9e+00 1.7e-01 0.641 0.671 0.00
  36 -4.895887094e+08 +4.93926759e+08 1.11e+03 1.8e+00 1.8e-01 0.641 0.671 0.00
  37 -4.895805981e+08 +4.93910537e+08 1.14e+03 1.7e+00 1.4e-01 0.641 0.671 0.00
  38 -4.895733951e+08 +4.93896131e+08 1.19e+03 1.6e+00 9.0e-02 0.641 0.670 0.00
  39 -4.895669886e+08 +4.93883318e+08 1.22e+03 1.5e+00 6.9e-02 0.641 0.670 0.00
  40 -4.895612617e+08 +4.93871864e+08 1.23e+03 1.4e+00 6.5e-02 0.642 0.670 0.00
  41 -4.895561114e+08 +4.93861563e+08 1.23e+03 1.3e+00 6.1e-02 0.642 0.670 0.00
  42 -4.895514594e+08 +4.93852259e+08 1.21e+03 1.2e+00 5.8e-02 0.642 0.670 0.00
  43 -4.895472375e+08 +4.93843815e+08 1.19e+03 1.2e+00 5.5e-02 0.642 0.670 0.00
  44 -4.895433872e+08 +4.93836115e+08 1.17e+03 1.1e+00 5.2e-02 0.642 0.670 0.00
  45 -4.895398575e+08 +4.93829055e+08 1.17e+03 9.8e-01 5.0e-02 0.643 0.670 0.00
  46 -4.895366131e+08 +4.93822567e+08 1.20e+03 8.9e-01 4.7e-02 0.643 0.670 0.00
  47 -4.895336185e+08 +4.93816577e+08 1.24e+03 9.3e-01 4.5e-02 0.643 0.670 0.00
  48 -4.895308446e+08 +4.93811029e+08 1.26e+03 9.7e-01 4.3e-02 0.643 0.670 0.00
  49 -4.895282685e+08 +4.93805877e+08 1.27e+03 9.9e-01 4.1e-02 0.643 0.670 0.00
  50 -4.895258716e+08 +4.93801084e+08 1.27e+03 9.9e-01 3.9e-02 0.643 0.670 0.00
  51 -4.895236376e+08 +4.93796615e+08 1.25e+03 9.9e-01 3.7e-02 0.643 0.670 0.00
  52 -4.895215505e+08 +4.93792441e+08 1.23e+03 9.7e-01 3.6e-02 0.643 0.670 0.00
  53 -4.895196033e+08 +4.93788547e+08 1.20e+03 9.5e-01 3.4e-02 0.643 0.669 0.00
  54 -4.895177963e+08 +4.93784933e+08 1.15e+03 9.1e-01 3.2e-02 0.643 0.669 0.00
  55 -4.895161162e+08 +4.93781573e+08 1.10e+03 8.6e-01 2.9e-02 0.644 0.669 0.00
  56 -4.895145522e+08 +4.93778445e+08 1.05e+03 8.1e-01 2.7e-02 0.644 0.669 0.00
  57 -4.895130966e+08 +4.93775534e+08 9.88e+02 7.7e-01 2.5e-02 0.644 0.669 0.00
  58 -4.895117419e+08 +4.93772824e+08 9.24e+02 7.2e-01 2.4e-02 0.644 0.669 0.00
  59 -4.895104811e+08 +4.93770303e+08 8.59e+02 6.8e-01 2.4e-02 0.644 0.669 0.00
  60 -4.895093076e+08 +4.93767956e+08 7.92e+02 6.3e-01 2.3e-02 0.644 0.669 0.00
  61 -4.895082142e+08 +4.93765769e+08 7.27e+02 5.8e-01 2.2e-02 0.644 0.669 0.00
  62 -4.895071941e+08 +4.93763729e+08 6.64e+02 5.3e-01 2.2e-02 0.644 0.669 0.00
  63 -4.895062414e+08 +4.93761823e+08 6.04e+02 4.8e-01 2.1e-02 0.644 0.669 0.00
  64 -4.895053474e+08 +4.93760035e+08 5.68e+02 4.5e-01 2.1e-02 0.644 0.669 0.00
  65 -4.895045054e+08 +4.93758351e+08 5.54e+02 4.5e-01 2.1e-02 0.644 0.669 0.00
  66 -4.895037103e+08 +4.93756761e+08 5.44e+02 4.4e-01 2.0e-02 0.644 0.669 0.00
  67 -4.895029590e+08 +4.93755258e+08 5.31e+02 4.3e-01 2.0e-02 0.644 0.669 0.00
  68 -4.895022484e+08 +4.93753837e+08 5.16e+02 4.2e-01 2.0e-02 0.644 0.669 0.00
  69 -4.895015742e+08 +4.93752489e+08 5.14e+02 4.3e-01 1.9e-02 0.644 0.668 0.00
  70 -4.895009332e+08 +4.93751207e+08 5.21e+02 4.4e-01 1.9e-02 0.644 0.668 0.00
  71 -4.895003231e+08 +4.93749987e+08 5.30e+02 4.6e-01 1.8e-02 0.644 0.668 0.00
  72 -4.894997417e+08 +4.93748824e+08 5.39e+02 4.8e-01 1.8e-02 0.644 0.668 0.00
  73 -4.894991869e+08 +4.93747714e+08 5.48e+02 4.9e-01 1.8e-02 0.644 0.668 0.00
  74 -4.894986570e+08 +4.93746654e+08 5.55e+02 5.1e-01 1.7e-02 0.644 0.668 0.00
  75 -4.894981501e+08 +4.93745641e+08 5.61e+02 5.2e-01 1.7e-02 0.644 0.668 0.00
  76 -4.894976649e+08 +4.93744670e+08 5.65e+02 5.3e-01 1.7e-02 0.644 0.668 0.00
  77 -4.894972003e+08 +4.93743741e+08 5.68e+02 5.4e-01 1.6e-02 0.644 0.668 0.00
  78 -4.894967552e+08 +4.93742851e+08 5.69e+02 5.5e-01 1.6e-02 0.644 0.668 0.00
  79 -4.894963284e+08 +4.93741997e+08 5.69e+02 5.6e-01 1.6e-02 0.645 0.668 0.00
  80 -4.894959186e+08 +4.93741178e+08 5.67e+02 5.6e-01 1.5e-02 0.645 0.668 0.00
  81 -4.894955242e+08 +4.93740389e+08 5.66e+02 5.7e-01 1.5e-02 0.645 0.668 0.00
  82 -4.894951445e+08 +4.93739629e+08 5.64e+02 5.7e-01 1.5e-02 0.645 0.668 0.00
  83 -4.894947788e+08 +4.93738898e+08 5.61e+02 5.8e-01 1.5e-02 0.645 0.668 0.00
  84 -4.894944260e+08 +4.93738192e+08 5.59e+02 5.8e-01 1.4e-02 0.645 0.668 0.00
  85 -4.894940853e+08 +4.93737511e+08 5.56e+02 5.9e-01 1.4e-02 0.645 0.668 0.00
  86 -4.894937558e+08 +4.93736852e+08 5.52e+02 5.9e-01 1.4e-02 0.645 0.668 0.00
  87 -4.894934371e+08 +4.93736215e+08 5.48e+02 5.9e-01 1.4e-02 0.645 0.668 0.00
  88 -4.894931286e+08 +4.93735598e+08 5.43e+02 6.0e-01 1.3e-02 0.645 0.668 0.00
  89 -4.894928298e+08 +4.93735000e+08 5.38e+02 6.0e-01 1.3e-02 0.645 0.667 0.00
  90 -4.894925404e+08 +4.93734421e+08 5.33e+02 6.0e-01 1.3e-02 0.645 0.667 0.00
  91 -4.894922598e+08 +4.93733860e+08 5.28e+02 6.0e-01 1.3e-02 0.645 0.667 0.00
  92 -4.894919875e+08 +4.93733315e+08 5.22e+02 6.0e-01 1.2e-02 0.645 0.667 0.00
  93 -4.894917228e+08 +4.93732786e+08 5.17e+02 6.0e-01 1.2e-02 0.645 0.667 0.00
  94 -4.894914656e+08 +4.93732272e+08 5.11e+02 6.0e-01 1.2e-02 0.645 0.667 0.00
  95 -4.894912153e+08 +4.93731771e+08 5.05e+02 6.0e-01 1.2e-02 0.645 0.667 0.00
  96 -4.894909721e+08 +4.93731285e+08 4.99e+02 6.0e-01 1.1e-02 0.645 0.667 0.00
  97 -4.894907358e+08 +4.93730812e+08 4.91e+02 5.9e-01 1.1e-02 0.645 0.667 0.00
  98 -4.894905060e+08 +4.93730352e+08 4.83e+02 5.9e-01 1.1e-02 0.645 0.667 0.00
  99 -4.894902826e+08 +4.93729906e+08 4.75e+02 5.8e-01 1.1e-02 0.645 0.667 0.00
 100 -4.894900656e+08 +4.93729472e+08 4.67e+02 5.8e-01 1.0e-02 0.645 0.667 0.00
Warning message:
Quick-TRANSfer stage steps exceeded maximum (= 907100) 
> saveRDS(fit, file=paste0("../data/gom-data/topics",clustnum,".human.log.indv-cell.int19k.reg-",data.source,".bc1.rds"))
> 
> 
> #Run analyses for chimp data
> print("Loading chimp data")
[1] "Loading chimp data"
> 
> #Load data
> scrna <- paste0("../data/cellranger-data-full/data.filter.log.indv-cell.int19k.reg-",data.source,".rds")
> data <- readRDS(scrna)
> data <- subset(data, subset=Species=="Chimp")
> 
> #Prepare data (unintegrated count data)
> counts <- as.matrix(data@assays$RNA@counts) #do not use integrated data
> counts <- counts[rowSums(counts>0)>0,]      #remove genes with 0 counts across cells
> counts <- t(as.matrix(counts))              #fix matrix orientation (barcodes x features)
> 
> #Batch correct counts - don't correct for species
> labelBatch1 <- as.factor(paste0(data@meta.data$Pair,data@meta.data$Replicate)[which(rownames(data@meta.data) %in% rownames(counts))])
> countsBC1 <- BatchCorrectedCounts(counts, labelBatch1, use_parallel=FALSE)
> rm(data,counts)
> 
> #Fit fastTopics model and save data
> fit <- fit_poisson_nmf(countsBC1, k=clustnum, numiter=100)
Using 4 RcppParallel threads.
Initializing factors using Topic SCORE algorithm.
Initializing loadings by running 10 SCD updates.
Using 4 RcppParallel threads.
Fitting rank-15 Poisson NMF to 53562 x 18072 dense matrix.
Running 100 SCD updates, without extrapolation (fastTopics 0.3-185).
iter   log-likelihood        deviance res(KKT)  |F-F'|  |L-L'| nz(F) nz(L) beta
   1 -5.267203057e+08 +5.54105637e+08 2.97e+04 1.1e+02 4.5e+00 0.639 0.452 0.00
   2 -5.169469302e+08 +5.34558886e+08 1.21e+04 4.1e+01 5.9e+00 0.632 0.608 0.00
   3 -5.140910794e+08 +5.28847184e+08 1.37e+04 2.9e+01 2.6e+00 0.644 0.569 0.00
   4 -5.127947737e+08 +5.26254573e+08 1.27e+04 3.2e+01 1.2e+00 0.654 0.571 0.00
   5 -5.120609974e+08 +5.24787020e+08 9.98e+03 2.5e+01 1.1e+00 0.659 0.570 0.00
   6 -5.115805417e+08 +5.23826109e+08 7.03e+03 1.5e+01 7.8e-01 0.664 0.569 0.00
   7 -5.112466504e+08 +5.23158326e+08 5.09e+03 1.3e+01 6.5e-01 0.667 0.567 0.00
   8 -5.110049785e+08 +5.22674982e+08 4.62e+03 1.4e+01 5.6e-01 0.670 0.565 0.00
   9 -5.108222350e+08 +5.22309495e+08 4.49e+03 1.3e+01 4.8e-01 0.672 0.563 0.00
  10 -5.106814660e+08 +5.22027957e+08 4.94e+03 1.0e+01 3.6e-01 0.673 0.562 0.00
  11 -5.105719637e+08 +5.21808953e+08 5.69e+03 7.9e+00 3.0e-01 0.675 0.561 0.00
  12 -5.104866274e+08 +5.21638280e+08 6.30e+03 6.5e+00 2.4e-01 0.676 0.561 0.00
  13 -5.104200241e+08 +5.21505074e+08 6.53e+03 5.2e+00 2.1e-01 0.677 0.561 0.00
  14 -5.103680794e+08 +5.21401184e+08 6.44e+03 4.6e+00 1.8e-01 0.677 0.561 0.00
  15 -5.103273358e+08 +5.21319697e+08 6.01e+03 4.2e+00 1.8e-01 0.678 0.561 0.00
  16 -5.102950488e+08 +5.21255123e+08 5.37e+03 4.3e+00 1.9e-01 0.678 0.562 0.00
  17 -5.102691863e+08 +5.21203398e+08 4.64e+03 4.2e+00 1.7e-01 0.678 0.562 0.00
  18 -5.102481239e+08 +5.21161273e+08 3.56e+03 4.1e+00 1.7e-01 0.678 0.563 0.00
  19 -5.102306373e+08 +5.21126300e+08 2.80e+03 3.9e+00 1.6e-01 0.678 0.563 0.00
  20 -5.102156944e+08 +5.21096414e+08 2.29e+03 4.1e+00 1.7e-01 0.678 0.563 0.00
  21 -5.102025776e+08 +5.21070181e+08 1.87e+03 4.3e+00 1.7e-01 0.678 0.564 0.00
  22 -5.101907724e+08 +5.21046570e+08 1.62e+03 4.6e+00 1.6e-01 0.678 0.564 0.00
  23 -5.101799145e+08 +5.21024854e+08 1.35e+03 4.8e+00 1.7e-01 0.678 0.564 0.00
  24 -5.101697054e+08 +5.21004436e+08 1.10e+03 5.1e+00 1.6e-01 0.678 0.564 0.00
  25 -5.101598955e+08 +5.20984816e+08 9.10e+02 5.4e+00 1.6e-01 0.678 0.564 0.00
  26 -5.101502944e+08 +5.20965614e+08 7.39e+02 5.6e+00 1.6e-01 0.678 0.564 0.00
  27 -5.101407767e+08 +5.20946579e+08 5.86e+02 5.9e+00 1.6e-01 0.678 0.563 0.00
  28 -5.101312326e+08 +5.20927491e+08 4.57e+02 6.2e+00 1.6e-01 0.678 0.563 0.00
  29 -5.101215488e+08 +5.20908123e+08 3.85e+02 6.5e+00 1.5e-01 0.678 0.563 0.00
  30 -5.101116397e+08 +5.20888305e+08 3.99e+02 6.8e+00 1.5e-01 0.678 0.563 0.00
  31 -5.101014527e+08 +5.20867931e+08 4.29e+02 7.1e+00 1.5e-01 0.678 0.563 0.00
  32 -5.100909421e+08 +5.20846910e+08 4.50e+02 7.3e+00 1.5e-01 0.678 0.562 0.00
  33 -5.100800922e+08 +5.20825210e+08 2.91e+02 7.4e+00 1.5e-01 0.679 0.562 0.00
  34 -5.100688978e+08 +5.20802821e+08 3.13e+02 7.2e+00 1.6e-01 0.679 0.562 0.00
  35 -5.100573433e+08 +5.20779712e+08 3.39e+02 7.3e+00 1.7e-01 0.679 0.561 0.00
  36 -5.100453734e+08 +5.20755772e+08 3.62e+02 7.3e+00 1.7e-01 0.679 0.561 0.00
  37 -5.100329804e+08 +5.20730986e+08 3.79e+02 7.2e+00 1.8e-01 0.679 0.561 0.00
  38 -5.100201742e+08 +5.20705374e+08 3.94e+02 7.1e+00 1.8e-01 0.679 0.560 0.00
  39 -5.100070394e+08 +5.20679104e+08 4.02e+02 6.9e+00 1.9e-01 0.679 0.560 0.00
  40 -5.099936783e+08 +5.20652382e+08 4.03e+02 6.6e+00 1.8e-01 0.679 0.560 0.00
  41 -5.099802329e+08 +5.20625491e+08 3.98e+02 6.1e+00 1.8e-01 0.679 0.559 0.00
  42 -5.099668603e+08 +5.20598746e+08 3.87e+02 5.6e+00 1.8e-01 0.679 0.559 0.00
  43 -5.099536704e+08 +5.20572366e+08 3.84e+02 5.3e+00 1.9e-01 0.679 0.559 0.00
  44 -5.099407671e+08 +5.20546560e+08 3.82e+02 5.0e+00 2.2e-01 0.679 0.559 0.00
  45 -5.099282322e+08 +5.20521490e+08 3.79e+02 4.6e+00 2.3e-01 0.679 0.558 0.00
  46 -5.099161059e+08 +5.20497237e+08 3.90e+02 4.2e+00 2.3e-01 0.679 0.558 0.00
  47 -5.099044342e+08 +5.20473894e+08 4.01e+02 3.8e+00 2.2e-01 0.679 0.558 0.00
  48 -5.098932361e+08 +5.20451498e+08 3.95e+02 3.5e+00 2.0e-01 0.679 0.558 0.00
  49 -5.098825155e+08 +5.20430056e+08 3.89e+02 3.3e+00 1.6e-01 0.679 0.558 0.00
  50 -5.098722696e+08 +5.20409565e+08 3.95e+02 3.1e+00 1.4e-01 0.679 0.558 0.00
  51 -5.098625113e+08 +5.20390048e+08 3.97e+02 3.0e+00 1.3e-01 0.679 0.558 0.00
  52 -5.098532456e+08 +5.20371517e+08 3.96e+02 2.8e+00 1.3e-01 0.679 0.558 0.00
  53 -5.098444615e+08 +5.20353948e+08 3.91e+02 2.7e+00 1.3e-01 0.679 0.558 0.00
  54 -5.098361314e+08 +5.20337288e+08 3.85e+02 2.7e+00 1.2e-01 0.679 0.558 0.00
  55 -5.098282298e+08 +5.20321485e+08 3.77e+02 2.6e+00 1.2e-01 0.679 0.558 0.00
  56 -5.098207283e+08 +5.20306482e+08 3.64e+02 2.6e+00 1.2e-01 0.679 0.558 0.00
  57 -5.098135970e+08 +5.20292219e+08 3.52e+02 2.5e+00 1.2e-01 0.679 0.558 0.00
  58 -5.098068469e+08 +5.20278719e+08 3.42e+02 2.5e+00 1.2e-01 0.679 0.558 0.00
  59 -5.098005045e+08 +5.20266034e+08 3.34e+02 2.5e+00 1.2e-01 0.679 0.559 0.00
  60 -5.097945275e+08 +5.20254080e+08 3.26e+02 2.5e+00 1.2e-01 0.679 0.559 0.00
  61 -5.097888771e+08 +5.20242780e+08 3.18e+02 2.5e+00 1.3e-01 0.679 0.559 0.00
  62 -5.097835517e+08 +5.20232129e+08 3.10e+02 2.5e+00 1.3e-01 0.679 0.559 0.00
  63 -5.097785207e+08 +5.20222067e+08 3.01e+02 2.5e+00 1.2e-01 0.679 0.560 0.00
  64 -5.097737395e+08 +5.20212504e+08 2.90e+02 2.5e+00 1.2e-01 0.679 0.560 0.00
  65 -5.097691632e+08 +5.20203352e+08 2.80e+02 2.4e+00 1.2e-01 0.679 0.560 0.00
  66 -5.097647617e+08 +5.20194549e+08 2.70e+02 2.5e+00 1.1e-01 0.679 0.560 0.00
  67 -5.097605166e+08 +5.20186059e+08 2.61e+02 2.5e+00 1.1e-01 0.679 0.561 0.00
  68 -5.097564106e+08 +5.20177847e+08 2.52e+02 2.6e+00 1.1e-01 0.679 0.561 0.00
  69 -5.097524268e+08 +5.20169879e+08 2.45e+02 2.6e+00 1.0e-01 0.679 0.561 0.00
  70 -5.097485632e+08 +5.20162152e+08 2.39e+02 2.6e+00 1.0e-01 0.679 0.562 0.00
  71 -5.097448179e+08 +5.20154661e+08 2.33e+02 2.6e+00 9.7e-02 0.678 0.562 0.00
  72 -5.097411847e+08 +5.20147395e+08 2.28e+02 2.6e+00 9.3e-02 0.678 0.562 0.00
  73 -5.097376532e+08 +5.20140332e+08 2.24e+02 2.6e+00 8.9e-02 0.678 0.563 0.00
  74 -5.097342398e+08 +5.20133505e+08 2.18e+02 2.6e+00 8.5e-02 0.678 0.563 0.00
  75 -5.097309425e+08 +5.20126910e+08 2.23e+02 2.6e+00 8.1e-02 0.678 0.563 0.00
  76 -5.097277546e+08 +5.20120535e+08 2.26e+02 2.6e+00 7.7e-02 0.678 0.564 0.00
  77 -5.097246554e+08 +5.20114336e+08 2.28e+02 2.6e+00 7.6e-02 0.678 0.564 0.00
  78 -5.097216351e+08 +5.20108296e+08 2.29e+02 2.6e+00 7.2e-02 0.677 0.564 0.00
  79 -5.097186962e+08 +5.20102418e+08 2.31e+02 2.6e+00 6.8e-02 0.677 0.564 0.00
  80 -5.097158340e+08 +5.20096693e+08 2.31e+02 2.6e+00 6.6e-02 0.677 0.565 0.00
  81 -5.097130452e+08 +5.20091116e+08 2.32e+02 2.6e+00 6.4e-02 0.677 0.565 0.00
  82 -5.097103291e+08 +5.20085684e+08 2.32e+02 2.5e+00 6.1e-02 0.677 0.565 0.00
  83 -5.097076891e+08 +5.20080404e+08 2.31e+02 2.5e+00 5.9e-02 0.677 0.566 0.00
  84 -5.097051320e+08 +5.20075289e+08 2.30e+02 2.5e+00 5.6e-02 0.677 0.566 0.00
  85 -5.097026645e+08 +5.20070354e+08 2.27e+02 2.5e+00 5.4e-02 0.677 0.566 0.00
  86 -5.097002875e+08 +5.20065600e+08 2.23e+02 2.4e+00 5.1e-02 0.676 0.566 0.00
  87 -5.096980132e+08 +5.20061052e+08 2.18e+02 2.4e+00 4.9e-02 0.676 0.567 0.00
  88 -5.096958523e+08 +5.20056730e+08 2.13e+02 2.3e+00 4.7e-02 0.676 0.567 0.00
  89 -5.096938119e+08 +5.20052649e+08 2.07e+02 2.2e+00 4.4e-02 0.676 0.567 0.00
  90 -5.096918917e+08 +5.20048809e+08 2.01e+02 2.2e+00 4.2e-02 0.676 0.567 0.00
  91 -5.096900901e+08 +5.20045206e+08 1.95e+02 2.1e+00 3.9e-02 0.676 0.568 0.00
  92 -5.096884020e+08 +5.20041829e+08 1.88e+02 2.0e+00 3.7e-02 0.676 0.568 0.00
  93 -5.096868197e+08 +5.20038665e+08 1.81e+02 1.9e+00 3.6e-02 0.676 0.568 0.00
  94 -5.096853397e+08 +5.20035705e+08 1.75e+02 1.8e+00 3.4e-02 0.676 0.568 0.00
  95 -5.096839590e+08 +5.20032943e+08 1.68e+02 1.8e+00 3.3e-02 0.676 0.568 0.00
  96 -5.096826739e+08 +5.20030373e+08 1.61e+02 1.7e+00 3.2e-02 0.676 0.568 0.00
  97 -5.096814828e+08 +5.20027991e+08 1.55e+02 1.6e+00 3.1e-02 0.675 0.569 0.00
  98 -5.096803816e+08 +5.20025789e+08 1.49e+02 1.5e+00 3.0e-02 0.675 0.569 0.00
  99 -5.096793644e+08 +5.20023754e+08 1.43e+02 1.5e+00 2.9e-02 0.675 0.569 0.00
 100 -5.096784265e+08 +5.20021878e+08 1.37e+02 1.4e+00 2.7e-02 0.675 0.569 0.00
> saveRDS(fit, file=paste0("../data/gom-data/topics",clustnum,".chimp.log.indv-cell.int19k.reg-",data.source,".bc1.rds"))
> 
> proc.time()
     user    system   elapsed 
197676.26   9595.20  77179.18 
