
R version 3.6.1 (2019-07-05) -- "Action of the Toes"
Copyright (C) 2019 The R Foundation for Statistical Computing
Platform: x86_64-pc-linux-gnu (64-bit)

R is free software and comes with ABSOLUTELY NO WARRANTY.
You are welcome to redistribute it under certain conditions.
Type 'license()' or 'licence()' for distribution details.

R is a collaborative project with many contributors.
Type 'contributors()' for more information and
'citation()' on how to cite R or R packages in publications.

Type 'demo()' for some demos, 'help()' for on-line help, or
'help.start()' for an HTML browser interface to help.
Type 'q()' to quit R.

> #Read in command line arguments as list of character vectors
> args=(commandArgs(TRUE))
> 
> #Check if arguments are passed and cycle through to evaluate each element
> if(length(args)==0){
+   print("No arguments supplied.")
+   #supply default values
+   clustnum=3
+   data.source="tot"
+ }else{
+   for(i in 1:length(args)){
+     eval(parse(text=args[[i]]))
+   }
+ }
> print(paste0("k: ",clustnum))
[1] "k: 30"
> print(paste0("data source: ",data.source))
[1] "data source: tot"
> 
> #Load libraries
> library(Seurat)
> library(CountClust)
Loading required package: ggplot2
> library(classtpx)
Loading required package: slam
> library(fastTopics)
> 
> 
> #Run analyses for human data
> print("Loading human data")
[1] "Loading human data"
> 
> #Load data
> scrna <- paste0("../data/cellranger-data-full/data.filter.log.indv-cell.int19k.reg-",data.source,".rds")
> data <- readRDS(scrna)
> data <- subset(data, subset=Species=="Human")
> 
> #Prepare data (unintegrated count data)
> counts <- as.matrix(data@assays$RNA@counts) #do not use integrated data
> counts <- counts[rowSums(counts>0)>0,]      #remove genes with 0 counts across cells
> counts <- t(as.matrix(counts))              #fix matrix orientation (barcodes x features)
> rm(data)
> 
> #Fit fastTopics model and save data
> fit <- fit_poisson_nmf(counts, k=clustnum, numiter=100)
Using 4 RcppParallel threads.
Initializing factors using Topic SCORE algorithm.
Initializing loadings by running 10 SCD updates.
Using 4 RcppParallel threads.
Fitting rank-30 Poisson NMF to 47972 x 18142 dense matrix.
Running 100 SCD updates, without extrapolation (fastTopics 0.3-185).
iter   log-likelihood        deviance res(KKT)  |F-F'|  |L-L'| nz(F) nz(L) beta
   1 -5.091387321e+08 +5.32053866e+08 2.81e+04 2.1e+02 6.6e+00 0.510 0.296 0.00
   2 -4.903449935e+08 +4.94466389e+08 1.91e+04 1.7e+02 8.8e+00 0.524 0.386 0.00
   3 -4.846833900e+08 +4.83143182e+08 1.29e+04 9.5e+01 3.2e+00 0.538 0.425 0.00
   4 -4.818038790e+08 +4.77384160e+08 5.36e+03 6.1e+01 2.4e+00 0.546 0.448 0.00
   5 -4.802012602e+08 +4.74178923e+08 4.35e+03 4.4e+01 2.4e+00 0.552 0.464 0.00
   6 -4.792359696e+08 +4.72248341e+08 3.61e+03 4.0e+01 1.5e+00 0.556 0.473 0.00
   7 -4.786190430e+08 +4.71014488e+08 5.75e+03 3.3e+01 9.2e-01 0.560 0.479 0.00
   8 -4.782002931e+08 +4.70176988e+08 5.72e+03 3.0e+01 6.7e-01 0.563 0.484 0.00
   9 -4.779012791e+08 +4.69578960e+08 5.42e+03 2.6e+01 5.4e-01 0.566 0.487 0.00
  10 -4.776768548e+08 +4.69130112e+08 4.92e+03 2.3e+01 4.2e-01 0.568 0.489 0.00
  11 -4.775017881e+08 +4.68779978e+08 3.58e+03 2.0e+01 3.6e-01 0.570 0.490 0.00
  12 -4.773644815e+08 +4.68505365e+08 2.53e+03 1.6e+01 3.2e-01 0.572 0.492 0.00
  13 -4.772569683e+08 +4.68290339e+08 1.64e+03 9.9e+00 2.9e-01 0.573 0.493 0.00
  14 -4.771704914e+08 +4.68117385e+08 1.48e+03 9.2e+00 2.6e-01 0.575 0.494 0.00
  15 -4.770984702e+08 +4.67973343e+08 1.48e+03 8.3e+00 2.5e-01 0.576 0.495 0.00
  16 -4.770366096e+08 +4.67849621e+08 1.30e+03 7.3e+00 2.6e-01 0.577 0.496 0.00
  17 -4.769815778e+08 +4.67739558e+08 1.09e+03 6.6e+00 2.7e-01 0.578 0.497 0.00
  18 -4.769309771e+08 +4.67638357e+08 1.02e+03 5.9e+00 3.1e-01 0.578 0.497 0.00
  19 -4.768830833e+08 +4.67542569e+08 9.93e+02 5.3e+00 3.6e-01 0.579 0.498 0.00
  20 -4.768368830e+08 +4.67450168e+08 1.01e+03 4.6e+00 3.9e-01 0.579 0.499 0.00
  21 -4.767920530e+08 +4.67360508e+08 1.05e+03 4.1e+00 3.9e-01 0.580 0.500 0.00
  22 -4.767486875e+08 +4.67273777e+08 1.10e+03 4.0e+00 3.5e-01 0.580 0.501 0.00
  23 -4.767071016e+08 +4.67190605e+08 1.14e+03 4.1e+00 3.6e-01 0.581 0.501 0.00
  24 -4.766673018e+08 +4.67111006e+08 1.18e+03 4.2e+00 3.5e-01 0.581 0.502 0.00
  25 -4.766293133e+08 +4.67035029e+08 1.20e+03 4.3e+00 3.2e-01 0.581 0.502 0.00
  26 -4.765925201e+08 +4.66961442e+08 1.19e+03 4.5e+00 2.8e-01 0.582 0.503 0.00
  27 -4.765565620e+08 +4.66889526e+08 1.15e+03 4.6e+00 2.9e-01 0.582 0.503 0.00
  28 -4.765212279e+08 +4.66818858e+08 1.08e+03 4.6e+00 3.1e-01 0.582 0.503 0.00
  29 -4.764862504e+08 +4.66748903e+08 1.08e+03 4.7e+00 3.4e-01 0.583 0.503 0.00
  30 -4.764513056e+08 +4.66679013e+08 1.06e+03 4.7e+00 3.6e-01 0.583 0.503 0.00
  31 -4.764161220e+08 +4.66608646e+08 1.21e+03 5.0e+00 4.1e-01 0.584 0.503 0.00
  32 -4.763803235e+08 +4.66537049e+08 1.33e+03 5.3e+00 4.3e-01 0.584 0.504 0.00
  33 -4.763431145e+08 +4.66462631e+08 1.38e+03 5.5e+00 4.2e-01 0.584 0.504 0.00
  34 -4.763035389e+08 +4.66383480e+08 1.36e+03 5.6e+00 4.3e-01 0.585 0.504 0.00
  35 -4.762604019e+08 +4.66297206e+08 1.28e+03 5.7e+00 4.3e-01 0.585 0.504 0.00
  36 -4.762134458e+08 +4.66203294e+08 9.54e+02 5.9e+00 4.2e-01 0.586 0.505 0.00
  37 -4.761648353e+08 +4.66106073e+08 8.83e+02 6.1e+00 4.0e-01 0.587 0.505 0.00
  38 -4.761186517e+08 +4.66013706e+08 7.97e+02 6.3e+00 3.7e-01 0.588 0.505 0.00
  39 -4.760781099e+08 +4.65932622e+08 6.79e+02 6.5e+00 3.4e-01 0.588 0.505 0.00
  40 -4.760436319e+08 +4.65863666e+08 6.73e+02 6.7e+00 3.0e-01 0.589 0.505 0.00
  41 -4.760139215e+08 +4.65804245e+08 7.00e+02 6.8e+00 2.5e-01 0.589 0.505 0.00
  42 -4.759877056e+08 +4.65751813e+08 7.52e+02 6.7e+00 2.2e-01 0.590 0.505 0.00
  43 -4.759638115e+08 +4.65704025e+08 7.76e+02 6.6e+00 1.8e-01 0.590 0.505 0.00
  44 -4.759411414e+08 +4.65658685e+08 7.72e+02 6.4e+00 1.6e-01 0.591 0.505 0.00
  45 -4.759191527e+08 +4.65614708e+08 7.52e+02 6.2e+00 1.6e-01 0.591 0.505 0.00
  46 -4.758978729e+08 +4.65572148e+08 6.76e+02 5.8e+00 1.6e-01 0.592 0.505 0.00
  47 -4.758776844e+08 +4.65531771e+08 6.06e+02 5.4e+00 1.6e-01 0.592 0.505 0.00
  48 -4.758592425e+08 +4.65494887e+08 5.43e+02 4.9e+00 1.5e-01 0.592 0.505 0.00
  49 -4.758431543e+08 +4.65462711e+08 4.85e+02 4.4e+00 1.4e-01 0.593 0.505 0.00
  50 -4.758296591e+08 +4.65435720e+08 4.26e+02 4.1e+00 1.1e-01 0.593 0.505 0.00
  51 -4.758183888e+08 +4.65413180e+08 3.70e+02 3.9e+00 9.3e-02 0.593 0.504 0.00
  52 -4.758087942e+08 +4.65393991e+08 3.73e+02 3.6e+00 8.9e-02 0.594 0.504 0.00
  53 -4.758004617e+08 +4.65377326e+08 3.78e+02 3.3e+00 8.3e-02 0.594 0.504 0.00
  54 -4.757931012e+08 +4.65362605e+08 3.83e+02 3.2e+00 7.7e-02 0.594 0.504 0.00
  55 -4.757865141e+08 +4.65349430e+08 3.90e+02 3.2e+00 7.2e-02 0.594 0.504 0.00
  56 -4.757805515e+08 +4.65337505e+08 3.99e+02 3.2e+00 7.0e-02 0.594 0.504 0.00
  57 -4.757751052e+08 +4.65326613e+08 4.07e+02 3.1e+00 7.1e-02 0.595 0.504 0.00
  58 -4.757700930e+08 +4.65316588e+08 4.13e+02 2.9e+00 7.2e-02 0.595 0.504 0.00
  59 -4.757654346e+08 +4.65307271e+08 4.19e+02 2.9e+00 7.2e-02 0.595 0.504 0.00
  60 -4.757610448e+08 +4.65298492e+08 4.26e+02 3.0e+00 7.3e-02 0.595 0.504 0.00
  61 -4.757568685e+08 +4.65290139e+08 4.33e+02 3.1e+00 7.3e-02 0.595 0.504 0.00
  62 -4.757528607e+08 +4.65282124e+08 4.41e+02 3.2e+00 7.3e-02 0.595 0.504 0.00
  63 -4.757489819e+08 +4.65274366e+08 4.49e+02 3.3e+00 7.2e-02 0.595 0.504 0.00
  64 -4.757451994e+08 +4.65266801e+08 4.57e+02 3.5e+00 7.2e-02 0.595 0.504 0.00
  65 -4.757414758e+08 +4.65259354e+08 4.63e+02 3.6e+00 7.0e-02 0.595 0.504 0.00
  66 -4.757377607e+08 +4.65251924e+08 4.70e+02 3.8e+00 7.8e-02 0.596 0.504 0.00
  67 -4.757339910e+08 +4.65244384e+08 4.78e+02 4.1e+00 8.7e-02 0.596 0.505 0.00
  68 -4.757301111e+08 +4.65236624e+08 4.85e+02 4.4e+00 9.6e-02 0.596 0.505 0.00
  69 -4.757260636e+08 +4.65228529e+08 4.93e+02 4.7e+00 1.1e-01 0.596 0.505 0.00
  70 -4.757217797e+08 +4.65219962e+08 5.01e+02 5.1e+00 1.2e-01 0.596 0.505 0.00
  71 -4.757171801e+08 +4.65210762e+08 5.07e+02 5.6e+00 1.3e-01 0.596 0.504 0.00
  72 -4.757121615e+08 +4.65200725e+08 5.11e+02 6.1e+00 1.4e-01 0.596 0.504 0.00
  73 -4.757065999e+08 +4.65189602e+08 5.14e+02 6.8e+00 1.5e-01 0.596 0.504 0.00
  74 -4.757003552e+08 +4.65177113e+08 5.14e+02 7.6e+00 1.6e-01 0.596 0.504 0.00
  75 -4.756932758e+08 +4.65162954e+08 4.73e+02 8.4e+00 1.8e-01 0.596 0.504 0.00
  76 -4.756851561e+08 +4.65146714e+08 5.42e+02 9.4e+00 1.9e-01 0.597 0.505 0.00
  77 -4.756757510e+08 +4.65127904e+08 6.53e+02 1.0e+01 2.1e-01 0.597 0.505 0.00
  78 -4.756648403e+08 +4.65106083e+08 7.66e+02 1.1e+01 2.3e-01 0.597 0.505 0.00
  79 -4.756522374e+08 +4.65080877e+08 8.49e+02 1.2e+01 2.5e-01 0.597 0.505 0.00
  80 -4.756377610e+08 +4.65051924e+08 9.16e+02 1.3e+01 2.8e-01 0.598 0.505 0.00
  81 -4.756216519e+08 +4.65019706e+08 9.57e+02 1.4e+01 3.1e-01 0.598 0.505 0.00
  82 -4.756045484e+08 +4.64985499e+08 9.74e+02 1.3e+01 3.3e-01 0.598 0.505 0.00
  83 -4.755872686e+08 +4.64950939e+08 9.65e+02 1.3e+01 3.3e-01 0.598 0.505 0.00
  84 -4.755707065e+08 +4.64917815e+08 9.30e+02 1.1e+01 3.5e-01 0.598 0.505 0.00
  85 -4.755557880e+08 +4.64887978e+08 6.84e+02 8.5e+00 3.5e-01 0.598 0.505 0.00
  86 -4.755428725e+08 +4.64862147e+08 7.17e+02 7.1e+00 3.5e-01 0.598 0.504 0.00
  87 -4.755317363e+08 +4.64839875e+08 7.58e+02 6.4e+00 3.7e-01 0.598 0.504 0.00
  88 -4.755219255e+08 +4.64820253e+08 7.64e+02 5.8e+00 3.9e-01 0.598 0.504 0.00
  89 -4.755129592e+08 +4.64802321e+08 6.31e+02 5.4e+00 4.1e-01 0.598 0.504 0.00
  90 -4.755045002e+08 +4.64785403e+08 5.42e+02 4.9e+00 4.3e-01 0.598 0.504 0.00
  91 -4.754964258e+08 +4.64769254e+08 4.63e+02 4.4e+00 4.2e-01 0.598 0.504 0.00
  92 -4.754888942e+08 +4.64754191e+08 3.94e+02 4.0e+00 3.6e-01 0.598 0.504 0.00
  93 -4.754821759e+08 +4.64740754e+08 3.36e+02 3.7e+00 3.1e-01 0.598 0.504 0.00
  94 -4.754763607e+08 +4.64729124e+08 2.89e+02 3.5e+00 2.4e-01 0.598 0.504 0.00
  95 -4.754713734e+08 +4.64719149e+08 2.50e+02 3.6e+00 2.0e-01 0.598 0.504 0.00
  96 -4.754670937e+08 +4.64710590e+08 2.17e+02 3.6e+00 1.6e-01 0.598 0.504 0.00
  97 -4.754633901e+08 +4.64703182e+08 2.05e+02 3.5e+00 1.4e-01 0.598 0.503 0.00
  98 -4.754601710e+08 +4.64696744e+08 2.02e+02 3.4e+00 1.2e-01 0.598 0.503 0.00
  99 -4.754573437e+08 +4.64691090e+08 1.97e+02 3.2e+00 1.0e-01 0.599 0.503 0.00
 100 -4.754548537e+08 +4.64686110e+08 1.90e+02 3.0e+00 9.5e-02 0.599 0.503 0.00
> saveRDS(fit, file=paste0("../data/gom-data/topics",clustnum,".human.log.indv-cell.int19k.reg-",data.source,".rds"))
> 
> 
> #Run analyses for chimp data
> print("Loading chimp data")
[1] "Loading chimp data"
> 
> #Load data
> scrna <- paste0("../data/cellranger-data-full/data.filter.log.indv-cell.int19k.reg-",data.source,".rds")
> data <- readRDS(scrna)
> data <- subset(data, subset=Species=="Chimp")
> 
> #Prepare data (unintegrated count data)
> counts <- as.matrix(data@assays$RNA@counts) #do not use integrated data
> counts <- counts[rowSums(counts>0)>0,]      #remove genes with 0 counts across cells
> counts <- t(as.matrix(counts))              #fix matrix orientation (barcodes x features)
> rm(data)
> 
> #Fit fastTopics model and save data
> fit <- fit_poisson_nmf(counts, k=clustnum, numiter=100)
Using 4 RcppParallel threads.
Initializing factors using Topic SCORE algorithm.
Initializing loadings by running 10 SCD updates.
Using 4 RcppParallel threads.
Fitting rank-30 Poisson NMF to 53562 x 18072 dense matrix.
Running 100 SCD updates, without extrapolation (fastTopics 0.3-185).
iter   log-likelihood        deviance res(KKT)  |F-F'|  |L-L'| nz(F) nz(L) beta
   1 -5.286443321e+08 +5.56510370e+08 3.67e+04 2.1e+02 2.5e+01 0.552 0.245 0.00
   2 -5.132722699e+08 +5.25766245e+08 2.37e+04 1.5e+02 2.6e+01 0.569 0.351 0.00
   3 -5.084341326e+08 +5.16089971e+08 1.31e+04 6.6e+01 6.1e+00 0.583 0.379 0.00
   4 -5.056900934e+08 +5.10601892e+08 7.10e+03 3.2e+01 3.3e+00 0.592 0.400 0.00
   5 -5.039506183e+08 +5.07122942e+08 4.69e+03 3.8e+01 2.6e+00 0.597 0.413 0.00
   6 -5.028114139e+08 +5.04844533e+08 4.03e+03 3.5e+01 1.7e+00 0.600 0.420 0.00
   7 -5.020823450e+08 +5.03386395e+08 4.24e+03 3.1e+01 1.5e+00 0.602 0.425 0.00
   8 -5.015894013e+08 +5.02400508e+08 3.88e+03 2.8e+01 1.0e+00 0.602 0.428 0.00
   9 -5.012218409e+08 +5.01665387e+08 3.27e+03 2.9e+01 9.1e-01 0.601 0.431 0.00
  10 -5.009181739e+08 +5.01058053e+08 2.65e+03 3.1e+01 8.8e-01 0.602 0.434 0.00
  11 -5.006544524e+08 +5.00530610e+08 2.48e+03 3.3e+01 8.0e-01 0.602 0.438 0.00
  12 -5.004255170e+08 +5.00072739e+08 2.21e+03 3.4e+01 7.3e-01 0.601 0.443 0.00
  13 -5.002347656e+08 +4.99691237e+08 3.00e+03 3.4e+01 6.2e-01 0.601 0.447 0.00
  14 -5.000759115e+08 +4.99373528e+08 3.30e+03 3.4e+01 5.3e-01 0.601 0.450 0.00
  15 -4.999445743e+08 +4.99110854e+08 3.15e+03 3.3e+01 4.4e-01 0.601 0.453 0.00
  16 -4.998324987e+08 +4.98886703e+08 2.72e+03 3.1e+01 3.9e-01 0.601 0.454 0.00
  17 -4.997325813e+08 +4.98686868e+08 2.59e+03 2.9e+01 3.5e-01 0.601 0.456 0.00
  18 -4.996388449e+08 +4.98499395e+08 2.30e+03 2.7e+01 3.1e-01 0.601 0.457 0.00
  19 -4.995456187e+08 +4.98312943e+08 1.97e+03 2.4e+01 2.8e-01 0.601 0.458 0.00
  20 -4.994431480e+08 +4.98108001e+08 1.92e+03 2.1e+01 3.2e-01 0.602 0.459 0.00
  21 -4.993194476e+08 +4.97860601e+08 2.06e+03 1.7e+01 4.6e-01 0.603 0.460 0.00
  22 -4.991764450e+08 +4.97574595e+08 2.62e+03 1.6e+01 5.9e-01 0.604 0.461 0.00
  23 -4.990412350e+08 +4.97304175e+08 2.36e+03 1.9e+01 6.5e-01 0.605 0.461 0.00
  24 -4.989330177e+08 +4.97087741e+08 1.96e+03 1.9e+01 6.2e-01 0.606 0.462 0.00
  25 -4.988436595e+08 +4.96909024e+08 1.83e+03 1.7e+01 3.7e-01 0.606 0.462 0.00
  26 -4.987638278e+08 +4.96749361e+08 1.64e+03 1.5e+01 4.8e-01 0.607 0.462 0.00
  27 -4.986909598e+08 +4.96603625e+08 9.58e+02 1.2e+01 4.7e-01 0.608 0.463 0.00
  28 -4.986240447e+08 +4.96469795e+08 9.60e+02 1.0e+01 3.5e-01 0.608 0.463 0.00
  29 -4.985630615e+08 +4.96347828e+08 9.34e+02 8.5e+00 3.1e-01 0.609 0.464 0.00
  30 -4.985083752e+08 +4.96238456e+08 9.80e+02 7.2e+00 2.8e-01 0.609 0.464 0.00
  31 -4.984600231e+08 +4.96141752e+08 9.55e+02 6.7e+00 2.4e-01 0.610 0.464 0.00
  32 -4.984173466e+08 +4.96056399e+08 9.13e+02 6.2e+00 2.0e-01 0.610 0.464 0.00
  33 -4.983797745e+08 +4.95981254e+08 5.17e+02 5.7e+00 1.8e-01 0.610 0.464 0.00
  34 -4.983471621e+08 +4.95916030e+08 4.27e+02 5.3e+00 1.8e-01 0.610 0.465 0.00
  35 -4.983189372e+08 +4.95859580e+08 3.70e+02 4.8e+00 1.8e-01 0.611 0.465 0.00
  36 -4.982942746e+08 +4.95810255e+08 3.43e+02 4.3e+00 1.7e-01 0.611 0.465 0.00
  37 -4.982725304e+08 +4.95766766e+08 3.27e+02 4.0e+00 1.6e-01 0.611 0.465 0.00
  38 -4.982532899e+08 +4.95728285e+08 3.14e+02 3.7e+00 1.5e-01 0.611 0.465 0.00
  39 -4.982362422e+08 +4.95694190e+08 3.03e+02 3.6e+00 1.3e-01 0.611 0.465 0.00
  40 -4.982210889e+08 +4.95663883e+08 2.93e+02 3.4e+00 1.3e-01 0.611 0.466 0.00
  41 -4.982076088e+08 +4.95636923e+08 2.83e+02 3.2e+00 1.2e-01 0.611 0.466 0.00
  42 -4.981956174e+08 +4.95612940e+08 2.75e+02 3.0e+00 1.1e-01 0.612 0.466 0.00
  43 -4.981849519e+08 +4.95591609e+08 2.78e+02 2.9e+00 9.8e-02 0.612 0.466 0.00
  44 -4.981754762e+08 +4.95572658e+08 2.80e+02 2.7e+00 9.1e-02 0.612 0.466 0.00
  45 -4.981670715e+08 +4.95555848e+08 2.95e+02 2.6e+00 8.7e-02 0.612 0.465 0.00
  46 -4.981596286e+08 +4.95540963e+08 3.09e+02 2.4e+00 8.4e-02 0.612 0.465 0.00
  47 -4.981530256e+08 +4.95527757e+08 3.21e+02 2.2e+00 8.2e-02 0.612 0.465 0.00
  48 -4.981471463e+08 +4.95515998e+08 3.32e+02 2.1e+00 8.0e-02 0.612 0.465 0.00
  49 -4.981418943e+08 +4.95505494e+08 3.41e+02 1.9e+00 7.8e-02 0.612 0.465 0.00
  50 -4.981371857e+08 +4.95496077e+08 3.46e+02 1.7e+00 7.5e-02 0.612 0.465 0.00
  51 -4.981329476e+08 +4.95487600e+08 3.49e+02 1.6e+00 7.3e-02 0.612 0.465 0.00
  52 -4.981291270e+08 +4.95479959e+08 3.51e+02 1.6e+00 7.1e-02 0.612 0.465 0.00
  53 -4.981257669e+08 +4.95473239e+08 3.31e+02 1.9e+00 6.8e-02 0.612 0.465 0.00
  54 -4.981228048e+08 +4.95467315e+08 2.81e+02 1.9e+00 6.6e-02 0.612 0.465 0.00
  55 -4.981201470e+08 +4.95461999e+08 2.41e+02 1.8e+00 6.3e-02 0.612 0.465 0.00
  56 -4.981177364e+08 +4.95457178e+08 2.09e+02 1.7e+00 6.1e-02 0.612 0.465 0.00
  57 -4.981155302e+08 +4.95452766e+08 1.83e+02 1.6e+00 5.8e-02 0.612 0.465 0.00
  58 -4.981134981e+08 +4.95448702e+08 1.62e+02 1.5e+00 5.5e-02 0.612 0.465 0.00
  59 -4.981116291e+08 +4.95444963e+08 1.42e+02 1.3e+00 5.2e-02 0.612 0.465 0.00
  60 -4.981098949e+08 +4.95441495e+08 1.24e+02 1.2e+00 4.9e-02 0.612 0.465 0.00
  61 -4.981082741e+08 +4.95438254e+08 1.07e+02 1.2e+00 4.6e-02 0.612 0.465 0.00
  62 -4.981067495e+08 +4.95435204e+08 9.26e+01 1.1e+00 4.3e-02 0.612 0.465 0.00
  63 -4.981053087e+08 +4.95432323e+08 8.94e+01 1.0e+00 4.1e-02 0.612 0.465 0.00
  64 -4.981039404e+08 +4.95429586e+08 8.70e+01 9.6e-01 3.8e-02 0.612 0.465 0.00
  65 -4.981026334e+08 +4.95426972e+08 8.43e+01 9.0e-01 3.5e-02 0.612 0.465 0.00
  66 -4.981013800e+08 +4.95424465e+08 8.15e+01 8.5e-01 3.3e-02 0.612 0.465 0.00
  67 -4.981001732e+08 +4.95422052e+08 7.88e+01 8.0e-01 3.0e-02 0.613 0.465 0.00
  68 -4.980990067e+08 +4.95419719e+08 7.63e+01 7.6e-01 2.8e-02 0.613 0.465 0.00
  69 -4.980978757e+08 +4.95417457e+08 7.37e+01 7.2e-01 2.6e-02 0.613 0.465 0.00
  70 -4.980967759e+08 +4.95415257e+08 7.13e+01 6.8e-01 2.5e-02 0.613 0.465 0.00
  71 -4.980957023e+08 +4.95413110e+08 6.91e+01 6.3e-01 2.5e-02 0.613 0.465 0.00
  72 -4.980946506e+08 +4.95411006e+08 6.72e+01 5.9e-01 2.5e-02 0.613 0.465 0.00
  73 -4.980936173e+08 +4.95408940e+08 6.54e+01 5.6e-01 2.5e-02 0.613 0.465 0.00
  74 -4.980926008e+08 +4.95406907e+08 6.36e+01 5.2e-01 2.6e-02 0.613 0.465 0.00
  75 -4.980915962e+08 +4.95404898e+08 6.23e+01 5.2e-01 2.6e-02 0.613 0.465 0.00
  76 -4.980906007e+08 +4.95402907e+08 6.20e+01 5.1e-01 2.7e-02 0.613 0.465 0.00
  77 -4.980896142e+08 +4.95400934e+08 6.12e+01 4.6e-01 2.7e-02 0.613 0.465 0.00
  78 -4.980886367e+08 +4.95398979e+08 6.15e+01 4.4e-01 2.8e-02 0.613 0.465 0.00
  79 -4.980876629e+08 +4.95397031e+08 6.18e+01 4.3e-01 2.8e-02 0.613 0.465 0.00
  80 -4.980866905e+08 +4.95395086e+08 6.21e+01 4.1e-01 2.9e-02 0.613 0.465 0.00
  81 -4.980857176e+08 +4.95393141e+08 6.25e+01 4.0e-01 2.9e-02 0.613 0.465 0.00
  82 -4.980847424e+08 +4.95391190e+08 6.28e+01 3.9e-01 2.9e-02 0.613 0.465 0.00
  83 -4.980837636e+08 +4.95389233e+08 6.32e+01 3.8e-01 3.0e-02 0.613 0.465 0.00
  84 -4.980827801e+08 +4.95387266e+08 6.36e+01 3.7e-01 3.0e-02 0.614 0.465 0.00
  85 -4.980817910e+08 +4.95385287e+08 6.40e+01 3.6e-01 3.1e-02 0.614 0.465 0.00
  86 -4.980807955e+08 +4.95383296e+08 6.43e+01 3.5e-01 3.1e-02 0.614 0.465 0.00
  87 -4.980797934e+08 +4.95381292e+08 6.46e+01 3.4e-01 3.2e-02 0.614 0.465 0.00
  88 -4.980787848e+08 +4.95379275e+08 6.50e+01 3.4e-01 3.2e-02 0.614 0.465 0.00
  89 -4.980777691e+08 +4.95377243e+08 6.53e+01 3.3e-01 3.2e-02 0.614 0.465 0.00
  90 -4.980767464e+08 +4.95375198e+08 6.56e+01 3.2e-01 3.3e-02 0.614 0.466 0.00
  91 -4.980757175e+08 +4.95373140e+08 6.54e+01 3.3e-01 3.3e-02 0.614 0.466 0.00
  92 -4.980746829e+08 +4.95371071e+08 6.51e+01 3.4e-01 3.3e-02 0.614 0.466 0.00
  93 -4.980736426e+08 +4.95368991e+08 6.56e+01 3.5e-01 3.4e-02 0.614 0.466 0.00
  94 -4.980725957e+08 +4.95366897e+08 6.58e+01 3.6e-01 3.4e-02 0.614 0.466 0.00
  95 -4.980715380e+08 +4.95364781e+08 6.60e+01 3.7e-01 3.5e-02 0.614 0.466 0.00
  96 -4.980704681e+08 +4.95362641e+08 6.62e+01 3.7e-01 3.6e-02 0.614 0.466 0.00
  97 -4.980693847e+08 +4.95360475e+08 6.65e+01 3.8e-01 3.6e-02 0.614 0.466 0.00
  98 -4.980682880e+08 +4.95358281e+08 6.66e+01 3.8e-01 3.7e-02 0.614 0.466 0.00
  99 -4.980671786e+08 +4.95356063e+08 6.67e+01 3.8e-01 3.8e-02 0.615 0.466 0.00
 100 -4.980660570e+08 +4.95353819e+08 6.68e+01 3.8e-01 3.9e-02 0.615 0.466 0.00
> saveRDS(fit, file=paste0("../data/gom-data/topics",clustnum,".chimp.log.indv-cell.int19k.reg-",data.source,".rds"))
> 
> proc.time()
     user    system   elapsed 
370041.45  10279.37 117663.43 
