
R version 3.6.1 (2019-07-05) -- "Action of the Toes"
Copyright (C) 2019 The R Foundation for Statistical Computing
Platform: x86_64-pc-linux-gnu (64-bit)

R is free software and comes with ABSOLUTELY NO WARRANTY.
You are welcome to redistribute it under certain conditions.
Type 'license()' or 'licence()' for distribution details.

R is a collaborative project with many contributors.
Type 'contributors()' for more information and
'citation()' on how to cite R or R packages in publications.

Type 'demo()' for some demos, 'help()' for on-line help, or
'help.start()' for an HTML browser interface to help.
Type 'q()' to quit R.

> #Read in command line arguments as list of character vectors
> args=(commandArgs(TRUE))
> 
> #Check if arguments are passed and cycle through to evaluate each element
> if(length(args)==0){
+   print("No arguments supplied.")
+   #supply default values
+   clustnum=3
+   data.source="tot"
+ }else{
+   for(i in 1:length(args)){
+     eval(parse(text=args[[i]]))
+   }
+ }
> print(paste0("k: ",clustnum))
[1] "k: 6"
> print(paste0("data source: ",data.source))
[1] "data source: tot"
> 
> #Load libraries
> library(Seurat)
> library(CountClust)
Loading required package: ggplot2
> library(classtpx)
Loading required package: slam
> library(fastTopics)
> 
> 
> #Run analyses for human data
> print("Loading human data")
[1] "Loading human data"
> 
> #Load data
> scrna <- paste0("../data/cellranger-data-full/data.filter.log.indv-cell.int19k.reg-",data.source,".rds")
> data <- readRDS(scrna)
> data <- subset(data, subset=Species=="Human")
> 
> #Prepare data (unintegrated count data)
> counts <- as.matrix(data@assays$RNA@counts) #do not use integrated data
> counts <- counts[rowSums(counts>0)>0,]      #remove genes with 0 counts across cells
> counts <- t(as.matrix(counts))              #fix matrix orientation (barcodes x features)
> rm(data)
> 
> #Fit fastTopics model and save data
> fit <- fit_poisson_nmf(counts, k=clustnum, numiter=100)
Using 4 RcppParallel threads.
Initializing factors using Topic SCORE algorithm.
Initializing loadings by running 10 SCD updates.
Using 4 RcppParallel threads.
Fitting rank-6 Poisson NMF to 47972 x 18142 dense matrix.
Running 100 SCD updates, without extrapolation (fastTopics 0.3-185).
iter   log-likelihood        deviance res(KKT)  |F-F'|  |L-L'| nz(F) nz(L) beta
   1 -5.392093882e+08 +5.92195179e+08 8.66e+04 1.4e+02 1.4e+00 0.696 0.782 0.00
   2 -5.328268083e+08 +5.79430019e+08 3.37e+04 5.7e+01 2.3e+00 0.735 0.815 0.00
   3 -5.299763381e+08 +5.73729078e+08 6.68e+03 3.5e+01 2.0e+00 0.749 0.797 0.00
   4 -5.279629393e+08 +5.69702281e+08 5.47e+04 2.2e+01 1.3e+00 0.758 0.786 0.00
   5 -5.263076972e+08 +5.66391797e+08 4.38e+03 1.5e+01 8.9e-01 0.765 0.781 0.00
   6 -5.248522871e+08 +5.63480976e+08 5.89e+03 1.3e+01 6.7e-01 0.769 0.777 0.00
   7 -5.237304260e+08 +5.61237254e+08 2.72e+03 1.3e+01 6.8e-01 0.768 0.776 0.00
   8 -5.231082863e+08 +5.59992975e+08 2.82e+03 1.4e+01 5.2e-01 0.765 0.775 0.00
   9 -5.228182867e+08 +5.59412976e+08 2.87e+03 1.2e+01 3.4e-01 0.763 0.774 0.00
  10 -5.226654604e+08 +5.59107323e+08 3.14e+03 1.1e+01 2.3e-01 0.760 0.775 0.00
  11 -5.225628024e+08 +5.58902007e+08 3.68e+03 1.0e+01 1.7e-01 0.758 0.776 0.00
  12 -5.224772526e+08 +5.58730907e+08 3.86e+03 1.0e+01 1.4e-01 0.757 0.777 0.00
  13 -5.223973098e+08 +5.58571022e+08 3.89e+03 1.0e+01 1.3e-01 0.757 0.778 0.00
  14 -5.223197659e+08 +5.58415934e+08 3.81e+03 9.8e+00 1.3e-01 0.758 0.779 0.00
  15 -5.222440146e+08 +5.58264431e+08 3.64e+03 9.5e+00 1.5e-01 0.759 0.780 0.00
  16 -5.221699210e+08 +5.58116244e+08 3.42e+03 8.9e+00 1.5e-01 0.760 0.781 0.00
  17 -5.220973133e+08 +5.57971029e+08 3.18e+03 8.2e+00 1.5e-01 0.762 0.781 0.00
  18 -5.220259746e+08 +5.57828351e+08 3.07e+03 7.5e+00 1.5e-01 0.765 0.782 0.00
  19 -5.219555862e+08 +5.57687575e+08 2.97e+03 6.7e+00 1.5e-01 0.767 0.782 0.00
  20 -5.218852022e+08 +5.57546807e+08 2.80e+03 5.9e+00 1.5e-01 0.769 0.782 0.00
  21 -5.218150936e+08 +5.57406590e+08 2.58e+03 5.7e+00 1.4e-01 0.771 0.782 0.00
  22 -5.217477400e+08 +5.57271882e+08 2.36e+03 5.5e+00 1.4e-01 0.772 0.782 0.00
  23 -5.216862013e+08 +5.57148805e+08 2.14e+03 5.3e+00 1.3e-01 0.774 0.781 0.00
  24 -5.216321204e+08 +5.57040643e+08 1.92e+03 5.1e+00 1.3e-01 0.775 0.780 0.00
  25 -5.215853927e+08 +5.56947188e+08 1.70e+03 4.9e+00 1.2e-01 0.776 0.780 0.00
  26 -5.215450520e+08 +5.56866506e+08 1.71e+03 4.7e+00 1.1e-01 0.777 0.779 0.00
  27 -5.215101426e+08 +5.56796687e+08 1.78e+03 4.4e+00 1.1e-01 0.778 0.779 0.00
  28 -5.214798278e+08 +5.56736058e+08 1.82e+03 4.2e+00 1.0e-01 0.778 0.779 0.00
  29 -5.214537140e+08 +5.56683830e+08 1.84e+03 4.0e+00 9.2e-02 0.778 0.779 0.00
  30 -5.214310719e+08 +5.56638546e+08 1.83e+03 3.7e+00 8.5e-02 0.778 0.779 0.00
  31 -5.214115043e+08 +5.56599411e+08 1.78e+03 3.4e+00 7.8e-02 0.778 0.779 0.00
  32 -5.213946703e+08 +5.56565743e+08 8.02e+02 3.0e+00 7.4e-02 0.778 0.779 0.00
  33 -5.213799387e+08 +5.56536280e+08 9.68e+02 2.9e+00 7.1e-02 0.778 0.779 0.00
  34 -5.213669945e+08 +5.56510391e+08 1.16e+03 2.8e+00 6.7e-02 0.777 0.780 0.00
  35 -5.213556561e+08 +5.56487714e+08 1.12e+03 2.7e+00 6.3e-02 0.777 0.780 0.00
  36 -5.213458381e+08 +5.56468078e+08 9.98e+02 2.6e+00 5.9e-02 0.777 0.780 0.00
  37 -5.213374091e+08 +5.56451221e+08 8.50e+02 2.5e+00 5.3e-02 0.777 0.781 0.00
  38 -5.213301213e+08 +5.56436645e+08 7.34e+02 2.4e+00 4.9e-02 0.776 0.781 0.00
  39 -5.213237700e+08 +5.56423942e+08 7.10e+02 2.3e+00 4.5e-02 0.776 0.781 0.00
  40 -5.213181927e+08 +5.56412788e+08 6.85e+02 2.2e+00 4.2e-02 0.776 0.782 0.00
  41 -5.213132569e+08 +5.56402916e+08 3.83e+02 2.1e+00 3.9e-02 0.775 0.782 0.00
  42 -5.213088595e+08 +5.56394121e+08 3.49e+02 2.0e+00 3.6e-02 0.775 0.782 0.00
  43 -5.213049084e+08 +5.56386219e+08 3.64e+02 1.9e+00 3.4e-02 0.775 0.783 0.00
  44 -5.213013457e+08 +5.56379094e+08 3.72e+02 1.8e+00 3.1e-02 0.775 0.783 0.00
  45 -5.212981200e+08 +5.56372642e+08 3.66e+02 1.7e+00 2.9e-02 0.774 0.783 0.00
  46 -5.212951927e+08 +5.56366788e+08 3.49e+02 1.6e+00 2.8e-02 0.774 0.784 0.00
  47 -5.212925332e+08 +5.56361469e+08 3.26e+02 1.5e+00 2.6e-02 0.773 0.784 0.00
  48 -5.212901090e+08 +5.56356620e+08 3.01e+02 1.4e+00 2.5e-02 0.773 0.784 0.00
  49 -5.212878925e+08 +5.56352187e+08 2.77e+02 1.3e+00 2.3e-02 0.773 0.784 0.00
  50 -5.212858620e+08 +5.56348126e+08 2.57e+02 1.3e+00 2.2e-02 0.773 0.785 0.00
  51 -5.212839983e+08 +5.56344399e+08 2.37e+02 1.2e+00 2.1e-02 0.772 0.785 0.00
  52 -5.212822835e+08 +5.56340969e+08 2.18e+02 1.1e+00 2.0e-02 0.772 0.785 0.00
  53 -5.212807057e+08 +5.56337814e+08 1.99e+02 1.1e+00 1.9e-02 0.772 0.785 0.00
  54 -5.212792502e+08 +5.56334903e+08 1.82e+02 1.0e+00 1.8e-02 0.772 0.786 0.00
  55 -5.212779066e+08 +5.56332215e+08 1.67e+02 9.7e-01 1.7e-02 0.771 0.786 0.00
  56 -5.212766833e+08 +5.56329769e+08 1.55e+02 9.2e-01 1.6e-02 0.771 0.786 0.00
  57 -5.212755441e+08 +5.56327490e+08 1.50e+02 8.7e-01 1.5e-02 0.771 0.786 0.00
  58 -5.212745185e+08 +5.56325439e+08 6.71e+02 8.1e-01 1.3e-02 0.771 0.786 0.00
  59 -5.212735964e+08 +5.56323595e+08 2.08e+02 7.7e-01 1.3e-02 0.771 0.786 0.00
  60 -5.212727745e+08 +5.56321951e+08 1.86e+02 7.2e-01 1.2e-02 0.771 0.787 0.00
  61 -5.212720321e+08 +5.56320466e+08 1.80e+02 6.8e-01 1.1e-02 0.770 0.787 0.00
  62 -5.212713567e+08 +5.56319116e+08 1.74e+02 6.4e-01 1.0e-02 0.770 0.787 0.00
  63 -5.212707386e+08 +5.56317879e+08 1.66e+02 6.1e-01 9.4e-03 0.770 0.787 0.00
  64 -5.212701697e+08 +5.56316742e+08 1.58e+02 5.8e-01 8.8e-03 0.770 0.787 0.00
  65 -5.212696435e+08 +5.56315689e+08 1.50e+02 5.5e-01 8.3e-03 0.770 0.787 0.00
  66 -5.212691545e+08 +5.56314711e+08 1.43e+02 5.3e-01 7.9e-03 0.770 0.787 0.00
  67 -5.212686985e+08 +5.56313799e+08 1.36e+02 5.1e-01 7.7e-03 0.770 0.787 0.00
  68 -5.212682716e+08 +5.56312945e+08 1.30e+02 4.9e-01 7.4e-03 0.770 0.788 0.00
  69 -5.212678711e+08 +5.56312144e+08 1.24e+02 4.8e-01 7.2e-03 0.770 0.787 0.00
  70 -5.212674946e+08 +5.56311391e+08 1.18e+02 4.7e-01 7.0e-03 0.769 0.788 0.00
  71 -5.212671400e+08 +5.56310682e+08 1.14e+02 4.6e-01 6.8e-03 0.769 0.788 0.00
  72 -5.212668053e+08 +5.56310013e+08 1.09e+02 4.4e-01 6.6e-03 0.769 0.788 0.00
  73 -5.212664887e+08 +5.56309380e+08 1.06e+02 4.3e-01 6.5e-03 0.769 0.788 0.00
  74 -5.212661884e+08 +5.56308779e+08 1.02e+02 4.3e-01 6.3e-03 0.769 0.788 0.00
  75 -5.212659033e+08 +5.56308209e+08 9.87e+01 4.2e-01 6.1e-03 0.769 0.788 0.00
  76 -5.212656321e+08 +5.56307666e+08 9.57e+01 4.1e-01 6.0e-03 0.769 0.788 0.00
  77 -5.212653739e+08 +5.56307150e+08 9.28e+01 4.0e-01 5.8e-03 0.769 0.788 0.00
  78 -5.212651277e+08 +5.56306658e+08 9.00e+01 3.9e-01 5.7e-03 0.769 0.788 0.00
  79 -5.212648925e+08 +5.56306187e+08 8.74e+01 3.8e-01 5.6e-03 0.768 0.788 0.00
  80 -5.212646676e+08 +5.56305737e+08 8.48e+01 3.7e-01 5.5e-03 0.768 0.788 0.00
  81 -5.212644522e+08 +5.56305307e+08 8.24e+01 3.7e-01 5.4e-03 0.768 0.788 0.00
  82 -5.212642455e+08 +5.56304893e+08 8.02e+01 3.6e-01 5.3e-03 0.768 0.788 0.00
  83 -5.212640471e+08 +5.56304496e+08 7.80e+01 3.6e-01 5.2e-03 0.768 0.788 0.00
  84 -5.212638561e+08 +5.56304114e+08 7.61e+01 3.5e-01 5.1e-03 0.768 0.788 0.00
  85 -5.212636721e+08 +5.56303747e+08 7.41e+01 3.4e-01 5.0e-03 0.768 0.788 0.00
  86 -5.212634948e+08 +5.56303392e+08 7.23e+01 3.4e-01 4.9e-03 0.768 0.789 0.00
  87 -5.212633236e+08 +5.56303049e+08 7.06e+01 3.3e-01 4.8e-03 0.768 0.789 0.00
  88 -5.212631582e+08 +5.56302719e+08 6.90e+01 3.3e-01 4.8e-03 0.768 0.789 0.00
  89 -5.212629983e+08 +5.56302399e+08 6.74e+01 3.3e-01 4.7e-03 0.768 0.789 0.00
  90 -5.212628435e+08 +5.56302089e+08 6.59e+01 3.2e-01 4.6e-03 0.767 0.789 0.00
  91 -5.212626932e+08 +5.56301789e+08 6.44e+01 3.2e-01 4.6e-03 0.767 0.789 0.00
  92 -5.212625473e+08 +5.56301497e+08 6.30e+01 3.1e-01 4.5e-03 0.767 0.789 0.00
  93 -5.212624055e+08 +5.56301213e+08 6.16e+01 3.1e-01 4.5e-03 0.767 0.789 0.00
  94 -5.212622676e+08 +5.56300937e+08 6.03e+01 3.1e-01 4.4e-03 0.767 0.789 0.00
  95 -5.212621332e+08 +5.56300669e+08 5.91e+01 3.1e-01 4.4e-03 0.767 0.789 0.00
  96 -5.212620024e+08 +5.56300407e+08 5.79e+01 3.0e-01 4.3e-03 0.767 0.789 0.00
  97 -5.212618750e+08 +5.56300152e+08 5.67e+01 3.0e-01 4.3e-03 0.767 0.789 0.00
  98 -5.212617507e+08 +5.56299904e+08 5.55e+01 3.0e-01 4.2e-03 0.767 0.789 0.00
  99 -5.212616293e+08 +5.56299661e+08 5.44e+01 2.9e-01 4.2e-03 0.767 0.789 0.00
 100 -5.212615108e+08 +5.56299424e+08 5.33e+01 2.9e-01 4.2e-03 0.767 0.789 0.00
> saveRDS(fit, file=paste0("../data/gom-data/topics",clustnum,".human.log.indv-cell.int19k.reg-",data.source,".rds"))
> 
> 
> #Run analyses for chimp data
> print("Loading chimp data")
[1] "Loading chimp data"
> 
> #Load data
> scrna <- paste0("../data/cellranger-data-full/data.filter.log.indv-cell.int19k.reg-",data.source,".rds")
> data <- readRDS(scrna)
> data <- subset(data, subset=Species=="Chimp")
> 
> #Prepare data (unintegrated count data)
> counts <- as.matrix(data@assays$RNA@counts) #do not use integrated data
> counts <- counts[rowSums(counts>0)>0,]      #remove genes with 0 counts across cells
> counts <- t(as.matrix(counts))              #fix matrix orientation (barcodes x features)
> rm(data)
> 
> #Fit fastTopics model and save data
> fit <- fit_poisson_nmf(counts, k=clustnum, numiter=100)
Using 4 RcppParallel threads.
Initializing factors using Topic SCORE algorithm.
Initializing loadings by running 10 SCD updates.
Using 4 RcppParallel threads.
Fitting rank-6 Poisson NMF to 53562 x 18072 dense matrix.
Running 100 SCD updates, without extrapolation (fastTopics 0.3-185).
iter   log-likelihood        deviance res(KKT)  |F-F'|  |L-L'| nz(F) nz(L) beta
   1 -5.485116643e+08 +5.96245034e+08 8.02e+03 1.3e+02 1.2e+00 0.818 0.612 0.00
   2 -5.440753246e+08 +5.87372355e+08 1.04e+04 2.0e+01 2.0e+00 0.821 0.696 0.00
   3 -5.421606409e+08 +5.83542987e+08 1.67e+03 1.6e+01 1.8e+00 0.815 0.661 0.00
   4 -5.411675801e+08 +5.81556866e+08 1.99e+03 1.7e+01 1.2e+00 0.812 0.666 0.00
   5 -5.405525793e+08 +5.80326864e+08 2.35e+03 1.5e+01 1.9e+00 0.808 0.667 0.00
   6 -5.401417709e+08 +5.79505247e+08 4.13e+03 1.6e+01 1.0e+00 0.806 0.668 0.00
   7 -5.398524958e+08 +5.78926697e+08 1.58e+03 1.6e+01 5.4e-01 0.805 0.666 0.00
   8 -5.396465423e+08 +5.78514790e+08 8.86e+02 1.5e+01 4.3e-01 0.805 0.664 0.00
   9 -5.395029158e+08 +5.78227537e+08 1.63e+03 1.2e+01 2.9e-01 0.805 0.662 0.00
  10 -5.394010838e+08 +5.78023873e+08 1.94e+03 9.2e+00 2.5e-01 0.806 0.659 0.00
  11 -5.393219218e+08 +5.77865549e+08 1.30e+03 7.2e+00 2.2e-01 0.807 0.655 0.00
  12 -5.392552274e+08 +5.77732160e+08 6.00e+02 5.8e+00 2.2e-01 0.808 0.652 0.00
  13 -5.392037732e+08 +5.77629252e+08 1.70e+02 4.6e+00 2.2e-01 0.809 0.650 0.00
  14 -5.391675294e+08 +5.77556764e+08 2.19e+02 3.5e+00 2.6e-01 0.810 0.647 0.00
  15 -5.391431682e+08 +5.77508042e+08 1.45e+02 2.6e+00 2.8e-01 0.810 0.644 0.00
  16 -5.391271089e+08 +5.77475923e+08 1.54e+02 1.9e+00 2.0e-01 0.810 0.643 0.00
  17 -5.391163815e+08 +5.77454468e+08 1.70e+02 1.3e+00 1.6e-01 0.810 0.641 0.00
  18 -5.391089577e+08 +5.77439621e+08 1.78e+02 1.1e+00 1.2e-01 0.810 0.641 0.00
  19 -5.391035740e+08 +5.77428853e+08 1.80e+02 9.8e-01 8.4e-02 0.810 0.640 0.00
  20 -5.390995110e+08 +5.77420727e+08 1.77e+02 9.1e-01 6.1e-02 0.810 0.640 0.00
  21 -5.390964079e+08 +5.77414521e+08 1.70e+02 8.3e-01 4.9e-02 0.810 0.640 0.00
  22 -5.390939794e+08 +5.77409664e+08 1.61e+02 7.6e-01 4.0e-02 0.810 0.640 0.00
  23 -5.390920410e+08 +5.77405787e+08 1.51e+02 6.8e-01 3.3e-02 0.810 0.640 0.00
  24 -5.390904738e+08 +5.77402653e+08 1.41e+02 6.2e-01 2.8e-02 0.810 0.641 0.00
  25 -5.390891921e+08 +5.77400090e+08 1.30e+02 5.6e-01 2.4e-02 0.810 0.641 0.00
  26 -5.390881347e+08 +5.77397975e+08 1.21e+02 5.0e-01 2.2e-02 0.810 0.641 0.00
  27 -5.390872562e+08 +5.77396218e+08 1.11e+02 4.5e-01 1.9e-02 0.810 0.642 0.00
  28 -5.390865234e+08 +5.77394752e+08 1.02e+02 4.1e-01 1.7e-02 0.810 0.642 0.00
  29 -5.390859094e+08 +5.77393524e+08 9.37e+01 3.7e-01 1.5e-02 0.810 0.642 0.00
  30 -5.390853921e+08 +5.77392490e+08 8.59e+01 3.3e-01 1.4e-02 0.810 0.642 0.00
  31 -5.390849545e+08 +5.77391614e+08 7.87e+01 3.0e-01 1.2e-02 0.809 0.643 0.00
  32 -5.390845831e+08 +5.77390872e+08 7.20e+01 2.8e-01 1.1e-02 0.810 0.643 0.00
  33 -5.390842668e+08 +5.77390239e+08 6.60e+01 2.5e-01 1.0e-02 0.809 0.643 0.00
  34 -5.390839962e+08 +5.77389698e+08 6.05e+01 2.3e-01 9.2e-03 0.809 0.643 0.00
  35 -5.390837643e+08 +5.77389234e+08 5.54e+01 2.1e-01 8.4e-03 0.809 0.643 0.00
  36 -5.390835651e+08 +5.77388836e+08 5.08e+01 1.9e-01 7.7e-03 0.809 0.643 0.00
  37 -5.390833935e+08 +5.77388492e+08 4.66e+01 1.8e-01 7.0e-03 0.809 0.644 0.00
  38 -5.390832454e+08 +5.77388196e+08 4.28e+01 1.6e-01 6.5e-03 0.809 0.644 0.00
  39 -5.390831174e+08 +5.77387940e+08 3.93e+01 1.5e-01 6.0e-03 0.809 0.644 0.00
  40 -5.390830065e+08 +5.77387718e+08 3.62e+01 1.4e-01 5.5e-03 0.809 0.644 0.00
  41 -5.390829104e+08 +5.77387526e+08 3.33e+01 1.3e-01 5.1e-03 0.809 0.644 0.00
  42 -5.390828270e+08 +5.77387359e+08 3.06e+01 1.2e-01 4.8e-03 0.809 0.644 0.00
  43 -5.390827546e+08 +5.77387214e+08 2.82e+01 1.1e-01 4.5e-03 0.809 0.644 0.00
  44 -5.390826916e+08 +5.77387088e+08 2.59e+01 1.0e-01 4.2e-03 0.809 0.644 0.00
  45 -5.390826367e+08 +5.77386979e+08 2.38e+01 9.3e-02 3.9e-03 0.809 0.644 0.00
  46 -5.390825888e+08 +5.77386883e+08 2.20e+01 8.7e-02 3.6e-03 0.809 0.644 0.00
  47 -5.390825470e+08 +5.77386799e+08 2.02e+01 8.2e-02 3.4e-03 0.809 0.644 0.00
  48 -5.390825105e+08 +5.77386726e+08 1.86e+01 7.7e-02 3.2e-03 0.809 0.644 0.00
  49 -5.390824785e+08 +5.77386662e+08 1.72e+01 7.2e-02 3.0e-03 0.809 0.645 0.00
  50 -5.390824505e+08 +5.77386606e+08 1.58e+01 6.8e-02 2.8e-03 0.809 0.645 0.00
  51 -5.390824260e+08 +5.77386557e+08 1.46e+01 6.4e-02 2.6e-03 0.809 0.645 0.00
  52 -5.390824045e+08 +5.77386514e+08 1.35e+01 6.1e-02 2.4e-03 0.809 0.645 0.00
  53 -5.390823856e+08 +5.77386476e+08 1.24e+01 5.7e-02 2.3e-03 0.809 0.645 0.00
  54 -5.390823689e+08 +5.77386443e+08 1.15e+01 5.4e-02 2.1e-03 0.809 0.645 0.00
  55 -5.390823543e+08 +5.77386414e+08 1.06e+01 5.1e-02 2.0e-03 0.809 0.645 0.00
  56 -5.390823415e+08 +5.77386388e+08 9.80e+00 4.8e-02 1.9e-03 0.809 0.645 0.00
  57 -5.390823302e+08 +5.77386366e+08 9.06e+00 4.5e-02 1.8e-03 0.809 0.645 0.00
  58 -5.390823202e+08 +5.77386346e+08 8.38e+00 4.2e-02 1.7e-03 0.809 0.645 0.00
  59 -5.390823114e+08 +5.77386328e+08 7.76e+00 4.0e-02 1.6e-03 0.809 0.645 0.00
  60 -5.390823036e+08 +5.77386313e+08 7.19e+00 3.8e-02 1.5e-03 0.809 0.645 0.00
  61 -5.390822968e+08 +5.77386299e+08 6.66e+00 3.5e-02 1.4e-03 0.809 0.645 0.00
  62 -5.390822908e+08 +5.77386287e+08 6.17e+00 3.3e-02 1.3e-03 0.809 0.645 0.00
  63 -5.390822854e+08 +5.77386276e+08 5.73e+00 3.1e-02 1.2e-03 0.809 0.645 0.00
  64 -5.390822807e+08 +5.77386267e+08 5.31e+00 3.0e-02 1.2e-03 0.809 0.645 0.00
  65 -5.390822765e+08 +5.77386258e+08 4.93e+00 2.8e-02 1.1e-03 0.809 0.645 0.00
  66 -5.390822728e+08 +5.77386251e+08 4.58e+00 2.6e-02 1.0e-03 0.809 0.645 0.00
  67 -5.390822696e+08 +5.77386245e+08 4.25e+00 2.5e-02 9.8e-04 0.809 0.645 0.00
  68 -5.390822667e+08 +5.77386239e+08 3.95e+00 2.3e-02 9.3e-04 0.809 0.645 0.00
  69 -5.390822641e+08 +5.77386234e+08 3.67e+00 2.2e-02 8.8e-04 0.809 0.645 0.00
  70 -5.390822619e+08 +5.77386229e+08 3.41e+00 2.1e-02 8.3e-04 0.809 0.645 0.00
  71 -5.390822599e+08 +5.77386225e+08 3.17e+00 2.0e-02 7.8e-04 0.809 0.645 0.00
  72 -5.390822581e+08 +5.77386222e+08 2.95e+00 1.9e-02 7.4e-04 0.809 0.645 0.00
  73 -5.390822565e+08 +5.77386218e+08 2.75e+00 1.7e-02 7.0e-04 0.809 0.645 0.00
  74 -5.390822551e+08 +5.77386215e+08 2.56e+00 1.6e-02 6.6e-04 0.809 0.645 0.00
  75 -5.390822538e+08 +5.77386213e+08 2.39e+00 1.6e-02 6.2e-04 0.809 0.645 0.00
  76 -5.390822527e+08 +5.77386211e+08 2.23e+00 1.5e-02 5.9e-04 0.809 0.645 0.00
  77 -5.390822517e+08 +5.77386209e+08 2.08e+00 1.4e-02 5.6e-04 0.809 0.645 0.00
  78 -5.390822508e+08 +5.77386207e+08 1.94e+00 1.3e-02 5.3e-04 0.809 0.645 0.00
  79 -5.390822500e+08 +5.77386205e+08 1.81e+00 1.2e-02 5.0e-04 0.809 0.645 0.00
  80 -5.390822493e+08 +5.77386204e+08 1.69e+00 1.2e-02 4.7e-04 0.809 0.645 0.00
  81 -5.390822487e+08 +5.77386203e+08 1.58e+00 1.1e-02 4.4e-04 0.809 0.645 0.00
  82 -5.390822481e+08 +5.77386202e+08 1.48e+00 1.0e-02 4.2e-04 0.809 0.645 0.00
  83 -5.390822476e+08 +5.77386201e+08 1.39e+00 9.8e-03 4.0e-04 0.809 0.645 0.00
  84 -5.390822472e+08 +5.77386200e+08 1.31e+00 9.3e-03 3.7e-04 0.809 0.645 0.00
  85 -5.390822468e+08 +5.77386199e+08 1.23e+00 8.7e-03 3.5e-04 0.809 0.645 0.00
  86 -5.390822465e+08 +5.77386198e+08 1.16e+00 8.2e-03 3.3e-04 0.809 0.645 0.00
  87 -5.390822462e+08 +5.77386198e+08 1.10e+00 7.8e-03 3.2e-04 0.809 0.645 0.00
  88 -5.390822459e+08 +5.77386197e+08 1.04e+00 7.3e-03 3.0e-04 0.809 0.645 0.00
  89 -5.390822456e+08 +5.77386197e+08 9.79e-01 6.9e-03 2.8e-04 0.809 0.645 0.00
  90 -5.390822454e+08 +5.77386196e+08 9.25e-01 6.5e-03 2.7e-04 0.809 0.645 0.00
  91 -5.390822452e+08 +5.77386196e+08 8.73e-01 6.2e-03 2.5e-04 0.809 0.645 0.00
  92 -5.390822450e+08 +5.77386195e+08 8.24e-01 5.8e-03 2.4e-04 0.809 0.645 0.00
  93 -5.390822449e+08 +5.77386195e+08 7.78e-01 5.5e-03 2.2e-04 0.809 0.645 0.00
  94 -5.390822448e+08 +5.77386195e+08 7.35e-01 5.2e-03 2.1e-04 0.809 0.645 0.00
  95 -5.390822446e+08 +5.77386195e+08 6.94e-01 4.9e-03 2.0e-04 0.809 0.645 0.00
  96 -5.390822445e+08 +5.77386194e+08 6.55e-01 4.6e-03 1.9e-04 0.809 0.645 0.00
  97 -5.390822444e+08 +5.77386194e+08 6.18e-01 4.4e-03 1.8e-04 0.809 0.645 0.00
  98 -5.390822443e+08 +5.77386194e+08 5.84e-01 4.1e-03 1.7e-04 0.809 0.645 0.00
  99 -5.390822443e+08 +5.77386194e+08 5.51e-01 3.9e-03 1.6e-04 0.809 0.645 0.00
 100 -5.390822442e+08 +5.77386194e+08 5.21e-01 3.7e-03 1.5e-04 0.809 0.645 0.00
> saveRDS(fit, file=paste0("../data/gom-data/topics",clustnum,".chimp.log.indv-cell.int19k.reg-",data.source,".rds"))
> 
> proc.time()
     user    system   elapsed 
79652.449  7526.902 43294.939 
