
R version 3.6.1 (2019-07-05) -- "Action of the Toes"
Copyright (C) 2019 The R Foundation for Statistical Computing
Platform: x86_64-pc-linux-gnu (64-bit)

R is free software and comes with ABSOLUTELY NO WARRANTY.
You are welcome to redistribute it under certain conditions.
Type 'license()' or 'licence()' for distribution details.

R is a collaborative project with many contributors.
Type 'contributors()' for more information and
'citation()' on how to cite R or R packages in publications.

Type 'demo()' for some demos, 'help()' for on-line help, or
'help.start()' for an HTML browser interface to help.
Type 'q()' to quit R.

> #Read in command line arguments as list of character vectors
> args=(commandArgs(TRUE))
> 
> #Check if arguments are passed and cycle through to evaluate each element
> if(length(args)==0){
+   print("No arguments supplied.")
+   #supply default values
+   clustnum=3
+   data.source="tot"
+ }else{
+   for(i in 1:length(args)){
+     eval(parse(text=args[[i]]))
+   }
+ }
> print(paste0("k: ",clustnum))
[1] "k: 7"
> print(paste0("data source: ",data.source))
[1] "data source: tot"
> 
> #Load libraries
> library(Seurat)
> library(CountClust)
Loading required package: ggplot2
> library(classtpx)
Loading required package: slam
> library(fastTopics)
> 
> 
> #Run analyses for human data
> print("Loading human data")
[1] "Loading human data"
> 
> #Load data
> scrna <- paste0("../data/cellranger-data-full/data.filter.log.indv-cell.int19k.reg-",data.source,".rds")
> data <- readRDS(scrna)
> data <- subset(data, subset=Species=="Human")
> 
> #Prepare data (unintegrated count data)
> counts <- as.matrix(data@assays$RNA@counts) #do not use integrated data
> counts <- counts[rowSums(counts>0)>0,]      #remove genes with 0 counts across cells
> counts <- t(as.matrix(counts))              #fix matrix orientation (barcodes x features)
> rm(data)
> 
> #Fit fastTopics model and save data
> fit <- fit_poisson_nmf(counts, k=clustnum, numiter=100)
Using 4 RcppParallel threads.
Initializing factors using Topic SCORE algorithm.
Initializing loadings by running 10 SCD updates.
Using 4 RcppParallel threads.
Fitting rank-7 Poisson NMF to 47972 x 18142 dense matrix.
Running 100 SCD updates, without extrapolation (fastTopics 0.3-185).
iter   log-likelihood        deviance res(KKT)  |F-F'|  |L-L'| nz(F) nz(L) beta
   1 -5.274202528e+08 +5.68616908e+08 1.16e+04 1.1e+02 1.2e+00 0.761 0.676 0.00
   2 -5.197127133e+08 +5.53201829e+08 1.23e+04 4.4e+01 3.2e+00 0.757 0.791 0.00
   3 -5.170290356e+08 +5.47834473e+08 1.35e+04 4.4e+01 1.6e+00 0.744 0.745 0.00
   4 -5.159211562e+08 +5.45618715e+08 2.15e+04 3.6e+01 2.3e+00 0.742 0.754 0.00
   5 -5.153482493e+08 +5.44472901e+08 2.49e+04 2.9e+01 2.9e-01 0.741 0.763 0.00
   6 -5.149974190e+08 +5.43771240e+08 1.98e+04 2.1e+01 1.9e-01 0.741 0.769 0.00
   7 -5.147899861e+08 +5.43356374e+08 5.68e+03 7.3e+00 1.6e-01 0.740 0.770 0.00
   8 -5.146645485e+08 +5.43105499e+08 3.05e+03 5.3e+00 1.3e-01 0.740 0.769 0.00
   9 -5.145806309e+08 +5.42937664e+08 1.73e+03 4.1e+00 1.1e-01 0.741 0.766 0.00
  10 -5.145190214e+08 +5.42814445e+08 1.64e+03 3.5e+00 9.8e-02 0.741 0.764 0.00
  11 -5.144712406e+08 +5.42718883e+08 1.54e+03 4.0e+00 9.3e-02 0.742 0.762 0.00
  12 -5.144329863e+08 +5.42642375e+08 1.43e+03 4.2e+00 8.6e-02 0.743 0.760 0.00
  13 -5.144018204e+08 +5.42580043e+08 1.34e+03 4.2e+00 7.8e-02 0.743 0.759 0.00
  14 -5.143759553e+08 +5.42528313e+08 1.30e+03 4.2e+00 7.1e-02 0.744 0.758 0.00
  15 -5.143540882e+08 +5.42484579e+08 2.43e+03 4.1e+00 6.3e-02 0.745 0.757 0.00
  16 -5.143352647e+08 +5.42446932e+08 2.70e+03 4.1e+00 5.8e-02 0.746 0.756 0.00
  17 -5.143188589e+08 +5.42414120e+08 2.69e+03 4.0e+00 5.5e-02 0.747 0.755 0.00
  18 -5.143044279e+08 +5.42385258e+08 2.59e+03 3.9e+00 5.4e-02 0.747 0.754 0.00
  19 -5.142916072e+08 +5.42359617e+08 2.45e+03 3.7e+00 5.2e-02 0.748 0.753 0.00
  20 -5.142800853e+08 +5.42336573e+08 2.29e+03 3.7e+00 5.1e-02 0.749 0.753 0.00
  21 -5.142696296e+08 +5.42315661e+08 2.12e+03 3.6e+00 4.9e-02 0.749 0.752 0.00
  22 -5.142600570e+08 +5.42296516e+08 1.95e+03 3.5e+00 4.8e-02 0.750 0.752 0.00
  23 -5.142512369e+08 +5.42278876e+08 1.79e+03 3.4e+00 4.7e-02 0.750 0.751 0.00
  24 -5.142430606e+08 +5.42262524e+08 1.64e+03 3.3e+00 4.7e-02 0.751 0.750 0.00
  25 -5.142354391e+08 +5.42247280e+08 1.52e+03 3.3e+00 4.6e-02 0.751 0.750 0.00
  26 -5.142283326e+08 +5.42233067e+08 1.41e+03 3.2e+00 4.5e-02 0.752 0.749 0.00
  27 -5.142217049e+08 +5.42219812e+08 1.31e+03 3.2e+00 4.5e-02 0.752 0.749 0.00
  28 -5.142155133e+08 +5.42207429e+08 1.20e+03 3.1e+00 4.4e-02 0.753 0.748 0.00
  29 -5.142097353e+08 +5.42195873e+08 1.10e+03 3.0e+00 4.3e-02 0.753 0.747 0.00
  30 -5.142043628e+08 +5.42185128e+08 1.01e+03 2.9e+00 4.2e-02 0.754 0.747 0.00
  31 -5.141993906e+08 +5.42175184e+08 9.28e+02 2.8e+00 4.1e-02 0.754 0.746 0.00
  32 -5.141948007e+08 +5.42166004e+08 8.78e+02 2.7e+00 4.0e-02 0.755 0.746 0.00
  33 -5.141905757e+08 +5.42157554e+08 8.63e+02 2.6e+00 3.8e-02 0.755 0.745 0.00
  34 -5.141866968e+08 +5.42149796e+08 8.46e+02 2.4e+00 3.7e-02 0.756 0.745 0.00
  35 -5.141831493e+08 +5.42142701e+08 8.24e+02 2.3e+00 3.6e-02 0.756 0.744 0.00
  36 -5.141799152e+08 +5.42136233e+08 8.03e+02 2.2e+00 3.5e-02 0.756 0.744 0.00
  37 -5.141769724e+08 +5.42130347e+08 7.89e+02 2.1e+00 3.3e-02 0.756 0.744 0.00
  38 -5.141742962e+08 +5.42124995e+08 7.78e+02 2.0e+00 3.2e-02 0.757 0.743 0.00
  39 -5.141718644e+08 +5.42120131e+08 7.69e+02 1.9e+00 3.0e-02 0.757 0.743 0.00
  40 -5.141696575e+08 +5.42115717e+08 7.61e+02 1.8e+00 2.9e-02 0.757 0.743 0.00
  41 -5.141676552e+08 +5.42111713e+08 7.54e+02 1.7e+00 2.7e-02 0.758 0.742 0.00
  42 -5.141658360e+08 +5.42108074e+08 7.46e+02 1.6e+00 2.6e-02 0.758 0.742 0.00
  43 -5.141641793e+08 +5.42104761e+08 7.37e+02 1.5e+00 2.5e-02 0.758 0.742 0.00
  44 -5.141626675e+08 +5.42101737e+08 7.27e+02 1.4e+00 2.4e-02 0.758 0.742 0.00
  45 -5.141612858e+08 +5.42098974e+08 7.20e+02 1.4e+00 2.2e-02 0.758 0.742 0.00
  46 -5.141600221e+08 +5.42096446e+08 7.12e+02 1.3e+00 2.1e-02 0.758 0.741 0.00
  47 -5.141588649e+08 +5.42094132e+08 7.02e+02 1.2e+00 2.0e-02 0.758 0.741 0.00
  48 -5.141578046e+08 +5.42092011e+08 6.93e+02 1.1e+00 1.9e-02 0.758 0.741 0.00
  49 -5.141568329e+08 +5.42090068e+08 6.86e+02 1.1e+00 1.8e-02 0.759 0.741 0.00
  50 -5.141559425e+08 +5.42088287e+08 6.78e+02 1.0e+00 1.8e-02 0.759 0.741 0.00
  51 -5.141551261e+08 +5.42086654e+08 6.71e+02 9.7e-01 1.7e-02 0.759 0.741 0.00
  52 -5.141543766e+08 +5.42085155e+08 6.63e+02 9.2e-01 1.6e-02 0.759 0.741 0.00
  53 -5.141536880e+08 +5.42083778e+08 6.55e+02 8.7e-01 1.5e-02 0.759 0.741 0.00
  54 -5.141530551e+08 +5.42082512e+08 6.46e+02 8.3e-01 1.4e-02 0.759 0.740 0.00
  55 -5.141524730e+08 +5.42081348e+08 6.36e+02 7.9e-01 1.4e-02 0.759 0.740 0.00
  56 -5.141519371e+08 +5.42080276e+08 6.27e+02 7.5e-01 1.3e-02 0.759 0.740 0.00
  57 -5.141514435e+08 +5.42079289e+08 6.17e+02 7.1e-01 1.2e-02 0.759 0.740 0.00
  58 -5.141509895e+08 +5.42078381e+08 4.68e+02 6.7e-01 1.2e-02 0.759 0.740 0.00
  59 -5.141505775e+08 +5.42077557e+08 4.31e+02 6.3e-01 1.1e-02 0.759 0.740 0.00
  60 -5.141502038e+08 +5.42076810e+08 3.79e+02 6.0e-01 1.0e-02 0.760 0.740 0.00
  61 -5.141498625e+08 +5.42076127e+08 3.44e+02 5.7e-01 9.9e-03 0.760 0.740 0.00
  62 -5.141495487e+08 +5.42075500e+08 3.20e+02 5.4e-01 9.4e-03 0.760 0.740 0.00
  63 -5.141492590e+08 +5.42074920e+08 3.00e+02 5.2e-01 8.9e-03 0.760 0.740 0.00
  64 -5.141489909e+08 +5.42074384e+08 2.83e+02 4.9e-01 8.5e-03 0.760 0.740 0.00
  65 -5.141487423e+08 +5.42073887e+08 2.69e+02 4.7e-01 8.1e-03 0.760 0.740 0.00
  66 -5.141485115e+08 +5.42073425e+08 2.56e+02 4.5e-01 7.7e-03 0.760 0.740 0.00
  67 -5.141482970e+08 +5.42072996e+08 2.44e+02 4.3e-01 7.4e-03 0.760 0.740 0.00
  68 -5.141480972e+08 +5.42072597e+08 2.33e+02 4.1e-01 7.1e-03 0.760 0.740 0.00
  69 -5.141479109e+08 +5.42072224e+08 2.25e+02 3.9e-01 6.7e-03 0.760 0.739 0.00
  70 -5.141477369e+08 +5.42071876e+08 2.17e+02 3.7e-01 6.5e-03 0.760 0.739 0.00
  71 -5.141475741e+08 +5.42071550e+08 2.11e+02 3.5e-01 6.2e-03 0.760 0.739 0.00
  72 -5.141474217e+08 +5.42071246e+08 2.05e+02 3.4e-01 5.9e-03 0.760 0.739 0.00
  73 -5.141472787e+08 +5.42070960e+08 2.00e+02 3.2e-01 5.7e-03 0.760 0.739 0.00
  74 -5.141471444e+08 +5.42070691e+08 1.96e+02 3.1e-01 5.4e-03 0.760 0.739 0.00
  75 -5.141470180e+08 +5.42070438e+08 1.91e+02 2.9e-01 5.2e-03 0.760 0.739 0.00
  76 -5.141468989e+08 +5.42070200e+08 1.88e+02 2.8e-01 5.0e-03 0.760 0.739 0.00
  77 -5.141467865e+08 +5.42069975e+08 1.85e+02 2.7e-01 4.8e-03 0.760 0.739 0.00
  78 -5.141466803e+08 +5.42069763e+08 1.82e+02 2.6e-01 4.6e-03 0.760 0.739 0.00
  79 -5.141465798e+08 +5.42069562e+08 1.79e+02 2.5e-01 4.4e-03 0.760 0.739 0.00
  80 -5.141464847e+08 +5.42069372e+08 1.76e+02 2.3e-01 4.2e-03 0.760 0.739 0.00
  81 -5.141463945e+08 +5.42069191e+08 1.74e+02 2.2e-01 4.1e-03 0.760 0.739 0.00
  82 -5.141463088e+08 +5.42069020e+08 1.71e+02 2.1e-01 4.1e-03 0.760 0.739 0.00
  83 -5.141462275e+08 +5.42068857e+08 1.69e+02 2.1e-01 4.0e-03 0.760 0.739 0.00
  84 -5.141461501e+08 +5.42068702e+08 1.67e+02 2.0e-01 4.0e-03 0.760 0.739 0.00
  85 -5.141460763e+08 +5.42068555e+08 1.65e+02 1.9e-01 4.0e-03 0.760 0.739 0.00
  86 -5.141460059e+08 +5.42068414e+08 1.63e+02 1.8e-01 3.9e-03 0.760 0.739 0.00
  87 -5.141459387e+08 +5.42068280e+08 1.61e+02 1.7e-01 3.9e-03 0.760 0.739 0.00
  88 -5.141458744e+08 +5.42068151e+08 1.59e+02 1.7e-01 3.9e-03 0.760 0.739 0.00
  89 -5.141458128e+08 +5.42068028e+08 1.58e+02 1.6e-01 3.8e-03 0.760 0.739 0.00
  90 -5.141457538e+08 +5.42067910e+08 1.56e+02 1.6e-01 3.8e-03 0.760 0.739 0.00
  91 -5.141456972e+08 +5.42067797e+08 1.54e+02 1.5e-01 3.7e-03 0.760 0.739 0.00
  92 -5.141456429e+08 +5.42067688e+08 1.53e+02 1.5e-01 3.7e-03 0.760 0.739 0.00
  93 -5.141455907e+08 +5.42067584e+08 1.51e+02 1.5e-01 3.7e-03 0.760 0.739 0.00
  94 -5.141455405e+08 +5.42067483e+08 1.50e+02 1.5e-01 3.6e-03 0.760 0.739 0.00
  95 -5.141454922e+08 +5.42067387e+08 1.49e+02 1.5e-01 3.6e-03 0.760 0.739 0.00
  96 -5.141454456e+08 +5.42067293e+08 1.48e+02 1.5e-01 3.6e-03 0.760 0.739 0.00
  97 -5.141454007e+08 +5.42067204e+08 1.47e+02 1.5e-01 3.5e-03 0.760 0.739 0.00
  98 -5.141453574e+08 +5.42067117e+08 1.46e+02 1.5e-01 3.5e-03 0.760 0.739 0.00
  99 -5.141453156e+08 +5.42067033e+08 1.44e+02 1.4e-01 3.5e-03 0.760 0.739 0.00
 100 -5.141452752e+08 +5.42066953e+08 1.44e+02 1.4e-01 3.4e-03 0.760 0.739 0.00
> saveRDS(fit, file=paste0("../data/gom-data/topics",clustnum,".human.log.indv-cell.int19k.reg-",data.source,".rds"))
> 
> 
> #Run analyses for chimp data
> print("Loading chimp data")
[1] "Loading chimp data"
> 
> #Load data
> scrna <- paste0("../data/cellranger-data-full/data.filter.log.indv-cell.int19k.reg-",data.source,".rds")
> data <- readRDS(scrna)
> data <- subset(data, subset=Species=="Chimp")
> 
> #Prepare data (unintegrated count data)
> counts <- as.matrix(data@assays$RNA@counts) #do not use integrated data
> counts <- counts[rowSums(counts>0)>0,]      #remove genes with 0 counts across cells
> counts <- t(as.matrix(counts))              #fix matrix orientation (barcodes x features)
> rm(data)
> 
> #Fit fastTopics model and save data
> fit <- fit_poisson_nmf(counts, k=clustnum, numiter=100)
Using 4 RcppParallel threads.
Initializing factors using Topic SCORE algorithm.
Initializing loadings by running 10 SCD updates.
Using 4 RcppParallel threads.
Fitting rank-7 Poisson NMF to 53562 x 18072 dense matrix.
Running 100 SCD updates, without extrapolation (fastTopics 0.3-185).
iter   log-likelihood        deviance res(KKT)  |F-F'|  |L-L'| nz(F) nz(L) beta
   1 -5.444881271e+08 +5.88197960e+08 1.14e+04 8.9e+01 1.3e+00 0.805 0.577 0.00
   2 -5.401258662e+08 +5.79473438e+08 5.89e+03 2.4e+01 1.9e+00 0.800 0.670 0.00
   3 -5.381407320e+08 +5.75503169e+08 1.16e+03 1.9e+01 1.5e+00 0.794 0.655 0.00
   4 -5.372697031e+08 +5.73761112e+08 1.47e+03 1.5e+01 1.0e+00 0.789 0.655 0.00
   5 -5.368453676e+08 +5.72912441e+08 1.26e+03 1.1e+01 5.5e-01 0.785 0.642 0.00
   6 -5.366043512e+08 +5.72430408e+08 1.08e+03 8.5e+00 6.7e-01 0.782 0.639 0.00
   7 -5.364471957e+08 +5.72116097e+08 9.74e+02 6.7e+00 3.0e-01 0.781 0.638 0.00
   8 -5.363369449e+08 +5.71895595e+08 9.77e+02 5.4e+00 2.3e-01 0.780 0.637 0.00
   9 -5.362552408e+08 +5.71732187e+08 8.18e+02 5.2e+00 2.1e-01 0.778 0.637 0.00
  10 -5.361912643e+08 +5.71604234e+08 7.88e+02 5.3e+00 2.0e-01 0.778 0.638 0.00
  11 -5.361402529e+08 +5.71502211e+08 7.75e+02 5.5e+00 1.9e-01 0.777 0.639 0.00
  12 -5.360978366e+08 +5.71417379e+08 6.18e+02 5.7e+00 1.8e-01 0.776 0.640 0.00
  13 -5.360611386e+08 +5.71343983e+08 5.94e+02 6.0e+00 1.8e-01 0.776 0.641 0.00
  14 -5.360281532e+08 +5.71278012e+08 5.63e+02 6.3e+00 1.6e-01 0.776 0.642 0.00
  15 -5.359972081e+08 +5.71216122e+08 5.91e+02 6.7e+00 1.5e-01 0.776 0.643 0.00
  16 -5.359658423e+08 +5.71153390e+08 6.39e+02 7.4e+00 1.3e-01 0.776 0.643 0.00
  17 -5.359310740e+08 +5.71083853e+08 5.64e+02 8.3e+00 1.3e-01 0.776 0.643 0.00
  18 -5.358911042e+08 +5.71003914e+08 5.89e+02 9.3e+00 1.5e-01 0.776 0.642 0.00
  19 -5.358463133e+08 +5.70914332e+08 6.00e+02 1.0e+01 1.7e-01 0.777 0.642 0.00
  20 -5.357997005e+08 +5.70821106e+08 5.80e+02 9.8e+00 2.0e-01 0.778 0.642 0.00
  21 -5.357547061e+08 +5.70731117e+08 5.28e+02 8.8e+00 2.0e-01 0.778 0.642 0.00
  22 -5.357125481e+08 +5.70646802e+08 4.59e+02 7.5e+00 1.9e-01 0.779 0.641 0.00
  23 -5.356733958e+08 +5.70568497e+08 5.47e+02 6.4e+00 1.8e-01 0.780 0.639 0.00
  24 -5.356368102e+08 +5.70495326e+08 8.62e+02 5.3e+00 1.6e-01 0.780 0.637 0.00
  25 -5.356023061e+08 +5.70426318e+08 1.16e+03 4.4e+00 1.5e-01 0.781 0.635 0.00
  26 -5.355691302e+08 +5.70359966e+08 1.22e+03 3.7e+00 1.4e-01 0.782 0.633 0.00
  27 -5.355363596e+08 +5.70294425e+08 9.39e+02 3.9e+00 1.4e-01 0.783 0.631 0.00
  28 -5.355029753e+08 +5.70227656e+08 5.87e+02 4.0e+00 1.4e-01 0.784 0.629 0.00
  29 -5.354687568e+08 +5.70159219e+08 4.10e+02 4.1e+00 1.6e-01 0.785 0.628 0.00
  30 -5.354333799e+08 +5.70088465e+08 3.68e+02 4.2e+00 1.9e-01 0.785 0.626 0.00
  31 -5.353960201e+08 +5.70013746e+08 3.24e+02 4.1e+00 2.1e-01 0.786 0.625 0.00
  32 -5.353560103e+08 +5.69933726e+08 2.80e+02 4.1e+00 2.4e-01 0.786 0.624 0.00
  33 -5.353129362e+08 +5.69847578e+08 2.36e+02 3.9e+00 2.5e-01 0.786 0.623 0.00
  34 -5.352670329e+08 +5.69755771e+08 2.20e+02 3.7e+00 2.6e-01 0.786 0.622 0.00
  35 -5.352191567e+08 +5.69660019e+08 2.42e+02 3.4e+00 2.5e-01 0.786 0.621 0.00
  36 -5.351702718e+08 +5.69562249e+08 2.58e+02 3.3e+00 2.6e-01 0.787 0.620 0.00
  37 -5.351213662e+08 +5.69464438e+08 2.55e+02 3.2e+00 2.7e-01 0.787 0.619 0.00
  38 -5.350731346e+08 +5.69367975e+08 2.43e+02 3.0e+00 2.6e-01 0.787 0.619 0.00
  39 -5.350259906e+08 +5.69273687e+08 2.28e+02 2.8e+00 2.6e-01 0.786 0.618 0.00
  40 -5.349800328e+08 +5.69181771e+08 2.24e+02 2.6e+00 2.6e-01 0.786 0.618 0.00
  41 -5.349350551e+08 +5.69091816e+08 2.18e+02 2.4e+00 2.5e-01 0.787 0.618 0.00
  42 -5.348906802e+08 +5.69003066e+08 2.10e+02 2.4e+00 2.5e-01 0.787 0.618 0.00
  43 -5.348463875e+08 +5.68914480e+08 5.42e+02 2.5e+00 2.5e-01 0.787 0.618 0.00
  44 -5.348013671e+08 +5.68824440e+08 1.30e+03 3.2e+00 2.5e-01 0.787 0.618 0.00
  45 -5.347534950e+08 +5.68728695e+08 1.62e+03 4.9e+00 2.5e-01 0.787 0.618 0.00
  46 -5.346990043e+08 +5.68619714e+08 1.30e+03 6.1e+00 2.5e-01 0.787 0.617 0.00
  47 -5.346411178e+08 +5.68503941e+08 4.55e+02 4.7e+00 2.5e-01 0.788 0.617 0.00
  48 -5.345908667e+08 +5.68403439e+08 3.27e+02 2.5e+00 2.5e-01 0.788 0.616 0.00
  49 -5.345511171e+08 +5.68323940e+08 3.43e+02 2.3e+00 2.2e-01 0.787 0.616 0.00
  50 -5.345202561e+08 +5.68262218e+08 3.55e+02 2.0e+00 1.9e-01 0.787 0.616 0.00
  51 -5.344964120e+08 +5.68214529e+08 3.63e+02 1.8e+00 1.6e-01 0.786 0.616 0.00
  52 -5.344778816e+08 +5.68177469e+08 3.63e+02 1.6e+00 1.3e-01 0.785 0.616 0.00
  53 -5.344631423e+08 +5.68147990e+08 3.61e+02 1.5e+00 1.0e-01 0.785 0.617 0.00
  54 -5.344511608e+08 +5.68124027e+08 3.57e+02 1.5e+00 8.6e-02 0.784 0.617 0.00
  55 -5.344411912e+08 +5.68104088e+08 3.51e+02 1.4e+00 7.5e-02 0.783 0.618 0.00
  56 -5.344327139e+08 +5.68087133e+08 3.40e+02 1.4e+00 6.6e-02 0.782 0.619 0.00
  57 -5.344253595e+08 +5.68072424e+08 3.51e+02 1.4e+00 6.0e-02 0.781 0.620 0.00
  58 -5.344188995e+08 +5.68059504e+08 3.63e+02 1.4e+00 5.5e-02 0.779 0.621 0.00
  59 -5.344131647e+08 +5.68048035e+08 3.70e+02 1.3e+00 5.2e-02 0.778 0.622 0.00
  60 -5.344080331e+08 +5.68037771e+08 3.74e+02 1.3e+00 5.0e-02 0.777 0.623 0.00
  61 -5.344034105e+08 +5.68028526e+08 3.73e+02 1.3e+00 4.9e-02 0.776 0.624 0.00
  62 -5.343992583e+08 +5.68020222e+08 3.69e+02 1.3e+00 4.7e-02 0.775 0.625 0.00
  63 -5.343955449e+08 +5.68012795e+08 3.67e+02 1.2e+00 4.6e-02 0.774 0.626 0.00
  64 -5.343922428e+08 +5.68006191e+08 3.80e+02 1.2e+00 4.5e-02 0.773 0.627 0.00
  65 -5.343892788e+08 +5.68000263e+08 3.89e+02 1.2e+00 4.3e-02 0.773 0.628 0.00
  66 -5.343865871e+08 +5.67994880e+08 3.96e+02 1.2e+00 4.2e-02 0.772 0.629 0.00
  67 -5.343841221e+08 +5.67989949e+08 4.00e+02 1.2e+00 4.1e-02 0.771 0.630 0.00
  68 -5.343818483e+08 +5.67985402e+08 4.01e+02 1.1e+00 3.9e-02 0.770 0.631 0.00
  69 -5.343797398e+08 +5.67981185e+08 4.00e+02 1.1e+00 3.8e-02 0.769 0.632 0.00
  70 -5.343777786e+08 +5.67977263e+08 3.95e+02 1.1e+00 3.7e-02 0.768 0.632 0.00
  71 -5.343759534e+08 +5.67973612e+08 3.88e+02 1.1e+00 3.6e-02 0.768 0.633 0.00
  72 -5.343742590e+08 +5.67970223e+08 3.78e+02 1.1e+00 3.5e-02 0.767 0.634 0.00
  73 -5.343726702e+08 +5.67967046e+08 3.67e+02 1.0e+00 3.4e-02 0.767 0.634 0.00
  74 -5.343711692e+08 +5.67964044e+08 3.55e+02 1.0e+00 3.2e-02 0.766 0.635 0.00
  75 -5.343697382e+08 +5.67961182e+08 3.42e+02 9.8e-01 3.1e-02 0.766 0.636 0.00
  76 -5.343683661e+08 +5.67958437e+08 3.28e+02 9.6e-01 3.0e-02 0.765 0.636 0.00
  77 -5.343670454e+08 +5.67955796e+08 3.13e+02 9.4e-01 3.0e-02 0.765 0.637 0.00
  78 -5.343657719e+08 +5.67953249e+08 2.97e+02 9.2e-01 2.9e-02 0.764 0.637 0.00
  79 -5.343645442e+08 +5.67950794e+08 2.81e+02 8.9e-01 2.8e-02 0.764 0.638 0.00
  80 -5.343633645e+08 +5.67948434e+08 2.64e+02 8.7e-01 2.7e-02 0.764 0.638 0.00
  81 -5.343622367e+08 +5.67946179e+08 2.46e+02 8.5e-01 2.6e-02 0.763 0.639 0.00
  82 -5.343611554e+08 +5.67944016e+08 2.28e+02 8.4e-01 2.6e-02 0.763 0.639 0.00
  83 -5.343601179e+08 +5.67941941e+08 2.11e+02 8.2e-01 2.5e-02 0.763 0.639 0.00
  84 -5.343591220e+08 +5.67939949e+08 2.06e+02 8.1e-01 2.5e-02 0.762 0.640 0.00
  85 -5.343581712e+08 +5.67938048e+08 2.07e+02 7.9e-01 2.4e-02 0.762 0.640 0.00
  86 -5.343572687e+08 +5.67936243e+08 2.05e+02 7.7e-01 2.4e-02 0.761 0.640 0.00
  87 -5.343564130e+08 +5.67934531e+08 2.02e+02 7.5e-01 2.3e-02 0.761 0.640 0.00
  88 -5.343556024e+08 +5.67932910e+08 1.99e+02 7.2e-01 2.3e-02 0.761 0.641 0.00
  89 -5.343548351e+08 +5.67931376e+08 1.96e+02 7.0e-01 2.2e-02 0.761 0.641 0.00
  90 -5.343541094e+08 +5.67929924e+08 1.91e+02 6.7e-01 2.2e-02 0.760 0.641 0.00
  91 -5.343534235e+08 +5.67928552e+08 1.88e+02 6.5e-01 2.1e-02 0.760 0.641 0.00
  92 -5.343527757e+08 +5.67927257e+08 1.84e+02 6.3e-01 2.1e-02 0.760 0.642 0.00
  93 -5.343521634e+08 +5.67926032e+08 1.81e+02 6.2e-01 2.0e-02 0.760 0.642 0.00
  94 -5.343515852e+08 +5.67924876e+08 1.78e+02 6.0e-01 1.9e-02 0.759 0.642 0.00
  95 -5.343510385e+08 +5.67923782e+08 1.75e+02 5.8e-01 1.9e-02 0.759 0.642 0.00
  96 -5.343505206e+08 +5.67922747e+08 1.72e+02 5.6e-01 1.8e-02 0.759 0.642 0.00
  97 -5.343500326e+08 +5.67921771e+08 1.18e+02 3.4e-01 1.8e-02 0.759 0.642 0.00
  98 -5.343495979e+08 +5.67920901e+08 1.13e+02 4.7e-01 1.7e-02 0.758 0.642 0.00
  99 -5.343492175e+08 +5.67920140e+08 1.07e+02 4.6e-01 1.6e-02 0.758 0.642 0.00
 100 -5.343488799e+08 +5.67919465e+08 1.01e+02 4.3e-01 1.6e-02 0.758 0.642 0.00
> saveRDS(fit, file=paste0("../data/gom-data/topics",clustnum,".chimp.log.indv-cell.int19k.reg-",data.source,".rds"))
> 
> proc.time()
    user   system  elapsed 
88720.48  7311.51 45316.35 
