
R version 3.6.1 (2019-07-05) -- "Action of the Toes"
Copyright (C) 2019 The R Foundation for Statistical Computing
Platform: x86_64-pc-linux-gnu (64-bit)

R is free software and comes with ABSOLUTELY NO WARRANTY.
You are welcome to redistribute it under certain conditions.
Type 'license()' or 'licence()' for distribution details.

R is a collaborative project with many contributors.
Type 'contributors()' for more information and
'citation()' on how to cite R or R packages in publications.

Type 'demo()' for some demos, 'help()' for on-line help, or
'help.start()' for an HTML browser interface to help.
Type 'q()' to quit R.

> #Read in command line arguments as list of character vectors
> args=(commandArgs(TRUE))
> 
> #Check if arguments are passed and cycle through to evaluate each element
> if(length(args)==0){
+   print("No arguments supplied.")
+   #supply default values
+   clustnum=3
+   data.source="tot"
+ }else{
+   for(i in 1:length(args)){
+     eval(parse(text=args[[i]]))
+   }
+ }
> print(paste0("k: ",clustnum))
[1] "k: 3"
> print(paste0("data source: ",data.source))
[1] "data source: tot"
> 
> #Load libraries
> library(Seurat)
> library(CountClust)
Loading required package: ggplot2
> library(classtpx)
Loading required package: slam
> library(fastTopics)
> 
> #Load data
> scrna <- paste0("../data/cellranger-data-full/data.filter.log.indv-cell.int19k.reg-",data.source,".rds")
> data <- readRDS(scrna)
> 
> #Prepare data (unintegrated count data)
> counts <- as.matrix(data@assays$RNA@counts) #do not use integrated data
> counts <- counts[rowSums(counts>0)>0,]      #remove genes with 0 counts across cells
> counts <- t(as.matrix(counts))              #fix matrix orientation (barcodes x features)
> 
> #Batch correct counts - don't correct for species
> labelBatch1 <- as.factor(paste0(data@meta.data$Pair,data@meta.data$Replicate)[which(rownames(data@meta.data) %in% rownames(counts))])
> countsBC1 <- BatchCorrectedCounts(counts, labelBatch1, use_parallel=FALSE)
> rm(data,counts)
> 
> #Fit fastTopics model and save data
> fit <- fit_poisson_nmf(countsBC1, k=clustnum, numiter=100)
Using 4 RcppParallel threads.
Initializing factors using Topic SCORE algorithm.
Initializing loadings by running 10 SCD updates.
Using 4 RcppParallel threads.
Fitting rank-3 Poisson NMF to 101534 x 18454 dense matrix.
Running 100 SCD updates, without extrapolation (fastTopics 0.3-185).
iter   log-likelihood        deviance res(KKT)  |F-F'|  |L-L'| nz(F) nz(L) beta
   1 -1.124437989e+09 +1.26423925e+09 1.14e+04 4.3e+01 2.3e-01 0.895 0.918 0.00
   2 -1.122913790e+09 +1.26119085e+09 3.06e+03 8.4e+00 1.0e+00 0.903 0.895 0.00
   3 -1.122648015e+09 +1.26065930e+09 1.76e+03 3.7e+00 3.9e-01 0.901 0.881 0.00
   4 -1.122585038e+09 +1.26053334e+09 1.15e+02 1.5e+00 3.2e-01 0.902 0.868 0.00
   5 -1.122566702e+09 +1.26049667e+09 8.80e+01 6.7e-01 6.1e-02 0.903 0.865 0.00
   6 -1.122557371e+09 +1.26047801e+09 7.19e+01 4.7e-01 2.9e-02 0.903 0.863 0.00
   7 -1.122551966e+09 +1.26046720e+09 6.03e+01 3.4e-01 2.4e-02 0.904 0.862 0.00
   8 -1.122548643e+09 +1.26046055e+09 5.08e+01 2.6e-01 2.1e-02 0.904 0.861 0.00
   9 -1.122546552e+09 +1.26045637e+09 4.29e+01 2.0e-01 1.7e-02 0.904 0.861 0.00
  10 -1.122545196e+09 +1.26045366e+09 3.62e+01 1.6e-01 1.4e-02 0.904 0.860 0.00
  11 -1.122544299e+09 +1.26045187e+09 3.06e+01 1.3e-01 1.2e-02 0.904 0.860 0.00
  12 -1.122543696e+09 +1.26045066e+09 2.58e+01 1.1e-01 9.4e-03 0.905 0.860 0.00
  13 -1.122543284e+09 +1.26044984e+09 2.18e+01 9.3e-02 7.7e-03 0.905 0.859 0.00
  14 -1.122543001e+09 +1.26044927e+09 1.84e+01 7.8e-02 6.2e-03 0.905 0.859 0.00
  15 -1.122542805e+09 +1.26044888e+09 1.55e+01 6.5e-02 5.1e-03 0.905 0.859 0.00
  16 -1.122542668e+09 +1.26044860e+09 1.31e+01 5.5e-02 4.2e-03 0.905 0.859 0.00
  17 -1.122542572e+09 +1.26044841e+09 1.11e+01 4.6e-02 3.5e-03 0.905 0.859 0.00
  18 -1.122542504e+09 +1.26044828e+09 9.33e+00 3.9e-02 2.9e-03 0.905 0.859 0.00
  19 -1.122542457e+09 +1.26044818e+09 7.87e+00 3.2e-02 2.5e-03 0.905 0.858 0.00
  20 -1.122542423e+09 +1.26044811e+09 6.64e+00 2.7e-02 2.1e-03 0.905 0.858 0.00
  21 -1.122542400e+09 +1.26044807e+09 5.59e+00 2.3e-02 1.8e-03 0.905 0.858 0.00
  22 -1.122542383e+09 +1.26044803e+09 4.72e+00 1.9e-02 1.5e-03 0.905 0.858 0.00
  23 -1.122542371e+09 +1.26044801e+09 3.97e+00 1.6e-02 1.3e-03 0.905 0.858 0.00
  24 -1.122542363e+09 +1.26044799e+09 3.35e+00 1.4e-02 1.1e-03 0.905 0.858 0.00
  25 -1.122542357e+09 +1.26044798e+09 2.82e+00 1.2e-02 8.9e-04 0.905 0.858 0.00
  26 -1.122542353e+09 +1.26044797e+09 2.38e+00 9.7e-03 7.5e-04 0.905 0.858 0.00
  27 -1.122542350e+09 +1.26044797e+09 2.00e+00 8.2e-03 6.3e-04 0.905 0.858 0.00
  28 -1.122542348e+09 +1.26044796e+09 1.69e+00 6.9e-03 5.3e-04 0.905 0.858 0.00
  29 -1.122542347e+09 +1.26044796e+09 1.42e+00 5.8e-03 4.5e-04 0.905 0.858 0.00
  30 -1.122542346e+09 +1.26044796e+09 1.20e+00 4.9e-03 3.8e-04 0.905 0.858 0.00
  31 -1.122542345e+09 +1.26044796e+09 1.01e+00 4.1e-03 3.2e-04 0.905 0.858 0.00
  32 -1.122542344e+09 +1.26044796e+09 8.47e-01 3.5e-03 2.7e-04 0.905 0.858 0.00
  33 -1.122542344e+09 +1.26044796e+09 7.13e-01 2.9e-03 2.3e-04 0.905 0.858 0.00
  34 -1.122542344e+09 +1.26044796e+09 6.00e-01 2.5e-03 1.9e-04 0.905 0.858 0.00
  35 -1.122542343e+09 +1.26044795e+09 5.05e-01 2.1e-03 1.6e-04 0.905 0.858 0.00
  36 -1.122542343e+09 +1.26044795e+09 4.25e-01 1.7e-03 1.3e-04 0.905 0.858 0.00
  37 -1.122542343e+09 +1.26044795e+09 3.58e-01 1.5e-03 1.1e-04 0.905 0.858 0.00
  38 -1.122542343e+09 +1.26044795e+09 3.01e-01 1.2e-03 9.5e-05 0.905 0.858 0.00
  39 -1.122542343e+09 +1.26044795e+09 2.53e-01 1.0e-03 8.0e-05 0.905 0.858 0.00
  40 -1.122542343e+09 +1.26044795e+09 2.13e-01 8.7e-04 6.8e-05 0.905 0.858 0.00
  41 -1.122542343e+09 +1.26044795e+09 1.79e-01 7.3e-04 5.7e-05 0.905 0.858 0.00
  42 -1.122542343e+09 +1.26044795e+09 1.51e-01 6.2e-04 4.8e-05 0.905 0.858 0.00
  43 -1.122542343e+09 +1.26044795e+09 1.27e-01 5.2e-04 4.0e-05 0.905 0.858 0.00
  44 -1.122542343e+09 +1.26044795e+09 1.07e-01 4.4e-04 3.4e-05 0.905 0.858 0.00
  45 -1.122542343e+09 +1.26044795e+09 8.99e-02 3.7e-04 2.8e-05 0.905 0.858 0.00
  46 -1.122542343e+09 +1.26044795e+09 7.56e-02 3.1e-04 2.4e-05 0.905 0.858 0.00
  47 -1.122542343e+09 +1.26044795e+09 6.37e-02 2.6e-04 2.0e-05 0.905 0.858 0.00
  48 -1.122542343e+09 +1.26044795e+09 5.36e-02 2.2e-04 1.7e-05 0.905 0.858 0.00
  49 -1.122542343e+09 +1.26044795e+09 4.51e-02 1.8e-04 1.4e-05 0.905 0.858 0.00
  50 -1.122542343e+09 +1.26044795e+09 3.80e-02 1.6e-04 1.2e-05 0.905 0.858 0.00
  51 -1.122542343e+09 +1.26044795e+09 3.20e-02 1.3e-04 1.0e-05 0.905 0.858 0.00
  52 -1.122542343e+09 +1.26044795e+09 2.69e-02 1.1e-04 8.5e-06 0.905 0.858 0.00
  53 -1.122542343e+09 +1.26044795e+09 2.27e-02 9.3e-05 7.2e-06 0.905 0.858 0.00
  54 -1.122542343e+09 +1.26044795e+09 1.91e-02 7.8e-05 6.1e-06 0.905 0.858 0.00
  55 -1.122542343e+09 +1.26044795e+09 1.61e-02 6.6e-05 5.8e-06 0.905 0.858 0.00
  56 -1.122542343e+09 +1.26044795e+09 1.35e-02 5.5e-05 5.4e-06 0.905 0.858 0.00
  57 -1.122542343e+09 +1.26044795e+09 1.14e-02 4.7e-05 5.4e-06 0.905 0.858 0.00
  58 -1.122542343e+09 +1.26044795e+09 9.60e-03 3.9e-05 5.4e-06 0.905 0.858 0.00
  59 -1.122542343e+09 +1.26044795e+09 8.09e-03 3.3e-05 5.4e-06 0.905 0.858 0.00
  60 -1.122542343e+09 +1.26044795e+09 6.82e-03 2.8e-05 5.3e-06 0.905 0.858 0.00
  61 -1.122542343e+09 +1.26044795e+09 5.75e-03 2.3e-05 5.2e-06 0.905 0.858 0.00
  62 -1.122542343e+09 +1.26044795e+09 4.85e-03 2.0e-05 5.1e-06 0.905 0.858 0.00
  63 -1.122542343e+09 +1.26044795e+09 4.09e-03 1.7e-05 5.0e-06 0.905 0.858 0.00
  64 -1.122542343e+09 +1.26044795e+09 3.45e-03 1.4e-05 4.9e-06 0.905 0.858 0.00
  65 -1.122542343e+09 +1.26044795e+09 2.92e-03 1.2e-05 4.8e-06 0.905 0.858 0.00
  66 -1.122542343e+09 +1.26044795e+09 2.77e-03 1.0e-05 4.7e-06 0.905 0.858 0.00
  67 -1.122542343e+09 +1.26044795e+09 2.65e-03 8.5e-06 4.6e-06 0.905 0.858 0.00
  68 -1.122542343e+09 +1.26044795e+09 2.53e-03 7.1e-06 4.4e-06 0.905 0.858 0.00
  69 -1.122542343e+09 +1.26044795e+09 2.42e-03 6.0e-06 4.3e-06 0.905 0.858 0.00
  70 -1.122542343e+09 +1.26044795e+09 2.32e-03 5.1e-06 4.2e-06 0.905 0.858 0.00
  71 -1.122542343e+09 +1.26044795e+09 2.22e-03 4.3e-06 4.1e-06 0.905 0.858 0.00
  72 -1.122542343e+09 +1.26044795e+09 2.12e-03 3.7e-06 4.0e-06 0.905 0.858 0.00
  73 -1.122542343e+09 +1.26044795e+09 2.03e-03 3.1e-06 3.8e-06 0.905 0.858 0.00
  74 -1.122542343e+09 +1.26044795e+09 1.94e-03 2.7e-06 3.7e-06 0.905 0.858 0.00
  75 -1.122542343e+09 +1.26044795e+09 1.86e-03 2.4e-06 3.6e-06 0.905 0.858 0.00
  76 -1.122542343e+09 +1.26044795e+09 1.78e-03 2.1e-06 3.5e-06 0.905 0.858 0.00
  77 -1.122542343e+09 +1.26044795e+09 1.71e-03 1.9e-06 3.4e-06 0.905 0.858 0.00
  78 -1.122542343e+09 +1.26044795e+09 1.63e-03 1.7e-06 3.3e-06 0.905 0.858 0.00
  79 -1.122542343e+09 +1.26044795e+09 1.57e-03 1.5e-06 3.2e-06 0.905 0.858 0.00
  80 -1.122542343e+09 +1.26044795e+09 1.50e-03 1.3e-06 3.1e-06 0.905 0.858 0.00
  81 -1.122542343e+09 +1.26044795e+09 1.44e-03 1.2e-06 3.0e-06 0.905 0.858 0.00
  82 -1.122542343e+09 +1.26044795e+09 1.38e-03 1.0e-06 2.9e-06 0.905 0.858 0.00
  83 -1.122542343e+09 +1.26044795e+09 1.32e-03 9.4e-07 2.8e-06 0.905 0.858 0.00
  84 -1.122542343e+09 +1.26044795e+09 1.27e-03 8.5e-07 2.7e-06 0.905 0.858 0.00
  85 -1.122542343e+09 +1.26044795e+09 1.22e-03 7.8e-07 2.6e-06 0.905 0.858 0.00
  86 -1.122542343e+09 +1.26044795e+09 1.18e-03 7.2e-07 2.5e-06 0.905 0.858 0.00
  87 -1.122542343e+09 +1.26044795e+09 1.14e-03 6.6e-07 2.4e-06 0.905 0.858 0.00
  88 -1.122542343e+09 +1.26044795e+09 1.10e-03 6.1e-07 2.4e-06 0.905 0.858 0.00
  89 -1.122542343e+09 +1.26044795e+09 1.06e-03 5.7e-07 2.3e-06 0.905 0.858 0.00
  90 -1.122542343e+09 +1.26044795e+09 1.02e-03 5.3e-07 2.2e-06 0.905 0.858 0.00
  91 -1.122542343e+09 +1.26044795e+09 9.85e-04 4.9e-07 2.1e-06 0.905 0.858 0.00
  92 -1.122542343e+09 +1.26044795e+09 9.51e-04 4.6e-07 2.1e-06 0.905 0.858 0.00
  93 -1.122542343e+09 +1.26044795e+09 9.18e-04 4.3e-07 2.0e-06 0.905 0.858 0.00
  94 -1.122542343e+09 +1.26044795e+09 8.86e-04 4.1e-07 1.9e-06 0.905 0.858 0.00
  95 -1.122542343e+09 +1.26044795e+09 8.55e-04 3.9e-07 1.9e-06 0.905 0.858 0.00
  96 -1.122542343e+09 +1.26044795e+09 8.25e-04 3.6e-07 1.8e-06 0.905 0.858 0.00
  97 -1.122542343e+09 +1.26044795e+09 7.97e-04 3.5e-07 1.8e-06 0.905 0.858 0.00
  98 -1.122542343e+09 +1.26044795e+09 7.69e-04 3.3e-07 1.7e-06 0.905 0.858 0.00
  99 -1.122542343e+09 +1.26044795e+09 7.43e-04 3.1e-07 1.6e-06 0.905 0.858 0.00
 100 -1.122542343e+09 +1.26044795e+09 7.17e-04 3.0e-07 1.6e-06 0.905 0.858 0.00
> saveRDS(fit, file=paste0("../data/gom-data/topics",clustnum,".log.indv-cell.int19k.reg-",data.source,".bc1.rds"))
> 
> proc.time()
     user    system   elapsed 
66246.926  8041.243 44750.671 
