
R version 3.6.1 (2019-07-05) -- "Action of the Toes"
Copyright (C) 2019 The R Foundation for Statistical Computing
Platform: x86_64-pc-linux-gnu (64-bit)

R is free software and comes with ABSOLUTELY NO WARRANTY.
You are welcome to redistribute it under certain conditions.
Type 'license()' or 'licence()' for distribution details.

R is a collaborative project with many contributors.
Type 'contributors()' for more information and
'citation()' on how to cite R or R packages in publications.

Type 'demo()' for some demos, 'help()' for on-line help, or
'help.start()' for an HTML browser interface to help.
Type 'q()' to quit R.

> #Read in command line arguments as list of character vectors
> args=(commandArgs(TRUE))
> 
> #Check if arguments are passed and cycle through to evaluate each element
> if(length(args)==0){
+   print("No arguments supplied.")
+   #supply default values
+   clustnum=3
+   data.source="tot"
+ }else{
+   for(i in 1:length(args)){
+     eval(parse(text=args[[i]]))
+   }
+ }
> print(paste0("k: ",clustnum))
[1] "k: 4"
> print(paste0("data source: ",data.source))
[1] "data source: tot"
> 
> #Load libraries
> library(Seurat)
> library(CountClust)
Loading required package: ggplot2
> library(classtpx)
Loading required package: slam
> library(fastTopics)
> 
> 
> #Run analyses for human data
> print("Loading human data")
[1] "Loading human data"
> 
> #Load data
> scrna <- paste0("../data/cellranger-data-full/data.filter.log.indv-cell.int19k.reg-",data.source,".rds")
> data <- readRDS(scrna)
> data <- subset(data, subset=Species=="Human")
> 
> #Prepare data (unintegrated count data)
> counts <- as.matrix(data@assays$RNA@counts) #do not use integrated data
> counts <- counts[rowSums(counts>0)>0,]      #remove genes with 0 counts across cells
> counts <- t(as.matrix(counts))              #fix matrix orientation (barcodes x features)
> 
> #Batch correct counts - don't correct for species
> labelBatch1 <- as.factor(paste0(data@meta.data$Pair,data@meta.data$Replicate)[which(rownames(data@meta.data) %in% rownames(counts))])
> countsBC1 <- BatchCorrectedCounts(counts, labelBatch1, use_parallel=FALSE)
> rm(data,counts)
> 
> #Fit fastTopics model and save data
> fit <- fit_poisson_nmf(countsBC1, k=clustnum, numiter=100)
Using 4 RcppParallel threads.
Initializing factors using Topic SCORE algorithm.
Initializing loadings by running 10 SCD updates.
Using 4 RcppParallel threads.
Fitting rank-4 Poisson NMF to 47972 x 18142 dense matrix.
Running 100 SCD updates, without extrapolation (fastTopics 0.3-185).
iter   log-likelihood        deviance res(KKT)  |F-F'|  |L-L'| nz(F) nz(L) beta
   1 -5.284209046e+08 +5.71591150e+08 4.60e+04 1.3e+02 4.9e-01 0.779 0.885 0.00
   2 -5.245265143e+08 +5.63802369e+08 1.73e+04 4.4e+01 1.6e+00 0.789 0.908 0.00
   3 -5.232970060e+08 +5.61343352e+08 1.21e+04 3.6e+01 6.2e-01 0.794 0.893 0.00
   4 -5.226164751e+08 +5.59982291e+08 9.21e+03 3.4e+01 3.2e-01 0.801 0.884 0.00
   5 -5.221908470e+08 +5.59131034e+08 8.07e+03 3.3e+01 2.4e-01 0.806 0.877 0.00
   6 -5.219111243e+08 +5.58571589e+08 7.17e+03 3.1e+01 2.2e-01 0.809 0.872 0.00
   7 -5.217245775e+08 +5.58198495e+08 6.57e+03 2.8e+01 1.9e-01 0.812 0.870 0.00
   8 -5.216002650e+08 +5.57949870e+08 5.90e+03 2.3e+01 1.5e-01 0.813 0.868 0.00
   9 -5.215166885e+08 +5.57782717e+08 5.01e+03 1.7e+01 1.2e-01 0.815 0.868 0.00
  10 -5.214593279e+08 +5.57667996e+08 3.96e+03 1.2e+01 9.8e-02 0.815 0.867 0.00
  11 -5.214189051e+08 +5.57587151e+08 2.93e+03 8.9e+00 8.2e-02 0.816 0.868 0.00
  12 -5.213895230e+08 +5.57528386e+08 2.02e+03 7.7e+00 7.0e-02 0.816 0.868 0.00
  13 -5.213675288e+08 +5.57484398e+08 1.26e+03 6.6e+00 5.9e-02 0.816 0.868 0.00
  14 -5.213506665e+08 +5.57450673e+08 9.13e+02 5.7e+00 5.1e-02 0.817 0.869 0.00
  15 -5.213374610e+08 +5.57424262e+08 8.08e+02 4.9e+00 4.4e-02 0.817 0.870 0.00
  16 -5.213270498e+08 +5.57403440e+08 8.01e+02 4.1e+00 3.8e-02 0.817 0.871 0.00
  17 -5.213188463e+08 +5.57387033e+08 7.35e+02 3.5e+00 3.3e-02 0.818 0.871 0.00
  18 -5.213123925e+08 +5.57374125e+08 6.64e+02 2.8e+00 3.0e-02 0.818 0.871 0.00
  19 -5.213073259e+08 +5.57363992e+08 5.93e+02 2.0e+00 2.8e-02 0.818 0.872 0.00
  20 -5.213032727e+08 +5.57355886e+08 5.28e+02 1.3e+00 2.6e-02 0.818 0.872 0.00
  21 -5.212999467e+08 +5.57349234e+08 4.67e+02 1.2e+00 2.4e-02 0.818 0.872 0.00
  22 -5.212971843e+08 +5.57343709e+08 4.11e+02 1.0e+00 2.2e-02 0.818 0.872 0.00
  23 -5.212948633e+08 +5.57339067e+08 3.63e+02 9.2e-01 2.0e-02 0.818 0.872 0.00
  24 -5.212928938e+08 +5.57335128e+08 3.23e+02 8.3e-01 1.8e-02 0.819 0.872 0.00
  25 -5.212912086e+08 +5.57331758e+08 2.86e+02 7.5e-01 1.6e-02 0.819 0.871 0.00
  26 -5.212897528e+08 +5.57328846e+08 2.52e+02 7.2e-01 1.5e-02 0.819 0.871 0.00
  27 -5.212884872e+08 +5.57326315e+08 2.24e+02 7.1e-01 1.4e-02 0.819 0.871 0.00
  28 -5.212873811e+08 +5.57324103e+08 1.98e+02 7.0e-01 1.3e-02 0.820 0.871 0.00
  29 -5.212864061e+08 +5.57322153e+08 1.78e+02 6.9e-01 1.2e-02 0.820 0.871 0.00
  30 -5.212855424e+08 +5.57320425e+08 1.58e+02 6.8e-01 1.1e-02 0.820 0.870 0.00
  31 -5.212847719e+08 +5.57318884e+08 1.41e+02 6.6e-01 9.9e-03 0.820 0.870 0.00
  32 -5.212840799e+08 +5.57317500e+08 1.26e+02 6.5e-01 9.2e-03 0.820 0.870 0.00
  33 -5.212834545e+08 +5.57316249e+08 1.25e+02 6.4e-01 8.5e-03 0.820 0.870 0.00
  34 -5.212828875e+08 +5.57315115e+08 1.25e+02 6.3e-01 7.9e-03 0.820 0.870 0.00
  35 -5.212823710e+08 +5.57314082e+08 1.26e+02 6.2e-01 7.3e-03 0.820 0.869 0.00
  36 -5.212818967e+08 +5.57313134e+08 1.26e+02 6.1e-01 6.8e-03 0.820 0.869 0.00
  37 -5.212814588e+08 +5.57312258e+08 1.27e+02 6.0e-01 6.5e-03 0.820 0.869 0.00
  38 -5.212810529e+08 +5.57311446e+08 1.27e+02 5.9e-01 6.4e-03 0.821 0.869 0.00
  39 -5.212806755e+08 +5.57310691e+08 1.27e+02 5.8e-01 6.4e-03 0.821 0.869 0.00
  40 -5.212803235e+08 +5.57309987e+08 1.27e+02 5.7e-01 6.3e-03 0.821 0.869 0.00
  41 -5.212799951e+08 +5.57309331e+08 1.25e+02 5.6e-01 6.1e-03 0.821 0.868 0.00
  42 -5.212796879e+08 +5.57308716e+08 1.23e+02 5.5e-01 6.0e-03 0.821 0.868 0.00
  43 -5.212793996e+08 +5.57308140e+08 1.22e+02 5.4e-01 5.9e-03 0.821 0.868 0.00
  44 -5.212791290e+08 +5.57307598e+08 1.20e+02 5.2e-01 5.8e-03 0.821 0.868 0.00
  45 -5.212788747e+08 +5.57307090e+08 1.18e+02 5.1e-01 5.7e-03 0.821 0.868 0.00
  46 -5.212786348e+08 +5.57306610e+08 1.16e+02 5.0e-01 5.5e-03 0.821 0.868 0.00
  47 -5.212784082e+08 +5.57306157e+08 1.13e+02 4.9e-01 5.4e-03 0.821 0.868 0.00
  48 -5.212781941e+08 +5.57305729e+08 1.11e+02 4.8e-01 5.3e-03 0.821 0.868 0.00
  49 -5.212779920e+08 +5.57305324e+08 1.11e+02 4.7e-01 5.2e-03 0.822 0.867 0.00
  50 -5.212778009e+08 +5.57304942e+08 1.10e+02 4.6e-01 5.1e-03 0.822 0.867 0.00
  51 -5.212776202e+08 +5.57304581e+08 1.09e+02 4.4e-01 5.0e-03 0.822 0.867 0.00
  52 -5.212774494e+08 +5.57304239e+08 1.07e+02 4.3e-01 4.8e-03 0.822 0.867 0.00
  53 -5.212772880e+08 +5.57303916e+08 1.05e+02 4.2e-01 4.7e-03 0.822 0.867 0.00
  54 -5.212771355e+08 +5.57303611e+08 1.04e+02 4.1e-01 4.6e-03 0.822 0.867 0.00
  55 -5.212769918e+08 +5.57303324e+08 1.02e+02 4.0e-01 4.5e-03 0.822 0.867 0.00
  56 -5.212768564e+08 +5.57303053e+08 9.98e+01 3.9e-01 4.3e-03 0.822 0.867 0.00
  57 -5.212767289e+08 +5.57302798e+08 9.74e+01 3.7e-01 4.2e-03 0.822 0.867 0.00
  58 -5.212766089e+08 +5.57302558e+08 9.48e+01 3.6e-01 4.1e-03 0.822 0.867 0.00
  59 -5.212764958e+08 +5.57302332e+08 9.22e+01 3.5e-01 4.0e-03 0.822 0.866 0.00
  60 -5.212763893e+08 +5.57302119e+08 8.97e+01 3.4e-01 3.8e-03 0.822 0.866 0.00
  61 -5.212762890e+08 +5.57301918e+08 8.70e+01 3.3e-01 3.7e-03 0.822 0.866 0.00
  62 -5.212761946e+08 +5.57301730e+08 8.45e+01 3.2e-01 3.6e-03 0.822 0.866 0.00
  63 -5.212761058e+08 +5.57301552e+08 8.21e+01 3.1e-01 3.5e-03 0.822 0.866 0.00
  64 -5.212760223e+08 +5.57301385e+08 7.96e+01 3.0e-01 3.4e-03 0.822 0.866 0.00
  65 -5.212759439e+08 +5.57301228e+08 7.70e+01 2.9e-01 3.3e-03 0.822 0.866 0.00
  66 -5.212758703e+08 +5.57301081e+08 7.44e+01 2.8e-01 3.2e-03 0.822 0.866 0.00
  67 -5.212758013e+08 +5.57300943e+08 7.18e+01 2.7e-01 3.1e-03 0.822 0.866 0.00
  68 -5.212757366e+08 +5.57300814e+08 6.92e+01 2.6e-01 3.0e-03 0.822 0.866 0.00
  69 -5.212756761e+08 +5.57300693e+08 6.67e+01 2.5e-01 2.9e-03 0.822 0.866 0.00
  70 -5.212756195e+08 +5.57300579e+08 6.41e+01 2.4e-01 2.8e-03 0.822 0.866 0.00
  71 -5.212755665e+08 +5.57300473e+08 6.17e+01 2.3e-01 2.7e-03 0.822 0.866 0.00
  72 -5.212755170e+08 +5.57300374e+08 5.93e+01 2.3e-01 2.6e-03 0.823 0.866 0.00
  73 -5.212754707e+08 +5.57300282e+08 5.70e+01 2.2e-01 2.4e-03 0.823 0.865 0.00
  74 -5.212754275e+08 +5.57300195e+08 5.47e+01 2.1e-01 2.3e-03 0.823 0.865 0.00
  75 -5.212753872e+08 +5.57300115e+08 5.24e+01 2.0e-01 2.2e-03 0.823 0.865 0.00
  76 -5.212753496e+08 +5.57300040e+08 5.03e+01 2.0e-01 2.1e-03 0.823 0.865 0.00
  77 -5.212753145e+08 +5.57299969e+08 4.83e+01 1.9e-01 2.0e-03 0.823 0.865 0.00
  78 -5.212752819e+08 +5.57299904e+08 4.63e+01 1.8e-01 1.9e-03 0.823 0.865 0.00
  79 -5.212752514e+08 +5.57299843e+08 4.44e+01 1.7e-01 1.9e-03 0.823 0.865 0.00
  80 -5.212752231e+08 +5.57299786e+08 4.25e+01 1.7e-01 1.8e-03 0.823 0.865 0.00
  81 -5.212751966e+08 +5.57299734e+08 4.08e+01 1.6e-01 1.7e-03 0.823 0.865 0.00
  82 -5.212751721e+08 +5.57299684e+08 3.91e+01 1.6e-01 1.6e-03 0.823 0.865 0.00
  83 -5.212751492e+08 +5.57299639e+08 3.75e+01 1.5e-01 1.6e-03 0.823 0.865 0.00
  84 -5.212751279e+08 +5.57299596e+08 3.60e+01 1.4e-01 1.5e-03 0.823 0.865 0.00
  85 -5.212751082e+08 +5.57299557e+08 3.45e+01 1.4e-01 1.5e-03 0.823 0.865 0.00
  86 -5.212750898e+08 +5.57299520e+08 3.31e+01 1.3e-01 1.4e-03 0.823 0.865 0.00
  87 -5.212750728e+08 +5.57299486e+08 3.18e+01 1.3e-01 1.4e-03 0.823 0.865 0.00
  88 -5.212750570e+08 +5.57299454e+08 3.05e+01 1.2e-01 1.3e-03 0.823 0.865 0.00
  89 -5.212750423e+08 +5.57299425e+08 2.92e+01 1.2e-01 1.3e-03 0.823 0.865 0.00
  90 -5.212750288e+08 +5.57299398e+08 2.80e+01 1.1e-01 1.2e-03 0.823 0.865 0.00
  91 -5.212750163e+08 +5.57299373e+08 2.68e+01 1.1e-01 1.2e-03 0.823 0.865 0.00
  92 -5.212750047e+08 +5.57299350e+08 2.56e+01 1.0e-01 1.1e-03 0.823 0.865 0.00
  93 -5.212749940e+08 +5.57299328e+08 2.45e+01 1.0e-01 1.1e-03 0.823 0.865 0.00
  94 -5.212749841e+08 +5.57299308e+08 2.34e+01 9.6e-02 1.0e-03 0.823 0.865 0.00
  95 -5.212749749e+08 +5.57299290e+08 2.24e+01 9.2e-02 9.9e-04 0.823 0.865 0.00
  96 -5.212749664e+08 +5.57299273e+08 2.14e+01 8.9e-02 9.5e-04 0.823 0.865 0.00
  97 -5.212749586e+08 +5.57299258e+08 2.04e+01 8.5e-02 9.2e-04 0.823 0.865 0.00
  98 -5.212749514e+08 +5.57299243e+08 1.95e+01 8.1e-02 8.8e-04 0.823 0.864 0.00
  99 -5.212749447e+08 +5.57299230e+08 1.86e+01 7.8e-02 8.5e-04 0.823 0.864 0.00
 100 -5.212749386e+08 +5.57299218e+08 1.77e+01 7.5e-02 8.2e-04 0.823 0.864 0.00
> saveRDS(fit, file=paste0("../data/gom-data/topics",clustnum,".human.log.indv-cell.int19k.reg-",data.source,".bc1.rds"))
> 
> 
> #Run analyses for chimp data
> print("Loading chimp data")
[1] "Loading chimp data"
> 
> #Load data
> scrna <- paste0("../data/cellranger-data-full/data.filter.log.indv-cell.int19k.reg-",data.source,".rds")
> data <- readRDS(scrna)
> data <- subset(data, subset=Species=="Chimp")
> 
> #Prepare data (unintegrated count data)
> counts <- as.matrix(data@assays$RNA@counts) #do not use integrated data
> counts <- counts[rowSums(counts>0)>0,]      #remove genes with 0 counts across cells
> counts <- t(as.matrix(counts))              #fix matrix orientation (barcodes x features)
> 
> #Batch correct counts - don't correct for species
> labelBatch1 <- as.factor(paste0(data@meta.data$Pair,data@meta.data$Replicate)[which(rownames(data@meta.data) %in% rownames(counts))])
> countsBC1 <- BatchCorrectedCounts(counts, labelBatch1, use_parallel=FALSE)
> rm(data,counts)
> 
> #Fit fastTopics model and save data
> fit <- fit_poisson_nmf(countsBC1, k=clustnum, numiter=100)
Using 4 RcppParallel threads.
Initializing factors using Topic SCORE algorithm.
Initializing loadings by running 10 SCD updates.
Using 4 RcppParallel threads.
Fitting rank-4 Poisson NMF to 53562 x 18072 dense matrix.
Running 100 SCD updates, without extrapolation (fastTopics 0.3-185).
iter   log-likelihood        deviance res(KKT)  |F-F'|  |L-L'| nz(F) nz(L) beta
   1 -5.459949082e+08 +5.92654842e+08 1.35e+04 2.6e+02 1.3e+00 0.817 0.770 0.00
   2 -5.421522453e+08 +5.84969516e+08 5.16e+03 5.0e+01 2.0e+00 0.848 0.842 0.00
   3 -5.409384535e+08 +5.82541932e+08 4.65e+03 1.7e+01 7.1e-01 0.849 0.826 0.00
   4 -5.401183406e+08 +5.80901707e+08 3.66e+03 2.0e+01 8.7e-01 0.852 0.821 0.00
   5 -5.394921871e+08 +5.79649400e+08 2.43e+03 1.9e+01 4.6e-01 0.853 0.824 0.00
   6 -5.390566646e+08 +5.78778355e+08 1.51e+03 1.4e+01 3.7e-01 0.854 0.827 0.00
   7 -5.388002661e+08 +5.78265558e+08 1.15e+03 7.3e+00 2.7e-01 0.855 0.827 0.00
   8 -5.386574256e+08 +5.77979877e+08 8.23e+02 4.6e+00 2.0e-01 0.856 0.826 0.00
   9 -5.385707903e+08 +5.77806606e+08 5.95e+02 3.3e+00 1.7e-01 0.856 0.825 0.00
  10 -5.385120903e+08 +5.77689206e+08 4.39e+02 2.6e+00 1.4e-01 0.856 0.823 0.00
  11 -5.384692385e+08 +5.77603502e+08 4.09e+02 2.4e+00 1.2e-01 0.856 0.822 0.00
  12 -5.384360749e+08 +5.77537175e+08 3.86e+02 2.2e+00 9.9e-02 0.857 0.821 0.00
  13 -5.384095306e+08 +5.77484087e+08 3.64e+02 2.1e+00 8.5e-02 0.857 0.820 0.00
  14 -5.383877491e+08 +5.77440524e+08 3.43e+02 2.1e+00 7.4e-02 0.857 0.819 0.00
  15 -5.383695409e+08 +5.77404107e+08 3.21e+02 2.0e+00 6.4e-02 0.857 0.818 0.00
  16 -5.383541789e+08 +5.77373383e+08 3.00e+02 1.9e+00 5.7e-02 0.857 0.817 0.00
  17 -5.383411019e+08 +5.77347229e+08 2.80e+02 1.8e+00 5.1e-02 0.857 0.816 0.00
  18 -5.383299227e+08 +5.77324871e+08 2.61e+02 1.7e+00 4.6e-02 0.857 0.816 0.00
  19 -5.383202341e+08 +5.77305494e+08 2.46e+02 1.6e+00 4.2e-02 0.858 0.815 0.00
  20 -5.383116579e+08 +5.77288341e+08 2.31e+02 1.6e+00 3.8e-02 0.858 0.815 0.00
  21 -5.383040240e+08 +5.77273073e+08 2.17e+02 1.6e+00 3.7e-02 0.858 0.814 0.00
  22 -5.382972047e+08 +5.77259435e+08 2.04e+02 1.6e+00 3.7e-02 0.858 0.814 0.00
  23 -5.382910962e+08 +5.77247218e+08 1.92e+02 1.5e+00 3.6e-02 0.858 0.813 0.00
  24 -5.382856083e+08 +5.77236242e+08 1.80e+02 1.5e+00 3.5e-02 0.859 0.813 0.00
  25 -5.382806769e+08 +5.77226379e+08 1.69e+02 1.4e+00 3.4e-02 0.859 0.812 0.00
  26 -5.382762543e+08 +5.77217534e+08 1.58e+02 1.4e+00 3.3e-02 0.859 0.812 0.00
  27 -5.382722931e+08 +5.77209612e+08 1.48e+02 1.3e+00 3.2e-02 0.859 0.811 0.00
  28 -5.382687539e+08 +5.77202533e+08 1.39e+02 1.2e+00 3.0e-02 0.859 0.811 0.00
  29 -5.382656004e+08 +5.77196226e+08 1.30e+02 1.2e+00 2.9e-02 0.860 0.811 0.00
  30 -5.382627977e+08 +5.77190621e+08 1.21e+02 1.1e+00 2.7e-02 0.860 0.810 0.00
  31 -5.382603132e+08 +5.77185652e+08 1.13e+02 1.0e+00 2.6e-02 0.860 0.810 0.00
  32 -5.382581215e+08 +5.77181268e+08 1.06e+02 9.7e-01 2.5e-02 0.860 0.810 0.00
  33 -5.382561975e+08 +5.77177420e+08 9.84e+01 9.1e-01 2.3e-02 0.860 0.809 0.00
  34 -5.382545161e+08 +5.77174058e+08 9.16e+01 8.4e-01 2.1e-02 0.860 0.809 0.00
  35 -5.382530533e+08 +5.77171132e+08 8.51e+01 7.8e-01 2.0e-02 0.860 0.809 0.00
  36 -5.382517858e+08 +5.77168597e+08 7.90e+01 7.1e-01 1.8e-02 0.860 0.808 0.00
  37 -5.382506921e+08 +5.77166410e+08 7.33e+01 6.6e-01 1.6e-02 0.860 0.808 0.00
  38 -5.382497460e+08 +5.77164517e+08 6.81e+01 6.0e-01 1.5e-02 0.860 0.808 0.00
  39 -5.382489076e+08 +5.77162841e+08 6.37e+01 5.7e-01 1.4e-02 0.860 0.808 0.00
  40 -5.382481635e+08 +5.77161352e+08 5.97e+01 5.4e-01 1.3e-02 0.861 0.808 0.00
  41 -5.382475055e+08 +5.77160036e+08 5.59e+01 5.1e-01 1.3e-02 0.861 0.807 0.00
  42 -5.382469259e+08 +5.77158877e+08 5.23e+01 4.8e-01 1.2e-02 0.861 0.807 0.00
  43 -5.382464171e+08 +5.77157860e+08 4.89e+01 4.4e-01 1.1e-02 0.861 0.807 0.00
  44 -5.382459710e+08 +5.77156967e+08 4.57e+01 4.1e-01 1.1e-02 0.861 0.807 0.00
  45 -5.382455803e+08 +5.77156186e+08 4.26e+01 3.9e-01 1.0e-02 0.861 0.807 0.00
  46 -5.382452385e+08 +5.77155502e+08 3.98e+01 3.6e-01 9.5e-03 0.861 0.807 0.00
  47 -5.382449402e+08 +5.77154906e+08 3.72e+01 3.3e-01 8.8e-03 0.861 0.806 0.00
  48 -5.382446805e+08 +5.77154386e+08 3.47e+01 3.1e-01 8.2e-03 0.861 0.806 0.00
  49 -5.382444537e+08 +5.77153933e+08 3.24e+01 2.9e-01 7.6e-03 0.861 0.806 0.00
  50 -5.382442542e+08 +5.77153534e+08 3.04e+01 2.7e-01 7.1e-03 0.861 0.806 0.00
  51 -5.382440789e+08 +5.77153183e+08 2.85e+01 2.5e-01 6.8e-03 0.861 0.806 0.00
  52 -5.382439250e+08 +5.77152875e+08 2.67e+01 2.3e-01 6.4e-03 0.861 0.806 0.00
  53 -5.382437900e+08 +5.77152605e+08 2.50e+01 2.2e-01 6.0e-03 0.861 0.806 0.00
  54 -5.382436715e+08 +5.77152368e+08 2.34e+01 2.0e-01 5.6e-03 0.861 0.806 0.00
  55 -5.382435678e+08 +5.77152161e+08 2.19e+01 1.9e-01 5.2e-03 0.860 0.806 0.00
  56 -5.382434769e+08 +5.77151979e+08 2.05e+01 1.8e-01 4.9e-03 0.860 0.805 0.00
  57 -5.382433974e+08 +5.77151820e+08 1.91e+01 1.6e-01 4.5e-03 0.861 0.805 0.00
  58 -5.382433280e+08 +5.77151681e+08 1.79e+01 1.5e-01 4.2e-03 0.861 0.805 0.00
  59 -5.382432674e+08 +5.77151560e+08 1.67e+01 1.4e-01 3.9e-03 0.861 0.805 0.00
  60 -5.382432146e+08 +5.77151455e+08 1.56e+01 1.3e-01 3.7e-03 0.861 0.805 0.00
  61 -5.382431686e+08 +5.77151363e+08 1.46e+01 1.2e-01 3.4e-03 0.861 0.805 0.00
  62 -5.382431286e+08 +5.77151283e+08 1.36e+01 1.1e-01 3.2e-03 0.861 0.805 0.00
  63 -5.382430938e+08 +5.77151213e+08 1.27e+01 1.1e-01 2.9e-03 0.861 0.805 0.00
  64 -5.382430636e+08 +5.77151153e+08 1.18e+01 9.7e-02 2.7e-03 0.861 0.805 0.00
  65 -5.382430373e+08 +5.77151100e+08 1.10e+01 9.0e-02 2.5e-03 0.861 0.805 0.00
  66 -5.382430146e+08 +5.77151055e+08 1.02e+01 8.4e-02 2.3e-03 0.861 0.805 0.00
  67 -5.382429948e+08 +5.77151015e+08 9.55e+00 7.8e-02 2.2e-03 0.861 0.805 0.00
  68 -5.382429776e+08 +5.77150981e+08 8.89e+00 7.2e-02 2.0e-03 0.860 0.805 0.00
  69 -5.382429628e+08 +5.77150951e+08 8.28e+00 6.6e-02 1.9e-03 0.860 0.805 0.00
  70 -5.382429499e+08 +5.77150925e+08 7.71e+00 6.2e-02 1.8e-03 0.860 0.805 0.00
  71 -5.382429387e+08 +5.77150903e+08 7.18e+00 5.7e-02 1.6e-03 0.860 0.805 0.00
  72 -5.382429291e+08 +5.77150884e+08 6.68e+00 5.3e-02 1.5e-03 0.860 0.805 0.00
  73 -5.382429207e+08 +5.77150867e+08 6.22e+00 4.9e-02 1.4e-03 0.860 0.805 0.00
  74 -5.382429134e+08 +5.77150852e+08 5.79e+00 4.5e-02 1.3e-03 0.860 0.805 0.00
  75 -5.382429072e+08 +5.77150840e+08 5.39e+00 4.2e-02 1.2e-03 0.861 0.805 0.00
  76 -5.382429017e+08 +5.77150829e+08 5.02e+00 3.9e-02 1.2e-03 0.860 0.805 0.00
  77 -5.382428970e+08 +5.77150819e+08 4.67e+00 3.6e-02 1.1e-03 0.860 0.805 0.00
  78 -5.382428930e+08 +5.77150811e+08 4.34e+00 3.4e-02 1.0e-03 0.861 0.805 0.00
  79 -5.382428894e+08 +5.77150804e+08 4.04e+00 3.1e-02 9.4e-04 0.860 0.805 0.00
  80 -5.382428864e+08 +5.77150798e+08 3.76e+00 2.9e-02 8.7e-04 0.861 0.805 0.00
  81 -5.382428837e+08 +5.77150793e+08 3.50e+00 2.7e-02 8.2e-04 0.861 0.805 0.00
  82 -5.382428814e+08 +5.77150788e+08 3.26e+00 2.5e-02 7.6e-04 0.860 0.805 0.00
  83 -5.382428795e+08 +5.77150784e+08 3.03e+00 2.3e-02 7.1e-04 0.861 0.805 0.00
  84 -5.382428777e+08 +5.77150781e+08 2.82e+00 2.1e-02 6.6e-04 0.861 0.805 0.00
  85 -5.382428763e+08 +5.77150778e+08 2.62e+00 2.0e-02 6.1e-04 0.861 0.805 0.00
  86 -5.382428750e+08 +5.77150775e+08 2.44e+00 1.8e-02 5.7e-04 0.861 0.805 0.00
  87 -5.382428739e+08 +5.77150773e+08 2.27e+00 1.7e-02 5.3e-04 0.861 0.805 0.00
  88 -5.382428729e+08 +5.77150771e+08 2.12e+00 1.6e-02 5.0e-04 0.861 0.805 0.00
  89 -5.382428721e+08 +5.77150770e+08 1.97e+00 1.5e-02 4.6e-04 0.861 0.805 0.00
  90 -5.382428713e+08 +5.77150768e+08 1.83e+00 1.4e-02 4.3e-04 0.861 0.805 0.00
  91 -5.382428707e+08 +5.77150767e+08 1.70e+00 1.3e-02 4.0e-04 0.860 0.805 0.00
  92 -5.382428702e+08 +5.77150766e+08 1.58e+00 1.2e-02 3.7e-04 0.861 0.805 0.00
  93 -5.382428697e+08 +5.77150765e+08 1.47e+00 1.1e-02 3.5e-04 0.861 0.805 0.00
  94 -5.382428693e+08 +5.77150764e+08 1.37e+00 1.0e-02 3.2e-04 0.860 0.805 0.00
  95 -5.382428690e+08 +5.77150763e+08 1.27e+00 9.5e-03 3.0e-04 0.860 0.805 0.00
  96 -5.382428687e+08 +5.77150763e+08 1.18e+00 8.8e-03 2.8e-04 0.860 0.805 0.00
  97 -5.382428684e+08 +5.77150762e+08 1.10e+00 8.2e-03 2.6e-04 0.861 0.805 0.00
  98 -5.382428682e+08 +5.77150762e+08 1.02e+00 7.6e-03 2.4e-04 0.861 0.805 0.00
  99 -5.382428680e+08 +5.77150761e+08 9.52e-01 7.1e-03 2.3e-04 0.861 0.805 0.00
 100 -5.382428678e+08 +5.77150761e+08 8.86e-01 6.6e-03 2.1e-04 0.861 0.805 0.00
Warning message:
Quick-TRANSfer stage steps exceeded maximum (= 903600) 
> saveRDS(fit, file=paste0("../data/gom-data/topics",clustnum,".chimp.log.indv-cell.int19k.reg-",data.source,".bc1.rds"))
> 
> proc.time()
     user    system   elapsed 
62055.668  7586.172 41492.460 
