
R version 3.6.1 (2019-07-05) -- "Action of the Toes"
Copyright (C) 2019 The R Foundation for Statistical Computing
Platform: x86_64-pc-linux-gnu (64-bit)

R is free software and comes with ABSOLUTELY NO WARRANTY.
You are welcome to redistribute it under certain conditions.
Type 'license()' or 'licence()' for distribution details.

R is a collaborative project with many contributors.
Type 'contributors()' for more information and
'citation()' on how to cite R or R packages in publications.

Type 'demo()' for some demos, 'help()' for on-line help, or
'help.start()' for an HTML browser interface to help.
Type 'q()' to quit R.

> #Read in command line arguments as list of character vectors
> args=(commandArgs(TRUE))
> 
> #Check if arguments are passed and cycle through to evaluate each element
> if(length(args)==0){
+   print("No arguments supplied.")
+   #supply default values
+   clustnum=3
+   data.source="tot"
+ }else{
+   for(i in 1:length(args)){
+     eval(parse(text=args[[i]]))
+   }
+ }
> print(paste0("k: ",clustnum))
[1] "k: 3"
> print(paste0("data source: ",data.source))
[1] "data source: tot"
> 
> #Load libraries
> library(Seurat)
> library(CountClust)
Loading required package: ggplot2
> library(classtpx)
Loading required package: slam
> library(fastTopics)
> 
> 
> #Run analyses for human data
> print("Loading human data")
[1] "Loading human data"
> 
> #Load data
> scrna <- paste0("../data/cellranger-data-full/data.filter.log.indv-cell.int19k.reg-",data.source,".rds")
> data <- readRDS(scrna)
> data <- subset(data, subset=Species=="Human")
> 
> #Prepare data (unintegrated count data)
> counts <- as.matrix(data@assays$RNA@counts) #do not use integrated data
> counts <- counts[rowSums(counts>0)>0,]      #remove genes with 0 counts across cells
> counts <- t(as.matrix(counts))              #fix matrix orientation (barcodes x features)
> 
> #Batch correct counts - don't correct for species
> labelBatch1 <- as.factor(paste0(data@meta.data$Pair,data@meta.data$Replicate)[which(rownames(data@meta.data) %in% rownames(counts))])
> countsBC1 <- BatchCorrectedCounts(counts, labelBatch1, use_parallel=FALSE)
> rm(data,counts)
> 
> #Fit fastTopics model and save data
> fit <- fit_poisson_nmf(countsBC1, k=clustnum, numiter=100)
Using 4 RcppParallel threads.
Initializing factors using Topic SCORE algorithm.
Initializing loadings by running 10 SCD updates.
Using 4 RcppParallel threads.
Fitting rank-3 Poisson NMF to 47972 x 18142 dense matrix.
Running 100 SCD updates, without extrapolation (fastTopics 0.3-185).
iter   log-likelihood        deviance res(KKT)  |F-F'|  |L-L'| nz(F) nz(L) beta
   1 -5.311237835e+08 +5.76996907e+08 1.90e+03 5.1e+01 4.2e-01 0.892 0.852 0.00
   2 -5.297098009e+08 +5.74168942e+08 2.05e+03 1.2e+01 1.8e+00 0.902 0.879 0.00
   3 -5.290601300e+08 +5.72869600e+08 1.79e+03 8.0e+00 1.0e+00 0.904 0.883 0.00
   4 -5.287506039e+08 +5.72250548e+08 5.16e+03 6.2e+00 7.4e-01 0.905 0.881 0.00
   5 -5.286014124e+08 +5.71952165e+08 3.06e+02 4.4e+00 4.0e-01 0.905 0.876 0.00
   6 -5.285271925e+08 +5.71803725e+08 2.11e+02 3.2e+00 2.5e-01 0.906 0.871 0.00
   7 -5.284895286e+08 +5.71728398e+08 1.63e+02 2.4e+00 1.6e-01 0.905 0.865 0.00
   8 -5.284694192e+08 +5.71688179e+08 1.27e+02 1.8e+00 1.2e-01 0.905 0.861 0.00
   9 -5.284577568e+08 +5.71664854e+08 1.01e+02 1.4e+00 8.9e-02 0.904 0.861 0.00
  10 -5.284504175e+08 +5.71650175e+08 8.13e+01 1.1e+00 6.8e-02 0.904 0.861 0.00
  11 -5.284455327e+08 +5.71640406e+08 6.77e+01 9.5e-01 5.3e-02 0.903 0.862 0.00
  12 -5.284421589e+08 +5.71633658e+08 6.03e+01 8.3e-01 4.3e-02 0.903 0.863 0.00
  13 -5.284397693e+08 +5.71628879e+08 5.39e+01 7.2e-01 3.5e-02 0.902 0.863 0.00
  14 -5.284380434e+08 +5.71625427e+08 4.90e+01 6.3e-01 3.0e-02 0.902 0.864 0.00
  15 -5.284367716e+08 +5.71622884e+08 4.49e+01 5.5e-01 2.5e-02 0.902 0.865 0.00
  16 -5.284358178e+08 +5.71620976e+08 4.11e+01 4.8e-01 2.1e-02 0.901 0.866 0.00
  17 -5.284350888e+08 +5.71619518e+08 3.78e+01 4.2e-01 1.8e-02 0.901 0.866 0.00
  18 -5.284345230e+08 +5.71618386e+08 3.51e+01 3.7e-01 1.6e-02 0.901 0.866 0.00
  19 -5.284340812e+08 +5.71617503e+08 3.25e+01 3.3e-01 1.4e-02 0.901 0.867 0.00
  20 -5.284337316e+08 +5.71616803e+08 3.02e+01 2.9e-01 1.2e-02 0.901 0.867 0.00
  21 -5.284334509e+08 +5.71616242e+08 2.80e+01 2.6e-01 1.1e-02 0.901 0.867 0.00
  22 -5.284332229e+08 +5.71615786e+08 2.59e+01 2.3e-01 9.4e-03 0.901 0.867 0.00
  23 -5.284330355e+08 +5.71615411e+08 2.41e+01 2.0e-01 8.3e-03 0.901 0.868 0.00
  24 -5.284328800e+08 +5.71615100e+08 2.23e+01 1.8e-01 7.4e-03 0.901 0.868 0.00
  25 -5.284327499e+08 +5.71614840e+08 2.08e+01 1.6e-01 6.6e-03 0.901 0.868 0.00
  26 -5.284326405e+08 +5.71614621e+08 1.93e+01 1.5e-01 6.0e-03 0.900 0.868 0.00
  27 -5.284325480e+08 +5.71614436e+08 1.80e+01 1.3e-01 5.4e-03 0.900 0.868 0.00
  28 -5.284324692e+08 +5.71614279e+08 1.67e+01 1.2e-01 4.9e-03 0.900 0.868 0.00
  29 -5.284324018e+08 +5.71614144e+08 1.56e+01 1.1e-01 4.4e-03 0.900 0.868 0.00
  30 -5.284323439e+08 +5.71614028e+08 1.45e+01 9.8e-02 4.0e-03 0.900 0.868 0.00
  31 -5.284322940e+08 +5.71613928e+08 1.35e+01 8.9e-02 3.6e-03 0.900 0.868 0.00
  32 -5.284322507e+08 +5.71613842e+08 1.26e+01 8.1e-02 3.3e-03 0.901 0.868 0.00
  33 -5.284322132e+08 +5.71613767e+08 1.18e+01 7.3e-02 3.0e-03 0.900 0.868 0.00
  34 -5.284321807e+08 +5.71613702e+08 1.10e+01 6.7e-02 2.8e-03 0.900 0.868 0.00
  35 -5.284321524e+08 +5.71613645e+08 1.03e+01 6.1e-02 2.6e-03 0.900 0.868 0.00
  36 -5.284321279e+08 +5.71613596e+08 9.58e+00 5.6e-02 2.4e-03 0.900 0.868 0.00
  37 -5.284321065e+08 +5.71613553e+08 8.95e+00 5.2e-02 2.2e-03 0.900 0.868 0.00
  38 -5.284320880e+08 +5.71613516e+08 8.36e+00 4.7e-02 2.1e-03 0.900 0.868 0.00
  39 -5.284320718e+08 +5.71613484e+08 7.80e+00 4.4e-02 2.0e-03 0.900 0.868 0.00
  40 -5.284320577e+08 +5.71613456e+08 7.29e+00 4.0e-02 1.8e-03 0.900 0.868 0.00
  41 -5.284320454e+08 +5.71613431e+08 6.81e+00 3.7e-02 1.7e-03 0.900 0.868 0.00
  42 -5.284320346e+08 +5.71613410e+08 6.36e+00 3.4e-02 1.6e-03 0.900 0.868 0.00
  43 -5.284320252e+08 +5.71613391e+08 5.94e+00 3.2e-02 1.5e-03 0.900 0.868 0.00
  44 -5.284320170e+08 +5.71613374e+08 5.55e+00 2.9e-02 1.4e-03 0.900 0.868 0.00
  45 -5.284320099e+08 +5.71613360e+08 5.19e+00 2.7e-02 1.4e-03 0.900 0.868 0.00
  46 -5.284320036e+08 +5.71613348e+08 4.85e+00 2.5e-02 1.3e-03 0.900 0.868 0.00
  47 -5.284319981e+08 +5.71613337e+08 4.53e+00 2.3e-02 1.2e-03 0.900 0.868 0.00
  48 -5.284319933e+08 +5.71613327e+08 4.24e+00 2.2e-02 1.1e-03 0.900 0.868 0.00
  49 -5.284319891e+08 +5.71613319e+08 3.96e+00 2.0e-02 1.1e-03 0.900 0.868 0.00
  50 -5.284319855e+08 +5.71613311e+08 3.70e+00 1.9e-02 9.9e-04 0.900 0.868 0.00
  51 -5.284319823e+08 +5.71613305e+08 3.46e+00 1.7e-02 9.3e-04 0.900 0.868 0.00
  52 -5.284319795e+08 +5.71613299e+08 3.23e+00 1.6e-02 8.7e-04 0.900 0.868 0.00
  53 -5.284319771e+08 +5.71613295e+08 3.02e+00 1.5e-02 8.1e-04 0.900 0.868 0.00
  54 -5.284319750e+08 +5.71613290e+08 2.83e+00 1.4e-02 7.6e-04 0.900 0.868 0.00
  55 -5.284319731e+08 +5.71613287e+08 2.64e+00 1.3e-02 7.1e-04 0.900 0.868 0.00
  56 -5.284319715e+08 +5.71613283e+08 2.47e+00 1.2e-02 6.7e-04 0.900 0.868 0.00
  57 -5.284319701e+08 +5.71613281e+08 2.31e+00 1.1e-02 6.3e-04 0.900 0.868 0.00
  58 -5.284319688e+08 +5.71613278e+08 2.16e+00 1.1e-02 5.9e-04 0.900 0.868 0.00
  59 -5.284319678e+08 +5.71613276e+08 2.02e+00 9.9e-03 5.5e-04 0.900 0.868 0.00
  60 -5.284319668e+08 +5.71613274e+08 1.88e+00 9.2e-03 5.1e-04 0.900 0.868 0.00
  61 -5.284319660e+08 +5.71613272e+08 1.76e+00 8.6e-03 4.8e-04 0.900 0.868 0.00
  62 -5.284319653e+08 +5.71613271e+08 1.65e+00 8.0e-03 4.5e-04 0.900 0.868 0.00
  63 -5.284319646e+08 +5.71613270e+08 1.54e+00 7.5e-03 4.2e-04 0.900 0.868 0.00
  64 -5.284319641e+08 +5.71613269e+08 1.44e+00 7.0e-03 3.9e-04 0.900 0.868 0.00
  65 -5.284319636e+08 +5.71613268e+08 1.35e+00 6.5e-03 3.7e-04 0.900 0.868 0.00
  66 -5.284319632e+08 +5.71613267e+08 1.26e+00 6.1e-03 3.4e-04 0.900 0.868 0.00
  67 -5.284319628e+08 +5.71613266e+08 1.18e+00 5.7e-03 3.2e-04 0.900 0.868 0.00
  68 -5.284319625e+08 +5.71613265e+08 1.10e+00 5.3e-03 3.0e-04 0.900 0.868 0.00
  69 -5.284319622e+08 +5.71613265e+08 1.03e+00 5.0e-03 2.8e-04 0.900 0.868 0.00
  70 -5.284319619e+08 +5.71613264e+08 9.61e-01 4.6e-03 2.6e-04 0.900 0.868 0.00
  71 -5.284319617e+08 +5.71613264e+08 8.99e-01 4.3e-03 2.5e-04 0.900 0.868 0.00
  72 -5.284319615e+08 +5.71613263e+08 8.40e-01 4.1e-03 2.3e-04 0.900 0.869 0.00
  73 -5.284319614e+08 +5.71613263e+08 7.86e-01 3.8e-03 2.2e-04 0.900 0.869 0.00
  74 -5.284319612e+08 +5.71613263e+08 7.35e-01 3.5e-03 2.0e-04 0.900 0.868 0.00
  75 -5.284319611e+08 +5.71613263e+08 6.87e-01 3.3e-03 1.9e-04 0.900 0.868 0.00
  76 -5.284319610e+08 +5.71613262e+08 6.42e-01 3.1e-03 1.8e-04 0.900 0.869 0.00
  77 -5.284319609e+08 +5.71613262e+08 6.01e-01 2.9e-03 1.7e-04 0.900 0.869 0.00
  78 -5.284319608e+08 +5.71613262e+08 5.62e-01 2.7e-03 1.5e-04 0.900 0.869 0.00
  79 -5.284319607e+08 +5.71613262e+08 5.25e-01 2.5e-03 1.4e-04 0.900 0.869 0.00
  80 -5.284319607e+08 +5.71613262e+08 4.91e-01 2.4e-03 1.3e-04 0.900 0.869 0.00
  81 -5.284319606e+08 +5.71613262e+08 4.59e-01 2.2e-03 1.3e-04 0.900 0.869 0.00
  82 -5.284319606e+08 +5.71613262e+08 4.29e-01 2.1e-03 1.2e-04 0.900 0.869 0.00
  83 -5.284319605e+08 +5.71613261e+08 4.01e-01 1.9e-03 1.1e-04 0.900 0.869 0.00
  84 -5.284319605e+08 +5.71613261e+08 3.75e-01 1.8e-03 1.0e-04 0.900 0.869 0.00
  85 -5.284319605e+08 +5.71613261e+08 3.51e-01 1.7e-03 9.6e-05 0.900 0.869 0.00
  86 -5.284319604e+08 +5.71613261e+08 3.28e-01 1.6e-03 9.0e-05 0.900 0.869 0.00
  87 -5.284319604e+08 +5.71613261e+08 3.07e-01 1.5e-03 8.4e-05 0.900 0.869 0.00
  88 -5.284319604e+08 +5.71613261e+08 2.87e-01 1.4e-03 7.9e-05 0.900 0.869 0.00
  89 -5.284319604e+08 +5.71613261e+08 2.68e-01 1.3e-03 7.4e-05 0.900 0.869 0.00
  90 -5.284319603e+08 +5.71613261e+08 2.50e-01 1.2e-03 6.9e-05 0.900 0.869 0.00
  91 -5.284319603e+08 +5.71613261e+08 2.34e-01 1.1e-03 6.4e-05 0.900 0.869 0.00
  92 -5.284319603e+08 +5.71613261e+08 2.19e-01 1.1e-03 6.0e-05 0.900 0.869 0.00
  93 -5.284319603e+08 +5.71613261e+08 2.05e-01 9.8e-04 5.6e-05 0.900 0.869 0.00
  94 -5.284319603e+08 +5.71613261e+08 1.91e-01 9.2e-04 5.3e-05 0.900 0.869 0.00
  95 -5.284319603e+08 +5.71613261e+08 1.79e-01 8.6e-04 4.9e-05 0.900 0.869 0.00
  96 -5.284319603e+08 +5.71613261e+08 1.67e-01 8.0e-04 4.6e-05 0.900 0.869 0.00
  97 -5.284319603e+08 +5.71613261e+08 1.56e-01 7.5e-04 4.3e-05 0.900 0.869 0.00
  98 -5.284319603e+08 +5.71613261e+08 1.46e-01 7.0e-04 4.0e-05 0.900 0.869 0.00
  99 -5.284319603e+08 +5.71613261e+08 1.37e-01 6.6e-04 3.8e-05 0.900 0.869 0.00
 100 -5.284319603e+08 +5.71613261e+08 1.28e-01 6.1e-04 3.5e-05 0.900 0.869 0.00
Warning message:
Quick-TRANSfer stage steps exceeded maximum (= 907100) 
> saveRDS(fit, file=paste0("../data/gom-data/topics",clustnum,".human.log.indv-cell.int19k.reg-",data.source,".bc1.rds"))
> 
> 
> #Run analyses for chimp data
> print("Loading chimp data")
[1] "Loading chimp data"
> 
> #Load data
> scrna <- paste0("../data/cellranger-data-full/data.filter.log.indv-cell.int19k.reg-",data.source,".rds")
> data <- readRDS(scrna)
> data <- subset(data, subset=Species=="Chimp")
> 
> #Prepare data (unintegrated count data)
> counts <- as.matrix(data@assays$RNA@counts) #do not use integrated data
> counts <- counts[rowSums(counts>0)>0,]      #remove genes with 0 counts across cells
> counts <- t(as.matrix(counts))              #fix matrix orientation (barcodes x features)
> 
> #Batch correct counts - don't correct for species
> labelBatch1 <- as.factor(paste0(data@meta.data$Pair,data@meta.data$Replicate)[which(rownames(data@meta.data) %in% rownames(counts))])
> countsBC1 <- BatchCorrectedCounts(counts, labelBatch1, use_parallel=FALSE)
> rm(data,counts)
> 
> #Fit fastTopics model and save data
> fit <- fit_poisson_nmf(countsBC1, k=clustnum, numiter=100)
Using 4 RcppParallel threads.
Initializing factors using Topic SCORE algorithm.
Initializing loadings by running 10 SCD updates.
Using 4 RcppParallel threads.
Fitting rank-3 Poisson NMF to 53562 x 18072 dense matrix.
Running 100 SCD updates, without extrapolation (fastTopics 0.3-185).
iter   log-likelihood        deviance res(KKT)  |F-F'|  |L-L'| nz(F) nz(L) beta
   1 -5.479139731e+08 +5.96492972e+08 3.71e+04 1.1e+02 1.2e-01 0.880 0.831 0.00
   2 -5.468207929e+08 +5.94306611e+08 7.75e+02 1.2e+01 9.4e-01 0.889 0.881 0.00
   3 -5.463994503e+08 +5.93463926e+08 5.46e+03 4.7e+00 6.5e-01 0.895 0.897 0.00
   4 -5.462517140e+08 +5.93168453e+08 4.53e+02 1.8e+00 6.3e-01 0.897 0.895 0.00
   5 -5.461866739e+08 +5.93038373e+08 1.86e+02 1.2e+00 1.0e-01 0.899 0.894 0.00
   6 -5.461554923e+08 +5.92976010e+08 1.53e+02 1.0e+00 5.5e-02 0.899 0.891 0.00
   7 -5.461352547e+08 +5.92935535e+08 1.33e+02 1.1e+00 4.3e-02 0.900 0.882 0.00
   8 -5.461213413e+08 +5.92907708e+08 1.16e+02 1.1e+00 3.5e-02 0.900 0.876 0.00
   9 -5.461108920e+08 +5.92886809e+08 1.02e+02 1.1e+00 2.9e-02 0.900 0.872 0.00
  10 -5.461026795e+08 +5.92870384e+08 8.90e+01 1.0e+00 2.7e-02 0.901 0.870 0.00
  11 -5.460961467e+08 +5.92857319e+08 7.86e+01 9.7e-01 2.5e-02 0.901 0.869 0.00
  12 -5.460909546e+08 +5.92846935e+08 6.93e+01 9.0e-01 2.2e-02 0.901 0.868 0.00
  13 -5.460868447e+08 +5.92838715e+08 6.11e+01 8.2e-01 2.0e-02 0.902 0.868 0.00
  14 -5.460836092e+08 +5.92832244e+08 5.38e+01 7.4e-01 1.8e-02 0.902 0.867 0.00
  15 -5.460810790e+08 +5.92827183e+08 4.74e+01 6.6e-01 1.7e-02 0.902 0.867 0.00
  16 -5.460791108e+08 +5.92823247e+08 4.17e+01 5.8e-01 1.5e-02 0.902 0.867 0.00
  17 -5.460775676e+08 +5.92820161e+08 3.68e+01 5.2e-01 1.3e-02 0.902 0.866 0.00
  18 -5.460763408e+08 +5.92817707e+08 3.26e+01 4.6e-01 1.2e-02 0.902 0.866 0.00
  19 -5.460753631e+08 +5.92815752e+08 2.88e+01 4.1e-01 1.0e-02 0.902 0.866 0.00
  20 -5.460745869e+08 +5.92814199e+08 2.55e+01 3.6e-01 9.3e-03 0.902 0.866 0.00
  21 -5.460739718e+08 +5.92812969e+08 2.27e+01 3.2e-01 8.3e-03 0.902 0.865 0.00
  22 -5.460734866e+08 +5.92811999e+08 2.01e+01 2.9e-01 7.4e-03 0.902 0.865 0.00
  23 -5.460731064e+08 +5.92811238e+08 1.78e+01 2.6e-01 6.6e-03 0.902 0.864 0.00
  24 -5.460728102e+08 +5.92810646e+08 1.58e+01 2.3e-01 5.9e-03 0.902 0.864 0.00
  25 -5.460725803e+08 +5.92810186e+08 1.40e+01 2.0e-01 5.2e-03 0.902 0.864 0.00
  26 -5.460724023e+08 +5.92809830e+08 1.23e+01 1.8e-01 4.6e-03 0.902 0.864 0.00
  27 -5.460722650e+08 +5.92809555e+08 1.09e+01 1.6e-01 4.1e-03 0.902 0.863 0.00
  28 -5.460721592e+08 +5.92809344e+08 9.61e+00 1.4e-01 3.6e-03 0.902 0.863 0.00
  29 -5.460720777e+08 +5.92809181e+08 8.46e+00 1.2e-01 3.1e-03 0.902 0.863 0.00
  30 -5.460720151e+08 +5.92809056e+08 7.45e+00 1.0e-01 2.7e-03 0.902 0.863 0.00
  31 -5.460719669e+08 +5.92808959e+08 6.55e+00 9.2e-02 2.4e-03 0.902 0.863 0.00
  32 -5.460719299e+08 +5.92808885e+08 5.76e+00 8.0e-02 2.1e-03 0.902 0.863 0.00
  33 -5.460719015e+08 +5.92808828e+08 5.06e+00 7.0e-02 1.8e-03 0.902 0.862 0.00
  34 -5.460718796e+08 +5.92808785e+08 4.45e+00 6.1e-02 1.6e-03 0.902 0.862 0.00
  35 -5.460718629e+08 +5.92808751e+08 3.90e+00 5.4e-02 1.4e-03 0.902 0.862 0.00
  36 -5.460718500e+08 +5.92808725e+08 3.43e+00 4.7e-02 1.2e-03 0.902 0.862 0.00
  37 -5.460718402e+08 +5.92808706e+08 3.01e+00 4.1e-02 1.1e-03 0.902 0.862 0.00
  38 -5.460718326e+08 +5.92808691e+08 2.64e+00 3.6e-02 9.3e-04 0.902 0.862 0.00
  39 -5.460718268e+08 +5.92808679e+08 2.31e+00 3.1e-02 8.1e-04 0.902 0.862 0.00
  40 -5.460718224e+08 +5.92808670e+08 2.03e+00 2.7e-02 7.1e-04 0.902 0.862 0.00
  41 -5.460718190e+08 +5.92808663e+08 1.78e+00 2.4e-02 6.1e-04 0.902 0.862 0.00
  42 -5.460718164e+08 +5.92808658e+08 1.56e+00 2.1e-02 5.4e-04 0.902 0.862 0.00
  43 -5.460718144e+08 +5.92808654e+08 1.36e+00 1.8e-02 4.7e-04 0.902 0.862 0.00
  44 -5.460718129e+08 +5.92808651e+08 1.19e+00 1.6e-02 4.1e-04 0.902 0.862 0.00
  45 -5.460718117e+08 +5.92808649e+08 1.05e+00 1.4e-02 3.6e-04 0.902 0.862 0.00
  46 -5.460718109e+08 +5.92808647e+08 9.15e-01 1.2e-02 3.1e-04 0.902 0.862 0.00
  47 -5.460718102e+08 +5.92808646e+08 8.00e-01 1.1e-02 2.7e-04 0.902 0.862 0.00
  48 -5.460718097e+08 +5.92808645e+08 7.00e-01 9.2e-03 2.4e-04 0.902 0.862 0.00
  49 -5.460718093e+08 +5.92808644e+08 6.12e-01 8.0e-03 2.1e-04 0.902 0.862 0.00
  50 -5.460718090e+08 +5.92808643e+08 5.36e-01 7.0e-03 1.8e-04 0.902 0.862 0.00
  51 -5.460718087e+08 +5.92808643e+08 4.69e-01 6.1e-03 1.6e-04 0.902 0.862 0.00
  52 -5.460718085e+08 +5.92808642e+08 4.10e-01 5.4e-03 1.4e-04 0.902 0.862 0.00
  53 -5.460718084e+08 +5.92808642e+08 3.58e-01 4.7e-03 1.2e-04 0.902 0.862 0.00
  54 -5.460718083e+08 +5.92808642e+08 3.14e-01 4.1e-03 1.0e-04 0.902 0.862 0.00
  55 -5.460718082e+08 +5.92808642e+08 2.74e-01 3.6e-03 9.1e-05 0.902 0.862 0.00
  56 -5.460718082e+08 +5.92808642e+08 2.40e-01 3.1e-03 8.0e-05 0.902 0.862 0.00
  57 -5.460718081e+08 +5.92808642e+08 2.10e-01 2.7e-03 7.0e-05 0.902 0.862 0.00
  58 -5.460718081e+08 +5.92808642e+08 1.85e-01 2.4e-03 6.1e-05 0.902 0.862 0.00
  59 -5.460718081e+08 +5.92808642e+08 1.64e-01 2.1e-03 5.3e-05 0.902 0.862 0.00
  60 -5.460718080e+08 +5.92808641e+08 1.43e-01 1.8e-03 4.6e-05 0.902 0.862 0.00
  61 -5.460718080e+08 +5.92808641e+08 1.25e-01 1.6e-03 4.1e-05 0.902 0.862 0.00
  62 -5.460718080e+08 +5.92808641e+08 1.09e-01 1.4e-03 3.5e-05 0.902 0.862 0.00
  63 -5.460718080e+08 +5.92808641e+08 9.56e-02 1.2e-03 3.1e-05 0.902 0.862 0.00
  64 -5.460718080e+08 +5.92808641e+08 8.36e-02 1.1e-03 2.7e-05 0.902 0.862 0.00
  65 -5.460718080e+08 +5.92808641e+08 7.31e-02 9.3e-04 2.4e-05 0.902 0.862 0.00
  66 -5.460718080e+08 +5.92808641e+08 6.39e-02 8.1e-04 2.1e-05 0.902 0.862 0.00
  67 -5.460718080e+08 +5.92808641e+08 5.59e-02 7.1e-04 1.8e-05 0.902 0.862 0.00
  68 -5.460718080e+08 +5.92808641e+08 4.88e-02 6.2e-04 1.6e-05 0.902 0.862 0.00
  69 -5.460718080e+08 +5.92808641e+08 4.27e-02 5.4e-04 1.4e-05 0.902 0.862 0.00
  70 -5.460718080e+08 +5.92808641e+08 3.73e-02 4.7e-04 1.2e-05 0.902 0.862 0.00
  71 -5.460718080e+08 +5.92808641e+08 3.26e-02 4.1e-04 1.1e-05 0.902 0.862 0.00
  72 -5.460718080e+08 +5.92808641e+08 2.85e-02 3.6e-04 9.2e-06 0.902 0.862 0.00
  73 -5.460718080e+08 +5.92808641e+08 2.49e-02 3.2e-04 8.0e-06 0.902 0.862 0.00
  74 -5.460718080e+08 +5.92808641e+08 2.18e-02 2.8e-04 7.0e-06 0.902 0.862 0.00
  75 -5.460718080e+08 +5.92808641e+08 1.90e-02 2.4e-04 6.1e-06 0.902 0.862 0.00
  76 -5.460718080e+08 +5.92808641e+08 1.66e-02 2.1e-04 5.4e-06 0.902 0.862 0.00
  77 -5.460718080e+08 +5.92808641e+08 1.45e-02 1.8e-04 4.7e-06 0.902 0.862 0.00
  78 -5.460718080e+08 +5.92808641e+08 1.27e-02 1.6e-04 4.1e-06 0.902 0.862 0.00
  79 -5.460718080e+08 +5.92808641e+08 1.11e-02 1.4e-04 3.6e-06 0.902 0.862 0.00
  80 -5.460718080e+08 +5.92808641e+08 9.68e-03 1.2e-04 3.1e-06 0.902 0.862 0.00
  81 -5.460718080e+08 +5.92808641e+08 8.46e-03 1.1e-04 2.7e-06 0.902 0.862 0.00
  82 -5.460718080e+08 +5.92808641e+08 7.39e-03 9.4e-05 2.4e-06 0.902 0.862 0.00
  83 -5.460718080e+08 +5.92808641e+08 6.46e-03 8.2e-05 2.1e-06 0.902 0.862 0.00
  84 -5.460718080e+08 +5.92808641e+08 5.64e-03 7.2e-05 1.8e-06 0.902 0.862 0.00
  85 -5.460718080e+08 +5.92808641e+08 4.93e-03 6.3e-05 1.6e-06 0.902 0.862 0.00
  86 -5.460718080e+08 +5.92808641e+08 4.30e-03 5.5e-05 1.4e-06 0.902 0.862 0.00
  87 -5.460718080e+08 +5.92808641e+08 3.76e-03 4.8e-05 1.2e-06 0.902 0.862 0.00
  88 -5.460718080e+08 +5.92808641e+08 3.28e-03 4.2e-05 1.1e-06 0.902 0.862 0.00
  89 -5.460718080e+08 +5.92808641e+08 2.87e-03 3.6e-05 9.3e-07 0.902 0.862 0.00
  90 -5.460718080e+08 +5.92808641e+08 2.50e-03 3.2e-05 8.1e-07 0.902 0.862 0.00
  91 -5.460718080e+08 +5.92808641e+08 2.18e-03 2.8e-05 7.1e-07 0.902 0.862 0.00
  92 -5.460718080e+08 +5.92808641e+08 1.91e-03 2.4e-05 6.2e-07 0.902 0.862 0.00
  93 -5.460718080e+08 +5.92808641e+08 1.66e-03 2.1e-05 5.4e-07 0.902 0.862 0.00
  94 -5.460718080e+08 +5.92808641e+08 1.45e-03 1.9e-05 4.7e-07 0.902 0.862 0.00
  95 -5.460718080e+08 +5.92808641e+08 1.27e-03 1.6e-05 4.2e-07 0.902 0.862 0.00
  96 -5.460718080e+08 +5.92808641e+08 1.10e-03 1.4e-05 3.6e-07 0.902 0.862 0.00
  97 -5.460718080e+08 +5.92808641e+08 9.62e-04 1.2e-05 3.2e-07 0.902 0.862 0.00
  98 -5.460718080e+08 +5.92808641e+08 8.38e-04 1.1e-05 2.8e-07 0.902 0.862 0.00
  99 -5.460718080e+08 +5.92808641e+08 7.30e-04 9.5e-06 2.4e-07 0.902 0.862 0.00
 100 -5.460718080e+08 +5.92808641e+08 6.35e-04 8.3e-06 2.1e-07 0.902 0.862 0.00
Warning message:
Quick-TRANSfer stage steps exceeded maximum (= 903600) 
> saveRDS(fit, file=paste0("../data/gom-data/topics",clustnum,".chimp.log.indv-cell.int19k.reg-",data.source,".bc1.rds"))
> 
> proc.time()
     user    system   elapsed 
54504.473  7633.992 40248.970 
