
R version 3.6.1 (2019-07-05) -- "Action of the Toes"
Copyright (C) 2019 The R Foundation for Statistical Computing
Platform: x86_64-pc-linux-gnu (64-bit)

R is free software and comes with ABSOLUTELY NO WARRANTY.
You are welcome to redistribute it under certain conditions.
Type 'license()' or 'licence()' for distribution details.

R is a collaborative project with many contributors.
Type 'contributors()' for more information and
'citation()' on how to cite R or R packages in publications.

Type 'demo()' for some demos, 'help()' for on-line help, or
'help.start()' for an HTML browser interface to help.
Type 'q()' to quit R.

> #Read in command line arguments as list of character vectors
> args=(commandArgs(TRUE))
> 
> #Check if arguments are passed and cycle through to evaluate each element
> if(length(args)==0){
+   print("No arguments supplied.")
+   #supply default values
+   clustnum=3
+   data.source="tot"
+ }else{
+   for(i in 1:length(args)){
+     eval(parse(text=args[[i]]))
+   }
+ }
> print(paste0("k: ",clustnum))
[1] "k: 3"
> print(paste0("data source: ",data.source))
[1] "data source: tot"
> 
> #Load libraries
> library(Seurat)
> library(CountClust)
Loading required package: ggplot2
> library(classtpx)
Loading required package: slam
> library(fastTopics)
> 
> 
> #Run analyses for human data
> print("Loading human data")
[1] "Loading human data"
> 
> #Load data
> scrna <- paste0("../data/cellranger-data-full/data.filter.log.indv-cell.int19k.reg-",data.source,".rds")
> data <- readRDS(scrna)
> data <- subset(data, subset=Species=="Human")
> 
> #Prepare data (unintegrated count data)
> counts <- as.matrix(data@assays$RNA@counts) #do not use integrated data
> counts <- counts[rowSums(counts>0)>0,]      #remove genes with 0 counts across cells
> counts <- t(as.matrix(counts))              #fix matrix orientation (barcodes x features)
> rm(data)
> 
> #Fit fastTopics model and save data
> fit <- fit_poisson_nmf(counts, k=clustnum, numiter=100)
Using 4 RcppParallel threads.
Initializing factors using Topic SCORE algorithm.
Initializing loadings by running 10 SCD updates.
Using 4 RcppParallel threads.
Fitting rank-3 Poisson NMF to 47972 x 18142 dense matrix.
Running 100 SCD updates, without extrapolation (fastTopics 0.3-185).
iter   log-likelihood        deviance res(KKT)  |F-F'|  |L-L'| nz(F) nz(L) beta
   1 -5.458837959e+08 +6.05543994e+08 5.08e+03 1.0e+02 1.7e-01 0.890 0.852 0.00
   2 -5.447067063e+08 +6.03189815e+08 2.17e+03 1.3e+01 1.0e+00 0.894 0.880 0.00
   3 -5.443206653e+08 +6.02417733e+08 9.70e+02 6.7e+00 6.9e-01 0.894 0.870 0.00
   4 -5.441344983e+08 +6.02045399e+08 8.03e+02 5.1e+00 7.8e-01 0.894 0.842 0.00
   5 -5.440470018e+08 +6.01870406e+08 3.91e+02 3.7e+00 2.6e-01 0.895 0.839 0.00
   6 -5.439916320e+08 +6.01759666e+08 4.86e+02 2.9e+00 1.6e-01 0.896 0.839 0.00
   7 -5.439527856e+08 +6.01681973e+08 4.65e+02 2.4e+00 1.2e-01 0.896 0.841 0.00
   8 -5.439244485e+08 +6.01625299e+08 3.54e+02 2.1e+00 9.5e-02 0.897 0.843 0.00
   9 -5.439034813e+08 +6.01583365e+08 2.48e+02 1.8e+00 8.0e-02 0.897 0.844 0.00
  10 -5.438874706e+08 +6.01551343e+08 1.69e+02 1.5e+00 6.5e-02 0.898 0.846 0.00
  11 -5.438749630e+08 +6.01526328e+08 1.47e+02 1.4e+00 5.3e-02 0.898 0.847 0.00
  12 -5.438651092e+08 +6.01506621e+08 1.28e+02 1.2e+00 4.8e-02 0.899 0.848 0.00
  13 -5.438573323e+08 +6.01491067e+08 1.11e+02 1.1e+00 4.3e-02 0.899 0.848 0.00
  14 -5.438511924e+08 +6.01478787e+08 9.77e+01 9.3e-01 3.9e-02 0.900 0.849 0.00
  15 -5.438462033e+08 +6.01468809e+08 8.66e+01 8.3e-01 3.5e-02 0.900 0.849 0.00
  16 -5.438420833e+08 +6.01460569e+08 7.73e+01 7.4e-01 3.2e-02 0.900 0.849 0.00
  17 -5.438386803e+08 +6.01453763e+08 6.92e+01 6.7e-01 3.0e-02 0.900 0.849 0.00
  18 -5.438358640e+08 +6.01448130e+08 6.19e+01 6.1e-01 2.8e-02 0.901 0.850 0.00
  19 -5.438335284e+08 +6.01443459e+08 5.53e+01 5.5e-01 2.5e-02 0.901 0.850 0.00
  20 -5.438315997e+08 +6.01439602e+08 4.94e+01 5.0e-01 2.3e-02 0.901 0.849 0.00
  21 -5.438300092e+08 +6.01436421e+08 4.40e+01 4.5e-01 2.1e-02 0.901 0.849 0.00
  22 -5.438287009e+08 +6.01433804e+08 3.93e+01 4.1e-01 1.9e-02 0.901 0.849 0.00
  23 -5.438276282e+08 +6.01431659e+08 3.50e+01 3.7e-01 1.7e-02 0.901 0.849 0.00
  24 -5.438267510e+08 +6.01429904e+08 3.12e+01 3.3e-01 1.6e-02 0.902 0.849 0.00
  25 -5.438260303e+08 +6.01428463e+08 2.79e+01 3.0e-01 1.4e-02 0.902 0.849 0.00
  26 -5.438254397e+08 +6.01427282e+08 2.51e+01 2.7e-01 1.3e-02 0.902 0.849 0.00
  27 -5.438249569e+08 +6.01426316e+08 2.28e+01 2.4e-01 1.2e-02 0.902 0.849 0.00
  28 -5.438245631e+08 +6.01425528e+08 2.07e+01 2.2e-01 1.1e-02 0.902 0.849 0.00
  29 -5.438242438e+08 +6.01424890e+08 1.87e+01 2.0e-01 9.7e-03 0.902 0.849 0.00
  30 -5.438239864e+08 +6.01424375e+08 1.69e+01 1.8e-01 8.7e-03 0.902 0.848 0.00
  31 -5.438237803e+08 +6.01423963e+08 1.52e+01 1.6e-01 7.8e-03 0.902 0.848 0.00
  32 -5.438236164e+08 +6.01423635e+08 1.37e+01 1.4e-01 7.0e-03 0.902 0.848 0.00
  33 -5.438234856e+08 +6.01423373e+08 1.23e+01 1.3e-01 6.2e-03 0.902 0.848 0.00
  34 -5.438233809e+08 +6.01423164e+08 1.10e+01 1.1e-01 5.6e-03 0.902 0.848 0.00
  35 -5.438232968e+08 +6.01422996e+08 9.88e+00 9.9e-02 5.0e-03 0.902 0.848 0.00
  36 -5.438232292e+08 +6.01422861e+08 8.84e+00 8.8e-02 4.4e-03 0.902 0.848 0.00
  37 -5.438231749e+08 +6.01422752e+08 7.92e+00 7.9e-02 3.9e-03 0.902 0.848 0.00
  38 -5.438231312e+08 +6.01422665e+08 7.10e+00 7.0e-02 3.5e-03 0.902 0.848 0.00
  39 -5.438230960e+08 +6.01422594e+08 6.36e+00 6.3e-02 3.2e-03 0.903 0.848 0.00
  40 -5.438230678e+08 +6.01422538e+08 5.70e+00 5.6e-02 2.8e-03 0.903 0.848 0.00
  41 -5.438230453e+08 +6.01422493e+08 5.11e+00 5.0e-02 2.5e-03 0.902 0.848 0.00
  42 -5.438230273e+08 +6.01422457e+08 4.57e+00 4.5e-02 2.3e-03 0.903 0.848 0.00
  43 -5.438230130e+08 +6.01422428e+08 4.10e+00 4.0e-02 2.0e-03 0.903 0.848 0.00
  44 -5.438230017e+08 +6.01422406e+08 3.66e+00 3.6e-02 1.8e-03 0.903 0.848 0.00
  45 -5.438229927e+08 +6.01422388e+08 3.27e+00 3.2e-02 1.6e-03 0.903 0.848 0.00
  46 -5.438229855e+08 +6.01422373e+08 2.93e+00 2.9e-02 1.4e-03 0.903 0.848 0.00
  47 -5.438229798e+08 +6.01422362e+08 2.61e+00 2.5e-02 1.3e-03 0.903 0.848 0.00
  48 -5.438229753e+08 +6.01422353e+08 2.33e+00 2.3e-02 1.1e-03 0.903 0.848 0.00
  49 -5.438229717e+08 +6.01422346e+08 2.08e+00 2.0e-02 1.0e-03 0.903 0.848 0.00
  50 -5.438229689e+08 +6.01422340e+08 1.85e+00 1.8e-02 9.1e-04 0.903 0.848 0.00
  51 -5.438229667e+08 +6.01422336e+08 1.65e+00 1.6e-02 8.0e-04 0.903 0.848 0.00
  52 -5.438229649e+08 +6.01422332e+08 1.46e+00 1.4e-02 7.2e-04 0.903 0.848 0.00
  53 -5.438229635e+08 +6.01422329e+08 1.30e+00 1.3e-02 6.4e-04 0.903 0.848 0.00
  54 -5.438229624e+08 +6.01422327e+08 1.16e+00 1.1e-02 5.6e-04 0.903 0.848 0.00
  55 -5.438229616e+08 +6.01422325e+08 1.03e+00 9.9e-03 5.0e-04 0.903 0.848 0.00
  56 -5.438229609e+08 +6.01422324e+08 9.16e-01 8.8e-03 4.5e-04 0.903 0.848 0.00
  57 -5.438229603e+08 +6.01422323e+08 8.15e-01 7.8e-03 4.0e-04 0.903 0.847 0.00
  58 -5.438229599e+08 +6.01422322e+08 7.24e-01 7.0e-03 3.5e-04 0.903 0.848 0.00
  59 -5.438229596e+08 +6.01422321e+08 6.43e-01 6.2e-03 3.1e-04 0.903 0.847 0.00
  60 -5.438229593e+08 +6.01422321e+08 5.71e-01 5.5e-03 2.8e-04 0.903 0.848 0.00
  61 -5.438229591e+08 +6.01422320e+08 5.08e-01 4.9e-03 2.5e-04 0.903 0.848 0.00
  62 -5.438229589e+08 +6.01422320e+08 4.51e-01 4.3e-03 2.2e-04 0.903 0.847 0.00
  63 -5.438229588e+08 +6.01422320e+08 4.00e-01 3.8e-03 1.9e-04 0.903 0.847 0.00
  64 -5.438229587e+08 +6.01422320e+08 3.55e-01 3.4e-03 1.7e-04 0.903 0.847 0.00
  65 -5.438229586e+08 +6.01422320e+08 3.15e-01 3.0e-03 1.5e-04 0.903 0.847 0.00
  66 -5.438229586e+08 +6.01422319e+08 2.80e-01 2.7e-03 1.4e-04 0.903 0.847 0.00
  67 -5.438229585e+08 +6.01422319e+08 2.48e-01 2.4e-03 1.2e-04 0.903 0.847 0.00
  68 -5.438229585e+08 +6.01422319e+08 2.21e-01 2.1e-03 1.1e-04 0.903 0.847 0.00
  69 -5.438229585e+08 +6.01422319e+08 1.96e-01 1.9e-03 9.4e-05 0.903 0.847 0.00
  70 -5.438229584e+08 +6.01422319e+08 1.74e-01 1.7e-03 8.4e-05 0.903 0.847 0.00
  71 -5.438229584e+08 +6.01422319e+08 1.54e-01 1.5e-03 7.4e-05 0.903 0.847 0.00
  72 -5.438229584e+08 +6.01422319e+08 1.37e-01 1.3e-03 6.6e-05 0.903 0.847 0.00
  73 -5.438229584e+08 +6.01422319e+08 1.21e-01 1.2e-03 5.8e-05 0.903 0.847 0.00
  74 -5.438229584e+08 +6.01422319e+08 1.08e-01 1.0e-03 5.2e-05 0.903 0.847 0.00
  75 -5.438229584e+08 +6.01422319e+08 9.53e-02 9.1e-04 4.6e-05 0.903 0.847 0.00
  76 -5.438229584e+08 +6.01422319e+08 8.46e-02 8.1e-04 4.1e-05 0.903 0.847 0.00
  77 -5.438229584e+08 +6.01422319e+08 7.50e-02 7.1e-04 3.6e-05 0.903 0.847 0.00
  78 -5.438229584e+08 +6.01422319e+08 6.65e-02 6.3e-04 3.2e-05 0.903 0.847 0.00
  79 -5.438229584e+08 +6.01422319e+08 5.90e-02 5.6e-04 2.8e-05 0.903 0.847 0.00
  80 -5.438229584e+08 +6.01422319e+08 5.23e-02 5.0e-04 2.5e-05 0.903 0.847 0.00
  81 -5.438229583e+08 +6.01422319e+08 4.64e-02 4.4e-04 2.2e-05 0.903 0.847 0.00
  82 -5.438229583e+08 +6.01422319e+08 4.11e-02 3.9e-04 2.0e-05 0.903 0.847 0.00
  83 -5.438229583e+08 +6.01422319e+08 3.65e-02 3.5e-04 1.8e-05 0.903 0.847 0.00
  84 -5.438229583e+08 +6.01422319e+08 3.24e-02 3.1e-04 1.6e-05 0.903 0.847 0.00
  85 -5.438229583e+08 +6.01422319e+08 2.87e-02 2.7e-04 1.4e-05 0.903 0.847 0.00
  86 -5.438229583e+08 +6.01422319e+08 2.54e-02 2.4e-04 1.2e-05 0.903 0.847 0.00
  87 -5.438229583e+08 +6.01422319e+08 2.26e-02 2.1e-04 1.1e-05 0.903 0.847 0.00
  88 -5.438229583e+08 +6.01422319e+08 2.00e-02 1.9e-04 9.6e-06 0.903 0.847 0.00
  89 -5.438229583e+08 +6.01422319e+08 1.77e-02 1.7e-04 8.5e-06 0.903 0.847 0.00
  90 -5.438229583e+08 +6.01422319e+08 1.57e-02 1.5e-04 7.5e-06 0.903 0.847 0.00
  91 -5.438229583e+08 +6.01422319e+08 1.40e-02 1.3e-04 6.7e-06 0.903 0.847 0.00
  92 -5.438229583e+08 +6.01422319e+08 1.24e-02 1.2e-04 5.9e-06 0.903 0.847 0.00
  93 -5.438229583e+08 +6.01422319e+08 1.10e-02 1.0e-04 5.3e-06 0.903 0.847 0.00
  94 -5.438229583e+08 +6.01422319e+08 9.73e-03 9.3e-05 4.7e-06 0.903 0.847 0.00
  95 -5.438229583e+08 +6.01422319e+08 8.63e-03 8.2e-05 4.1e-06 0.903 0.847 0.00
  96 -5.438229583e+08 +6.01422319e+08 7.66e-03 7.3e-05 3.7e-06 0.903 0.847 0.00
  97 -5.438229583e+08 +6.01422319e+08 6.79e-03 6.5e-05 3.3e-06 0.903 0.847 0.00
  98 -5.438229583e+08 +6.01422319e+08 6.02e-03 5.7e-05 2.9e-06 0.903 0.847 0.00
  99 -5.438229583e+08 +6.01422319e+08 5.34e-03 5.1e-05 2.6e-06 0.903 0.847 0.00
 100 -5.438229583e+08 +6.01422319e+08 4.74e-03 4.5e-05 2.3e-06 0.903 0.847 0.00
Warning message:
Quick-TRANSfer stage steps exceeded maximum (= 907100) 
> saveRDS(fit, file=paste0("../data/gom-data/topics",clustnum,".human.log.indv-cell.int19k.reg-",data.source,".rds"))
> 
> 
> #Run analyses for chimp data
> print("Loading chimp data")
[1] "Loading chimp data"
> 
> #Load data
> scrna <- paste0("../data/cellranger-data-full/data.filter.log.indv-cell.int19k.reg-",data.source,".rds")
> data <- readRDS(scrna)
> data <- subset(data, subset=Species=="Chimp")
> 
> #Prepare data (unintegrated count data)
> counts <- as.matrix(data@assays$RNA@counts) #do not use integrated data
> counts <- counts[rowSums(counts>0)>0,]      #remove genes with 0 counts across cells
> counts <- t(as.matrix(counts))              #fix matrix orientation (barcodes x features)
> rm(data)
> 
> #Fit fastTopics model and save data
> fit <- fit_poisson_nmf(counts, k=clustnum, numiter=100)
Using 4 RcppParallel threads.
Initializing factors using Topic SCORE algorithm.
Initializing loadings by running 10 SCD updates.
Using 4 RcppParallel threads.
Fitting rank-3 Poisson NMF to 53562 x 18072 dense matrix.
Running 100 SCD updates, without extrapolation (fastTopics 0.3-185).
iter   log-likelihood        deviance res(KKT)  |F-F'|  |L-L'| nz(F) nz(L) beta
   1 -5.706605660e+08 +6.40542837e+08 1.14e+04 9.4e+01 9.6e-02 0.890 0.858 0.00
   2 -5.681282746e+08 +6.35478254e+08 2.38e+03 8.6e+00 1.2e+00 0.895 0.863 0.00
   3 -5.667435267e+08 +6.32708759e+08 5.01e+03 8.6e+00 1.1e+00 0.892 0.868 0.00
   4 -5.658791583e+08 +6.30980022e+08 1.92e+03 1.3e+01 1.9e+00 0.893 0.815 0.00
   5 -5.653407931e+08 +6.29903291e+08 1.46e+03 1.6e+01 9.3e-01 0.891 0.794 0.00
   6 -5.649512453e+08 +6.29124196e+08 1.08e+03 1.4e+01 5.4e-01 0.889 0.784 0.00
   7 -5.646029940e+08 +6.28427693e+08 1.05e+03 1.5e+01 5.7e-01 0.888 0.776 0.00
   8 -5.642800906e+08 +6.27781887e+08 1.12e+03 1.5e+01 5.9e-01 0.886 0.774 0.00
   9 -5.639920888e+08 +6.27205883e+08 1.22e+03 1.5e+01 3.2e-01 0.884 0.776 0.00
  10 -5.637534708e+08 +6.26728647e+08 1.42e+03 1.4e+01 2.8e-01 0.884 0.779 0.00
  11 -5.635644649e+08 +6.26350635e+08 1.40e+03 1.3e+01 2.5e-01 0.883 0.783 0.00
  12 -5.634227512e+08 +6.26067208e+08 1.21e+03 1.1e+01 2.1e-01 0.883 0.787 0.00
  13 -5.633139061e+08 +6.25849518e+08 9.58e+02 8.5e+00 1.7e-01 0.883 0.790 0.00
  14 -5.632348422e+08 +6.25691390e+08 7.15e+02 6.6e+00 1.4e-01 0.883 0.793 0.00
  15 -5.631754690e+08 +6.25572643e+08 3.28e+03 5.2e+00 1.2e-01 0.884 0.795 0.00
  16 -5.631274151e+08 +6.25476535e+08 1.01e+04 4.5e+00 1.0e-01 0.885 0.797 0.00
  17 -5.630745755e+08 +6.25370856e+08 2.11e+04 8.7e+00 1.4e-01 0.885 0.797 0.00
  18 -5.629596288e+08 +6.25140963e+08 2.33e+04 2.1e+01 3.9e-01 0.886 0.798 0.00
  19 -5.626887122e+08 +6.24599130e+08 1.19e+03 1.6e+01 1.2e+00 0.886 0.798 0.00
  20 -5.625892399e+08 +6.24400185e+08 3.11e+02 5.0e+00 7.0e-01 0.887 0.800 0.00
  21 -5.625444543e+08 +6.24310614e+08 2.30e+02 3.7e+00 1.4e-01 0.887 0.801 0.00
  22 -5.625106178e+08 +6.24242941e+08 2.09e+02 2.9e+00 1.1e-01 0.889 0.801 0.00
  23 -5.624836172e+08 +6.24188940e+08 1.90e+02 2.3e+00 9.7e-02 0.889 0.801 0.00
  24 -5.624615599e+08 +6.24144825e+08 1.72e+02 2.0e+00 8.7e-02 0.890 0.800 0.00
  25 -5.624433090e+08 +6.24108323e+08 1.56e+02 1.7e+00 7.8e-02 0.891 0.799 0.00
  26 -5.624280678e+08 +6.24077841e+08 1.41e+02 1.5e+00 7.1e-02 0.892 0.798 0.00
  27 -5.624153726e+08 +6.24052451e+08 1.27e+02 1.3e+00 6.5e-02 0.893 0.797 0.00
  28 -5.624048891e+08 +6.24031484e+08 1.15e+02 1.1e+00 5.9e-02 0.893 0.796 0.00
  29 -5.623963113e+08 +6.24014328e+08 1.03e+02 1.0e+00 5.5e-02 0.894 0.795 0.00
  30 -5.623893283e+08 +6.24000362e+08 9.22e+01 9.2e-01 5.1e-02 0.894 0.794 0.00
  31 -5.623836956e+08 +6.23989097e+08 8.23e+01 8.2e-01 4.7e-02 0.895 0.793 0.00
  32 -5.623791868e+08 +6.23980079e+08 7.31e+01 7.4e-01 4.3e-02 0.895 0.792 0.00
  33 -5.623756015e+08 +6.23972908e+08 6.48e+01 6.6e-01 3.9e-02 0.895 0.792 0.00
  34 -5.623727702e+08 +6.23967246e+08 5.74e+01 5.9e-01 3.6e-02 0.895 0.791 0.00
  35 -5.623705505e+08 +6.23962806e+08 5.08e+01 5.3e-01 3.3e-02 0.895 0.790 0.00
  36 -5.623688201e+08 +6.23959346e+08 4.49e+01 4.7e-01 3.0e-02 0.896 0.790 0.00
  37 -5.623674766e+08 +6.23956659e+08 3.95e+01 4.2e-01 2.7e-02 0.896 0.790 0.00
  38 -5.623664369e+08 +6.23954579e+08 3.47e+01 3.7e-01 2.4e-02 0.896 0.789 0.00
  39 -5.623656341e+08 +6.23952974e+08 3.04e+01 3.3e-01 2.1e-02 0.896 0.789 0.00
  40 -5.623650161e+08 +6.23951738e+08 2.67e+01 2.9e-01 1.9e-02 0.896 0.789 0.00
  41 -5.623645419e+08 +6.23950789e+08 2.33e+01 2.5e-01 1.7e-02 0.896 0.789 0.00
  42 -5.623641786e+08 +6.23950063e+08 2.04e+01 2.2e-01 1.5e-02 0.896 0.789 0.00
  43 -5.623639005e+08 +6.23949506e+08 1.79e+01 2.0e-01 1.3e-02 0.896 0.788 0.00
  44 -5.623636867e+08 +6.23949079e+08 1.56e+01 1.7e-01 1.2e-02 0.897 0.788 0.00
  45 -5.623635213e+08 +6.23948748e+08 1.37e+01 1.5e-01 1.0e-02 0.897 0.788 0.00
  46 -5.623633931e+08 +6.23948491e+08 1.20e+01 1.3e-01 8.9e-03 0.897 0.788 0.00
  47 -5.623632935e+08 +6.23948292e+08 1.05e+01 1.1e-01 7.8e-03 0.897 0.788 0.00
  48 -5.623632164e+08 +6.23948138e+08 9.24e+00 1.0e-01 6.8e-03 0.897 0.788 0.00
  49 -5.623631568e+08 +6.23948019e+08 8.11e+00 8.7e-02 6.0e-03 0.897 0.788 0.00
  50 -5.623631107e+08 +6.23947927e+08 7.12e+00 7.7e-02 5.2e-03 0.897 0.788 0.00
  51 -5.623630752e+08 +6.23947856e+08 6.25e+00 6.7e-02 4.6e-03 0.897 0.787 0.00
  52 -5.623630479e+08 +6.23947801e+08 5.49e+00 5.9e-02 4.0e-03 0.897 0.787 0.00
  53 -5.623630270e+08 +6.23947759e+08 4.81e+00 5.2e-02 3.5e-03 0.897 0.787 0.00
  54 -5.623630108e+08 +6.23947727e+08 4.22e+00 4.5e-02 3.1e-03 0.897 0.787 0.00
  55 -5.623629984e+08 +6.23947702e+08 3.70e+00 4.0e-02 2.7e-03 0.897 0.787 0.00
  56 -5.623629889e+08 +6.23947683e+08 3.25e+00 3.5e-02 2.4e-03 0.897 0.787 0.00
  57 -5.623629815e+08 +6.23947668e+08 2.85e+00 3.1e-02 2.1e-03 0.897 0.787 0.00
  58 -5.623629759e+08 +6.23947657e+08 2.50e+00 2.7e-02 1.9e-03 0.897 0.787 0.00
  59 -5.623629715e+08 +6.23947648e+08 2.19e+00 2.4e-02 1.6e-03 0.897 0.787 0.00
  60 -5.623629682e+08 +6.23947642e+08 1.92e+00 2.1e-02 1.4e-03 0.897 0.787 0.00
  61 -5.623629656e+08 +6.23947637e+08 1.68e+00 1.8e-02 1.3e-03 0.897 0.787 0.00
  62 -5.623629636e+08 +6.23947633e+08 1.48e+00 1.6e-02 1.1e-03 0.897 0.787 0.00
  63 -5.623629621e+08 +6.23947630e+08 1.30e+00 1.4e-02 9.6e-04 0.897 0.787 0.00
  64 -5.623629609e+08 +6.23947627e+08 1.14e+00 1.2e-02 8.5e-04 0.897 0.787 0.00
  65 -5.623629600e+08 +6.23947625e+08 9.97e-01 1.1e-02 7.4e-04 0.897 0.787 0.00
  66 -5.623629593e+08 +6.23947624e+08 8.75e-01 9.4e-03 6.5e-04 0.897 0.787 0.00
  67 -5.623629587e+08 +6.23947623e+08 7.68e-01 8.2e-03 5.7e-04 0.897 0.787 0.00
  68 -5.623629583e+08 +6.23947622e+08 6.74e-01 7.2e-03 5.0e-04 0.897 0.787 0.00
  69 -5.623629580e+08 +6.23947621e+08 5.92e-01 6.3e-03 4.4e-04 0.897 0.787 0.00
  70 -5.623629577e+08 +6.23947621e+08 5.20e-01 5.6e-03 3.9e-04 0.897 0.787 0.00
  71 -5.623629575e+08 +6.23947620e+08 4.56e-01 4.9e-03 3.4e-04 0.897 0.787 0.00
  72 -5.623629574e+08 +6.23947620e+08 4.00e-01 4.3e-03 3.0e-04 0.897 0.787 0.00
  73 -5.623629573e+08 +6.23947620e+08 3.52e-01 3.8e-03 2.6e-04 0.897 0.787 0.00
  74 -5.623629572e+08 +6.23947620e+08 3.09e-01 3.3e-03 2.3e-04 0.897 0.787 0.00
  75 -5.623629571e+08 +6.23947620e+08 2.71e-01 2.9e-03 2.0e-04 0.897 0.787 0.00
  76 -5.623629571e+08 +6.23947619e+08 2.38e-01 2.5e-03 1.8e-04 0.897 0.787 0.00
  77 -5.623629570e+08 +6.23947619e+08 2.09e-01 2.2e-03 1.5e-04 0.897 0.787 0.00
  78 -5.623629570e+08 +6.23947619e+08 1.83e-01 2.0e-03 1.4e-04 0.897 0.787 0.00
  79 -5.623629570e+08 +6.23947619e+08 1.61e-01 1.7e-03 1.2e-04 0.897 0.787 0.00
  80 -5.623629569e+08 +6.23947619e+08 1.41e-01 1.5e-03 1.0e-04 0.897 0.787 0.00
  81 -5.623629569e+08 +6.23947619e+08 1.23e-01 1.3e-03 9.2e-05 0.897 0.787 0.00
  82 -5.623629569e+08 +6.23947619e+08 1.08e-01 1.2e-03 8.1e-05 0.897 0.787 0.00
  83 -5.623629569e+08 +6.23947619e+08 9.50e-02 1.0e-03 7.1e-05 0.897 0.787 0.00
  84 -5.623629569e+08 +6.23947619e+08 8.33e-02 8.9e-04 6.2e-05 0.897 0.787 0.00
  85 -5.623629569e+08 +6.23947619e+08 7.30e-02 7.8e-04 5.4e-05 0.897 0.787 0.00
  86 -5.623629569e+08 +6.23947619e+08 6.40e-02 6.9e-04 4.8e-05 0.897 0.787 0.00
  87 -5.623629569e+08 +6.23947619e+08 5.62e-02 6.0e-04 4.2e-05 0.897 0.787 0.00
  88 -5.623629569e+08 +6.23947619e+08 4.92e-02 5.3e-04 3.7e-05 0.897 0.787 0.00
  89 -5.623629569e+08 +6.23947619e+08 4.32e-02 4.6e-04 3.2e-05 0.897 0.787 0.00
  90 -5.623629569e+08 +6.23947619e+08 3.79e-02 4.1e-04 2.8e-05 0.897 0.787 0.00
  91 -5.623629569e+08 +6.23947619e+08 3.32e-02 3.6e-04 2.5e-05 0.897 0.787 0.00
  92 -5.623629569e+08 +6.23947619e+08 2.91e-02 3.1e-04 2.2e-05 0.897 0.787 0.00
  93 -5.623629569e+08 +6.23947619e+08 2.55e-02 2.7e-04 1.9e-05 0.897 0.787 0.00
  94 -5.623629569e+08 +6.23947619e+08 2.24e-02 2.4e-04 1.7e-05 0.897 0.787 0.00
  95 -5.623629569e+08 +6.23947619e+08 1.96e-02 2.1e-04 1.5e-05 0.897 0.787 0.00
  96 -5.623629569e+08 +6.23947619e+08 1.72e-02 1.9e-04 1.3e-05 0.897 0.787 0.00
  97 -5.623629569e+08 +6.23947619e+08 1.51e-02 1.6e-04 1.1e-05 0.897 0.787 0.00
  98 -5.623629569e+08 +6.23947619e+08 1.32e-02 1.4e-04 9.9e-06 0.897 0.787 0.00
  99 -5.623629569e+08 +6.23947619e+08 1.16e-02 1.2e-04 8.7e-06 0.897 0.787 0.00
 100 -5.623629569e+08 +6.23947619e+08 1.02e-02 1.1e-04 7.6e-06 0.897 0.787 0.00
> saveRDS(fit, file=paste0("../data/gom-data/topics",clustnum,".chimp.log.indv-cell.int19k.reg-",data.source,".rds"))
> 
> proc.time()
     user    system   elapsed 
49027.782  6800.988 34884.554 
