
R version 3.6.1 (2019-07-05) -- "Action of the Toes"
Copyright (C) 2019 The R Foundation for Statistical Computing
Platform: x86_64-pc-linux-gnu (64-bit)

R is free software and comes with ABSOLUTELY NO WARRANTY.
You are welcome to redistribute it under certain conditions.
Type 'license()' or 'licence()' for distribution details.

R is a collaborative project with many contributors.
Type 'contributors()' for more information and
'citation()' on how to cite R or R packages in publications.

Type 'demo()' for some demos, 'help()' for on-line help, or
'help.start()' for an HTML browser interface to help.
Type 'q()' to quit R.

> #Read in command line arguments as list of character vectors
> args=(commandArgs(TRUE))
> 
> #Check if arguments are passed and cycle through to evaluate each element
> if(length(args)==0){
+   print("No arguments supplied.")
+   #supply default values
+   clustnum=3
+   data.source="tot"
+ }else{
+   for(i in 1:length(args)){
+     eval(parse(text=args[[i]]))
+   }
+ }
> print(paste0("k: ",clustnum))
[1] "k: 5"
> print(paste0("data source: ",data.source))
[1] "data source: tot"
> 
> #Load libraries
> library(Seurat)
> library(CountClust)
Loading required package: ggplot2
> library(classtpx)
Loading required package: slam
> library(fastTopics)
> 
> 
> #Run analyses for human data
> print("Loading human data")
[1] "Loading human data"
> 
> #Load data
> scrna <- paste0("../data/cellranger-data-full/data.filter.log.indv-cell.int19k.reg-",data.source,".rds")
> data <- readRDS(scrna)
> data <- subset(data, subset=Species=="Human")
> 
> #Prepare data (unintegrated count data)
> counts <- as.matrix(data@assays$RNA@counts) #do not use integrated data
> counts <- counts[rowSums(counts>0)>0,]      #remove genes with 0 counts across cells
> counts <- t(as.matrix(counts))              #fix matrix orientation (barcodes x features)
> 
> #Batch correct counts - don't correct for species
> labelBatch1 <- as.factor(paste0(data@meta.data$Pair,data@meta.data$Replicate)[which(rownames(data@meta.data) %in% rownames(counts))])
> countsBC1 <- BatchCorrectedCounts(counts, labelBatch1, use_parallel=FALSE)
> rm(data,counts)
> 
> #Fit fastTopics model and save data
> fit <- fit_poisson_nmf(countsBC1, k=clustnum, numiter=100)
Using 4 RcppParallel threads.
Initializing factors using Topic SCORE algorithm.
Initializing loadings by running 10 SCD updates.
Using 4 RcppParallel threads.
Fitting rank-5 Poisson NMF to 47972 x 18142 dense matrix.
Running 100 SCD updates, without extrapolation (fastTopics 0.3-185).
iter   log-likelihood        deviance res(KKT)  |F-F'|  |L-L'| nz(F) nz(L) beta
   1 -5.195048075e+08 +5.53758955e+08 3.18e+03 9.5e+01 8.7e-01 0.819 0.675 0.00
   2 -5.169106105e+08 +5.48570561e+08 1.47e+03 1.8e+01 2.1e+00 0.826 0.763 0.00
   3 -5.153938452e+08 +5.45537031e+08 5.18e+03 1.5e+01 1.4e+00 0.829 0.776 0.00
   4 -5.145175572e+08 +5.43784455e+08 3.19e+03 1.2e+01 8.5e-01 0.832 0.788 0.00
   5 -5.140164118e+08 +5.42782164e+08 4.02e+03 9.8e+00 6.0e-01 0.830 0.793 0.00
   6 -5.137257717e+08 +5.42200884e+08 4.77e+03 9.6e+00 3.7e-01 0.829 0.792 0.00
   7 -5.135473224e+08 +5.41843985e+08 4.80e+03 9.4e+00 4.8e-01 0.826 0.796 0.00
   8 -5.134386653e+08 +5.41626671e+08 4.16e+03 8.0e+00 2.2e-01 0.823 0.800 0.00
   9 -5.133649667e+08 +5.41479274e+08 3.23e+03 5.5e+00 1.6e-01 0.820 0.805 0.00
  10 -5.133145418e+08 +5.41378424e+08 2.20e+03 3.8e+00 1.2e-01 0.818 0.806 0.00
  11 -5.132769070e+08 +5.41303154e+08 1.44e+03 3.2e+00 9.2e-02 0.815 0.809 0.00
  12 -5.132470281e+08 +5.41243397e+08 9.54e+02 2.9e+00 9.1e-02 0.813 0.810 0.00
  13 -5.132222527e+08 +5.41193846e+08 6.93e+02 2.8e+00 8.8e-02 0.811 0.812 0.00
  14 -5.132010160e+08 +5.41151372e+08 5.49e+02 2.7e+00 8.5e-02 0.809 0.814 0.00
  15 -5.131823835e+08 +5.41114107e+08 4.76e+02 2.6e+00 8.1e-02 0.807 0.815 0.00
  16 -5.131656733e+08 +5.41080687e+08 4.41e+02 2.4e+00 7.9e-02 0.806 0.816 0.00
  17 -5.131504178e+08 +5.41050176e+08 4.19e+02 2.4e+00 7.6e-02 0.804 0.817 0.00
  18 -5.131362910e+08 +5.41021922e+08 4.10e+02 2.3e+00 7.4e-02 0.802 0.818 0.00
  19 -5.131230349e+08 +5.40995410e+08 4.07e+02 2.2e+00 7.2e-02 0.801 0.819 0.00
  20 -5.131104534e+08 +5.40970247e+08 4.10e+02 2.2e+00 7.1e-02 0.800 0.821 0.00
  21 -5.130984005e+08 +5.40946141e+08 4.14e+02 2.1e+00 7.0e-02 0.798 0.822 0.00
  22 -5.130867694e+08 +5.40922879e+08 4.19e+02 2.1e+00 7.0e-02 0.797 0.823 0.00
  23 -5.130754791e+08 +5.40900298e+08 4.22e+02 2.1e+00 7.0e-02 0.796 0.824 0.00
  24 -5.130644684e+08 +5.40878277e+08 4.24e+02 2.2e+00 7.0e-02 0.794 0.825 0.00
  25 -5.130536843e+08 +5.40856709e+08 4.25e+02 2.2e+00 6.9e-02 0.793 0.826 0.00
  26 -5.130430880e+08 +5.40835516e+08 4.24e+02 2.3e+00 6.9e-02 0.792 0.827 0.00
  27 -5.130326676e+08 +5.40814676e+08 4.22e+02 2.3e+00 6.9e-02 0.790 0.827 0.00
  28 -5.130224450e+08 +5.40794230e+08 4.17e+02 2.3e+00 6.9e-02 0.789 0.828 0.00
  29 -5.130124323e+08 +5.40774205e+08 4.09e+02 2.4e+00 6.8e-02 0.788 0.829 0.00
  30 -5.130026355e+08 +5.40754611e+08 4.01e+02 2.4e+00 6.8e-02 0.787 0.830 0.00
  31 -5.129930682e+08 +5.40735477e+08 3.91e+02 2.4e+00 6.8e-02 0.786 0.831 0.00
  32 -5.129837453e+08 +5.40716831e+08 3.85e+02 2.5e+00 6.7e-02 0.785 0.831 0.00
  33 -5.129746701e+08 +5.40698681e+08 3.87e+02 2.5e+00 6.6e-02 0.784 0.832 0.00
  34 -5.129658508e+08 +5.40681042e+08 3.89e+02 2.5e+00 6.6e-02 0.783 0.833 0.00
  35 -5.129572916e+08 +5.40663924e+08 3.89e+02 2.5e+00 6.5e-02 0.782 0.834 0.00
  36 -5.129490035e+08 +5.40647347e+08 3.88e+02 2.4e+00 6.4e-02 0.782 0.835 0.00
  37 -5.129410026e+08 +5.40631346e+08 3.87e+02 2.4e+00 6.3e-02 0.780 0.836 0.00
  38 -5.129333098e+08 +5.40615960e+08 3.85e+02 2.4e+00 6.2e-02 0.780 0.836 0.00
  39 -5.129258975e+08 +5.40601135e+08 3.82e+02 2.4e+00 6.1e-02 0.779 0.837 0.00
  40 -5.129188124e+08 +5.40586965e+08 3.78e+02 2.3e+00 6.0e-02 0.779 0.837 0.00
  41 -5.129120459e+08 +5.40573432e+08 3.73e+02 2.3e+00 5.9e-02 0.778 0.838 0.00
  42 -5.129055976e+08 +5.40560536e+08 3.66e+02 2.2e+00 5.7e-02 0.777 0.838 0.00
  43 -5.128994640e+08 +5.40548268e+08 3.59e+02 2.1e+00 5.5e-02 0.777 0.839 0.00
  44 -5.128936426e+08 +5.40536626e+08 3.51e+02 2.1e+00 5.3e-02 0.776 0.839 0.00
  45 -5.128881343e+08 +5.40525609e+08 3.43e+02 2.0e+00 5.1e-02 0.776 0.840 0.00
  46 -5.128829381e+08 +5.40515216e+08 3.33e+02 1.9e+00 5.0e-02 0.775 0.840 0.00
  47 -5.128780427e+08 +5.40505426e+08 3.24e+02 1.8e+00 4.8e-02 0.775 0.841 0.00
  48 -5.128734352e+08 +5.40496211e+08 3.14e+02 1.8e+00 4.6e-02 0.774 0.841 0.00
  49 -5.128691162e+08 +5.40487573e+08 3.02e+02 1.7e+00 4.3e-02 0.773 0.842 0.00
  50 -5.128650686e+08 +5.40479478e+08 2.88e+02 1.6e+00 4.1e-02 0.773 0.842 0.00
  51 -5.128612703e+08 +5.40471881e+08 2.75e+02 1.5e+00 3.9e-02 0.772 0.843 0.00
  52 -5.128577049e+08 +5.40464750e+08 2.62e+02 1.4e+00 3.8e-02 0.772 0.843 0.00
  53 -5.128543579e+08 +5.40458056e+08 2.50e+02 1.4e+00 3.6e-02 0.772 0.844 0.00
  54 -5.128512153e+08 +5.40451771e+08 2.36e+02 1.3e+00 3.4e-02 0.771 0.844 0.00
  55 -5.128482663e+08 +5.40445873e+08 2.36e+02 1.3e+00 3.2e-02 0.771 0.844 0.00
  56 -5.128455020e+08 +5.40440344e+08 2.48e+02 1.2e+00 3.1e-02 0.771 0.845 0.00
  57 -5.128429107e+08 +5.40435162e+08 2.60e+02 1.2e+00 2.9e-02 0.770 0.845 0.00
  58 -5.128404804e+08 +5.40430301e+08 2.72e+02 1.2e+00 2.8e-02 0.770 0.845 0.00
  59 -5.128382007e+08 +5.40425742e+08 2.83e+02 1.2e+00 2.7e-02 0.770 0.846 0.00
  60 -5.128360585e+08 +5.40421457e+08 2.95e+02 1.1e+00 2.5e-02 0.770 0.846 0.00
  61 -5.128340427e+08 +5.40417426e+08 3.06e+02 1.1e+00 2.4e-02 0.770 0.846 0.00
  62 -5.128321440e+08 +5.40413628e+08 3.17e+02 1.1e+00 2.3e-02 0.769 0.847 0.00
  63 -5.128303535e+08 +5.40410047e+08 3.27e+02 1.1e+00 2.2e-02 0.769 0.847 0.00
  64 -5.128286642e+08 +5.40406669e+08 3.38e+02 1.1e+00 2.2e-02 0.769 0.847 0.00
  65 -5.128270697e+08 +5.40403480e+08 3.47e+02 1.0e+00 2.1e-02 0.769 0.847 0.00
  66 -5.128255637e+08 +5.40400468e+08 3.55e+02 1.0e+00 2.1e-02 0.768 0.848 0.00
  67 -5.128241408e+08 +5.40397622e+08 3.63e+02 1.0e+00 2.1e-02 0.768 0.848 0.00
  68 -5.128227952e+08 +5.40394931e+08 3.71e+02 9.9e-01 2.0e-02 0.768 0.848 0.00
  69 -5.128215209e+08 +5.40392382e+08 3.80e+02 9.8e-01 2.0e-02 0.768 0.848 0.00
  70 -5.128203126e+08 +5.40389966e+08 3.88e+02 9.6e-01 1.9e-02 0.767 0.849 0.00
  71 -5.128191654e+08 +5.40387671e+08 3.95e+02 9.4e-01 1.9e-02 0.767 0.849 0.00
  72 -5.128180745e+08 +5.40385489e+08 4.02e+02 9.2e-01 1.8e-02 0.767 0.849 0.00
  73 -5.128170356e+08 +5.40383412e+08 4.10e+02 9.1e-01 1.8e-02 0.767 0.849 0.00
  74 -5.128160442e+08 +5.40381429e+08 4.19e+02 8.9e-01 1.8e-02 0.767 0.849 0.00
  75 -5.128150968e+08 +5.40379534e+08 4.26e+02 8.8e-01 1.7e-02 0.767 0.850 0.00
  76 -5.128141905e+08 +5.40377721e+08 4.33e+02 8.7e-01 1.7e-02 0.766 0.850 0.00
  77 -5.128133224e+08 +5.40375985e+08 4.40e+02 8.6e-01 1.7e-02 0.766 0.850 0.00
  78 -5.128124894e+08 +5.40374319e+08 4.47e+02 8.4e-01 1.6e-02 0.766 0.850 0.00
  79 -5.128116898e+08 +5.40372720e+08 4.53e+02 8.3e-01 1.6e-02 0.766 0.850 0.00
  80 -5.128109213e+08 +5.40371183e+08 4.58e+02 8.2e-01 1.6e-02 0.766 0.851 0.00
  81 -5.128101827e+08 +5.40369706e+08 4.63e+02 8.1e-01 1.6e-02 0.766 0.851 0.00
  82 -5.128094719e+08 +5.40368284e+08 4.68e+02 7.9e-01 1.5e-02 0.766 0.851 0.00
  83 -5.128087877e+08 +5.40366916e+08 4.72e+02 7.8e-01 1.5e-02 0.766 0.851 0.00
  84 -5.128081351e+08 +5.40365611e+08 4.75e+02 7.6e-01 1.5e-02 0.765 0.851 0.00
  85 -5.128075336e+08 +5.40364407e+08 4.19e+02 7.2e-01 1.4e-02 0.765 0.851 0.00
  86 -5.128069761e+08 +5.40363293e+08 3.71e+02 6.8e-01 1.3e-02 0.765 0.852 0.00
  87 -5.128064577e+08 +5.40362256e+08 3.42e+02 6.5e-01 1.2e-02 0.765 0.852 0.00
  88 -5.128059748e+08 +5.40361290e+08 3.22e+02 6.2e-01 1.2e-02 0.765 0.852 0.00
  89 -5.128055243e+08 +5.40360389e+08 3.06e+02 5.9e-01 1.1e-02 0.765 0.852 0.00
  90 -5.128051034e+08 +5.40359547e+08 2.94e+02 5.6e-01 1.1e-02 0.765 0.852 0.00
  91 -5.128047101e+08 +5.40358761e+08 2.82e+02 5.4e-01 1.0e-02 0.765 0.852 0.00
  92 -5.128043422e+08 +5.40358025e+08 2.72e+02 5.2e-01 9.9e-03 0.765 0.852 0.00
  93 -5.128039983e+08 +5.40357337e+08 2.62e+02 4.9e-01 9.5e-03 0.764 0.852 0.00
  94 -5.128036766e+08 +5.40356694e+08 2.53e+02 4.7e-01 9.2e-03 0.764 0.852 0.00
  95 -5.128033755e+08 +5.40356091e+08 2.45e+02 4.5e-01 8.8e-03 0.764 0.853 0.00
  96 -5.128030935e+08 +5.40355527e+08 2.37e+02 4.3e-01 8.5e-03 0.764 0.853 0.00
  97 -5.128028291e+08 +5.40354999e+08 2.30e+02 4.2e-01 8.2e-03 0.764 0.853 0.00
  98 -5.128025810e+08 +5.40354502e+08 2.23e+02 4.0e-01 7.9e-03 0.764 0.853 0.00
  99 -5.128023478e+08 +5.40354036e+08 2.16e+02 3.8e-01 7.6e-03 0.764 0.853 0.00
 100 -5.128021288e+08 +5.40353598e+08 2.10e+02 3.7e-01 7.4e-03 0.764 0.853 0.00
> saveRDS(fit, file=paste0("../data/gom-data/topics",clustnum,".human.log.indv-cell.int19k.reg-",data.source,".bc1.rds"))
> 
> 
> #Run analyses for chimp data
> print("Loading chimp data")
[1] "Loading chimp data"
> 
> #Load data
> scrna <- paste0("../data/cellranger-data-full/data.filter.log.indv-cell.int19k.reg-",data.source,".rds")
> data <- readRDS(scrna)
> data <- subset(data, subset=Species=="Chimp")
> 
> #Prepare data (unintegrated count data)
> counts <- as.matrix(data@assays$RNA@counts) #do not use integrated data
> counts <- counts[rowSums(counts>0)>0,]      #remove genes with 0 counts across cells
> counts <- t(as.matrix(counts))              #fix matrix orientation (barcodes x features)
> 
> #Batch correct counts - don't correct for species
> labelBatch1 <- as.factor(paste0(data@meta.data$Pair,data@meta.data$Replicate)[which(rownames(data@meta.data) %in% rownames(counts))])
> countsBC1 <- BatchCorrectedCounts(counts, labelBatch1, use_parallel=FALSE)
> rm(data,counts)
> 
> #Fit fastTopics model and save data
> fit <- fit_poisson_nmf(countsBC1, k=clustnum, numiter=100)
Using 4 RcppParallel threads.
Initializing factors using Topic SCORE algorithm.
Initializing loadings by running 10 SCD updates.
Using 4 RcppParallel threads.
Fitting rank-5 Poisson NMF to 53562 x 18072 dense matrix.
Running 100 SCD updates, without extrapolation (fastTopics 0.3-185).
iter   log-likelihood        deviance res(KKT)  |F-F'|  |L-L'| nz(F) nz(L) beta
   1 -5.401896917e+08 +5.81044409e+08 7.55e+03 3.3e+02 1.6e+00 0.834 0.644 0.00
   2 -5.362020841e+08 +5.73069194e+08 6.45e+03 5.6e+01 1.6e+00 0.847 0.733 0.00
   3 -5.346504619e+08 +5.69965949e+08 1.17e+03 2.2e+01 1.2e+00 0.840 0.740 0.00
   4 -5.339268241e+08 +5.68518674e+08 1.94e+03 1.7e+01 7.2e-01 0.836 0.754 0.00
   5 -5.335703757e+08 +5.67805777e+08 2.57e+03 1.4e+01 1.1e+00 0.831 0.770 0.00
   6 -5.333658839e+08 +5.67396793e+08 3.04e+03 1.2e+01 2.8e-01 0.826 0.780 0.00
   7 -5.332365762e+08 +5.67138178e+08 3.39e+03 1.0e+01 1.6e-01 0.822 0.787 0.00
   8 -5.331503878e+08 +5.66965801e+08 3.61e+03 9.0e+00 1.2e-01 0.819 0.793 0.00
   9 -5.330915986e+08 +5.66848223e+08 3.95e+03 7.6e+00 9.5e-02 0.816 0.798 0.00
  10 -5.330505335e+08 +5.66766092e+08 4.01e+03 6.3e+00 7.4e-02 0.815 0.801 0.00
  11 -5.330211773e+08 +5.66707380e+08 3.81e+03 5.2e+00 6.1e-02 0.813 0.804 0.00
  12 -5.329994857e+08 +5.66663997e+08 3.46e+03 4.2e+00 5.2e-02 0.812 0.806 0.00
  13 -5.329829911e+08 +5.66631008e+08 3.07e+03 3.4e+00 4.5e-02 0.810 0.808 0.00
  14 -5.329702974e+08 +5.66605620e+08 2.80e+03 2.7e+00 3.9e-02 0.809 0.809 0.00
  15 -5.329604810e+08 +5.66585987e+08 2.51e+03 2.2e+00 3.4e-02 0.808 0.810 0.00
  16 -5.329528717e+08 +5.66570769e+08 2.21e+03 1.9e+00 3.0e-02 0.808 0.811 0.00
  17 -5.329469522e+08 +5.66558930e+08 1.91e+03 1.6e+00 2.6e-02 0.807 0.812 0.00
  18 -5.329422961e+08 +5.66549618e+08 1.62e+03 1.3e+00 2.3e-02 0.807 0.813 0.00
  19 -5.329386031e+08 +5.66542232e+08 1.35e+03 1.1e+00 2.1e-02 0.806 0.813 0.00
  20 -5.329356577e+08 +5.66536341e+08 1.11e+03 9.0e-01 1.9e-02 0.806 0.814 0.00
  21 -5.329333001e+08 +5.66531626e+08 8.88e+02 7.3e-01 1.7e-02 0.805 0.814 0.00
  22 -5.329313999e+08 +5.66527825e+08 7.00e+02 6.6e-01 1.5e-02 0.805 0.814 0.00
  23 -5.329298599e+08 +5.66524745e+08 5.51e+02 6.0e-01 1.3e-02 0.805 0.815 0.00
  24 -5.329286070e+08 +5.66522239e+08 4.35e+02 5.4e-01 1.2e-02 0.805 0.815 0.00
  25 -5.329275843e+08 +5.66520194e+08 3.46e+02 4.9e-01 1.1e-02 0.804 0.815 0.00
  26 -5.329267489e+08 +5.66518523e+08 2.76e+02 4.4e-01 1.0e-02 0.804 0.815 0.00
  27 -5.329260653e+08 +5.66517156e+08 2.04e+02 4.0e-01 9.4e-03 0.804 0.815 0.00
  28 -5.329255034e+08 +5.66516032e+08 1.49e+02 3.6e-01 8.7e-03 0.804 0.815 0.00
  29 -5.329250404e+08 +5.66515106e+08 1.09e+02 3.2e-01 8.1e-03 0.804 0.815 0.00
  30 -5.329246577e+08 +5.66514341e+08 7.72e+01 2.8e-01 7.5e-03 0.804 0.815 0.00
  31 -5.329243404e+08 +5.66513706e+08 5.29e+01 2.5e-01 7.0e-03 0.804 0.815 0.00
  32 -5.329240767e+08 +5.66513179e+08 3.42e+01 2.3e-01 6.5e-03 0.804 0.815 0.00
  33 -5.329238567e+08 +5.66512739e+08 2.38e+01 2.0e-01 6.0e-03 0.804 0.815 0.00
  34 -5.329236727e+08 +5.66512371e+08 2.22e+01 1.8e-01 5.5e-03 0.804 0.815 0.00
  35 -5.329235184e+08 +5.66512062e+08 2.07e+01 1.6e-01 5.1e-03 0.804 0.815 0.00
  36 -5.329233884e+08 +5.66511802e+08 1.92e+01 1.5e-01 4.8e-03 0.804 0.815 0.00
  37 -5.329232788e+08 +5.66511583e+08 1.79e+01 1.4e-01 4.4e-03 0.804 0.815 0.00
  38 -5.329231859e+08 +5.66511397e+08 1.67e+01 1.3e-01 4.1e-03 0.804 0.815 0.00
  39 -5.329231071e+08 +5.66511240e+08 1.77e+01 1.2e-01 3.8e-03 0.804 0.815 0.00
  40 -5.329230400e+08 +5.66511105e+08 1.83e+01 1.1e-01 3.5e-03 0.804 0.815 0.00
  41 -5.329229826e+08 +5.66510991e+08 1.89e+01 1.0e-01 3.3e-03 0.804 0.815 0.00
  42 -5.329229336e+08 +5.66510893e+08 1.94e+01 9.7e-02 3.0e-03 0.804 0.815 0.00
  43 -5.329228914e+08 +5.66510808e+08 1.95e+01 9.3e-02 2.8e-03 0.804 0.815 0.00
  44 -5.329228552e+08 +5.66510736e+08 1.94e+01 8.9e-02 2.6e-03 0.804 0.815 0.00
  45 -5.329228239e+08 +5.66510673e+08 1.91e+01 8.4e-02 2.4e-03 0.804 0.815 0.00
  46 -5.329227969e+08 +5.66510619e+08 1.86e+01 8.0e-02 2.2e-03 0.804 0.815 0.00
  47 -5.329227735e+08 +5.66510572e+08 1.81e+01 7.7e-02 2.1e-03 0.804 0.815 0.00
  48 -5.329227532e+08 +5.66510532e+08 1.75e+01 7.3e-02 1.9e-03 0.804 0.815 0.00
  49 -5.329227355e+08 +5.66510496e+08 1.68e+01 6.9e-02 1.8e-03 0.804 0.815 0.00
  50 -5.329227201e+08 +5.66510466e+08 1.61e+01 6.6e-02 1.7e-03 0.803 0.815 0.00
  51 -5.329227066e+08 +5.66510439e+08 1.54e+01 6.3e-02 1.6e-03 0.803 0.815 0.00
  52 -5.329226949e+08 +5.66510415e+08 1.47e+01 6.0e-02 1.4e-03 0.803 0.815 0.00
  53 -5.329226846e+08 +5.66510395e+08 1.40e+01 5.7e-02 1.3e-03 0.803 0.815 0.00
  54 -5.329226756e+08 +5.66510377e+08 1.34e+01 5.4e-02 1.3e-03 0.803 0.815 0.00
  55 -5.329226677e+08 +5.66510361e+08 1.27e+01 5.1e-02 1.2e-03 0.803 0.815 0.00
  56 -5.329226607e+08 +5.66510347e+08 1.20e+01 4.9e-02 1.1e-03 0.803 0.815 0.00
  57 -5.329226546e+08 +5.66510335e+08 1.14e+01 4.6e-02 1.0e-03 0.803 0.815 0.00
  58 -5.329226492e+08 +5.66510324e+08 1.08e+01 4.4e-02 9.4e-04 0.803 0.815 0.00
  59 -5.329226444e+08 +5.66510314e+08 1.02e+01 4.2e-02 8.7e-04 0.803 0.816 0.00
  60 -5.329226402e+08 +5.66510306e+08 9.65e+00 4.0e-02 8.1e-04 0.803 0.816 0.00
  61 -5.329226365e+08 +5.66510298e+08 9.14e+00 3.8e-02 7.6e-04 0.803 0.816 0.00
  62 -5.329226332e+08 +5.66510292e+08 8.66e+00 3.6e-02 7.1e-04 0.803 0.816 0.00
  63 -5.329226302e+08 +5.66510286e+08 8.21e+00 3.5e-02 6.6e-04 0.803 0.816 0.00
  64 -5.329226276e+08 +5.66510281e+08 7.76e+00 3.3e-02 6.1e-04 0.803 0.816 0.00
  65 -5.329226253e+08 +5.66510276e+08 7.32e+00 3.2e-02 5.7e-04 0.803 0.816 0.00
  66 -5.329226233e+08 +5.66510272e+08 6.93e+00 3.0e-02 5.3e-04 0.803 0.816 0.00
  67 -5.329226214e+08 +5.66510268e+08 6.58e+00 2.9e-02 5.0e-04 0.803 0.816 0.00
  68 -5.329226198e+08 +5.66510265e+08 6.26e+00 2.7e-02 4.6e-04 0.803 0.816 0.00
  69 -5.329226183e+08 +5.66510262e+08 5.97e+00 2.6e-02 4.3e-04 0.803 0.816 0.00
  70 -5.329226170e+08 +5.66510259e+08 5.70e+00 2.5e-02 4.0e-04 0.803 0.816 0.00
  71 -5.329226158e+08 +5.66510257e+08 5.45e+00 2.4e-02 3.8e-04 0.803 0.816 0.00
  72 -5.329226148e+08 +5.66510255e+08 5.22e+00 2.3e-02 3.6e-04 0.803 0.816 0.00
  73 -5.329226139e+08 +5.66510253e+08 5.00e+00 2.2e-02 3.4e-04 0.803 0.816 0.00
  74 -5.329226130e+08 +5.66510251e+08 4.80e+00 2.1e-02 3.3e-04 0.803 0.816 0.00
  75 -5.329226123e+08 +5.66510250e+08 4.61e+00 2.0e-02 3.1e-04 0.803 0.816 0.00
  76 -5.329226116e+08 +5.66510249e+08 4.42e+00 1.9e-02 3.0e-04 0.803 0.816 0.00
  77 -5.329226110e+08 +5.66510247e+08 4.24e+00 1.8e-02 2.8e-04 0.803 0.816 0.00
  78 -5.329226105e+08 +5.66510246e+08 4.05e+00 1.7e-02 2.7e-04 0.803 0.816 0.00
  79 -5.329226100e+08 +5.66510245e+08 3.88e+00 1.6e-02 2.6e-04 0.803 0.816 0.00
  80 -5.329226096e+08 +5.66510245e+08 3.71e+00 1.6e-02 2.4e-04 0.803 0.816 0.00
  81 -5.329226092e+08 +5.66510244e+08 3.55e+00 1.5e-02 2.3e-04 0.803 0.816 0.00
  82 -5.329226088e+08 +5.66510243e+08 3.40e+00 1.4e-02 2.2e-04 0.803 0.816 0.00
  83 -5.329226085e+08 +5.66510242e+08 3.26e+00 1.3e-02 2.1e-04 0.803 0.816 0.00
  84 -5.329226082e+08 +5.66510242e+08 3.12e+00 1.3e-02 2.0e-04 0.803 0.816 0.00
  85 -5.329226080e+08 +5.66510241e+08 2.99e+00 1.2e-02 1.9e-04 0.803 0.816 0.00
  86 -5.329226077e+08 +5.66510241e+08 2.86e+00 1.2e-02 1.8e-04 0.803 0.816 0.00
  87 -5.329226075e+08 +5.66510240e+08 2.74e+00 1.1e-02 1.7e-04 0.803 0.816 0.00
  88 -5.329226073e+08 +5.66510240e+08 2.62e+00 1.1e-02 1.6e-04 0.803 0.816 0.00
  89 -5.329226072e+08 +5.66510240e+08 2.50e+00 1.0e-02 1.6e-04 0.803 0.816 0.00
  90 -5.329226070e+08 +5.66510239e+08 2.40e+00 9.7e-03 1.5e-04 0.803 0.816 0.00
  91 -5.329226069e+08 +5.66510239e+08 2.30e+00 9.3e-03 1.4e-04 0.803 0.816 0.00
  92 -5.329226068e+08 +5.66510239e+08 2.20e+00 8.9e-03 1.4e-04 0.803 0.816 0.00
  93 -5.329226066e+08 +5.66510239e+08 2.10e+00 8.5e-03 1.3e-04 0.803 0.816 0.00
  94 -5.329226065e+08 +5.66510238e+08 2.01e+00 8.1e-03 1.2e-04 0.803 0.816 0.00
  95 -5.329226065e+08 +5.66510238e+08 1.92e+00 7.7e-03 1.2e-04 0.803 0.816 0.00
  96 -5.329226064e+08 +5.66510238e+08 1.84e+00 7.4e-03 1.1e-04 0.803 0.816 0.00
  97 -5.329226063e+08 +5.66510238e+08 1.76e+00 7.1e-03 1.1e-04 0.803 0.816 0.00
  98 -5.329226062e+08 +5.66510238e+08 1.68e+00 6.7e-03 1.0e-04 0.803 0.816 0.00
  99 -5.329226062e+08 +5.66510238e+08 1.61e+00 6.4e-03 9.7e-05 0.803 0.816 0.00
 100 -5.329226061e+08 +5.66510238e+08 1.54e+00 6.1e-03 9.3e-05 0.803 0.816 0.00
> saveRDS(fit, file=paste0("../data/gom-data/topics",clustnum,".chimp.log.indv-cell.int19k.reg-",data.source,".bc1.rds"))
> 
> proc.time()
     user    system   elapsed 
72269.642  7737.121 44082.608 
