
R version 3.6.1 (2019-07-05) -- "Action of the Toes"
Copyright (C) 2019 The R Foundation for Statistical Computing
Platform: x86_64-pc-linux-gnu (64-bit)

R is free software and comes with ABSOLUTELY NO WARRANTY.
You are welcome to redistribute it under certain conditions.
Type 'license()' or 'licence()' for distribution details.

R is a collaborative project with many contributors.
Type 'contributors()' for more information and
'citation()' on how to cite R or R packages in publications.

Type 'demo()' for some demos, 'help()' for on-line help, or
'help.start()' for an HTML browser interface to help.
Type 'q()' to quit R.

> #Read in command line arguments as list of character vectors
> args=(commandArgs(TRUE))
> 
> #Check if arguments are passed and cycle through to evaluate each element
> if(length(args)==0){
+   print("No arguments supplied.")
+   #supply default values
+   clustnum=3
+   data.source="tot"
+ }else{
+   for(i in 1:length(args)){
+     eval(parse(text=args[[i]]))
+   }
+ }
> print(paste0("k: ",clustnum))
[1] "k: 4"
> print(paste0("data source: ",data.source))
[1] "data source: tot"
> 
> #Load libraries
> library(Seurat)
> library(CountClust)
Loading required package: ggplot2
> library(classtpx)
Loading required package: slam
> library(fastTopics)
> 
> #Load data
> scrna <- paste0("../data/cellranger-data-full/data.filter.log.indv-cell.int19k.reg-",data.source,".rds")
> data <- readRDS(scrna)
> 
> #Prepare data (unintegrated count data)
> counts <- as.matrix(data@assays$RNA@counts) #do not use integrated data
> counts <- counts[rowSums(counts>0)>0,]      #remove genes with 0 counts across cells
> counts <- t(as.matrix(counts))              #fix matrix orientation (barcodes x features)
> 
> #Batch correct counts - don't correct for species
> labelBatch1 <- as.factor(paste0(data@meta.data$Pair,data@meta.data$Replicate)[which(rownames(data@meta.data) %in% rownames(counts))])
> countsBC1 <- BatchCorrectedCounts(counts, labelBatch1, use_parallel=FALSE)
> rm(data,counts)
> 
> #Fit fastTopics model and save data
> fit <- fit_poisson_nmf(countsBC1, k=clustnum, numiter=100)
Using 4 RcppParallel threads.
Initializing factors using Topic SCORE algorithm.
Initializing loadings by running 10 SCD updates.
Using 4 RcppParallel threads.
Fitting rank-4 Poisson NMF to 101534 x 18454 dense matrix.
Running 100 SCD updates, without extrapolation (fastTopics 0.3-185).
iter   log-likelihood        deviance res(KKT)  |F-F'|  |L-L'| nz(F) nz(L) beta
   1 -1.115560627e+09 +1.24648452e+09 6.63e+04 8.0e+01 6.5e-01 0.812 0.776 0.00
   2 -1.109439425e+09 +1.23424212e+09 4.61e+03 1.7e+01 1.8e+00 0.831 0.864 0.00
   3 -1.107309637e+09 +1.22998254e+09 2.92e+03 8.2e+00 1.4e+00 0.833 0.879 0.00
   4 -1.106378984e+09 +1.22812124e+09 2.15e+03 5.9e+00 1.1e+00 0.838 0.877 0.00
   5 -1.105882167e+09 +1.22712760e+09 1.82e+03 4.7e+00 9.1e-01 0.839 0.872 0.00
   6 -1.105569615e+09 +1.22650250e+09 1.48e+03 3.8e+00 5.3e-01 0.841 0.868 0.00
   7 -1.105361123e+09 +1.22608551e+09 1.32e+03 3.1e+00 2.9e-01 0.843 0.866 0.00
   8 -1.105221003e+09 +1.22580527e+09 1.15e+03 3.1e+00 1.9e-01 0.845 0.864 0.00
   9 -1.105127457e+09 +1.22561818e+09 9.82e+02 2.9e+00 1.6e-01 0.847 0.862 0.00
  10 -1.105065155e+09 +1.22549358e+09 8.28e+02 2.8e+00 1.3e-01 0.849 0.860 0.00
  11 -1.105023605e+09 +1.22541048e+09 6.96e+02 2.5e+00 1.1e-01 0.850 0.858 0.00
  12 -1.104995598e+09 +1.22535446e+09 5.82e+02 2.2e+00 9.2e-02 0.851 0.856 0.00
  13 -1.104976406e+09 +1.22531608e+09 4.86e+02 1.9e+00 7.8e-02 0.853 0.854 0.00
  14 -1.104962992e+09 +1.22528925e+09 4.06e+02 1.7e+00 6.6e-02 0.853 0.853 0.00
  15 -1.104953387e+09 +1.22527004e+09 3.40e+02 1.4e+00 5.7e-02 0.854 0.852 0.00
  16 -1.104946349e+09 +1.22525597e+09 2.86e+02 1.3e+00 4.9e-02 0.855 0.851 0.00
  17 -1.104941096e+09 +1.22524546e+09 2.44e+02 1.1e+00 4.3e-02 0.855 0.851 0.00
  18 -1.104937123e+09 +1.22523751e+09 2.09e+02 9.5e-01 3.7e-02 0.856 0.850 0.00
  19 -1.104934092e+09 +1.22523145e+09 1.80e+02 8.3e-01 3.3e-02 0.856 0.850 0.00
  20 -1.104931766e+09 +1.22522680e+09 1.56e+02 7.3e-01 2.9e-02 0.856 0.849 0.00
  21 -1.104929971e+09 +1.22522321e+09 1.35e+02 6.5e-01 2.5e-02 0.857 0.849 0.00
  22 -1.104928580e+09 +1.22522043e+09 1.17e+02 5.8e-01 2.2e-02 0.857 0.849 0.00
  23 -1.104927498e+09 +1.22521826e+09 1.02e+02 5.1e-01 2.0e-02 0.857 0.848 0.00
  24 -1.104926654e+09 +1.22521658e+09 8.90e+01 4.5e-01 1.8e-02 0.858 0.848 0.00
  25 -1.104925994e+09 +1.22521526e+09 7.77e+01 4.0e-01 1.6e-02 0.858 0.848 0.00
  26 -1.104925476e+09 +1.22521422e+09 6.81e+01 3.5e-01 1.4e-02 0.858 0.848 0.00
  27 -1.104925069e+09 +1.22521341e+09 5.98e+01 3.1e-01 1.2e-02 0.858 0.848 0.00
  28 -1.104924749e+09 +1.22521277e+09 5.26e+01 2.8e-01 1.1e-02 0.858 0.848 0.00
  29 -1.104924496e+09 +1.22521226e+09 4.64e+01 2.5e-01 9.6e-03 0.858 0.848 0.00
  30 -1.104924297e+09 +1.22521186e+09 4.10e+01 2.2e-01 8.5e-03 0.858 0.848 0.00
  31 -1.104924139e+09 +1.22521155e+09 3.63e+01 1.9e-01 7.6e-03 0.858 0.848 0.00
  32 -1.104924014e+09 +1.22521130e+09 3.21e+01 1.7e-01 6.8e-03 0.858 0.848 0.00
  33 -1.104923915e+09 +1.22521110e+09 2.85e+01 1.5e-01 6.0e-03 0.858 0.848 0.00
  34 -1.104923836e+09 +1.22521094e+09 2.53e+01 1.4e-01 5.4e-03 0.858 0.847 0.00
  35 -1.104923774e+09 +1.22521082e+09 2.25e+01 1.2e-01 4.8e-03 0.858 0.847 0.00
  36 -1.104923724e+09 +1.22521072e+09 2.01e+01 1.1e-01 4.3e-03 0.858 0.847 0.00
  37 -1.104923685e+09 +1.22521064e+09 1.80e+01 9.6e-02 3.8e-03 0.858 0.847 0.00
  38 -1.104923653e+09 +1.22521057e+09 1.60e+01 8.6e-02 3.4e-03 0.858 0.847 0.00
  39 -1.104923628e+09 +1.22521052e+09 1.44e+01 7.6e-02 3.0e-03 0.859 0.847 0.00
  40 -1.104923608e+09 +1.22521048e+09 1.29e+01 6.8e-02 2.7e-03 0.859 0.847 0.00
  41 -1.104923592e+09 +1.22521045e+09 1.16e+01 6.1e-02 2.4e-03 0.859 0.847 0.00
  42 -1.104923579e+09 +1.22521043e+09 1.04e+01 5.4e-02 2.2e-03 0.859 0.847 0.00
  43 -1.104923569e+09 +1.22521040e+09 9.33e+00 4.9e-02 1.9e-03 0.859 0.847 0.00
  44 -1.104923560e+09 +1.22521039e+09 8.39e+00 4.3e-02 1.7e-03 0.859 0.847 0.00
  45 -1.104923554e+09 +1.22521038e+09 7.56e+00 3.9e-02 1.5e-03 0.859 0.847 0.00
  46 -1.104923548e+09 +1.22521036e+09 6.82e+00 3.5e-02 1.4e-03 0.859 0.847 0.00
  47 -1.104923544e+09 +1.22521036e+09 6.18e+00 3.1e-02 1.2e-03 0.859 0.847 0.00
  48 -1.104923541e+09 +1.22521035e+09 5.60e+00 2.8e-02 1.1e-03 0.859 0.847 0.00
  49 -1.104923538e+09 +1.22521034e+09 5.08e+00 2.5e-02 9.8e-04 0.859 0.847 0.00
  50 -1.104923536e+09 +1.22521034e+09 4.60e+00 2.3e-02 8.8e-04 0.859 0.847 0.00
  51 -1.104923534e+09 +1.22521034e+09 4.17e+00 2.0e-02 7.8e-04 0.859 0.847 0.00
  52 -1.104923532e+09 +1.22521033e+09 3.79e+00 1.8e-02 7.0e-04 0.859 0.847 0.00
  53 -1.104923531e+09 +1.22521033e+09 3.44e+00 1.6e-02 6.3e-04 0.859 0.847 0.00
  54 -1.104923530e+09 +1.22521033e+09 3.12e+00 1.5e-02 5.6e-04 0.859 0.847 0.00
  55 -1.104923529e+09 +1.22521033e+09 2.84e+00 1.3e-02 5.0e-04 0.859 0.847 0.00
  56 -1.104923529e+09 +1.22521033e+09 2.58e+00 1.2e-02 4.5e-04 0.859 0.847 0.00
  57 -1.104923528e+09 +1.22521032e+09 2.35e+00 1.1e-02 4.0e-04 0.859 0.847 0.00
  58 -1.104923528e+09 +1.22521032e+09 2.14e+00 9.6e-03 3.6e-04 0.859 0.847 0.00
  59 -1.104923527e+09 +1.22521032e+09 1.95e+00 8.6e-03 3.2e-04 0.859 0.847 0.00
  60 -1.104923527e+09 +1.22521032e+09 1.78e+00 7.8e-03 2.8e-04 0.859 0.847 0.00
  61 -1.104923527e+09 +1.22521032e+09 1.62e+00 7.0e-03 2.5e-04 0.859 0.847 0.00
  62 -1.104923527e+09 +1.22521032e+09 1.48e+00 6.3e-03 2.3e-04 0.859 0.847 0.00
  63 -1.104923527e+09 +1.22521032e+09 1.35e+00 5.7e-03 2.0e-04 0.859 0.847 0.00
  64 -1.104923527e+09 +1.22521032e+09 1.24e+00 5.1e-03 1.8e-04 0.859 0.847 0.00
  65 -1.104923526e+09 +1.22521032e+09 1.14e+00 4.6e-03 1.6e-04 0.859 0.847 0.00
  66 -1.104923526e+09 +1.22521032e+09 1.04e+00 4.1e-03 1.5e-04 0.859 0.847 0.00
  67 -1.104923526e+09 +1.22521032e+09 9.56e-01 3.7e-03 1.4e-04 0.859 0.847 0.00
  68 -1.104923526e+09 +1.22521032e+09 8.78e-01 3.4e-03 1.3e-04 0.859 0.847 0.00
  69 -1.104923526e+09 +1.22521032e+09 8.08e-01 3.0e-03 1.2e-04 0.859 0.847 0.00
  70 -1.104923526e+09 +1.22521032e+09 7.44e-01 2.7e-03 1.1e-04 0.859 0.847 0.00
  71 -1.104923526e+09 +1.22521032e+09 6.86e-01 2.5e-03 1.0e-04 0.859 0.847 0.00
  72 -1.104923526e+09 +1.22521032e+09 6.33e-01 2.2e-03 9.4e-05 0.859 0.847 0.00
  73 -1.104923526e+09 +1.22521032e+09 5.85e-01 2.0e-03 8.8e-05 0.859 0.847 0.00
  74 -1.104923526e+09 +1.22521032e+09 5.41e-01 1.8e-03 8.2e-05 0.859 0.847 0.00
  75 -1.104923526e+09 +1.22521032e+09 5.01e-01 1.6e-03 7.7e-05 0.859 0.847 0.00
  76 -1.104923526e+09 +1.22521032e+09 4.64e-01 1.5e-03 7.2e-05 0.859 0.847 0.00
  77 -1.104923526e+09 +1.22521032e+09 4.31e-01 1.4e-03 6.7e-05 0.859 0.847 0.00
  78 -1.104923526e+09 +1.22521032e+09 4.00e-01 1.3e-03 6.3e-05 0.859 0.847 0.00
  79 -1.104923526e+09 +1.22521032e+09 3.72e-01 1.2e-03 5.9e-05 0.859 0.847 0.00
  80 -1.104923526e+09 +1.22521032e+09 3.47e-01 1.1e-03 5.5e-05 0.859 0.847 0.00
  81 -1.104923526e+09 +1.22521032e+09 3.23e-01 1.1e-03 5.2e-05 0.859 0.847 0.00
  82 -1.104923526e+09 +1.22521032e+09 3.01e-01 1.0e-03 4.9e-05 0.859 0.847 0.00
  83 -1.104923526e+09 +1.22521032e+09 2.82e-01 9.3e-04 4.7e-05 0.859 0.847 0.00
  84 -1.104923526e+09 +1.22521032e+09 2.63e-01 8.7e-04 4.4e-05 0.859 0.847 0.00
  85 -1.104923526e+09 +1.22521032e+09 2.46e-01 8.2e-04 4.2e-05 0.859 0.847 0.00
  86 -1.104923526e+09 +1.22521032e+09 2.31e-01 7.7e-04 4.0e-05 0.859 0.847 0.00
  87 -1.104923526e+09 +1.22521032e+09 2.16e-01 7.2e-04 3.8e-05 0.859 0.847 0.00
  88 -1.104923526e+09 +1.22521032e+09 2.03e-01 6.8e-04 3.6e-05 0.859 0.847 0.00
  89 -1.104923526e+09 +1.22521032e+09 1.91e-01 6.4e-04 3.4e-05 0.859 0.847 0.00
  90 -1.104923526e+09 +1.22521032e+09 1.79e-01 6.0e-04 3.3e-05 0.859 0.847 0.00
  91 -1.104923526e+09 +1.22521032e+09 1.69e-01 5.7e-04 3.1e-05 0.859 0.847 0.00
  92 -1.104923526e+09 +1.22521032e+09 1.59e-01 5.4e-04 3.0e-05 0.859 0.847 0.00
  93 -1.104923526e+09 +1.22521032e+09 1.50e-01 5.1e-04 2.8e-05 0.859 0.847 0.00
  94 -1.104923526e+09 +1.22521032e+09 1.42e-01 4.8e-04 2.7e-05 0.859 0.847 0.00
  95 -1.104923526e+09 +1.22521032e+09 1.34e-01 4.5e-04 2.6e-05 0.859 0.847 0.00
  96 -1.104923526e+09 +1.22521032e+09 1.26e-01 4.3e-04 2.4e-05 0.859 0.847 0.00
  97 -1.104923526e+09 +1.22521032e+09 1.20e-01 4.0e-04 2.3e-05 0.859 0.847 0.00
  98 -1.104923526e+09 +1.22521032e+09 1.13e-01 3.8e-04 2.2e-05 0.859 0.847 0.00
  99 -1.104923526e+09 +1.22521032e+09 1.07e-01 3.6e-04 2.1e-05 0.859 0.847 0.00
 100 -1.104923526e+09 +1.22521032e+09 1.02e-01 3.4e-04 2.0e-05 0.859 0.847 0.00
> saveRDS(fit, file=paste0("../data/gom-data/topics",clustnum,".log.indv-cell.int19k.reg-",data.source,".bc1.rds"))
> 
> proc.time()
     user    system   elapsed 
72171.785  7793.247 44408.846 
