
R version 3.6.1 (2019-07-05) -- "Action of the Toes"
Copyright (C) 2019 The R Foundation for Statistical Computing
Platform: x86_64-pc-linux-gnu (64-bit)

R is free software and comes with ABSOLUTELY NO WARRANTY.
You are welcome to redistribute it under certain conditions.
Type 'license()' or 'licence()' for distribution details.

R is a collaborative project with many contributors.
Type 'contributors()' for more information and
'citation()' on how to cite R or R packages in publications.

Type 'demo()' for some demos, 'help()' for on-line help, or
'help.start()' for an HTML browser interface to help.
Type 'q()' to quit R.

> #Read in command line arguments as list of character vectors
> args=(commandArgs(TRUE))
> 
> #Check if arguments are passed and cycle through to evaluate each element
> if(length(args)==0){
+   print("No arguments supplied.")
+   #supply default values
+   clustnum=3
+   data.source="tot"
+ }else{
+   for(i in 1:length(args)){
+     eval(parse(text=args[[i]]))
+   }
+ }
> print(paste0("k: ",clustnum))
[1] "k: 30"
> print(paste0("data source: ",data.source))
[1] "data source: t2"
> 
> #Load libraries
> library(Seurat)
> library(CountClust)
Loading required package: ggplot2
> library(classtpx)
Loading required package: slam
> library(fastTopics)
> 
> 
> #Run analyses for human data
> print("Loading human data")
[1] "Loading human data"
> 
> #Load data
> scrna <- paste0("../data/cellranger-data-full/data.filter.log.indv-cell.int19k.reg-",data.source,".rds")
> data <- readRDS(scrna)
> data <- subset(data, subset=Species=="Human")
> 
> #Prepare data (unintegrated count data)
> counts <- as.matrix(data@assays$RNA@counts) #do not use integrated data
> counts <- counts[rowSums(counts>0)>0,]      #remove genes with 0 counts across cells
> counts <- t(as.matrix(counts))              #fix matrix orientation (barcodes x features)
> rm(data)
> 
> #Fit fastTopics model and save data
> fit <- fit_poisson_nmf(counts, k=clustnum, numiter=100)
Using 4 RcppParallel threads.
Initializing factors using Topic SCORE algorithm.
Initializing loadings by running 10 SCD updates.
Using 4 RcppParallel threads.
Fitting rank-30 Poisson NMF to 12565 x 16629 dense matrix.
Running 100 SCD updates, without extrapolation (fastTopics 0.3-185).
iter   log-likelihood        deviance res(KKT)  |F-F'|  |L-L'| nz(F) nz(L) beta
   1 -1.094596454e+08 +1.18710709e+08 9.63e+03 1.7e+02 2.0e+01 0.564 0.254 0.00
   2 -1.040562372e+08 +1.07903893e+08 4.07e+03 1.6e+02 1.6e+01 0.567 0.366 0.00
   3 -1.025458749e+08 +1.04883168e+08 1.70e+03 2.0e+02 6.3e+00 0.568 0.425 0.00
   4 -1.019527499e+08 +1.03696918e+08 1.21e+03 1.4e+02 2.9e+00 0.568 0.460 0.00
   5 -1.016376042e+08 +1.03066627e+08 6.87e+02 8.6e+01 2.1e+00 0.566 0.481 0.00
   6 -1.014325875e+08 +1.02656593e+08 6.56e+02 5.8e+01 1.6e+00 0.565 0.495 0.00
   7 -1.012790343e+08 +1.02349487e+08 7.12e+02 4.4e+01 2.2e+00 0.563 0.506 0.00
   8 -1.011521573e+08 +1.02095733e+08 9.95e+02 3.6e+01 1.9e+00 0.561 0.515 0.00
   9 -1.010445727e+08 +1.01880564e+08 6.07e+02 3.8e+01 1.1e+00 0.559 0.523 0.00
  10 -1.009573845e+08 +1.01706187e+08 5.06e+02 3.9e+01 6.4e-01 0.557 0.530 0.00
  11 -1.008900234e+08 +1.01571465e+08 5.88e+02 3.9e+01 7.1e-01 0.556 0.536 0.00
  12 -1.008398624e+08 +1.01471143e+08 6.48e+02 3.8e+01 6.9e-01 0.554 0.541 0.00
  13 -1.008022766e+08 +1.01395971e+08 6.12e+02 3.6e+01 5.6e-01 0.553 0.545 0.00
  14 -1.007729746e+08 +1.01337367e+08 6.80e+02 3.3e+01 3.9e-01 0.552 0.548 0.00
  15 -1.007489403e+08 +1.01289299e+08 7.08e+02 3.2e+01 3.3e-01 0.551 0.551 0.00
  16 -1.007286647e+08 +1.01248747e+08 7.15e+02 3.5e+01 3.3e-01 0.550 0.553 0.00
  17 -1.007111092e+08 +1.01213637e+08 6.98e+02 3.6e+01 3.0e-01 0.549 0.555 0.00
  18 -1.006954584e+08 +1.01182335e+08 6.56e+02 3.7e+01 2.5e-01 0.548 0.557 0.00
  19 -1.006809097e+08 +1.01153238e+08 6.34e+02 3.9e+01 2.2e-01 0.547 0.559 0.00
  20 -1.006668184e+08 +1.01125055e+08 6.17e+02 4.0e+01 2.6e-01 0.546 0.561 0.00
  21 -1.006529303e+08 +1.01097279e+08 5.84e+02 4.0e+01 2.9e-01 0.545 0.563 0.00
  22 -1.006394908e+08 +1.01070400e+08 5.45e+02 3.9e+01 3.0e-01 0.544 0.566 0.00
  23 -1.006270404e+08 +1.01045499e+08 5.05e+02 3.6e+01 2.7e-01 0.543 0.568 0.00
  24 -1.006159076e+08 +1.01023233e+08 4.63e+02 3.3e+01 2.0e-01 0.542 0.569 0.00
  25 -1.006061776e+08 +1.01003773e+08 5.91e+02 2.9e+01 1.7e-01 0.541 0.571 0.00
  26 -1.005977112e+08 +1.00986841e+08 5.96e+02 2.5e+01 1.6e-01 0.541 0.573 0.00
  27 -1.005902569e+08 +1.00971932e+08 5.26e+02 2.2e+01 1.7e-01 0.540 0.575 0.00
  28 -1.005835842e+08 +1.00958587e+08 3.30e+02 1.8e+01 1.8e-01 0.539 0.576 0.00
  29 -1.005775167e+08 +1.00946451e+08 2.65e+02 1.5e+01 1.9e-01 0.538 0.578 0.00
  30 -1.005719413e+08 +1.00935301e+08 2.55e+02 1.2e+01 1.9e-01 0.537 0.579 0.00
  31 -1.005667780e+08 +1.00924974e+08 2.84e+02 1.0e+01 2.0e-01 0.537 0.581 0.00
  32 -1.005619938e+08 +1.00915406e+08 3.15e+02 8.4e+00 2.1e-01 0.536 0.582 0.00
  33 -1.005576105e+08 +1.00906639e+08 3.34e+02 7.7e+00 2.1e-01 0.535 0.583 0.00
  34 -1.005536575e+08 +1.00898733e+08 3.43e+02 7.4e+00 2.2e-01 0.535 0.584 0.00
  35 -1.005501569e+08 +1.00891732e+08 3.47e+02 7.1e+00 2.2e-01 0.534 0.584 0.00
  36 -1.005471276e+08 +1.00885673e+08 3.45e+02 6.6e+00 2.2e-01 0.534 0.585 0.00
  37 -1.005445355e+08 +1.00880489e+08 3.22e+02 5.9e+00 2.0e-01 0.533 0.586 0.00
  38 -1.005422890e+08 +1.00875996e+08 2.88e+02 5.2e+00 1.9e-01 0.533 0.587 0.00
  39 -1.005403160e+08 +1.00872050e+08 2.61e+02 4.6e+00 1.8e-01 0.532 0.587 0.00
  40 -1.005385801e+08 +1.00868578e+08 2.38e+02 3.9e+00 1.7e-01 0.532 0.588 0.00
  41 -1.005370185e+08 +1.00865455e+08 2.19e+02 3.3e+00 1.5e-01 0.532 0.588 0.00
  42 -1.005355864e+08 +1.00862591e+08 2.02e+02 2.7e+00 1.3e-01 0.531 0.589 0.00
  43 -1.005342529e+08 +1.00859924e+08 1.86e+02 2.3e+00 1.2e-01 0.531 0.589 0.00
  44 -1.005330006e+08 +1.00857419e+08 1.62e+02 2.3e+00 1.2e-01 0.531 0.589 0.00
  45 -1.005318192e+08 +1.00855057e+08 1.47e+02 2.3e+00 1.1e-01 0.531 0.589 0.00
  46 -1.005307008e+08 +1.00852820e+08 1.33e+02 2.3e+00 1.0e-01 0.531 0.590 0.00
  47 -1.005296440e+08 +1.00850706e+08 1.22e+02 2.3e+00 9.8e-02 0.530 0.590 0.00
  48 -1.005286481e+08 +1.00848714e+08 1.16e+02 2.3e+00 9.1e-02 0.530 0.590 0.00
  49 -1.005277094e+08 +1.00846837e+08 1.10e+02 2.3e+00 8.5e-02 0.530 0.590 0.00
  50 -1.005268249e+08 +1.00845068e+08 1.05e+02 2.3e+00 8.2e-02 0.530 0.590 0.00
  51 -1.005259904e+08 +1.00843399e+08 1.01e+02 2.4e+00 7.8e-02 0.530 0.590 0.00
  52 -1.005252005e+08 +1.00841819e+08 9.70e+01 2.4e+00 7.4e-02 0.530 0.591 0.00
  53 -1.005244510e+08 +1.00840320e+08 9.32e+01 2.5e+00 6.9e-02 0.529 0.591 0.00
  54 -1.005237409e+08 +1.00838900e+08 9.00e+01 2.4e+00 6.5e-02 0.529 0.591 0.00
  55 -1.005230741e+08 +1.00837566e+08 8.65e+01 2.2e+00 6.1e-02 0.529 0.591 0.00
  56 -1.005224427e+08 +1.00836304e+08 8.38e+01 2.3e+00 5.7e-02 0.529 0.591 0.00
  57 -1.005218407e+08 +1.00835100e+08 8.16e+01 2.3e+00 5.4e-02 0.529 0.591 0.00
  58 -1.005212633e+08 +1.00833945e+08 7.98e+01 2.4e+00 5.1e-02 0.529 0.591 0.00
  59 -1.005207060e+08 +1.00832830e+08 7.79e+01 2.5e+00 4.8e-02 0.529 0.591 0.00
  60 -1.005201633e+08 +1.00831745e+08 7.65e+01 2.6e+00 4.5e-02 0.529 0.591 0.00
  61 -1.005196312e+08 +1.00830681e+08 7.49e+01 2.7e+00 4.3e-02 0.529 0.591 0.00
  62 -1.005191036e+08 +1.00829625e+08 7.36e+01 2.8e+00 4.1e-02 0.529 0.591 0.00
  63 -1.005185746e+08 +1.00828567e+08 7.28e+01 2.9e+00 3.9e-02 0.529 0.591 0.00
  64 -1.005180371e+08 +1.00827492e+08 7.27e+01 3.1e+00 3.9e-02 0.529 0.591 0.00
  65 -1.005174838e+08 +1.00826386e+08 7.30e+01 3.3e+00 4.1e-02 0.529 0.591 0.00
  66 -1.005169065e+08 +1.00825231e+08 7.40e+01 3.5e+00 4.2e-02 0.529 0.592 0.00
  67 -1.005162961e+08 +1.00824010e+08 7.55e+01 3.7e+00 4.4e-02 0.529 0.591 0.00
  68 -1.005156422e+08 +1.00822703e+08 7.70e+01 3.9e+00 4.6e-02 0.529 0.591 0.00
  69 -1.005149354e+08 +1.00821289e+08 7.86e+01 4.2e+00 4.9e-02 0.529 0.591 0.00
  70 -1.005141639e+08 +1.00819746e+08 8.04e+01 4.5e+00 5.8e-02 0.529 0.591 0.00
  71 -1.005133108e+08 +1.00818040e+08 8.23e+01 4.8e+00 7.3e-02 0.529 0.592 0.00
  72 -1.005123558e+08 +1.00816130e+08 8.39e+01 5.2e+00 9.1e-02 0.529 0.592 0.00
  73 -1.005112749e+08 +1.00813968e+08 8.57e+01 5.7e+00 1.1e-01 0.529 0.592 0.00
  74 -1.005100385e+08 +1.00811495e+08 8.78e+01 6.1e+00 1.4e-01 0.529 0.592 0.00
  75 -1.005086144e+08 +1.00808647e+08 9.03e+01 6.7e+00 1.7e-01 0.529 0.592 0.00
  76 -1.005069724e+08 +1.00805363e+08 9.30e+01 7.3e+00 1.9e-01 0.529 0.592 0.00
  77 -1.005050849e+08 +1.00801588e+08 9.59e+01 7.9e+00 2.2e-01 0.530 0.592 0.00
  78 -1.005029518e+08 +1.00797322e+08 9.82e+01 8.6e+00 2.3e-01 0.530 0.592 0.00
  79 -1.005005794e+08 +1.00792577e+08 1.33e+02 9.2e+00 2.3e-01 0.530 0.592 0.00
  80 -1.004979975e+08 +1.00787413e+08 1.35e+02 9.8e+00 2.2e-01 0.530 0.592 0.00
  81 -1.004952516e+08 +1.00781921e+08 1.22e+02 1.0e+01 2.0e-01 0.531 0.592 0.00
  82 -1.004923932e+08 +1.00776204e+08 1.18e+02 1.1e+01 1.7e-01 0.531 0.593 0.00
  83 -1.004894754e+08 +1.00770369e+08 1.26e+02 1.2e+01 1.4e-01 0.531 0.593 0.00
  84 -1.004865391e+08 +1.00764496e+08 1.33e+02 1.2e+01 1.2e-01 0.531 0.593 0.00
  85 -1.004836169e+08 +1.00758652e+08 1.38e+02 1.2e+01 9.9e-02 0.531 0.593 0.00
  86 -1.004807413e+08 +1.00752901e+08 1.41e+02 1.3e+01 1.1e-01 0.531 0.593 0.00
  87 -1.004779417e+08 +1.00747302e+08 1.41e+02 1.3e+01 1.0e-01 0.531 0.593 0.00
  88 -1.004752293e+08 +1.00741877e+08 1.60e+02 1.3e+01 1.0e-01 0.531 0.593 0.00
  89 -1.004726104e+08 +1.00736639e+08 1.57e+02 1.4e+01 9.9e-02 0.531 0.594 0.00
  90 -1.004700937e+08 +1.00731606e+08 1.53e+02 1.4e+01 9.7e-02 0.531 0.594 0.00
  91 -1.004676903e+08 +1.00726799e+08 1.51e+02 1.4e+01 9.5e-02 0.531 0.594 0.00
  92 -1.004654156e+08 +1.00722249e+08 1.18e+02 1.4e+01 9.2e-02 0.530 0.595 0.00
  93 -1.004632931e+08 +1.00718004e+08 1.14e+02 1.4e+01 8.7e-02 0.530 0.595 0.00
  94 -1.004613384e+08 +1.00714095e+08 1.11e+02 1.4e+01 8.3e-02 0.530 0.595 0.00
  95 -1.004595629e+08 +1.00710544e+08 1.06e+02 1.3e+01 7.8e-02 0.529 0.596 0.00
  96 -1.004579727e+08 +1.00707364e+08 9.86e+01 1.2e+01 7.8e-02 0.529 0.596 0.00
  97 -1.004565912e+08 +1.00704601e+08 9.48e+01 1.2e+01 7.2e-02 0.529 0.596 0.00
  98 -1.004553892e+08 +1.00702197e+08 1.04e+02 1.1e+01 6.8e-02 0.528 0.597 0.00
  99 -1.004543451e+08 +1.00700108e+08 1.10e+02 1.0e+01 6.3e-02 0.528 0.597 0.00
 100 -1.004534396e+08 +1.00698297e+08 1.26e+02 9.1e+00 5.9e-02 0.528 0.597 0.00
> saveRDS(fit, file=paste0("../data/gom-data/topics",clustnum,".human.log.indv-cell.int19k.reg-",data.source,".rds"))
> 
> 
> #Run analyses for chimp data
> print("Loading chimp data")
[1] "Loading chimp data"
> 
> #Load data
> scrna <- paste0("../data/cellranger-data-full/data.filter.log.indv-cell.int19k.reg-",data.source,".rds")
> data <- readRDS(scrna)
> data <- subset(data, subset=Species=="Chimp")
> 
> #Prepare data (unintegrated count data)
> counts <- as.matrix(data@assays$RNA@counts) #do not use integrated data
> counts <- counts[rowSums(counts>0)>0,]      #remove genes with 0 counts across cells
> counts <- t(as.matrix(counts))              #fix matrix orientation (barcodes x features)
> rm(data)
> 
> #Fit fastTopics model and save data
> fit <- fit_poisson_nmf(counts, k=clustnum, numiter=100)
Using 4 RcppParallel threads.
Initializing factors using Topic SCORE algorithm.
Initializing loadings by running 10 SCD updates.
Using 4 RcppParallel threads.
Fitting rank-30 Poisson NMF to 14586 x 16722 dense matrix.
Running 100 SCD updates, without extrapolation (fastTopics 0.3-185).
iter   log-likelihood        deviance res(KKT)  |F-F'|  |L-L'| nz(F) nz(L) beta
   1 -1.224142117e+08 +1.36842827e+08 6.44e+03 1.5e+02 2.1e+01 0.526 0.256 0.00
   2 -1.177050691e+08 +1.27424542e+08 3.46e+03 3.1e+02 1.3e+01 0.542 0.391 0.00
   3 -1.164476012e+08 +1.24909606e+08 1.32e+03 1.7e+02 8.6e+00 0.548 0.442 0.00
   4 -1.159066733e+08 +1.23827750e+08 1.05e+03 1.0e+02 2.2e+00 0.550 0.476 0.00
   5 -1.155929643e+08 +1.23200332e+08 1.02e+03 7.1e+01 1.3e+00 0.550 0.494 0.00
   6 -1.153894871e+08 +1.22793378e+08 9.24e+02 5.7e+01 1.4e+00 0.550 0.504 0.00
   7 -1.152470754e+08 +1.22508555e+08 7.69e+02 4.6e+01 8.4e-01 0.550 0.511 0.00
   8 -1.151406074e+08 +1.22295619e+08 5.97e+02 3.7e+01 9.6e-01 0.550 0.517 0.00
   9 -1.150560800e+08 +1.22126564e+08 5.11e+02 2.9e+01 9.5e-01 0.551 0.522 0.00
  10 -1.149864337e+08 +1.21987271e+08 4.74e+02 2.5e+01 7.7e-01 0.550 0.527 0.00
  11 -1.149281378e+08 +1.21870679e+08 4.29e+02 2.1e+01 1.1e+00 0.550 0.532 0.00
  12 -1.148816290e+08 +1.21777662e+08 3.83e+02 1.7e+01 9.5e-01 0.549 0.535 0.00
  13 -1.148445032e+08 +1.21703410e+08 3.44e+02 1.4e+01 6.4e-01 0.549 0.538 0.00
  14 -1.148133177e+08 +1.21641039e+08 3.10e+02 1.2e+01 7.0e-01 0.548 0.541 0.00
  15 -1.147862344e+08 +1.21586873e+08 2.78e+02 1.0e+01 7.5e-01 0.547 0.543 0.00
  16 -1.147621783e+08 +1.21538760e+08 2.27e+02 8.7e+00 8.3e-01 0.546 0.545 0.00
  17 -1.147403804e+08 +1.21495164e+08 2.40e+02 8.3e+00 8.8e-01 0.546 0.547 0.00
  18 -1.147206838e+08 +1.21455771e+08 2.55e+02 8.3e+00 8.7e-01 0.545 0.549 0.00
  19 -1.147037853e+08 +1.21421974e+08 1.63e+02 8.0e+00 6.6e-01 0.544 0.551 0.00
  20 -1.146895083e+08 +1.21393420e+08 1.58e+02 6.4e+00 3.5e-01 0.544 0.553 0.00
  21 -1.146771620e+08 +1.21368728e+08 1.74e+02 6.0e+00 2.3e-01 0.543 0.555 0.00
  22 -1.146662057e+08 +1.21346815e+08 1.84e+02 6.5e+00 1.5e-01 0.543 0.557 0.00
  23 -1.146563773e+08 +1.21327158e+08 1.86e+02 6.7e+00 1.5e-01 0.542 0.559 0.00
  24 -1.146475179e+08 +1.21309439e+08 1.92e+02 6.6e+00 1.5e-01 0.542 0.560 0.00
  25 -1.146396235e+08 +1.21293651e+08 1.89e+02 6.1e+00 1.5e-01 0.542 0.561 0.00
  26 -1.146326628e+08 +1.21279729e+08 1.85e+02 5.3e+00 1.4e-01 0.542 0.562 0.00
  27 -1.146265764e+08 +1.21267556e+08 1.71e+02 4.8e+00 1.3e-01 0.541 0.563 0.00
  28 -1.146212575e+08 +1.21256919e+08 1.56e+02 4.7e+00 1.3e-01 0.541 0.564 0.00
  29 -1.146165626e+08 +1.21247529e+08 1.41e+02 4.6e+00 1.3e-01 0.541 0.564 0.00
  30 -1.146123129e+08 +1.21239029e+08 1.25e+02 4.6e+00 1.5e-01 0.541 0.565 0.00
  31 -1.146083832e+08 +1.21231170e+08 1.09e+02 4.6e+00 2.0e-01 0.541 0.565 0.00
  32 -1.146046837e+08 +1.21223771e+08 1.03e+02 4.8e+00 2.5e-01 0.541 0.566 0.00
  33 -1.146011533e+08 +1.21216710e+08 1.31e+02 5.2e+00 2.8e-01 0.541 0.566 0.00
  34 -1.145977786e+08 +1.21209961e+08 1.90e+02 5.7e+00 2.5e-01 0.542 0.567 0.00
  35 -1.145945550e+08 +1.21203514e+08 1.88e+02 6.1e+00 1.7e-01 0.542 0.567 0.00
  36 -1.145914848e+08 +1.21197373e+08 1.85e+02 6.0e+00 1.2e-01 0.542 0.567 0.00
  37 -1.145885763e+08 +1.21191556e+08 1.79e+02 5.8e+00 2.2e-01 0.542 0.568 0.00
  38 -1.145858524e+08 +1.21186108e+08 1.83e+02 5.4e+00 1.1e-01 0.542 0.568 0.00
  39 -1.145833106e+08 +1.21181025e+08 1.86e+02 5.0e+00 1.1e-01 0.542 0.568 0.00
  40 -1.145809554e+08 +1.21176315e+08 1.86e+02 4.5e+00 1.0e-01 0.542 0.568 0.00
  41 -1.145787906e+08 +1.21171985e+08 1.80e+02 4.0e+00 9.4e-02 0.542 0.569 0.00
  42 -1.145767984e+08 +1.21168000e+08 6.35e+01 3.5e+00 8.6e-02 0.542 0.569 0.00
  43 -1.145749752e+08 +1.21164354e+08 4.92e+01 3.1e+00 7.7e-02 0.542 0.569 0.00
  44 -1.145733109e+08 +1.21161025e+08 4.47e+01 2.9e+00 6.9e-02 0.542 0.569 0.00
  45 -1.145717762e+08 +1.21157956e+08 4.10e+01 2.7e+00 6.5e-02 0.542 0.569 0.00
  46 -1.145703286e+08 +1.21155061e+08 3.66e+01 2.5e+00 6.6e-02 0.542 0.569 0.00
  47 -1.145689553e+08 +1.21152314e+08 3.51e+01 2.3e+00 6.8e-02 0.542 0.569 0.00
  48 -1.145676632e+08 +1.21149730e+08 3.42e+01 2.2e+00 7.2e-02 0.542 0.569 0.00
  49 -1.145664628e+08 +1.21147329e+08 3.37e+01 2.1e+00 7.5e-02 0.542 0.569 0.00
  50 -1.145653594e+08 +1.21145123e+08 3.35e+01 2.0e+00 8.0e-02 0.542 0.569 0.00
  51 -1.145643543e+08 +1.21143112e+08 3.86e+01 1.9e+00 8.3e-02 0.542 0.569 0.00
  52 -1.145634441e+08 +1.21141292e+08 5.23e+01 1.8e+00 8.8e-02 0.542 0.569 0.00
  53 -1.145626254e+08 +1.21139655e+08 6.41e+01 1.7e+00 9.6e-02 0.542 0.569 0.00
  54 -1.145618772e+08 +1.21138158e+08 7.41e+01 1.7e+00 1.1e-01 0.542 0.569 0.00
  55 -1.145611818e+08 +1.21136767e+08 8.31e+01 1.6e+00 1.2e-01 0.542 0.569 0.00
  56 -1.145605179e+08 +1.21135439e+08 9.04e+01 1.6e+00 1.5e-01 0.542 0.569 0.00
  57 -1.145598387e+08 +1.21134081e+08 1.13e+02 1.5e+00 2.3e-01 0.542 0.569 0.00
  58 -1.145590447e+08 +1.21132493e+08 1.57e+02 1.5e+00 4.0e-01 0.542 0.569 0.00
  59 -1.145582415e+08 +1.21130887e+08 1.05e+02 1.5e+00 4.5e-01 0.542 0.569 0.00
  60 -1.145575621e+08 +1.21129528e+08 1.07e+02 1.4e+00 2.8e-01 0.542 0.569 0.00
  61 -1.145569428e+08 +1.21128289e+08 1.08e+02 1.4e+00 1.5e-01 0.542 0.569 0.00
  62 -1.145563460e+08 +1.21127096e+08 1.09e+02 1.3e+00 1.0e-01 0.542 0.569 0.00
  63 -1.145557556e+08 +1.21125915e+08 1.10e+02 1.3e+00 9.9e-02 0.542 0.568 0.00
  64 -1.145551631e+08 +1.21124730e+08 1.10e+02 1.3e+00 9.8e-02 0.542 0.568 0.00
  65 -1.145545634e+08 +1.21123531e+08 1.10e+02 1.2e+00 9.7e-02 0.542 0.568 0.00
  66 -1.145539505e+08 +1.21122305e+08 1.08e+02 1.2e+00 9.5e-02 0.542 0.568 0.00
  67 -1.145533144e+08 +1.21121032e+08 1.05e+02 1.2e+00 9.5e-02 0.542 0.568 0.00
  68 -1.145526453e+08 +1.21119694e+08 1.03e+02 1.2e+00 1.2e-01 0.542 0.568 0.00
  69 -1.145519502e+08 +1.21118304e+08 1.01e+02 1.2e+00 1.3e-01 0.543 0.568 0.00
  70 -1.145512299e+08 +1.21116863e+08 1.01e+02 1.3e+00 9.1e-02 0.543 0.568 0.00
  71 -1.145504765e+08 +1.21115357e+08 1.01e+02 1.3e+00 8.7e-02 0.543 0.568 0.00
  72 -1.145496839e+08 +1.21113772e+08 1.01e+02 1.4e+00 8.2e-02 0.543 0.568 0.00
  73 -1.145488495e+08 +1.21112103e+08 1.01e+02 1.5e+00 8.1e-02 0.543 0.568 0.00
  74 -1.145479709e+08 +1.21110345e+08 1.01e+02 1.6e+00 9.0e-02 0.543 0.568 0.00
  75 -1.145470491e+08 +1.21108502e+08 1.01e+02 1.7e+00 9.8e-02 0.544 0.568 0.00
  76 -1.145460919e+08 +1.21106588e+08 1.01e+02 1.8e+00 1.1e-01 0.544 0.567 0.00
  77 -1.145451131e+08 +1.21104630e+08 1.01e+02 1.9e+00 1.1e-01 0.544 0.567 0.00
  78 -1.145441276e+08 +1.21102659e+08 1.02e+02 2.1e+00 1.2e-01 0.544 0.567 0.00
  79 -1.145431461e+08 +1.21100696e+08 1.04e+02 2.2e+00 1.2e-01 0.544 0.567 0.00
  80 -1.145421750e+08 +1.21098754e+08 1.05e+02 2.4e+00 1.2e-01 0.544 0.567 0.00
  81 -1.145412182e+08 +1.21096840e+08 1.05e+02 2.5e+00 1.2e-01 0.544 0.567 0.00
  82 -1.145402825e+08 +1.21094969e+08 1.03e+02 2.7e+00 1.2e-01 0.544 0.567 0.00
  83 -1.145393660e+08 +1.21093136e+08 9.85e+01 2.8e+00 1.1e-01 0.545 0.567 0.00
  84 -1.145384652e+08 +1.21091334e+08 9.38e+01 3.0e+00 1.1e-01 0.545 0.567 0.00
  85 -1.145375773e+08 +1.21089558e+08 8.69e+01 3.2e+00 9.6e-02 0.545 0.567 0.00
  86 -1.145366912e+08 +1.21087786e+08 7.98e+01 3.3e+00 8.7e-02 0.545 0.567 0.00
  87 -1.145358016e+08 +1.21086007e+08 7.22e+01 3.5e+00 8.4e-02 0.545 0.567 0.00
  88 -1.145349024e+08 +1.21084209e+08 6.43e+01 3.7e+00 8.0e-02 0.545 0.567 0.00
  89 -1.145339875e+08 +1.21082379e+08 5.61e+01 3.9e+00 7.5e-02 0.545 0.567 0.00
  90 -1.145330497e+08 +1.21080503e+08 4.74e+01 4.0e+00 7.6e-02 0.545 0.567 0.00
  91 -1.145320825e+08 +1.21078569e+08 4.38e+01 4.2e+00 8.3e-02 0.545 0.567 0.00
  92 -1.145310848e+08 +1.21076573e+08 4.76e+01 4.3e+00 8.7e-02 0.545 0.567 0.00
  93 -1.145300778e+08 +1.21074559e+08 5.30e+01 4.4e+00 8.7e-02 0.545 0.567 0.00
  94 -1.145290570e+08 +1.21072518e+08 5.59e+01 4.5e+00 9.5e-02 0.545 0.567 0.00
  95 -1.145280219e+08 +1.21070448e+08 5.74e+01 4.6e+00 9.2e-02 0.545 0.567 0.00
  96 -1.145269790e+08 +1.21068362e+08 5.87e+01 4.6e+00 9.3e-02 0.545 0.567 0.00
  97 -1.145259429e+08 +1.21066290e+08 6.00e+01 4.6e+00 9.4e-02 0.545 0.567 0.00
  98 -1.145249249e+08 +1.21064254e+08 6.09e+01 4.5e+00 9.4e-02 0.545 0.568 0.00
  99 -1.145239281e+08 +1.21062260e+08 6.15e+01 4.4e+00 1.0e-01 0.545 0.568 0.00
 100 -1.145229572e+08 +1.21060318e+08 5.69e+01 4.3e+00 1.1e-01 0.545 0.568 0.00
> saveRDS(fit, file=paste0("../data/gom-data/topics",clustnum,".chimp.log.indv-cell.int19k.reg-",data.source,".rds"))
> 
> proc.time()
    user   system  elapsed 
77995.48  1696.68 25537.73 
