
R version 3.6.1 (2019-07-05) -- "Action of the Toes"
Copyright (C) 2019 The R Foundation for Statistical Computing
Platform: x86_64-pc-linux-gnu (64-bit)

R is free software and comes with ABSOLUTELY NO WARRANTY.
You are welcome to redistribute it under certain conditions.
Type 'license()' or 'licence()' for distribution details.

R is a collaborative project with many contributors.
Type 'contributors()' for more information and
'citation()' on how to cite R or R packages in publications.

Type 'demo()' for some demos, 'help()' for on-line help, or
'help.start()' for an HTML browser interface to help.
Type 'q()' to quit R.

> #Read in command line arguments as list of character vectors
> args=(commandArgs(TRUE))
> 
> #Check if arguments are passed and cycle through to evaluate each element
> if(length(args)==0){
+   print("No arguments supplied.")
+   #supply default values
+   clustnum=3
+   data.source="tot"
+ }else{
+   for(i in 1:length(args)){
+     eval(parse(text=args[[i]]))
+   }
+ }
> print(paste0("k: ",clustnum))
[1] "k: 7"
> print(paste0("data source: ",data.source))
[1] "data source: t2"
> 
> #Load libraries
> library(Seurat)
> library(CountClust)
Loading required package: ggplot2
> library(classtpx)
Loading required package: slam
> library(fastTopics)
> 
> 
> #Run analyses for human data
> print("Loading human data")
[1] "Loading human data"
> 
> #Load data
> scrna <- paste0("../data/cellranger-data-full/data.filter.log.indv-cell.int19k.reg-",data.source,".rds")
> data <- readRDS(scrna)
> data <- subset(data, subset=Species=="Human")
> 
> #Prepare data (unintegrated count data)
> counts <- as.matrix(data@assays$RNA@counts) #do not use integrated data
> counts <- counts[rowSums(counts>0)>0,]      #remove genes with 0 counts across cells
> counts <- t(as.matrix(counts))              #fix matrix orientation (barcodes x features)
> rm(data)
> 
> #Fit fastTopics model and save data
> fit <- fit_poisson_nmf(counts, k=clustnum, numiter=100)
Using 4 RcppParallel threads.
Initializing factors using Topic SCORE algorithm.
Initializing loadings by running 10 SCD updates.
Using 4 RcppParallel threads.
Fitting rank-7 Poisson NMF to 12565 x 16629 dense matrix.
Running 100 SCD updates, without extrapolation (fastTopics 0.3-185).
iter   log-likelihood        deviance res(KKT)  |F-F'|  |L-L'| nz(F) nz(L) beta
   1 -1.112384221e+08 +1.22268262e+08 1.67e+04 2.1e+02 3.4e+00 0.747 0.618 0.00
   2 -1.090373320e+08 +1.17866082e+08 3.25e+03 5.9e+01 3.3e+00 0.753 0.699 0.00
   3 -1.083654811e+08 +1.16522380e+08 1.88e+03 4.5e+01 2.3e+00 0.739 0.694 0.00
   4 -1.081157642e+08 +1.16022946e+08 2.12e+03 4.5e+01 1.0e+00 0.735 0.705 0.00
   5 -1.079882592e+08 +1.15767937e+08 1.29e+03 4.1e+01 6.3e-01 0.736 0.718 0.00
   6 -1.079038295e+08 +1.15599077e+08 7.15e+02 3.7e+01 3.8e-01 0.738 0.730 0.00
   7 -1.078418011e+08 +1.15475020e+08 1.77e+03 3.5e+01 3.1e-01 0.740 0.738 0.00
   8 -1.077931027e+08 +1.15377624e+08 3.37e+03 3.3e+01 2.6e-01 0.742 0.744 0.00
   9 -1.077529844e+08 +1.15297387e+08 4.21e+03 3.1e+01 2.1e-01 0.744 0.748 0.00
  10 -1.077188913e+08 +1.15229201e+08 4.27e+03 3.0e+01 1.8e-01 0.744 0.750 0.00
  11 -1.076893686e+08 +1.15170155e+08 3.82e+03 2.8e+01 1.7e-01 0.745 0.752 0.00
  12 -1.076634168e+08 +1.15118252e+08 3.19e+03 2.7e+01 1.6e-01 0.746 0.753 0.00
  13 -1.076403086e+08 +1.15072035e+08 2.55e+03 2.5e+01 1.5e-01 0.747 0.755 0.00
  14 -1.076197366e+08 +1.15030891e+08 1.98e+03 2.3e+01 1.4e-01 0.747 0.756 0.00
  15 -1.076016673e+08 +1.14994753e+08 1.49e+03 2.1e+01 1.4e-01 0.747 0.758 0.00
  16 -1.075859081e+08 +1.14963234e+08 1.10e+03 1.9e+01 1.4e-01 0.747 0.760 0.00
  17 -1.075721635e+08 +1.14935745e+08 7.91e+02 1.7e+01 1.3e-01 0.746 0.762 0.00
  18 -1.075601245e+08 +1.14911667e+08 5.58e+02 1.5e+01 1.2e-01 0.746 0.763 0.00
  19 -1.075496170e+08 +1.14890652e+08 3.83e+02 1.3e+01 1.2e-01 0.745 0.765 0.00
  20 -1.075404692e+08 +1.14872357e+08 2.51e+02 1.1e+01 1.2e-01 0.744 0.767 0.00
  21 -1.075325062e+08 +1.14856431e+08 2.21e+02 1.0e+01 1.2e-01 0.743 0.769 0.00
  22 -1.075255465e+08 +1.14842511e+08 2.16e+02 9.0e+00 1.1e-01 0.742 0.771 0.00
  23 -1.075194157e+08 +1.14830250e+08 2.26e+02 8.1e+00 1.1e-01 0.740 0.772 0.00
  24 -1.075139779e+08 +1.14819374e+08 2.45e+02 7.3e+00 9.9e-02 0.739 0.774 0.00
  25 -1.075091103e+08 +1.14809639e+08 2.58e+02 6.8e+00 9.6e-02 0.738 0.776 0.00
  26 -1.075047446e+08 +1.14800907e+08 2.63e+02 6.3e+00 9.7e-02 0.736 0.777 0.00
  27 -1.075008306e+08 +1.14793079e+08 2.62e+02 5.9e+00 9.7e-02 0.735 0.779 0.00
  28 -1.074973211e+08 +1.14786060e+08 2.55e+02 5.6e+00 9.6e-02 0.734 0.780 0.00
  29 -1.074941705e+08 +1.14779759e+08 2.43e+02 5.3e+00 9.4e-02 0.733 0.782 0.00
  30 -1.074913340e+08 +1.14774086e+08 2.27e+02 5.1e+00 9.1e-02 0.732 0.783 0.00
  31 -1.074887692e+08 +1.14768957e+08 2.10e+02 4.9e+00 8.7e-02 0.731 0.784 0.00
  32 -1.074864511e+08 +1.14764320e+08 2.99e+02 4.7e+00 8.2e-02 0.731 0.785 0.00
  33 -1.074843588e+08 +1.14760136e+08 2.50e+02 4.5e+00 7.6e-02 0.730 0.786 0.00
  34 -1.074824723e+08 +1.14756363e+08 2.17e+02 4.2e+00 7.0e-02 0.730 0.787 0.00
  35 -1.074807799e+08 +1.14752978e+08 1.90e+02 4.0e+00 6.4e-02 0.729 0.787 0.00
  36 -1.074792668e+08 +1.14749952e+08 1.63e+02 3.8e+00 5.8e-02 0.729 0.788 0.00
  37 -1.074779124e+08 +1.14747243e+08 1.34e+02 3.6e+00 5.4e-02 0.728 0.789 0.00
  38 -1.074767010e+08 +1.14744820e+08 1.13e+02 3.4e+00 5.3e-02 0.728 0.789 0.00
  39 -1.074756215e+08 +1.14742661e+08 9.92e+01 3.1e+00 5.2e-02 0.728 0.790 0.00
  40 -1.074746963e+08 +1.14740811e+08 9.33e+01 2.9e+00 5.0e-02 0.728 0.790 0.00
  41 -1.074738967e+08 +1.14739212e+08 8.75e+01 2.8e+00 4.9e-02 0.728 0.790 0.00
  42 -1.074731962e+08 +1.14737811e+08 8.15e+01 2.7e+00 4.7e-02 0.728 0.790 0.00
  43 -1.074725783e+08 +1.14736575e+08 7.70e+01 2.6e+00 4.6e-02 0.728 0.791 0.00
  44 -1.074720309e+08 +1.14735480e+08 7.44e+01 2.4e+00 4.4e-02 0.728 0.791 0.00
  45 -1.074715438e+08 +1.14734506e+08 7.17e+01 2.3e+00 4.2e-02 0.728 0.791 0.00
  46 -1.074711087e+08 +1.14733636e+08 6.90e+01 2.1e+00 4.0e-02 0.728 0.791 0.00
  47 -1.074707188e+08 +1.14732856e+08 6.64e+01 2.0e+00 3.8e-02 0.728 0.792 0.00
  48 -1.074703691e+08 +1.14732156e+08 6.38e+01 1.9e+00 3.5e-02 0.728 0.792 0.00
  49 -1.074700539e+08 +1.14731526e+08 6.12e+01 1.8e+00 3.3e-02 0.728 0.792 0.00
  50 -1.074697686e+08 +1.14730955e+08 5.88e+01 1.6e+00 3.1e-02 0.728 0.792 0.00
  51 -1.074695101e+08 +1.14730438e+08 5.65e+01 1.5e+00 2.9e-02 0.728 0.792 0.00
  52 -1.074692743e+08 +1.14729967e+08 5.43e+01 1.4e+00 2.7e-02 0.728 0.793 0.00
  53 -1.074690582e+08 +1.14729535e+08 5.23e+01 1.3e+00 2.5e-02 0.728 0.793 0.00
  54 -1.074688595e+08 +1.14729137e+08 5.04e+01 1.2e+00 2.4e-02 0.728 0.793 0.00
  55 -1.074686762e+08 +1.14728771e+08 4.86e+01 1.2e+00 2.2e-02 0.729 0.793 0.00
  56 -1.074685066e+08 +1.14728431e+08 4.69e+01 1.1e+00 2.0e-02 0.729 0.793 0.00
  57 -1.074683471e+08 +1.14728112e+08 4.55e+01 1.0e+00 1.9e-02 0.729 0.793 0.00
  58 -1.074681927e+08 +1.14727803e+08 4.50e+01 9.4e-01 1.8e-02 0.729 0.793 0.00
  59 -1.074680417e+08 +1.14727502e+08 4.47e+01 8.7e-01 1.7e-02 0.729 0.793 0.00
  60 -1.074678927e+08 +1.14727203e+08 4.46e+01 8.1e-01 1.6e-02 0.729 0.793 0.00
  61 -1.074677439e+08 +1.14726906e+08 4.47e+01 7.6e-01 1.5e-02 0.729 0.794 0.00
  62 -1.074675940e+08 +1.14726606e+08 4.49e+01 7.0e-01 1.4e-02 0.729 0.794 0.00
  63 -1.074674417e+08 +1.14726301e+08 4.52e+01 6.5e-01 1.4e-02 0.729 0.794 0.00
  64 -1.074672855e+08 +1.14725989e+08 4.56e+01 6.6e-01 1.5e-02 0.729 0.793 0.00
  65 -1.074671239e+08 +1.14725666e+08 4.61e+01 6.7e-01 1.5e-02 0.729 0.793 0.00
  66 -1.074669552e+08 +1.14725329e+08 4.67e+01 6.8e-01 1.6e-02 0.729 0.793 0.00
  67 -1.074667776e+08 +1.14724973e+08 4.73e+01 6.9e-01 1.7e-02 0.729 0.793 0.00
  68 -1.074665898e+08 +1.14724598e+08 4.81e+01 7.1e-01 1.7e-02 0.729 0.794 0.00
  69 -1.074663888e+08 +1.14724196e+08 4.89e+01 7.2e-01 1.8e-02 0.729 0.793 0.00
  70 -1.074661685e+08 +1.14723755e+08 5.04e+01 7.5e-01 1.9e-02 0.730 0.793 0.00
  71 -1.074659240e+08 +1.14723266e+08 5.22e+01 7.8e-01 2.1e-02 0.730 0.794 0.00
  72 -1.074656494e+08 +1.14722717e+08 5.42e+01 8.2e-01 2.3e-02 0.730 0.794 0.00
  73 -1.074653381e+08 +1.14722094e+08 5.67e+01 8.7e-01 2.5e-02 0.730 0.794 0.00
  74 -1.074649820e+08 +1.14721382e+08 7.21e+01 9.2e-01 2.8e-02 0.730 0.794 0.00
  75 -1.074645700e+08 +1.14720558e+08 9.19e+01 9.8e-01 3.1e-02 0.730 0.794 0.00
  76 -1.074640885e+08 +1.14719595e+08 1.17e+02 1.0e+00 3.4e-02 0.730 0.794 0.00
  77 -1.074635212e+08 +1.14718461e+08 1.50e+02 1.1e+00 3.8e-02 0.731 0.794 0.00
  78 -1.074628483e+08 +1.14717115e+08 1.91e+02 1.2e+00 4.2e-02 0.731 0.794 0.00
  79 -1.074620449e+08 +1.14715508e+08 2.40e+02 1.3e+00 4.7e-02 0.731 0.795 0.00
  80 -1.074610832e+08 +1.14713584e+08 2.97e+02 1.4e+00 5.1e-02 0.731 0.795 0.00
  81 -1.074599373e+08 +1.14711293e+08 3.54e+02 1.5e+00 5.6e-02 0.732 0.795 0.00
  82 -1.074585854e+08 +1.14708589e+08 3.92e+02 1.6e+00 6.0e-02 0.732 0.795 0.00
  83 -1.074570202e+08 +1.14705459e+08 3.88e+02 1.7e+00 6.3e-02 0.732 0.795 0.00
  84 -1.074552667e+08 +1.14701952e+08 3.20e+02 1.8e+00 6.4e-02 0.733 0.795 0.00
  85 -1.074533854e+08 +1.14698189e+08 2.08e+02 1.9e+00 6.3e-02 0.733 0.795 0.00
  86 -1.074514589e+08 +1.14694336e+08 2.11e+02 1.9e+00 6.4e-02 0.733 0.795 0.00
  87 -1.074495758e+08 +1.14690570e+08 2.23e+02 1.9e+00 6.3e-02 0.733 0.795 0.00
  88 -1.074478133e+08 +1.14687045e+08 2.48e+02 1.9e+00 6.1e-02 0.734 0.795 0.00
  89 -1.074462280e+08 +1.14683874e+08 2.74e+02 1.8e+00 5.7e-02 0.734 0.796 0.00
  90 -1.074448507e+08 +1.14681120e+08 2.90e+02 1.6e+00 5.3e-02 0.734 0.796 0.00
  91 -1.074436933e+08 +1.14678805e+08 2.97e+02 1.5e+00 4.8e-02 0.734 0.796 0.00
  92 -1.074427463e+08 +1.14676911e+08 2.93e+02 1.4e+00 4.2e-02 0.735 0.796 0.00
  93 -1.074419880e+08 +1.14675394e+08 2.80e+02 1.2e+00 3.7e-02 0.735 0.796 0.00
  94 -1.074413912e+08 +1.14674201e+08 2.62e+02 1.1e+00 3.2e-02 0.735 0.797 0.00
  95 -1.074409251e+08 +1.14673268e+08 2.60e+02 9.6e-01 2.7e-02 0.735 0.797 0.00
  96 -1.074405592e+08 +1.14672537e+08 2.60e+02 8.4e-01 2.3e-02 0.735 0.797 0.00
  97 -1.074402700e+08 +1.14671958e+08 2.59e+02 8.1e-01 1.9e-02 0.735 0.797 0.00
  98 -1.074400430e+08 +1.14671504e+08 2.56e+02 8.2e-01 1.8e-02 0.735 0.797 0.00
  99 -1.074398695e+08 +1.14671157e+08 2.16e+02 7.4e-01 1.5e-02 0.735 0.797 0.00
 100 -1.074397361e+08 +1.14670890e+08 1.77e+02 6.5e-01 1.3e-02 0.735 0.797 0.00
> saveRDS(fit, file=paste0("../data/gom-data/topics",clustnum,".human.log.indv-cell.int19k.reg-",data.source,".rds"))
> 
> 
> #Run analyses for chimp data
> print("Loading chimp data")
[1] "Loading chimp data"
> 
> #Load data
> scrna <- paste0("../data/cellranger-data-full/data.filter.log.indv-cell.int19k.reg-",data.source,".rds")
> data <- readRDS(scrna)
> data <- subset(data, subset=Species=="Chimp")
> 
> #Prepare data (unintegrated count data)
> counts <- as.matrix(data@assays$RNA@counts) #do not use integrated data
> counts <- counts[rowSums(counts>0)>0,]      #remove genes with 0 counts across cells
> counts <- t(as.matrix(counts))              #fix matrix orientation (barcodes x features)
> rm(data)
> 
> #Fit fastTopics model and save data
> fit <- fit_poisson_nmf(counts, k=clustnum, numiter=100)
Using 4 RcppParallel threads.
Initializing factors using Topic SCORE algorithm.
Initializing loadings by running 10 SCD updates.
Using 4 RcppParallel threads.
Fitting rank-7 Poisson NMF to 14586 x 16722 dense matrix.
Running 100 SCD updates, without extrapolation (fastTopics 0.3-185).
iter   log-likelihood        deviance res(KKT)  |F-F'|  |L-L'| nz(F) nz(L) beta
   1 -1.266122245e+08 +1.45238853e+08 6.46e+03 2.2e+02 1.6e+00 0.767 0.555 0.00
   2 -1.239393094e+08 +1.39893022e+08 2.68e+03 4.8e+01 1.8e+00 0.793 0.721 0.00
   3 -1.230309975e+08 +1.38076399e+08 1.10e+03 2.0e+01 1.8e+00 0.779 0.681 0.00
   4 -1.227600474e+08 +1.37534498e+08 7.19e+02 1.0e+01 8.1e-01 0.763 0.703 0.00
   5 -1.226798332e+08 +1.37374070e+08 5.52e+02 5.7e+00 2.5e-01 0.755 0.711 0.00
   6 -1.226406486e+08 +1.37295701e+08 4.37e+02 4.8e+00 1.2e-01 0.751 0.716 0.00
   7 -1.226166353e+08 +1.37247674e+08 3.54e+02 4.6e+00 1.1e-01 0.749 0.719 0.00
   8 -1.226006232e+08 +1.37215650e+08 2.94e+02 4.3e+00 1.0e-01 0.748 0.721 0.00
   9 -1.225894657e+08 +1.37193335e+08 2.48e+02 3.9e+00 8.8e-02 0.747 0.721 0.00
  10 -1.225816472e+08 +1.37177698e+08 2.10e+02 3.6e+00 7.0e-02 0.746 0.721 0.00
  11 -1.225762253e+08 +1.37166854e+08 1.77e+02 3.4e+00 5.2e-02 0.746 0.721 0.00
  12 -1.225723434e+08 +1.37159090e+08 1.50e+02 3.1e+00 3.9e-02 0.745 0.721 0.00
  13 -1.225694880e+08 +1.37153380e+08 1.28e+02 2.9e+00 2.9e-02 0.745 0.720 0.00
  14 -1.225673451e+08 +1.37149094e+08 1.10e+02 2.6e+00 2.3e-02 0.744 0.720 0.00
  15 -1.225656939e+08 +1.37145791e+08 9.47e+01 2.4e+00 2.2e-02 0.744 0.719 0.00
  16 -1.225643914e+08 +1.37143187e+08 8.16e+01 2.2e+00 2.0e-02 0.744 0.719 0.00
  17 -1.225633448e+08 +1.37141093e+08 7.06e+01 2.0e+00 1.9e-02 0.744 0.719 0.00
  18 -1.225624865e+08 +1.37139377e+08 6.16e+01 1.9e+00 1.8e-02 0.744 0.719 0.00
  19 -1.225617771e+08 +1.37137958e+08 5.47e+01 1.7e+00 1.6e-02 0.744 0.718 0.00
  20 -1.225611958e+08 +1.37136795e+08 5.00e+01 1.6e+00 1.5e-02 0.744 0.718 0.00
  21 -1.225607203e+08 +1.37135844e+08 4.56e+01 1.4e+00 1.4e-02 0.744 0.718 0.00
  22 -1.225603309e+08 +1.37135065e+08 4.17e+01 1.3e+00 1.3e-02 0.743 0.718 0.00
  23 -1.225600121e+08 +1.37134428e+08 3.81e+01 1.2e+00 1.2e-02 0.743 0.718 0.00
  24 -1.225597511e+08 +1.37133906e+08 3.48e+01 1.0e+00 1.1e-02 0.743 0.718 0.00
  25 -1.225595369e+08 +1.37133478e+08 3.18e+01 9.5e-01 1.0e-02 0.743 0.717 0.00
  26 -1.225593610e+08 +1.37133126e+08 2.90e+01 8.6e-01 9.6e-03 0.743 0.717 0.00
  27 -1.225592164e+08 +1.37132836e+08 2.64e+01 7.7e-01 8.9e-03 0.743 0.717 0.00
  28 -1.225590977e+08 +1.37132599e+08 2.40e+01 7.0e-01 8.2e-03 0.743 0.717 0.00
  29 -1.225590002e+08 +1.37132404e+08 2.19e+01 6.3e-01 7.6e-03 0.743 0.717 0.00
  30 -1.225589204e+08 +1.37132244e+08 1.99e+01 5.7e-01 7.0e-03 0.743 0.717 0.00
  31 -1.225588548e+08 +1.37132113e+08 1.81e+01 5.1e-01 6.4e-03 0.743 0.717 0.00
  32 -1.225588010e+08 +1.37132006e+08 1.65e+01 4.6e-01 5.9e-03 0.743 0.717 0.00
  33 -1.225587566e+08 +1.37131917e+08 1.50e+01 4.2e-01 5.4e-03 0.743 0.717 0.00
  34 -1.225587202e+08 +1.37131844e+08 1.36e+01 3.8e-01 4.9e-03 0.743 0.717 0.00
  35 -1.225586901e+08 +1.37131784e+08 1.23e+01 3.4e-01 4.5e-03 0.743 0.717 0.00
  36 -1.225586652e+08 +1.37131734e+08 1.12e+01 3.1e-01 4.1e-03 0.743 0.717 0.00
  37 -1.225586446e+08 +1.37131693e+08 1.01e+01 2.8e-01 3.7e-03 0.743 0.717 0.00
  38 -1.225586274e+08 +1.37131659e+08 9.17e+00 2.6e-01 3.3e-03 0.743 0.716 0.00
  39 -1.225586130e+08 +1.37131630e+08 8.28e+00 2.3e-01 3.0e-03 0.743 0.716 0.00
  40 -1.225586010e+08 +1.37131606e+08 7.47e+00 2.1e-01 2.7e-03 0.743 0.716 0.00
  41 -1.225585909e+08 +1.37131586e+08 6.72e+00 1.9e-01 2.5e-03 0.743 0.716 0.00
  42 -1.225585825e+08 +1.37131569e+08 6.04e+00 1.8e-01 2.3e-03 0.743 0.716 0.00
  43 -1.225585754e+08 +1.37131554e+08 5.42e+00 1.6e-01 2.1e-03 0.743 0.716 0.00
  44 -1.225585694e+08 +1.37131542e+08 4.85e+00 1.5e-01 2.0e-03 0.743 0.716 0.00
  45 -1.225585643e+08 +1.37131532e+08 4.32e+00 1.4e-01 1.8e-03 0.743 0.716 0.00
  46 -1.225585600e+08 +1.37131524e+08 3.84e+00 1.2e-01 1.7e-03 0.743 0.716 0.00
  47 -1.225585564e+08 +1.37131517e+08 3.40e+00 1.1e-01 1.5e-03 0.743 0.716 0.00
  48 -1.225585534e+08 +1.37131510e+08 3.00e+00 1.0e-01 1.4e-03 0.743 0.716 0.00
  49 -1.225585507e+08 +1.37131505e+08 2.77e+00 9.6e-02 1.3e-03 0.743 0.716 0.00
  50 -1.225585485e+08 +1.37131501e+08 2.78e+00 8.8e-02 1.2e-03 0.743 0.716 0.00
  51 -1.225585466e+08 +1.37131497e+08 2.77e+00 8.1e-02 1.1e-03 0.743 0.716 0.00
  52 -1.225585449e+08 +1.37131494e+08 2.76e+00 7.4e-02 1.0e-03 0.743 0.716 0.00
  53 -1.225585435e+08 +1.37131491e+08 2.75e+00 6.9e-02 9.7e-04 0.743 0.716 0.00
  54 -1.225585422e+08 +1.37131488e+08 2.73e+00 6.3e-02 9.0e-04 0.743 0.716 0.00
  55 -1.225585411e+08 +1.37131486e+08 2.71e+00 5.9e-02 8.8e-04 0.743 0.716 0.00
  56 -1.225585401e+08 +1.37131484e+08 2.69e+00 5.4e-02 8.7e-04 0.743 0.716 0.00
  57 -1.225585393e+08 +1.37131482e+08 2.76e+00 5.0e-02 8.7e-04 0.743 0.716 0.00
  58 -1.225585385e+08 +1.37131481e+08 2.76e+00 4.7e-02 8.7e-04 0.743 0.716 0.00
  59 -1.225585378e+08 +1.37131479e+08 2.76e+00 4.3e-02 8.7e-04 0.743 0.716 0.00
  60 -1.225585371e+08 +1.37131478e+08 2.75e+00 4.1e-02 8.7e-04 0.743 0.716 0.00
  61 -1.225585365e+08 +1.37131477e+08 2.74e+00 3.8e-02 8.7e-04 0.743 0.716 0.00
  62 -1.225585360e+08 +1.37131476e+08 2.73e+00 3.5e-02 8.6e-04 0.743 0.716 0.00
  63 -1.225585355e+08 +1.37131475e+08 2.72e+00 3.3e-02 8.6e-04 0.743 0.716 0.00
  64 -1.225585350e+08 +1.37131474e+08 2.71e+00 3.1e-02 8.6e-04 0.743 0.716 0.00
  65 -1.225585346e+08 +1.37131473e+08 2.69e+00 2.9e-02 8.5e-04 0.743 0.716 0.00
  66 -1.225585341e+08 +1.37131472e+08 2.68e+00 2.8e-02 8.5e-04 0.743 0.716 0.00
  67 -1.225585337e+08 +1.37131471e+08 2.66e+00 2.6e-02 8.5e-04 0.743 0.716 0.00
  68 -1.225585333e+08 +1.37131470e+08 2.65e+00 2.5e-02 8.4e-04 0.743 0.716 0.00
  69 -1.225585330e+08 +1.37131470e+08 2.63e+00 2.4e-02 8.4e-04 0.743 0.716 0.00
  70 -1.225585326e+08 +1.37131469e+08 2.62e+00 2.3e-02 8.3e-04 0.743 0.716 0.00
  71 -1.225585323e+08 +1.37131468e+08 2.60e+00 2.4e-02 8.3e-04 0.743 0.716 0.00
  72 -1.225585319e+08 +1.37131468e+08 2.59e+00 2.4e-02 8.2e-04 0.743 0.716 0.00
  73 -1.225585316e+08 +1.37131467e+08 2.57e+00 2.4e-02 8.2e-04 0.743 0.717 0.00
  74 -1.225585313e+08 +1.37131466e+08 2.55e+00 2.5e-02 8.1e-04 0.743 0.717 0.00
  75 -1.225585310e+08 +1.37131466e+08 2.54e+00 2.5e-02 8.1e-04 0.743 0.717 0.00
  76 -1.225585307e+08 +1.37131465e+08 2.52e+00 2.5e-02 8.0e-04 0.743 0.717 0.00
  77 -1.225585304e+08 +1.37131465e+08 2.50e+00 2.5e-02 8.0e-04 0.743 0.717 0.00
  78 -1.225585301e+08 +1.37131464e+08 2.49e+00 2.5e-02 7.9e-04 0.743 0.717 0.00
  79 -1.225585298e+08 +1.37131463e+08 2.47e+00 2.5e-02 7.9e-04 0.743 0.717 0.00
  80 -1.225585296e+08 +1.37131463e+08 2.45e+00 2.5e-02 7.8e-04 0.743 0.717 0.00
  81 -1.225585293e+08 +1.37131462e+08 2.44e+00 2.5e-02 7.8e-04 0.743 0.717 0.00
  82 -1.225585290e+08 +1.37131462e+08 2.42e+00 2.5e-02 7.7e-04 0.743 0.717 0.00
  83 -1.225585288e+08 +1.37131461e+08 2.40e+00 2.5e-02 7.6e-04 0.743 0.717 0.00
  84 -1.225585285e+08 +1.37131461e+08 2.39e+00 2.5e-02 7.6e-04 0.743 0.716 0.00
  85 -1.225585283e+08 +1.37131460e+08 2.37e+00 2.5e-02 7.5e-04 0.743 0.716 0.00
  86 -1.225585280e+08 +1.37131460e+08 2.36e+00 2.5e-02 7.5e-04 0.743 0.716 0.00
  87 -1.225585278e+08 +1.37131459e+08 2.34e+00 2.5e-02 7.4e-04 0.743 0.716 0.00
  88 -1.225585275e+08 +1.37131459e+08 2.32e+00 2.5e-02 7.4e-04 0.743 0.716 0.00
  89 -1.225585273e+08 +1.37131458e+08 2.31e+00 2.5e-02 7.3e-04 0.743 0.716 0.00
  90 -1.225585271e+08 +1.37131458e+08 2.29e+00 2.5e-02 7.3e-04 0.743 0.716 0.00
  91 -1.225585268e+08 +1.37131457e+08 2.27e+00 2.5e-02 7.2e-04 0.743 0.716 0.00
  92 -1.225585266e+08 +1.37131457e+08 2.26e+00 2.5e-02 7.1e-04 0.743 0.717 0.00
  93 -1.225585264e+08 +1.37131457e+08 2.24e+00 2.5e-02 7.1e-04 0.743 0.717 0.00
  94 -1.225585262e+08 +1.37131456e+08 2.23e+00 2.4e-02 7.0e-04 0.743 0.716 0.00
  95 -1.225585260e+08 +1.37131456e+08 2.21e+00 2.4e-02 7.0e-04 0.743 0.716 0.00
  96 -1.225585258e+08 +1.37131455e+08 2.20e+00 2.4e-02 6.9e-04 0.743 0.716 0.00
  97 -1.225585256e+08 +1.37131455e+08 2.18e+00 2.4e-02 6.9e-04 0.743 0.716 0.00
  98 -1.225585254e+08 +1.37131454e+08 2.16e+00 2.4e-02 6.8e-04 0.743 0.717 0.00
  99 -1.225585252e+08 +1.37131454e+08 2.15e+00 2.4e-02 6.8e-04 0.743 0.717 0.00
 100 -1.225585250e+08 +1.37131454e+08 2.13e+00 2.4e-02 6.7e-04 0.743 0.717 0.00
> saveRDS(fit, file=paste0("../data/gom-data/topics",clustnum,".chimp.log.indv-cell.int19k.reg-",data.source,".rds"))
> 
> proc.time()
     user    system   elapsed 
20009.140  1497.116 10298.816 
