
R version 3.6.1 (2019-07-05) -- "Action of the Toes"
Copyright (C) 2019 The R Foundation for Statistical Computing
Platform: x86_64-pc-linux-gnu (64-bit)

R is free software and comes with ABSOLUTELY NO WARRANTY.
You are welcome to redistribute it under certain conditions.
Type 'license()' or 'licence()' for distribution details.

R is a collaborative project with many contributors.
Type 'contributors()' for more information and
'citation()' on how to cite R or R packages in publications.

Type 'demo()' for some demos, 'help()' for on-line help, or
'help.start()' for an HTML browser interface to help.
Type 'q()' to quit R.

> #Read in command line arguments as list of character vectors
> args=(commandArgs(TRUE))
> 
> #Check if arguments are passed and cycle through to evaluate each element
> if(length(args)==0){
+   print("No arguments supplied.")
+   #supply default values
+   clustnum=3
+   data.source="tot"
+ }else{
+   for(i in 1:length(args)){
+     eval(parse(text=args[[i]]))
+   }
+ }
> print(paste0("k: ",clustnum))
[1] "k: 5"
> print(paste0("data source: ",data.source))
[1] "data source: tot"
> 
> #Load libraries
> library(Seurat)
> library(CountClust)
Loading required package: ggplot2
> library(classtpx)
Loading required package: slam
> library(fastTopics)
> 
> 
> #Run analyses for human data
> print("Loading human data")
[1] "Loading human data"
> 
> #Load data
> scrna <- paste0("../data/cellranger-data-full/data.filter.log.indv-cell.int19k.reg-",data.source,".rds")
> data <- readRDS(scrna)
> data <- subset(data, subset=Species=="Human")
> 
> #Prepare data (unintegrated count data)
> counts <- as.matrix(data@assays$RNA@counts) #do not use integrated data
> counts <- counts[rowSums(counts>0)>0,]      #remove genes with 0 counts across cells
> counts <- t(as.matrix(counts))              #fix matrix orientation (barcodes x features)
> rm(data)
> 
> #Fit fastTopics model and save data
> fit <- fit_poisson_nmf(counts, k=clustnum, numiter=100)
Using 4 RcppParallel threads.
Initializing factors using Topic SCORE algorithm.
Initializing loadings by running 10 SCD updates.
Using 4 RcppParallel threads.
Fitting rank-5 Poisson NMF to 47972 x 18142 dense matrix.
Running 100 SCD updates, without extrapolation (fastTopics 0.3-185).
iter   log-likelihood        deviance res(KKT)  |F-F'|  |L-L'| nz(F) nz(L) beta
   1 -5.367343819e+08 +5.87245166e+08 1.86e+04 1.3e+02 1.0e+00 0.752 0.811 0.00
   2 -5.342244058e+08 +5.82225214e+08 1.51e+04 4.1e+01 1.2e+00 0.777 0.842 0.00
   3 -5.329468895e+08 +5.79670181e+08 1.81e+04 3.1e+01 1.0e+00 0.788 0.843 0.00
   4 -5.320021990e+08 +5.77780800e+08 2.12e+04 2.7e+01 1.3e+00 0.800 0.828 0.00
   5 -5.311858279e+08 +5.76148058e+08 2.10e+04 2.6e+01 1.3e+00 0.805 0.819 0.00
   6 -5.304519983e+08 +5.74680399e+08 1.40e+04 2.6e+01 1.1e+00 0.811 0.805 0.00
   7 -5.297713640e+08 +5.73319130e+08 3.56e+03 2.6e+01 8.3e-01 0.815 0.800 0.00
   8 -5.291482328e+08 +5.72072868e+08 1.69e+03 2.5e+01 7.9e-01 0.818 0.793 0.00
   9 -5.286118532e+08 +5.71000109e+08 1.33e+03 2.2e+01 6.6e-01 0.820 0.789 0.00
  10 -5.281937095e+08 +5.70163821e+08 1.08e+03 1.8e+01 5.1e-01 0.822 0.787 0.00
  11 -5.278981808e+08 +5.69572764e+08 9.02e+02 1.3e+01 4.2e-01 0.823 0.786 0.00
  12 -5.277117117e+08 +5.69199826e+08 7.74e+02 9.4e+00 3.2e-01 0.823 0.785 0.00
  13 -5.276031730e+08 +5.68982748e+08 6.55e+02 6.3e+00 2.1e-01 0.823 0.784 0.00
  14 -5.275415070e+08 +5.68859416e+08 5.54e+02 4.2e+00 1.4e-01 0.823 0.782 0.00
  15 -5.275058873e+08 +5.68788177e+08 5.19e+02 2.9e+00 9.9e-02 0.823 0.782 0.00
  16 -5.274847200e+08 +5.68745842e+08 4.87e+02 2.2e+00 6.9e-02 0.822 0.782 0.00
  17 -5.274716238e+08 +5.68719650e+08 4.38e+02 1.8e+00 5.5e-02 0.821 0.782 0.00
  18 -5.274632049e+08 +5.68702812e+08 3.82e+02 1.4e+00 4.5e-02 0.821 0.783 0.00
  19 -5.274576533e+08 +5.68691709e+08 3.25e+02 1.1e+00 3.7e-02 0.820 0.784 0.00
  20 -5.274539014e+08 +5.68684205e+08 2.72e+02 8.9e-01 3.1e-02 0.819 0.784 0.00
  21 -5.274513117e+08 +5.68679026e+08 2.26e+02 6.9e-01 2.5e-02 0.819 0.785 0.00
  22 -5.274495022e+08 +5.68675407e+08 1.87e+02 6.0e-01 2.1e-02 0.819 0.785 0.00
  23 -5.274482173e+08 +5.68672837e+08 1.53e+02 5.3e-01 1.8e-02 0.819 0.785 0.00
  24 -5.274472882e+08 +5.68670979e+08 1.26e+02 4.8e-01 1.6e-02 0.819 0.785 0.00
  25 -5.274466064e+08 +5.68669615e+08 1.03e+02 4.4e-01 1.4e-02 0.818 0.786 0.00
  26 -5.274460966e+08 +5.68668595e+08 8.35e+01 4.0e-01 1.2e-02 0.818 0.786 0.00
  27 -5.274457081e+08 +5.68667818e+08 6.79e+01 3.7e-01 1.1e-02 0.818 0.786 0.00
  28 -5.274454066e+08 +5.68667215e+08 5.50e+01 3.5e-01 9.8e-03 0.818 0.786 0.00
  29 -5.274451684e+08 +5.68666739e+08 4.44e+01 3.3e-01 8.8e-03 0.818 0.786 0.00
  30 -5.274449768e+08 +5.68666356e+08 3.57e+01 3.1e-01 8.0e-03 0.818 0.786 0.00
  31 -5.274448198e+08 +5.68666042e+08 2.85e+01 2.9e-01 7.3e-03 0.818 0.786 0.00
  32 -5.274446890e+08 +5.68665780e+08 2.47e+01 2.8e-01 6.7e-03 0.818 0.786 0.00
  33 -5.274445782e+08 +5.68665559e+08 2.43e+01 2.6e-01 6.1e-03 0.818 0.786 0.00
  34 -5.274444831e+08 +5.68665368e+08 2.39e+01 2.5e-01 5.6e-03 0.818 0.786 0.00
  35 -5.274444005e+08 +5.68665203e+08 2.33e+01 2.4e-01 5.2e-03 0.818 0.786 0.00
  36 -5.274443279e+08 +5.68665058e+08 2.28e+01 2.3e-01 4.8e-03 0.818 0.785 0.00
  37 -5.274442637e+08 +5.68664930e+08 2.22e+01 2.1e-01 4.5e-03 0.818 0.785 0.00
  38 -5.274442065e+08 +5.68664815e+08 2.15e+01 2.1e-01 4.3e-03 0.818 0.785 0.00
  39 -5.274441553e+08 +5.68664713e+08 2.09e+01 2.0e-01 4.0e-03 0.818 0.785 0.00
  40 -5.274441091e+08 +5.68664621e+08 2.03e+01 1.9e-01 3.8e-03 0.818 0.785 0.00
  41 -5.274440675e+08 +5.68664537e+08 1.96e+01 1.8e-01 3.7e-03 0.818 0.785 0.00
  42 -5.274440297e+08 +5.68664462e+08 1.89e+01 1.7e-01 3.5e-03 0.818 0.785 0.00
  43 -5.274439955e+08 +5.68664393e+08 1.83e+01 1.6e-01 3.4e-03 0.818 0.785 0.00
  44 -5.274439643e+08 +5.68664331e+08 1.77e+01 1.6e-01 3.2e-03 0.818 0.785 0.00
  45 -5.274439359e+08 +5.68664274e+08 1.70e+01 1.5e-01 3.1e-03 0.818 0.785 0.00
  46 -5.274439101e+08 +5.68664222e+08 1.64e+01 1.4e-01 2.9e-03 0.818 0.785 0.00
  47 -5.274438865e+08 +5.68664175e+08 1.58e+01 1.4e-01 2.8e-03 0.818 0.785 0.00
  48 -5.274438650e+08 +5.68664132e+08 1.52e+01 1.3e-01 2.7e-03 0.818 0.785 0.00
  49 -5.274438453e+08 +5.68664093e+08 1.47e+01 1.3e-01 2.6e-03 0.818 0.785 0.00
  50 -5.274438273e+08 +5.68664057e+08 1.41e+01 1.2e-01 2.5e-03 0.818 0.785 0.00
  51 -5.274438109e+08 +5.68664024e+08 1.36e+01 1.2e-01 2.4e-03 0.818 0.785 0.00
  52 -5.274437960e+08 +5.68663994e+08 1.30e+01 1.1e-01 2.3e-03 0.818 0.784 0.00
  53 -5.274437823e+08 +5.68663967e+08 1.25e+01 1.1e-01 2.2e-03 0.818 0.784 0.00
  54 -5.274437698e+08 +5.68663942e+08 1.20e+01 1.0e-01 2.1e-03 0.818 0.784 0.00
  55 -5.274437583e+08 +5.68663919e+08 1.15e+01 9.7e-02 2.0e-03 0.819 0.784 0.00
  56 -5.274437479e+08 +5.68663898e+08 1.11e+01 9.3e-02 1.9e-03 0.819 0.784 0.00
  57 -5.274437383e+08 +5.68663879e+08 1.06e+01 8.9e-02 1.8e-03 0.819 0.784 0.00
  58 -5.274437296e+08 +5.68663861e+08 1.02e+01 8.5e-02 1.7e-03 0.819 0.784 0.00
  59 -5.274437216e+08 +5.68663845e+08 9.80e+00 8.1e-02 1.6e-03 0.819 0.784 0.00
  60 -5.274437142e+08 +5.68663831e+08 9.40e+00 7.8e-02 1.6e-03 0.819 0.784 0.00
  61 -5.274437075e+08 +5.68663817e+08 9.02e+00 7.4e-02 1.5e-03 0.819 0.784 0.00
  62 -5.274437014e+08 +5.68663805e+08 8.65e+00 7.1e-02 1.4e-03 0.819 0.784 0.00
  63 -5.274436958e+08 +5.68663794e+08 8.30e+00 6.8e-02 1.4e-03 0.819 0.784 0.00
  64 -5.274436906e+08 +5.68663783e+08 7.96e+00 6.5e-02 1.3e-03 0.819 0.784 0.00
  65 -5.274436859e+08 +5.68663774e+08 7.63e+00 6.3e-02 1.3e-03 0.819 0.784 0.00
  66 -5.274436816e+08 +5.68663765e+08 7.31e+00 6.0e-02 1.2e-03 0.819 0.784 0.00
  67 -5.274436776e+08 +5.68663757e+08 7.01e+00 5.7e-02 1.2e-03 0.819 0.784 0.00
  68 -5.274436740e+08 +5.68663750e+08 6.72e+00 5.5e-02 1.1e-03 0.819 0.784 0.00
  69 -5.274436707e+08 +5.68663744e+08 6.44e+00 5.3e-02 1.1e-03 0.819 0.784 0.00
  70 -5.274436677e+08 +5.68663738e+08 6.17e+00 5.0e-02 1.0e-03 0.819 0.784 0.00
  71 -5.274436649e+08 +5.68663732e+08 5.91e+00 4.8e-02 9.6e-04 0.819 0.784 0.00
  72 -5.274436623e+08 +5.68663727e+08 5.66e+00 4.6e-02 9.2e-04 0.819 0.784 0.00
  73 -5.274436600e+08 +5.68663722e+08 5.42e+00 4.4e-02 8.8e-04 0.819 0.784 0.00
  74 -5.274436578e+08 +5.68663718e+08 5.19e+00 4.2e-02 8.4e-04 0.819 0.784 0.00
  75 -5.274436559e+08 +5.68663714e+08 4.97e+00 4.0e-02 8.0e-04 0.819 0.784 0.00
  76 -5.274436541e+08 +5.68663710e+08 4.76e+00 3.9e-02 7.7e-04 0.819 0.784 0.00
  77 -5.274436524e+08 +5.68663707e+08 4.56e+00 3.7e-02 7.3e-04 0.819 0.784 0.00
  78 -5.274436509e+08 +5.68663704e+08 4.36e+00 3.5e-02 7.0e-04 0.819 0.784 0.00
  79 -5.274436495e+08 +5.68663701e+08 4.18e+00 3.4e-02 6.7e-04 0.819 0.784 0.00
  80 -5.274436483e+08 +5.68663699e+08 4.00e+00 3.2e-02 6.4e-04 0.819 0.784 0.00
  81 -5.274436471e+08 +5.68663696e+08 3.83e+00 3.1e-02 6.1e-04 0.819 0.784 0.00
  82 -5.274436460e+08 +5.68663694e+08 3.66e+00 3.0e-02 5.9e-04 0.819 0.784 0.00
  83 -5.274436450e+08 +5.68663692e+08 3.51e+00 2.8e-02 5.6e-04 0.819 0.784 0.00
  84 -5.274436441e+08 +5.68663691e+08 3.36e+00 2.7e-02 5.4e-04 0.819 0.784 0.00
  85 -5.274436433e+08 +5.68663689e+08 3.21e+00 2.6e-02 5.1e-04 0.819 0.784 0.00
  86 -5.274436425e+08 +5.68663687e+08 3.08e+00 2.5e-02 4.9e-04 0.819 0.784 0.00
  87 -5.274436419e+08 +5.68663686e+08 2.94e+00 2.4e-02 4.7e-04 0.819 0.784 0.00
  88 -5.274436412e+08 +5.68663685e+08 2.82e+00 2.3e-02 4.5e-04 0.819 0.784 0.00
  89 -5.274436406e+08 +5.68663683e+08 2.69e+00 2.2e-02 4.3e-04 0.819 0.784 0.00
  90 -5.274436401e+08 +5.68663682e+08 2.58e+00 2.1e-02 4.1e-04 0.819 0.784 0.00
  91 -5.274436396e+08 +5.68663681e+08 2.47e+00 2.0e-02 3.9e-04 0.819 0.784 0.00
  92 -5.274436391e+08 +5.68663680e+08 2.36e+00 1.9e-02 3.7e-04 0.819 0.784 0.00
  93 -5.274436387e+08 +5.68663680e+08 2.26e+00 1.8e-02 3.6e-04 0.819 0.784 0.00
  94 -5.274436383e+08 +5.68663679e+08 2.16e+00 1.7e-02 3.4e-04 0.819 0.784 0.00
  95 -5.274436380e+08 +5.68663678e+08 2.07e+00 1.7e-02 3.3e-04 0.819 0.784 0.00
  96 -5.274436377e+08 +5.68663678e+08 1.98e+00 1.6e-02 3.1e-04 0.819 0.783 0.00
  97 -5.274436374e+08 +5.68663677e+08 1.89e+00 1.5e-02 3.0e-04 0.819 0.783 0.00
  98 -5.274436371e+08 +5.68663676e+08 1.81e+00 1.5e-02 2.9e-04 0.819 0.783 0.00
  99 -5.274436368e+08 +5.68663676e+08 1.73e+00 1.4e-02 2.7e-04 0.819 0.783 0.00
 100 -5.274436366e+08 +5.68663675e+08 1.66e+00 1.3e-02 2.6e-04 0.819 0.783 0.00
> saveRDS(fit, file=paste0("../data/gom-data/topics",clustnum,".human.log.indv-cell.int19k.reg-",data.source,".rds"))
> 
> 
> #Run analyses for chimp data
> print("Loading chimp data")
[1] "Loading chimp data"
> 
> #Load data
> scrna <- paste0("../data/cellranger-data-full/data.filter.log.indv-cell.int19k.reg-",data.source,".rds")
> data <- readRDS(scrna)
> data <- subset(data, subset=Species=="Chimp")
> 
> #Prepare data (unintegrated count data)
> counts <- as.matrix(data@assays$RNA@counts) #do not use integrated data
> counts <- counts[rowSums(counts>0)>0,]      #remove genes with 0 counts across cells
> counts <- t(as.matrix(counts))              #fix matrix orientation (barcodes x features)
> rm(data)
> 
> #Fit fastTopics model and save data
> fit <- fit_poisson_nmf(counts, k=clustnum, numiter=100)
Using 4 RcppParallel threads.
Initializing factors using Topic SCORE algorithm.
Initializing loadings by running 10 SCD updates.
Using 4 RcppParallel threads.
Fitting rank-5 Poisson NMF to 53562 x 18072 dense matrix.
Running 100 SCD updates, without extrapolation (fastTopics 0.3-185).
iter   log-likelihood        deviance res(KKT)  |F-F'|  |L-L'| nz(F) nz(L) beta
   1 -5.516182485e+08 +6.02458202e+08 1.25e+04 9.2e+01 9.1e-01 0.837 0.650 0.00
   2 -5.474053414e+08 +5.94032388e+08 1.94e+04 1.5e+01 1.4e+00 0.850 0.784 0.00
   3 -5.458130662e+08 +5.90847838e+08 1.21e+03 1.1e+01 1.1e+00 0.846 0.704 0.00
   4 -5.451328373e+08 +5.89487380e+08 4.61e+02 9.4e+00 7.8e-01 0.846 0.691 0.00
   5 -5.447773622e+08 +5.88776430e+08 4.02e+02 9.1e+00 4.8e-01 0.846 0.691 0.00
   6 -5.445827285e+08 +5.88387162e+08 8.78e+02 8.7e+00 2.8e-01 0.845 0.689 0.00
   7 -5.444687942e+08 +5.88159294e+08 2.93e+02 8.0e+00 2.2e-01 0.844 0.683 0.00
   8 -5.443950080e+08 +5.88011721e+08 2.71e+02 7.1e+00 2.1e-01 0.843 0.679 0.00
   9 -5.443424806e+08 +5.87906666e+08 2.47e+02 6.1e+00 1.7e-01 0.842 0.676 0.00
  10 -5.443022857e+08 +5.87826277e+08 2.25e+02 5.1e+00 1.3e-01 0.842 0.674 0.00
  11 -5.442696893e+08 +5.87761084e+08 2.05e+02 4.3e+00 1.1e-01 0.841 0.674 0.00
  12 -5.442420932e+08 +5.87705892e+08 1.94e+02 3.6e+00 1.1e-01 0.841 0.674 0.00
  13 -5.442179357e+08 +5.87657577e+08 1.83e+02 3.1e+00 1.1e-01 0.841 0.674 0.00
  14 -5.441964708e+08 +5.87614647e+08 1.73e+02 2.7e+00 1.0e-01 0.842 0.674 0.00
  15 -5.441772155e+08 +5.87576136e+08 1.62e+02 2.4e+00 9.9e-02 0.842 0.674 0.00
  16 -5.441599177e+08 +5.87541541e+08 1.51e+02 2.1e+00 9.6e-02 0.842 0.674 0.00
  17 -5.441444781e+08 +5.87510662e+08 1.40e+02 1.9e+00 9.2e-02 0.843 0.675 0.00
  18 -5.441308931e+08 +5.87483492e+08 1.28e+02 1.7e+00 8.7e-02 0.843 0.675 0.00
  19 -5.441191106e+08 +5.87459927e+08 1.18e+02 1.5e+00 8.2e-02 0.843 0.675 0.00
  20 -5.441090557e+08 +5.87439817e+08 1.09e+02 1.4e+00 7.7e-02 0.844 0.675 0.00
  21 -5.441005665e+08 +5.87422838e+08 9.96e+01 1.3e+00 7.1e-02 0.844 0.675 0.00
  22 -5.440934692e+08 +5.87408644e+08 9.10e+01 1.1e+00 6.5e-02 0.844 0.674 0.00
  23 -5.440876103e+08 +5.87396926e+08 8.23e+01 1.1e+00 5.9e-02 0.844 0.674 0.00
  24 -5.440828473e+08 +5.87387400e+08 7.39e+01 1.0e+00 5.3e-02 0.844 0.674 0.00
  25 -5.440790193e+08 +5.87379744e+08 6.56e+01 9.5e-01 4.8e-02 0.845 0.673 0.00
  26 -5.440759777e+08 +5.87373661e+08 5.81e+01 8.9e-01 4.3e-02 0.845 0.673 0.00
  27 -5.440735835e+08 +5.87368872e+08 5.13e+01 8.2e-01 3.9e-02 0.845 0.673 0.00
  28 -5.440717075e+08 +5.87365120e+08 4.51e+01 7.6e-01 3.4e-02 0.845 0.673 0.00
  29 -5.440702415e+08 +5.87362188e+08 3.97e+01 6.9e-01 3.0e-02 0.845 0.672 0.00
  30 -5.440690982e+08 +5.87359902e+08 3.48e+01 6.3e-01 2.7e-02 0.845 0.672 0.00
  31 -5.440682091e+08 +5.87358124e+08 3.05e+01 5.7e-01 2.3e-02 0.845 0.672 0.00
  32 -5.440675198e+08 +5.87356745e+08 2.67e+01 5.2e-01 2.1e-02 0.845 0.672 0.00
  33 -5.440669863e+08 +5.87355678e+08 2.33e+01 4.7e-01 1.9e-02 0.845 0.671 0.00
  34 -5.440665735e+08 +5.87354852e+08 2.04e+01 4.2e-01 1.7e-02 0.845 0.671 0.00
  35 -5.440662544e+08 +5.87354214e+08 1.78e+01 3.8e-01 1.5e-02 0.845 0.671 0.00
  36 -5.440660076e+08 +5.87353721e+08 1.55e+01 3.4e-01 1.3e-02 0.845 0.671 0.00
  37 -5.440658169e+08 +5.87353339e+08 1.35e+01 3.0e-01 1.2e-02 0.845 0.671 0.00
  38 -5.440656700e+08 +5.87353045e+08 1.16e+01 2.7e-01 1.1e-02 0.845 0.671 0.00
  39 -5.440655569e+08 +5.87352819e+08 1.00e+01 2.5e-01 9.6e-03 0.845 0.671 0.00
  40 -5.440654695e+08 +5.87352644e+08 8.71e+00 2.2e-01 8.5e-03 0.845 0.671 0.00
  41 -5.440654020e+08 +5.87352509e+08 7.56e+00 2.0e-01 7.6e-03 0.845 0.671 0.00
  42 -5.440653498e+08 +5.87352405e+08 6.59e+00 1.8e-01 6.7e-03 0.845 0.670 0.00
  43 -5.440653093e+08 +5.87352324e+08 5.74e+00 1.6e-01 6.0e-03 0.845 0.670 0.00
  44 -5.440652779e+08 +5.87352261e+08 5.01e+00 1.4e-01 5.3e-03 0.845 0.670 0.00
  45 -5.440652536e+08 +5.87352213e+08 4.38e+00 1.2e-01 4.7e-03 0.845 0.670 0.00
  46 -5.440652347e+08 +5.87352175e+08 3.83e+00 1.1e-01 4.2e-03 0.845 0.670 0.00
  47 -5.440652201e+08 +5.87352146e+08 3.37e+00 9.8e-02 3.7e-03 0.845 0.670 0.00
  48 -5.440652087e+08 +5.87352123e+08 2.96e+00 8.7e-02 3.3e-03 0.845 0.670 0.00
  49 -5.440651999e+08 +5.87352105e+08 2.61e+00 7.7e-02 2.9e-03 0.845 0.670 0.00
  50 -5.440651930e+08 +5.87352091e+08 2.30e+00 6.8e-02 2.6e-03 0.845 0.670 0.00
  51 -5.440651876e+08 +5.87352081e+08 2.02e+00 6.1e-02 2.3e-03 0.845 0.670 0.00
  52 -5.440651835e+08 +5.87352072e+08 1.78e+00 5.4e-02 2.0e-03 0.845 0.670 0.00
  53 -5.440651802e+08 +5.87352066e+08 1.57e+00 4.8e-02 1.8e-03 0.845 0.670 0.00
  54 -5.440651777e+08 +5.87352061e+08 1.38e+00 4.2e-02 1.6e-03 0.845 0.670 0.00
  55 -5.440651758e+08 +5.87352057e+08 1.22e+00 3.7e-02 1.4e-03 0.845 0.670 0.00
  56 -5.440651742e+08 +5.87352054e+08 1.07e+00 3.3e-02 1.2e-03 0.845 0.670 0.00
  57 -5.440651731e+08 +5.87352051e+08 9.46e-01 2.9e-02 1.1e-03 0.845 0.670 0.00
  58 -5.440651721e+08 +5.87352050e+08 8.33e-01 2.6e-02 9.6e-04 0.845 0.670 0.00
  59 -5.440651714e+08 +5.87352048e+08 7.35e-01 2.3e-02 8.5e-04 0.845 0.670 0.00
  60 -5.440651709e+08 +5.87352047e+08 6.48e-01 2.0e-02 7.5e-04 0.845 0.670 0.00
  61 -5.440651704e+08 +5.87352046e+08 5.71e-01 1.8e-02 6.6e-04 0.845 0.670 0.00
  62 -5.440651701e+08 +5.87352046e+08 5.03e-01 1.6e-02 5.8e-04 0.845 0.670 0.00
  63 -5.440651698e+08 +5.87352045e+08 4.44e-01 1.4e-02 5.2e-04 0.845 0.670 0.00
  64 -5.440651696e+08 +5.87352045e+08 3.91e-01 1.2e-02 4.6e-04 0.845 0.670 0.00
  65 -5.440651694e+08 +5.87352044e+08 3.45e-01 1.1e-02 4.0e-04 0.845 0.670 0.00
  66 -5.440651693e+08 +5.87352044e+08 3.04e-01 9.6e-03 3.6e-04 0.845 0.670 0.00
  67 -5.440651692e+08 +5.87352044e+08 2.69e-01 8.5e-03 3.1e-04 0.845 0.670 0.00
  68 -5.440651691e+08 +5.87352044e+08 2.37e-01 7.5e-03 2.8e-04 0.845 0.670 0.00
  69 -5.440651691e+08 +5.87352044e+08 2.09e-01 6.6e-03 2.4e-04 0.845 0.670 0.00
  70 -5.440651690e+08 +5.87352043e+08 1.85e-01 5.9e-03 2.2e-04 0.845 0.670 0.00
  71 -5.440651690e+08 +5.87352043e+08 1.63e-01 5.2e-03 1.9e-04 0.845 0.670 0.00
  72 -5.440651690e+08 +5.87352043e+08 1.44e-01 4.6e-03 1.9e-04 0.845 0.670 0.00
  73 -5.440651689e+08 +5.87352043e+08 1.27e-01 4.0e-03 1.9e-04 0.845 0.670 0.00
  74 -5.440651689e+08 +5.87352043e+08 1.13e-01 3.6e-03 1.9e-04 0.845 0.670 0.00
  75 -5.440651689e+08 +5.87352043e+08 9.94e-02 3.2e-03 1.9e-04 0.845 0.670 0.00
  76 -5.440651689e+08 +5.87352043e+08 8.79e-02 2.8e-03 1.9e-04 0.845 0.670 0.00
  77 -5.440651689e+08 +5.87352043e+08 7.76e-02 2.5e-03 1.9e-04 0.845 0.670 0.00
  78 -5.440651689e+08 +5.87352043e+08 6.86e-02 2.2e-03 1.6e-04 0.845 0.670 0.00
  79 -5.440651689e+08 +5.87352043e+08 6.05e-02 1.9e-03 7.1e-05 0.845 0.670 0.00
  80 -5.440651689e+08 +5.87352043e+08 5.34e-02 1.7e-03 6.2e-05 0.845 0.670 0.00
  81 -5.440651689e+08 +5.87352043e+08 4.71e-02 1.5e-03 5.5e-05 0.845 0.670 0.00
  82 -5.440651689e+08 +5.87352043e+08 4.16e-02 1.3e-03 4.9e-05 0.845 0.670 0.00
  83 -5.440651689e+08 +5.87352043e+08 3.67e-02 1.2e-03 4.3e-05 0.845 0.670 0.00
  84 -5.440651689e+08 +5.87352043e+08 3.24e-02 1.0e-03 3.8e-05 0.845 0.670 0.00
  85 -5.440651689e+08 +5.87352043e+08 2.86e-02 9.1e-04 3.3e-05 0.845 0.670 0.00
  86 -5.440651689e+08 +5.87352043e+08 2.53e-02 8.0e-04 2.9e-05 0.845 0.670 0.00
  87 -5.440651689e+08 +5.87352043e+08 2.23e-02 7.1e-04 2.7e-05 0.845 0.670 0.00
  88 -5.440651689e+08 +5.87352043e+08 1.97e-02 6.3e-04 2.7e-05 0.845 0.670 0.00
  89 -5.440651689e+08 +5.87352043e+08 1.74e-02 5.5e-04 2.7e-05 0.845 0.670 0.00
  90 -5.440651689e+08 +5.87352043e+08 1.54e-02 4.9e-04 2.6e-05 0.845 0.670 0.00
  91 -5.440651689e+08 +5.87352043e+08 1.36e-02 4.3e-04 2.6e-05 0.845 0.670 0.00
  92 -5.440651689e+08 +5.87352043e+08 1.20e-02 3.8e-04 2.6e-05 0.845 0.670 0.00
  93 -5.440651689e+08 +5.87352043e+08 1.06e-02 3.4e-04 2.6e-05 0.845 0.670 0.00
  94 -5.440651689e+08 +5.87352043e+08 9.35e-03 3.0e-04 2.5e-05 0.845 0.670 0.00
  95 -5.440651689e+08 +5.87352043e+08 8.25e-03 2.6e-04 2.1e-05 0.845 0.670 0.00
  96 -5.440651689e+08 +5.87352043e+08 7.29e-03 2.3e-04 1.4e-05 0.845 0.670 0.00
  97 -5.440651689e+08 +5.87352043e+08 6.43e-03 2.0e-04 1.3e-05 0.845 0.670 0.00
  98 -5.440651689e+08 +5.87352043e+08 5.68e-03 1.8e-04 1.3e-05 0.845 0.670 0.00
  99 -5.440651689e+08 +5.87352043e+08 5.01e-03 1.6e-04 1.2e-05 0.845 0.670 0.00
 100 -5.440651689e+08 +5.87352043e+08 4.42e-03 1.4e-04 1.2e-05 0.845 0.670 0.00
> saveRDS(fit, file=paste0("../data/gom-data/topics",clustnum,".chimp.log.indv-cell.int19k.reg-",data.source,".rds"))
> 
> proc.time()
    user   system  elapsed 
69502.22  7271.64 39957.03 
