
R version 3.6.1 (2019-07-05) -- "Action of the Toes"
Copyright (C) 2019 The R Foundation for Statistical Computing
Platform: x86_64-pc-linux-gnu (64-bit)

R is free software and comes with ABSOLUTELY NO WARRANTY.
You are welcome to redistribute it under certain conditions.
Type 'license()' or 'licence()' for distribution details.

R is a collaborative project with many contributors.
Type 'contributors()' for more information and
'citation()' on how to cite R or R packages in publications.

Type 'demo()' for some demos, 'help()' for on-line help, or
'help.start()' for an HTML browser interface to help.
Type 'q()' to quit R.

> #Read in command line arguments as list of character vectors
> args=(commandArgs(TRUE))
> 
> #Check if arguments are passed and cycle through to evaluate each element
> if(length(args)==0){
+   print("No arguments supplied.")
+   #supply default values
+   clustnum=3
+   data.source="tot"
+ }else{
+   for(i in 1:length(args)){
+     eval(parse(text=args[[i]]))
+   }
+ }
> print(paste0("k: ",clustnum))
[1] "k: 3"
> print(paste0("data source: ",data.source))
[1] "data source: t2"
> 
> #Load libraries
> library(Seurat)
> library(CountClust)
Loading required package: ggplot2
> library(classtpx)
Loading required package: slam
> library(fastTopics)
> 
> 
> #Run analyses for human data
> print("Loading human data")
[1] "Loading human data"
> 
> #Load data
> scrna <- paste0("../data/cellranger-data-full/data.filter.log.indv-cell.int19k.reg-",data.source,".rds")
> data <- readRDS(scrna)
> data <- subset(data, subset=Species=="Human")
> 
> #Prepare data (unintegrated count data)
> counts <- as.matrix(data@assays$RNA@counts) #do not use integrated data
> counts <- counts[rowSums(counts>0)>0,]      #remove genes with 0 counts across cells
> counts <- t(as.matrix(counts))              #fix matrix orientation (barcodes x features)
> rm(data)
> 
> #Fit fastTopics model and save data
> fit <- fit_poisson_nmf(counts, k=clustnum, numiter=100)
Using 4 RcppParallel threads.
Initializing factors using Topic SCORE algorithm.
Initializing loadings by running 10 SCD updates.
Using 4 RcppParallel threads.
Fitting rank-3 Poisson NMF to 12565 x 16629 dense matrix.
Running 100 SCD updates, without extrapolation (fastTopics 0.3-185).
iter   log-likelihood        deviance res(KKT)  |F-F'|  |L-L'| nz(F) nz(L) beta
   1 -1.155224042e+08 +1.30836227e+08 1.88e+03 1.0e+02 8.8e-01 0.887 0.745 0.00
   2 -1.150533343e+08 +1.29898087e+08 2.28e+03 1.8e+01 1.4e+00 0.891 0.825 0.00
   3 -1.148843823e+08 +1.29560183e+08 1.08e+03 9.0e+00 1.4e+00 0.888 0.864 0.00
   4 -1.148267948e+08 +1.29445008e+08 2.41e+02 6.7e+00 6.3e-01 0.888 0.880 0.00
   5 -1.148025529e+08 +1.29396524e+08 3.08e+02 5.5e+00 2.0e-01 0.887 0.894 0.00
   6 -1.147883358e+08 +1.29368090e+08 1.58e+02 4.7e+00 1.4e-01 0.887 0.904 0.00
   7 -1.147788954e+08 +1.29349209e+08 1.39e+02 4.0e+00 8.1e-02 0.887 0.911 0.00
   8 -1.147723318e+08 +1.29336082e+08 1.22e+02 3.4e+00 6.5e-02 0.887 0.916 0.00
   9 -1.147676662e+08 +1.29326751e+08 1.06e+02 2.9e+00 5.3e-02 0.887 0.920 0.00
  10 -1.147643079e+08 +1.29320034e+08 9.23e+01 2.5e+00 4.4e-02 0.887 0.922 0.00
  11 -1.147618615e+08 +1.29315141e+08 8.02e+01 2.2e+00 3.7e-02 0.887 0.925 0.00
  12 -1.147600444e+08 +1.29311507e+08 7.06e+01 1.9e+00 3.1e-02 0.887 0.926 0.00
  13 -1.147586731e+08 +1.29308764e+08 6.28e+01 1.7e+00 2.6e-02 0.887 0.928 0.00
  14 -1.147576233e+08 +1.29306665e+08 5.60e+01 1.5e+00 2.2e-02 0.887 0.929 0.00
  15 -1.147568091e+08 +1.29305036e+08 5.04e+01 1.4e+00 1.9e-02 0.887 0.930 0.00
  16 -1.147561732e+08 +1.29303765e+08 4.54e+01 1.2e+00 1.7e-02 0.887 0.930 0.00
  17 -1.147556737e+08 +1.29302766e+08 4.09e+01 1.1e+00 1.5e-02 0.888 0.931 0.00
  18 -1.147552787e+08 +1.29301976e+08 3.69e+01 1.0e+00 1.3e-02 0.888 0.932 0.00
  19 -1.147549629e+08 +1.29301344e+08 3.34e+01 9.0e-01 1.1e-02 0.888 0.932 0.00
  20 -1.147547088e+08 +1.29300836e+08 3.01e+01 8.1e-01 9.8e-03 0.888 0.933 0.00
  21 -1.147545335e+08 +1.29300485e+08 2.70e+01 7.3e-01 8.7e-03 0.888 0.933 0.00
  22 -1.147543643e+08 +1.29300147e+08 2.39e+01 6.6e-01 7.6e-03 0.888 0.933 0.00
  23 -1.147542480e+08 +1.29299914e+08 2.12e+01 6.0e-01 6.4e-03 0.888 0.934 0.00
  24 -1.147541651e+08 +1.29299748e+08 1.88e+01 5.4e-01 5.7e-03 0.888 0.934 0.00
  25 -1.147541014e+08 +1.29299621e+08 1.68e+01 4.9e-01 5.1e-03 0.888 0.934 0.00
  26 -1.147540517e+08 +1.29299522e+08 1.49e+01 4.4e-01 4.6e-03 0.889 0.934 0.00
  27 -1.147540126e+08 +1.29299443e+08 1.33e+01 4.0e-01 4.2e-03 0.889 0.934 0.00
  28 -1.147539817e+08 +1.29299382e+08 1.19e+01 3.6e-01 3.8e-03 0.889 0.934 0.00
  29 -1.147539571e+08 +1.29299332e+08 1.07e+01 3.3e-01 3.5e-03 0.889 0.934 0.00
  30 -1.147539374e+08 +1.29299293e+08 9.57e+00 2.9e-01 3.1e-03 0.889 0.934 0.00
  31 -1.147539216e+08 +1.29299261e+08 8.58e+00 2.7e-01 2.8e-03 0.889 0.934 0.00
  32 -1.147539089e+08 +1.29299236e+08 7.70e+00 2.4e-01 2.6e-03 0.889 0.934 0.00
  33 -1.147538988e+08 +1.29299216e+08 6.91e+00 2.2e-01 2.3e-03 0.889 0.934 0.00
  34 -1.147538905e+08 +1.29299199e+08 6.20e+00 2.0e-01 2.1e-03 0.889 0.934 0.00
  35 -1.147538839e+08 +1.29299186e+08 5.57e+00 1.8e-01 1.9e-03 0.889 0.934 0.00
  36 -1.147538786e+08 +1.29299175e+08 5.01e+00 1.6e-01 1.7e-03 0.889 0.934 0.00
  37 -1.147538743e+08 +1.29299167e+08 4.50e+00 1.4e-01 1.5e-03 0.889 0.934 0.00
  38 -1.147538708e+08 +1.29299160e+08 4.05e+00 1.3e-01 1.4e-03 0.889 0.934 0.00
  39 -1.147538680e+08 +1.29299154e+08 3.64e+00 1.2e-01 1.3e-03 0.889 0.934 0.00
  40 -1.147538657e+08 +1.29299150e+08 3.27e+00 1.1e-01 1.1e-03 0.889 0.934 0.00
  41 -1.147538638e+08 +1.29299146e+08 2.94e+00 9.5e-02 1.0e-03 0.889 0.934 0.00
  42 -1.147538623e+08 +1.29299143e+08 2.65e+00 8.6e-02 9.2e-04 0.889 0.934 0.00
  43 -1.147538611e+08 +1.29299140e+08 2.38e+00 7.7e-02 8.3e-04 0.889 0.934 0.00
  44 -1.147538601e+08 +1.29299138e+08 2.14e+00 7.0e-02 7.5e-04 0.889 0.934 0.00
  45 -1.147538594e+08 +1.29299137e+08 1.93e+00 6.3e-02 6.8e-04 0.889 0.934 0.00
  46 -1.147538587e+08 +1.29299136e+08 1.74e+00 5.7e-02 6.1e-04 0.889 0.934 0.00
  47 -1.147538582e+08 +1.29299135e+08 1.56e+00 5.1e-02 5.5e-04 0.889 0.934 0.00
  48 -1.147538578e+08 +1.29299134e+08 1.41e+00 4.6e-02 5.0e-04 0.889 0.934 0.00
  49 -1.147538574e+08 +1.29299133e+08 1.27e+00 4.2e-02 4.5e-04 0.889 0.934 0.00
  50 -1.147538572e+08 +1.29299133e+08 1.14e+00 3.8e-02 4.1e-04 0.889 0.934 0.00
  51 -1.147538569e+08 +1.29299132e+08 1.03e+00 3.4e-02 3.7e-04 0.889 0.934 0.00
  52 -1.147538568e+08 +1.29299132e+08 9.23e-01 3.1e-02 3.3e-04 0.889 0.934 0.00
  53 -1.147538566e+08 +1.29299131e+08 8.31e-01 2.8e-02 3.0e-04 0.889 0.934 0.00
  54 -1.147538565e+08 +1.29299131e+08 7.48e-01 2.5e-02 2.7e-04 0.889 0.934 0.00
  55 -1.147538564e+08 +1.29299131e+08 6.73e-01 2.2e-02 2.4e-04 0.889 0.934 0.00
  56 -1.147538563e+08 +1.29299131e+08 6.06e-01 2.0e-02 2.2e-04 0.889 0.934 0.00
  57 -1.147538563e+08 +1.29299131e+08 5.45e-01 1.8e-02 2.0e-04 0.889 0.934 0.00
  58 -1.147538562e+08 +1.29299131e+08 4.91e-01 1.6e-02 1.8e-04 0.889 0.934 0.00
  59 -1.147538562e+08 +1.29299131e+08 4.42e-01 1.5e-02 1.6e-04 0.889 0.934 0.00
  60 -1.147538561e+08 +1.29299130e+08 3.98e-01 1.3e-02 1.4e-04 0.889 0.934 0.00
  61 -1.147538561e+08 +1.29299130e+08 3.58e-01 1.2e-02 1.3e-04 0.889 0.934 0.00
  62 -1.147538561e+08 +1.29299130e+08 3.23e-01 1.1e-02 1.2e-04 0.889 0.934 0.00
  63 -1.147538561e+08 +1.29299130e+08 2.90e-01 9.8e-03 1.1e-04 0.889 0.934 0.00
  64 -1.147538561e+08 +1.29299130e+08 2.61e-01 8.8e-03 9.5e-05 0.889 0.934 0.00
  65 -1.147538561e+08 +1.29299130e+08 2.35e-01 7.9e-03 8.6e-05 0.889 0.934 0.00
  66 -1.147538560e+08 +1.29299130e+08 2.12e-01 7.2e-03 7.8e-05 0.889 0.934 0.00
  67 -1.147538560e+08 +1.29299130e+08 1.91e-01 6.5e-03 7.0e-05 0.889 0.934 0.00
  68 -1.147538560e+08 +1.29299130e+08 1.72e-01 5.8e-03 6.3e-05 0.889 0.934 0.00
  69 -1.147538560e+08 +1.29299130e+08 1.55e-01 5.2e-03 5.7e-05 0.889 0.934 0.00
  70 -1.147538560e+08 +1.29299130e+08 1.39e-01 4.7e-03 5.1e-05 0.889 0.934 0.00
  71 -1.147538560e+08 +1.29299130e+08 1.25e-01 4.3e-03 4.6e-05 0.889 0.934 0.00
  72 -1.147538560e+08 +1.29299130e+08 1.13e-01 3.8e-03 4.2e-05 0.889 0.934 0.00
  73 -1.147538560e+08 +1.29299130e+08 1.02e-01 3.5e-03 3.7e-05 0.889 0.934 0.00
  74 -1.147538560e+08 +1.29299130e+08 9.15e-02 3.1e-03 3.4e-05 0.889 0.934 0.00
  75 -1.147538560e+08 +1.29299130e+08 8.23e-02 2.8e-03 3.0e-05 0.889 0.934 0.00
  76 -1.147538560e+08 +1.29299130e+08 7.41e-02 2.5e-03 2.7e-05 0.889 0.934 0.00
  77 -1.147538560e+08 +1.29299130e+08 6.67e-02 2.3e-03 2.5e-05 0.889 0.934 0.00
  78 -1.147538560e+08 +1.29299130e+08 6.01e-02 2.1e-03 2.2e-05 0.889 0.934 0.00
  79 -1.147538560e+08 +1.29299130e+08 5.41e-02 1.9e-03 2.0e-05 0.889 0.934 0.00
  80 -1.147538560e+08 +1.29299130e+08 4.87e-02 1.7e-03 1.8e-05 0.889 0.934 0.00
  81 -1.147538560e+08 +1.29299130e+08 4.39e-02 1.5e-03 1.6e-05 0.889 0.934 0.00
  82 -1.147538560e+08 +1.29299130e+08 3.95e-02 1.4e-03 1.5e-05 0.889 0.934 0.00
  83 -1.147538560e+08 +1.29299130e+08 3.55e-02 1.2e-03 1.3e-05 0.889 0.934 0.00
  84 -1.147538560e+08 +1.29299130e+08 3.20e-02 1.1e-03 1.2e-05 0.889 0.934 0.00
  85 -1.147538560e+08 +1.29299130e+08 2.88e-02 1.0e-03 1.1e-05 0.889 0.934 0.00
  86 -1.147538560e+08 +1.29299130e+08 2.59e-02 9.0e-04 9.7e-06 0.889 0.934 0.00
  87 -1.147538560e+08 +1.29299130e+08 2.34e-02 8.1e-04 8.7e-06 0.889 0.934 0.00
  88 -1.147538560e+08 +1.29299130e+08 2.10e-02 7.3e-04 7.9e-06 0.889 0.934 0.00
  89 -1.147538560e+08 +1.29299130e+08 1.89e-02 6.6e-04 7.1e-06 0.889 0.934 0.00
  90 -1.147538560e+08 +1.29299130e+08 1.70e-02 5.9e-04 6.4e-06 0.889 0.934 0.00
  91 -1.147538560e+08 +1.29299130e+08 1.53e-02 5.3e-04 5.8e-06 0.889 0.934 0.00
  92 -1.147538560e+08 +1.29299130e+08 1.38e-02 4.8e-04 5.2e-06 0.889 0.934 0.00
  93 -1.147538560e+08 +1.29299130e+08 1.24e-02 4.3e-04 4.7e-06 0.889 0.934 0.00
  94 -1.147538560e+08 +1.29299130e+08 1.12e-02 3.9e-04 4.2e-06 0.889 0.934 0.00
  95 -1.147538560e+08 +1.29299130e+08 1.01e-02 3.5e-04 3.8e-06 0.889 0.934 0.00
  96 -1.147538560e+08 +1.29299130e+08 9.08e-03 3.2e-04 3.4e-06 0.889 0.934 0.00
  97 -1.147538560e+08 +1.29299130e+08 8.17e-03 2.9e-04 3.1e-06 0.889 0.934 0.00
  98 -1.147538560e+08 +1.29299130e+08 7.36e-03 2.6e-04 2.8e-06 0.889 0.934 0.00
  99 -1.147538560e+08 +1.29299130e+08 6.62e-03 2.3e-04 2.5e-06 0.889 0.934 0.00
 100 -1.147538560e+08 +1.29299130e+08 5.96e-03 2.1e-04 2.3e-06 0.889 0.934 0.00
> saveRDS(fit, file=paste0("../data/gom-data/topics",clustnum,".human.log.indv-cell.int19k.reg-",data.source,".rds"))
> 
> 
> #Run analyses for chimp data
> print("Loading chimp data")
[1] "Loading chimp data"
> 
> #Load data
> scrna <- paste0("../data/cellranger-data-full/data.filter.log.indv-cell.int19k.reg-",data.source,".rds")
> data <- readRDS(scrna)
> data <- subset(data, subset=Species=="Chimp")
> 
> #Prepare data (unintegrated count data)
> counts <- as.matrix(data@assays$RNA@counts) #do not use integrated data
> counts <- counts[rowSums(counts>0)>0,]      #remove genes with 0 counts across cells
> counts <- t(as.matrix(counts))              #fix matrix orientation (barcodes x features)
> rm(data)
> 
> #Fit fastTopics model and save data
> fit <- fit_poisson_nmf(counts, k=clustnum, numiter=100)
Using 4 RcppParallel threads.
Initializing factors using Topic SCORE algorithm.
Initializing loadings by running 10 SCD updates.
Using 4 RcppParallel threads.
Fitting rank-3 Poisson NMF to 14586 x 16722 dense matrix.
Running 100 SCD updates, without extrapolation (fastTopics 0.3-185).
iter   log-likelihood        deviance res(KKT)  |F-F'|  |L-L'| nz(F) nz(L) beta
   1 -1.329344069e+08 +1.57883217e+08 1.04e+03 1.1e+02 1.1e-01 0.890 0.919 0.00
   2 -1.326278472e+08 +1.57270098e+08 8.82e+02 1.1e+01 6.2e-01 0.892 0.908 0.00
   3 -1.325295143e+08 +1.57073432e+08 2.66e+02 6.1e+00 3.3e-01 0.890 0.889 0.00
   4 -1.324831424e+08 +1.56980689e+08 2.12e+02 4.2e+00 2.0e-01 0.892 0.869 0.00
   5 -1.324596226e+08 +1.56933649e+08 1.70e+02 2.8e+00 1.7e-01 0.894 0.863 0.00
   6 -1.324471433e+08 +1.56908690e+08 1.29e+02 1.9e+00 1.3e-01 0.895 0.858 0.00
   7 -1.324406119e+08 +1.56895627e+08 9.47e+01 1.3e+00 9.9e-02 0.896 0.853 0.00
   8 -1.324372933e+08 +1.56888990e+08 6.83e+01 9.2e-01 7.4e-02 0.897 0.848 0.00
   9 -1.324356314e+08 +1.56885667e+08 4.86e+01 6.1e-01 5.4e-02 0.897 0.844 0.00
  10 -1.324347998e+08 +1.56884003e+08 3.43e+01 4.1e-01 3.9e-02 0.897 0.842 0.00
  11 -1.324343760e+08 +1.56883156e+08 2.41e+01 2.7e-01 2.8e-02 0.897 0.840 0.00
  12 -1.324341575e+08 +1.56882719e+08 1.69e+01 1.8e-01 2.0e-02 0.897 0.839 0.00
  13 -1.324340437e+08 +1.56882491e+08 1.18e+01 1.2e-01 1.4e-02 0.897 0.838 0.00
  14 -1.324339838e+08 +1.56882371e+08 8.27e+00 7.8e-02 9.8e-03 0.897 0.838 0.00
  15 -1.324339518e+08 +1.56882307e+08 5.80e+00 5.8e-02 6.9e-03 0.897 0.837 0.00
  16 -1.324339344e+08 +1.56882272e+08 4.07e+00 4.2e-02 4.9e-03 0.898 0.837 0.00
  17 -1.324339248e+08 +1.56882253e+08 2.90e+00 3.2e-02 3.5e-03 0.898 0.837 0.00
  18 -1.324339194e+08 +1.56882243e+08 2.31e+00 2.4e-02 2.4e-03 0.898 0.837 0.00
  19 -1.324339164e+08 +1.56882237e+08 1.84e+00 1.9e-02 1.8e-03 0.897 0.837 0.00
  20 -1.324339147e+08 +1.56882233e+08 1.47e+00 1.6e-02 1.4e-03 0.897 0.837 0.00
  21 -1.324339136e+08 +1.56882231e+08 1.30e+00 1.3e-02 1.1e-03 0.897 0.837 0.00
  22 -1.324339130e+08 +1.56882230e+08 1.24e+00 1.1e-02 9.9e-04 0.897 0.837 0.00
  23 -1.324339127e+08 +1.56882229e+08 1.20e+00 8.5e-03 9.6e-04 0.897 0.837 0.00
  24 -1.324339124e+08 +1.56882229e+08 1.18e+00 6.8e-03 9.5e-04 0.897 0.837 0.00
  25 -1.324339123e+08 +1.56882228e+08 1.08e+00 5.4e-03 9.5e-04 0.897 0.837 0.00
  26 -1.324339122e+08 +1.56882228e+08 3.93e-01 4.3e-03 8.6e-04 0.897 0.837 0.00
  27 -1.324339121e+08 +1.56882228e+08 3.42e-01 3.4e-03 3.5e-04 0.897 0.837 0.00
  28 -1.324339121e+08 +1.56882228e+08 3.37e-01 2.6e-03 3.5e-04 0.897 0.837 0.00
  29 -1.324339121e+08 +1.56882228e+08 3.36e-01 2.1e-03 3.5e-04 0.897 0.837 0.00
  30 -1.324339121e+08 +1.56882228e+08 3.37e-01 1.6e-03 3.5e-04 0.897 0.837 0.00
  31 -1.324339120e+08 +1.56882228e+08 3.40e-01 1.3e-03 3.5e-04 0.897 0.837 0.00
  32 -1.324339120e+08 +1.56882228e+08 3.44e-01 9.9e-04 3.5e-04 0.897 0.837 0.00
  33 -1.324339120e+08 +1.56882228e+08 1.98e-01 7.9e-04 3.6e-04 0.897 0.837 0.00
  34 -1.324339120e+08 +1.56882228e+08 9.08e-02 6.6e-04 1.8e-04 0.897 0.837 0.00
  35 -1.324339120e+08 +1.56882228e+08 8.85e-02 5.5e-04 9.5e-05 0.897 0.837 0.00
  36 -1.324339120e+08 +1.56882228e+08 8.69e-02 4.5e-04 9.3e-05 0.897 0.837 0.00
  37 -1.324339120e+08 +1.56882228e+08 8.59e-02 3.8e-04 9.2e-05 0.897 0.837 0.00
  38 -1.324339120e+08 +1.56882228e+08 8.53e-02 3.1e-04 9.1e-05 0.897 0.837 0.00
  39 -1.324339120e+08 +1.56882228e+08 8.50e-02 2.6e-04 9.1e-05 0.897 0.837 0.00
  40 -1.324339120e+08 +1.56882228e+08 8.50e-02 2.1e-04 9.1e-05 0.897 0.837 0.00
  41 -1.324339120e+08 +1.56882228e+08 8.52e-02 1.8e-04 9.1e-05 0.897 0.837 0.00
  42 -1.324339120e+08 +1.56882228e+08 8.55e-02 1.5e-04 9.1e-05 0.897 0.837 0.00
  43 -1.324339120e+08 +1.56882228e+08 4.93e-02 1.2e-04 9.2e-05 0.897 0.837 0.00
  44 -1.324339120e+08 +1.56882228e+08 1.86e-02 1.0e-04 4.5e-05 0.897 0.837 0.00
  45 -1.324339120e+08 +1.56882228e+08 6.87e-03 8.3e-05 1.7e-05 0.897 0.837 0.00
  46 -1.324339120e+08 +1.56882228e+08 5.59e-03 6.8e-05 1.6e-05 0.897 0.837 0.00
  47 -1.324339120e+08 +1.56882228e+08 4.56e-03 5.6e-05 1.4e-05 0.897 0.837 0.00
  48 -1.324339120e+08 +1.56882228e+08 3.71e-03 4.7e-05 1.3e-05 0.897 0.837 0.00
  49 -1.324339120e+08 +1.56882228e+08 3.03e-03 3.8e-05 1.2e-05 0.897 0.837 0.00
  50 -1.324339120e+08 +1.56882228e+08 2.48e-03 3.2e-05 1.1e-05 0.897 0.837 0.00
  51 -1.324339120e+08 +1.56882228e+08 2.03e-03 2.6e-05 9.9e-06 0.897 0.837 0.00
  52 -1.324339120e+08 +1.56882228e+08 1.66e-03 2.2e-05 9.0e-06 0.897 0.837 0.00
  53 -1.324339120e+08 +1.56882228e+08 1.36e-03 1.8e-05 8.2e-06 0.897 0.837 0.00
  54 -1.324339120e+08 +1.56882228e+08 1.19e-03 1.5e-05 7.5e-06 0.897 0.837 0.00
  55 -1.324339120e+08 +1.56882228e+08 1.14e-03 1.2e-05 6.9e-06 0.897 0.837 0.00
  56 -1.324339120e+08 +1.56882228e+08 1.11e-03 9.8e-06 6.3e-06 0.897 0.837 0.00
  57 -1.324339120e+08 +1.56882228e+08 1.07e-03 8.1e-06 5.7e-06 0.897 0.837 0.00
  58 -1.324339120e+08 +1.56882228e+08 1.04e-03 6.6e-06 5.2e-06 0.897 0.837 0.00
  59 -1.324339120e+08 +1.56882228e+08 1.01e-03 5.4e-06 4.8e-06 0.897 0.837 0.00
  60 -1.324339120e+08 +1.56882228e+08 9.80e-04 4.5e-06 4.4e-06 0.897 0.837 0.00
  61 -1.324339120e+08 +1.56882228e+08 9.51e-04 3.7e-06 4.0e-06 0.897 0.837 0.00
  62 -1.324339120e+08 +1.56882228e+08 9.22e-04 3.0e-06 3.6e-06 0.897 0.837 0.00
  63 -1.324339120e+08 +1.56882228e+08 8.95e-04 2.4e-06 3.3e-06 0.897 0.837 0.00
  64 -1.324339120e+08 +1.56882228e+08 8.68e-04 2.0e-06 3.0e-06 0.897 0.837 0.00
  65 -1.324339120e+08 +1.56882228e+08 8.42e-04 1.6e-06 2.8e-06 0.897 0.837 0.00
  66 -1.324339120e+08 +1.56882228e+08 8.17e-04 1.3e-06 2.5e-06 0.897 0.837 0.00
  67 -1.324339120e+08 +1.56882228e+08 7.93e-04 1.1e-06 2.3e-06 0.897 0.837 0.00
  68 -1.324339120e+08 +1.56882228e+08 7.69e-04 8.7e-07 2.1e-06 0.897 0.837 0.00
  69 -1.324339120e+08 +1.56882228e+08 7.47e-04 7.2e-07 1.9e-06 0.897 0.837 0.00
  70 -1.324339120e+08 +1.56882228e+08 7.24e-04 6.1e-07 1.8e-06 0.897 0.837 0.00
  71 -1.324339120e+08 +1.56882228e+08 7.22e-04 5.2e-07 1.6e-06 0.897 0.837 0.00
  72 -1.324339120e+08 +1.56882228e+08 7.22e-04 4.4e-07 1.5e-06 0.897 0.837 0.00
  73 -1.324339120e+08 +1.56882228e+08 7.22e-04 3.8e-07 1.3e-06 0.897 0.837 0.00
  74 -1.324339120e+08 +1.56882228e+08 7.22e-04 3.2e-07 1.2e-06 0.897 0.837 0.00
  75 -1.324339120e+08 +1.56882228e+08 7.22e-04 2.8e-07 1.1e-06 0.897 0.837 0.00
  76 -1.324339120e+08 +1.56882228e+08 7.22e-04 2.4e-07 1.0e-06 0.897 0.837 0.00
  77 -1.324339120e+08 +1.56882228e+08 7.22e-04 2.1e-07 9.3e-07 0.897 0.837 0.00
  78 -1.324339120e+08 +1.56882228e+08 7.22e-04 1.9e-07 8.5e-07 0.897 0.837 0.00
  79 -1.324339120e+08 +1.56882228e+08 7.22e-04 1.8e-07 7.7e-07 0.897 0.837 0.00
  80 -1.324339120e+08 +1.56882228e+08 7.22e-04 1.7e-07 7.1e-07 0.897 0.837 0.00
  81 -1.324339120e+08 +1.56882228e+08 7.22e-04 1.7e-07 6.8e-07 0.897 0.837 0.00
  82 -1.324339120e+08 +1.56882228e+08 7.22e-04 1.6e-07 6.6e-07 0.897 0.837 0.00
  83 -1.324339120e+08 +1.56882228e+08 7.22e-04 1.6e-07 6.4e-07 0.897 0.837 0.00
  84 -1.324339120e+08 +1.56882228e+08 7.22e-04 1.6e-07 6.2e-07 0.897 0.837 0.00
  85 -1.324339120e+08 +1.56882228e+08 7.22e-04 1.5e-07 6.0e-07 0.897 0.837 0.00
  86 -1.324339120e+08 +1.56882228e+08 7.22e-04 1.5e-07 5.8e-07 0.897 0.837 0.00
  87 -1.324339120e+08 +1.56882228e+08 7.22e-04 1.4e-07 5.7e-07 0.897 0.837 0.00
  88 -1.324339120e+08 +1.56882228e+08 7.22e-04 1.4e-07 5.5e-07 0.897 0.837 0.00
  89 -1.324339120e+08 +1.56882228e+08 7.22e-04 1.3e-07 5.3e-07 0.897 0.837 0.00
  90 -1.324339120e+08 +1.56882228e+08 7.22e-04 1.3e-07 5.2e-07 0.897 0.837 0.00
  91 -1.324339120e+08 +1.56882228e+08 7.22e-04 1.3e-07 5.0e-07 0.897 0.837 0.00
  92 -1.324339120e+08 +1.56882228e+08 7.22e-04 1.2e-07 4.9e-07 0.897 0.837 0.00
  93 -1.324339120e+08 +1.56882228e+08 7.22e-04 1.2e-07 4.8e-07 0.897 0.837 0.00
  94 -1.324339120e+08 +1.56882228e+08 7.22e-04 1.2e-07 4.6e-07 0.897 0.837 0.00
  95 -1.324339120e+08 +1.56882228e+08 7.22e-04 1.1e-07 4.5e-07 0.897 0.837 0.00
  96 -1.324339120e+08 +1.56882228e+08 7.22e-04 1.1e-07 4.4e-07 0.897 0.837 0.00
  97 -1.324339120e+08 +1.56882228e+08 7.22e-04 1.1e-07 4.2e-07 0.897 0.837 0.00
  98 -1.324339120e+08 +1.56882228e+08 7.22e-04 1.0e-07 4.1e-07 0.897 0.837 0.00
  99 -1.324339120e+08 +1.56882228e+08 7.22e-04 1.0e-07 4.0e-07 0.897 0.837 0.00
 100 -1.324339120e+08 +1.56882228e+08 7.22e-04 9.7e-08 3.9e-07 0.897 0.837 0.00
Warning message:
Quick-TRANSfer stage steps exceeded maximum (= 836100) 
> saveRDS(fit, file=paste0("../data/gom-data/topics",clustnum,".chimp.log.indv-cell.int19k.reg-",data.source,".rds"))
> 
> proc.time()
     user    system   elapsed 
11158.979  1462.990  7987.326 
