
R version 3.6.1 (2019-07-05) -- "Action of the Toes"
Copyright (C) 2019 The R Foundation for Statistical Computing
Platform: x86_64-pc-linux-gnu (64-bit)

R is free software and comes with ABSOLUTELY NO WARRANTY.
You are welcome to redistribute it under certain conditions.
Type 'license()' or 'licence()' for distribution details.

R is a collaborative project with many contributors.
Type 'contributors()' for more information and
'citation()' on how to cite R or R packages in publications.

Type 'demo()' for some demos, 'help()' for on-line help, or
'help.start()' for an HTML browser interface to help.
Type 'q()' to quit R.

> #Read in command line arguments as list of character vectors
> args=(commandArgs(TRUE))
> 
> #Check if arguments are passed and cycle through to evaluate each element
> if(length(args)==0){
+   print("No arguments supplied.")
+   #supply default values
+   clustnum=3
+   data.source="tot"
+ }else{
+   for(i in 1:length(args)){
+     eval(parse(text=args[[i]]))
+   }
+ }
> print(paste0("k: ",clustnum))
[1] "k: 15"
> print(paste0("data source: ",data.source))
[1] "data source: t2"
> 
> #Load libraries
> library(Seurat)
> library(CountClust)
Loading required package: ggplot2
> library(classtpx)
Loading required package: slam
> library(fastTopics)
> 
> 
> #Run analyses for human data
> print("Loading human data")
[1] "Loading human data"
> 
> #Load data
> scrna <- paste0("../data/cellranger-data-full/data.filter.log.indv-cell.int19k.reg-",data.source,".rds")
> data <- readRDS(scrna)
> data <- subset(data, subset=Species=="Human")
> 
> #Prepare data (unintegrated count data)
> counts <- as.matrix(data@assays$RNA@counts) #do not use integrated data
> counts <- counts[rowSums(counts>0)>0,]      #remove genes with 0 counts across cells
> counts <- t(as.matrix(counts))              #fix matrix orientation (barcodes x features)
> rm(data)
> 
> #Fit fastTopics model and save data
> fit <- fit_poisson_nmf(counts, k=clustnum, numiter=100)
Using 4 RcppParallel threads.
Initializing factors using Topic SCORE algorithm.
Initializing loadings by running 10 SCD updates.
Using 4 RcppParallel threads.
Fitting rank-15 Poisson NMF to 12565 x 16629 dense matrix.
Running 100 SCD updates, without extrapolation (fastTopics 0.3-185).
iter   log-likelihood        deviance res(KKT)  |F-F'|  |L-L'| nz(F) nz(L) beta
   1 -1.085558720e+08 +1.16903162e+08 1.47e+04 4.8e+02 1.8e+00 0.552 0.495 0.00
   2 -1.054450311e+08 +1.10681480e+08 5.90e+03 1.2e+02 4.1e+00 0.551 0.575 0.00
   3 -1.046309026e+08 +1.09053223e+08 3.04e+03 6.0e+01 3.8e+00 0.557 0.604 0.00
   4 -1.042737670e+08 +1.08338952e+08 2.09e+03 6.6e+01 1.6e+00 0.561 0.633 0.00
   5 -1.040467642e+08 +1.07884947e+08 2.03e+03 5.3e+01 1.0e+00 0.565 0.649 0.00
   6 -1.038939406e+08 +1.07579299e+08 1.63e+03 3.8e+01 5.9e-01 0.570 0.659 0.00
   7 -1.037888265e+08 +1.07369071e+08 1.14e+03 2.5e+01 5.5e-01 0.574 0.665 0.00
   8 -1.037112216e+08 +1.07213861e+08 9.28e+02 2.1e+01 6.4e-01 0.578 0.669 0.00
   9 -1.036519470e+08 +1.07095312e+08 5.50e+02 2.0e+01 4.4e-01 0.581 0.672 0.00
  10 -1.036066375e+08 +1.07004693e+08 5.06e+02 1.8e+01 2.4e-01 0.585 0.676 0.00
  11 -1.035708009e+08 +1.06933020e+08 4.65e+02 1.6e+01 2.4e-01 0.587 0.678 0.00
  12 -1.035413512e+08 +1.06874121e+08 4.71e+02 1.3e+01 2.9e-01 0.589 0.681 0.00
  13 -1.035163511e+08 +1.06824120e+08 5.19e+02 9.6e+00 3.5e-01 0.590 0.683 0.00
  14 -1.034946038e+08 +1.06780626e+08 5.54e+02 7.7e+00 3.9e-01 0.591 0.686 0.00
  15 -1.034753698e+08 +1.06742158e+08 5.76e+02 7.6e+00 4.3e-01 0.591 0.688 0.00
  16 -1.034581941e+08 +1.06707806e+08 5.87e+02 7.3e+00 4.3e-01 0.592 0.690 0.00
  17 -1.034426782e+08 +1.06676775e+08 5.83e+02 6.9e+00 4.0e-01 0.593 0.691 0.00
  18 -1.034283985e+08 +1.06648215e+08 6.84e+02 7.1e+00 3.6e-01 0.594 0.692 0.00
  19 -1.034152382e+08 +1.06621895e+08 6.41e+02 7.4e+00 3.0e-01 0.594 0.693 0.00
  20 -1.034030224e+08 +1.06597463e+08 5.58e+02 7.7e+00 2.5e-01 0.595 0.694 0.00
  21 -1.033916940e+08 +1.06574806e+08 5.06e+02 8.1e+00 2.1e-01 0.595 0.695 0.00
  22 -1.033810925e+08 +1.06553603e+08 4.61e+02 8.2e+00 1.7e-01 0.595 0.695 0.00
  23 -1.033709544e+08 +1.06533327e+08 4.16e+02 8.3e+00 1.8e-01 0.595 0.696 0.00
  24 -1.033610566e+08 +1.06513531e+08 3.68e+02 8.3e+00 2.2e-01 0.596 0.696 0.00
  25 -1.033511226e+08 +1.06493663e+08 3.16e+02 8.3e+00 2.7e-01 0.596 0.697 0.00
  26 -1.033407549e+08 +1.06472928e+08 3.40e+02 8.1e+00 3.1e-01 0.595 0.697 0.00
  27 -1.033293786e+08 +1.06450175e+08 3.71e+02 7.8e+00 5.4e-01 0.595 0.697 0.00
  28 -1.033164428e+08 +1.06424304e+08 4.03e+02 6.7e+00 7.5e-01 0.595 0.698 0.00
  29 -1.033018088e+08 +1.06395036e+08 5.52e+02 8.3e+00 8.2e-01 0.595 0.698 0.00
  30 -1.032860493e+08 +1.06363517e+08 6.40e+02 9.5e+00 7.3e-01 0.594 0.699 0.00
  31 -1.032704752e+08 +1.06332369e+08 6.40e+02 1.0e+01 5.1e-01 0.594 0.699 0.00
  32 -1.032566035e+08 +1.06304625e+08 6.13e+02 9.9e+00 3.4e-01 0.593 0.700 0.00
  33 -1.032453661e+08 +1.06282150e+08 5.39e+02 9.4e+00 2.3e-01 0.593 0.700 0.00
  34 -1.032367097e+08 +1.06264837e+08 5.91e+02 8.6e+00 1.6e-01 0.592 0.701 0.00
  35 -1.032300242e+08 +1.06251467e+08 6.86e+02 7.7e+00 1.4e-01 0.592 0.701 0.00
  36 -1.032246413e+08 +1.06240701e+08 7.52e+02 7.8e+00 1.5e-01 0.592 0.702 0.00
  37 -1.032200098e+08 +1.06231438e+08 1.24e+03 8.4e+00 1.7e-01 0.592 0.702 0.00
  38 -1.032157054e+08 +1.06222829e+08 1.13e+03 9.1e+00 2.0e-01 0.592 0.702 0.00
  39 -1.032114285e+08 +1.06214275e+08 8.39e+02 9.9e+00 2.3e-01 0.593 0.702 0.00
  40 -1.032070039e+08 +1.06205426e+08 3.70e+02 1.1e+01 2.6e-01 0.593 0.702 0.00
  41 -1.032023547e+08 +1.06196128e+08 3.54e+02 1.1e+01 3.0e-01 0.593 0.703 0.00
  42 -1.031975292e+08 +1.06186477e+08 3.57e+02 1.1e+01 3.3e-01 0.594 0.703 0.00
  43 -1.031926434e+08 +1.06176705e+08 3.28e+02 1.1e+01 3.2e-01 0.594 0.703 0.00
  44 -1.031878487e+08 +1.06167116e+08 2.97e+02 1.1e+01 3.3e-01 0.594 0.703 0.00
  45 -1.031832905e+08 +1.06157999e+08 2.70e+02 9.9e+00 3.2e-01 0.595 0.703 0.00
  46 -1.031790609e+08 +1.06149540e+08 2.43e+02 9.3e+00 3.1e-01 0.595 0.702 0.00
  47 -1.031751802e+08 +1.06141779e+08 2.24e+02 8.6e+00 3.2e-01 0.595 0.702 0.00
  48 -1.031716173e+08 +1.06134653e+08 2.07e+02 7.9e+00 3.2e-01 0.596 0.701 0.00
  49 -1.031683814e+08 +1.06128181e+08 1.92e+02 7.2e+00 3.2e-01 0.596 0.701 0.00
  50 -1.031655033e+08 +1.06122425e+08 1.79e+02 6.5e+00 3.1e-01 0.596 0.700 0.00
  51 -1.031629815e+08 +1.06117381e+08 1.66e+02 5.8e+00 3.0e-01 0.596 0.699 0.00
  52 -1.031607895e+08 +1.06112997e+08 1.49e+02 5.2e+00 2.8e-01 0.596 0.699 0.00
  53 -1.031589052e+08 +1.06109229e+08 1.47e+02 4.6e+00 2.6e-01 0.596 0.698 0.00
  54 -1.031572947e+08 +1.06106008e+08 1.50e+02 4.1e+00 2.4e-01 0.596 0.698 0.00
  55 -1.031559169e+08 +1.06103252e+08 1.50e+02 3.6e+00 2.2e-01 0.596 0.697 0.00
  56 -1.031547316e+08 +1.06100881e+08 1.47e+02 3.2e+00 2.0e-01 0.596 0.697 0.00
  57 -1.031537072e+08 +1.06098832e+08 1.43e+02 2.9e+00 1.8e-01 0.596 0.697 0.00
  58 -1.031528225e+08 +1.06097063e+08 1.37e+02 2.6e+00 1.5e-01 0.596 0.696 0.00
  59 -1.031520563e+08 +1.06095531e+08 1.31e+02 2.4e+00 1.2e-01 0.596 0.696 0.00
  60 -1.031513918e+08 +1.06094202e+08 1.25e+02 2.2e+00 1.1e-01 0.596 0.695 0.00
  61 -1.031508136e+08 +1.06093045e+08 1.20e+02 2.0e+00 9.6e-02 0.596 0.695 0.00
  62 -1.031503051e+08 +1.06092028e+08 1.14e+02 1.8e+00 7.4e-02 0.596 0.695 0.00
  63 -1.031498551e+08 +1.06091128e+08 1.19e+02 1.7e+00 7.0e-02 0.596 0.695 0.00
  64 -1.031494552e+08 +1.06090329e+08 1.17e+02 1.6e+00 6.6e-02 0.595 0.694 0.00
  65 -1.031490979e+08 +1.06089614e+08 1.15e+02 1.5e+00 6.2e-02 0.595 0.694 0.00
  66 -1.031487769e+08 +1.06088972e+08 1.12e+02 1.3e+00 5.8e-02 0.595 0.694 0.00
  67 -1.031484870e+08 +1.06088392e+08 1.10e+02 1.3e+00 5.4e-02 0.595 0.694 0.00
  68 -1.031482243e+08 +1.06087867e+08 1.07e+02 1.2e+00 5.0e-02 0.595 0.694 0.00
  69 -1.031479853e+08 +1.06087389e+08 1.04e+02 1.1e+00 4.7e-02 0.595 0.694 0.00
  70 -1.031477669e+08 +1.06086952e+08 1.01e+02 1.0e+00 4.4e-02 0.595 0.694 0.00
  71 -1.031475666e+08 +1.06086551e+08 9.78e+01 9.4e-01 4.1e-02 0.595 0.694 0.00
  72 -1.031473822e+08 +1.06086183e+08 9.53e+01 8.8e-01 3.8e-02 0.595 0.694 0.00
  73 -1.031472117e+08 +1.06085842e+08 9.32e+01 8.2e-01 3.6e-02 0.595 0.694 0.00
  74 -1.031470535e+08 +1.06085525e+08 9.11e+01 7.6e-01 3.3e-02 0.595 0.694 0.00
  75 -1.031469061e+08 +1.06085230e+08 8.90e+01 7.1e-01 3.1e-02 0.595 0.694 0.00
  76 -1.031467683e+08 +1.06084955e+08 8.67e+01 6.6e-01 2.9e-02 0.595 0.694 0.00
  77 -1.031466389e+08 +1.06084696e+08 8.44e+01 6.2e-01 2.7e-02 0.595 0.694 0.00
  78 -1.031465172e+08 +1.06084453e+08 8.23e+01 5.8e-01 2.6e-02 0.595 0.694 0.00
  79 -1.031464025e+08 +1.06084223e+08 8.04e+01 5.4e-01 2.4e-02 0.595 0.693 0.00
  80 -1.031462941e+08 +1.06084006e+08 7.87e+01 5.0e-01 2.3e-02 0.595 0.693 0.00
  81 -1.031461916e+08 +1.06083801e+08 7.70e+01 4.7e-01 2.1e-02 0.595 0.693 0.00
  82 -1.031460942e+08 +1.06083607e+08 7.52e+01 4.4e-01 2.0e-02 0.595 0.693 0.00
  83 -1.031460012e+08 +1.06083421e+08 7.34e+01 4.1e-01 1.9e-02 0.594 0.693 0.00
  84 -1.031459122e+08 +1.06083242e+08 7.16e+01 3.8e-01 1.7e-02 0.594 0.693 0.00
  85 -1.031458268e+08 +1.06083072e+08 6.97e+01 3.6e-01 1.6e-02 0.594 0.693 0.00
  86 -1.031457447e+08 +1.06082908e+08 6.79e+01 3.4e-01 1.5e-02 0.594 0.693 0.00
  87 -1.031456658e+08 +1.06082750e+08 6.62e+01 3.3e-01 1.4e-02 0.594 0.693 0.00
  88 -1.031455896e+08 +1.06082597e+08 6.45e+01 3.3e-01 1.4e-02 0.594 0.693 0.00
  89 -1.031455160e+08 +1.06082450e+08 6.28e+01 3.2e-01 1.3e-02 0.594 0.693 0.00
  90 -1.031454449e+08 +1.06082308e+08 6.12e+01 3.2e-01 1.2e-02 0.594 0.693 0.00
  91 -1.031453761e+08 +1.06082170e+08 5.96e+01 3.1e-01 1.1e-02 0.594 0.693 0.00
  92 -1.031453094e+08 +1.06082037e+08 5.81e+01 3.1e-01 1.1e-02 0.594 0.693 0.00
  93 -1.031452446e+08 +1.06081907e+08 5.65e+01 3.0e-01 1.0e-02 0.594 0.693 0.00
  94 -1.031451817e+08 +1.06081782e+08 5.50e+01 3.0e-01 9.6e-03 0.594 0.693 0.00
  95 -1.031451205e+08 +1.06081659e+08 5.33e+01 2.9e-01 9.2e-03 0.594 0.693 0.00
  96 -1.031450608e+08 +1.06081540e+08 5.17e+01 2.9e-01 8.8e-03 0.594 0.693 0.00
  97 -1.031450026e+08 +1.06081423e+08 5.05e+01 2.8e-01 8.5e-03 0.594 0.693 0.00
  98 -1.031449458e+08 +1.06081310e+08 4.93e+01 2.8e-01 8.2e-03 0.594 0.693 0.00
  99 -1.031448903e+08 +1.06081199e+08 4.82e+01 2.7e-01 7.8e-03 0.594 0.693 0.00
 100 -1.031448360e+08 +1.06081090e+08 4.70e+01 2.7e-01 7.6e-03 0.594 0.693 0.00
> saveRDS(fit, file=paste0("../data/gom-data/topics",clustnum,".human.log.indv-cell.int19k.reg-",data.source,".rds"))
> 
> 
> #Run analyses for chimp data
> print("Loading chimp data")
[1] "Loading chimp data"
> 
> #Load data
> scrna <- paste0("../data/cellranger-data-full/data.filter.log.indv-cell.int19k.reg-",data.source,".rds")
> data <- readRDS(scrna)
> data <- subset(data, subset=Species=="Chimp")
> 
> #Prepare data (unintegrated count data)
> counts <- as.matrix(data@assays$RNA@counts) #do not use integrated data
> counts <- counts[rowSums(counts>0)>0,]      #remove genes with 0 counts across cells
> counts <- t(as.matrix(counts))              #fix matrix orientation (barcodes x features)
> rm(data)
> 
> #Fit fastTopics model and save data
> fit <- fit_poisson_nmf(counts, k=clustnum, numiter=100)
Using 4 RcppParallel threads.
Initializing factors using Topic SCORE algorithm.
Initializing loadings by running 10 SCD updates.
Using 4 RcppParallel threads.
Fitting rank-15 Poisson NMF to 14586 x 16722 dense matrix.
Running 100 SCD updates, without extrapolation (fastTopics 0.3-185).
iter   log-likelihood        deviance res(KKT)  |F-F'|  |L-L'| nz(F) nz(L) beta
   1 -1.249075628e+08 +1.41829529e+08 2.51e+04 2.8e+02 5.3e+00 0.585 0.522 0.00
   2 -1.202072048e+08 +1.32428813e+08 8.37e+03 8.1e+01 3.6e+00 0.577 0.648 0.00
   3 -1.190665051e+08 +1.30147414e+08 4.49e+03 7.5e+01 1.8e+00 0.582 0.625 0.00
   4 -1.185764670e+08 +1.29167338e+08 1.59e+03 5.5e+01 1.3e+00 0.588 0.637 0.00
   5 -1.182991640e+08 +1.28612732e+08 1.07e+03 3.6e+01 8.3e-01 0.594 0.649 0.00
   6 -1.181386899e+08 +1.28291784e+08 8.46e+02 2.7e+01 6.0e-01 0.600 0.655 0.00
   7 -1.180382789e+08 +1.28090962e+08 1.02e+03 2.2e+01 5.3e-01 0.604 0.658 0.00
   8 -1.179713115e+08 +1.27957027e+08 5.64e+02 1.7e+01 4.6e-01 0.608 0.658 0.00
   9 -1.179246811e+08 +1.27863766e+08 6.21e+02 1.4e+01 4.1e-01 0.610 0.659 0.00
  10 -1.178914179e+08 +1.27797239e+08 4.62e+02 1.1e+01 3.6e-01 0.612 0.659 0.00
  11 -1.178674230e+08 +1.27749250e+08 3.14e+02 9.6e+00 3.1e-01 0.614 0.659 0.00
  12 -1.178498966e+08 +1.27714197e+08 2.92e+02 9.7e+00 2.6e-01 0.615 0.658 0.00
  13 -1.178368746e+08 +1.27688153e+08 2.73e+02 9.7e+00 2.1e-01 0.616 0.658 0.00
  14 -1.178269278e+08 +1.27668259e+08 2.24e+02 9.3e+00 1.7e-01 0.617 0.657 0.00
  15 -1.178191723e+08 +1.27652748e+08 2.06e+02 7.9e+00 1.3e-01 0.618 0.655 0.00
  16 -1.178129610e+08 +1.27640326e+08 1.96e+02 7.8e+00 1.1e-01 0.619 0.655 0.00
  17 -1.178077683e+08 +1.27629940e+08 1.92e+02 7.9e+00 1.1e-01 0.619 0.654 0.00
  18 -1.178032525e+08 +1.27620909e+08 1.91e+02 8.1e+00 1.1e-01 0.620 0.654 0.00
  19 -1.177991567e+08 +1.27612717e+08 2.06e+02 8.5e+00 1.1e-01 0.620 0.653 0.00
  20 -1.177952894e+08 +1.27604982e+08 2.35e+02 9.0e+00 1.1e-01 0.621 0.653 0.00
  21 -1.177915533e+08 +1.27597510e+08 2.67e+02 9.6e+00 1.1e-01 0.621 0.653 0.00
  22 -1.177878360e+08 +1.27590076e+08 3.03e+02 1.0e+01 1.2e-01 0.621 0.653 0.00
  23 -1.177840303e+08 +1.27582464e+08 3.40e+02 1.1e+01 1.2e-01 0.621 0.652 0.00
  24 -1.177800353e+08 +1.27574474e+08 3.82e+02 1.2e+01 1.2e-01 0.622 0.652 0.00
  25 -1.177757666e+08 +1.27565937e+08 4.23e+02 1.2e+01 1.3e-01 0.622 0.652 0.00
  26 -1.177711247e+08 +1.27556653e+08 4.75e+02 1.3e+01 1.3e-01 0.622 0.652 0.00
  27 -1.177660256e+08 +1.27546455e+08 5.28e+02 1.4e+01 1.2e-01 0.622 0.653 0.00
  28 -1.177604278e+08 +1.27535259e+08 5.73e+02 1.5e+01 1.2e-01 0.622 0.653 0.00
  29 -1.177545252e+08 +1.27523454e+08 6.01e+02 1.6e+01 1.2e-01 0.622 0.654 0.00
  30 -1.177485619e+08 +1.27511528e+08 5.61e+02 1.6e+01 1.1e-01 0.622 0.654 0.00
  31 -1.177427665e+08 +1.27499937e+08 3.36e+02 1.6e+01 1.1e-01 0.622 0.654 0.00
  32 -1.177373880e+08 +1.27489180e+08 2.33e+02 1.6e+01 1.1e-01 0.621 0.655 0.00
  33 -1.177323294e+08 +1.27479062e+08 2.24e+02 1.6e+01 1.2e-01 0.621 0.655 0.00
  34 -1.177274420e+08 +1.27469288e+08 2.21e+02 1.6e+01 1.4e-01 0.621 0.656 0.00
  35 -1.177225935e+08 +1.27459591e+08 2.13e+02 1.6e+01 2.5e-01 0.621 0.657 0.00
  36 -1.177177265e+08 +1.27449857e+08 2.03e+02 1.7e+01 3.5e-01 0.620 0.657 0.00
  37 -1.177129913e+08 +1.27440386e+08 1.97e+02 1.7e+01 2.3e-01 0.620 0.658 0.00
  38 -1.177083195e+08 +1.27431043e+08 1.99e+02 1.8e+01 1.6e-01 0.620 0.659 0.00
  39 -1.177035391e+08 +1.27421482e+08 2.01e+02 1.9e+01 1.8e-01 0.619 0.660 0.00
  40 -1.176985201e+08 +1.27411444e+08 2.07e+02 2.1e+01 2.2e-01 0.618 0.661 0.00
  41 -1.176931275e+08 +1.27400659e+08 2.38e+02 2.2e+01 2.7e-01 0.617 0.661 0.00
  42 -1.176871108e+08 +1.27388625e+08 2.73e+02 2.5e+01 3.4e-01 0.616 0.662 0.00
  43 -1.176802404e+08 +1.27374884e+08 3.12e+02 2.7e+01 4.0e-01 0.616 0.664 0.00
  44 -1.176725893e+08 +1.27359582e+08 3.50e+02 3.0e+01 3.9e-01 0.614 0.664 0.00
  45 -1.176646953e+08 +1.27343794e+08 3.80e+02 3.3e+01 2.3e-01 0.613 0.666 0.00
  46 -1.176568061e+08 +1.27328016e+08 3.94e+02 3.4e+01 2.2e-01 0.612 0.667 0.00
  47 -1.176491577e+08 +1.27312719e+08 3.88e+02 3.3e+01 2.2e-01 0.610 0.668 0.00
  48 -1.176421398e+08 +1.27298683e+08 3.57e+02 3.1e+01 2.1e-01 0.609 0.669 0.00
  49 -1.176360160e+08 +1.27286436e+08 3.41e+02 2.6e+01 1.9e-01 0.608 0.670 0.00
  50 -1.176309008e+08 +1.27276205e+08 4.12e+02 2.0e+01 1.7e-01 0.606 0.670 0.00
  51 -1.176267537e+08 +1.27267911e+08 5.17e+02 1.5e+01 1.4e-01 0.606 0.671 0.00
  52 -1.176233958e+08 +1.27261195e+08 5.90e+02 1.0e+01 1.2e-01 0.605 0.671 0.00
  53 -1.176206243e+08 +1.27255652e+08 6.21e+02 9.5e+00 9.7e-02 0.604 0.671 0.00
  54 -1.176183293e+08 +1.27251062e+08 6.22e+02 8.8e+00 8.5e-02 0.604 0.672 0.00
  55 -1.176164044e+08 +1.27247213e+08 6.38e+02 7.9e+00 7.7e-02 0.604 0.672 0.00
  56 -1.176147711e+08 +1.27243946e+08 6.46e+02 7.1e+00 6.8e-02 0.604 0.672 0.00
  57 -1.176133761e+08 +1.27241156e+08 6.48e+02 6.4e+00 6.2e-02 0.604 0.672 0.00
  58 -1.176121770e+08 +1.27238758e+08 6.44e+02 5.9e+00 5.8e-02 0.604 0.672 0.00
  59 -1.176111390e+08 +1.27236682e+08 6.30e+02 5.3e+00 5.5e-02 0.604 0.672 0.00
  60 -1.176102328e+08 +1.27234869e+08 6.15e+02 4.9e+00 5.3e-02 0.604 0.673 0.00
  61 -1.176094374e+08 +1.27233279e+08 6.04e+02 4.4e+00 5.0e-02 0.604 0.673 0.00
  62 -1.176087356e+08 +1.27231875e+08 5.86e+02 4.0e+00 4.8e-02 0.604 0.673 0.00
  63 -1.176081129e+08 +1.27230630e+08 5.67e+02 3.7e+00 4.5e-02 0.604 0.673 0.00
  64 -1.176075504e+08 +1.27229505e+08 5.38e+02 3.4e+00 4.3e-02 0.604 0.673 0.00
  65 -1.176070329e+08 +1.27228470e+08 5.11e+02 3.1e+00 4.2e-02 0.604 0.673 0.00
  66 -1.176065537e+08 +1.27227511e+08 4.86e+02 2.8e+00 4.0e-02 0.604 0.673 0.00
  67 -1.176061083e+08 +1.27226620e+08 4.64e+02 2.6e+00 3.9e-02 0.604 0.673 0.00
  68 -1.176056937e+08 +1.27225791e+08 4.40e+02 2.4e+00 3.8e-02 0.604 0.673 0.00
  69 -1.176053093e+08 +1.27225022e+08 4.17e+02 2.3e+00 3.6e-02 0.604 0.673 0.00
  70 -1.176049540e+08 +1.27224312e+08 3.94e+02 2.1e+00 3.5e-02 0.604 0.673 0.00
  71 -1.176046266e+08 +1.27223657e+08 3.73e+02 2.0e+00 3.3e-02 0.604 0.673 0.00
  72 -1.176043238e+08 +1.27223051e+08 3.54e+02 1.8e+00 3.2e-02 0.604 0.673 0.00
  73 -1.176040426e+08 +1.27222489e+08 3.38e+02 1.7e+00 3.0e-02 0.604 0.673 0.00
  74 -1.176037806e+08 +1.27221965e+08 3.24e+02 1.6e+00 2.9e-02 0.604 0.672 0.00
  75 -1.176035362e+08 +1.27221476e+08 3.11e+02 1.5e+00 2.8e-02 0.604 0.672 0.00
  76 -1.176033093e+08 +1.27221022e+08 3.00e+02 1.4e+00 2.7e-02 0.604 0.672 0.00
  77 -1.176030994e+08 +1.27220603e+08 2.90e+02 1.4e+00 2.5e-02 0.604 0.672 0.00
  78 -1.176029056e+08 +1.27220215e+08 2.79e+02 1.3e+00 2.4e-02 0.604 0.672 0.00
  79 -1.176027266e+08 +1.27219857e+08 2.69e+02 1.2e+00 2.3e-02 0.605 0.672 0.00
  80 -1.176025612e+08 +1.27219526e+08 2.60e+02 1.2e+00 2.2e-02 0.605 0.672 0.00
  81 -1.176024081e+08 +1.27219220e+08 2.51e+02 1.1e+00 2.1e-02 0.605 0.672 0.00
  82 -1.176022662e+08 +1.27218936e+08 2.42e+02 1.1e+00 2.0e-02 0.605 0.672 0.00
  83 -1.176021347e+08 +1.27218673e+08 2.34e+02 1.0e+00 1.9e-02 0.605 0.672 0.00
  84 -1.176020128e+08 +1.27218429e+08 2.28e+02 9.9e-01 1.8e-02 0.605 0.672 0.00
  85 -1.176018996e+08 +1.27218203e+08 2.22e+02 9.6e-01 1.7e-02 0.605 0.671 0.00
  86 -1.176017947e+08 +1.27217993e+08 2.16e+02 9.2e-01 1.7e-02 0.605 0.671 0.00
  87 -1.176016973e+08 +1.27217798e+08 2.10e+02 8.9e-01 1.6e-02 0.605 0.671 0.00
  88 -1.176016069e+08 +1.27217618e+08 2.06e+02 8.6e-01 1.5e-02 0.605 0.671 0.00
  89 -1.176015228e+08 +1.27217449e+08 2.01e+02 8.4e-01 1.4e-02 0.605 0.671 0.00
  90 -1.176014444e+08 +1.27217293e+08 1.97e+02 8.2e-01 1.4e-02 0.605 0.671 0.00
  91 -1.176013714e+08 +1.27217147e+08 1.93e+02 7.9e-01 1.3e-02 0.605 0.671 0.00
  92 -1.176013034e+08 +1.27217010e+08 1.88e+02 7.7e-01 1.2e-02 0.605 0.671 0.00
  93 -1.176012398e+08 +1.27216883e+08 1.84e+02 7.5e-01 1.2e-02 0.605 0.671 0.00
  94 -1.176011805e+08 +1.27216765e+08 1.80e+02 7.3e-01 1.1e-02 0.605 0.671 0.00
  95 -1.176011252e+08 +1.27216654e+08 6.11e+01 7.6e-01 1.1e-02 0.605 0.671 0.00
  96 -1.176010752e+08 +1.27216554e+08 5.02e+01 1.1e+00 1.0e-02 0.605 0.671 0.00
  97 -1.176010292e+08 +1.27216462e+08 2.71e+01 1.1e+00 9.8e-03 0.605 0.671 0.00
  98 -1.176009865e+08 +1.27216377e+08 2.07e+01 1.0e+00 9.4e-03 0.605 0.671 0.00
  99 -1.176009467e+08 +1.27216297e+08 2.05e+01 1.0e+00 9.1e-03 0.605 0.671 0.00
 100 -1.176009096e+08 +1.27216223e+08 2.03e+01 9.8e-01 8.8e-03 0.605 0.671 0.00
> saveRDS(fit, file=paste0("../data/gom-data/topics",clustnum,".chimp.log.indv-cell.int19k.reg-",data.source,".rds"))
> 
> proc.time()
     user    system   elapsed 
36900.228  1480.813 14439.174 
