
R version 3.6.1 (2019-07-05) -- "Action of the Toes"
Copyright (C) 2019 The R Foundation for Statistical Computing
Platform: x86_64-pc-linux-gnu (64-bit)

R is free software and comes with ABSOLUTELY NO WARRANTY.
You are welcome to redistribute it under certain conditions.
Type 'license()' or 'licence()' for distribution details.

R is a collaborative project with many contributors.
Type 'contributors()' for more information and
'citation()' on how to cite R or R packages in publications.

Type 'demo()' for some demos, 'help()' for on-line help, or
'help.start()' for an HTML browser interface to help.
Type 'q()' to quit R.

> #Read in command line arguments as list of character vectors
> args=(commandArgs(TRUE))
> 
> #Check if arguments are passed and cycle through to evaluate each element
> if(length(args)==0){
+   print("No arguments supplied.")
+   #supply default values
+   clustnum=3
+   data.source="tot"
+ }else{
+   for(i in 1:length(args)){
+     eval(parse(text=args[[i]]))
+   }
+ }
> print(paste0("k: ",clustnum))
[1] "k: 6"
> print(paste0("data source: ",data.source))
[1] "data source: tot"
> 
> #Load libraries
> library(Seurat)
> library(CountClust)
Loading required package: ggplot2
> library(classtpx)
Loading required package: slam
> library(fastTopics)
> 
> 
> #Run analyses for human data
> print("Loading human data")
[1] "Loading human data"
> 
> #Load data
> scrna <- paste0("../data/cellranger-data-full/data.filterC.log.indv-cell.intNo0.reg-",data.source,".rds")
> data <- readRDS(scrna)
> data <- subset(data, subset=Species=="Human")
> 
> #Prepare data (unintegrated count data)
> counts <- as.matrix(data@assays$RNA@counts) #do not use integrated data
> counts <- counts[rowSums(counts>0)>0,]      #remove genes with 0 counts across cells
> counts <- t(as.matrix(counts))              #fix matrix orientation (barcodes x features)
> rm(data)
> 
> #Fit fastTopics model and save data
> fit <- fit_poisson_nmf(counts, k=clustnum, numiter=100)
Using 4 RcppParallel threads.
Initializing factors using Topic SCORE algorithm.
Initializing loadings by running 10 SCD updates.
Using 4 RcppParallel threads.
Fitting rank-6 Poisson NMF to 47410 x 18150 dense matrix.
Running 100 SCD updates, without extrapolation (fastTopics 0.3-185).
iter   log-likelihood        deviance res(KKT)  |F-F'|  |L-L'| nz(F) nz(L) beta
   1 -5.360944987e+08 +5.80887138e+08 3.45e+04 1.4e+02 7.8e-01 0.778 0.651 0.00
   2 -5.311170498e+08 +5.70932240e+08 1.57e+04 3.7e+01 2.3e+00 0.781 0.805 0.00
   3 -5.295206415e+08 +5.67739423e+08 7.60e+03 2.4e+01 1.5e+00 0.781 0.750 0.00
   4 -5.286133097e+08 +5.65924760e+08 5.43e+03 2.2e+01 6.2e-01 0.781 0.752 0.00
   5 -5.280153345e+08 +5.64728809e+08 3.87e+03 1.8e+01 5.6e-01 0.782 0.752 0.00
   6 -5.276580101e+08 +5.64014160e+08 2.51e+03 1.1e+01 4.4e-01 0.783 0.750 0.00
   7 -5.274425470e+08 +5.63583234e+08 3.21e+03 1.0e+01 3.2e-01 0.784 0.750 0.00
   8 -5.272970017e+08 +5.63292144e+08 3.39e+03 8.8e+00 2.7e-01 0.785 0.749 0.00
   9 -5.271850011e+08 +5.63068142e+08 2.91e+03 9.1e+00 3.0e-01 0.785 0.749 0.00
  10 -5.270882635e+08 +5.62874667e+08 2.06e+03 9.1e+00 3.2e-01 0.784 0.748 0.00
  11 -5.269946143e+08 +5.62687369e+08 8.55e+02 9.6e+00 3.3e-01 0.784 0.747 0.00
  12 -5.268971020e+08 +5.62492344e+08 6.50e+02 9.9e+00 3.5e-01 0.783 0.746 0.00
  13 -5.267917232e+08 +5.62281587e+08 8.69e+02 9.8e+00 3.8e-01 0.782 0.744 0.00
  14 -5.266731076e+08 +5.62044355e+08 7.85e+02 9.9e+00 3.8e-01 0.780 0.742 0.00
  15 -5.265431726e+08 +5.61784485e+08 9.70e+02 1.0e+01 3.6e-01 0.778 0.741 0.00
  16 -5.264072110e+08 +5.61512562e+08 1.19e+03 1.0e+01 3.3e-01 0.775 0.740 0.00
  17 -5.262739274e+08 +5.61245995e+08 1.34e+03 1.0e+01 3.3e-01 0.773 0.740 0.00
  18 -5.261533934e+08 +5.61004927e+08 1.36e+03 9.4e+00 3.0e-01 0.771 0.739 0.00
  19 -5.260509451e+08 +5.60800030e+08 1.23e+03 8.3e+00 2.6e-01 0.770 0.739 0.00
  20 -5.259659060e+08 +5.60629952e+08 1.06e+03 7.0e+00 2.2e-01 0.768 0.739 0.00
  21 -5.258959479e+08 +5.60490036e+08 9.04e+02 5.8e+00 1.8e-01 0.767 0.740 0.00
  22 -5.258383233e+08 +5.60374787e+08 7.80e+02 4.8e+00 1.4e-01 0.766 0.740 0.00
  23 -5.257902929e+08 +5.60278726e+08 6.88e+02 4.0e+00 1.1e-01 0.766 0.741 0.00
  24 -5.257495548e+08 +5.60197250e+08 6.23e+02 3.4e+00 8.8e-02 0.766 0.742 0.00
  25 -5.257144291e+08 +5.60126998e+08 5.72e+02 2.9e+00 8.2e-02 0.765 0.743 0.00
  26 -5.256838669e+08 +5.60065874e+08 5.31e+02 2.6e+00 7.8e-02 0.765 0.744 0.00
  27 -5.256572469e+08 +5.60012634e+08 4.93e+02 2.5e+00 7.3e-02 0.765 0.745 0.00
  28 -5.256340627e+08 +5.59966266e+08 4.54e+02 2.3e+00 6.8e-02 0.765 0.746 0.00
  29 -5.256137862e+08 +5.59925713e+08 4.10e+02 2.1e+00 6.3e-02 0.765 0.747 0.00
  30 -5.255959729e+08 +5.59890086e+08 4.15e+02 1.9e+00 5.8e-02 0.765 0.748 0.00
  31 -5.255801854e+08 +5.59858511e+08 4.30e+02 1.8e+00 5.4e-02 0.765 0.749 0.00
  32 -5.255660567e+08 +5.59830254e+08 4.45e+02 1.6e+00 5.0e-02 0.765 0.750 0.00
  33 -5.255533354e+08 +5.59804811e+08 4.58e+02 1.5e+00 4.6e-02 0.765 0.751 0.00
  34 -5.255418489e+08 +5.59781838e+08 4.69e+02 1.4e+00 4.3e-02 0.765 0.751 0.00
  35 -5.255314474e+08 +5.59761035e+08 4.77e+02 1.3e+00 4.0e-02 0.765 0.752 0.00
  36 -5.255219947e+08 +5.59742130e+08 4.84e+02 1.2e+00 3.9e-02 0.765 0.753 0.00
  37 -5.255133714e+08 +5.59724883e+08 4.91e+02 1.1e+00 3.7e-02 0.765 0.753 0.00
  38 -5.255054871e+08 +5.59709114e+08 4.95e+02 1.0e+00 3.6e-02 0.765 0.754 0.00
  39 -5.254982596e+08 +5.59694659e+08 4.98e+02 9.4e-01 3.5e-02 0.765 0.754 0.00
  40 -5.254916019e+08 +5.59681344e+08 5.00e+02 8.6e-01 3.3e-02 0.765 0.755 0.00
  41 -5.254854409e+08 +5.59669022e+08 3.81e+02 7.9e-01 3.2e-02 0.765 0.755 0.00
  42 -5.254797034e+08 +5.59657547e+08 3.87e+02 7.3e-01 3.1e-02 0.765 0.756 0.00
  43 -5.254743707e+08 +5.59646882e+08 3.92e+02 7.7e-01 3.0e-02 0.765 0.756 0.00
  44 -5.254694882e+08 +5.59637117e+08 3.93e+02 8.7e-01 2.8e-02 0.765 0.756 0.00
  45 -5.254650015e+08 +5.59628143e+08 3.91e+02 8.4e-01 2.7e-02 0.766 0.757 0.00
  46 -5.254608858e+08 +5.59619912e+08 3.90e+02 8.0e-01 2.5e-02 0.766 0.757 0.00
  47 -5.254571524e+08 +5.59612445e+08 3.81e+02 7.6e-01 2.3e-02 0.766 0.757 0.00
  48 -5.254537484e+08 +5.59605637e+08 3.74e+02 7.2e-01 2.2e-02 0.766 0.757 0.00
  49 -5.254506301e+08 +5.59599400e+08 3.66e+02 6.9e-01 2.1e-02 0.766 0.758 0.00
  50 -5.254477600e+08 +5.59593660e+08 3.58e+02 6.6e-01 2.0e-02 0.766 0.758 0.00
  51 -5.254451042e+08 +5.59588349e+08 3.51e+02 6.3e-01 1.8e-02 0.766 0.758 0.00
  52 -5.254426323e+08 +5.59583405e+08 3.44e+02 6.0e-01 1.8e-02 0.766 0.758 0.00
  53 -5.254403124e+08 +5.59578765e+08 3.37e+02 5.7e-01 1.7e-02 0.766 0.758 0.00
  54 -5.254381126e+08 +5.59574365e+08 3.31e+02 5.4e-01 1.6e-02 0.766 0.758 0.00
  55 -5.254359962e+08 +5.59570133e+08 3.25e+02 5.2e-01 1.5e-02 0.766 0.758 0.00
  56 -5.254339159e+08 +5.59565972e+08 3.20e+02 5.0e-01 1.4e-02 0.766 0.758 0.00
  57 -5.254318072e+08 +5.59561755e+08 4.90e+02 5.3e-01 1.6e-02 0.766 0.758 0.00
  58 -5.254295880e+08 +5.59557316e+08 8.03e+02 6.7e-01 2.1e-02 0.766 0.758 0.00
  59 -5.254271643e+08 +5.59552469e+08 1.25e+03 8.2e-01 2.7e-02 0.767 0.758 0.00
  60 -5.254244174e+08 +5.59546975e+08 1.86e+03 9.8e-01 3.3e-02 0.767 0.758 0.00
  61 -5.254212270e+08 +5.59540594e+08 2.58e+03 1.1e+00 4.2e-02 0.767 0.758 0.00
  62 -5.254175460e+08 +5.59533232e+08 3.16e+03 1.2e+00 5.2e-02 0.767 0.758 0.00
  63 -5.254135139e+08 +5.59525168e+08 3.04e+03 1.2e+00 6.6e-02 0.768 0.758 0.00
  64 -5.254095283e+08 +5.59517197e+08 1.44e+03 9.0e-01 7.4e-02 0.768 0.758 0.00
  65 -5.254060404e+08 +5.59510221e+08 2.92e+02 7.9e-01 6.3e-02 0.768 0.759 0.00
  66 -5.254031096e+08 +5.59504359e+08 2.71e+02 8.1e-01 3.3e-02 0.768 0.759 0.00
  67 -5.254004467e+08 +5.59499034e+08 2.51e+02 8.3e-01 2.2e-02 0.768 0.758 0.00
  68 -5.253979390e+08 +5.59494018e+08 2.34e+02 8.4e-01 2.0e-02 0.768 0.758 0.00
  69 -5.253955520e+08 +5.59489244e+08 2.20e+02 8.5e-01 1.9e-02 0.769 0.759 0.00
  70 -5.253932696e+08 +5.59484679e+08 2.08e+02 8.6e-01 1.8e-02 0.769 0.758 0.00
  71 -5.253910851e+08 +5.59480310e+08 1.97e+02 8.7e-01 1.7e-02 0.769 0.758 0.00
  72 -5.253889993e+08 +5.59476139e+08 1.86e+02 8.7e-01 1.6e-02 0.769 0.759 0.00
  73 -5.253870141e+08 +5.59472168e+08 1.74e+02 8.6e-01 1.5e-02 0.769 0.758 0.00
  74 -5.253851293e+08 +5.59468399e+08 1.73e+02 8.6e-01 1.5e-02 0.769 0.758 0.00
  75 -5.253833477e+08 +5.59464836e+08 1.71e+02 8.5e-01 1.5e-02 0.769 0.758 0.00
  76 -5.253816689e+08 +5.59461478e+08 1.66e+02 8.4e-01 1.5e-02 0.769 0.758 0.00
  77 -5.253800852e+08 +5.59458311e+08 1.61e+02 8.3e-01 1.5e-02 0.769 0.758 0.00
  78 -5.253785908e+08 +5.59455322e+08 1.57e+02 8.2e-01 1.4e-02 0.769 0.758 0.00
  79 -5.253771907e+08 +5.59452522e+08 1.52e+02 8.1e-01 1.4e-02 0.769 0.758 0.00
  80 -5.253758882e+08 +5.59449917e+08 1.44e+02 7.9e-01 1.4e-02 0.769 0.758 0.00
  81 -5.253746769e+08 +5.59447494e+08 1.35e+02 7.7e-01 1.3e-02 0.769 0.759 0.00
  82 -5.253735465e+08 +5.59445233e+08 1.29e+02 7.5e-01 1.3e-02 0.769 0.759 0.00
  83 -5.253724885e+08 +5.59443117e+08 1.23e+02 7.4e-01 1.3e-02 0.769 0.759 0.00
  84 -5.253714962e+08 +5.59441133e+08 1.19e+02 7.2e-01 1.2e-02 0.769 0.759 0.00
  85 -5.253705624e+08 +5.59439265e+08 1.16e+02 7.0e-01 1.2e-02 0.769 0.759 0.00
  86 -5.253696820e+08 +5.59437504e+08 1.13e+02 6.9e-01 1.2e-02 0.769 0.759 0.00
  87 -5.253688519e+08 +5.59435844e+08 1.09e+02 6.7e-01 1.2e-02 0.769 0.759 0.00
  88 -5.253680670e+08 +5.59434274e+08 1.05e+02 6.5e-01 1.2e-02 0.769 0.759 0.00
  89 -5.253673228e+08 +5.59432786e+08 1.01e+02 6.4e-01 1.2e-02 0.769 0.759 0.00
  90 -5.253666179e+08 +5.59431376e+08 9.85e+01 6.2e-01 1.1e-02 0.769 0.759 0.00
  91 -5.253659494e+08 +5.59430039e+08 1.03e+02 6.1e-01 1.1e-02 0.769 0.759 0.00
  92 -5.253653136e+08 +5.59428767e+08 1.07e+02 5.9e-01 1.1e-02 0.769 0.759 0.00
  93 -5.253647070e+08 +5.59427554e+08 1.11e+02 5.7e-01 1.1e-02 0.769 0.759 0.00
  94 -5.253641259e+08 +5.59426392e+08 1.14e+02 5.6e-01 1.1e-02 0.769 0.759 0.00
  95 -5.253635674e+08 +5.59425275e+08 1.17e+02 5.5e-01 1.1e-02 0.769 0.759 0.00
  96 -5.253630288e+08 +5.59424198e+08 1.20e+02 5.4e-01 1.1e-02 0.769 0.759 0.00
  97 -5.253625078e+08 +5.59423156e+08 1.22e+02 5.2e-01 1.1e-02 0.769 0.759 0.00
  98 -5.253620025e+08 +5.59422145e+08 1.24e+02 5.1e-01 1.1e-02 0.769 0.759 0.00
  99 -5.253615118e+08 +5.59421164e+08 1.26e+02 5.0e-01 1.1e-02 0.769 0.759 0.00
 100 -5.253610342e+08 +5.59420209e+08 1.27e+02 4.9e-01 1.1e-02 0.769 0.759 0.00
> saveRDS(fit, file=paste0("../data/gom-data/topics",clustnum,".human.data.filterC.log.indv-cell.intNo0.reg-",data.source,".rds"))
> 
> 
> #Run analyses for chimp data
> print("Loading chimp data")
[1] "Loading chimp data"
> 
> #Load data
> scrna <- paste0("../data/cellranger-data-full/data.filterC.log.indv-cell.intNo0.reg-",data.source,".rds")
> data <- readRDS(scrna)
> data <- subset(data, subset=Species=="Chimp")
> 
> #Prepare data (unintegrated count data)
> counts <- as.matrix(data@assays$RNA@counts) #do not use integrated data
> counts <- counts[rowSums(counts>0)>0,]      #remove genes with 0 counts across cells
> counts <- t(as.matrix(counts))              #fix matrix orientation (barcodes x features)
> rm(data)
> 
> #Fit fastTopics model and save data
> fit <- fit_poisson_nmf(counts, k=clustnum, numiter=100)
Using 4 RcppParallel threads.
Initializing factors using Topic SCORE algorithm.
Initializing loadings by running 10 SCD updates.
Using 4 RcppParallel threads.
Fitting rank-6 Poisson NMF to 53590 x 18128 dense matrix.
Running 100 SCD updates, without extrapolation (fastTopics 0.3-185).
iter   log-likelihood        deviance res(KKT)  |F-F'|  |L-L'| nz(F) nz(L) beta
   1 -5.865043136e+08 +6.38018009e+08 7.63e+03 6.9e+01 9.8e-01 0.827 0.636 0.00
   2 -5.821539089e+08 +6.29317199e+08 9.50e+03 3.0e+01 2.5e+00 0.827 0.760 0.00
   3 -5.808685007e+08 +6.26746383e+08 3.75e+03 3.5e+01 1.8e+00 0.818 0.671 0.00
   4 -5.801760591e+08 +6.25361499e+08 1.75e+03 3.1e+01 1.5e+00 0.816 0.673 0.00
   5 -5.795514651e+08 +6.24112311e+08 8.71e+02 3.0e+01 1.2e+00 0.814 0.684 0.00
   6 -5.789261891e+08 +6.22861760e+08 7.60e+02 2.4e+01 8.3e-01 0.813 0.688 0.00
   7 -5.783538043e+08 +6.21716990e+08 6.42e+02 1.6e+01 9.0e-01 0.814 0.695 0.00
   8 -5.779208794e+08 +6.20851140e+08 4.74e+02 1.2e+01 8.7e-01 0.814 0.700 0.00
   9 -5.776387025e+08 +6.20286786e+08 4.40e+02 1.1e+01 6.8e-01 0.815 0.697 0.00
  10 -5.774616647e+08 +6.19932711e+08 4.93e+02 1.0e+01 5.1e-01 0.815 0.687 0.00
  11 -5.773499758e+08 +6.19709333e+08 6.71e+02 9.5e+00 3.3e-01 0.815 0.675 0.00
  12 -5.772765757e+08 +6.19562533e+08 7.55e+02 8.3e+00 2.1e-01 0.815 0.666 0.00
  13 -5.772247070e+08 +6.19458795e+08 7.41e+02 7.0e+00 1.4e-01 0.815 0.662 0.00
  14 -5.771847112e+08 +6.19378804e+08 6.61e+02 5.8e+00 1.2e-01 0.816 0.660 0.00
  15 -5.771515525e+08 +6.19312486e+08 5.56e+02 4.7e+00 1.0e-01 0.816 0.659 0.00
  16 -5.771224801e+08 +6.19254341e+08 4.57e+02 3.9e+00 1.0e-01 0.816 0.659 0.00
  17 -5.770964205e+08 +6.19202222e+08 3.67e+02 3.3e+00 1.0e-01 0.816 0.659 0.00
  18 -5.770728956e+08 +6.19155172e+08 2.86e+02 2.7e+00 1.0e-01 0.817 0.659 0.00
  19 -5.770516678e+08 +6.19112717e+08 2.17e+02 2.2e+00 1.1e-01 0.817 0.660 0.00
  20 -5.770323235e+08 +6.19074028e+08 2.04e+02 1.8e+00 1.1e-01 0.817 0.660 0.00
  21 -5.770146151e+08 +6.19038612e+08 1.91e+02 1.8e+00 1.0e-01 0.818 0.660 0.00
  22 -5.769984669e+08 +6.19006315e+08 1.81e+02 1.7e+00 1.0e-01 0.818 0.660 0.00
  23 -5.769839241e+08 +6.18977229e+08 1.71e+02 1.7e+00 9.7e-02 0.819 0.660 0.00
  24 -5.769710781e+08 +6.18951537e+08 1.59e+02 1.7e+00 9.0e-02 0.819 0.659 0.00
  25 -5.769599538e+08 +6.18929289e+08 1.47e+02 1.7e+00 8.5e-02 0.819 0.659 0.00
  26 -5.769504829e+08 +6.18910347e+08 1.34e+02 1.6e+00 7.9e-02 0.820 0.658 0.00
  27 -5.769425570e+08 +6.18894495e+08 1.20e+02 1.5e+00 7.3e-02 0.820 0.658 0.00
  28 -5.769360227e+08 +6.18881427e+08 1.07e+02 1.4e+00 6.7e-02 0.820 0.657 0.00
  29 -5.769307075e+08 +6.18870796e+08 9.50e+01 1.3e+00 6.0e-02 0.820 0.657 0.00
  30 -5.769264249e+08 +6.18862231e+08 8.36e+01 1.2e+00 5.4e-02 0.821 0.656 0.00
  31 -5.769230082e+08 +6.18855398e+08 7.36e+01 1.1e+00 4.8e-02 0.821 0.656 0.00
  32 -5.769203087e+08 +6.18849999e+08 6.43e+01 1.0e+00 4.2e-02 0.821 0.655 0.00
  33 -5.769181887e+08 +6.18845759e+08 5.60e+01 9.3e-01 3.7e-02 0.821 0.655 0.00
  34 -5.769165306e+08 +6.18842442e+08 4.88e+01 8.4e-01 3.3e-02 0.821 0.655 0.00
  35 -5.769152380e+08 +6.18839857e+08 4.27e+01 7.6e-01 2.9e-02 0.821 0.654 0.00
  36 -5.769142318e+08 +6.18837845e+08 3.73e+01 6.8e-01 2.5e-02 0.821 0.654 0.00
  37 -5.769134486e+08 +6.18836278e+08 3.25e+01 6.1e-01 2.2e-02 0.821 0.654 0.00
  38 -5.769128389e+08 +6.18835059e+08 2.84e+01 5.4e-01 1.9e-02 0.821 0.654 0.00
  39 -5.769123641e+08 +6.18834109e+08 2.48e+01 4.8e-01 1.7e-02 0.821 0.654 0.00
  40 -5.769119937e+08 +6.18833369e+08 2.17e+01 4.3e-01 1.5e-02 0.821 0.654 0.00
  41 -5.769117043e+08 +6.18832790e+08 1.90e+01 3.8e-01 1.3e-02 0.821 0.653 0.00
  42 -5.769114775e+08 +6.18832336e+08 1.67e+01 3.4e-01 1.2e-02 0.821 0.653 0.00
  43 -5.769112994e+08 +6.18831980e+08 1.46e+01 3.0e-01 1.0e-02 0.821 0.653 0.00
  44 -5.769111593e+08 +6.18831700e+08 1.29e+01 2.7e-01 9.4e-03 0.821 0.653 0.00
  45 -5.769110487e+08 +6.18831479e+08 1.13e+01 2.4e-01 8.5e-03 0.821 0.653 0.00
  46 -5.769109611e+08 +6.18831304e+08 9.92e+00 2.1e-01 7.7e-03 0.821 0.653 0.00
  47 -5.769108918e+08 +6.18831165e+08 8.73e+00 1.8e-01 7.0e-03 0.821 0.653 0.00
  48 -5.769108374e+08 +6.18831056e+08 7.69e+00 1.6e-01 6.3e-03 0.821 0.653 0.00
  49 -5.769107946e+08 +6.18830970e+08 6.78e+00 1.4e-01 5.8e-03 0.821 0.653 0.00
  50 -5.769107609e+08 +6.18830903e+08 5.98e+00 1.3e-01 5.2e-03 0.821 0.653 0.00
  51 -5.769107343e+08 +6.18830850e+08 5.43e+00 1.1e-01 4.7e-03 0.821 0.653 0.00
  52 -5.769107133e+08 +6.18830808e+08 4.92e+00 1.0e-01 4.3e-03 0.821 0.653 0.00
  53 -5.769106967e+08 +6.18830775e+08 4.46e+00 8.8e-02 3.8e-03 0.821 0.653 0.00
  54 -5.769106835e+08 +6.18830748e+08 4.03e+00 7.8e-02 3.5e-03 0.821 0.653 0.00
  55 -5.769106731e+08 +6.18830727e+08 3.65e+00 6.9e-02 3.2e-03 0.821 0.653 0.00
  56 -5.769106648e+08 +6.18830711e+08 3.30e+00 6.1e-02 2.9e-03 0.821 0.653 0.00
  57 -5.769106583e+08 +6.18830698e+08 2.91e+00 5.4e-02 2.6e-03 0.821 0.653 0.00
  58 -5.769106534e+08 +6.18830688e+08 2.57e+00 4.8e-02 2.3e-03 0.821 0.653 0.00
  59 -5.769106495e+08 +6.18830680e+08 2.25e+00 4.2e-02 2.0e-03 0.821 0.653 0.00
  60 -5.769106466e+08 +6.18830674e+08 1.97e+00 3.7e-02 1.8e-03 0.821 0.653 0.00
  61 -5.769106442e+08 +6.18830670e+08 1.72e+00 3.3e-02 1.6e-03 0.821 0.653 0.00
  62 -5.769106425e+08 +6.18830666e+08 1.50e+00 2.9e-02 1.4e-03 0.821 0.653 0.00
  63 -5.769106411e+08 +6.18830663e+08 1.31e+00 2.6e-02 1.3e-03 0.821 0.653 0.00
  64 -5.769106400e+08 +6.18830661e+08 1.15e+00 2.3e-02 1.1e-03 0.821 0.653 0.00
  65 -5.769106391e+08 +6.18830660e+08 1.00e+00 2.0e-02 9.9e-04 0.821 0.653 0.00
  66 -5.769106385e+08 +6.18830658e+08 8.75e-01 1.8e-02 8.8e-04 0.821 0.653 0.00
  67 -5.769106380e+08 +6.18830657e+08 7.64e-01 1.6e-02 7.9e-04 0.821 0.653 0.00
  68 -5.769106376e+08 +6.18830656e+08 6.67e-01 1.4e-02 7.0e-04 0.821 0.653 0.00
  69 -5.769106373e+08 +6.18830656e+08 5.85e-01 1.3e-02 6.2e-04 0.821 0.653 0.00
  70 -5.769106370e+08 +6.18830655e+08 5.18e-01 1.1e-02 5.5e-04 0.821 0.653 0.00
  71 -5.769106368e+08 +6.18830655e+08 4.59e-01 9.9e-03 4.9e-04 0.821 0.653 0.00
  72 -5.769106367e+08 +6.18830655e+08 4.06e-01 8.8e-03 4.3e-04 0.821 0.653 0.00
  73 -5.769106366e+08 +6.18830654e+08 3.60e-01 7.8e-03 3.8e-04 0.821 0.653 0.00
  74 -5.769106365e+08 +6.18830654e+08 3.18e-01 6.9e-03 3.4e-04 0.821 0.653 0.00
  75 -5.769106364e+08 +6.18830654e+08 2.82e-01 6.1e-03 3.0e-04 0.821 0.653 0.00
  76 -5.769106364e+08 +6.18830654e+08 2.49e-01 5.4e-03 2.7e-04 0.821 0.653 0.00
  77 -5.769106363e+08 +6.18830654e+08 2.21e-01 4.8e-03 2.4e-04 0.821 0.653 0.00
  78 -5.769106363e+08 +6.18830654e+08 1.95e-01 4.2e-03 2.1e-04 0.821 0.653 0.00
  79 -5.769106363e+08 +6.18830654e+08 1.73e-01 3.7e-03 1.9e-04 0.821 0.653 0.00
  80 -5.769106362e+08 +6.18830654e+08 1.53e-01 3.3e-03 1.6e-04 0.821 0.653 0.00
  81 -5.769106362e+08 +6.18830654e+08 1.35e-01 2.9e-03 1.5e-04 0.821 0.653 0.00
  82 -5.769106362e+08 +6.18830654e+08 1.20e-01 2.6e-03 1.3e-04 0.821 0.653 0.00
  83 -5.769106362e+08 +6.18830654e+08 1.06e-01 2.3e-03 1.1e-04 0.821 0.653 0.00
  84 -5.769106362e+08 +6.18830654e+08 9.38e-02 2.0e-03 1.0e-04 0.821 0.653 0.00
  85 -5.769106362e+08 +6.18830654e+08 8.30e-02 1.8e-03 9.0e-05 0.821 0.653 0.00
  86 -5.769106362e+08 +6.18830654e+08 7.34e-02 1.6e-03 7.9e-05 0.821 0.653 0.00
  87 -5.769106362e+08 +6.18830654e+08 6.50e-02 1.4e-03 7.0e-05 0.821 0.653 0.00
  88 -5.769106362e+08 +6.18830654e+08 5.75e-02 1.2e-03 6.2e-05 0.821 0.653 0.00
  89 -5.769106362e+08 +6.18830654e+08 5.08e-02 1.1e-03 5.5e-05 0.821 0.653 0.00
  90 -5.769106362e+08 +6.18830654e+08 4.49e-02 9.7e-04 4.9e-05 0.821 0.653 0.00
  91 -5.769106362e+08 +6.18830654e+08 3.97e-02 8.6e-04 4.3e-05 0.821 0.653 0.00
  92 -5.769106362e+08 +6.18830654e+08 3.51e-02 7.6e-04 3.8e-05 0.821 0.653 0.00
  93 -5.769106362e+08 +6.18830654e+08 3.11e-02 6.7e-04 3.4e-05 0.821 0.653 0.00
  94 -5.769106362e+08 +6.18830654e+08 2.75e-02 5.9e-04 3.0e-05 0.821 0.653 0.00
  95 -5.769106362e+08 +6.18830654e+08 2.43e-02 5.3e-04 2.6e-05 0.821 0.653 0.00
  96 -5.769106362e+08 +6.18830654e+08 2.15e-02 4.6e-04 2.3e-05 0.821 0.653 0.00
  97 -5.769106362e+08 +6.18830654e+08 1.90e-02 4.1e-04 2.1e-05 0.821 0.653 0.00
  98 -5.769106362e+08 +6.18830654e+08 1.68e-02 3.6e-04 1.8e-05 0.821 0.653 0.00
  99 -5.769106362e+08 +6.18830654e+08 1.48e-02 3.2e-04 1.6e-05 0.821 0.653 0.00
 100 -5.769106362e+08 +6.18830654e+08 1.31e-02 2.8e-04 1.4e-05 0.821 0.653 0.00
> saveRDS(fit, file=paste0("../data/gom-data/topics",clustnum,".chimp.data.filterC.log.indv-cell.intNo0.reg-",data.source,".rds"))
> 
> proc.time()
     user    system   elapsed 
72654.577  6757.321 39703.466 
