
R version 3.6.1 (2019-07-05) -- "Action of the Toes"
Copyright (C) 2019 The R Foundation for Statistical Computing
Platform: x86_64-pc-linux-gnu (64-bit)

R is free software and comes with ABSOLUTELY NO WARRANTY.
You are welcome to redistribute it under certain conditions.
Type 'license()' or 'licence()' for distribution details.

  Natural language support but running in an English locale

R is a collaborative project with many contributors.
Type 'contributors()' for more information and
'citation()' on how to cite R or R packages in publications.

Type 'demo()' for some demos, 'help()' for on-line help, or
'help.start()' for an HTML browser interface to help.
Type 'q()' to quit R.

> #Read in command line arguments as list of character vectors
> args=(commandArgs(TRUE))
> 
> #Check if arguments are passed and cycle through to evaluate each element
> if(length(args)==0){
+   print("No arguments supplied.")
+   #supply default values
+   clustnum=3
+   data.source="tot"
+ }else{
+   for(i in 1:length(args)){
+     eval(parse(text=args[[i]]))
+   }
+ }
> print(paste0("k: ",clustnum))
[1] "k: 30"
> print(paste0("data source: ",data.source))
[1] "data source: tot"
> 
> #Load libraries
> library(Seurat)
> library(CountClust)
Loading required package: ggplot2
> library(classtpx)
Loading required package: slam
> library(fastTopics)
> 
> #Load data
> scrna <- paste0("../data/cellranger-data-full/data.filterC.log.indv-cell.intNo0.reg-",data.source,".rds")
> data <- readRDS(scrna)
> 
> #Prepare data (unintegrated count data)
> counts <- as.matrix(data@assays$RNA@counts) #do not use integrated data
> counts <- counts[rowSums(counts>0)>0,]      #remove genes with 0 counts across cells
> counts <- t(as.matrix(counts))              #fix matrix orientation (barcodes x features)
> 
> #Batch correct counts - don't correct for species
> labelBatch1 <- as.factor(paste0(data@meta.data$Pair,data@meta.data$Replicate)[which(rownames(data@meta.data) %in% rownames(counts))])
> countsBC1 <- BatchCorrectedCounts(counts, labelBatch1, use_parallel=FALSE)
> rm(data,counts)
> 
> #Fit fastTopics model and save data
> fit <- fit_poisson_nmf(countsBC1, k=clustnum, numiter=100)
Using 4 RcppParallel threads.
Initializing factors using Topic SCORE algorithm.
Initializing loadings by running 10 SCD updates.
Using 4 RcppParallel threads.
Fitting rank-30 Poisson NMF to 101000 x 18482 dense matrix.
Running 100 SCD updates, without extrapolation (fastTopics 0.3-185).
iter   log-likelihood        deviance res(KKT)  |F-F'|  |L-L'| nz(F) nz(L) beta
   1 -1.082467071e+09 +1.14077388e+09 2.90e+04 3.0e+02 3.0e+00 0.580 0.321 0.00
   2 -1.054329110e+09 +1.08449796e+09 2.48e+04 1.7e+02 5.9e+00 0.546 0.447 0.00
   3 -1.046005946e+09 +1.06785163e+09 1.70e+04 8.9e+01 2.8e+00 0.551 0.480 0.00
   4 -1.041769844e+09 +1.05937943e+09 1.56e+04 6.5e+01 1.7e+00 0.556 0.503 0.00
   5 -1.038903441e+09 +1.05364662e+09 9.47e+03 4.2e+01 1.7e+00 0.562 0.515 0.00
   6 -1.036778982e+09 +1.04939770e+09 6.78e+03 2.6e+01 1.1e+00 0.568 0.520 0.00
   7 -1.035136112e+09 +1.04611196e+09 7.08e+03 2.4e+01 1.2e+00 0.573 0.522 0.00
   8 -1.033899123e+09 +1.04363799e+09 6.63e+03 2.1e+01 1.2e+00 0.578 0.524 0.00
   9 -1.033013022e+09 +1.04186578e+09 6.88e+03 1.6e+01 1.3e+00 0.582 0.525 0.00
  10 -1.032371057e+09 +1.04058185e+09 6.36e+03 1.2e+01 1.2e+00 0.585 0.525 0.00
  11 -1.031887122e+09 +1.03961398e+09 5.23e+03 7.2e+00 1.1e+00 0.588 0.526 0.00
  12 -1.031510015e+09 +1.03885977e+09 3.32e+03 6.0e+00 8.9e-01 0.591 0.526 0.00
  13 -1.031199529e+09 +1.03823880e+09 2.82e+03 5.8e+00 7.5e-01 0.593 0.526 0.00
  14 -1.030928832e+09 +1.03769740e+09 2.23e+03 5.8e+00 7.6e-01 0.594 0.526 0.00
  15 -1.030680636e+09 +1.03720101e+09 1.94e+03 5.7e+00 7.2e-01 0.596 0.525 0.00
  16 -1.030449160e+09 +1.03673806e+09 1.76e+03 5.6e+00 1.6e+00 0.597 0.525 0.00
  17 -1.030250683e+09 +1.03634111e+09 1.58e+03 5.5e+00 2.9e+00 0.598 0.524 0.00
  18 -1.030092294e+09 +1.03602433e+09 1.52e+03 5.3e+00 6.3e-01 0.599 0.524 0.00
  19 -1.029961579e+09 +1.03576290e+09 1.29e+03 5.2e+00 4.1e-01 0.600 0.524 0.00
  20 -1.029850126e+09 +1.03553999e+09 1.20e+03 5.1e+00 4.4e-01 0.600 0.524 0.00
  21 -1.029751946e+09 +1.03534363e+09 1.28e+03 5.0e+00 4.7e-01 0.601 0.523 0.00
  22 -1.029663128e+09 +1.03516600e+09 1.39e+03 4.8e+00 5.0e-01 0.601 0.523 0.00
  23 -1.029580459e+09 +1.03500066e+09 1.50e+03 4.7e+00 5.3e-01 0.602 0.523 0.00
  24 -1.029501543e+09 +1.03484283e+09 1.64e+03 4.7e+00 5.4e-01 0.602 0.523 0.00
  25 -1.029425056e+09 +1.03468985e+09 1.86e+03 4.6e+00 5.5e-01 0.603 0.523 0.00
  26 -1.029351007e+09 +1.03454176e+09 1.81e+03 4.5e+00 5.4e-01 0.603 0.523 0.00
  27 -1.029280996e+09 +1.03440173e+09 1.79e+03 4.5e+00 5.3e-01 0.604 0.523 0.00
  28 -1.029217678e+09 +1.03427510e+09 1.79e+03 4.5e+00 5.0e-01 0.604 0.523 0.00
  29 -1.029162830e+09 +1.03416540e+09 1.84e+03 4.3e+00 4.7e-01 0.604 0.523 0.00
  30 -1.029116295e+09 +1.03407233e+09 1.86e+03 4.1e+00 4.4e-01 0.604 0.522 0.00
  31 -1.029076451e+09 +1.03399264e+09 1.84e+03 3.9e+00 4.1e-01 0.604 0.522 0.00
  32 -1.029041323e+09 +1.03392239e+09 1.80e+03 4.2e+00 3.8e-01 0.604 0.521 0.00
  33 -1.029009265e+09 +1.03385827e+09 1.75e+03 4.5e+00 3.6e-01 0.604 0.521 0.00
  34 -1.028979251e+09 +1.03379824e+09 1.70e+03 4.8e+00 3.3e-01 0.604 0.521 0.00
  35 -1.028950715e+09 +1.03374117e+09 1.66e+03 5.0e+00 3.1e-01 0.604 0.520 0.00
  36 -1.028923470e+09 +1.03368668e+09 1.82e+03 4.9e+00 2.8e-01 0.604 0.520 0.00
  37 -1.028897674e+09 +1.03363509e+09 3.01e+03 4.7e+00 2.5e-01 0.604 0.520 0.00
  38 -1.028873836e+09 +1.03358741e+09 3.49e+03 4.5e+00 2.1e-01 0.604 0.520 0.00
  39 -1.028852124e+09 +1.03354399e+09 3.52e+03 4.3e+00 1.7e-01 0.604 0.520 0.00
  40 -1.028832453e+09 +1.03350465e+09 3.58e+03 3.6e+00 1.5e-01 0.604 0.519 0.00
  41 -1.028814121e+09 +1.03346798e+09 3.43e+03 3.6e+00 1.3e-01 0.604 0.519 0.00
  42 -1.028796607e+09 +1.03343295e+09 3.23e+03 3.6e+00 1.1e-01 0.604 0.519 0.00
  43 -1.028779571e+09 +1.03339888e+09 3.01e+03 3.5e+00 1.2e-01 0.604 0.519 0.00
  44 -1.028762803e+09 +1.03336535e+09 2.80e+03 3.7e+00 1.3e-01 0.604 0.519 0.00
  45 -1.028746182e+09 +1.03333211e+09 2.58e+03 3.8e+00 1.3e-01 0.604 0.518 0.00
  46 -1.028729582e+09 +1.03329891e+09 2.17e+03 3.9e+00 1.4e-01 0.604 0.518 0.00
  47 -1.028712750e+09 +1.03326524e+09 1.86e+03 4.0e+00 1.4e-01 0.604 0.518 0.00
  48 -1.028695495e+09 +1.03323073e+09 1.61e+03 4.1e+00 1.5e-01 0.604 0.518 0.00
  49 -1.028677621e+09 +1.03319498e+09 1.41e+03 4.2e+00 1.5e-01 0.604 0.518 0.00
  50 -1.028658900e+09 +1.03315754e+09 1.25e+03 4.2e+00 1.5e-01 0.604 0.517 0.00
  51 -1.028639070e+09 +1.03311788e+09 1.11e+03 4.3e+00 1.6e-01 0.604 0.517 0.00
  52 -1.028618080e+09 +1.03307590e+09 9.92e+02 4.4e+00 1.8e-01 0.604 0.517 0.00
  53 -1.028596100e+09 +1.03303194e+09 9.04e+02 4.5e+00 1.9e-01 0.604 0.517 0.00
  54 -1.028573467e+09 +1.03298667e+09 8.13e+02 4.7e+00 2.0e-01 0.605 0.517 0.00
  55 -1.028550405e+09 +1.03294055e+09 7.33e+02 4.7e+00 2.2e-01 0.605 0.517 0.00
  56 -1.028526857e+09 +1.03289346e+09 7.84e+02 4.7e+00 2.2e-01 0.605 0.516 0.00
  57 -1.028502717e+09 +1.03284518e+09 1.21e+03 4.7e+00 2.2e-01 0.605 0.516 0.00
  58 -1.028479193e+09 +1.03279813e+09 1.07e+03 4.6e+00 2.4e-01 0.605 0.516 0.00
  59 -1.028458462e+09 +1.03275667e+09 1.18e+03 4.5e+00 2.3e-01 0.605 0.516 0.00
  60 -1.028440338e+09 +1.03272042e+09 1.39e+03 4.2e+00 2.1e-01 0.606 0.516 0.00
  61 -1.028424652e+09 +1.03268905e+09 1.30e+03 4.0e+00 1.9e-01 0.606 0.516 0.00
  62 -1.028411178e+09 +1.03266210e+09 1.15e+03 3.7e+00 1.7e-01 0.606 0.516 0.00
  63 -1.028399669e+09 +1.03263908e+09 9.86e+02 3.4e+00 1.6e-01 0.606 0.516 0.00
  64 -1.028389733e+09 +1.03261921e+09 8.35e+02 3.1e+00 1.6e-01 0.606 0.516 0.00
  65 -1.028381103e+09 +1.03260195e+09 7.12e+02 2.9e+00 1.5e-01 0.606 0.516 0.00
  66 -1.028373537e+09 +1.03258681e+09 6.14e+02 2.7e+00 1.4e-01 0.606 0.516 0.00
  67 -1.028366838e+09 +1.03257342e+09 5.35e+02 2.5e+00 1.3e-01 0.606 0.516 0.00
  68 -1.028360876e+09 +1.03256149e+09 4.72e+02 2.3e+00 1.3e-01 0.606 0.516 0.00
  69 -1.028355537e+09 +1.03255082e+09 4.26e+02 2.2e+00 1.2e-01 0.606 0.516 0.00
  70 -1.028350731e+09 +1.03254120e+09 4.16e+02 2.1e+00 1.2e-01 0.606 0.516 0.00
  71 -1.028346383e+09 +1.03253251e+09 4.12e+02 2.0e+00 1.1e-01 0.607 0.516 0.00
  72 -1.028342429e+09 +1.03252460e+09 4.07e+02 1.8e+00 1.0e-01 0.606 0.516 0.00
  73 -1.028338815e+09 +1.03251737e+09 4.01e+02 1.7e+00 9.8e-02 0.606 0.516 0.00
  74 -1.028335502e+09 +1.03251075e+09 3.94e+02 1.7e+00 9.2e-02 0.606 0.516 0.00
  75 -1.028332451e+09 +1.03250464e+09 3.87e+02 1.6e+00 8.6e-02 0.606 0.516 0.00
  76 -1.028329626e+09 +1.03249899e+09 3.80e+02 1.5e+00 8.0e-02 0.606 0.516 0.00
  77 -1.028326997e+09 +1.03249374e+09 3.72e+02 1.4e+00 7.4e-02 0.607 0.516 0.00
  78 -1.028324534e+09 +1.03248881e+09 3.65e+02 1.3e+00 6.9e-02 0.607 0.516 0.00
  79 -1.028322216e+09 +1.03248417e+09 3.58e+02 1.2e+00 6.4e-02 0.606 0.516 0.00
  80 -1.028320026e+09 +1.03247979e+09 3.53e+02 1.2e+00 6.0e-02 0.606 0.516 0.00
  81 -1.028317949e+09 +1.03247564e+09 3.59e+02 1.1e+00 5.5e-02 0.606 0.516 0.00
  82 -1.028315974e+09 +1.03247169e+09 3.73e+02 1.1e+00 5.1e-02 0.607 0.516 0.00
  83 -1.028314087e+09 +1.03246791e+09 3.90e+02 1.0e+00 4.7e-02 0.606 0.516 0.00
  84 -1.028312276e+09 +1.03246429e+09 4.09e+02 9.6e-01 4.4e-02 0.606 0.516 0.00
  85 -1.028310532e+09 +1.03246081e+09 4.32e+02 9.1e-01 4.1e-02 0.606 0.516 0.00
  86 -1.028308852e+09 +1.03245745e+09 4.57e+02 8.7e-01 3.8e-02 0.606 0.516 0.00
  87 -1.028307231e+09 +1.03245420e+09 4.84e+02 8.3e-01 3.6e-02 0.606 0.516 0.00
  88 -1.028305663e+09 +1.03245107e+09 5.11e+02 7.9e-01 3.3e-02 0.606 0.516 0.00
  89 -1.028304142e+09 +1.03244803e+09 5.35e+02 7.5e-01 3.1e-02 0.606 0.516 0.00
  90 -1.028302662e+09 +1.03244507e+09 5.40e+02 7.1e-01 2.9e-02 0.606 0.516 0.00
  91 -1.028301213e+09 +1.03244217e+09 4.90e+02 6.7e-01 2.7e-02 0.606 0.516 0.00
  92 -1.028299786e+09 +1.03243931e+09 3.47e+02 6.3e-01 2.6e-02 0.606 0.516 0.00
  93 -1.028298392e+09 +1.03243652e+09 3.51e+02 6.2e-01 2.4e-02 0.606 0.516 0.00
  94 -1.028297048e+09 +1.03243384e+09 3.52e+02 6.3e-01 2.2e-02 0.606 0.516 0.00
  95 -1.028295744e+09 +1.03243123e+09 3.56e+02 6.4e-01 2.1e-02 0.606 0.516 0.00
  96 -1.028294473e+09 +1.03242869e+09 3.68e+02 6.6e-01 2.0e-02 0.606 0.517 0.00
  97 -1.028293226e+09 +1.03242619e+09 3.82e+02 6.8e-01 1.8e-02 0.606 0.517 0.00
  98 -1.028291999e+09 +1.03242374e+09 3.97e+02 7.0e-01 1.7e-02 0.606 0.517 0.00
  99 -1.028290787e+09 +1.03242132e+09 4.12e+02 7.3e-01 1.6e-02 0.606 0.517 0.00
 100 -1.028289585e+09 +1.03241891e+09 4.27e+02 7.6e-01 1.5e-02 0.606 0.517 0.00
> saveRDS(fit, file=paste0("../data/gom-data/topics",clustnum,".data.filterC.log.indv-cell.intNo0.reg-",data.source,".bc1.rds"))
> 
> proc.time()
    user   system  elapsed 
417129.0  14651.1 133516.4 
