
R version 3.6.1 (2019-07-05) -- "Action of the Toes"
Copyright (C) 2019 The R Foundation for Statistical Computing
Platform: x86_64-pc-linux-gnu (64-bit)

R is free software and comes with ABSOLUTELY NO WARRANTY.
You are welcome to redistribute it under certain conditions.
Type 'license()' or 'licence()' for distribution details.

R is a collaborative project with many contributors.
Type 'contributors()' for more information and
'citation()' on how to cite R or R packages in publications.

Type 'demo()' for some demos, 'help()' for on-line help, or
'help.start()' for an HTML browser interface to help.
Type 'q()' to quit R.

> #Read in command line arguments as list of character vectors
> args=(commandArgs(TRUE))
> 
> #Check if arguments are passed and cycle through to evaluate each element
> if(length(args)==0){
+   print("No arguments supplied.")
+   #supply default values
+   clustnum=3
+   data.source="tot"
+ }else{
+   for(i in 1:length(args)){
+     eval(parse(text=args[[i]]))
+   }
+ }
> print(paste0("k: ",clustnum))
[1] "k: 3"
> print(paste0("data source: ",data.source))
[1] "data source: tot"
> 
> #Load libraries
> library(Seurat)
> library(CountClust)
Loading required package: ggplot2
> library(classtpx)
Loading required package: slam
> library(fastTopics)
> 
> 
> #Run analyses for human data
> print("Loading human data")
[1] "Loading human data"
> 
> #Load data
> scrna <- paste0("../data/cellranger-data-full/data.filterC.log.indv-cell.intNo0.reg-",data.source,".rds")
> data <- readRDS(scrna)
> data <- subset(data, subset=Species=="Human")
> 
> #Prepare data (unintegrated count data)
> counts <- as.matrix(data@assays$RNA@counts) #do not use integrated data
> counts <- counts[rowSums(counts>0)>0,]      #remove genes with 0 counts across cells
> counts <- t(as.matrix(counts))              #fix matrix orientation (barcodes x features)
> rm(data)
> 
> #Fit fastTopics model and save data
> fit <- fit_poisson_nmf(counts, k=clustnum, numiter=100)
Using 4 RcppParallel threads.
Initializing factors using Topic SCORE algorithm.
Initializing loadings by running 10 SCD updates.
Using 4 RcppParallel threads.
Fitting rank-3 Poisson NMF to 47410 x 18150 dense matrix.
Running 100 SCD updates, without extrapolation (fastTopics 0.3-185).
iter   log-likelihood        deviance res(KKT)  |F-F'|  |L-L'| nz(F) nz(L) beta
   1 -5.523558976e+08 +6.13409935e+08 3.48e+03 1.3e+02 3.8e-01 0.887 0.936 0.00
   2 -5.506408531e+08 +6.09979846e+08 3.10e+03 3.5e+01 1.5e+00 0.889 0.881 0.00
   3 -5.499608707e+08 +6.08619882e+08 1.47e+03 1.8e+01 9.1e-01 0.889 0.871 0.00
   4 -5.496789996e+08 +6.08056139e+08 9.80e+02 1.1e+01 4.6e-01 0.889 0.857 0.00
   5 -5.495300991e+08 +6.07758338e+08 7.16e+02 7.8e+00 2.9e-01 0.890 0.844 0.00
   6 -5.494389702e+08 +6.07576081e+08 5.58e+02 5.8e+00 2.2e-01 0.891 0.839 0.00
   7 -5.493784366e+08 +6.07455013e+08 4.54e+02 4.5e+00 1.7e-01 0.893 0.840 0.00
   8 -5.493363162e+08 +6.07370773e+08 3.80e+02 3.6e+00 1.3e-01 0.894 0.842 0.00
   9 -5.493056291e+08 +6.07309398e+08 3.17e+02 3.0e+00 1.0e-01 0.895 0.844 0.00
  10 -5.492825419e+08 +6.07263224e+08 2.69e+02 2.6e+00 8.1e-02 0.896 0.845 0.00
  11 -5.492645419e+08 +6.07227224e+08 2.28e+02 2.2e+00 6.4e-02 0.896 0.847 0.00
  12 -5.492499506e+08 +6.07198041e+08 2.06e+02 1.9e+00 5.2e-02 0.897 0.848 0.00
  13 -5.492381078e+08 +6.07174356e+08 1.87e+02 1.7e+00 4.9e-02 0.898 0.849 0.00
  14 -5.492285835e+08 +6.07155307e+08 1.69e+02 1.5e+00 4.4e-02 0.898 0.849 0.00
  15 -5.492209649e+08 +6.07140070e+08 1.51e+02 1.4e+00 4.0e-02 0.899 0.850 0.00
  16 -5.492147962e+08 +6.07127733e+08 1.31e+02 1.2e+00 3.6e-02 0.899 0.850 0.00
  17 -5.492097087e+08 +6.07117558e+08 1.18e+02 1.1e+00 3.3e-02 0.900 0.850 0.00
  18 -5.492054798e+08 +6.07109100e+08 1.08e+02 9.7e-01 3.0e-02 0.900 0.851 0.00
  19 -5.492019624e+08 +6.07102065e+08 9.89e+01 8.7e-01 2.8e-02 0.900 0.851 0.00
  20 -5.491990350e+08 +6.07096210e+08 9.05e+01 7.9e-01 2.6e-02 0.901 0.851 0.00
  21 -5.491966108e+08 +6.07091362e+08 8.24e+01 7.1e-01 2.4e-02 0.901 0.851 0.00
  22 -5.491946145e+08 +6.07087369e+08 7.48e+01 6.4e-01 2.2e-02 0.901 0.851 0.00
  23 -5.491929816e+08 +6.07084103e+08 6.71e+01 5.8e-01 2.0e-02 0.901 0.851 0.00
  24 -5.491916573e+08 +6.07081455e+08 5.96e+01 5.2e-01 1.8e-02 0.901 0.851 0.00
  25 -5.491905945e+08 +6.07079329e+08 5.29e+01 4.7e-01 1.7e-02 0.901 0.850 0.00
  26 -5.491897492e+08 +6.07077639e+08 4.66e+01 4.2e-01 1.5e-02 0.902 0.850 0.00
  27 -5.491890778e+08 +6.07076296e+08 4.12e+01 3.7e-01 1.4e-02 0.902 0.850 0.00
  28 -5.491885457e+08 +6.07075232e+08 3.65e+01 3.3e-01 1.2e-02 0.902 0.850 0.00
  29 -5.491881264e+08 +6.07074393e+08 3.21e+01 2.9e-01 1.1e-02 0.902 0.850 0.00
  30 -5.491877974e+08 +6.07073735e+08 2.83e+01 2.6e-01 9.6e-03 0.902 0.850 0.00
  31 -5.491875379e+08 +6.07073216e+08 2.50e+01 2.3e-01 8.5e-03 0.902 0.850 0.00
  32 -5.491873322e+08 +6.07072805e+08 2.21e+01 2.0e-01 7.6e-03 0.902 0.850 0.00
  33 -5.491871688e+08 +6.07072478e+08 1.95e+01 1.8e-01 6.8e-03 0.902 0.850 0.00
  34 -5.491870398e+08 +6.07072220e+08 1.73e+01 1.6e-01 6.1e-03 0.902 0.850 0.00
  35 -5.491869385e+08 +6.07072017e+08 1.53e+01 1.4e-01 5.4e-03 0.902 0.850 0.00
  36 -5.491868594e+08 +6.07071859e+08 1.35e+01 1.2e-01 4.8e-03 0.902 0.850 0.00
  37 -5.491867977e+08 +6.07071736e+08 1.19e+01 1.1e-01 4.3e-03 0.902 0.850 0.00
  38 -5.491867498e+08 +6.07071640e+08 1.05e+01 9.6e-02 3.8e-03 0.902 0.850 0.00
  39 -5.491867125e+08 +6.07071565e+08 9.27e+00 8.4e-02 3.4e-03 0.903 0.850 0.00
  40 -5.491866837e+08 +6.07071508e+08 8.18e+00 7.4e-02 3.0e-03 0.903 0.850 0.00
  41 -5.491866614e+08 +6.07071463e+08 7.21e+00 6.5e-02 2.6e-03 0.903 0.850 0.00
  42 -5.491866441e+08 +6.07071428e+08 6.35e+00 5.7e-02 2.3e-03 0.903 0.849 0.00
  43 -5.491866308e+08 +6.07071402e+08 5.59e+00 5.0e-02 2.1e-03 0.903 0.849 0.00
  44 -5.491866206e+08 +6.07071381e+08 4.91e+00 4.4e-02 1.8e-03 0.903 0.849 0.00
  45 -5.491866126e+08 +6.07071365e+08 4.32e+00 3.9e-02 1.6e-03 0.903 0.849 0.00
  46 -5.491866065e+08 +6.07071353e+08 3.80e+00 3.4e-02 1.4e-03 0.903 0.849 0.00
  47 -5.491866018e+08 +6.07071344e+08 3.34e+00 3.0e-02 1.2e-03 0.903 0.849 0.00
  48 -5.491865982e+08 +6.07071337e+08 2.93e+00 2.6e-02 1.1e-03 0.903 0.849 0.00
  49 -5.491865953e+08 +6.07071331e+08 2.58e+00 2.3e-02 9.5e-04 0.903 0.849 0.00
  50 -5.491865932e+08 +6.07071326e+08 2.27e+00 2.0e-02 8.6e-04 0.903 0.849 0.00
  51 -5.491865915e+08 +6.07071323e+08 1.99e+00 1.8e-02 7.5e-04 0.903 0.849 0.00
  52 -5.491865901e+08 +6.07071320e+08 1.75e+00 1.6e-02 6.6e-04 0.903 0.849 0.00
  53 -5.491865891e+08 +6.07071318e+08 1.54e+00 1.4e-02 5.8e-04 0.903 0.849 0.00
  54 -5.491865883e+08 +6.07071317e+08 1.36e+00 1.2e-02 5.1e-04 0.903 0.849 0.00
  55 -5.491865877e+08 +6.07071316e+08 1.20e+00 1.1e-02 4.5e-04 0.903 0.849 0.00
  56 -5.491865872e+08 +6.07071315e+08 1.05e+00 9.3e-03 4.0e-04 0.903 0.849 0.00
  57 -5.491865868e+08 +6.07071314e+08 9.28e-01 8.2e-03 3.5e-04 0.903 0.849 0.00
  58 -5.491865865e+08 +6.07071313e+08 8.17e-01 7.2e-03 3.1e-04 0.903 0.849 0.00
  59 -5.491865863e+08 +6.07071313e+08 7.20e-01 6.4e-03 2.7e-04 0.903 0.849 0.00
  60 -5.491865861e+08 +6.07071312e+08 6.34e-01 5.6e-03 2.4e-04 0.903 0.849 0.00
  61 -5.491865860e+08 +6.07071312e+08 5.58e-01 4.9e-03 2.1e-04 0.903 0.849 0.00
  62 -5.491865859e+08 +6.07071312e+08 4.91e-01 4.3e-03 1.9e-04 0.903 0.849 0.00
  63 -5.491865858e+08 +6.07071312e+08 4.33e-01 3.8e-03 1.6e-04 0.903 0.849 0.00
  64 -5.491865858e+08 +6.07071312e+08 3.81e-01 3.4e-03 1.4e-04 0.903 0.849 0.00
  65 -5.491865857e+08 +6.07071312e+08 3.36e-01 3.0e-03 1.3e-04 0.903 0.849 0.00
  66 -5.491865857e+08 +6.07071312e+08 2.96e-01 2.6e-03 1.1e-04 0.903 0.849 0.00
  67 -5.491865856e+08 +6.07071311e+08 2.60e-01 2.3e-03 9.9e-05 0.903 0.849 0.00
  68 -5.491865856e+08 +6.07071311e+08 2.29e-01 2.0e-03 8.7e-05 0.903 0.849 0.00
  69 -5.491865856e+08 +6.07071311e+08 2.02e-01 1.8e-03 7.6e-05 0.903 0.849 0.00
  70 -5.491865856e+08 +6.07071311e+08 1.78e-01 1.6e-03 6.7e-05 0.903 0.849 0.00
  71 -5.491865856e+08 +6.07071311e+08 1.57e-01 1.4e-03 5.9e-05 0.903 0.849 0.00
  72 -5.491865856e+08 +6.07071311e+08 1.38e-01 1.2e-03 5.2e-05 0.903 0.849 0.00
  73 -5.491865856e+08 +6.07071311e+08 1.22e-01 1.1e-03 4.6e-05 0.903 0.849 0.00
  74 -5.491865856e+08 +6.07071311e+08 1.07e-01 9.4e-04 4.1e-05 0.903 0.849 0.00
  75 -5.491865856e+08 +6.07071311e+08 9.43e-02 8.3e-04 3.6e-05 0.903 0.849 0.00
  76 -5.491865856e+08 +6.07071311e+08 8.30e-02 7.3e-04 3.1e-05 0.903 0.849 0.00
  77 -5.491865855e+08 +6.07071311e+08 7.31e-02 6.4e-04 2.8e-05 0.903 0.849 0.00
  78 -5.491865855e+08 +6.07071311e+08 6.44e-02 5.6e-04 2.5e-05 0.903 0.849 0.00
  79 -5.491865855e+08 +6.07071311e+08 5.67e-02 5.0e-04 2.5e-05 0.903 0.849 0.00
  80 -5.491865855e+08 +6.07071311e+08 5.00e-02 4.4e-04 2.5e-05 0.903 0.849 0.00
  81 -5.491865855e+08 +6.07071311e+08 4.40e-02 3.8e-04 2.5e-05 0.903 0.849 0.00
  82 -5.491865855e+08 +6.07071311e+08 3.88e-02 3.4e-04 2.5e-05 0.903 0.849 0.00
  83 -5.491865855e+08 +6.07071311e+08 3.50e-02 3.0e-04 2.5e-05 0.903 0.849 0.00
  84 -5.491865855e+08 +6.07071311e+08 3.51e-02 2.6e-04 2.5e-05 0.903 0.849 0.00
  85 -5.491865855e+08 +6.07071311e+08 3.52e-02 2.3e-04 2.5e-05 0.903 0.849 0.00
  86 -5.491865855e+08 +6.07071311e+08 3.54e-02 2.0e-04 2.5e-05 0.903 0.849 0.00
  87 -5.491865855e+08 +6.07071311e+08 3.56e-02 1.8e-04 2.5e-05 0.903 0.849 0.00
  88 -5.491865855e+08 +6.07071311e+08 3.58e-02 1.6e-04 2.6e-05 0.903 0.849 0.00
  89 -5.491865855e+08 +6.07071311e+08 3.60e-02 1.4e-04 2.6e-05 0.903 0.849 0.00
  90 -5.491865855e+08 +6.07071311e+08 3.62e-02 1.2e-04 2.6e-05 0.903 0.849 0.00
  91 -5.491865855e+08 +6.07071311e+08 3.65e-02 1.1e-04 2.6e-05 0.903 0.849 0.00
  92 -5.491865855e+08 +6.07071311e+08 3.68e-02 9.5e-05 2.6e-05 0.903 0.849 0.00
  93 -5.491865855e+08 +6.07071311e+08 3.71e-02 8.4e-05 2.7e-05 0.903 0.849 0.00
  94 -5.491865855e+08 +6.07071311e+08 2.74e-02 7.4e-05 2.7e-05 0.903 0.849 0.00
  95 -5.491865855e+08 +6.07071311e+08 7.97e-03 6.5e-05 1.7e-05 0.903 0.849 0.00
  96 -5.491865855e+08 +6.07071311e+08 6.58e-03 5.7e-05 2.5e-06 0.903 0.849 0.00
  97 -5.491865855e+08 +6.07071311e+08 5.79e-03 5.0e-05 2.2e-06 0.903 0.849 0.00
  98 -5.491865855e+08 +6.07071311e+08 5.10e-03 4.4e-05 1.9e-06 0.903 0.849 0.00
  99 -5.491865855e+08 +6.07071311e+08 4.50e-03 3.9e-05 1.7e-06 0.903 0.849 0.00
 100 -5.491865855e+08 +6.07071311e+08 3.96e-03 3.4e-05 1.5e-06 0.903 0.849 0.00
> saveRDS(fit, file=paste0("../data/gom-data/topics",clustnum,".human.data.filterC.log.indv-cell.intNo0.reg-",data.source,".rds"))
> 
> 
> #Run analyses for chimp data
> print("Loading chimp data")
[1] "Loading chimp data"
> 
> #Load data
> scrna <- paste0("../data/cellranger-data-full/data.filterC.log.indv-cell.intNo0.reg-",data.source,".rds")
> data <- readRDS(scrna)
> data <- subset(data, subset=Species=="Chimp")
> 
> #Prepare data (unintegrated count data)
> counts <- as.matrix(data@assays$RNA@counts) #do not use integrated data
> counts <- counts[rowSums(counts>0)>0,]      #remove genes with 0 counts across cells
> counts <- t(as.matrix(counts))              #fix matrix orientation (barcodes x features)
> rm(data)
> 
> #Fit fastTopics model and save data
> fit <- fit_poisson_nmf(counts, k=clustnum, numiter=100)
Using 4 RcppParallel threads.
Initializing factors using Topic SCORE algorithm.
Initializing loadings by running 10 SCD updates.
Using 4 RcppParallel threads.
Fitting rank-3 Poisson NMF to 53590 x 18128 dense matrix.
Running 100 SCD updates, without extrapolation (fastTopics 0.3-185).
iter   log-likelihood        deviance res(KKT)  |F-F'|  |L-L'| nz(F) nz(L) beta
   1 -6.135496473e+08 +6.92108676e+08 1.04e+05 1.0e+02 1.7e-01 0.887 0.791 0.00
   2 -6.115875019e+08 +6.88184385e+08 9.66e+03 1.0e+01 1.1e+00 0.890 0.793 0.00
   3 -6.105762139e+08 +6.86161809e+08 1.60e+04 7.4e+00 8.2e-01 0.894 0.887 0.00
   4 -6.098096819e+08 +6.84628745e+08 2.35e+03 6.3e+00 6.6e-01 0.892 0.867 0.00
   5 -6.092359295e+08 +6.83481240e+08 4.67e+03 6.0e+00 5.8e-01 0.893 0.831 0.00
   6 -6.088587740e+08 +6.82726929e+08 1.46e+03 8.6e+00 4.9e-01 0.892 0.806 0.00
   7 -6.085549649e+08 +6.82119311e+08 1.22e+03 1.0e+01 5.3e-01 0.891 0.792 0.00
   8 -6.082876315e+08 +6.81584644e+08 1.24e+03 1.1e+01 3.6e-01 0.890 0.786 0.00
   9 -6.080274851e+08 +6.81064351e+08 1.23e+03 1.1e+01 3.4e-01 0.889 0.784 0.00
  10 -6.077729821e+08 +6.80555346e+08 1.24e+03 1.1e+01 3.4e-01 0.889 0.784 0.00
  11 -6.075313315e+08 +6.80072044e+08 1.11e+03 1.1e+01 3.4e-01 0.888 0.785 0.00
  12 -6.073129482e+08 +6.79635278e+08 8.33e+02 1.0e+01 3.1e-01 0.888 0.788 0.00
  13 -6.071232120e+08 +6.79255805e+08 5.19e+02 9.3e+00 2.7e-01 0.888 0.790 0.00
  14 -6.069681589e+08 +6.78945699e+08 4.17e+02 8.0e+00 2.4e-01 0.888 0.793 0.00
  15 -6.068523146e+08 +6.78714010e+08 3.41e+02 6.7e+00 2.6e-01 0.888 0.795 0.00
  16 -6.067658237e+08 +6.78541029e+08 3.60e+02 5.5e+00 2.7e-01 0.888 0.797 0.00
  17 -6.067061095e+08 +6.78421600e+08 3.13e+02 4.5e+00 2.6e-01 0.889 0.800 0.00
  18 -6.066644494e+08 +6.78338280e+08 2.39e+02 3.7e+00 2.0e-01 0.889 0.801 0.00
  19 -6.066337143e+08 +6.78276810e+08 1.72e+03 3.0e+00 1.3e-01 0.890 0.801 0.00
  20 -6.066102617e+08 +6.78229905e+08 4.16e+03 2.6e+00 8.6e-02 0.891 0.800 0.00
  21 -6.065891024e+08 +6.78187586e+08 9.04e+03 3.4e+00 6.7e-02 0.891 0.800 0.00
  22 -6.065602428e+08 +6.78129867e+08 1.79e+04 7.4e+00 1.3e-01 0.892 0.799 0.00
  23 -6.064681394e+08 +6.77945660e+08 1.93e+04 1.8e+01 3.6e-01 0.892 0.799 0.00
  24 -6.062201444e+08 +6.77449670e+08 1.19e+03 1.3e+01 1.2e+00 0.893 0.799 0.00
  25 -6.061448155e+08 +6.77299012e+08 2.59e+02 3.3e+00 6.3e-01 0.894 0.801 0.00
  26 -6.061198849e+08 +6.77249151e+08 1.68e+02 2.4e+00 1.1e-01 0.894 0.802 0.00
  27 -6.061029471e+08 +6.77215276e+08 1.38e+02 1.8e+00 8.6e-02 0.895 0.801 0.00
  28 -6.060904351e+08 +6.77190252e+08 1.13e+02 1.5e+00 7.0e-02 0.895 0.801 0.00
  29 -6.060809300e+08 +6.77171241e+08 9.46e+01 1.2e+00 5.8e-02 0.896 0.800 0.00
  30 -6.060736450e+08 +6.77156671e+08 8.02e+01 1.0e+00 4.9e-02 0.896 0.800 0.00
  31 -6.060680560e+08 +6.77145493e+08 6.88e+01 8.9e-01 4.2e-02 0.896 0.799 0.00
  32 -6.060637843e+08 +6.77136950e+08 6.08e+01 7.7e-01 3.6e-02 0.897 0.799 0.00
  33 -6.060605357e+08 +6.77130453e+08 5.34e+01 6.7e-01 3.2e-02 0.897 0.798 0.00
  34 -6.060580784e+08 +6.77125538e+08 4.68e+01 5.8e-01 2.8e-02 0.897 0.798 0.00
  35 -6.060562287e+08 +6.77121839e+08 4.08e+01 5.1e-01 2.5e-02 0.897 0.797 0.00
  36 -6.060548430e+08 +6.77119067e+08 3.54e+01 4.4e-01 2.2e-02 0.898 0.797 0.00
  37 -6.060538084e+08 +6.77116998e+08 3.07e+01 3.8e-01 1.9e-02 0.898 0.796 0.00
  38 -6.060530384e+08 +6.77115458e+08 2.65e+01 3.3e-01 1.7e-02 0.898 0.796 0.00
  39 -6.060524668e+08 +6.77114315e+08 2.29e+01 2.9e-01 1.5e-02 0.898 0.796 0.00
  40 -6.060520437e+08 +6.77113469e+08 1.97e+01 2.5e-01 1.3e-02 0.898 0.796 0.00
  41 -6.060517311e+08 +6.77112843e+08 1.70e+01 2.2e-01 1.1e-02 0.898 0.796 0.00
  42 -6.060515006e+08 +6.77112382e+08 1.46e+01 1.9e-01 9.5e-03 0.898 0.796 0.00
  43 -6.060513308e+08 +6.77112043e+08 1.25e+01 1.6e-01 8.2e-03 0.898 0.796 0.00
  44 -6.060512058e+08 +6.77111793e+08 1.07e+01 1.4e-01 7.1e-03 0.898 0.796 0.00
  45 -6.060511138e+08 +6.77111609e+08 9.20e+00 1.2e-01 6.1e-03 0.898 0.795 0.00
  46 -6.060510462e+08 +6.77111474e+08 7.88e+00 1.0e-01 5.3e-03 0.898 0.795 0.00
  47 -6.060509965e+08 +6.77111374e+08 6.75e+00 8.7e-02 4.5e-03 0.898 0.795 0.00
  48 -6.060509600e+08 +6.77111301e+08 5.78e+00 7.5e-02 3.9e-03 0.898 0.795 0.00
  49 -6.060509332e+08 +6.77111248e+08 4.95e+00 6.4e-02 3.4e-03 0.899 0.795 0.00
  50 -6.060509136e+08 +6.77111208e+08 4.24e+00 5.5e-02 2.9e-03 0.899 0.795 0.00
  51 -6.060508992e+08 +6.77111180e+08 3.63e+00 4.7e-02 2.5e-03 0.899 0.795 0.00
  52 -6.060508886e+08 +6.77111159e+08 3.11e+00 4.0e-02 2.1e-03 0.899 0.795 0.00
  53 -6.060508809e+08 +6.77111143e+08 2.66e+00 3.4e-02 1.8e-03 0.899 0.795 0.00
  54 -6.060508752e+08 +6.77111132e+08 2.27e+00 2.9e-02 1.6e-03 0.899 0.795 0.00
  55 -6.060508711e+08 +6.77111123e+08 1.95e+00 2.5e-02 1.3e-03 0.899 0.795 0.00
  56 -6.060508680e+08 +6.77111117e+08 1.66e+00 2.2e-02 1.1e-03 0.899 0.795 0.00
  57 -6.060508658e+08 +6.77111113e+08 1.42e+00 1.8e-02 9.8e-04 0.899 0.795 0.00
  58 -6.060508641e+08 +6.77111109e+08 1.22e+00 1.6e-02 8.4e-04 0.899 0.795 0.00
  59 -6.060508629e+08 +6.77111107e+08 1.04e+00 1.4e-02 7.2e-04 0.899 0.795 0.00
  60 -6.060508620e+08 +6.77111105e+08 8.93e-01 1.2e-02 6.1e-04 0.899 0.795 0.00
  61 -6.060508613e+08 +6.77111104e+08 7.66e-01 9.9e-03 5.2e-04 0.899 0.795 0.00
  62 -6.060508608e+08 +6.77111103e+08 6.58e-01 8.5e-03 4.5e-04 0.899 0.795 0.00
  63 -6.060508605e+08 +6.77111102e+08 5.67e-01 7.2e-03 3.8e-04 0.899 0.795 0.00
  64 -6.060508602e+08 +6.77111102e+08 4.89e-01 6.2e-03 3.3e-04 0.899 0.795 0.00
  65 -6.060508600e+08 +6.77111101e+08 4.23e-01 5.3e-03 2.8e-04 0.899 0.795 0.00
  66 -6.060508598e+08 +6.77111101e+08 3.67e-01 4.6e-03 2.4e-04 0.899 0.795 0.00
  67 -6.060508596e+08 +6.77111101e+08 3.18e-01 3.9e-03 2.1e-04 0.899 0.795 0.00
  68 -6.060508595e+08 +6.77111100e+08 2.77e-01 3.4e-03 1.8e-04 0.899 0.795 0.00
  69 -6.060508594e+08 +6.77111100e+08 2.41e-01 2.9e-03 1.5e-04 0.899 0.795 0.00
  70 -6.060508594e+08 +6.77111100e+08 2.10e-01 2.5e-03 1.3e-04 0.899 0.795 0.00
  71 -6.060508593e+08 +6.77111100e+08 1.84e-01 2.2e-03 1.1e-04 0.899 0.795 0.00
  72 -6.060508593e+08 +6.77111100e+08 1.61e-01 1.9e-03 9.9e-05 0.899 0.795 0.00
  73 -6.060508592e+08 +6.77111100e+08 1.41e-01 1.7e-03 8.6e-05 0.899 0.795 0.00
  74 -6.060508592e+08 +6.77111100e+08 1.23e-01 1.5e-03 7.5e-05 0.899 0.795 0.00
  75 -6.060508592e+08 +6.77111100e+08 1.08e-01 1.3e-03 6.6e-05 0.899 0.795 0.00
  76 -6.060508591e+08 +6.77111100e+08 9.51e-02 1.1e-03 5.7e-05 0.899 0.795 0.00
  77 -6.060508591e+08 +6.77111100e+08 8.36e-02 9.7e-04 5.0e-05 0.899 0.795 0.00
  78 -6.060508591e+08 +6.77111099e+08 7.36e-02 8.5e-04 4.4e-05 0.899 0.795 0.00
  79 -6.060508591e+08 +6.77111099e+08 6.48e-02 7.5e-04 3.8e-05 0.899 0.795 0.00
  80 -6.060508591e+08 +6.77111099e+08 5.71e-02 6.6e-04 3.4e-05 0.899 0.795 0.00
  81 -6.060508591e+08 +6.77111099e+08 5.04e-02 5.8e-04 3.0e-05 0.899 0.795 0.00
  82 -6.060508591e+08 +6.77111099e+08 4.45e-02 5.1e-04 2.6e-05 0.899 0.795 0.00
  83 -6.060508591e+08 +6.77111099e+08 3.93e-02 4.5e-04 2.3e-05 0.899 0.795 0.00
  84 -6.060508590e+08 +6.77111099e+08 3.46e-02 4.0e-04 2.0e-05 0.899 0.795 0.00
  85 -6.060508590e+08 +6.77111099e+08 3.03e-02 3.5e-04 1.8e-05 0.899 0.795 0.00
  86 -6.060508590e+08 +6.77111099e+08 2.66e-02 3.1e-04 1.6e-05 0.899 0.795 0.00
  87 -6.060508590e+08 +6.77111099e+08 2.34e-02 2.7e-04 1.4e-05 0.899 0.795 0.00
  88 -6.060508590e+08 +6.77111099e+08 2.05e-02 2.4e-04 1.2e-05 0.899 0.795 0.00
  89 -6.060508590e+08 +6.77111099e+08 1.80e-02 2.1e-04 1.1e-05 0.899 0.795 0.00
  90 -6.060508590e+08 +6.77111099e+08 1.59e-02 1.8e-04 9.4e-06 0.899 0.795 0.00
  91 -6.060508590e+08 +6.77111099e+08 1.40e-02 1.6e-04 8.2e-06 0.899 0.795 0.00
  92 -6.060508590e+08 +6.77111099e+08 1.23e-02 1.4e-04 7.2e-06 0.899 0.795 0.00
  93 -6.060508590e+08 +6.77111099e+08 1.08e-02 1.2e-04 6.4e-06 0.899 0.795 0.00
  94 -6.060508590e+08 +6.77111099e+08 9.51e-03 1.1e-04 5.6e-06 0.899 0.795 0.00
  95 -6.060508590e+08 +6.77111099e+08 8.36e-03 9.5e-05 4.9e-06 0.899 0.795 0.00
  96 -6.060508590e+08 +6.77111099e+08 7.36e-03 8.3e-05 4.3e-06 0.899 0.795 0.00
  97 -6.060508590e+08 +6.77111099e+08 6.47e-03 7.3e-05 3.8e-06 0.899 0.795 0.00
  98 -6.060508590e+08 +6.77111099e+08 5.69e-03 6.5e-05 3.4e-06 0.899 0.795 0.00
  99 -6.060508590e+08 +6.77111099e+08 5.00e-03 5.7e-05 3.0e-06 0.899 0.795 0.00
 100 -6.060508590e+08 +6.77111099e+08 4.39e-03 5.0e-05 2.6e-06 0.899 0.795 0.00
> saveRDS(fit, file=paste0("../data/gom-data/topics",clustnum,".chimp.data.filterC.log.indv-cell.intNo0.reg-",data.source,".rds"))
> 
> proc.time()
     user    system   elapsed 
47545.376  6736.531 33830.898 
