
R version 3.6.1 (2019-07-05) -- "Action of the Toes"
Copyright (C) 2019 The R Foundation for Statistical Computing
Platform: x86_64-pc-linux-gnu (64-bit)

R is free software and comes with ABSOLUTELY NO WARRANTY.
You are welcome to redistribute it under certain conditions.
Type 'license()' or 'licence()' for distribution details.

R is a collaborative project with many contributors.
Type 'contributors()' for more information and
'citation()' on how to cite R or R packages in publications.

Type 'demo()' for some demos, 'help()' for on-line help, or
'help.start()' for an HTML browser interface to help.
Type 'q()' to quit R.

> #Read in command line arguments as list of character vectors
> args=(commandArgs(TRUE))
> 
> #Check if arguments are passed and cycle through to evaluate each element
> if(length(args)==0){
+   print("No arguments supplied.")
+   #supply default values
+   clustnum=3
+   data.source="tot"
+ }else{
+   for(i in 1:length(args)){
+     eval(parse(text=args[[i]]))
+   }
+ }
> print(paste0("k: ",clustnum))
[1] "k: 3"
> print(paste0("data source: ",data.source))
[1] "data source: tot"
> 
> #Load libraries
> library(Seurat)
> library(CountClust)
Loading required package: ggplot2
> library(classtpx)
Loading required package: slam
> library(fastTopics)
> 
> 
> #Run analyses for human data
> print("Loading human data")
[1] "Loading human data"
> 
> #Load data
> scrna <- paste0("../data/cellranger-data-full/data.filterC.log.indv-cell.intNo0.reg-",data.source,".rds")
> data <- readRDS(scrna)
> data <- subset(data, subset=Species=="Human")
> 
> #Prepare data (unintegrated count data)
> counts <- as.matrix(data@assays$RNA@counts) #do not use integrated data
> counts <- counts[rowSums(counts>0)>0,]      #remove genes with 0 counts across cells
> counts <- t(as.matrix(counts))              #fix matrix orientation (barcodes x features)
> 
> #Batch correct counts - don't correct for species
> labelBatch1 <- as.factor(paste0(data@meta.data$Pair,data@meta.data$Replicate)[which(rownames(data@meta.data) %in% rownames(counts))])
> countsBC1 <- BatchCorrectedCounts(counts, labelBatch1, use_parallel=FALSE)
> rm(data,counts)
> 
> #Fit fastTopics model and save data
> fit <- fit_poisson_nmf(countsBC1, k=clustnum, numiter=100)
Using 4 RcppParallel threads.
Initializing factors using Topic SCORE algorithm.
Initializing loadings by running 10 SCD updates.
Using 4 RcppParallel threads.
Fitting rank-3 Poisson NMF to 47410 x 18150 dense matrix.
Running 100 SCD updates, without extrapolation (fastTopics 0.3-185).
iter   log-likelihood        deviance res(KKT)  |F-F'|  |L-L'| nz(F) nz(L) beta
   1 -5.363523223e+08 +5.82128970e+08 2.47e+03 5.0e+01 3.6e-01 0.892 0.835 0.00
   2 -5.349786660e+08 +5.79381658e+08 2.62e+03 1.0e+01 1.5e+00 0.901 0.861 0.00
   3 -5.344009125e+08 +5.78226151e+08 8.14e+02 7.2e+00 1.2e+00 0.903 0.876 0.00
   4 -5.341330357e+08 +5.77690397e+08 3.65e+02 5.0e+00 5.9e-01 0.904 0.879 0.00
   5 -5.340052384e+08 +5.77434802e+08 1.33e+03 3.3e+00 2.8e-01 0.904 0.879 0.00
   6 -5.339398672e+08 +5.77304060e+08 1.73e+02 2.3e+00 1.6e-01 0.905 0.875 0.00
   7 -5.339064415e+08 +5.77237209e+08 2.02e+02 1.8e+00 1.1e-01 0.904 0.870 0.00
   8 -5.338894628e+08 +5.77203251e+08 1.02e+02 1.5e+00 8.0e-02 0.904 0.866 0.00
   9 -5.338802581e+08 +5.77184842e+08 8.97e+01 1.3e+00 5.8e-02 0.904 0.863 0.00
  10 -5.338746589e+08 +5.77173643e+08 7.94e+01 1.1e+00 4.4e-02 0.904 0.863 0.00
  11 -5.338708764e+08 +5.77166078e+08 7.34e+01 9.4e-01 3.4e-02 0.904 0.863 0.00
  12 -5.338681529e+08 +5.77160631e+08 6.82e+01 8.0e-01 2.7e-02 0.903 0.864 0.00
  13 -5.338661082e+08 +5.77156542e+08 6.34e+01 7.0e-01 2.2e-02 0.903 0.864 0.00
  14 -5.338645325e+08 +5.77153391e+08 5.90e+01 6.0e-01 1.8e-02 0.903 0.865 0.00
  15 -5.338632919e+08 +5.77150909e+08 5.48e+01 5.3e-01 1.5e-02 0.903 0.865 0.00
  16 -5.338622978e+08 +5.77148921e+08 5.09e+01 4.6e-01 1.3e-02 0.903 0.865 0.00
  17 -5.338614885e+08 +5.77147303e+08 4.73e+01 4.1e-01 1.1e-02 0.903 0.866 0.00
  18 -5.338608215e+08 +5.77145968e+08 4.40e+01 3.6e-01 9.7e-03 0.902 0.866 0.00
  19 -5.338602667e+08 +5.77144859e+08 4.10e+01 3.2e-01 8.5e-03 0.903 0.866 0.00
  20 -5.338598003e+08 +5.77143926e+08 3.81e+01 2.9e-01 7.5e-03 0.902 0.867 0.00
  21 -5.338594066e+08 +5.77143139e+08 3.54e+01 2.6e-01 6.6e-03 0.902 0.867 0.00
  22 -5.338590734e+08 +5.77142472e+08 3.29e+01 2.3e-01 6.2e-03 0.902 0.867 0.00
  23 -5.338587896e+08 +5.77141905e+08 3.05e+01 2.1e-01 6.0e-03 0.902 0.867 0.00
  24 -5.338585463e+08 +5.77141418e+08 2.84e+01 1.9e-01 5.7e-03 0.902 0.867 0.00
  25 -5.338583365e+08 +5.77140999e+08 2.64e+01 1.7e-01 5.4e-03 0.902 0.867 0.00
  26 -5.338581546e+08 +5.77140635e+08 2.45e+01 1.5e-01 5.2e-03 0.902 0.867 0.00
  27 -5.338579963e+08 +5.77140318e+08 2.29e+01 1.4e-01 4.9e-03 0.902 0.867 0.00
  28 -5.338578583e+08 +5.77140042e+08 2.14e+01 1.2e-01 4.7e-03 0.902 0.867 0.00
  29 -5.338577379e+08 +5.77139801e+08 2.00e+01 1.1e-01 4.4e-03 0.902 0.867 0.00
  30 -5.338576325e+08 +5.77139591e+08 1.87e+01 1.0e-01 4.2e-03 0.902 0.867 0.00
  31 -5.338575401e+08 +5.77139406e+08 1.75e+01 9.4e-02 4.0e-03 0.902 0.867 0.00
  32 -5.338574591e+08 +5.77139244e+08 1.63e+01 8.6e-02 3.8e-03 0.902 0.867 0.00
  33 -5.338573879e+08 +5.77139101e+08 1.52e+01 7.9e-02 3.6e-03 0.902 0.867 0.00
  34 -5.338573251e+08 +5.77138976e+08 1.43e+01 7.3e-02 3.4e-03 0.902 0.867 0.00
  35 -5.338572699e+08 +5.77138865e+08 1.34e+01 6.7e-02 3.2e-03 0.902 0.867 0.00
  36 -5.338572211e+08 +5.77138768e+08 1.26e+01 6.2e-02 3.0e-03 0.902 0.867 0.00
  37 -5.338571780e+08 +5.77138682e+08 1.18e+01 5.7e-02 2.9e-03 0.902 0.867 0.00
  38 -5.338571399e+08 +5.77138605e+08 1.11e+01 5.3e-02 2.7e-03 0.902 0.867 0.00
  39 -5.338571063e+08 +5.77138538e+08 1.04e+01 4.9e-02 2.6e-03 0.902 0.867 0.00
  40 -5.338570766e+08 +5.77138479e+08 9.77e+00 4.5e-02 2.4e-03 0.902 0.867 0.00
  41 -5.338570504e+08 +5.77138426e+08 9.18e+00 4.2e-02 2.3e-03 0.902 0.867 0.00
  42 -5.338570273e+08 +5.77138380e+08 8.62e+00 3.9e-02 2.2e-03 0.902 0.867 0.00
  43 -5.338570069e+08 +5.77138339e+08 8.10e+00 3.7e-02 2.0e-03 0.902 0.867 0.00
  44 -5.338569888e+08 +5.77138303e+08 7.61e+00 3.5e-02 1.9e-03 0.902 0.867 0.00
  45 -5.338569728e+08 +5.77138271e+08 7.15e+00 3.3e-02 1.8e-03 0.902 0.867 0.00
  46 -5.338569587e+08 +5.77138243e+08 6.73e+00 3.1e-02 1.7e-03 0.902 0.867 0.00
  47 -5.338569463e+08 +5.77138218e+08 6.33e+00 2.9e-02 1.6e-03 0.902 0.867 0.00
  48 -5.338569352e+08 +5.77138196e+08 5.95e+00 2.7e-02 1.5e-03 0.902 0.867 0.00
  49 -5.338569255e+08 +5.77138177e+08 5.59e+00 2.6e-02 1.4e-03 0.902 0.867 0.00
  50 -5.338569169e+08 +5.77138159e+08 5.25e+00 2.4e-02 1.3e-03 0.902 0.867 0.00
  51 -5.338569093e+08 +5.77138144e+08 4.94e+00 2.3e-02 1.3e-03 0.902 0.867 0.00
  52 -5.338569025e+08 +5.77138131e+08 4.64e+00 2.1e-02 1.2e-03 0.902 0.867 0.00
  53 -5.338568966e+08 +5.77138119e+08 4.37e+00 2.0e-02 1.1e-03 0.902 0.867 0.00
  54 -5.338568913e+08 +5.77138108e+08 4.11e+00 1.9e-02 1.1e-03 0.902 0.867 0.00
  55 -5.338568866e+08 +5.77138099e+08 3.86e+00 1.8e-02 1.0e-03 0.902 0.867 0.00
  56 -5.338568825e+08 +5.77138091e+08 3.63e+00 1.7e-02 9.4e-04 0.902 0.867 0.00
  57 -5.338568789e+08 +5.77138083e+08 3.41e+00 1.6e-02 8.8e-04 0.902 0.867 0.00
  58 -5.338568756e+08 +5.77138077e+08 3.21e+00 1.5e-02 8.3e-04 0.902 0.867 0.00
  59 -5.338568728e+08 +5.77138071e+08 3.02e+00 1.4e-02 7.8e-04 0.902 0.867 0.00
  60 -5.338568702e+08 +5.77138066e+08 2.84e+00 1.3e-02 7.4e-04 0.902 0.867 0.00
  61 -5.338568680e+08 +5.77138062e+08 2.67e+00 1.2e-02 6.9e-04 0.902 0.867 0.00
  62 -5.338568660e+08 +5.77138058e+08 2.51e+00 1.2e-02 6.5e-04 0.902 0.867 0.00
  63 -5.338568643e+08 +5.77138054e+08 2.36e+00 1.1e-02 6.1e-04 0.902 0.867 0.00
  64 -5.338568627e+08 +5.77138051e+08 2.22e+00 1.0e-02 5.8e-04 0.902 0.867 0.00
  65 -5.338568614e+08 +5.77138048e+08 2.09e+00 9.7e-03 5.4e-04 0.902 0.867 0.00
  66 -5.338568602e+08 +5.77138046e+08 1.97e+00 9.1e-03 5.1e-04 0.902 0.867 0.00
  67 -5.338568591e+08 +5.77138044e+08 1.85e+00 8.6e-03 4.8e-04 0.902 0.867 0.00
  68 -5.338568581e+08 +5.77138042e+08 1.74e+00 8.1e-03 4.5e-04 0.902 0.867 0.00
  69 -5.338568573e+08 +5.77138040e+08 1.64e+00 7.6e-03 4.3e-04 0.902 0.867 0.00
  70 -5.338568566e+08 +5.77138039e+08 1.54e+00 7.1e-03 4.0e-04 0.902 0.867 0.00
  71 -5.338568559e+08 +5.77138037e+08 1.45e+00 6.7e-03 3.8e-04 0.902 0.867 0.00
  72 -5.338568553e+08 +5.77138036e+08 1.36e+00 6.3e-03 3.5e-04 0.902 0.867 0.00
  73 -5.338568548e+08 +5.77138035e+08 1.28e+00 5.9e-03 3.3e-04 0.902 0.867 0.00
  74 -5.338568544e+08 +5.77138034e+08 1.20e+00 5.6e-03 3.1e-04 0.902 0.867 0.00
  75 -5.338568540e+08 +5.77138034e+08 1.13e+00 5.2e-03 2.9e-04 0.902 0.867 0.00
  76 -5.338568536e+08 +5.77138033e+08 1.06e+00 4.9e-03 2.8e-04 0.902 0.867 0.00
  77 -5.338568533e+08 +5.77138032e+08 9.99e-01 4.6e-03 2.6e-04 0.902 0.867 0.00
  78 -5.338568531e+08 +5.77138032e+08 9.38e-01 4.3e-03 2.4e-04 0.902 0.867 0.00
  79 -5.338568528e+08 +5.77138031e+08 8.81e-01 4.1e-03 2.3e-04 0.902 0.867 0.00
  80 -5.338568526e+08 +5.77138031e+08 8.28e-01 3.8e-03 2.1e-04 0.902 0.867 0.00
  81 -5.338568524e+08 +5.77138030e+08 7.78e-01 3.6e-03 2.0e-04 0.902 0.867 0.00
  82 -5.338568522e+08 +5.77138030e+08 7.31e-01 3.4e-03 1.9e-04 0.902 0.867 0.00
  83 -5.338568521e+08 +5.77138030e+08 6.87e-01 3.2e-03 1.8e-04 0.902 0.867 0.00
  84 -5.338568520e+08 +5.77138030e+08 6.45e-01 3.0e-03 1.7e-04 0.902 0.867 0.00
  85 -5.338568519e+08 +5.77138029e+08 6.06e-01 2.8e-03 1.6e-04 0.902 0.867 0.00
  86 -5.338568518e+08 +5.77138029e+08 5.69e-01 2.6e-03 1.5e-04 0.902 0.867 0.00
  87 -5.338568517e+08 +5.77138029e+08 5.35e-01 2.5e-03 1.4e-04 0.902 0.867 0.00
  88 -5.338568516e+08 +5.77138029e+08 5.02e-01 2.3e-03 1.3e-04 0.902 0.867 0.00
  89 -5.338568515e+08 +5.77138029e+08 4.72e-01 2.2e-03 1.2e-04 0.902 0.867 0.00
  90 -5.338568515e+08 +5.77138029e+08 4.43e-01 2.0e-03 1.1e-04 0.902 0.867 0.00
  91 -5.338568514e+08 +5.77138028e+08 4.16e-01 1.9e-03 1.1e-04 0.902 0.867 0.00
  92 -5.338568514e+08 +5.77138028e+08 3.91e-01 1.8e-03 1.0e-04 0.902 0.867 0.00
  93 -5.338568513e+08 +5.77138028e+08 3.67e-01 1.7e-03 9.5e-05 0.902 0.867 0.00
  94 -5.338568513e+08 +5.77138028e+08 3.45e-01 1.6e-03 8.9e-05 0.902 0.867 0.00
  95 -5.338568513e+08 +5.77138028e+08 3.24e-01 1.5e-03 8.4e-05 0.902 0.867 0.00
  96 -5.338568512e+08 +5.77138028e+08 3.05e-01 1.4e-03 7.9e-05 0.902 0.867 0.00
  97 -5.338568512e+08 +5.77138028e+08 2.86e-01 1.3e-03 7.4e-05 0.902 0.867 0.00
  98 -5.338568512e+08 +5.77138028e+08 2.69e-01 1.2e-03 7.0e-05 0.902 0.867 0.00
  99 -5.338568512e+08 +5.77138028e+08 2.53e-01 1.2e-03 6.5e-05 0.902 0.867 0.00
 100 -5.338568511e+08 +5.77138028e+08 2.37e-01 1.1e-03 6.1e-05 0.902 0.867 0.00
> saveRDS(fit, file=paste0("../data/gom-data/topics",clustnum,".human.data.filterC.log.indv-cell.intNo0.reg-",data.source,".bc1.rds"))
> 
> 
> #Run analyses for chimp data
> print("Loading chimp data")
[1] "Loading chimp data"
> 
> #Load data
> scrna <- paste0("../data/cellranger-data-full/data.filterC.log.indv-cell.intNo0.reg-",data.source,".rds")
> data <- readRDS(scrna)
> data <- subset(data, subset=Species=="Chimp")
> 
> #Prepare data (unintegrated count data)
> counts <- as.matrix(data@assays$RNA@counts) #do not use integrated data
> counts <- counts[rowSums(counts>0)>0,]      #remove genes with 0 counts across cells
> counts <- t(as.matrix(counts))              #fix matrix orientation (barcodes x features)
> 
> #Batch correct counts - don't correct for species
> labelBatch1 <- as.factor(paste0(data@meta.data$Pair,data@meta.data$Replicate)[which(rownames(data@meta.data) %in% rownames(counts))])
> countsBC1 <- BatchCorrectedCounts(counts, labelBatch1, use_parallel=FALSE)
> rm(data,counts)
> 
> #Fit fastTopics model and save data
> fit <- fit_poisson_nmf(countsBC1, k=clustnum, numiter=100)
Using 4 RcppParallel threads.
Initializing factors using Topic SCORE algorithm.
Initializing loadings by running 10 SCD updates.
Using 4 RcppParallel threads.
Fitting rank-3 Poisson NMF to 53590 x 18128 dense matrix.
Running 100 SCD updates, without extrapolation (fastTopics 0.3-185).
iter   log-likelihood        deviance res(KKT)  |F-F'|  |L-L'| nz(F) nz(L) beta
   1 -5.860615263e+08 +6.38257872e+08 1.59e+04 9.8e+01 4.2e-01 0.899 0.832 0.00
   2 -5.849483347e+08 +6.36031489e+08 1.49e+03 5.5e+00 1.5e+00 0.904 0.881 0.00
   3 -5.845289678e+08 +6.35192755e+08 2.37e+03 2.7e+00 9.8e-01 0.905 0.896 0.00
   4 -5.843721993e+08 +6.34879218e+08 9.18e+02 2.4e+00 1.1e+00 0.905 0.890 0.00
   5 -5.843176357e+08 +6.34770091e+08 2.56e+02 1.9e+00 3.4e-01 0.905 0.880 0.00
   6 -5.842936365e+08 +6.34722093e+08 1.17e+02 1.5e+00 1.4e-01 0.906 0.875 0.00
   7 -5.842810347e+08 +6.34696889e+08 9.09e+01 1.2e+00 8.4e-02 0.906 0.872 0.00
   8 -5.842735888e+08 +6.34681997e+08 7.30e+01 1.0e+00 6.1e-02 0.905 0.871 0.00
   9 -5.842687807e+08 +6.34672381e+08 6.01e+01 9.0e-01 4.7e-02 0.905 0.871 0.00
  10 -5.842654941e+08 +6.34665808e+08 5.07e+01 7.7e-01 3.7e-02 0.905 0.871 0.00
  11 -5.842631609e+08 +6.34661141e+08 4.22e+01 6.7e-01 2.9e-02 0.905 0.871 0.00
  12 -5.842614667e+08 +6.34657753e+08 3.60e+01 5.8e-01 2.2e-02 0.905 0.871 0.00
  13 -5.842602100e+08 +6.34655240e+08 3.09e+01 5.1e-01 1.7e-02 0.905 0.871 0.00
  14 -5.842592645e+08 +6.34653349e+08 2.67e+01 4.4e-01 1.4e-02 0.905 0.871 0.00
  15 -5.842585481e+08 +6.34651916e+08 2.32e+01 3.8e-01 1.2e-02 0.905 0.872 0.00
  16 -5.842580013e+08 +6.34650822e+08 2.02e+01 3.3e-01 1.0e-02 0.905 0.871 0.00
  17 -5.842575821e+08 +6.34649984e+08 1.77e+01 2.9e-01 9.4e-03 0.905 0.872 0.00
  18 -5.842572598e+08 +6.34649339e+08 1.54e+01 2.6e-01 8.4e-03 0.905 0.871 0.00
  19 -5.842570118e+08 +6.34648843e+08 1.35e+01 2.3e-01 7.5e-03 0.905 0.871 0.00
  20 -5.842568211e+08 +6.34648462e+08 1.18e+01 2.0e-01 6.7e-03 0.905 0.871 0.00
  21 -5.842566744e+08 +6.34648169e+08 1.04e+01 1.7e-01 5.9e-03 0.905 0.871 0.00
  22 -5.842565617e+08 +6.34647943e+08 9.07e+00 1.5e-01 5.2e-03 0.905 0.871 0.00
  23 -5.842564750e+08 +6.34647770e+08 7.94e+00 1.3e-01 4.6e-03 0.905 0.871 0.00
  24 -5.842564082e+08 +6.34647636e+08 6.95e+00 1.2e-01 4.1e-03 0.905 0.871 0.00
  25 -5.842563568e+08 +6.34647533e+08 6.09e+00 1.0e-01 3.6e-03 0.905 0.871 0.00
  26 -5.842563173e+08 +6.34647454e+08 5.34e+00 9.0e-02 3.2e-03 0.905 0.871 0.00
  27 -5.842562869e+08 +6.34647393e+08 4.68e+00 7.9e-02 2.8e-03 0.905 0.871 0.00
  28 -5.842562635e+08 +6.34647347e+08 4.10e+00 6.9e-02 2.4e-03 0.905 0.871 0.00
  29 -5.842562455e+08 +6.34647311e+08 3.59e+00 6.1e-02 2.1e-03 0.905 0.871 0.00
  30 -5.842562317e+08 +6.34647283e+08 3.15e+00 5.3e-02 1.9e-03 0.905 0.871 0.00
  31 -5.842562211e+08 +6.34647262e+08 2.76e+00 4.7e-02 1.6e-03 0.905 0.871 0.00
  32 -5.842562130e+08 +6.34647246e+08 2.41e+00 4.1e-02 1.4e-03 0.905 0.871 0.00
  33 -5.842562068e+08 +6.34647233e+08 2.11e+00 3.6e-02 1.3e-03 0.905 0.871 0.00
  34 -5.842562021e+08 +6.34647224e+08 1.85e+00 3.1e-02 1.1e-03 0.905 0.871 0.00
  35 -5.842561985e+08 +6.34647217e+08 1.62e+00 2.7e-02 9.7e-04 0.905 0.871 0.00
  36 -5.842561957e+08 +6.34647211e+08 1.42e+00 2.4e-02 8.5e-04 0.905 0.871 0.00
  37 -5.842561936e+08 +6.34647207e+08 1.24e+00 2.1e-02 7.4e-04 0.905 0.871 0.00
  38 -5.842561920e+08 +6.34647204e+08 1.09e+00 1.8e-02 6.5e-04 0.905 0.871 0.00
  39 -5.842561907e+08 +6.34647201e+08 9.50e-01 1.6e-02 5.7e-04 0.905 0.871 0.00
  40 -5.842561898e+08 +6.34647199e+08 8.32e-01 1.4e-02 5.0e-04 0.905 0.871 0.00
  41 -5.842561890e+08 +6.34647198e+08 7.28e-01 1.2e-02 4.4e-04 0.905 0.871 0.00
  42 -5.842561885e+08 +6.34647197e+08 6.37e-01 1.1e-02 3.8e-04 0.905 0.871 0.00
  43 -5.842561880e+08 +6.34647196e+08 5.57e-01 9.4e-03 3.3e-04 0.905 0.871 0.00
  44 -5.842561877e+08 +6.34647195e+08 4.87e-01 8.2e-03 2.9e-04 0.905 0.871 0.00
  45 -5.842561875e+08 +6.34647195e+08 4.26e-01 7.2e-03 2.5e-04 0.905 0.871 0.00
  46 -5.842561873e+08 +6.34647194e+08 3.73e-01 6.3e-03 2.2e-04 0.905 0.871 0.00
  47 -5.842561871e+08 +6.34647194e+08 3.26e-01 5.5e-03 1.9e-04 0.905 0.871 0.00
  48 -5.842561870e+08 +6.34647194e+08 2.85e-01 4.8e-03 1.7e-04 0.905 0.871 0.00
  49 -5.842561869e+08 +6.34647194e+08 2.50e-01 4.2e-03 1.5e-04 0.905 0.871 0.00
  50 -5.842561869e+08 +6.34647193e+08 2.18e-01 3.7e-03 1.3e-04 0.905 0.871 0.00
  51 -5.842561868e+08 +6.34647193e+08 1.91e-01 3.2e-03 1.1e-04 0.905 0.871 0.00
  52 -5.842561868e+08 +6.34647193e+08 1.67e-01 2.8e-03 9.9e-05 0.905 0.871 0.00
  53 -5.842561867e+08 +6.34647193e+08 1.46e-01 2.5e-03 8.7e-05 0.905 0.871 0.00
  54 -5.842561867e+08 +6.34647193e+08 1.28e-01 2.2e-03 7.6e-05 0.905 0.871 0.00
  55 -5.842561867e+08 +6.34647193e+08 1.12e-01 1.9e-03 6.6e-05 0.905 0.871 0.00
  56 -5.842561867e+08 +6.34647193e+08 9.78e-02 1.6e-03 5.8e-05 0.905 0.871 0.00
  57 -5.842561867e+08 +6.34647193e+08 8.56e-02 1.4e-03 5.1e-05 0.905 0.871 0.00
  58 -5.842561867e+08 +6.34647193e+08 7.49e-02 1.3e-03 4.4e-05 0.905 0.871 0.00
  59 -5.842561867e+08 +6.34647193e+08 6.55e-02 1.1e-03 3.9e-05 0.905 0.871 0.00
  60 -5.842561867e+08 +6.34647193e+08 5.73e-02 9.7e-04 3.4e-05 0.905 0.871 0.00
  61 -5.842561867e+08 +6.34647193e+08 5.01e-02 8.4e-04 3.0e-05 0.905 0.871 0.00
  62 -5.842561867e+08 +6.34647193e+08 4.38e-02 7.4e-04 2.6e-05 0.905 0.871 0.00
  63 -5.842561867e+08 +6.34647193e+08 3.83e-02 6.5e-04 2.3e-05 0.905 0.871 0.00
  64 -5.842561867e+08 +6.34647193e+08 3.35e-02 5.6e-04 2.0e-05 0.905 0.871 0.00
  65 -5.842561867e+08 +6.34647193e+08 2.93e-02 4.9e-04 1.7e-05 0.905 0.871 0.00
  66 -5.842561867e+08 +6.34647193e+08 2.56e-02 4.3e-04 1.5e-05 0.905 0.871 0.00
  67 -5.842561867e+08 +6.34647193e+08 2.24e-02 3.8e-04 1.3e-05 0.905 0.871 0.00
  68 -5.842561867e+08 +6.34647193e+08 1.96e-02 3.3e-04 1.2e-05 0.905 0.871 0.00
  69 -5.842561867e+08 +6.34647193e+08 1.72e-02 2.9e-04 1.0e-05 0.905 0.871 0.00
  70 -5.842561867e+08 +6.34647193e+08 1.50e-02 2.5e-04 8.9e-06 0.905 0.871 0.00
  71 -5.842561867e+08 +6.34647193e+08 1.31e-02 2.2e-04 7.8e-06 0.905 0.871 0.00
  72 -5.842561866e+08 +6.34647193e+08 1.15e-02 1.9e-04 6.8e-06 0.905 0.871 0.00
  73 -5.842561866e+08 +6.34647193e+08 1.00e-02 1.7e-04 5.9e-06 0.905 0.871 0.00
  74 -5.842561866e+08 +6.34647193e+08 8.78e-03 1.5e-04 5.2e-06 0.905 0.871 0.00
  75 -5.842561866e+08 +6.34647193e+08 7.68e-03 1.3e-04 4.5e-06 0.905 0.871 0.00
  76 -5.842561866e+08 +6.34647193e+08 6.72e-03 1.1e-04 4.0e-06 0.905 0.871 0.00
  77 -5.842561866e+08 +6.34647193e+08 5.87e-03 9.9e-05 3.5e-06 0.905 0.871 0.00
  78 -5.842561866e+08 +6.34647193e+08 5.14e-03 8.6e-05 3.0e-06 0.905 0.871 0.00
  79 -5.842561866e+08 +6.34647193e+08 4.49e-03 7.6e-05 2.7e-06 0.905 0.871 0.00
  80 -5.842561866e+08 +6.34647193e+08 3.93e-03 6.6e-05 2.3e-06 0.905 0.871 0.00
  81 -5.842561866e+08 +6.34647193e+08 3.44e-03 5.8e-05 2.1e-06 0.905 0.871 0.00
  82 -5.842561866e+08 +6.34647193e+08 3.01e-03 5.1e-05 1.8e-06 0.905 0.871 0.00
  83 -5.842561866e+08 +6.34647193e+08 2.63e-03 4.4e-05 1.6e-06 0.905 0.871 0.00
  84 -5.842561866e+08 +6.34647193e+08 2.30e-03 3.9e-05 1.5e-06 0.905 0.871 0.00
  85 -5.842561866e+08 +6.34647193e+08 2.01e-03 3.4e-05 1.3e-06 0.905 0.871 0.00
  86 -5.842561866e+08 +6.34647193e+08 1.76e-03 3.0e-05 1.2e-06 0.905 0.871 0.00
  87 -5.842561866e+08 +6.34647193e+08 1.54e-03 2.6e-05 1.1e-06 0.905 0.871 0.00
  88 -5.842561866e+08 +6.34647193e+08 1.35e-03 2.3e-05 9.6e-07 0.905 0.871 0.00
  89 -5.842561866e+08 +6.34647193e+08 1.18e-03 2.0e-05 8.6e-07 0.905 0.871 0.00
  90 -5.842561866e+08 +6.34647193e+08 1.03e-03 1.7e-05 7.8e-07 0.905 0.871 0.00
  91 -5.842561866e+08 +6.34647193e+08 9.05e-04 1.5e-05 7.0e-07 0.905 0.871 0.00
  92 -5.842561866e+08 +6.34647193e+08 7.92e-04 1.3e-05 6.3e-07 0.905 0.871 0.00
  93 -5.842561866e+08 +6.34647193e+08 6.94e-04 1.2e-05 5.7e-07 0.905 0.871 0.00
  94 -5.842561866e+08 +6.34647193e+08 6.14e-04 1.0e-05 5.1e-07 0.905 0.871 0.00
  95 -5.842561866e+08 +6.34647193e+08 5.55e-04 8.9e-06 4.6e-07 0.905 0.871 0.00
  96 -5.842561866e+08 +6.34647193e+08 5.02e-04 7.7e-06 4.2e-07 0.905 0.871 0.00
  97 -5.842561866e+08 +6.34647193e+08 4.54e-04 6.8e-06 3.8e-07 0.905 0.871 0.00
  98 -5.842561866e+08 +6.34647193e+08 4.17e-04 5.9e-06 3.4e-07 0.905 0.871 0.00
  99 -5.842561866e+08 +6.34647193e+08 4.20e-04 5.2e-06 3.1e-07 0.905 0.871 0.00
 100 -5.842561866e+08 +6.34647193e+08 4.23e-04 4.5e-06 2.8e-07 0.905 0.871 0.00
> saveRDS(fit, file=paste0("../data/gom-data/topics",clustnum,".chimp.data.filterC.log.indv-cell.intNo0.reg-",data.source,".bc1.rds"))
> 
> proc.time()
     user    system   elapsed 
50285.374  7000.841 37257.517 
