
R version 3.6.1 (2019-07-05) -- "Action of the Toes"
Copyright (C) 2019 The R Foundation for Statistical Computing
Platform: x86_64-pc-linux-gnu (64-bit)

R is free software and comes with ABSOLUTELY NO WARRANTY.
You are welcome to redistribute it under certain conditions.
Type 'license()' or 'licence()' for distribution details.

R is a collaborative project with many contributors.
Type 'contributors()' for more information and
'citation()' on how to cite R or R packages in publications.

Type 'demo()' for some demos, 'help()' for on-line help, or
'help.start()' for an HTML browser interface to help.
Type 'q()' to quit R.

> #Read in command line arguments as list of character vectors
> args=(commandArgs(TRUE))
> 
> #Check if arguments are passed and cycle through to evaluate each element
> if(length(args)==0){
+   print("No arguments supplied.")
+   #supply default values
+   clustnum=3
+   data.source="tot"
+ }else{
+   for(i in 1:length(args)){
+     eval(parse(text=args[[i]]))
+   }
+ }
> print(paste0("k: ",clustnum))
[1] "k: 7"
> print(paste0("data source: ",data.source))
[1] "data source: tot"
> 
> #Load libraries
> library(Seurat)
> library(CountClust)
Loading required package: ggplot2
> library(classtpx)
Loading required package: slam
> library(fastTopics)
> 
> 
> #Run analyses for human data
> print("Loading human data")
[1] "Loading human data"
> 
> #Load data
> scrna <- paste0("../data/cellranger-data-full/data.filterC.log.indv-cell.intNo0.reg-",data.source,".rds")
> data <- readRDS(scrna)
> data <- subset(data, subset=Species=="Human")
> 
> #Prepare data (unintegrated count data)
> counts <- as.matrix(data@assays$RNA@counts) #do not use integrated data
> counts <- counts[rowSums(counts>0)>0,]      #remove genes with 0 counts across cells
> counts <- t(as.matrix(counts))              #fix matrix orientation (barcodes x features)
> rm(data)
> 
> #Fit fastTopics model and save data
> fit <- fit_poisson_nmf(counts, k=clustnum, numiter=100)
Using 4 RcppParallel threads.
Initializing factors using Topic SCORE algorithm.
Initializing loadings by running 10 SCD updates.
Using 4 RcppParallel threads.
Fitting rank-7 Poisson NMF to 47410 x 18150 dense matrix.
Running 100 SCD updates, without extrapolation (fastTopics 0.3-185).
iter   log-likelihood        deviance res(KKT)  |F-F'|  |L-L'| nz(F) nz(L) beta
   1 -5.298193742e+08 +5.68336889e+08 2.19e+04 1.8e+02 1.9e+00 0.785 0.564 0.00
   2 -5.236060675e+08 +5.55910275e+08 3.63e+04 5.1e+01 2.7e+00 0.796 0.766 0.00
   3 -5.214793163e+08 +5.51656773e+08 6.55e+03 2.9e+01 1.9e+00 0.794 0.662 0.00
   4 -5.206614483e+08 +5.50021037e+08 3.64e+03 2.1e+01 1.2e+00 0.790 0.675 0.00
   5 -5.202195832e+08 +5.49137307e+08 2.08e+03 1.6e+01 8.2e-01 0.787 0.688 0.00
   6 -5.199034742e+08 +5.48505089e+08 1.21e+03 1.5e+01 5.9e-01 0.784 0.700 0.00
   7 -5.196449925e+08 +5.47988125e+08 1.57e+03 1.4e+01 5.0e-01 0.782 0.708 0.00
   8 -5.194288105e+08 +5.47555761e+08 1.40e+03 1.3e+01 3.7e-01 0.780 0.714 0.00
   9 -5.192524632e+08 +5.47203067e+08 1.01e+03 9.8e+00 3.1e-01 0.779 0.717 0.00
  10 -5.191070672e+08 +5.46912275e+08 7.00e+02 6.9e+00 3.1e-01 0.777 0.718 0.00
  11 -5.189825009e+08 +5.46663142e+08 5.95e+02 5.0e+00 3.0e-01 0.776 0.719 0.00
  12 -5.188722169e+08 +5.46442574e+08 8.74e+02 4.8e+00 2.8e-01 0.775 0.720 0.00
  13 -5.187715071e+08 +5.46241154e+08 1.36e+03 4.6e+00 2.6e-01 0.774 0.720 0.00
  14 -5.186765011e+08 +5.46051142e+08 8.66e+02 4.2e+00 4.4e-01 0.772 0.721 0.00
  15 -5.186059256e+08 +5.45909991e+08 7.78e+02 4.1e+00 3.3e-01 0.770 0.722 0.00
  16 -5.185578956e+08 +5.45813931e+08 7.50e+02 3.9e+00 1.6e-01 0.769 0.723 0.00
  17 -5.185228283e+08 +5.45743797e+08 6.68e+02 3.5e+00 1.3e-01 0.768 0.725 0.00
  18 -5.184956721e+08 +5.45689484e+08 5.22e+02 3.1e+00 1.1e-01 0.767 0.727 0.00
  19 -5.184737954e+08 +5.45645731e+08 3.88e+02 3.0e+00 8.6e-02 0.767 0.729 0.00
  20 -5.184557207e+08 +5.45609582e+08 4.04e+02 3.1e+00 7.7e-02 0.767 0.730 0.00
  21 -5.184405093e+08 +5.45579159e+08 3.99e+02 3.0e+00 7.0e-02 0.766 0.731 0.00
  22 -5.184274810e+08 +5.45553102e+08 3.77e+02 2.9e+00 6.4e-02 0.766 0.732 0.00
  23 -5.184161297e+08 +5.45530399e+08 3.47e+02 2.8e+00 5.9e-02 0.766 0.733 0.00
  24 -5.184061405e+08 +5.45510421e+08 5.42e+02 2.5e+00 5.4e-02 0.766 0.734 0.00
  25 -5.183974530e+08 +5.45493046e+08 5.97e+02 2.3e+00 5.1e-02 0.766 0.735 0.00
  26 -5.183898933e+08 +5.45477927e+08 5.93e+02 2.3e+00 4.8e-02 0.765 0.735 0.00
  27 -5.183832575e+08 +5.45464655e+08 5.76e+02 2.2e+00 4.5e-02 0.765 0.736 0.00
  28 -5.183774042e+08 +5.45452949e+08 5.54e+02 2.1e+00 4.2e-02 0.765 0.736 0.00
  29 -5.183722274e+08 +5.45442595e+08 5.29e+02 2.0e+00 3.9e-02 0.765 0.737 0.00
  30 -5.183676352e+08 +5.45433411e+08 5.01e+02 1.9e+00 3.7e-02 0.765 0.737 0.00
  31 -5.183635491e+08 +5.45425238e+08 4.69e+02 1.8e+00 3.4e-02 0.765 0.738 0.00
  32 -5.183599026e+08 +5.45417945e+08 4.38e+02 1.7e+00 3.2e-02 0.765 0.738 0.00
  33 -5.183566413e+08 +5.45411423e+08 4.07e+02 1.6e+00 3.0e-02 0.765 0.738 0.00
  34 -5.183537185e+08 +5.45405577e+08 3.77e+02 1.5e+00 2.8e-02 0.764 0.738 0.00
  35 -5.183510940e+08 +5.45400328e+08 3.47e+02 1.4e+00 2.7e-02 0.764 0.739 0.00
  36 -5.183487323e+08 +5.45395605e+08 3.18e+02 1.3e+00 2.5e-02 0.764 0.739 0.00
  37 -5.183466028e+08 +5.45391346e+08 2.92e+02 1.2e+00 2.3e-02 0.764 0.739 0.00
  38 -5.183446790e+08 +5.45387498e+08 2.67e+02 1.1e+00 2.2e-02 0.764 0.739 0.00
  39 -5.183429379e+08 +5.45384016e+08 2.43e+02 1.0e+00 2.1e-02 0.764 0.740 0.00
  40 -5.183413586e+08 +5.45380857e+08 2.20e+02 9.5e-01 2.0e-02 0.764 0.740 0.00
  41 -5.183399231e+08 +5.45377986e+08 1.97e+02 8.9e-01 1.9e-02 0.764 0.740 0.00
  42 -5.183386157e+08 +5.45375372e+08 1.76e+02 8.2e-01 1.8e-02 0.764 0.740 0.00
  43 -5.183374229e+08 +5.45372986e+08 1.55e+02 7.7e-01 1.7e-02 0.764 0.740 0.00
  44 -5.183363319e+08 +5.45370804e+08 1.34e+02 7.2e-01 1.6e-02 0.764 0.741 0.00
  45 -5.183353317e+08 +5.45368804e+08 1.30e+02 6.8e-01 1.5e-02 0.764 0.741 0.00
  46 -5.183344137e+08 +5.45366968e+08 1.35e+02 6.4e-01 1.4e-02 0.764 0.741 0.00
  47 -5.183335696e+08 +5.45365279e+08 1.40e+02 6.0e-01 1.4e-02 0.764 0.741 0.00
  48 -5.183327921e+08 +5.45363724e+08 1.45e+02 5.7e-01 1.3e-02 0.764 0.741 0.00
  49 -5.183320747e+08 +5.45362290e+08 1.50e+02 5.4e-01 1.2e-02 0.764 0.741 0.00
  50 -5.183314113e+08 +5.45360963e+08 1.54e+02 5.1e-01 1.2e-02 0.764 0.741 0.00
  51 -5.183307966e+08 +5.45359733e+08 1.58e+02 4.8e-01 1.1e-02 0.764 0.741 0.00
  52 -5.183302262e+08 +5.45358593e+08 1.62e+02 4.5e-01 1.1e-02 0.764 0.742 0.00
  53 -5.183296962e+08 +5.45357533e+08 1.65e+02 4.3e-01 1.0e-02 0.764 0.742 0.00
  54 -5.183292031e+08 +5.45356546e+08 1.68e+02 4.1e-01 9.6e-03 0.764 0.742 0.00
  55 -5.183287438e+08 +5.45355628e+08 1.71e+02 3.9e-01 9.2e-03 0.764 0.742 0.00
  56 -5.183283153e+08 +5.45354771e+08 1.75e+02 3.7e-01 8.8e-03 0.763 0.742 0.00
  57 -5.183279149e+08 +5.45353970e+08 1.78e+02 3.5e-01 8.4e-03 0.763 0.742 0.00
  58 -5.183275403e+08 +5.45353221e+08 1.81e+02 3.3e-01 8.0e-03 0.763 0.742 0.00
  59 -5.183271893e+08 +5.45352519e+08 1.84e+02 3.2e-01 7.7e-03 0.763 0.742 0.00
  60 -5.183268599e+08 +5.45351860e+08 1.86e+02 3.0e-01 7.4e-03 0.763 0.742 0.00
  61 -5.183265503e+08 +5.45351241e+08 1.89e+02 2.9e-01 7.1e-03 0.763 0.742 0.00
  62 -5.183262590e+08 +5.45350658e+08 1.91e+02 2.7e-01 6.8e-03 0.763 0.742 0.00
  63 -5.183259848e+08 +5.45350110e+08 1.92e+02 2.6e-01 6.6e-03 0.763 0.743 0.00
  64 -5.183257262e+08 +5.45349593e+08 1.94e+02 2.5e-01 6.4e-03 0.763 0.743 0.00
  65 -5.183254821e+08 +5.45349104e+08 1.95e+02 2.4e-01 6.3e-03 0.763 0.743 0.00
  66 -5.183252511e+08 +5.45348642e+08 1.98e+02 2.3e-01 6.2e-03 0.763 0.743 0.00
  67 -5.183250320e+08 +5.45348204e+08 2.01e+02 2.3e-01 6.1e-03 0.763 0.743 0.00
  68 -5.183248239e+08 +5.45347788e+08 2.03e+02 2.2e-01 6.0e-03 0.763 0.743 0.00
  69 -5.183246260e+08 +5.45347392e+08 2.05e+02 2.2e-01 5.9e-03 0.763 0.743 0.00
  70 -5.183244378e+08 +5.45347016e+08 2.07e+02 2.2e-01 5.8e-03 0.763 0.743 0.00
  71 -5.183242584e+08 +5.45346657e+08 2.08e+02 2.2e-01 5.7e-03 0.763 0.743 0.00
  72 -5.183240874e+08 +5.45346315e+08 2.10e+02 2.2e-01 5.6e-03 0.763 0.743 0.00
  73 -5.183239242e+08 +5.45345989e+08 2.11e+02 2.1e-01 5.5e-03 0.763 0.743 0.00
  74 -5.183237682e+08 +5.45345677e+08 2.12e+02 2.1e-01 5.5e-03 0.763 0.743 0.00
  75 -5.183236189e+08 +5.45345378e+08 2.14e+02 2.1e-01 5.4e-03 0.763 0.743 0.00
  76 -5.183234760e+08 +5.45345092e+08 2.15e+02 2.1e-01 5.3e-03 0.763 0.743 0.00
  77 -5.183233389e+08 +5.45344818e+08 2.16e+02 2.1e-01 5.2e-03 0.763 0.743 0.00
  78 -5.183232072e+08 +5.45344555e+08 2.18e+02 2.1e-01 5.2e-03 0.763 0.743 0.00
  79 -5.183230805e+08 +5.45344301e+08 2.20e+02 2.0e-01 5.1e-03 0.763 0.743 0.00
  80 -5.183229585e+08 +5.45344057e+08 2.21e+02 2.0e-01 5.0e-03 0.763 0.743 0.00
  81 -5.183228409e+08 +5.45343822e+08 2.23e+02 2.0e-01 5.0e-03 0.763 0.743 0.00
  82 -5.183227274e+08 +5.45343595e+08 2.25e+02 2.0e-01 4.9e-03 0.763 0.743 0.00
  83 -5.183226206e+08 +5.45343381e+08 2.26e+02 2.0e-01 4.9e-03 0.763 0.744 0.00
  84 -5.183225265e+08 +5.45343193e+08 1.93e+02 1.9e-01 3.9e-03 0.763 0.744 0.00
  85 -5.183224416e+08 +5.45343023e+08 1.75e+02 1.9e-01 3.6e-03 0.763 0.744 0.00
  86 -5.183223643e+08 +5.45342869e+08 1.63e+02 1.8e-01 3.4e-03 0.763 0.744 0.00
  87 -5.183222934e+08 +5.45342727e+08 1.55e+02 1.8e-01 3.3e-03 0.762 0.744 0.00
  88 -5.183222282e+08 +5.45342597e+08 1.48e+02 1.7e-01 3.2e-03 0.762 0.744 0.00
  89 -5.183221680e+08 +5.45342476e+08 1.43e+02 1.6e-01 3.0e-03 0.762 0.744 0.00
  90 -5.183221123e+08 +5.45342365e+08 1.39e+02 1.6e-01 2.9e-03 0.762 0.744 0.00
  91 -5.183220607e+08 +5.45342262e+08 1.34e+02 1.5e-01 2.8e-03 0.762 0.744 0.00
  92 -5.183220129e+08 +5.45342166e+08 1.31e+02 1.4e-01 2.7e-03 0.762 0.744 0.00
  93 -5.183219684e+08 +5.45342077e+08 1.28e+02 1.3e-01 2.6e-03 0.762 0.744 0.00
  94 -5.183219270e+08 +5.45341994e+08 1.25e+02 1.3e-01 2.5e-03 0.762 0.744 0.00
  95 -5.183218884e+08 +5.45341917e+08 1.22e+02 1.2e-01 2.4e-03 0.762 0.744 0.00
  96 -5.183218525e+08 +5.45341845e+08 1.19e+02 1.2e-01 2.3e-03 0.762 0.744 0.00
  97 -5.183218189e+08 +5.45341778e+08 1.16e+02 1.1e-01 2.2e-03 0.762 0.744 0.00
  98 -5.183217876e+08 +5.45341715e+08 1.14e+02 1.0e-01 2.2e-03 0.762 0.744 0.00
  99 -5.183217582e+08 +5.45341657e+08 1.12e+02 9.8e-02 2.1e-03 0.762 0.744 0.00
 100 -5.183217307e+08 +5.45341602e+08 1.09e+02 9.3e-02 2.0e-03 0.762 0.744 0.00
> saveRDS(fit, file=paste0("../data/gom-data/topics",clustnum,".human.data.filterC.log.indv-cell.intNo0.reg-",data.source,".rds"))
> 
> 
> #Run analyses for chimp data
> print("Loading chimp data")
[1] "Loading chimp data"
> 
> #Load data
> scrna <- paste0("../data/cellranger-data-full/data.filterC.log.indv-cell.intNo0.reg-",data.source,".rds")
> data <- readRDS(scrna)
> data <- subset(data, subset=Species=="Chimp")
> 
> #Prepare data (unintegrated count data)
> counts <- as.matrix(data@assays$RNA@counts) #do not use integrated data
> counts <- counts[rowSums(counts>0)>0,]      #remove genes with 0 counts across cells
> counts <- t(as.matrix(counts))              #fix matrix orientation (barcodes x features)
> rm(data)
> 
> #Fit fastTopics model and save data
> fit <- fit_poisson_nmf(counts, k=clustnum, numiter=100)
Using 4 RcppParallel threads.
Initializing factors using Topic SCORE algorithm.
Initializing loadings by running 10 SCD updates.
Using 4 RcppParallel threads.
Fitting rank-7 Poisson NMF to 53590 x 18128 dense matrix.
Running 100 SCD updates, without extrapolation (fastTopics 0.3-185).
iter   log-likelihood        deviance res(KKT)  |F-F'|  |L-L'| nz(F) nz(L) beta
   1 -5.874486531e+08 +6.39906687e+08 1.84e+04 1.2e+02 1.0e+00 0.725 0.631 0.00
   2 -5.798743349e+08 +6.24758051e+08 3.64e+04 8.5e+01 3.1e+00 0.728 0.748 0.00
   3 -5.774525376e+08 +6.19914456e+08 7.51e+03 6.8e+01 3.9e+00 0.734 0.714 0.00
   4 -5.764723120e+08 +6.17954005e+08 4.82e+03 3.9e+01 1.5e+00 0.743 0.693 0.00
   5 -5.759888471e+08 +6.16987076e+08 4.13e+03 1.8e+01 8.2e-01 0.747 0.676 0.00
   6 -5.757017737e+08 +6.16412929e+08 4.29e+03 9.4e+00 4.8e-01 0.751 0.664 0.00
   7 -5.755047824e+08 +6.16018946e+08 4.11e+03 8.5e+00 3.7e-01 0.754 0.657 0.00
   8 -5.753476866e+08 +6.15704754e+08 3.76e+03 8.2e+00 3.5e-01 0.756 0.654 0.00
   9 -5.752084759e+08 +6.15426333e+08 3.33e+03 8.0e+00 4.2e-01 0.757 0.650 0.00
  10 -5.750762527e+08 +6.15161887e+08 2.92e+03 1.0e+01 5.1e-01 0.757 0.647 0.00
  11 -5.749422017e+08 +6.14893785e+08 2.55e+03 1.3e+01 6.2e-01 0.757 0.644 0.00
  12 -5.748057823e+08 +6.14620946e+08 2.35e+03 1.4e+01 6.9e-01 0.757 0.642 0.00
  13 -5.746708863e+08 +6.14351154e+08 2.87e+03 1.3e+01 6.8e-01 0.757 0.640 0.00
  14 -5.745420597e+08 +6.14093501e+08 3.38e+03 1.1e+01 5.6e-01 0.757 0.639 0.00
  15 -5.744220192e+08 +6.13853420e+08 3.79e+03 9.5e+00 5.9e-01 0.757 0.637 0.00
  16 -5.743110960e+08 +6.13631573e+08 3.94e+03 7.9e+00 5.8e-01 0.757 0.636 0.00
  17 -5.742098075e+08 +6.13428996e+08 3.77e+03 6.6e+00 4.7e-01 0.758 0.636 0.00
  18 -5.741174628e+08 +6.13244307e+08 3.35e+03 5.7e+00 2.9e-01 0.759 0.637 0.00
  19 -5.740324269e+08 +6.13074235e+08 3.57e+03 5.1e+00 2.0e-01 0.759 0.638 0.00
  20 -5.739531607e+08 +6.12915703e+08 3.08e+03 4.7e+00 1.9e-01 0.760 0.639 0.00
  21 -5.738791309e+08 +6.12767643e+08 1.96e+03 4.5e+00 1.9e-01 0.761 0.640 0.00
  22 -5.738096355e+08 +6.12628652e+08 1.80e+03 4.4e+00 1.8e-01 0.761 0.641 0.00
  23 -5.737433214e+08 +6.12496024e+08 1.67e+03 4.3e+00 1.8e-01 0.762 0.642 0.00
  24 -5.736782032e+08 +6.12365788e+08 1.58e+03 4.2e+00 1.8e-01 0.762 0.643 0.00
  25 -5.736132474e+08 +6.12235876e+08 1.52e+03 4.2e+00 1.8e-01 0.763 0.644 0.00
  26 -5.735472614e+08 +6.12103904e+08 1.48e+03 4.2e+00 1.8e-01 0.763 0.645 0.00
  27 -5.734794423e+08 +6.11968266e+08 1.45e+03 4.2e+00 1.9e-01 0.764 0.646 0.00
  28 -5.734092412e+08 +6.11827864e+08 1.42e+03 4.3e+00 1.9e-01 0.764 0.647 0.00
  29 -5.733353032e+08 +6.11679988e+08 1.40e+03 4.3e+00 2.4e-01 0.764 0.647 0.00
  30 -5.732574996e+08 +6.11524380e+08 1.40e+03 4.4e+00 3.8e-01 0.764 0.647 0.00
  31 -5.731762595e+08 +6.11361900e+08 1.78e+03 4.5e+00 7.6e-01 0.765 0.647 0.00
  32 -5.730960836e+08 +6.11201548e+08 1.60e+03 4.5e+00 6.8e-01 0.765 0.647 0.00
  33 -5.730300191e+08 +6.11069419e+08 1.29e+03 4.3e+00 5.6e-01 0.765 0.647 0.00
  34 -5.729822452e+08 +6.10973872e+08 1.07e+03 4.6e+00 2.5e-01 0.765 0.646 0.00
  35 -5.729477547e+08 +6.10904891e+08 9.11e+02 4.8e+00 1.9e-01 0.765 0.645 0.00
  36 -5.729209057e+08 +6.10851193e+08 7.64e+02 4.8e+00 1.4e-01 0.765 0.645 0.00
  37 -5.728983899e+08 +6.10806161e+08 6.54e+02 4.7e+00 1.4e-01 0.765 0.645 0.00
  38 -5.728785277e+08 +6.10766437e+08 5.75e+02 4.6e+00 1.4e-01 0.764 0.645 0.00
  39 -5.728604022e+08 +6.10730186e+08 5.19e+02 4.5e+00 1.4e-01 0.764 0.645 0.00
  40 -5.728430895e+08 +6.10695560e+08 5.21e+02 4.4e+00 1.3e-01 0.764 0.645 0.00
  41 -5.728261236e+08 +6.10661628e+08 5.36e+02 4.3e+00 1.3e-01 0.764 0.645 0.00
  42 -5.728090143e+08 +6.10627410e+08 5.43e+02 4.2e+00 1.3e-01 0.763 0.646 0.00
  43 -5.727914206e+08 +6.10592223e+08 5.46e+02 4.1e+00 1.3e-01 0.763 0.646 0.00
  44 -5.727729519e+08 +6.10555285e+08 5.46e+02 4.1e+00 1.4e-01 0.763 0.646 0.00
  45 -5.727532026e+08 +6.10515787e+08 5.45e+02 4.1e+00 1.4e-01 0.763 0.646 0.00
  46 -5.727321389e+08 +6.10473659e+08 5.85e+02 4.2e+00 1.4e-01 0.762 0.646 0.00
  47 -5.727091699e+08 +6.10427721e+08 6.13e+02 4.2e+00 1.5e-01 0.761 0.647 0.00
  48 -5.726848283e+08 +6.10379038e+08 6.19e+02 4.3e+00 1.5e-01 0.761 0.647 0.00
  49 -5.726584733e+08 +6.10326328e+08 6.37e+02 4.4e+00 1.7e-01 0.760 0.648 0.00
  50 -5.726297696e+08 +6.10268920e+08 6.60e+02 4.5e+00 1.9e-01 0.760 0.649 0.00
  51 -5.725984640e+08 +6.10206309e+08 6.70e+02 4.6e+00 2.1e-01 0.759 0.649 0.00
  52 -5.725645599e+08 +6.10138501e+08 6.94e+02 4.7e+00 2.3e-01 0.759 0.650 0.00
  53 -5.725284043e+08 +6.10066190e+08 7.16e+02 4.8e+00 2.4e-01 0.758 0.650 0.00
  54 -5.724905628e+08 +6.09990507e+08 7.33e+02 4.8e+00 2.5e-01 0.757 0.651 0.00
  55 -5.724516413e+08 +6.09912664e+08 7.40e+02 4.7e+00 2.6e-01 0.757 0.652 0.00
  56 -5.724125400e+08 +6.09834461e+08 7.59e+02 4.6e+00 2.7e-01 0.756 0.653 0.00
  57 -5.723740595e+08 +6.09757500e+08 7.91e+02 4.5e+00 2.7e-01 0.756 0.654 0.00
  58 -5.723368831e+08 +6.09683147e+08 8.01e+02 4.3e+00 2.6e-01 0.756 0.655 0.00
  59 -5.723015800e+08 +6.09612541e+08 7.89e+02 4.0e+00 2.5e-01 0.756 0.655 0.00
  60 -5.722685616e+08 +6.09546505e+08 7.58e+02 3.8e+00 2.4e-01 0.755 0.656 0.00
  61 -5.722379851e+08 +6.09485351e+08 7.21e+02 3.5e+00 2.2e-01 0.755 0.657 0.00
  62 -5.722099935e+08 +6.09429368e+08 6.71e+02 3.3e+00 2.1e-01 0.755 0.658 0.00
  63 -5.721846660e+08 +6.09378713e+08 6.11e+02 3.1e+00 1.9e-01 0.755 0.659 0.00
  64 -5.721619927e+08 +6.09333367e+08 5.45e+02 2.8e+00 1.8e-01 0.755 0.659 0.00
  65 -5.721418851e+08 +6.09293151e+08 5.51e+02 2.6e+00 1.7e-01 0.755 0.660 0.00
  66 -5.721241459e+08 +6.09257673e+08 5.67e+02 2.4e+00 1.6e-01 0.755 0.661 0.00
  67 -5.721085728e+08 +6.09226527e+08 5.93e+02 2.3e+00 1.4e-01 0.755 0.661 0.00
  68 -5.720950140e+08 +6.09199409e+08 7.45e+02 2.0e+00 1.3e-01 0.755 0.662 0.00
  69 -5.720831559e+08 +6.09175693e+08 8.18e+02 1.9e+00 1.2e-01 0.755 0.662 0.00
  70 -5.720727385e+08 +6.09154858e+08 9.59e+02 1.7e+00 1.0e-01 0.755 0.663 0.00
  71 -5.720635516e+08 +6.09136484e+08 1.01e+03 1.5e+00 9.2e-02 0.755 0.664 0.00
  72 -5.720553965e+08 +6.09120174e+08 1.01e+03 1.4e+00 8.1e-02 0.755 0.664 0.00
  73 -5.720481195e+08 +6.09105620e+08 1.00e+03 1.3e+00 7.3e-02 0.755 0.664 0.00
  74 -5.720415990e+08 +6.09092579e+08 9.71e+02 1.1e+00 6.5e-02 0.755 0.664 0.00
  75 -5.720357384e+08 +6.09080858e+08 9.33e+02 1.1e+00 5.9e-02 0.755 0.665 0.00
  76 -5.720304551e+08 +6.09070291e+08 8.92e+02 1.0e+00 5.3e-02 0.755 0.665 0.00
  77 -5.720256836e+08 +6.09060748e+08 8.51e+02 9.8e-01 4.8e-02 0.755 0.665 0.00
  78 -5.720213763e+08 +6.09052134e+08 8.07e+02 9.4e-01 4.3e-02 0.755 0.666 0.00
  79 -5.720174834e+08 +6.09044348e+08 7.59e+02 9.0e-01 3.9e-02 0.755 0.666 0.00
  80 -5.720139641e+08 +6.09037309e+08 7.09e+02 8.6e-01 3.5e-02 0.755 0.666 0.00
  81 -5.720107877e+08 +6.09030957e+08 7.08e+02 8.3e-01 3.2e-02 0.755 0.666 0.00
  82 -5.720079181e+08 +6.09025217e+08 7.06e+02 7.9e-01 2.9e-02 0.755 0.666 0.00
  83 -5.720053266e+08 +6.09020035e+08 7.01e+02 7.5e-01 2.7e-02 0.755 0.667 0.00
  84 -5.720029833e+08 +6.09015348e+08 6.95e+02 7.1e-01 2.4e-02 0.755 0.667 0.00
  85 -5.720008637e+08 +6.09011109e+08 6.87e+02 6.8e-01 2.2e-02 0.755 0.667 0.00
  86 -5.719989464e+08 +6.09007274e+08 6.77e+02 6.4e-01 2.1e-02 0.755 0.667 0.00
  87 -5.719972088e+08 +6.09003799e+08 6.67e+02 6.1e-01 2.0e-02 0.755 0.667 0.00
  88 -5.719956333e+08 +6.09000648e+08 6.56e+02 5.8e-01 1.9e-02 0.755 0.667 0.00
  89 -5.719942032e+08 +6.08997788e+08 6.44e+02 5.6e-01 1.8e-02 0.755 0.668 0.00
  90 -5.719929044e+08 +6.08995190e+08 6.32e+02 5.3e-01 1.7e-02 0.755 0.668 0.00
  91 -5.719917253e+08 +6.08992832e+08 6.19e+02 5.0e-01 1.7e-02 0.755 0.668 0.00
  92 -5.719906568e+08 +6.08990695e+08 6.04e+02 4.8e-01 1.6e-02 0.755 0.668 0.00
  93 -5.719896903e+08 +6.08988762e+08 5.89e+02 4.5e-01 1.5e-02 0.755 0.668 0.00
  94 -5.719888208e+08 +6.08987023e+08 5.70e+02 4.3e-01 1.4e-02 0.755 0.668 0.00
  95 -5.719880388e+08 +6.08985459e+08 5.51e+02 4.2e-01 1.4e-02 0.755 0.668 0.00
  96 -5.719873358e+08 +6.08984053e+08 5.31e+02 4.0e-01 1.3e-02 0.755 0.668 0.00
  97 -5.719867043e+08 +6.08982790e+08 5.11e+02 3.8e-01 1.2e-02 0.755 0.668 0.00
  98 -5.719861373e+08 +6.08981656e+08 4.90e+02 3.6e-01 1.2e-02 0.755 0.668 0.00
  99 -5.719856290e+08 +6.08980639e+08 4.70e+02 3.4e-01 1.1e-02 0.755 0.668 0.00
 100 -5.719851736e+08 +6.08979729e+08 4.50e+02 3.3e-01 1.0e-02 0.754 0.668 0.00
> saveRDS(fit, file=paste0("../data/gom-data/topics",clustnum,".chimp.data.filterC.log.indv-cell.intNo0.reg-",data.source,".rds"))
> 
> proc.time()
     user    system   elapsed 
86572.442  7119.405 43717.796 
