
R version 3.6.1 (2019-07-05) -- "Action of the Toes"
Copyright (C) 2019 The R Foundation for Statistical Computing
Platform: x86_64-pc-linux-gnu (64-bit)

R is free software and comes with ABSOLUTELY NO WARRANTY.
You are welcome to redistribute it under certain conditions.
Type 'license()' or 'licence()' for distribution details.

R is a collaborative project with many contributors.
Type 'contributors()' for more information and
'citation()' on how to cite R or R packages in publications.

Type 'demo()' for some demos, 'help()' for on-line help, or
'help.start()' for an HTML browser interface to help.
Type 'q()' to quit R.

> #Read in command line arguments as list of character vectors
> args=(commandArgs(TRUE))
> 
> #Check if arguments are passed and cycle through to evaluate each element
> if(length(args)==0){
+   print("No arguments supplied.")
+   #supply default values
+   clustnum=3
+   data.source="tot"
+ }else{
+   for(i in 1:length(args)){
+     eval(parse(text=args[[i]]))
+   }
+ }
> print(paste0("k: ",clustnum))
[1] "k: 6"
> print(paste0("data source: ",data.source))
[1] "data source: tot"
> 
> #Load libraries
> library(Seurat)
> library(CountClust)
Loading required package: ggplot2
> library(classtpx)
Loading required package: slam
> library(fastTopics)
> 
> 
> #Run analyses for human data
> print("Loading human data")
[1] "Loading human data"
> 
> #Load data
> scrna <- paste0("../data/cellranger-data-full/data.filterC.log.indv-cell.intNo0.reg-",data.source,".rds")
> data <- readRDS(scrna)
> data <- subset(data, subset=Species=="Human")
> 
> #Prepare data (unintegrated count data)
> counts <- as.matrix(data@assays$RNA@counts) #do not use integrated data
> counts <- counts[rowSums(counts>0)>0,]      #remove genes with 0 counts across cells
> counts <- t(as.matrix(counts))              #fix matrix orientation (barcodes x features)
> 
> #Batch correct counts - don't correct for species
> labelBatch1 <- as.factor(paste0(data@meta.data$Pair,data@meta.data$Replicate)[which(rownames(data@meta.data) %in% rownames(counts))])
> countsBC1 <- BatchCorrectedCounts(counts, labelBatch1, use_parallel=FALSE)
> rm(data,counts)
> 
> #Fit fastTopics model and save data
> fit <- fit_poisson_nmf(countsBC1, k=clustnum, numiter=100)
Using 4 RcppParallel threads.
Initializing factors using Topic SCORE algorithm.
Initializing loadings by running 10 SCD updates.
Using 4 RcppParallel threads.
Fitting rank-6 Poisson NMF to 47410 x 18150 dense matrix.
Running 100 SCD updates, without extrapolation (fastTopics 0.3-185).
iter   log-likelihood        deviance res(KKT)  |F-F'|  |L-L'| nz(F) nz(L) beta
   1 -5.220266836e+08 +5.53477693e+08 1.84e+03 7.3e+01 9.1e-01 0.794 0.594 0.00
   2 -5.185187554e+08 +5.46461836e+08 2.62e+03 1.7e+01 2.6e+00 0.797 0.711 0.00
   3 -5.167734671e+08 +5.42971260e+08 2.81e+03 1.5e+01 1.8e+00 0.797 0.733 0.00
   4 -5.158366985e+08 +5.41097723e+08 4.64e+03 1.5e+01 1.0e+00 0.796 0.759 0.00
   5 -5.153232494e+08 +5.40070824e+08 4.26e+03 1.4e+01 6.3e-01 0.792 0.767 0.00
   6 -5.150552549e+08 +5.39534835e+08 5.32e+03 1.3e+01 5.1e-01 0.787 0.770 0.00
   7 -5.149068517e+08 +5.39238029e+08 6.97e+03 1.2e+01 2.9e-01 0.783 0.774 0.00
   8 -5.148131086e+08 +5.39050543e+08 8.16e+03 1.1e+01 2.0e-01 0.780 0.778 0.00
   9 -5.147464900e+08 +5.38917306e+08 8.66e+03 1.0e+01 1.6e-01 0.777 0.782 0.00
  10 -5.146971829e+08 +5.38818691e+08 7.74e+03 8.6e+00 1.7e-01 0.775 0.785 0.00
  11 -5.146579843e+08 +5.38740294e+08 5.11e+03 6.6e+00 1.4e-01 0.773 0.789 0.00
  12 -5.146265584e+08 +5.38677442e+08 3.25e+03 4.5e+00 1.3e-01 0.771 0.791 0.00
  13 -5.146000506e+08 +5.38624427e+08 1.95e+03 3.6e+00 1.1e-01 0.770 0.793 0.00
  14 -5.145763384e+08 +5.38577002e+08 1.21e+03 3.6e+00 1.1e-01 0.769 0.795 0.00
  15 -5.145544420e+08 +5.38533210e+08 7.56e+02 3.6e+00 1.1e-01 0.768 0.796 0.00
  16 -5.145337987e+08 +5.38491923e+08 4.97e+02 3.5e+00 1.1e-01 0.767 0.798 0.00
  17 -5.145141104e+08 +5.38452546e+08 4.56e+02 3.5e+00 1.0e-01 0.766 0.799 0.00
  18 -5.144952407e+08 +5.38414807e+08 4.37e+02 3.5e+00 1.0e-01 0.765 0.800 0.00
  19 -5.144771405e+08 +5.38378606e+08 4.23e+02 3.6e+00 1.0e-01 0.765 0.801 0.00
  20 -5.144598215e+08 +5.38343968e+08 4.10e+02 3.7e+00 1.0e-01 0.764 0.802 0.00
  21 -5.144432909e+08 +5.38310907e+08 3.98e+02 3.8e+00 1.0e-01 0.764 0.803 0.00
  22 -5.144275314e+08 +5.38279388e+08 3.86e+02 3.8e+00 1.0e-01 0.763 0.804 0.00
  23 -5.144125453e+08 +5.38249416e+08 3.74e+02 3.8e+00 9.9e-02 0.763 0.804 0.00
  24 -5.143983246e+08 +5.38220975e+08 3.63e+02 3.8e+00 9.7e-02 0.762 0.805 0.00
  25 -5.143848599e+08 +5.38194045e+08 3.51e+02 3.7e+00 9.8e-02 0.762 0.806 0.00
  26 -5.143721379e+08 +5.38168601e+08 3.39e+02 3.6e+00 1.0e-01 0.762 0.807 0.00
  27 -5.143601540e+08 +5.38144634e+08 3.26e+02 3.5e+00 1.0e-01 0.761 0.808 0.00
  28 -5.143489016e+08 +5.38122129e+08 3.13e+02 3.4e+00 1.1e-01 0.761 0.808 0.00
  29 -5.143383653e+08 +5.38101056e+08 2.99e+02 3.3e+00 1.1e-01 0.760 0.809 0.00
  30 -5.143285232e+08 +5.38081372e+08 2.85e+02 3.2e+00 1.1e-01 0.760 0.810 0.00
  31 -5.143193501e+08 +5.38063026e+08 2.72e+02 3.1e+00 1.1e-01 0.760 0.811 0.00
  32 -5.143108120e+08 +5.38045950e+08 2.60e+02 3.1e+00 1.1e-01 0.760 0.811 0.00
  33 -5.143028785e+08 +5.38030083e+08 2.47e+02 3.0e+00 1.1e-01 0.759 0.812 0.00
  34 -5.142955097e+08 +5.38015345e+08 2.34e+02 3.0e+00 1.1e-01 0.759 0.812 0.00
  35 -5.142886682e+08 +5.38001662e+08 2.35e+02 2.9e+00 1.1e-01 0.759 0.813 0.00
  36 -5.142823100e+08 +5.37988946e+08 2.46e+02 2.9e+00 1.1e-01 0.758 0.813 0.00
  37 -5.142763941e+08 +5.37977114e+08 2.57e+02 2.8e+00 1.1e-01 0.758 0.814 0.00
  38 -5.142708835e+08 +5.37966093e+08 2.68e+02 2.8e+00 1.1e-01 0.758 0.814 0.00
  39 -5.142657369e+08 +5.37955799e+08 2.77e+02 2.8e+00 1.1e-01 0.757 0.815 0.00
  40 -5.142609162e+08 +5.37946158e+08 2.85e+02 2.7e+00 1.0e-01 0.757 0.815 0.00
  41 -5.142563858e+08 +5.37937097e+08 2.91e+02 2.7e+00 1.0e-01 0.757 0.816 0.00
  42 -5.142521164e+08 +5.37928558e+08 2.96e+02 2.7e+00 9.9e-02 0.756 0.816 0.00
  43 -5.142480821e+08 +5.37920490e+08 3.05e+02 2.6e+00 9.7e-02 0.756 0.817 0.00
  44 -5.142442581e+08 +5.37912842e+08 3.13e+02 2.6e+00 9.5e-02 0.756 0.817 0.00
  45 -5.142406240e+08 +5.37905574e+08 3.21e+02 2.6e+00 9.3e-02 0.756 0.817 0.00
  46 -5.142371613e+08 +5.37898648e+08 3.29e+02 2.6e+00 9.2e-02 0.756 0.818 0.00
  47 -5.142338525e+08 +5.37892031e+08 3.35e+02 2.6e+00 9.3e-02 0.755 0.818 0.00
  48 -5.142306830e+08 +5.37885692e+08 3.42e+02 2.6e+00 9.4e-02 0.755 0.818 0.00
  49 -5.142276400e+08 +5.37879606e+08 3.48e+02 2.6e+00 9.3e-02 0.755 0.818 0.00
  50 -5.142247163e+08 +5.37873758e+08 3.53e+02 2.5e+00 9.2e-02 0.755 0.819 0.00
  51 -5.142219031e+08 +5.37868132e+08 3.58e+02 2.5e+00 9.0e-02 0.755 0.819 0.00
  52 -5.142191874e+08 +5.37862700e+08 3.62e+02 2.5e+00 8.9e-02 0.754 0.819 0.00
  53 -5.142165656e+08 +5.37857457e+08 3.65e+02 2.5e+00 8.9e-02 0.754 0.819 0.00
  54 -5.142140398e+08 +5.37852405e+08 3.64e+02 2.5e+00 8.9e-02 0.754 0.819 0.00
  55 -5.142115928e+08 +5.37847511e+08 3.62e+02 2.6e+00 9.0e-02 0.754 0.819 0.00
  56 -5.142092127e+08 +5.37842751e+08 3.60e+02 2.6e+00 9.0e-02 0.754 0.820 0.00
  57 -5.142068890e+08 +5.37838104e+08 3.59e+02 2.6e+00 9.0e-02 0.753 0.820 0.00
  58 -5.142046125e+08 +5.37833551e+08 3.57e+02 2.6e+00 9.1e-02 0.753 0.820 0.00
  59 -5.142023753e+08 +5.37829076e+08 3.56e+02 2.7e+00 9.3e-02 0.753 0.820 0.00
  60 -5.142001694e+08 +5.37824664e+08 3.55e+02 2.7e+00 9.4e-02 0.753 0.821 0.00
  61 -5.141979864e+08 +5.37820298e+08 3.54e+02 2.7e+00 9.5e-02 0.753 0.821 0.00
  62 -5.141958188e+08 +5.37815963e+08 3.53e+02 2.7e+00 9.6e-02 0.753 0.821 0.00
  63 -5.141936606e+08 +5.37811647e+08 3.52e+02 2.7e+00 9.6e-02 0.753 0.821 0.00
  64 -5.141915071e+08 +5.37807340e+08 3.50e+02 2.7e+00 9.5e-02 0.753 0.822 0.00
  65 -5.141893518e+08 +5.37803029e+08 3.49e+02 2.8e+00 9.5e-02 0.753 0.822 0.00
  66 -5.141871890e+08 +5.37798704e+08 3.48e+02 2.8e+00 9.4e-02 0.753 0.822 0.00
  67 -5.141850138e+08 +5.37794353e+08 3.47e+02 2.8e+00 9.3e-02 0.752 0.823 0.00
  68 -5.141828222e+08 +5.37789970e+08 3.46e+02 2.8e+00 9.2e-02 0.752 0.823 0.00
  69 -5.141806112e+08 +5.37785548e+08 3.45e+02 2.8e+00 9.0e-02 0.752 0.823 0.00
  70 -5.141783774e+08 +5.37781080e+08 3.44e+02 2.8e+00 8.9e-02 0.752 0.824 0.00
  71 -5.141761180e+08 +5.37776562e+08 3.43e+02 2.8e+00 8.8e-02 0.752 0.824 0.00
  72 -5.141738316e+08 +5.37771989e+08 3.42e+02 2.8e+00 9.0e-02 0.752 0.824 0.00
  73 -5.141715161e+08 +5.37767358e+08 3.41e+02 2.8e+00 9.1e-02 0.752 0.825 0.00
  74 -5.141691707e+08 +5.37762667e+08 3.40e+02 2.8e+00 9.1e-02 0.751 0.825 0.00
  75 -5.141667944e+08 +5.37757914e+08 3.38e+02 2.8e+00 9.2e-02 0.751 0.825 0.00
  76 -5.141643878e+08 +5.37753101e+08 3.57e+02 2.8e+00 9.2e-02 0.751 0.826 0.00
  77 -5.141619529e+08 +5.37748231e+08 3.83e+02 2.8e+00 9.2e-02 0.751 0.826 0.00
  78 -5.141594937e+08 +5.37743313e+08 4.08e+02 2.8e+00 9.2e-02 0.751 0.826 0.00
  79 -5.141570150e+08 +5.37738356e+08 4.34e+02 2.8e+00 9.2e-02 0.750 0.827 0.00
  80 -5.141545173e+08 +5.37733360e+08 4.58e+02 2.7e+00 9.1e-02 0.750 0.827 0.00
  81 -5.141520010e+08 +5.37728328e+08 4.82e+02 2.7e+00 9.0e-02 0.750 0.828 0.00
  82 -5.141494682e+08 +5.37723262e+08 5.06e+02 2.7e+00 8.9e-02 0.750 0.828 0.00
  83 -5.141469241e+08 +5.37718174e+08 5.30e+02 2.6e+00 8.8e-02 0.750 0.828 0.00
  84 -5.141443760e+08 +5.37713078e+08 5.51e+02 2.6e+00 8.5e-02 0.750 0.829 0.00
  85 -5.141418285e+08 +5.37707983e+08 5.71e+02 2.5e+00 8.3e-02 0.750 0.829 0.00
  86 -5.141392871e+08 +5.37702900e+08 5.88e+02 2.5e+00 8.1e-02 0.750 0.830 0.00
  87 -5.141367553e+08 +5.37697836e+08 6.05e+02 2.4e+00 7.9e-02 0.749 0.830 0.00
  88 -5.141342397e+08 +5.37692805e+08 6.19e+02 2.3e+00 7.7e-02 0.749 0.831 0.00
  89 -5.141317445e+08 +5.37687815e+08 6.47e+02 2.2e+00 7.5e-02 0.749 0.831 0.00
  90 -5.141292737e+08 +5.37682873e+08 6.78e+02 2.2e+00 7.2e-02 0.749 0.832 0.00
  91 -5.141268394e+08 +5.37678004e+08 7.04e+02 2.1e+00 7.1e-02 0.749 0.832 0.00
  92 -5.141244443e+08 +5.37673214e+08 7.23e+02 2.0e+00 6.9e-02 0.749 0.833 0.00
  93 -5.141220958e+08 +5.37668517e+08 7.36e+02 2.0e+00 6.7e-02 0.749 0.833 0.00
  94 -5.141198097e+08 +5.37663945e+08 7.44e+02 1.9e+00 6.5e-02 0.748 0.833 0.00
  95 -5.141175930e+08 +5.37659512e+08 7.46e+02 1.8e+00 6.3e-02 0.749 0.834 0.00
  96 -5.141154481e+08 +5.37655222e+08 7.43e+02 1.7e+00 6.1e-02 0.749 0.834 0.00
  97 -5.141133803e+08 +5.37651086e+08 7.35e+02 1.6e+00 5.9e-02 0.749 0.835 0.00
  98 -5.141113951e+08 +5.37647116e+08 7.23e+02 1.6e+00 5.7e-02 0.748 0.835 0.00
  99 -5.141094960e+08 +5.37643318e+08 7.06e+02 1.5e+00 5.5e-02 0.748 0.835 0.00
 100 -5.141076863e+08 +5.37639698e+08 6.86e+02 1.5e+00 5.3e-02 0.748 0.836 0.00
> saveRDS(fit, file=paste0("../data/gom-data/topics",clustnum,".human.data.filterC.log.indv-cell.intNo0.reg-",data.source,".bc1.rds"))
> 
> 
> #Run analyses for chimp data
> print("Loading chimp data")
[1] "Loading chimp data"
> 
> #Load data
> scrna <- paste0("../data/cellranger-data-full/data.filterC.log.indv-cell.intNo0.reg-",data.source,".rds")
> data <- readRDS(scrna)
> data <- subset(data, subset=Species=="Chimp")
> 
> #Prepare data (unintegrated count data)
> counts <- as.matrix(data@assays$RNA@counts) #do not use integrated data
> counts <- counts[rowSums(counts>0)>0,]      #remove genes with 0 counts across cells
> counts <- t(as.matrix(counts))              #fix matrix orientation (barcodes x features)
> 
> #Batch correct counts - don't correct for species
> labelBatch1 <- as.factor(paste0(data@meta.data$Pair,data@meta.data$Replicate)[which(rownames(data@meta.data) %in% rownames(counts))])
> countsBC1 <- BatchCorrectedCounts(counts, labelBatch1, use_parallel=FALSE)
> rm(data,counts)
> 
> #Fit fastTopics model and save data
> fit <- fit_poisson_nmf(countsBC1, k=clustnum, numiter=100)
Using 4 RcppParallel threads.
Initializing factors using Topic SCORE algorithm.
Initializing loadings by running 10 SCD updates.
Using 4 RcppParallel threads.
Fitting rank-6 Poisson NMF to 53590 x 18128 dense matrix.
Running 100 SCD updates, without extrapolation (fastTopics 0.3-185).
iter   log-likelihood        deviance res(KKT)  |F-F'|  |L-L'| nz(F) nz(L) beta
   1 -5.734297148e+08 +6.12994249e+08 1.66e+04 2.3e+02 1.7e+00 0.826 0.532 0.00
   2 -5.693950117e+08 +6.04924843e+08 8.82e+03 3.5e+01 2.5e+00 0.833 0.787 0.00
   3 -5.680355482e+08 +6.02205916e+08 7.32e+03 2.3e+01 1.4e+00 0.822 0.696 0.00
   4 -5.674195475e+08 +6.00973915e+08 6.72e+03 2.0e+01 9.9e-01 0.815 0.720 0.00
   5 -5.670323375e+08 +6.00199495e+08 6.31e+03 1.6e+01 6.7e-01 0.810 0.739 0.00
   6 -5.667628373e+08 +5.99660494e+08 5.62e+03 1.3e+01 4.9e-01 0.806 0.753 0.00
   7 -5.665759217e+08 +5.99286663e+08 4.54e+03 1.0e+01 3.2e-01 0.803 0.761 0.00
   8 -5.664463972e+08 +5.99027614e+08 3.44e+03 9.7e+00 2.9e-01 0.800 0.767 0.00
   9 -5.663541826e+08 +5.98843185e+08 2.45e+03 9.1e+00 3.1e-01 0.797 0.771 0.00
  10 -5.662866886e+08 +5.98708197e+08 1.55e+03 8.3e+00 3.3e-01 0.795 0.774 0.00
  11 -5.662346059e+08 +5.98604032e+08 9.53e+02 7.6e+00 3.2e-01 0.794 0.777 0.00
  12 -5.661928556e+08 +5.98520531e+08 9.42e+02 6.9e+00 3.1e-01 0.792 0.778 0.00
  13 -5.661581105e+08 +5.98451041e+08 8.94e+02 6.4e+00 2.8e-01 0.791 0.780 0.00
  14 -5.661283711e+08 +5.98391562e+08 8.16e+02 5.9e+00 2.4e-01 0.791 0.781 0.00
  15 -5.661023276e+08 +5.98339475e+08 7.26e+02 5.5e+00 2.0e-01 0.790 0.781 0.00
  16 -5.660794595e+08 +5.98293739e+08 8.97e+02 5.1e+00 1.8e-01 0.790 0.782 0.00
  17 -5.660592597e+08 +5.98253339e+08 1.03e+03 4.7e+00 1.6e-01 0.789 0.783 0.00
  18 -5.660413978e+08 +5.98217615e+08 1.12e+03 4.4e+00 1.6e-01 0.789 0.783 0.00
  19 -5.660257319e+08 +5.98186283e+08 1.16e+03 4.0e+00 1.6e-01 0.789 0.783 0.00
  20 -5.660121595e+08 +5.98159139e+08 1.17e+03 3.7e+00 1.5e-01 0.789 0.783 0.00
  21 -5.660003288e+08 +5.98135477e+08 1.16e+03 3.4e+00 1.5e-01 0.788 0.783 0.00
  22 -5.659899828e+08 +5.98114785e+08 1.14e+03 3.1e+00 1.5e-01 0.788 0.783 0.00
  23 -5.659809044e+08 +5.98096629e+08 1.11e+03 2.9e+00 1.4e-01 0.788 0.783 0.00
  24 -5.659728944e+08 +5.98080608e+08 1.07e+03 2.6e+00 1.4e-01 0.788 0.783 0.00
  25 -5.659657710e+08 +5.98066362e+08 1.03e+03 2.4e+00 1.3e-01 0.788 0.783 0.00
  26 -5.659593384e+08 +5.98053496e+08 9.96e+02 2.2e+00 1.3e-01 0.788 0.782 0.00
  27 -5.659534440e+08 +5.98041708e+08 9.57e+02 2.0e+00 1.2e-01 0.788 0.782 0.00
  28 -5.659480690e+08 +5.98030958e+08 9.18e+02 1.9e+00 1.2e-01 0.788 0.782 0.00
  29 -5.659432798e+08 +5.98021379e+08 8.74e+02 1.7e+00 1.1e-01 0.788 0.782 0.00
  30 -5.659389447e+08 +5.98012709e+08 8.29e+02 1.5e+00 1.0e-01 0.787 0.782 0.00
  31 -5.659350037e+08 +5.98004827e+08 7.82e+02 1.4e+00 9.6e-02 0.787 0.781 0.00
  32 -5.659314092e+08 +5.97997638e+08 7.36e+02 1.3e+00 8.9e-02 0.787 0.781 0.00
  33 -5.659281001e+08 +5.97991020e+08 6.91e+02 1.2e+00 8.3e-02 0.787 0.781 0.00
  34 -5.659250248e+08 +5.97984869e+08 6.50e+02 1.1e+00 7.8e-02 0.786 0.780 0.00
  35 -5.659221392e+08 +5.97979098e+08 6.11e+02 1.1e+00 7.3e-02 0.787 0.780 0.00
  36 -5.659194083e+08 +5.97973636e+08 5.75e+02 1.0e+00 6.8e-02 0.787 0.780 0.00
  37 -5.659167958e+08 +5.97968411e+08 5.40e+02 1.0e+00 7.6e-02 0.787 0.779 0.00
  38 -5.659142622e+08 +5.97963344e+08 5.09e+02 1.0e+00 8.9e-02 0.787 0.779 0.00
  39 -5.659117645e+08 +5.97958349e+08 4.80e+02 1.0e+00 8.9e-02 0.787 0.779 0.00
  40 -5.659092660e+08 +5.97953352e+08 4.51e+02 1.0e+00 7.1e-02 0.787 0.779 0.00
  41 -5.659067368e+08 +5.97948293e+08 4.26e+02 1.1e+00 7.5e-02 0.787 0.779 0.00
  42 -5.659041377e+08 +5.97943095e+08 4.04e+02 1.1e+00 8.2e-02 0.787 0.778 0.00
  43 -5.659014226e+08 +5.97937665e+08 3.89e+02 1.1e+00 8.8e-02 0.787 0.778 0.00
  44 -5.658985449e+08 +5.97931909e+08 3.79e+02 1.2e+00 9.2e-02 0.787 0.778 0.00
  45 -5.658954623e+08 +5.97925744e+08 3.69e+02 1.2e+00 9.3e-02 0.787 0.777 0.00
  46 -5.658921448e+08 +5.97919109e+08 3.60e+02 1.3e+00 9.4e-02 0.787 0.777 0.00
  47 -5.658885650e+08 +5.97911950e+08 3.51e+02 1.3e+00 9.2e-02 0.787 0.776 0.00
  48 -5.658846991e+08 +5.97904218e+08 3.42e+02 1.4e+00 9.1e-02 0.787 0.776 0.00
  49 -5.658805320e+08 +5.97895884e+08 3.33e+02 1.5e+00 9.0e-02 0.787 0.776 0.00
  50 -5.658760561e+08 +5.97886932e+08 3.21e+02 1.5e+00 8.9e-02 0.788 0.776 0.00
  51 -5.658712759e+08 +5.97877371e+08 3.09e+02 1.6e+00 8.7e-02 0.788 0.775 0.00
  52 -5.658661895e+08 +5.97867199e+08 2.96e+02 1.7e+00 8.9e-02 0.788 0.775 0.00
  53 -5.658608233e+08 +5.97856466e+08 2.82e+02 1.7e+00 9.3e-02 0.788 0.774 0.00
  54 -5.658552132e+08 +5.97845246e+08 2.67e+02 1.8e+00 9.4e-02 0.787 0.774 0.00
  55 -5.658493973e+08 +5.97833614e+08 2.51e+02 1.9e+00 9.4e-02 0.788 0.774 0.00
  56 -5.658434024e+08 +5.97821625e+08 2.36e+02 1.9e+00 9.2e-02 0.788 0.773 0.00
  57 -5.658372498e+08 +5.97809319e+08 2.22e+02 1.9e+00 9.1e-02 0.788 0.773 0.00
  58 -5.658309694e+08 +5.97796758e+08 2.10e+02 1.9e+00 9.1e-02 0.788 0.773 0.00
  59 -5.658246030e+08 +5.97784026e+08 2.00e+02 1.9e+00 9.2e-02 0.788 0.772 0.00
  60 -5.658181857e+08 +5.97771191e+08 1.90e+02 1.9e+00 9.1e-02 0.788 0.772 0.00
  61 -5.658117557e+08 +5.97758331e+08 1.80e+02 1.9e+00 9.2e-02 0.788 0.772 0.00
  62 -5.658053380e+08 +5.97745496e+08 1.71e+02 1.9e+00 9.3e-02 0.789 0.772 0.00
  63 -5.657989422e+08 +5.97732704e+08 1.71e+02 1.9e+00 9.1e-02 0.789 0.771 0.00
  64 -5.657925880e+08 +5.97719996e+08 1.75e+02 1.9e+00 9.2e-02 0.789 0.771 0.00
  65 -5.657862911e+08 +5.97707402e+08 1.77e+02 1.8e+00 9.1e-02 0.789 0.771 0.00
  66 -5.657800716e+08 +5.97694963e+08 1.80e+02 1.8e+00 9.2e-02 0.789 0.771 0.00
  67 -5.657739503e+08 +5.97682720e+08 1.81e+02 1.8e+00 9.1e-02 0.788 0.771 0.00
  68 -5.657679469e+08 +5.97670713e+08 1.82e+02 1.8e+00 9.1e-02 0.788 0.770 0.00
  69 -5.657620802e+08 +5.97658980e+08 1.81e+02 1.8e+00 9.0e-02 0.788 0.770 0.00
  70 -5.657563575e+08 +5.97647535e+08 1.81e+02 1.8e+00 8.8e-02 0.788 0.770 0.00
  71 -5.657507893e+08 +5.97636398e+08 2.08e+02 1.8e+00 8.7e-02 0.788 0.770 0.00
  72 -5.657453696e+08 +5.97625559e+08 2.01e+02 1.8e+00 8.5e-02 0.788 0.770 0.00
  73 -5.657400981e+08 +5.97615016e+08 1.95e+02 1.8e+00 8.3e-02 0.788 0.770 0.00
  74 -5.657349911e+08 +5.97604802e+08 1.89e+02 1.8e+00 8.1e-02 0.788 0.769 0.00
  75 -5.657300688e+08 +5.97594957e+08 1.83e+02 1.8e+00 7.9e-02 0.788 0.769 0.00
  76 -5.657253482e+08 +5.97585516e+08 1.76e+02 1.8e+00 7.6e-02 0.788 0.769 0.00
  77 -5.657208298e+08 +5.97576479e+08 1.71e+02 1.8e+00 7.4e-02 0.788 0.768 0.00
  78 -5.657165126e+08 +5.97567845e+08 1.69e+02 1.8e+00 7.3e-02 0.788 0.768 0.00
  79 -5.657123976e+08 +5.97559615e+08 1.67e+02 1.7e+00 7.1e-02 0.788 0.768 0.00
  80 -5.657084838e+08 +5.97551787e+08 1.65e+02 1.7e+00 6.9e-02 0.788 0.768 0.00
  81 -5.657047716e+08 +5.97544363e+08 1.63e+02 1.7e+00 6.7e-02 0.787 0.768 0.00
  82 -5.657012628e+08 +5.97537345e+08 1.61e+02 1.7e+00 6.5e-02 0.787 0.767 0.00
  83 -5.656979604e+08 +5.97530741e+08 1.59e+02 1.7e+00 6.3e-02 0.787 0.767 0.00
  84 -5.656948601e+08 +5.97524540e+08 1.57e+02 1.6e+00 6.0e-02 0.787 0.767 0.00
  85 -5.656919536e+08 +5.97518727e+08 1.55e+02 1.6e+00 5.8e-02 0.787 0.767 0.00
  86 -5.656892361e+08 +5.97513292e+08 1.53e+02 1.6e+00 5.6e-02 0.787 0.767 0.00
  87 -5.656867031e+08 +5.97508226e+08 1.51e+02 1.5e+00 5.4e-02 0.786 0.767 0.00
  88 -5.656843447e+08 +5.97503509e+08 1.49e+02 1.5e+00 5.1e-02 0.786 0.767 0.00
  89 -5.656821547e+08 +5.97499129e+08 1.47e+02 1.5e+00 4.9e-02 0.786 0.767 0.00
  90 -5.656801279e+08 +5.97495076e+08 1.44e+02 1.4e+00 4.7e-02 0.786 0.766 0.00
  91 -5.656782497e+08 +5.97491319e+08 1.42e+02 1.4e+00 4.5e-02 0.786 0.766 0.00
  92 -5.656765069e+08 +5.97487833e+08 1.40e+02 1.4e+00 4.3e-02 0.786 0.766 0.00
  93 -5.656748851e+08 +5.97484590e+08 1.38e+02 1.3e+00 4.1e-02 0.786 0.766 0.00
  94 -5.656733709e+08 +5.97481562e+08 1.37e+02 1.3e+00 3.9e-02 0.786 0.766 0.00
  95 -5.656719526e+08 +5.97478725e+08 1.35e+02 1.3e+00 3.7e-02 0.786 0.766 0.00
  96 -5.656706228e+08 +5.97476065e+08 1.34e+02 1.3e+00 3.6e-02 0.786 0.766 0.00
  97 -5.656693714e+08 +5.97473563e+08 1.33e+02 1.2e+00 3.4e-02 0.785 0.766 0.00
  98 -5.656681914e+08 +5.97471203e+08 1.32e+02 1.2e+00 3.3e-02 0.785 0.765 0.00
  99 -5.656670765e+08 +5.97468973e+08 1.31e+02 1.2e+00 3.2e-02 0.785 0.765 0.00
 100 -5.656660236e+08 +5.97466867e+08 1.31e+02 1.2e+00 3.1e-02 0.785 0.765 0.00
> saveRDS(fit, file=paste0("../data/gom-data/topics",clustnum,".chimp.data.filterC.log.indv-cell.intNo0.reg-",data.source,".bc1.rds"))
> 
> proc.time()
     user    system   elapsed 
76749.942  7101.735 43804.803 
