
R version 3.6.1 (2019-07-05) -- "Action of the Toes"
Copyright (C) 2019 The R Foundation for Statistical Computing
Platform: x86_64-pc-linux-gnu (64-bit)

R is free software and comes with ABSOLUTELY NO WARRANTY.
You are welcome to redistribute it under certain conditions.
Type 'license()' or 'licence()' for distribution details.

R is a collaborative project with many contributors.
Type 'contributors()' for more information and
'citation()' on how to cite R or R packages in publications.

Type 'demo()' for some demos, 'help()' for on-line help, or
'help.start()' for an HTML browser interface to help.
Type 'q()' to quit R.

> #Read in command line arguments as list of character vectors
> args=(commandArgs(TRUE))
> 
> #Check if arguments are passed and cycle through to evaluate each element
> if(length(args)==0){
+   print("No arguments supplied.")
+   #supply default values
+   clustnum=3
+   data.source="tot"
+ }else{
+   for(i in 1:length(args)){
+     eval(parse(text=args[[i]]))
+   }
+ }
> print(paste0("k: ",clustnum))
[1] "k: 5"
> print(paste0("data source: ",data.source))
[1] "data source: tot"
> 
> #Load libraries
> library(Seurat)
> library(CountClust)
Loading required package: ggplot2
> library(classtpx)
Loading required package: slam
> library(fastTopics)
> 
> 
> #Run analyses for human data
> print("Loading human data")
[1] "Loading human data"
> 
> #Load data
> scrna <- paste0("../data/cellranger-data-full/data.filterC.log.indv-cell.intNo0.reg-",data.source,".rds")
> data <- readRDS(scrna)
> data <- subset(data, subset=Species=="Human")
> 
> #Prepare data (unintegrated count data)
> counts <- as.matrix(data@assays$RNA@counts) #do not use integrated data
> counts <- counts[rowSums(counts>0)>0,]      #remove genes with 0 counts across cells
> counts <- t(as.matrix(counts))              #fix matrix orientation (barcodes x features)
> rm(data)
> 
> #Fit fastTopics model and save data
> fit <- fit_poisson_nmf(counts, k=clustnum, numiter=100)
Using 4 RcppParallel threads.
Initializing factors using Topic SCORE algorithm.
Initializing loadings by running 10 SCD updates.
Using 4 RcppParallel threads.
Fitting rank-5 Poisson NMF to 47410 x 18150 dense matrix.
Running 100 SCD updates, without extrapolation (fastTopics 0.3-185).
iter   log-likelihood        deviance res(KKT)  |F-F'|  |L-L'| nz(F) nz(L) beta
   1 -5.413504930e+08 +5.91399126e+08 1.26e+04 1.2e+02 1.1e+00 0.756 0.842 0.00
   2 -5.380890263e+08 +5.84876193e+08 5.42e+03 4.7e+01 1.5e+00 0.776 0.871 0.00
   3 -5.367450965e+08 +5.82188333e+08 5.20e+03 3.5e+01 8.1e-01 0.783 0.861 0.00
   4 -5.360192267e+08 +5.80736594e+08 4.50e+03 2.5e+01 3.9e-01 0.788 0.844 0.00
   5 -5.356268347e+08 +5.79951810e+08 5.15e+03 2.0e+01 2.8e-01 0.790 0.833 0.00
   6 -5.353906219e+08 +5.79479384e+08 4.18e+03 1.6e+01 2.3e-01 0.793 0.824 0.00
   7 -5.352389190e+08 +5.79175978e+08 2.85e+03 1.4e+01 1.8e-01 0.795 0.819 0.00
   8 -5.351361230e+08 +5.78970386e+08 1.84e+03 1.2e+01 1.5e-01 0.798 0.815 0.00
   9 -5.350630131e+08 +5.78824166e+08 1.41e+03 1.1e+01 1.3e-01 0.799 0.813 0.00
  10 -5.350089342e+08 +5.78716009e+08 1.15e+03 8.5e+00 1.1e-01 0.801 0.812 0.00
  11 -5.349678489e+08 +5.78633838e+08 1.05e+03 6.6e+00 9.4e-02 0.801 0.811 0.00
  12 -5.349362427e+08 +5.78570626e+08 8.43e+02 5.0e+00 7.7e-02 0.802 0.812 0.00
  13 -5.349120165e+08 +5.78522173e+08 8.23e+02 3.8e+00 8.0e-02 0.803 0.812 0.00
  14 -5.348917291e+08 +5.78481598e+08 1.19e+03 3.0e+00 8.7e-02 0.804 0.813 0.00
  15 -5.348730987e+08 +5.78444338e+08 1.33e+03 3.4e+00 1.1e-01 0.804 0.813 0.00
  16 -5.348514456e+08 +5.78401031e+08 1.20e+03 4.2e+00 1.5e-01 0.804 0.814 0.00
  17 -5.348205309e+08 +5.78339202e+08 8.57e+02 5.2e+00 2.0e-01 0.805 0.815 0.00
  18 -5.347712053e+08 +5.78240551e+08 9.10e+02 6.7e+00 2.8e-01 0.805 0.816 0.00
  19 -5.346909947e+08 +5.78080130e+08 1.33e+03 8.4e+00 3.6e-01 0.805 0.816 0.00
  20 -5.345639899e+08 +5.77826120e+08 1.91e+03 1.0e+01 4.4e-01 0.806 0.817 0.00
  21 -5.343720643e+08 +5.77442269e+08 2.95e+03 1.2e+01 6.1e-01 0.806 0.816 0.00
  22 -5.341033816e+08 +5.76904903e+08 4.24e+03 1.3e+01 8.4e-01 0.807 0.815 0.00
  23 -5.337722535e+08 +5.76242647e+08 5.21e+03 1.3e+01 1.0e+00 0.808 0.813 0.00
  24 -5.334276552e+08 +5.75553450e+08 5.69e+03 1.3e+01 9.8e-01 0.809 0.810 0.00
  25 -5.331113511e+08 +5.74920842e+08 5.44e+03 1.5e+01 6.4e-01 0.811 0.807 0.00
  26 -5.328387079e+08 +5.74375556e+08 4.55e+03 1.6e+01 6.1e-01 0.813 0.804 0.00
  27 -5.326194380e+08 +5.73937016e+08 3.76e+03 1.5e+01 5.1e-01 0.814 0.803 0.00
  28 -5.324533264e+08 +5.73604793e+08 3.03e+03 1.3e+01 4.3e-01 0.815 0.801 0.00
  29 -5.323306802e+08 +5.73359500e+08 2.21e+03 1.1e+01 3.7e-01 0.816 0.800 0.00
  30 -5.322397312e+08 +5.73177603e+08 1.42e+03 1.0e+01 3.2e-01 0.816 0.800 0.00
  31 -5.321707060e+08 +5.73039552e+08 7.39e+02 9.5e+00 2.8e-01 0.815 0.800 0.00
  32 -5.321162923e+08 +5.72930725e+08 5.40e+02 8.5e+00 2.3e-01 0.815 0.800 0.00
  33 -5.320717977e+08 +5.72841736e+08 6.27e+02 7.5e+00 2.1e-01 0.815 0.800 0.00
  34 -5.320347920e+08 +5.72767724e+08 6.46e+02 6.6e+00 1.9e-01 0.815 0.800 0.00
  35 -5.320041040e+08 +5.72706348e+08 6.22e+02 5.7e+00 1.7e-01 0.815 0.801 0.00
  36 -5.319788839e+08 +5.72655908e+08 6.63e+02 4.9e+00 1.5e-01 0.815 0.802 0.00
  37 -5.319584510e+08 +5.72615042e+08 6.26e+02 4.2e+00 1.3e-01 0.815 0.802 0.00
  38 -5.319418507e+08 +5.72581841e+08 5.33e+02 3.5e+00 1.1e-01 0.815 0.802 0.00
  39 -5.319282027e+08 +5.72554545e+08 4.80e+02 3.0e+00 1.0e-01 0.815 0.802 0.00
  40 -5.319168208e+08 +5.72531782e+08 4.58e+02 2.5e+00 8.7e-02 0.815 0.802 0.00
  41 -5.319071323e+08 +5.72512405e+08 4.26e+02 2.1e+00 7.6e-02 0.815 0.802 0.00
  42 -5.318986895e+08 +5.72495519e+08 3.97e+02 1.8e+00 6.7e-02 0.815 0.802 0.00
  43 -5.318911734e+08 +5.72480487e+08 3.71e+02 1.5e+00 6.0e-02 0.815 0.802 0.00
  44 -5.318843751e+08 +5.72466890e+08 3.48e+02 1.4e+00 5.5e-02 0.815 0.801 0.00
  45 -5.318781396e+08 +5.72454419e+08 3.27e+02 1.3e+00 5.1e-02 0.815 0.801 0.00
  46 -5.318723600e+08 +5.72442860e+08 3.12e+02 1.3e+00 4.8e-02 0.815 0.801 0.00
  47 -5.318669672e+08 +5.72432075e+08 2.97e+02 1.2e+00 4.5e-02 0.816 0.801 0.00
  48 -5.318619122e+08 +5.72421964e+08 2.82e+02 1.2e+00 4.2e-02 0.816 0.800 0.00
  49 -5.318571489e+08 +5.72412438e+08 2.79e+02 1.2e+00 3.9e-02 0.816 0.800 0.00
  50 -5.318526408e+08 +5.72403422e+08 2.90e+02 1.1e+00 3.6e-02 0.816 0.800 0.00
  51 -5.318483695e+08 +5.72394879e+08 2.99e+02 1.1e+00 3.4e-02 0.816 0.800 0.00
  52 -5.318443188e+08 +5.72386778e+08 3.07e+02 1.1e+00 3.2e-02 0.816 0.799 0.00
  53 -5.318404724e+08 +5.72379085e+08 3.14e+02 1.0e+00 3.0e-02 0.816 0.799 0.00
  54 -5.318368101e+08 +5.72371760e+08 3.20e+02 1.0e+00 2.9e-02 0.816 0.799 0.00
  55 -5.318333183e+08 +5.72364777e+08 3.25e+02 9.7e-01 2.8e-02 0.816 0.799 0.00
  56 -5.318299901e+08 +5.72358120e+08 3.28e+02 9.3e-01 2.7e-02 0.816 0.799 0.00
  57 -5.318268195e+08 +5.72351779e+08 3.31e+02 9.0e-01 2.6e-02 0.816 0.798 0.00
  58 -5.318238009e+08 +5.72345742e+08 3.32e+02 8.7e-01 2.5e-02 0.816 0.798 0.00
  59 -5.318209257e+08 +5.72339992e+08 3.33e+02 8.4e-01 2.4e-02 0.816 0.798 0.00
  60 -5.318181838e+08 +5.72334508e+08 3.32e+02 8.0e-01 2.4e-02 0.816 0.798 0.00
  61 -5.318155697e+08 +5.72329280e+08 3.30e+02 7.7e-01 2.3e-02 0.816 0.798 0.00
  62 -5.318130789e+08 +5.72324298e+08 3.28e+02 7.4e-01 2.3e-02 0.816 0.798 0.00
  63 -5.318107050e+08 +5.72319550e+08 3.25e+02 7.2e-01 2.2e-02 0.816 0.798 0.00
  64 -5.318084431e+08 +5.72315026e+08 3.21e+02 6.9e-01 2.2e-02 0.816 0.798 0.00
  65 -5.318062904e+08 +5.72310721e+08 3.17e+02 6.7e-01 2.1e-02 0.816 0.798 0.00
  66 -5.318042423e+08 +5.72306625e+08 3.11e+02 6.5e-01 2.1e-02 0.816 0.798 0.00
  67 -5.318022958e+08 +5.72302732e+08 3.05e+02 6.4e-01 2.0e-02 0.816 0.798 0.00
  68 -5.318004500e+08 +5.72299040e+08 2.97e+02 6.2e-01 1.9e-02 0.816 0.798 0.00
  69 -5.317987031e+08 +5.72295546e+08 2.89e+02 6.0e-01 1.9e-02 0.816 0.798 0.00
  70 -5.317970513e+08 +5.72292243e+08 2.81e+02 5.8e-01 1.8e-02 0.816 0.797 0.00
  71 -5.317954890e+08 +5.72289118e+08 2.45e+02 5.7e-01 1.8e-02 0.816 0.798 0.00
  72 -5.317940051e+08 +5.72286150e+08 2.28e+02 5.5e-01 1.7e-02 0.816 0.797 0.00
  73 -5.317925887e+08 +5.72283318e+08 2.16e+02 5.4e-01 1.7e-02 0.816 0.798 0.00
  74 -5.317912335e+08 +5.72280607e+08 2.08e+02 5.3e-01 1.7e-02 0.816 0.797 0.00
  75 -5.317899341e+08 +5.72278008e+08 2.02e+02 5.2e-01 1.6e-02 0.816 0.797 0.00
  76 -5.317886860e+08 +5.72275512e+08 1.96e+02 5.1e-01 1.6e-02 0.816 0.797 0.00
  77 -5.317874849e+08 +5.72273110e+08 1.91e+02 5.0e-01 1.5e-02 0.816 0.797 0.00
  78 -5.317863267e+08 +5.72270793e+08 1.85e+02 4.9e-01 1.5e-02 0.816 0.797 0.00
  79 -5.317852082e+08 +5.72268556e+08 1.80e+02 4.9e-01 1.5e-02 0.816 0.797 0.00
  80 -5.317841267e+08 +5.72266394e+08 1.75e+02 4.8e-01 1.5e-02 0.816 0.797 0.00
  81 -5.317830794e+08 +5.72264299e+08 1.70e+02 4.8e-01 1.5e-02 0.816 0.797 0.00
  82 -5.317820630e+08 +5.72262266e+08 1.65e+02 4.8e-01 1.4e-02 0.815 0.797 0.00
  83 -5.317810745e+08 +5.72260289e+08 1.61e+02 4.7e-01 1.4e-02 0.815 0.797 0.00
  84 -5.317801095e+08 +5.72258359e+08 1.56e+02 4.7e-01 1.4e-02 0.815 0.797 0.00
  85 -5.317791640e+08 +5.72256468e+08 1.51e+02 4.7e-01 1.4e-02 0.815 0.797 0.00
  86 -5.317782366e+08 +5.72254613e+08 1.47e+02 4.7e-01 1.4e-02 0.815 0.797 0.00
  87 -5.317773267e+08 +5.72252794e+08 1.43e+02 4.7e-01 1.4e-02 0.815 0.797 0.00
  88 -5.317764326e+08 +5.72251005e+08 1.39e+02 4.7e-01 1.4e-02 0.815 0.797 0.00
  89 -5.317755527e+08 +5.72249246e+08 1.35e+02 4.7e-01 1.4e-02 0.815 0.797 0.00
  90 -5.317746859e+08 +5.72247512e+08 1.31e+02 4.7e-01 1.4e-02 0.815 0.797 0.00
  91 -5.317738317e+08 +5.72245804e+08 1.27e+02 4.7e-01 1.4e-02 0.815 0.797 0.00
  92 -5.317729896e+08 +5.72244119e+08 1.23e+02 4.7e-01 1.4e-02 0.815 0.797 0.00
  93 -5.317721573e+08 +5.72242455e+08 1.21e+02 4.7e-01 1.4e-02 0.815 0.797 0.00
  94 -5.317713306e+08 +5.72240801e+08 1.25e+02 4.7e-01 1.4e-02 0.815 0.797 0.00
  95 -5.317705087e+08 +5.72239158e+08 1.29e+02 4.7e-01 1.4e-02 0.815 0.797 0.00
  96 -5.317696915e+08 +5.72237523e+08 1.33e+02 4.7e-01 1.4e-02 0.815 0.797 0.00
  97 -5.317688790e+08 +5.72235898e+08 1.37e+02 4.7e-01 1.4e-02 0.815 0.797 0.00
  98 -5.317680713e+08 +5.72234283e+08 1.41e+02 4.7e-01 1.4e-02 0.815 0.797 0.00
  99 -5.317672684e+08 +5.72232677e+08 1.44e+02 4.7e-01 1.4e-02 0.815 0.797 0.00
 100 -5.317664705e+08 +5.72231081e+08 1.48e+02 4.7e-01 1.4e-02 0.815 0.797 0.00
> saveRDS(fit, file=paste0("../data/gom-data/topics",clustnum,".human.data.filterC.log.indv-cell.intNo0.reg-",data.source,".rds"))
> 
> 
> #Run analyses for chimp data
> print("Loading chimp data")
[1] "Loading chimp data"
> 
> #Load data
> scrna <- paste0("../data/cellranger-data-full/data.filterC.log.indv-cell.intNo0.reg-",data.source,".rds")
> data <- readRDS(scrna)
> data <- subset(data, subset=Species=="Chimp")
> 
> #Prepare data (unintegrated count data)
> counts <- as.matrix(data@assays$RNA@counts) #do not use integrated data
> counts <- counts[rowSums(counts>0)>0,]      #remove genes with 0 counts across cells
> counts <- t(as.matrix(counts))              #fix matrix orientation (barcodes x features)
> rm(data)
> 
> #Fit fastTopics model and save data
> fit <- fit_poisson_nmf(counts, k=clustnum, numiter=100)
Using 4 RcppParallel threads.
Initializing factors using Topic SCORE algorithm.
Initializing loadings by running 10 SCD updates.
Using 4 RcppParallel threads.
Fitting rank-5 Poisson NMF to 53590 x 18128 dense matrix.
Running 100 SCD updates, without extrapolation (fastTopics 0.3-185).
iter   log-likelihood        deviance res(KKT)  |F-F'|  |L-L'| nz(F) nz(L) beta
   1 -5.892739906e+08 +6.43557362e+08 7.42e+03 6.3e+01 9.6e-01 0.854 0.691 0.00
   2 -5.866722865e+08 +6.38353954e+08 1.41e+05 1.0e+01 2.3e+00 0.855 0.740 0.00
   3 -5.853640006e+08 +6.35737383e+08 2.15e+03 2.3e+01 1.4e+00 0.849 0.723 0.00
   4 -5.847129285e+08 +6.34435238e+08 7.05e+02 7.5e+00 1.3e+00 0.843 0.729 0.00
   5 -5.844492201e+08 +6.33907822e+08 4.85e+02 8.9e+00 3.4e-01 0.839 0.729 0.00
   6 -5.843264242e+08 +6.33662230e+08 7.40e+02 8.4e+00 2.6e-01 0.836 0.717 0.00
   7 -5.842619519e+08 +6.33533285e+08 9.73e+02 6.9e+00 1.9e-01 0.833 0.706 0.00
   8 -5.842238880e+08 +6.33457157e+08 1.06e+03 5.6e+00 1.5e-01 0.831 0.700 0.00
   9 -5.841996253e+08 +6.33408632e+08 1.01e+03 4.3e+00 1.1e-01 0.829 0.697 0.00
  10 -5.841836240e+08 +6.33376629e+08 8.77e+02 3.2e+00 8.2e-02 0.828 0.695 0.00
  11 -5.841726393e+08 +6.33354660e+08 7.34e+02 2.4e+00 6.1e-02 0.827 0.694 0.00
  12 -5.841649223e+08 +6.33339226e+08 5.98e+02 1.8e+00 4.7e-02 0.826 0.693 0.00
  13 -5.841594155e+08 +6.33328212e+08 4.79e+02 1.4e+00 3.9e-02 0.825 0.694 0.00
  14 -5.841554629e+08 +6.33320307e+08 3.75e+02 1.0e+00 3.2e-02 0.825 0.694 0.00
  15 -5.841525842e+08 +6.33314550e+08 2.91e+02 7.4e-01 2.7e-02 0.825 0.694 0.00
  16 -5.841504820e+08 +6.33310345e+08 2.27e+02 5.8e-01 2.3e-02 0.825 0.695 0.00
  17 -5.841489616e+08 +6.33307304e+08 1.76e+02 5.0e-01 1.9e-02 0.824 0.695 0.00
  18 -5.841478825e+08 +6.33305146e+08 1.42e+02 4.3e-01 1.6e-02 0.824 0.696 0.00
  19 -5.841471242e+08 +6.33303630e+08 1.15e+02 3.6e-01 1.3e-02 0.824 0.696 0.00
  20 -5.841465928e+08 +6.33302567e+08 9.23e+01 3.1e-01 1.0e-02 0.824 0.696 0.00
  21 -5.841462172e+08 +6.33301816e+08 7.47e+01 2.6e-01 8.9e-03 0.824 0.696 0.00
  22 -5.841459510e+08 +6.33301283e+08 6.05e+01 2.2e-01 7.7e-03 0.824 0.696 0.00
  23 -5.841457616e+08 +6.33300904e+08 4.90e+01 1.8e-01 6.6e-03 0.824 0.696 0.00
  24 -5.841456257e+08 +6.33300633e+08 4.00e+01 1.5e-01 5.7e-03 0.824 0.697 0.00
  25 -5.841455278e+08 +6.33300437e+08 3.29e+01 1.3e-01 4.8e-03 0.824 0.697 0.00
  26 -5.841454568e+08 +6.33300295e+08 2.71e+01 1.1e-01 4.1e-03 0.824 0.697 0.00
  27 -5.841454050e+08 +6.33300191e+08 2.26e+01 9.9e-02 3.5e-03 0.824 0.697 0.00
  28 -5.841453669e+08 +6.33300115e+08 1.89e+01 8.9e-02 3.0e-03 0.824 0.697 0.00
  29 -5.841453388e+08 +6.33300059e+08 1.59e+01 7.9e-02 2.5e-03 0.824 0.697 0.00
  30 -5.841453179e+08 +6.33300017e+08 1.35e+01 7.0e-02 2.2e-03 0.824 0.697 0.00
  31 -5.841453023e+08 +6.33299986e+08 1.14e+01 6.2e-02 1.8e-03 0.824 0.697 0.00
  32 -5.841452905e+08 +6.33299962e+08 9.70e+00 5.4e-02 1.7e-03 0.824 0.697 0.00
  33 -5.841452815e+08 +6.33299944e+08 8.56e+00 4.8e-02 1.5e-03 0.824 0.697 0.00
  34 -5.841452745e+08 +6.33299930e+08 7.93e+00 4.2e-02 1.4e-03 0.824 0.697 0.00
  35 -5.841452690e+08 +6.33299919e+08 7.62e+00 3.6e-02 1.2e-03 0.824 0.697 0.00
  36 -5.841452646e+08 +6.33299910e+08 7.76e+00 3.1e-02 1.1e-03 0.824 0.697 0.00
  37 -5.841452609e+08 +6.33299903e+08 7.88e+00 2.7e-02 1.0e-03 0.824 0.697 0.00
  38 -5.841452578e+08 +6.33299897e+08 7.97e+00 2.4e-02 9.6e-04 0.824 0.697 0.00
  39 -5.841452551e+08 +6.33299892e+08 8.07e+00 2.3e-02 9.2e-04 0.824 0.697 0.00
  40 -5.841452528e+08 +6.33299887e+08 8.67e+00 2.4e-02 8.9e-04 0.824 0.697 0.00
  41 -5.841452506e+08 +6.33299882e+08 9.25e+00 2.5e-02 8.6e-04 0.824 0.697 0.00
  42 -5.841452485e+08 +6.33299878e+08 9.81e+00 2.6e-02 8.5e-04 0.824 0.697 0.00
  43 -5.841452465e+08 +6.33299874e+08 1.03e+01 2.7e-02 8.6e-04 0.824 0.697 0.00
  44 -5.841452446e+08 +6.33299870e+08 1.08e+01 2.7e-02 8.8e-04 0.824 0.697 0.00
  45 -5.841452427e+08 +6.33299867e+08 1.13e+01 2.8e-02 9.1e-04 0.824 0.697 0.00
  46 -5.841452408e+08 +6.33299863e+08 1.18e+01 2.9e-02 9.3e-04 0.824 0.697 0.00
  47 -5.841452389e+08 +6.33299859e+08 1.22e+01 2.9e-02 9.5e-04 0.824 0.697 0.00
  48 -5.841452369e+08 +6.33299855e+08 1.26e+01 3.0e-02 9.7e-04 0.824 0.697 0.00
  49 -5.841452349e+08 +6.33299851e+08 1.30e+01 3.1e-02 9.9e-04 0.824 0.697 0.00
  50 -5.841452329e+08 +6.33299847e+08 1.33e+01 3.1e-02 1.0e-03 0.824 0.697 0.00
  51 -5.841452307e+08 +6.33299843e+08 1.37e+01 3.2e-02 1.0e-03 0.824 0.697 0.00
  52 -5.841452286e+08 +6.33299838e+08 1.40e+01 3.3e-02 1.1e-03 0.824 0.697 0.00
  53 -5.841452263e+08 +6.33299834e+08 1.44e+01 3.3e-02 1.1e-03 0.824 0.697 0.00
  54 -5.841452240e+08 +6.33299829e+08 1.47e+01 3.4e-02 1.1e-03 0.824 0.697 0.00
  55 -5.841452216e+08 +6.33299824e+08 1.50e+01 3.5e-02 1.1e-03 0.824 0.697 0.00
  56 -5.841452191e+08 +6.33299820e+08 1.53e+01 3.5e-02 1.1e-03 0.824 0.697 0.00
  57 -5.841452165e+08 +6.33299814e+08 1.57e+01 3.6e-02 1.2e-03 0.824 0.697 0.00
  58 -5.841452139e+08 +6.33299809e+08 1.60e+01 3.7e-02 1.2e-03 0.824 0.697 0.00
  59 -5.841452111e+08 +6.33299803e+08 1.63e+01 3.7e-02 1.2e-03 0.824 0.697 0.00
  60 -5.841452082e+08 +6.33299798e+08 1.66e+01 3.8e-02 1.2e-03 0.824 0.697 0.00
  61 -5.841452053e+08 +6.33299792e+08 1.70e+01 3.9e-02 1.3e-03 0.824 0.697 0.00
  62 -5.841452022e+08 +6.33299786e+08 1.73e+01 4.0e-02 1.3e-03 0.824 0.696 0.00
  63 -5.841451989e+08 +6.33299779e+08 1.76e+01 4.0e-02 1.3e-03 0.824 0.696 0.00
  64 -5.841451956e+08 +6.33299772e+08 1.80e+01 4.1e-02 1.3e-03 0.824 0.696 0.00
  65 -5.841451921e+08 +6.33299766e+08 1.83e+01 4.2e-02 1.4e-03 0.824 0.696 0.00
  66 -5.841451885e+08 +6.33299758e+08 1.87e+01 4.3e-02 1.4e-03 0.825 0.696 0.00
  67 -5.841451848e+08 +6.33299751e+08 1.90e+01 4.4e-02 1.4e-03 0.825 0.696 0.00
  68 -5.841451809e+08 +6.33299743e+08 1.94e+01 4.5e-02 1.4e-03 0.825 0.696 0.00
  69 -5.841451768e+08 +6.33299735e+08 1.97e+01 4.6e-02 1.5e-03 0.825 0.696 0.00
  70 -5.841451726e+08 +6.33299726e+08 2.01e+01 4.7e-02 1.5e-03 0.825 0.696 0.00
  71 -5.841451682e+08 +6.33299718e+08 2.05e+01 4.7e-02 1.5e-03 0.825 0.696 0.00
  72 -5.841451637e+08 +6.33299709e+08 2.09e+01 4.8e-02 1.6e-03 0.825 0.696 0.00
  73 -5.841451589e+08 +6.33299699e+08 2.13e+01 4.9e-02 1.6e-03 0.825 0.696 0.00
  74 -5.841451540e+08 +6.33299689e+08 2.17e+01 5.0e-02 1.6e-03 0.825 0.696 0.00
  75 -5.841451489e+08 +6.33299679e+08 2.21e+01 5.1e-02 1.7e-03 0.825 0.696 0.00
  76 -5.841451435e+08 +6.33299668e+08 2.25e+01 5.3e-02 1.7e-03 0.825 0.696 0.00
  77 -5.841451379e+08 +6.33299657e+08 2.29e+01 5.4e-02 1.7e-03 0.825 0.696 0.00
  78 -5.841451321e+08 +6.33299645e+08 2.34e+01 5.5e-02 1.8e-03 0.825 0.696 0.00
  79 -5.841451260e+08 +6.33299633e+08 2.38e+01 5.6e-02 1.8e-03 0.825 0.696 0.00
  80 -5.841451197e+08 +6.33299621e+08 2.43e+01 5.7e-02 1.8e-03 0.825 0.696 0.00
  81 -5.841451131e+08 +6.33299607e+08 2.48e+01 5.9e-02 1.9e-03 0.825 0.696 0.00
  82 -5.841451062e+08 +6.33299594e+08 2.52e+01 6.0e-02 1.9e-03 0.825 0.696 0.00
  83 -5.841450990e+08 +6.33299579e+08 2.58e+01 6.1e-02 2.0e-03 0.825 0.696 0.00
  84 -5.841450914e+08 +6.33299564e+08 2.63e+01 6.3e-02 2.0e-03 0.825 0.696 0.00
  85 -5.841450835e+08 +6.33299548e+08 2.68e+01 6.4e-02 2.1e-03 0.825 0.696 0.00
  86 -5.841450753e+08 +6.33299532e+08 2.74e+01 6.5e-02 2.1e-03 0.825 0.696 0.00
  87 -5.841450667e+08 +6.33299515e+08 2.79e+01 6.7e-02 2.1e-03 0.825 0.696 0.00
  88 -5.841450577e+08 +6.33299497e+08 2.85e+01 6.8e-02 2.2e-03 0.825 0.696 0.00
  89 -5.841450482e+08 +6.33299478e+08 2.91e+01 7.0e-02 2.2e-03 0.825 0.696 0.00
  90 -5.841450384e+08 +6.33299458e+08 2.97e+01 7.2e-02 2.3e-03 0.825 0.696 0.00
  91 -5.841450280e+08 +6.33299437e+08 3.03e+01 7.3e-02 2.4e-03 0.825 0.696 0.00
  92 -5.841450172e+08 +6.33299416e+08 3.09e+01 7.5e-02 2.4e-03 0.825 0.696 0.00
  93 -5.841450059e+08 +6.33299393e+08 3.16e+01 7.7e-02 2.5e-03 0.825 0.696 0.00
  94 -5.841449940e+08 +6.33299369e+08 3.22e+01 7.9e-02 2.5e-03 0.825 0.696 0.00
  95 -5.841449816e+08 +6.33299344e+08 3.29e+01 8.1e-02 2.6e-03 0.825 0.696 0.00
  96 -5.841449685e+08 +6.33299318e+08 3.36e+01 8.3e-02 2.7e-03 0.825 0.696 0.00
  97 -5.841449548e+08 +6.33299291e+08 3.44e+01 8.5e-02 2.7e-03 0.825 0.696 0.00
  98 -5.841449404e+08 +6.33299262e+08 3.51e+01 8.7e-02 2.8e-03 0.825 0.696 0.00
  99 -5.841449253e+08 +6.33299232e+08 3.59e+01 8.9e-02 2.9e-03 0.825 0.696 0.00
 100 -5.841449094e+08 +6.33299200e+08 3.66e+01 9.1e-02 2.9e-03 0.825 0.696 0.00
Warning message:
Quick-TRANSfer stage steps exceeded maximum (= 906400) 
> saveRDS(fit, file=paste0("../data/gom-data/topics",clustnum,".chimp.data.filterC.log.indv-cell.intNo0.reg-",data.source,".rds"))
> 
> proc.time()
    user   system  elapsed 
66728.17  6923.19 38904.76 
