
R version 3.6.1 (2019-07-05) -- "Action of the Toes"
Copyright (C) 2019 The R Foundation for Statistical Computing
Platform: x86_64-pc-linux-gnu (64-bit)

R is free software and comes with ABSOLUTELY NO WARRANTY.
You are welcome to redistribute it under certain conditions.
Type 'license()' or 'licence()' for distribution details.

R is a collaborative project with many contributors.
Type 'contributors()' for more information and
'citation()' on how to cite R or R packages in publications.

Type 'demo()' for some demos, 'help()' for on-line help, or
'help.start()' for an HTML browser interface to help.
Type 'q()' to quit R.

> #Read in command line arguments as list of character vectors
> args=(commandArgs(TRUE))
> 
> #Check if arguments are passed and cycle through to evaluate each element
> if(length(args)==0){
+   print("No arguments supplied.")
+   #supply default values
+   clustnum=3
+   data.source="tot"
+ }else{
+   for(i in 1:length(args)){
+     eval(parse(text=args[[i]]))
+   }
+ }
> print(paste0("k: ",clustnum))
[1] "k: 4"
> print(paste0("data source: ",data.source))
[1] "data source: tot"
> 
> #Load libraries
> library(Seurat)
> library(CountClust)
Loading required package: ggplot2
> library(classtpx)
Loading required package: slam
> library(fastTopics)
> 
> 
> #Run analyses for human data
> print("Loading human data")
[1] "Loading human data"
> 
> #Load data
> scrna <- paste0("../data/cellranger-data-full/data.filterC.log.indv-cell.intNo0.reg-",data.source,".rds")
> data <- readRDS(scrna)
> data <- subset(data, subset=Species=="Human")
> 
> #Prepare data (unintegrated count data)
> counts <- as.matrix(data@assays$RNA@counts) #do not use integrated data
> counts <- counts[rowSums(counts>0)>0,]      #remove genes with 0 counts across cells
> counts <- t(as.matrix(counts))              #fix matrix orientation (barcodes x features)
> rm(data)
> 
> #Fit fastTopics model and save data
> fit <- fit_poisson_nmf(counts, k=clustnum, numiter=100)
Using 4 RcppParallel threads.
Initializing factors using Topic SCORE algorithm.
Initializing loadings by running 10 SCD updates.
Using 4 RcppParallel threads.
Fitting rank-4 Poisson NMF to 47410 x 18150 dense matrix.
Running 100 SCD updates, without extrapolation (fastTopics 0.3-185).
iter   log-likelihood        deviance res(KKT)  |F-F'|  |L-L'| nz(F) nz(L) beta
   1 -5.449176165e+08 +5.98533373e+08 3.56e+03 4.9e+01 6.0e-01 0.864 0.848 0.00
   2 -5.434160778e+08 +5.95530296e+08 1.75e+03 1.9e+01 2.0e+00 0.868 0.864 0.00
   3 -5.427695650e+08 +5.94237270e+08 1.26e+03 1.4e+01 1.5e+00 0.868 0.845 0.00
   4 -5.423168985e+08 +5.93331937e+08 9.82e+02 1.2e+01 1.1e+00 0.870 0.822 0.00
   5 -5.419163614e+08 +5.92530863e+08 1.43e+03 1.1e+01 8.9e-01 0.871 0.810 0.00
   6 -5.415401610e+08 +5.91778462e+08 1.09e+03 1.3e+01 8.7e-01 0.871 0.794 0.00
   7 -5.412177327e+08 +5.91133606e+08 1.07e+03 1.5e+01 7.0e-01 0.869 0.782 0.00
   8 -5.409623205e+08 +5.90622781e+08 1.03e+03 1.5e+01 5.7e-01 0.868 0.774 0.00
   9 -5.407635976e+08 +5.90225335e+08 9.76e+02 1.4e+01 4.8e-01 0.867 0.769 0.00
  10 -5.406127569e+08 +5.89923654e+08 8.81e+02 1.2e+01 4.1e-01 0.866 0.768 0.00
  11 -5.405056557e+08 +5.89709452e+08 7.51e+02 9.4e+00 3.4e-01 0.864 0.768 0.00
  12 -5.404357910e+08 +5.89569722e+08 6.23e+02 7.1e+00 2.7e-01 0.862 0.770 0.00
  13 -5.403931088e+08 +5.89484358e+08 5.26e+02 5.1e+00 2.0e-01 0.861 0.773 0.00
  14 -5.403683909e+08 +5.89434922e+08 3.62e+02 3.7e+00 1.5e-01 0.859 0.776 0.00
  15 -5.403523671e+08 +5.89402874e+08 2.36e+02 2.7e+00 1.1e-01 0.857 0.778 0.00
  16 -5.403427968e+08 +5.89383734e+08 1.69e+02 2.0e+00 8.1e-02 0.855 0.780 0.00
  17 -5.403368303e+08 +5.89371801e+08 1.26e+02 1.6e+00 6.2e-02 0.854 0.781 0.00
  18 -5.403329964e+08 +5.89364133e+08 9.41e+01 1.3e+00 4.7e-02 0.853 0.782 0.00
  19 -5.403304794e+08 +5.89359099e+08 7.67e+01 1.0e+00 3.6e-02 0.852 0.783 0.00
  20 -5.403288153e+08 +5.89355771e+08 6.41e+01 8.3e-01 2.8e-02 0.851 0.784 0.00
  21 -5.403277045e+08 +5.89353549e+08 5.37e+01 6.8e-01 2.2e-02 0.850 0.785 0.00
  22 -5.403269567e+08 +5.89352053e+08 4.52e+01 5.6e-01 1.7e-02 0.850 0.786 0.00
  23 -5.403264477e+08 +5.89351036e+08 3.82e+01 4.7e-01 1.4e-02 0.849 0.786 0.00
  24 -5.403260963e+08 +5.89350333e+08 3.24e+01 3.9e-01 1.1e-02 0.848 0.787 0.00
  25 -5.403258495e+08 +5.89349839e+08 2.77e+01 3.2e-01 9.0e-03 0.848 0.787 0.00
  26 -5.403256728e+08 +5.89349486e+08 3.08e+01 2.7e-01 7.9e-03 0.848 0.788 0.00
  27 -5.403255431e+08 +5.89349226e+08 3.42e+01 2.3e-01 7.0e-03 0.847 0.788 0.00
  28 -5.403254454e+08 +5.89349031e+08 3.73e+01 2.0e-01 6.2e-03 0.847 0.788 0.00
  29 -5.403253695e+08 +5.89348879e+08 4.00e+01 1.9e-01 5.6e-03 0.847 0.788 0.00
  30 -5.403253086e+08 +5.89348757e+08 4.23e+01 1.9e-01 5.1e-03 0.847 0.789 0.00
  31 -5.403252581e+08 +5.89348656e+08 4.42e+01 1.9e-01 4.8e-03 0.847 0.789 0.00
  32 -5.403252149e+08 +5.89348570e+08 4.57e+01 1.8e-01 4.6e-03 0.847 0.789 0.00
  33 -5.403251769e+08 +5.89348494e+08 4.69e+01 1.8e-01 4.4e-03 0.846 0.789 0.00
  34 -5.403251427e+08 +5.89348426e+08 4.79e+01 1.8e-01 4.4e-03 0.846 0.789 0.00
  35 -5.403251114e+08 +5.89348363e+08 4.85e+01 1.7e-01 4.4e-03 0.846 0.789 0.00
  36 -5.403250822e+08 +5.89348305e+08 4.90e+01 1.7e-01 4.3e-03 0.846 0.789 0.00
  37 -5.403250547e+08 +5.89348250e+08 4.93e+01 1.7e-01 4.3e-03 0.846 0.789 0.00
  38 -5.403250285e+08 +5.89348197e+08 4.94e+01 1.6e-01 4.3e-03 0.846 0.789 0.00
  39 -5.403250035e+08 +5.89348147e+08 4.95e+01 1.6e-01 4.2e-03 0.846 0.790 0.00
  40 -5.403249794e+08 +5.89348099e+08 4.94e+01 1.6e-01 4.2e-03 0.846 0.790 0.00
  41 -5.403249563e+08 +5.89348053e+08 4.92e+01 1.5e-01 4.1e-03 0.846 0.790 0.00
  42 -5.403249339e+08 +5.89348008e+08 4.90e+01 1.5e-01 4.1e-03 0.846 0.790 0.00
  43 -5.403249123e+08 +5.89347965e+08 4.87e+01 1.5e-01 4.0e-03 0.846 0.790 0.00
  44 -5.403248914e+08 +5.89347923e+08 4.84e+01 1.4e-01 4.0e-03 0.846 0.790 0.00
  45 -5.403248712e+08 +5.89347883e+08 4.80e+01 1.4e-01 3.9e-03 0.846 0.790 0.00
  46 -5.403248516e+08 +5.89347843e+08 4.75e+01 1.4e-01 3.8e-03 0.846 0.790 0.00
  47 -5.403248326e+08 +5.89347805e+08 4.71e+01 1.3e-01 3.8e-03 0.846 0.790 0.00
  48 -5.403248141e+08 +5.89347768e+08 4.66e+01 1.3e-01 3.7e-03 0.846 0.790 0.00
  49 -5.403247962e+08 +5.89347733e+08 4.61e+01 1.3e-01 3.7e-03 0.846 0.790 0.00
  50 -5.403247789e+08 +5.89347698e+08 4.56e+01 1.3e-01 3.6e-03 0.846 0.790 0.00
  51 -5.403247620e+08 +5.89347664e+08 4.51e+01 1.2e-01 3.6e-03 0.846 0.790 0.00
  52 -5.403247457e+08 +5.89347631e+08 4.46e+01 1.2e-01 3.5e-03 0.846 0.790 0.00
  53 -5.403247298e+08 +5.89347600e+08 4.40e+01 1.2e-01 3.5e-03 0.846 0.790 0.00
  54 -5.403247144e+08 +5.89347569e+08 4.35e+01 1.2e-01 3.4e-03 0.846 0.790 0.00
  55 -5.403246994e+08 +5.89347539e+08 4.30e+01 1.1e-01 3.4e-03 0.846 0.790 0.00
  56 -5.403246850e+08 +5.89347510e+08 4.25e+01 1.1e-01 3.3e-03 0.846 0.791 0.00
  57 -5.403246709e+08 +5.89347482e+08 4.20e+01 1.1e-01 3.3e-03 0.846 0.791 0.00
  58 -5.403246573e+08 +5.89347455e+08 4.14e+01 1.1e-01 3.2e-03 0.846 0.791 0.00
  59 -5.403246441e+08 +5.89347428e+08 4.09e+01 1.1e-01 3.2e-03 0.846 0.791 0.00
  60 -5.403246314e+08 +5.89347403e+08 4.04e+01 1.0e-01 3.1e-03 0.846 0.791 0.00
  61 -5.403246190e+08 +5.89347378e+08 3.98e+01 1.0e-01 3.1e-03 0.846 0.791 0.00
  62 -5.403246070e+08 +5.89347354e+08 3.93e+01 9.9e-02 3.0e-03 0.845 0.791 0.00
  63 -5.403245954e+08 +5.89347331e+08 3.87e+01 9.7e-02 3.0e-03 0.845 0.791 0.00
  64 -5.403245841e+08 +5.89347308e+08 3.82e+01 9.6e-02 2.9e-03 0.845 0.791 0.00
  65 -5.403245732e+08 +5.89347287e+08 3.77e+01 9.4e-02 2.9e-03 0.845 0.791 0.00
  66 -5.403245627e+08 +5.89347266e+08 3.72e+01 9.2e-02 2.8e-03 0.845 0.791 0.00
  67 -5.403245524e+08 +5.89347245e+08 3.66e+01 9.0e-02 2.8e-03 0.845 0.791 0.00
  68 -5.403245425e+08 +5.89347225e+08 3.61e+01 8.8e-02 2.7e-03 0.845 0.791 0.00
  69 -5.403245330e+08 +5.89347206e+08 3.56e+01 8.6e-02 2.7e-03 0.845 0.791 0.00
  70 -5.403245237e+08 +5.89347188e+08 3.51e+01 8.5e-02 2.6e-03 0.845 0.791 0.00
  71 -5.403245147e+08 +5.89347170e+08 3.46e+01 8.3e-02 2.6e-03 0.845 0.791 0.00
  72 -5.403245060e+08 +5.89347152e+08 3.41e+01 8.1e-02 2.6e-03 0.845 0.791 0.00
  73 -5.403244976e+08 +5.89347135e+08 3.36e+01 8.0e-02 2.5e-03 0.845 0.791 0.00
  74 -5.403244894e+08 +5.89347119e+08 3.31e+01 7.8e-02 2.5e-03 0.845 0.791 0.00
  75 -5.403244815e+08 +5.89347103e+08 3.26e+01 7.7e-02 2.4e-03 0.845 0.791 0.00
  76 -5.403244739e+08 +5.89347088e+08 3.22e+01 7.5e-02 2.4e-03 0.845 0.791 0.00
  77 -5.403244665e+08 +5.89347073e+08 3.17e+01 7.4e-02 2.4e-03 0.845 0.791 0.00
  78 -5.403244594e+08 +5.89347059e+08 3.12e+01 7.2e-02 2.3e-03 0.845 0.791 0.00
  79 -5.403244524e+08 +5.89347045e+08 3.08e+01 7.1e-02 2.3e-03 0.845 0.791 0.00
  80 -5.403244458e+08 +5.89347032e+08 3.03e+01 6.9e-02 2.2e-03 0.845 0.792 0.00
  81 -5.403244393e+08 +5.89347019e+08 2.98e+01 6.8e-02 2.2e-03 0.845 0.792 0.00
  82 -5.403244330e+08 +5.89347006e+08 2.94e+01 6.7e-02 2.2e-03 0.845 0.792 0.00
  83 -5.403244270e+08 +5.89346994e+08 2.89e+01 6.5e-02 2.1e-03 0.845 0.792 0.00
  84 -5.403244211e+08 +5.89346982e+08 2.85e+01 6.4e-02 2.1e-03 0.845 0.792 0.00
  85 -5.403244155e+08 +5.89346971e+08 2.81e+01 6.3e-02 2.1e-03 0.845 0.792 0.00
  86 -5.403244100e+08 +5.89346960e+08 2.77e+01 6.2e-02 2.0e-03 0.845 0.792 0.00
  87 -5.403244047e+08 +5.89346950e+08 2.72e+01 6.0e-02 2.0e-03 0.845 0.792 0.00
  88 -5.403243996e+08 +5.89346939e+08 2.68e+01 5.9e-02 2.0e-03 0.845 0.792 0.00
  89 -5.403243947e+08 +5.89346929e+08 2.64e+01 5.8e-02 1.9e-03 0.845 0.792 0.00
  90 -5.403243899e+08 +5.89346920e+08 2.60e+01 5.7e-02 1.9e-03 0.845 0.792 0.00
  91 -5.403243852e+08 +5.89346911e+08 2.56e+01 5.6e-02 1.9e-03 0.845 0.792 0.00
  92 -5.403243808e+08 +5.89346902e+08 2.52e+01 5.5e-02 1.8e-03 0.845 0.792 0.00
  93 -5.403243764e+08 +5.89346893e+08 2.48e+01 5.4e-02 1.8e-03 0.845 0.792 0.00
  94 -5.403243722e+08 +5.89346885e+08 2.44e+01 5.3e-02 1.8e-03 0.845 0.792 0.00
  95 -5.403243682e+08 +5.89346877e+08 2.41e+01 5.2e-02 1.7e-03 0.845 0.792 0.00
  96 -5.403243643e+08 +5.89346869e+08 2.37e+01 5.1e-02 1.7e-03 0.845 0.792 0.00
  97 -5.403243605e+08 +5.89346861e+08 2.33e+01 5.0e-02 1.7e-03 0.845 0.792 0.00
  98 -5.403243568e+08 +5.89346854e+08 2.30e+01 4.9e-02 1.7e-03 0.845 0.792 0.00
  99 -5.403243532e+08 +5.89346847e+08 2.26e+01 4.8e-02 1.6e-03 0.845 0.792 0.00
 100 -5.403243498e+08 +5.89346840e+08 2.23e+01 4.7e-02 1.6e-03 0.845 0.792 0.00
> saveRDS(fit, file=paste0("../data/gom-data/topics",clustnum,".human.data.filterC.log.indv-cell.intNo0.reg-",data.source,".rds"))
> 
> 
> #Run analyses for chimp data
> print("Loading chimp data")
[1] "Loading chimp data"
> 
> #Load data
> scrna <- paste0("../data/cellranger-data-full/data.filterC.log.indv-cell.intNo0.reg-",data.source,".rds")
> data <- readRDS(scrna)
> data <- subset(data, subset=Species=="Chimp")
> 
> #Prepare data (unintegrated count data)
> counts <- as.matrix(data@assays$RNA@counts) #do not use integrated data
> counts <- counts[rowSums(counts>0)>0,]      #remove genes with 0 counts across cells
> counts <- t(as.matrix(counts))              #fix matrix orientation (barcodes x features)
> rm(data)
> 
> #Fit fastTopics model and save data
> fit <- fit_poisson_nmf(counts, k=clustnum, numiter=100)
Using 4 RcppParallel threads.
Initializing factors using Topic SCORE algorithm.
Initializing loadings by running 10 SCD updates.
Using 4 RcppParallel threads.
Fitting rank-4 Poisson NMF to 53590 x 18128 dense matrix.
Running 100 SCD updates, without extrapolation (fastTopics 0.3-185).
iter   log-likelihood        deviance res(KKT)  |F-F'|  |L-L'| nz(F) nz(L) beta
   1 -5.947929318e+08 +6.54595245e+08 1.27e+04 5.4e+01 4.6e-01 0.873 0.818 0.00
   2 -5.930847883e+08 +6.51178958e+08 8.11e+03 1.0e+01 1.1e+00 0.879 0.833 0.00
   3 -5.926230448e+08 +6.50255471e+08 4.14e+02 2.2e+00 6.5e-01 0.876 0.818 0.00
   4 -5.924004608e+08 +6.49810303e+08 1.04e+03 1.5e+00 4.4e-01 0.878 0.789 0.00
   5 -5.922201831e+08 +6.49449747e+08 5.27e+04 9.5e+00 2.3e-01 0.876 0.773 0.00
   6 -5.918961315e+08 +6.48801644e+08 4.22e+02 3.6e+00 6.0e-01 0.876 0.753 0.00
   7 -5.917706279e+08 +6.48550637e+08 2.13e+02 2.7e+00 4.0e-01 0.876 0.743 0.00
   8 -5.917218655e+08 +6.48453112e+08 1.52e+02 1.6e+00 2.1e-01 0.875 0.739 0.00
   9 -5.917014304e+08 +6.48412242e+08 1.13e+02 9.3e-01 1.5e-01 0.874 0.735 0.00
  10 -5.916915761e+08 +6.48392534e+08 8.41e+01 6.0e-01 1.0e-01 0.874 0.733 0.00
  11 -5.916862243e+08 +6.48381830e+08 6.31e+01 4.0e-01 6.9e-02 0.874 0.732 0.00
  12 -5.916830822e+08 +6.48375546e+08 4.81e+01 2.9e-01 4.8e-02 0.874 0.731 0.00
  13 -5.916811507e+08 +6.48371683e+08 3.70e+01 2.4e-01 3.6e-02 0.873 0.731 0.00
  14 -5.916799317e+08 +6.48369245e+08 2.84e+01 1.8e-01 2.6e-02 0.873 0.731 0.00
  15 -5.916791423e+08 +6.48367666e+08 2.17e+01 1.5e-01 2.0e-02 0.873 0.731 0.00
  16 -5.916786203e+08 +6.48366622e+08 1.79e+01 1.2e-01 1.4e-02 0.873 0.731 0.00
  17 -5.916782692e+08 +6.48365920e+08 1.51e+01 1.1e-01 1.1e-02 0.873 0.731 0.00
  18 -5.916780304e+08 +6.48365442e+08 1.29e+01 9.2e-02 7.8e-03 0.872 0.731 0.00
  19 -5.916778664e+08 +6.48365114e+08 1.09e+01 7.9e-02 5.8e-03 0.872 0.732 0.00
  20 -5.916777527e+08 +6.48364887e+08 9.28e+00 6.9e-02 5.0e-03 0.872 0.732 0.00
  21 -5.916776728e+08 +6.48364727e+08 7.89e+00 6.0e-02 4.4e-03 0.872 0.732 0.00
  22 -5.916776162e+08 +6.48364614e+08 6.71e+00 5.2e-02 3.8e-03 0.872 0.732 0.00
  23 -5.916775758e+08 +6.48364533e+08 5.72e+00 4.5e-02 3.3e-03 0.872 0.732 0.00
  24 -5.916775467e+08 +6.48364475e+08 4.88e+00 3.9e-02 2.8e-03 0.872 0.732 0.00
  25 -5.916775257e+08 +6.48364433e+08 4.16e+00 3.4e-02 2.5e-03 0.872 0.732 0.00
  26 -5.916775104e+08 +6.48364402e+08 3.56e+00 3.0e-02 2.1e-03 0.872 0.732 0.00
  27 -5.916774993e+08 +6.48364380e+08 3.04e+00 2.6e-02 1.8e-03 0.872 0.732 0.00
  28 -5.916774911e+08 +6.48364364e+08 2.60e+00 2.2e-02 1.6e-03 0.872 0.732 0.00
  29 -5.916774851e+08 +6.48364352e+08 2.22e+00 1.9e-02 1.4e-03 0.872 0.732 0.00
  30 -5.916774807e+08 +6.48364343e+08 1.90e+00 1.7e-02 1.2e-03 0.872 0.732 0.00
  31 -5.916774775e+08 +6.48364336e+08 1.63e+00 1.4e-02 1.0e-03 0.872 0.732 0.00
  32 -5.916774751e+08 +6.48364331e+08 1.40e+00 1.3e-02 8.8e-04 0.872 0.732 0.00
  33 -5.916774733e+08 +6.48364328e+08 1.20e+00 1.1e-02 7.6e-04 0.872 0.732 0.00
  34 -5.916774720e+08 +6.48364325e+08 1.03e+00 9.4e-03 6.6e-04 0.872 0.732 0.00
  35 -5.916774711e+08 +6.48364323e+08 8.83e-01 8.1e-03 5.7e-04 0.872 0.732 0.00
  36 -5.916774703e+08 +6.48364322e+08 7.58e-01 7.0e-03 4.9e-04 0.872 0.732 0.00
  37 -5.916774698e+08 +6.48364321e+08 6.51e-01 6.0e-03 4.2e-04 0.872 0.732 0.00
  38 -5.916774694e+08 +6.48364320e+08 5.59e-01 5.2e-03 3.6e-04 0.872 0.732 0.00
  39 -5.916774691e+08 +6.48364319e+08 4.81e-01 4.5e-03 3.1e-04 0.872 0.732 0.00
  40 -5.916774689e+08 +6.48364319e+08 4.13e-01 3.9e-03 2.7e-04 0.872 0.732 0.00
  41 -5.916774687e+08 +6.48364319e+08 3.55e-01 3.3e-03 2.3e-04 0.872 0.732 0.00
  42 -5.916774686e+08 +6.48364318e+08 3.06e-01 2.9e-03 2.0e-04 0.872 0.732 0.00
  43 -5.916774685e+08 +6.48364318e+08 2.63e-01 2.5e-03 1.7e-04 0.872 0.732 0.00
  44 -5.916774685e+08 +6.48364318e+08 2.26e-01 2.1e-03 1.5e-04 0.872 0.732 0.00
  45 -5.916774684e+08 +6.48364318e+08 1.95e-01 1.9e-03 1.3e-04 0.872 0.732 0.00
  46 -5.916774684e+08 +6.48364318e+08 1.68e-01 1.6e-03 1.1e-04 0.872 0.732 0.00
  47 -5.916774683e+08 +6.48364318e+08 1.44e-01 1.4e-03 9.5e-05 0.872 0.732 0.00
  48 -5.916774683e+08 +6.48364318e+08 1.24e-01 1.2e-03 8.2e-05 0.872 0.732 0.00
  49 -5.916774683e+08 +6.48364318e+08 1.07e-01 1.0e-03 7.1e-05 0.872 0.732 0.00
  50 -5.916774683e+08 +6.48364318e+08 9.21e-02 8.9e-04 6.1e-05 0.872 0.732 0.00
  51 -5.916774683e+08 +6.48364318e+08 7.93e-02 7.6e-04 5.3e-05 0.872 0.732 0.00
  52 -5.916774683e+08 +6.48364318e+08 6.83e-02 6.6e-04 4.5e-05 0.872 0.732 0.00
  53 -5.916774683e+08 +6.48364318e+08 5.89e-02 5.7e-04 3.9e-05 0.872 0.732 0.00
  54 -5.916774683e+08 +6.48364318e+08 5.07e-02 4.9e-04 3.4e-05 0.872 0.732 0.00
  55 -5.916774683e+08 +6.48364318e+08 4.37e-02 4.2e-04 2.9e-05 0.872 0.732 0.00
  56 -5.916774683e+08 +6.48364318e+08 3.77e-02 3.6e-04 2.5e-05 0.872 0.732 0.00
  57 -5.916774683e+08 +6.48364318e+08 3.25e-02 3.1e-04 2.2e-05 0.872 0.732 0.00
  58 -5.916774683e+08 +6.48364318e+08 2.80e-02 2.7e-04 1.9e-05 0.872 0.732 0.00
  59 -5.916774683e+08 +6.48364318e+08 2.42e-02 2.3e-04 1.6e-05 0.872 0.732 0.00
  60 -5.916774683e+08 +6.48364318e+08 2.08e-02 2.0e-04 1.4e-05 0.872 0.732 0.00
  61 -5.916774683e+08 +6.48364318e+08 1.80e-02 1.7e-04 1.2e-05 0.872 0.732 0.00
  62 -5.916774683e+08 +6.48364318e+08 1.55e-02 1.5e-04 1.0e-05 0.872 0.732 0.00
  63 -5.916774683e+08 +6.48364318e+08 1.34e-02 1.3e-04 8.9e-06 0.872 0.732 0.00
  64 -5.916774683e+08 +6.48364318e+08 1.16e-02 1.1e-04 7.7e-06 0.872 0.732 0.00
  65 -5.916774683e+08 +6.48364318e+08 9.97e-03 9.7e-05 6.6e-06 0.872 0.732 0.00
  66 -5.916774683e+08 +6.48364318e+08 8.61e-03 8.4e-05 5.7e-06 0.872 0.732 0.00
  67 -5.916774683e+08 +6.48364318e+08 7.44e-03 7.2e-05 5.1e-06 0.872 0.732 0.00
  68 -5.916774683e+08 +6.48364318e+08 6.43e-03 6.3e-05 4.6e-06 0.872 0.732 0.00
  69 -5.916774683e+08 +6.48364318e+08 5.55e-03 5.4e-05 4.2e-06 0.872 0.732 0.00
  70 -5.916774683e+08 +6.48364318e+08 4.80e-03 4.7e-05 3.8e-06 0.872 0.732 0.00
  71 -5.916774683e+08 +6.48364318e+08 4.15e-03 4.0e-05 3.4e-06 0.872 0.732 0.00
  72 -5.916774683e+08 +6.48364318e+08 3.59e-03 3.5e-05 3.1e-06 0.872 0.732 0.00
  73 -5.916774683e+08 +6.48364318e+08 3.11e-03 3.0e-05 2.8e-06 0.872 0.732 0.00
  74 -5.916774683e+08 +6.48364318e+08 2.69e-03 2.6e-05 2.6e-06 0.872 0.732 0.00
  75 -5.916774683e+08 +6.48364318e+08 2.33e-03 2.3e-05 2.3e-06 0.872 0.732 0.00
  76 -5.916774683e+08 +6.48364318e+08 2.02e-03 2.0e-05 2.1e-06 0.872 0.732 0.00
  77 -5.916774683e+08 +6.48364318e+08 1.75e-03 1.7e-05 2.0e-06 0.872 0.732 0.00
  78 -5.916774683e+08 +6.48364318e+08 1.51e-03 1.5e-05 2.0e-06 0.872 0.732 0.00
  79 -5.916774683e+08 +6.48364318e+08 1.31e-03 1.3e-05 1.9e-06 0.872 0.732 0.00
  80 -5.916774683e+08 +6.48364318e+08 1.14e-03 1.1e-05 1.8e-06 0.872 0.732 0.00
  81 -5.916774683e+08 +6.48364318e+08 9.90e-04 9.5e-06 1.8e-06 0.872 0.732 0.00
  82 -5.916774683e+08 +6.48364318e+08 8.61e-04 8.2e-06 1.7e-06 0.872 0.732 0.00
  83 -5.916774683e+08 +6.48364318e+08 7.91e-04 7.1e-06 1.6e-06 0.872 0.732 0.00
  84 -5.916774683e+08 +6.48364318e+08 7.91e-04 6.2e-06 1.6e-06 0.872 0.732 0.00
  85 -5.916774683e+08 +6.48364318e+08 7.91e-04 5.4e-06 1.5e-06 0.872 0.732 0.00
  86 -5.916774683e+08 +6.48364318e+08 7.91e-04 4.6e-06 1.5e-06 0.872 0.732 0.00
  87 -5.916774683e+08 +6.48364318e+08 7.91e-04 4.0e-06 1.4e-06 0.872 0.732 0.00
  88 -5.916774683e+08 +6.48364318e+08 7.91e-04 3.5e-06 1.4e-06 0.872 0.732 0.00
  89 -5.916774683e+08 +6.48364318e+08 7.91e-04 3.0e-06 1.3e-06 0.872 0.732 0.00
  90 -5.916774683e+08 +6.48364318e+08 7.91e-04 2.6e-06 1.3e-06 0.872 0.732 0.00
  91 -5.916774683e+08 +6.48364318e+08 7.91e-04 2.3e-06 1.2e-06 0.872 0.732 0.00
  92 -5.916774683e+08 +6.48364318e+08 7.91e-04 2.0e-06 1.2e-06 0.872 0.732 0.00
  93 -5.916774683e+08 +6.48364318e+08 7.91e-04 1.7e-06 1.1e-06 0.872 0.732 0.00
  94 -5.916774683e+08 +6.48364318e+08 7.91e-04 1.5e-06 1.1e-06 0.872 0.732 0.00
  95 -5.916774683e+08 +6.48364318e+08 7.91e-04 1.3e-06 1.0e-06 0.872 0.732 0.00
  96 -5.916774683e+08 +6.48364318e+08 7.91e-04 1.1e-06 1.0e-06 0.872 0.732 0.00
  97 -5.916774683e+08 +6.48364318e+08 7.91e-04 9.9e-07 9.7e-07 0.872 0.732 0.00
  98 -5.916774683e+08 +6.48364318e+08 7.91e-04 8.6e-07 9.4e-07 0.872 0.732 0.00
  99 -5.916774683e+08 +6.48364318e+08 7.91e-04 7.5e-07 9.0e-07 0.872 0.732 0.00
 100 -5.916774683e+08 +6.48364318e+08 7.91e-04 6.5e-07 8.7e-07 0.872 0.732 0.00
> saveRDS(fit, file=paste0("../data/gom-data/topics",clustnum,".chimp.data.filterC.log.indv-cell.intNo0.reg-",data.source,".rds"))
> 
> proc.time()
     user    system   elapsed 
56554.192  6924.538 36195.631 
