
R version 3.6.1 (2019-07-05) -- "Action of the Toes"
Copyright (C) 2019 The R Foundation for Statistical Computing
Platform: x86_64-pc-linux-gnu (64-bit)

R is free software and comes with ABSOLUTELY NO WARRANTY.
You are welcome to redistribute it under certain conditions.
Type 'license()' or 'licence()' for distribution details.

R is a collaborative project with many contributors.
Type 'contributors()' for more information and
'citation()' on how to cite R or R packages in publications.

Type 'demo()' for some demos, 'help()' for on-line help, or
'help.start()' for an HTML browser interface to help.
Type 'q()' to quit R.

> #Read in command line arguments as list of character vectors
> args=(commandArgs(TRUE))
> 
> #Check if arguments are passed and cycle through to evaluate each element
> if(length(args)==0){
+   print("No arguments supplied.")
+   #supply default values
+   clustnum=3
+   data.source="tot"
+ }else{
+   for(i in 1:length(args)){
+     eval(parse(text=args[[i]]))
+   }
+ }
> print(paste0("k: ",clustnum))
[1] "k: 7"
> print(paste0("data source: ",data.source))
[1] "data source: tot"
> 
> #Load libraries
> library(Seurat)
> library(CountClust)
Loading required package: ggplot2
> library(classtpx)
Loading required package: slam
> library(fastTopics)
> 
> 
> #Run analyses for human data
> print("Loading human data")
[1] "Loading human data"
> 
> #Load data
> scrna <- paste0("../data/cellranger-data-full/data.filterC.log.indv-cell.intNo0.reg-",data.source,".rds")
> data <- readRDS(scrna)
> data <- subset(data, subset=Species=="Human")
> 
> #Prepare data (unintegrated count data)
> counts <- as.matrix(data@assays$RNA@counts) #do not use integrated data
> counts <- counts[rowSums(counts>0)>0,]      #remove genes with 0 counts across cells
> counts <- t(as.matrix(counts))              #fix matrix orientation (barcodes x features)
> 
> #Batch correct counts - don't correct for species
> labelBatch1 <- as.factor(paste0(data@meta.data$Pair,data@meta.data$Replicate)[which(rownames(data@meta.data) %in% rownames(counts))])
> countsBC1 <- BatchCorrectedCounts(counts, labelBatch1, use_parallel=FALSE)
> rm(data,counts)
> 
> #Fit fastTopics model and save data
> fit <- fit_poisson_nmf(countsBC1, k=clustnum, numiter=100)
Using 4 RcppParallel threads.
Initializing factors using Topic SCORE algorithm.
Initializing loadings by running 10 SCD updates.
Using 4 RcppParallel threads.
Fitting rank-7 Poisson NMF to 47410 x 18150 dense matrix.
Running 100 SCD updates, without extrapolation (fastTopics 0.3-185).
iter   log-likelihood        deviance res(KKT)  |F-F'|  |L-L'| nz(F) nz(L) beta
   1 -5.392202741e+08 +5.87864874e+08 1.51e+05 1.6e+02 1.6e+00 0.702 0.690 0.00
   2 -5.199115599e+08 +5.49247445e+08 4.23e+04 8.9e+01 4.1e+00 0.734 0.795 0.00
   3 -5.160654249e+08 +5.41555175e+08 1.82e+04 3.9e+01 2.5e+00 0.724 0.782 0.00
   4 -5.145937365e+08 +5.38611799e+08 1.25e+04 2.3e+01 1.7e+00 0.722 0.801 0.00
   5 -5.136979910e+08 +5.36820308e+08 1.08e+04 1.8e+01 6.2e-01 0.721 0.809 0.00
   6 -5.129987705e+08 +5.35421867e+08 9.28e+03 1.4e+01 4.8e-01 0.724 0.807 0.00
   7 -5.124271046e+08 +5.34278535e+08 7.57e+03 9.0e+00 3.5e-01 0.727 0.804 0.00
   8 -5.119843143e+08 +5.33392954e+08 6.09e+03 7.5e+00 3.5e-01 0.729 0.799 0.00
   9 -5.116535034e+08 +5.32731332e+08 4.88e+03 6.8e+00 3.3e-01 0.731 0.796 0.00
  10 -5.114167077e+08 +5.32257741e+08 3.32e+03 5.6e+00 3.0e-01 0.732 0.794 0.00
  11 -5.112569353e+08 +5.31938196e+08 2.47e+03 4.4e+00 2.5e-01 0.732 0.792 0.00
  12 -5.111524362e+08 +5.31729198e+08 2.14e+03 3.7e+00 2.2e-01 0.733 0.791 0.00
  13 -5.110832008e+08 +5.31590727e+08 2.21e+03 3.2e+00 1.8e-01 0.732 0.790 0.00
  14 -5.110361360e+08 +5.31496598e+08 2.09e+03 2.9e+00 1.4e-01 0.732 0.789 0.00
  15 -5.110033093e+08 +5.31430944e+08 1.93e+03 2.5e+00 1.1e-01 0.732 0.789 0.00
  16 -5.109798672e+08 +5.31384060e+08 1.76e+03 2.2e+00 8.9e-02 0.731 0.789 0.00
  17 -5.109627244e+08 +5.31349774e+08 1.60e+03 1.8e+00 6.9e-02 0.731 0.789 0.00
  18 -5.109498270e+08 +5.31323979e+08 1.44e+03 1.7e+00 5.4e-02 0.731 0.789 0.00
  19 -5.109398510e+08 +5.31304028e+08 1.28e+03 1.5e+00 4.4e-02 0.730 0.789 0.00
  20 -5.109319256e+08 +5.31288177e+08 1.16e+03 1.4e+00 3.9e-02 0.730 0.790 0.00
  21 -5.109254522e+08 +5.31275230e+08 1.06e+03 1.4e+00 3.6e-02 0.730 0.790 0.00
  22 -5.109200386e+08 +5.31264403e+08 9.76e+02 1.4e+00 3.4e-02 0.730 0.791 0.00
  23 -5.109154280e+08 +5.31255182e+08 9.04e+02 1.4e+00 3.3e-02 0.729 0.791 0.00
  24 -5.109114395e+08 +5.31247205e+08 8.39e+02 1.4e+00 3.1e-02 0.729 0.791 0.00
  25 -5.109079410e+08 +5.31240208e+08 7.80e+02 1.3e+00 3.0e-02 0.729 0.792 0.00
  26 -5.109048349e+08 +5.31233995e+08 7.27e+02 1.3e+00 2.9e-02 0.729 0.792 0.00
  27 -5.109020502e+08 +5.31228426e+08 6.78e+02 1.3e+00 2.8e-02 0.728 0.793 0.00
  28 -5.108995316e+08 +5.31223389e+08 6.34e+02 1.3e+00 2.7e-02 0.728 0.793 0.00
  29 -5.108972314e+08 +5.31218788e+08 6.09e+02 1.3e+00 2.6e-02 0.728 0.793 0.00
  30 -5.108951141e+08 +5.31214554e+08 5.86e+02 1.2e+00 2.5e-02 0.728 0.794 0.00
  31 -5.108931550e+08 +5.31210636e+08 5.64e+02 1.2e+00 2.4e-02 0.728 0.794 0.00
  32 -5.108913364e+08 +5.31206998e+08 5.42e+02 1.2e+00 2.4e-02 0.728 0.794 0.00
  33 -5.108896423e+08 +5.31203610e+08 5.21e+02 1.2e+00 2.3e-02 0.728 0.794 0.00
  34 -5.108880586e+08 +5.31200443e+08 4.99e+02 1.2e+00 2.2e-02 0.727 0.795 0.00
  35 -5.108865743e+08 +5.31197474e+08 4.77e+02 1.1e+00 2.2e-02 0.727 0.795 0.00
  36 -5.108851797e+08 +5.31194685e+08 4.57e+02 1.1e+00 2.1e-02 0.727 0.795 0.00
  37 -5.108838667e+08 +5.31192059e+08 4.37e+02 1.1e+00 2.0e-02 0.727 0.795 0.00
  38 -5.108826286e+08 +5.31189583e+08 4.19e+02 1.1e+00 2.0e-02 0.727 0.796 0.00
  39 -5.108814616e+08 +5.31187249e+08 4.02e+02 1.0e+00 1.9e-02 0.727 0.796 0.00
  40 -5.108803601e+08 +5.31185046e+08 3.85e+02 1.0e+00 1.9e-02 0.727 0.796 0.00
  41 -5.108793188e+08 +5.31182963e+08 3.68e+02 1.0e+00 1.8e-02 0.727 0.796 0.00
  42 -5.108783334e+08 +5.31180992e+08 3.53e+02 9.9e-01 1.8e-02 0.727 0.796 0.00
  43 -5.108774024e+08 +5.31179130e+08 3.39e+02 9.6e-01 1.7e-02 0.727 0.797 0.00
  44 -5.108765233e+08 +5.31177372e+08 3.26e+02 9.4e-01 1.7e-02 0.726 0.797 0.00
  45 -5.108756926e+08 +5.31175711e+08 3.13e+02 9.2e-01 1.6e-02 0.726 0.797 0.00
  46 -5.108749064e+08 +5.31174138e+08 3.01e+02 9.0e-01 1.6e-02 0.726 0.797 0.00
  47 -5.108741599e+08 +5.31172645e+08 2.90e+02 8.8e-01 1.6e-02 0.726 0.797 0.00
  48 -5.108734478e+08 +5.31171221e+08 2.80e+02 8.6e-01 1.5e-02 0.726 0.798 0.00
  49 -5.108727671e+08 +5.31169860e+08 2.72e+02 8.5e-01 1.5e-02 0.726 0.798 0.00
  50 -5.108721158e+08 +5.31168557e+08 2.65e+02 8.4e-01 1.5e-02 0.726 0.798 0.00
  51 -5.108714927e+08 +5.31167311e+08 2.58e+02 8.2e-01 1.4e-02 0.726 0.798 0.00
  52 -5.108708962e+08 +5.31166118e+08 2.51e+02 8.1e-01 1.4e-02 0.726 0.798 0.00
  53 -5.108703250e+08 +5.31164976e+08 2.45e+02 7.9e-01 1.4e-02 0.726 0.798 0.00
  54 -5.108697778e+08 +5.31163881e+08 2.39e+02 7.8e-01 1.3e-02 0.726 0.798 0.00
  55 -5.108692532e+08 +5.31162832e+08 2.33e+02 7.7e-01 1.3e-02 0.726 0.799 0.00
  56 -5.108687502e+08 +5.31161826e+08 2.28e+02 7.5e-01 1.3e-02 0.726 0.799 0.00
  57 -5.108682677e+08 +5.31160861e+08 2.22e+02 7.4e-01 1.3e-02 0.726 0.799 0.00
  58 -5.108678048e+08 +5.31159935e+08 2.17e+02 7.3e-01 1.2e-02 0.725 0.799 0.00
  59 -5.108673616e+08 +5.31159049e+08 2.11e+02 7.1e-01 1.2e-02 0.725 0.799 0.00
  60 -5.108669374e+08 +5.31158200e+08 2.06e+02 7.0e-01 1.2e-02 0.725 0.799 0.00
  61 -5.108665314e+08 +5.31157388e+08 2.02e+02 6.8e-01 1.2e-02 0.725 0.799 0.00
  62 -5.108661426e+08 +5.31156611e+08 1.98e+02 6.7e-01 1.1e-02 0.725 0.800 0.00
  63 -5.108657703e+08 +5.31155866e+08 1.94e+02 6.5e-01 1.1e-02 0.725 0.800 0.00
  64 -5.108654136e+08 +5.31155153e+08 1.91e+02 6.4e-01 1.1e-02 0.725 0.800 0.00
  65 -5.108650723e+08 +5.31154470e+08 1.87e+02 6.2e-01 1.1e-02 0.725 0.800 0.00
  66 -5.108647452e+08 +5.31153816e+08 1.84e+02 6.1e-01 1.0e-02 0.725 0.800 0.00
  67 -5.108644316e+08 +5.31153189e+08 1.82e+02 6.0e-01 1.0e-02 0.725 0.800 0.00
  68 -5.108641312e+08 +5.31152588e+08 1.80e+02 5.8e-01 9.8e-03 0.725 0.800 0.00
  69 -5.108638433e+08 +5.31152012e+08 1.79e+02 5.7e-01 9.6e-03 0.725 0.800 0.00
  70 -5.108635672e+08 +5.31151460e+08 1.78e+02 5.6e-01 9.4e-03 0.725 0.800 0.00
  71 -5.108633023e+08 +5.31150930e+08 1.77e+02 5.4e-01 9.2e-03 0.725 0.801 0.00
  72 -5.108630483e+08 +5.31150422e+08 1.76e+02 5.3e-01 9.0e-03 0.725 0.801 0.00
  73 -5.108628047e+08 +5.31149935e+08 1.76e+02 5.2e-01 8.7e-03 0.725 0.801 0.00
  74 -5.108625713e+08 +5.31149468e+08 1.75e+02 5.1e-01 8.5e-03 0.725 0.801 0.00
  75 -5.108623475e+08 +5.31149021e+08 1.74e+02 5.0e-01 8.3e-03 0.725 0.801 0.00
  76 -5.108621329e+08 +5.31148591e+08 1.74e+02 4.8e-01 8.1e-03 0.725 0.801 0.00
  77 -5.108619269e+08 +5.31148179e+08 1.73e+02 4.7e-01 7.9e-03 0.725 0.801 0.00
  78 -5.108617293e+08 +5.31147784e+08 1.73e+02 4.6e-01 7.8e-03 0.725 0.801 0.00
  79 -5.108615396e+08 +5.31147405e+08 1.73e+02 4.5e-01 7.6e-03 0.725 0.801 0.00
  80 -5.108613573e+08 +5.31147040e+08 1.73e+02 4.4e-01 7.4e-03 0.725 0.801 0.00
  81 -5.108611819e+08 +5.31146689e+08 1.72e+02 4.3e-01 7.2e-03 0.725 0.801 0.00
  82 -5.108610133e+08 +5.31146352e+08 1.72e+02 4.2e-01 7.1e-03 0.725 0.801 0.00
  83 -5.108608509e+08 +5.31146027e+08 1.72e+02 4.1e-01 6.9e-03 0.725 0.801 0.00
  84 -5.108606947e+08 +5.31145715e+08 1.72e+02 4.0e-01 6.8e-03 0.725 0.801 0.00
  85 -5.108605442e+08 +5.31145414e+08 1.71e+02 3.9e-01 6.6e-03 0.725 0.802 0.00
  86 -5.108603993e+08 +5.31145124e+08 1.71e+02 3.8e-01 6.5e-03 0.725 0.802 0.00
  87 -5.108602595e+08 +5.31144845e+08 1.71e+02 3.7e-01 6.3e-03 0.725 0.802 0.00
  88 -5.108601246e+08 +5.31144575e+08 1.71e+02 3.6e-01 6.2e-03 0.725 0.802 0.00
  89 -5.108599944e+08 +5.31144314e+08 1.71e+02 3.5e-01 6.0e-03 0.725 0.802 0.00
  90 -5.108598687e+08 +5.31144063e+08 1.71e+02 3.4e-01 5.9e-03 0.725 0.802 0.00
  91 -5.108597471e+08 +5.31143820e+08 1.70e+02 3.3e-01 5.8e-03 0.725 0.802 0.00
  92 -5.108596296e+08 +5.31143585e+08 1.70e+02 3.3e-01 5.7e-03 0.725 0.802 0.00
  93 -5.108595157e+08 +5.31143357e+08 1.69e+02 3.2e-01 5.6e-03 0.725 0.802 0.00
  94 -5.108594055e+08 +5.31143137e+08 1.69e+02 3.1e-01 5.4e-03 0.725 0.802 0.00
  95 -5.108592988e+08 +5.31142923e+08 1.68e+02 3.0e-01 5.3e-03 0.725 0.802 0.00
  96 -5.108591956e+08 +5.31142717e+08 1.68e+02 2.9e-01 5.2e-03 0.725 0.802 0.00
  97 -5.108590957e+08 +5.31142517e+08 1.67e+02 2.9e-01 5.1e-03 0.725 0.802 0.00
  98 -5.108589990e+08 +5.31142324e+08 1.67e+02 2.8e-01 5.0e-03 0.725 0.802 0.00
  99 -5.108589054e+08 +5.31142136e+08 1.67e+02 2.7e-01 4.9e-03 0.724 0.802 0.00
 100 -5.108588148e+08 +5.31141955e+08 1.66e+02 2.7e-01 4.8e-03 0.724 0.802 0.00
> saveRDS(fit, file=paste0("../data/gom-data/topics",clustnum,".human.data.filterC.log.indv-cell.intNo0.reg-",data.source,".bc1.rds"))
> 
> 
> #Run analyses for chimp data
> print("Loading chimp data")
[1] "Loading chimp data"
> 
> #Load data
> scrna <- paste0("../data/cellranger-data-full/data.filterC.log.indv-cell.intNo0.reg-",data.source,".rds")
> data <- readRDS(scrna)
> data <- subset(data, subset=Species=="Chimp")
> 
> #Prepare data (unintegrated count data)
> counts <- as.matrix(data@assays$RNA@counts) #do not use integrated data
> counts <- counts[rowSums(counts>0)>0,]      #remove genes with 0 counts across cells
> counts <- t(as.matrix(counts))              #fix matrix orientation (barcodes x features)
> 
> #Batch correct counts - don't correct for species
> labelBatch1 <- as.factor(paste0(data@meta.data$Pair,data@meta.data$Replicate)[which(rownames(data@meta.data) %in% rownames(counts))])
> countsBC1 <- BatchCorrectedCounts(counts, labelBatch1, use_parallel=FALSE)
> rm(data,counts)
> 
> #Fit fastTopics model and save data
> fit <- fit_poisson_nmf(countsBC1, k=clustnum, numiter=100)
Using 4 RcppParallel threads.
Initializing factors using Topic SCORE algorithm.
Initializing loadings by running 10 SCD updates.
Using 4 RcppParallel threads.
Fitting rank-7 Poisson NMF to 53590 x 18128 dense matrix.
Running 100 SCD updates, without extrapolation (fastTopics 0.3-185).
iter   log-likelihood        deviance res(KKT)  |F-F'|  |L-L'| nz(F) nz(L) beta
   1 -5.725350629e+08 +6.11204946e+08 9.52e+03 3.3e+02 3.5e+00 0.754 0.601 0.00
   2 -5.668376515e+08 +5.99810123e+08 7.26e+03 8.5e+01 3.2e+00 0.780 0.723 0.00
   3 -5.647401656e+08 +5.95615151e+08 7.53e+03 4.5e+01 1.6e+00 0.785 0.697 0.00
   4 -5.640130855e+08 +5.94160991e+08 1.43e+03 2.4e+01 1.2e+00 0.788 0.704 0.00
   5 -5.636744651e+08 +5.93483750e+08 1.05e+03 1.5e+01 5.3e-01 0.787 0.709 0.00
   6 -5.634656686e+08 +5.93066157e+08 8.33e+02 1.1e+01 3.8e-01 0.787 0.714 0.00
   7 -5.633184387e+08 +5.92771697e+08 6.70e+02 9.4e+00 2.7e-01 0.786 0.719 0.00
   8 -5.632109896e+08 +5.92556799e+08 6.11e+02 8.0e+00 2.2e-01 0.785 0.724 0.00
   9 -5.631307536e+08 +5.92396327e+08 6.30e+02 6.7e+00 1.9e-01 0.784 0.727 0.00
  10 -5.630679099e+08 +5.92270640e+08 6.23e+02 5.6e+00 1.7e-01 0.784 0.730 0.00
  11 -5.630163719e+08 +5.92167563e+08 6.55e+02 4.8e+00 1.7e-01 0.783 0.732 0.00
  12 -5.629724691e+08 +5.92079758e+08 6.89e+02 4.3e+00 1.7e-01 0.783 0.733 0.00
  13 -5.629339694e+08 +5.92002758e+08 7.22e+02 3.9e+00 1.6e-01 0.783 0.734 0.00
  14 -5.628993245e+08 +5.91933469e+08 7.45e+02 3.6e+00 1.5e-01 0.783 0.734 0.00
  15 -5.628671803e+08 +5.91869180e+08 7.58e+02 3.3e+00 1.4e-01 0.783 0.735 0.00
  16 -5.628365843e+08 +5.91807988e+08 7.61e+02 3.0e+00 1.4e-01 0.783 0.735 0.00
  17 -5.628069647e+08 +5.91748749e+08 7.52e+02 2.8e+00 1.3e-01 0.782 0.734 0.00
  18 -5.627776227e+08 +5.91690065e+08 7.28e+02 2.6e+00 1.3e-01 0.782 0.734 0.00
  19 -5.627480306e+08 +5.91630881e+08 6.89e+02 2.5e+00 1.3e-01 0.782 0.734 0.00
  20 -5.627176447e+08 +5.91570109e+08 6.35e+02 2.5e+00 1.2e-01 0.782 0.734 0.00
  21 -5.626858471e+08 +5.91506514e+08 5.70e+02 2.5e+00 1.2e-01 0.782 0.734 0.00
  22 -5.626521253e+08 +5.91439070e+08 4.98e+02 2.6e+00 1.3e-01 0.782 0.733 0.00
  23 -5.626160835e+08 +5.91366987e+08 4.43e+02 2.8e+00 1.4e-01 0.782 0.733 0.00
  24 -5.625774149e+08 +5.91289650e+08 4.47e+02 3.0e+00 1.5e-01 0.781 0.732 0.00
  25 -5.625360762e+08 +5.91206972e+08 4.98e+02 3.2e+00 1.6e-01 0.781 0.731 0.00
  26 -5.624928567e+08 +5.91120533e+08 5.70e+02 3.4e+00 1.7e-01 0.780 0.730 0.00
  27 -5.624484767e+08 +5.91031773e+08 6.41e+02 3.8e+00 1.8e-01 0.779 0.730 0.00
  28 -5.624033681e+08 +5.90941556e+08 7.10e+02 4.1e+00 1.9e-01 0.778 0.729 0.00
  29 -5.623577106e+08 +5.90850241e+08 7.67e+02 4.4e+00 2.0e-01 0.777 0.729 0.00
  30 -5.623113951e+08 +5.90757610e+08 9.25e+02 4.6e+00 2.0e-01 0.776 0.728 0.00
  31 -5.622645949e+08 +5.90664009e+08 1.28e+03 4.7e+00 2.0e-01 0.775 0.727 0.00
  32 -5.622178031e+08 +5.90570426e+08 1.46e+03 4.8e+00 2.0e-01 0.774 0.726 0.00
  33 -5.621710875e+08 +5.90476995e+08 1.54e+03 4.9e+00 1.8e-01 0.773 0.726 0.00
  34 -5.621244398e+08 +5.90383699e+08 1.57e+03 5.0e+00 1.8e-01 0.772 0.726 0.00
  35 -5.620779231e+08 +5.90290666e+08 1.58e+03 5.0e+00 1.9e-01 0.770 0.726 0.00
  36 -5.620321213e+08 +5.90199062e+08 1.56e+03 4.9e+00 1.8e-01 0.769 0.725 0.00
  37 -5.619843917e+08 +5.90103603e+08 3.71e+03 4.7e+00 1.7e-01 0.769 0.725 0.00
  38 -5.619117260e+08 +5.89958272e+08 1.49e+03 5.0e+00 2.0e-01 0.768 0.726 0.00
  39 -5.618370118e+08 +5.89808843e+08 1.38e+03 5.5e+00 2.8e-01 0.767 0.726 0.00
  40 -5.617898027e+08 +5.89714425e+08 1.27e+03 4.4e+00 2.4e-01 0.766 0.726 0.00
  41 -5.617596126e+08 +5.89654045e+08 1.19e+03 3.1e+00 1.6e-01 0.765 0.726 0.00
  42 -5.617390063e+08 +5.89612832e+08 1.11e+03 2.7e+00 1.1e-01 0.764 0.726 0.00
  43 -5.617233439e+08 +5.89581508e+08 1.01e+03 2.4e+00 9.7e-02 0.763 0.726 0.00
  44 -5.617098593e+08 +5.89554538e+08 9.00e+02 2.2e+00 9.6e-02 0.762 0.726 0.00
  45 -5.616971542e+08 +5.89529128e+08 8.00e+02 2.0e+00 1.0e-01 0.762 0.726 0.00
  46 -5.616845153e+08 +5.89503850e+08 7.49e+02 1.8e+00 1.1e-01 0.761 0.727 0.00
  47 -5.616715732e+08 +5.89477966e+08 6.88e+02 1.7e+00 1.2e-01 0.760 0.727 0.00
  48 -5.616581276e+08 +5.89451075e+08 6.52e+02 1.8e+00 1.2e-01 0.760 0.727 0.00
  49 -5.616440802e+08 +5.89422980e+08 6.50e+02 1.9e+00 1.3e-01 0.759 0.728 0.00
  50 -5.616294467e+08 +5.89393713e+08 6.47e+02 2.0e+00 1.3e-01 0.758 0.729 0.00
  51 -5.616143368e+08 +5.89363493e+08 6.31e+02 2.1e+00 1.3e-01 0.758 0.729 0.00
  52 -5.615988886e+08 +5.89332597e+08 5.11e+02 2.1e+00 1.3e-01 0.757 0.730 0.00
  53 -5.615833342e+08 +5.89301488e+08 4.61e+02 2.1e+00 1.3e-01 0.756 0.731 0.00
  54 -5.615679151e+08 +5.89270650e+08 4.09e+02 2.1e+00 1.3e-01 0.756 0.732 0.00
  55 -5.615528777e+08 +5.89240575e+08 3.48e+02 2.1e+00 1.2e-01 0.755 0.732 0.00
  56 -5.615384462e+08 +5.89211712e+08 2.95e+02 2.1e+00 1.2e-01 0.754 0.733 0.00
  57 -5.615248052e+08 +5.89184430e+08 2.97e+02 2.0e+00 1.2e-01 0.754 0.734 0.00
  58 -5.615121269e+08 +5.89159074e+08 2.93e+02 2.0e+00 1.1e-01 0.753 0.735 0.00
  59 -5.615004360e+08 +5.89135692e+08 2.86e+02 1.9e+00 1.0e-01 0.752 0.736 0.00
  60 -5.614897003e+08 +5.89114220e+08 2.76e+02 1.8e+00 9.2e-02 0.751 0.736 0.00
  61 -5.614798574e+08 +5.89094534e+08 2.83e+02 1.7e+00 8.5e-02 0.750 0.737 0.00
  62 -5.614708320e+08 +5.89076484e+08 2.98e+02 1.6e+00 7.9e-02 0.750 0.738 0.00
  63 -5.614625527e+08 +5.89059925e+08 3.10e+02 1.6e+00 7.3e-02 0.749 0.738 0.00
  64 -5.614549337e+08 +5.89044687e+08 3.18e+02 1.5e+00 7.2e-02 0.748 0.739 0.00
  65 -5.614478762e+08 +5.89030572e+08 3.22e+02 1.4e+00 7.1e-02 0.748 0.740 0.00
  66 -5.614413054e+08 +5.89017431e+08 4.00e+02 1.2e+00 6.9e-02 0.747 0.740 0.00
  67 -5.614351568e+08 +5.89005133e+08 4.00e+02 1.2e+00 6.6e-02 0.746 0.741 0.00
  68 -5.614293757e+08 +5.88993571e+08 4.27e+02 1.2e+00 6.4e-02 0.746 0.741 0.00
  69 -5.614239055e+08 +5.88982631e+08 4.56e+02 1.2e+00 6.2e-02 0.745 0.742 0.00
  70 -5.614187049e+08 +5.88972230e+08 4.85e+02 1.2e+00 5.9e-02 0.745 0.742 0.00
  71 -5.614137395e+08 +5.88962299e+08 5.12e+02 1.2e+00 5.7e-02 0.744 0.743 0.00
  72 -5.614089762e+08 +5.88952772e+08 5.37e+02 1.2e+00 5.6e-02 0.744 0.743 0.00
  73 -5.614043946e+08 +5.88943609e+08 5.60e+02 1.2e+00 5.5e-02 0.743 0.744 0.00
  74 -5.613999721e+08 +5.88934764e+08 5.83e+02 1.2e+00 5.4e-02 0.743 0.744 0.00
  75 -5.613956890e+08 +5.88926198e+08 6.06e+02 1.2e+00 5.4e-02 0.742 0.744 0.00
  76 -5.613915341e+08 +5.88917888e+08 6.30e+02 1.2e+00 5.3e-02 0.742 0.745 0.00
  77 -5.613874972e+08 +5.88909814e+08 6.53e+02 1.2e+00 5.2e-02 0.741 0.745 0.00
  78 -5.613835590e+08 +5.88901938e+08 6.77e+02 1.2e+00 5.3e-02 0.741 0.745 0.00
  79 -5.613797041e+08 +5.88894228e+08 7.01e+02 1.2e+00 5.3e-02 0.741 0.746 0.00
  80 -5.613759219e+08 +5.88886663e+08 7.25e+02 1.2e+00 5.2e-02 0.740 0.746 0.00
  81 -5.613722017e+08 +5.88879223e+08 8.15e+02 1.0e+00 5.1e-02 0.740 0.746 0.00
  82 -5.613685275e+08 +5.88871875e+08 8.90e+02 1.1e+00 5.1e-02 0.740 0.747 0.00
  83 -5.613648925e+08 +5.88864605e+08 9.41e+02 1.1e+00 5.0e-02 0.739 0.747 0.00
  84 -5.613612897e+08 +5.88857399e+08 9.82e+02 1.1e+00 5.0e-02 0.739 0.747 0.00
  85 -5.613577167e+08 +5.88850253e+08 1.02e+03 1.1e+00 4.9e-02 0.738 0.747 0.00
  86 -5.613541723e+08 +5.88843164e+08 1.05e+03 1.1e+00 4.8e-02 0.738 0.747 0.00
  87 -5.613506512e+08 +5.88836122e+08 1.08e+03 1.1e+00 4.5e-02 0.738 0.748 0.00
  88 -5.613471531e+08 +5.88829126e+08 1.11e+03 1.1e+00 4.4e-02 0.738 0.748 0.00
  89 -5.613436744e+08 +5.88822168e+08 1.14e+03 1.1e+00 4.4e-02 0.737 0.748 0.00
  90 -5.613402106e+08 +5.88815241e+08 1.17e+03 1.1e+00 4.4e-02 0.737 0.748 0.00
  91 -5.613367624e+08 +5.88808344e+08 1.20e+03 1.1e+00 4.4e-02 0.737 0.748 0.00
  92 -5.613333357e+08 +5.88801491e+08 1.23e+03 1.1e+00 4.3e-02 0.737 0.749 0.00
  93 -5.613299369e+08 +5.88794693e+08 1.25e+03 1.2e+00 4.3e-02 0.737 0.749 0.00
  94 -5.613265719e+08 +5.88787963e+08 1.28e+03 1.2e+00 4.2e-02 0.736 0.749 0.00
  95 -5.613232492e+08 +5.88781318e+08 1.30e+03 1.2e+00 4.2e-02 0.736 0.749 0.00
  96 -5.613199763e+08 +5.88774772e+08 1.33e+03 1.2e+00 4.1e-02 0.736 0.749 0.00
  97 -5.613167507e+08 +5.88768321e+08 1.35e+03 1.2e+00 4.0e-02 0.736 0.750 0.00
  98 -5.613135767e+08 +5.88761973e+08 1.37e+03 1.2e+00 3.9e-02 0.735 0.750 0.00
  99 -5.613104609e+08 +5.88755741e+08 1.39e+03 1.2e+00 3.8e-02 0.735 0.750 0.00
 100 -5.613074123e+08 +5.88749644e+08 1.40e+03 1.2e+00 3.7e-02 0.735 0.750 0.00
> saveRDS(fit, file=paste0("../data/gom-data/topics",clustnum,".chimp.data.filterC.log.indv-cell.intNo0.reg-",data.source,".bc1.rds"))
> 
> proc.time()
     user    system   elapsed 
84469.019  7346.629 45756.646 
