
R version 3.6.1 (2019-07-05) -- "Action of the Toes"
Copyright (C) 2019 The R Foundation for Statistical Computing
Platform: x86_64-pc-linux-gnu (64-bit)

R is free software and comes with ABSOLUTELY NO WARRANTY.
You are welcome to redistribute it under certain conditions.
Type 'license()' or 'licence()' for distribution details.

R is a collaborative project with many contributors.
Type 'contributors()' for more information and
'citation()' on how to cite R or R packages in publications.

Type 'demo()' for some demos, 'help()' for on-line help, or
'help.start()' for an HTML browser interface to help.
Type 'q()' to quit R.

> #Read in command line arguments as list of character vectors
> args=(commandArgs(TRUE))
> 
> #Check if arguments are passed and cycle through to evaluate each element
> if(length(args)==0){
+   print("No arguments supplied.")
+   #supply default values
+   clustnum=3
+   data.source="tot"
+ }else{
+   for(i in 1:length(args)){
+     eval(parse(text=args[[i]]))
+   }
+ }
> print(paste0("k: ",clustnum))
[1] "k: 5"
> print(paste0("data source: ",data.source))
[1] "data source: tot"
> 
> #Load libraries
> library(Seurat)
> library(CountClust)
Loading required package: ggplot2
> library(classtpx)
Loading required package: slam
> library(fastTopics)
> 
> 
> #Run analyses for human data
> print("Loading human data")
[1] "Loading human data"
> 
> #Load data
> scrna <- paste0("../data/cellranger-data-full/data.filterC.log.indv-cell.intNo0.reg-",data.source,".rds")
> data <- readRDS(scrna)
> data <- subset(data, subset=Species=="Human")
> 
> #Prepare data (unintegrated count data)
> counts <- as.matrix(data@assays$RNA@counts) #do not use integrated data
> counts <- counts[rowSums(counts>0)>0,]      #remove genes with 0 counts across cells
> counts <- t(as.matrix(counts))              #fix matrix orientation (barcodes x features)
> 
> #Batch correct counts - don't correct for species
> labelBatch1 <- as.factor(paste0(data@meta.data$Pair,data@meta.data$Replicate)[which(rownames(data@meta.data) %in% rownames(counts))])
> countsBC1 <- BatchCorrectedCounts(counts, labelBatch1, use_parallel=FALSE)
> rm(data,counts)
> 
> #Fit fastTopics model and save data
> fit <- fit_poisson_nmf(countsBC1, k=clustnum, numiter=100)
Using 4 RcppParallel threads.
Initializing factors using Topic SCORE algorithm.
Initializing loadings by running 10 SCD updates.
Using 4 RcppParallel threads.
Fitting rank-5 Poisson NMF to 47410 x 18150 dense matrix.
Running 100 SCD updates, without extrapolation (fastTopics 0.3-185).
iter   log-likelihood        deviance res(KKT)  |F-F'|  |L-L'| nz(F) nz(L) beta
   1 -5.283121037e+08 +5.66048533e+08 1.37e+04 1.1e+02 1.2e+00 0.781 0.710 0.00
   2 -5.255082552e+08 +5.60440836e+08 5.93e+03 3.7e+01 2.4e+00 0.802 0.803 0.00
   3 -5.235556641e+08 +5.56535654e+08 3.77e+03 3.5e+01 2.0e+00 0.815 0.798 0.00
   4 -5.220195375e+08 +5.53463401e+08 2.99e+03 3.3e+01 1.3e+00 0.819 0.807 0.00
   5 -5.208193112e+08 +5.51062948e+08 3.04e+03 2.9e+01 1.0e+00 0.823 0.798 0.00
   6 -5.199553878e+08 +5.49335101e+08 4.62e+03 2.1e+01 7.6e-01 0.822 0.801 0.00
   7 -5.193721913e+08 +5.48168708e+08 5.16e+03 1.4e+01 6.1e-01 0.821 0.803 0.00
   8 -5.190135092e+08 +5.47451344e+08 4.49e+03 8.4e+00 4.1e-01 0.819 0.807 0.00
   9 -5.188035575e+08 +5.47031440e+08 5.01e+03 4.7e+00 2.7e-01 0.816 0.810 0.00
  10 -5.186758988e+08 +5.46776123e+08 5.57e+03 3.9e+00 1.8e-01 0.813 0.811 0.00
  11 -5.185924534e+08 +5.46609232e+08 6.05e+03 3.4e+00 1.3e-01 0.811 0.812 0.00
  12 -5.185336360e+08 +5.46491598e+08 6.42e+03 3.3e+00 9.9e-02 0.809 0.812 0.00
  13 -5.184891573e+08 +5.46402640e+08 6.74e+03 3.5e+00 8.1e-02 0.808 0.813 0.00
  14 -5.184537592e+08 +5.46331844e+08 7.05e+03 3.7e+00 7.2e-02 0.806 0.814 0.00
  15 -5.184243758e+08 +5.46273077e+08 7.32e+03 3.9e+00 7.4e-02 0.804 0.814 0.00
  16 -5.183992958e+08 +5.46222917e+08 7.45e+03 3.9e+00 7.8e-02 0.803 0.815 0.00
  17 -5.183775984e+08 +5.46179522e+08 7.35e+03 3.9e+00 8.2e-02 0.802 0.816 0.00
  18 -5.183588211e+08 +5.46141968e+08 6.81e+03 3.6e+00 8.3e-02 0.801 0.817 0.00
  19 -5.183428331e+08 +5.46109992e+08 5.79e+03 3.1e+00 8.4e-02 0.799 0.818 0.00
  20 -5.183284224e+08 +5.46081170e+08 4.49e+03 2.6e+00 8.4e-02 0.798 0.820 0.00
  21 -5.183157859e+08 +5.46055897e+08 3.14e+03 2.3e+00 8.4e-02 0.797 0.821 0.00
  22 -5.183041857e+08 +5.46032697e+08 2.05e+03 2.2e+00 8.3e-02 0.796 0.822 0.00
  23 -5.182933374e+08 +5.46011000e+08 1.35e+03 2.1e+00 8.1e-02 0.795 0.822 0.00
  24 -5.182829652e+08 +5.45990256e+08 9.94e+02 2.1e+00 8.0e-02 0.794 0.823 0.00
  25 -5.182729045e+08 +5.45970135e+08 7.54e+02 2.1e+00 7.8e-02 0.793 0.824 0.00
  26 -5.182630316e+08 +5.45950389e+08 6.04e+02 2.2e+00 7.6e-02 0.792 0.824 0.00
  27 -5.182532593e+08 +5.45930844e+08 5.82e+02 2.2e+00 7.4e-02 0.791 0.825 0.00
  28 -5.182435262e+08 +5.45911378e+08 5.56e+02 2.3e+00 7.2e-02 0.790 0.826 0.00
  29 -5.182337971e+08 +5.45891920e+08 5.60e+02 2.4e+00 7.1e-02 0.789 0.827 0.00
  30 -5.182240519e+08 +5.45872429e+08 5.74e+02 2.4e+00 6.9e-02 0.788 0.827 0.00
  31 -5.182142789e+08 +5.45852883e+08 5.88e+02 2.5e+00 6.8e-02 0.787 0.828 0.00
  32 -5.182044603e+08 +5.45833246e+08 6.01e+02 2.6e+00 6.8e-02 0.786 0.828 0.00
  33 -5.181946033e+08 +5.45813532e+08 6.11e+02 2.7e+00 6.8e-02 0.785 0.829 0.00
  34 -5.181847541e+08 +5.45793834e+08 6.18e+02 2.7e+00 6.9e-02 0.784 0.829 0.00
  35 -5.181749360e+08 +5.45774198e+08 6.22e+02 2.8e+00 6.9e-02 0.783 0.830 0.00
  36 -5.181651695e+08 +5.45754665e+08 6.22e+02 2.8e+00 6.9e-02 0.782 0.831 0.00
  37 -5.181554810e+08 +5.45735287e+08 6.19e+02 2.9e+00 7.0e-02 0.781 0.831 0.00
  38 -5.181458956e+08 +5.45716117e+08 6.11e+02 2.9e+00 7.0e-02 0.780 0.832 0.00
  39 -5.181364301e+08 +5.45697186e+08 6.00e+02 2.9e+00 7.0e-02 0.779 0.832 0.00
  40 -5.181270990e+08 +5.45678524e+08 5.86e+02 3.0e+00 7.0e-02 0.778 0.833 0.00
  41 -5.181179116e+08 +5.45660149e+08 5.71e+02 3.0e+00 7.0e-02 0.778 0.834 0.00
  42 -5.181088807e+08 +5.45642087e+08 5.53e+02 3.0e+00 6.9e-02 0.777 0.834 0.00
  43 -5.181000249e+08 +5.45624375e+08 4.96e+02 2.9e+00 6.9e-02 0.776 0.835 0.00
  44 -5.180913913e+08 +5.45607108e+08 4.71e+02 2.9e+00 6.8e-02 0.775 0.835 0.00
  45 -5.180830126e+08 +5.45590351e+08 4.79e+02 2.8e+00 6.7e-02 0.775 0.836 0.00
  46 -5.180748906e+08 +5.45574107e+08 4.84e+02 2.8e+00 6.6e-02 0.774 0.836 0.00
  47 -5.180670496e+08 +5.45558425e+08 4.84e+02 2.7e+00 6.4e-02 0.773 0.837 0.00
  48 -5.180595045e+08 +5.45543335e+08 4.80e+02 2.7e+00 6.3e-02 0.773 0.837 0.00
  49 -5.180522741e+08 +5.45528874e+08 4.72e+02 2.6e+00 6.1e-02 0.773 0.838 0.00
  50 -5.180453642e+08 +5.45515054e+08 4.60e+02 2.5e+00 5.9e-02 0.772 0.838 0.00
  51 -5.180387725e+08 +5.45501871e+08 4.47e+02 2.4e+00 5.7e-02 0.772 0.839 0.00
  52 -5.180324961e+08 +5.45489318e+08 4.30e+02 2.3e+00 5.5e-02 0.771 0.839 0.00
  53 -5.180265318e+08 +5.45477389e+08 4.12e+02 2.2e+00 5.3e-02 0.771 0.839 0.00
  54 -5.180208763e+08 +5.45466078e+08 3.92e+02 2.1e+00 5.1e-02 0.771 0.840 0.00
  55 -5.180155229e+08 +5.45455371e+08 3.71e+02 2.0e+00 4.8e-02 0.770 0.840 0.00
  56 -5.180104636e+08 +5.45445253e+08 3.49e+02 1.9e+00 4.6e-02 0.770 0.841 0.00
  57 -5.180056768e+08 +5.45435679e+08 3.27e+02 1.9e+00 4.4e-02 0.769 0.841 0.00
  58 -5.180011465e+08 +5.45426618e+08 3.05e+02 1.8e+00 4.2e-02 0.769 0.842 0.00
  59 -5.179968585e+08 +5.45418042e+08 2.83e+02 1.7e+00 4.0e-02 0.768 0.842 0.00
  60 -5.179928009e+08 +5.45409927e+08 2.63e+02 1.6e+00 3.8e-02 0.768 0.842 0.00
  61 -5.179889630e+08 +5.45402252e+08 2.42e+02 1.5e+00 3.6e-02 0.768 0.843 0.00
  62 -5.179853349e+08 +5.45394995e+08 2.22e+02 1.4e+00 3.4e-02 0.768 0.843 0.00
  63 -5.179819023e+08 +5.45388130e+08 2.25e+02 1.4e+00 3.2e-02 0.767 0.844 0.00
  64 -5.179786561e+08 +5.45381638e+08 2.37e+02 1.3e+00 3.1e-02 0.767 0.844 0.00
  65 -5.179755858e+08 +5.45375497e+08 2.48e+02 1.3e+00 2.9e-02 0.767 0.845 0.00
  66 -5.179726782e+08 +5.45369682e+08 4.21e+02 1.2e+00 2.8e-02 0.766 0.845 0.00
  67 -5.179699232e+08 +5.45364172e+08 4.00e+02 1.2e+00 2.7e-02 0.766 0.845 0.00
  68 -5.179673126e+08 +5.45358951e+08 3.97e+02 1.2e+00 2.6e-02 0.766 0.846 0.00
  69 -5.179648374e+08 +5.45354000e+08 4.02e+02 1.2e+00 2.6e-02 0.766 0.846 0.00
  70 -5.179624882e+08 +5.45349302e+08 4.08e+02 1.2e+00 2.5e-02 0.765 0.846 0.00
  71 -5.179602583e+08 +5.45344842e+08 4.11e+02 1.1e+00 2.4e-02 0.765 0.846 0.00
  72 -5.179581410e+08 +5.45340608e+08 4.13e+02 1.1e+00 2.3e-02 0.765 0.847 0.00
  73 -5.179561279e+08 +5.45336581e+08 4.14e+02 1.1e+00 2.2e-02 0.764 0.847 0.00
  74 -5.179542104e+08 +5.45332746e+08 4.13e+02 1.1e+00 2.1e-02 0.764 0.847 0.00
  75 -5.179523818e+08 +5.45329089e+08 4.10e+02 1.1e+00 2.1e-02 0.764 0.848 0.00
  76 -5.179506372e+08 +5.45325600e+08 4.07e+02 1.1e+00 2.0e-02 0.764 0.848 0.00
  77 -5.179489720e+08 +5.45322270e+08 4.05e+02 1.1e+00 1.9e-02 0.763 0.848 0.00
  78 -5.179473800e+08 +5.45319086e+08 4.03e+02 1.1e+00 1.9e-02 0.763 0.848 0.00
  79 -5.179458568e+08 +5.45316039e+08 4.01e+02 1.1e+00 1.9e-02 0.763 0.849 0.00
  80 -5.179443982e+08 +5.45313122e+08 3.99e+02 1.0e+00 1.8e-02 0.763 0.849 0.00
  81 -5.179429996e+08 +5.45310325e+08 3.97e+02 1.0e+00 1.8e-02 0.763 0.849 0.00
  82 -5.179416840e+08 +5.45307694e+08 3.97e+02 9.9e-01 1.7e-02 0.763 0.850 0.00
  83 -5.179404660e+08 +5.45305258e+08 4.05e+02 9.4e-01 1.7e-02 0.762 0.850 0.00
  84 -5.179393314e+08 +5.45302988e+08 4.05e+02 9.0e-01 1.6e-02 0.762 0.850 0.00
  85 -5.179382732e+08 +5.45300872e+08 3.98e+02 8.6e-01 1.5e-02 0.762 0.850 0.00
  86 -5.179372857e+08 +5.45298897e+08 3.89e+02 8.3e-01 1.4e-02 0.762 0.850 0.00
  87 -5.179363641e+08 +5.45297054e+08 3.77e+02 7.9e-01 1.4e-02 0.762 0.851 0.00
  88 -5.179355036e+08 +5.45295333e+08 3.64e+02 7.6e-01 1.3e-02 0.762 0.851 0.00
  89 -5.179346997e+08 +5.45293725e+08 3.51e+02 7.3e-01 1.3e-02 0.762 0.851 0.00
  90 -5.179339485e+08 +5.45292223e+08 3.38e+02 7.0e-01 1.2e-02 0.762 0.851 0.00
  91 -5.179332463e+08 +5.45290818e+08 3.25e+02 6.8e-01 1.2e-02 0.761 0.851 0.00
  92 -5.179325896e+08 +5.45289505e+08 3.12e+02 6.5e-01 1.1e-02 0.761 0.851 0.00
  93 -5.179319752e+08 +5.45288276e+08 3.00e+02 6.2e-01 1.1e-02 0.761 0.852 0.00
  94 -5.179314065e+08 +5.45287139e+08 2.92e+02 5.8e-01 1.1e-02 0.761 0.852 0.00
  95 -5.179308875e+08 +5.45286101e+08 2.93e+02 5.4e-01 9.9e-03 0.761 0.852 0.00
  96 -5.179304114e+08 +5.45285148e+08 2.86e+02 5.0e-01 9.3e-03 0.761 0.852 0.00
  97 -5.179299742e+08 +5.45284274e+08 2.75e+02 4.6e-01 8.8e-03 0.761 0.852 0.00
  98 -5.179295725e+08 +5.45283471e+08 2.61e+02 4.3e-01 8.3e-03 0.761 0.852 0.00
  99 -5.179292032e+08 +5.45282732e+08 2.46e+02 4.1e-01 7.9e-03 0.761 0.852 0.00
 100 -5.179288634e+08 +5.45282052e+08 2.32e+02 3.8e-01 7.5e-03 0.760 0.852 0.00
> saveRDS(fit, file=paste0("../data/gom-data/topics",clustnum,".human.data.filterC.log.indv-cell.intNo0.reg-",data.source,".bc1.rds"))
> 
> 
> #Run analyses for chimp data
> print("Loading chimp data")
[1] "Loading chimp data"
> 
> #Load data
> scrna <- paste0("../data/cellranger-data-full/data.filterC.log.indv-cell.intNo0.reg-",data.source,".rds")
> data <- readRDS(scrna)
> data <- subset(data, subset=Species=="Chimp")
> 
> #Prepare data (unintegrated count data)
> counts <- as.matrix(data@assays$RNA@counts) #do not use integrated data
> counts <- counts[rowSums(counts>0)>0,]      #remove genes with 0 counts across cells
> counts <- t(as.matrix(counts))              #fix matrix orientation (barcodes x features)
> 
> #Batch correct counts - don't correct for species
> labelBatch1 <- as.factor(paste0(data@meta.data$Pair,data@meta.data$Replicate)[which(rownames(data@meta.data) %in% rownames(counts))])
> countsBC1 <- BatchCorrectedCounts(counts, labelBatch1, use_parallel=FALSE)
> rm(data,counts)
> 
> #Fit fastTopics model and save data
> fit <- fit_poisson_nmf(countsBC1, k=clustnum, numiter=100)
Using 4 RcppParallel threads.
Initializing factors using Topic SCORE algorithm.
Initializing loadings by running 10 SCD updates.
Using 4 RcppParallel threads.
Fitting rank-5 Poisson NMF to 53590 x 18128 dense matrix.
Running 100 SCD updates, without extrapolation (fastTopics 0.3-185).
iter   log-likelihood        deviance res(KKT)  |F-F'|  |L-L'| nz(F) nz(L) beta
   1 -5.764652240e+08 +6.19065268e+08 1.39e+04 1.2e+02 1.4e+00 0.832 0.680 0.00
   2 -5.735415378e+08 +6.13217895e+08 3.96e+03 2.3e+01 2.6e+00 0.843 0.776 0.00
   3 -5.721631631e+08 +6.10461146e+08 8.45e+03 1.5e+01 1.6e+00 0.835 0.788 0.00
   4 -5.714958531e+08 +6.09126526e+08 8.50e+03 1.1e+01 1.3e+00 0.832 0.795 0.00
   5 -5.711582979e+08 +6.08451415e+08 8.20e+03 9.4e+00 4.3e-01 0.827 0.798 0.00
   6 -5.709614072e+08 +6.08057634e+08 6.10e+03 7.4e+00 3.1e-01 0.823 0.800 0.00
   7 -5.708348745e+08 +6.07804569e+08 3.26e+03 5.8e+00 2.3e-01 0.821 0.802 0.00
   8 -5.707433774e+08 +6.07621575e+08 1.34e+03 4.8e+00 1.7e-01 0.819 0.804 0.00
   9 -5.706713846e+08 +6.07477589e+08 1.25e+03 4.0e+00 1.3e-01 0.817 0.806 0.00
  10 -5.706110957e+08 +6.07357011e+08 1.16e+03 3.9e+00 1.1e-01 0.816 0.808 0.00
  11 -5.705587937e+08 +6.07252407e+08 1.31e+03 4.0e+00 9.8e-02 0.815 0.809 0.00
  12 -5.705126903e+08 +6.07160200e+08 1.73e+03 4.1e+00 9.3e-02 0.814 0.810 0.00
  13 -5.704718264e+08 +6.07078472e+08 2.01e+03 4.2e+00 9.1e-02 0.814 0.811 0.00
  14 -5.704355717e+08 +6.07005963e+08 2.16e+03 4.2e+00 8.9e-02 0.813 0.812 0.00
  15 -5.704035546e+08 +6.06941929e+08 2.21e+03 4.1e+00 8.6e-02 0.813 0.813 0.00
  16 -5.703755298e+08 +6.06885879e+08 2.19e+03 4.1e+00 8.3e-02 0.812 0.814 0.00
  17 -5.703513250e+08 +6.06837470e+08 2.12e+03 3.9e+00 7.7e-02 0.812 0.815 0.00
  18 -5.703306727e+08 +6.06796165e+08 2.03e+03 3.8e+00 7.2e-02 0.811 0.816 0.00
  19 -5.703132811e+08 +6.06761382e+08 1.93e+03 3.6e+00 6.6e-02 0.811 0.816 0.00
  20 -5.702987583e+08 +6.06732336e+08 1.81e+03 3.3e+00 5.9e-02 0.810 0.817 0.00
  21 -5.702867882e+08 +6.06708396e+08 1.68e+03 3.0e+00 5.3e-02 0.810 0.818 0.00
  22 -5.702770144e+08 +6.06688848e+08 1.54e+03 2.8e+00 4.7e-02 0.810 0.818 0.00
  23 -5.702690458e+08 +6.06672911e+08 1.40e+03 2.5e+00 4.2e-02 0.809 0.819 0.00
  24 -5.702625096e+08 +6.06659839e+08 1.34e+03 2.3e+00 3.7e-02 0.809 0.820 0.00
  25 -5.702571376e+08 +6.06649095e+08 1.29e+03 2.1e+00 3.3e-02 0.809 0.820 0.00
  26 -5.702527174e+08 +6.06640254e+08 1.21e+03 1.9e+00 2.9e-02 0.808 0.820 0.00
  27 -5.702490615e+08 +6.06632943e+08 1.12e+03 1.8e+00 2.6e-02 0.808 0.821 0.00
  28 -5.702460273e+08 +6.06626874e+08 1.06e+03 1.6e+00 2.3e-02 0.808 0.821 0.00
  29 -5.702435039e+08 +6.06621827e+08 1.00e+03 1.5e+00 2.1e-02 0.807 0.822 0.00
  30 -5.702414056e+08 +6.06617631e+08 9.37e+02 1.3e+00 1.8e-02 0.807 0.822 0.00
  31 -5.702396517e+08 +6.06614123e+08 8.71e+02 1.2e+00 1.6e-02 0.807 0.822 0.00
  32 -5.702381774e+08 +6.06611174e+08 8.05e+02 1.1e+00 1.5e-02 0.807 0.822 0.00
  33 -5.702369333e+08 +6.06608686e+08 7.39e+02 1.0e+00 1.3e-02 0.807 0.823 0.00
  34 -5.702358800e+08 +6.06606580e+08 6.75e+02 9.2e-01 1.2e-02 0.806 0.823 0.00
  35 -5.702349863e+08 +6.06604792e+08 6.15e+02 8.4e-01 1.1e-02 0.806 0.823 0.00
  36 -5.702342266e+08 +6.06603273e+08 5.58e+02 7.7e-01 9.8e-03 0.806 0.823 0.00
  37 -5.702335784e+08 +6.06601977e+08 5.05e+02 7.1e-01 8.9e-03 0.806 0.824 0.00
  38 -5.702330234e+08 +6.06600866e+08 4.57e+02 5.6e-01 8.1e-03 0.805 0.824 0.00
  39 -5.702325444e+08 +6.06599908e+08 4.25e+02 4.5e-01 7.4e-03 0.805 0.824 0.00
  40 -5.702321285e+08 +6.06599077e+08 4.04e+02 3.7e-01 6.8e-03 0.805 0.824 0.00
  41 -5.702317661e+08 +6.06598352e+08 3.85e+02 3.2e-01 6.2e-03 0.805 0.824 0.00
  42 -5.702314498e+08 +6.06597719e+08 3.67e+02 2.9e-01 5.7e-03 0.805 0.824 0.00
  43 -5.702311736e+08 +6.06597167e+08 3.49e+02 2.8e-01 5.3e-03 0.805 0.824 0.00
  44 -5.702309325e+08 +6.06596685e+08 3.29e+02 2.7e-01 4.9e-03 0.805 0.824 0.00
  45 -5.702307216e+08 +6.06596263e+08 3.07e+02 2.5e-01 4.5e-03 0.805 0.825 0.00
  46 -5.702305368e+08 +6.06595893e+08 2.87e+02 2.3e-01 4.2e-03 0.805 0.825 0.00
  47 -5.702303744e+08 +6.06595569e+08 2.67e+02 2.2e-01 4.0e-03 0.805 0.825 0.00
  48 -5.702302317e+08 +6.06595283e+08 2.50e+02 2.0e-01 3.7e-03 0.805 0.825 0.00
  49 -5.702301059e+08 +6.06595031e+08 2.34e+02 1.8e-01 3.5e-03 0.805 0.825 0.00
  50 -5.702299949e+08 +6.06594809e+08 2.20e+02 1.7e-01 3.3e-03 0.805 0.825 0.00
  51 -5.702298967e+08 +6.06594613e+08 2.06e+02 1.5e-01 3.1e-03 0.804 0.825 0.00
  52 -5.702298100e+08 +6.06594440e+08 1.94e+02 1.4e-01 2.9e-03 0.804 0.825 0.00
  53 -5.702297336e+08 +6.06594287e+08 1.82e+02 1.3e-01 2.7e-03 0.804 0.825 0.00
  54 -5.702296663e+08 +6.06594152e+08 1.71e+02 1.2e-01 2.6e-03 0.804 0.825 0.00
  55 -5.702296067e+08 +6.06594033e+08 1.61e+02 1.2e-01 2.4e-03 0.804 0.825 0.00
  56 -5.702295540e+08 +6.06593928e+08 1.51e+02 1.1e-01 2.3e-03 0.804 0.825 0.00
  57 -5.702295072e+08 +6.06593834e+08 1.42e+02 1.0e-01 2.2e-03 0.804 0.825 0.00
  58 -5.702294656e+08 +6.06593751e+08 1.34e+02 9.6e-02 2.0e-03 0.804 0.825 0.00
  59 -5.702294285e+08 +6.06593677e+08 1.27e+02 9.0e-02 1.9e-03 0.804 0.825 0.00
  60 -5.702293955e+08 +6.06593611e+08 1.19e+02 8.5e-02 1.8e-03 0.804 0.825 0.00
  61 -5.702293660e+08 +6.06593552e+08 1.13e+02 8.0e-02 1.7e-03 0.804 0.825 0.00
  62 -5.702293396e+08 +6.06593499e+08 1.07e+02 7.5e-02 1.6e-03 0.804 0.825 0.00
  63 -5.702293158e+08 +6.06593451e+08 1.03e+02 7.0e-02 1.6e-03 0.804 0.825 0.00
  64 -5.702292944e+08 +6.06593408e+08 9.96e+01 6.7e-02 1.5e-03 0.804 0.825 0.00
  65 -5.702292750e+08 +6.06593370e+08 9.64e+01 6.4e-02 1.4e-03 0.804 0.825 0.00
  66 -5.702292575e+08 +6.06593335e+08 9.33e+01 6.1e-02 1.4e-03 0.804 0.825 0.00
  67 -5.702292417e+08 +6.06593303e+08 9.03e+01 5.8e-02 1.3e-03 0.804 0.825 0.00
  68 -5.702292273e+08 +6.06593274e+08 8.73e+01 5.5e-02 1.2e-03 0.804 0.825 0.00
  69 -5.702292143e+08 +6.06593248e+08 8.43e+01 5.3e-02 1.2e-03 0.804 0.825 0.00
  70 -5.702292024e+08 +6.06593224e+08 8.13e+01 5.0e-02 1.1e-03 0.804 0.826 0.00
  71 -5.702291916e+08 +6.06593203e+08 7.83e+01 4.8e-02 1.1e-03 0.804 0.826 0.00
  72 -5.702291819e+08 +6.06593183e+08 7.54e+01 4.6e-02 1.0e-03 0.804 0.826 0.00
  73 -5.702291729e+08 +6.06593166e+08 7.25e+01 4.4e-02 1.0e-03 0.804 0.826 0.00
  74 -5.702291648e+08 +6.06593149e+08 6.97e+01 4.2e-02 9.6e-04 0.804 0.826 0.00
  75 -5.702291574e+08 +6.06593135e+08 6.70e+01 4.0e-02 9.2e-04 0.804 0.826 0.00
  76 -5.702291507e+08 +6.06593121e+08 6.44e+01 3.8e-02 8.8e-04 0.804 0.826 0.00
  77 -5.702291445e+08 +6.06593109e+08 6.20e+01 3.6e-02 8.4e-04 0.804 0.826 0.00
  78 -5.702291388e+08 +6.06593097e+08 5.96e+01 3.5e-02 8.1e-04 0.804 0.826 0.00
  79 -5.702291337e+08 +6.06593087e+08 5.74e+01 3.3e-02 7.7e-04 0.804 0.826 0.00
  80 -5.702291289e+08 +6.06593078e+08 5.53e+01 3.2e-02 7.4e-04 0.804 0.826 0.00
  81 -5.702291246e+08 +6.06593069e+08 5.32e+01 3.0e-02 7.1e-04 0.804 0.826 0.00
  82 -5.702291206e+08 +6.06593061e+08 5.12e+01 2.9e-02 6.8e-04 0.804 0.826 0.00
  83 -5.702291170e+08 +6.06593054e+08 4.92e+01 2.8e-02 6.5e-04 0.803 0.826 0.00
  84 -5.702291136e+08 +6.06593047e+08 4.73e+01 2.6e-02 6.3e-04 0.803 0.826 0.00
  85 -5.702291106e+08 +6.06593041e+08 4.55e+01 2.5e-02 6.0e-04 0.803 0.826 0.00
  86 -5.702291078e+08 +6.06593035e+08 4.37e+01 2.4e-02 5.8e-04 0.803 0.826 0.00
  87 -5.702291052e+08 +6.06593030e+08 4.21e+01 2.3e-02 5.5e-04 0.803 0.826 0.00
  88 -5.702291029e+08 +6.06593025e+08 4.05e+01 2.2e-02 5.3e-04 0.803 0.826 0.00
  89 -5.702291007e+08 +6.06593021e+08 3.90e+01 2.1e-02 5.1e-04 0.803 0.826 0.00
  90 -5.702290988e+08 +6.06593017e+08 3.76e+01 2.0e-02 4.9e-04 0.803 0.826 0.00
  91 -5.702290970e+08 +6.06593014e+08 3.62e+01 1.9e-02 4.7e-04 0.803 0.826 0.00
  92 -5.702290953e+08 +6.06593010e+08 3.48e+01 1.8e-02 4.5e-04 0.803 0.826 0.00
  93 -5.702290938e+08 +6.06593007e+08 3.35e+01 1.7e-02 4.3e-04 0.803 0.826 0.00
  94 -5.702290924e+08 +6.06593005e+08 3.22e+01 1.6e-02 4.1e-04 0.803 0.826 0.00
  95 -5.702290912e+08 +6.06593002e+08 3.10e+01 1.5e-02 3.9e-04 0.803 0.826 0.00
  96 -5.702290900e+08 +6.06593000e+08 2.98e+01 1.5e-02 3.8e-04 0.803 0.826 0.00
  97 -5.702290889e+08 +6.06592998e+08 2.87e+01 1.4e-02 3.6e-04 0.803 0.826 0.00
  98 -5.702290880e+08 +6.06592996e+08 2.76e+01 1.3e-02 3.5e-04 0.803 0.826 0.00
  99 -5.702290871e+08 +6.06592994e+08 2.66e+01 1.3e-02 3.3e-04 0.803 0.826 0.00
 100 -5.702290862e+08 +6.06592992e+08 2.55e+01 1.2e-02 3.2e-04 0.803 0.826 0.00
> saveRDS(fit, file=paste0("../data/gom-data/topics",clustnum,".chimp.data.filterC.log.indv-cell.intNo0.reg-",data.source,".bc1.rds"))
> 
> proc.time()
    user   system  elapsed 
67998.41  7271.68 41810.67 
