
R version 3.6.1 (2019-07-05) -- "Action of the Toes"
Copyright (C) 2019 The R Foundation for Statistical Computing
Platform: x86_64-pc-linux-gnu (64-bit)

R is free software and comes with ABSOLUTELY NO WARRANTY.
You are welcome to redistribute it under certain conditions.
Type 'license()' or 'licence()' for distribution details.

R is a collaborative project with many contributors.
Type 'contributors()' for more information and
'citation()' on how to cite R or R packages in publications.

Type 'demo()' for some demos, 'help()' for on-line help, or
'help.start()' for an HTML browser interface to help.
Type 'q()' to quit R.

> #Read in command line arguments as list of character vectors
> args=(commandArgs(TRUE))
> 
> #Check if arguments are passed and cycle through to evaluate each element
> if(length(args)==0){
+   print("No arguments supplied.")
+   #supply default values
+   clustnum=3
+   data.source="tot"
+ }else{
+   for(i in 1:length(args)){
+     eval(parse(text=args[[i]]))
+   }
+ }
> print(paste0("k: ",clustnum))
[1] "k: 4"
> print(paste0("data source: ",data.source))
[1] "data source: tot"
> 
> #Load libraries
> library(Seurat)
> library(CountClust)
Loading required package: ggplot2
> library(classtpx)
Loading required package: slam
> library(fastTopics)
> 
> 
> #Run analyses for human data
> print("Loading human data")
[1] "Loading human data"
> 
> #Load data
> scrna <- paste0("../data/cellranger-data-full/data.filterC.log.indv-cell.intNo0.reg-",data.source,".rds")
> data <- readRDS(scrna)
> data <- subset(data, subset=Species=="Human")
> 
> #Prepare data (unintegrated count data)
> counts <- as.matrix(data@assays$RNA@counts) #do not use integrated data
> counts <- counts[rowSums(counts>0)>0,]      #remove genes with 0 counts across cells
> counts <- t(as.matrix(counts))              #fix matrix orientation (barcodes x features)
> 
> #Batch correct counts - don't correct for species
> labelBatch1 <- as.factor(paste0(data@meta.data$Pair,data@meta.data$Replicate)[which(rownames(data@meta.data) %in% rownames(counts))])
> countsBC1 <- BatchCorrectedCounts(counts, labelBatch1, use_parallel=FALSE)
> rm(data,counts)
> 
> #Fit fastTopics model and save data
> fit <- fit_poisson_nmf(countsBC1, k=clustnum, numiter=100)
Using 4 RcppParallel threads.
Initializing factors using Topic SCORE algorithm.
Initializing loadings by running 10 SCD updates.
Using 4 RcppParallel threads.
Fitting rank-4 Poisson NMF to 47410 x 18150 dense matrix.
Running 100 SCD updates, without extrapolation (fastTopics 0.3-185).
iter   log-likelihood        deviance res(KKT)  |F-F'|  |L-L'| nz(F) nz(L) beta
   1 -5.370997498e+08 +5.83623825e+08 4.53e+04 1.0e+02 7.3e-01 0.748 0.911 0.00
   2 -5.323432373e+08 +5.74110800e+08 1.78e+04 5.0e+01 1.1e+00 0.775 0.917 0.00
   3 -5.302407749e+08 +5.69905875e+08 1.49e+04 4.7e+01 5.9e-01 0.787 0.907 0.00
   4 -5.289261773e+08 +5.67276680e+08 1.13e+04 3.9e+01 3.4e-01 0.795 0.897 0.00
   5 -5.281181574e+08 +5.65660640e+08 7.36e+03 3.0e+01 3.0e-01 0.798 0.889 0.00
   6 -5.275838152e+08 +5.64591956e+08 5.74e+03 2.3e+01 2.4e-01 0.803 0.884 0.00
   7 -5.272145785e+08 +5.63853483e+08 5.98e+03 1.7e+01 1.9e-01 0.807 0.882 0.00
   8 -5.269556146e+08 +5.63335555e+08 4.39e+03 1.0e+01 1.7e-01 0.812 0.882 0.00
   9 -5.267722137e+08 +5.62968753e+08 2.89e+03 4.7e+00 1.7e-01 0.816 0.881 0.00
  10 -5.266361455e+08 +5.62696617e+08 4.21e+03 5.0e+00 2.3e-01 0.820 0.881 0.00
  11 -5.265278623e+08 +5.62480050e+08 4.49e+03 6.6e+00 3.5e-01 0.822 0.879 0.00
  12 -5.264329765e+08 +5.62290279e+08 5.44e+03 1.0e+01 4.3e-01 0.825 0.878 0.00
  13 -5.263413812e+08 +5.62107088e+08 5.82e+03 1.3e+01 3.9e-01 0.827 0.876 0.00
  14 -5.262489598e+08 +5.61922245e+08 5.91e+03 1.4e+01 3.3e-01 0.829 0.875 0.00
  15 -5.261558027e+08 +5.61735931e+08 5.92e+03 1.5e+01 3.2e-01 0.831 0.874 0.00
  16 -5.260649925e+08 +5.61554311e+08 5.72e+03 1.6e+01 2.8e-01 0.834 0.873 0.00
  17 -5.259775899e+08 +5.61379505e+08 5.69e+03 1.6e+01 2.3e-01 0.835 0.873 0.00
  18 -5.258944335e+08 +5.61213193e+08 5.55e+03 1.6e+01 1.8e-01 0.836 0.873 0.00
  19 -5.258173367e+08 +5.61058999e+08 5.22e+03 1.6e+01 1.5e-01 0.838 0.873 0.00
  20 -5.257508238e+08 +5.60925973e+08 4.63e+03 1.5e+01 1.2e-01 0.839 0.872 0.00
  21 -5.256985286e+08 +5.60821383e+08 3.89e+03 1.3e+01 1.0e-01 0.840 0.871 0.00
  22 -5.256606915e+08 +5.60745709e+08 3.14e+03 1.1e+01 8.3e-02 0.841 0.871 0.00
  23 -5.256348233e+08 +5.60693972e+08 2.48e+03 9.1e+00 6.7e-02 0.842 0.870 0.00
  24 -5.256175367e+08 +5.60659399e+08 1.95e+03 7.3e+00 5.3e-02 0.842 0.870 0.00
  25 -5.256060962e+08 +5.60636518e+08 1.53e+03 5.9e+00 4.2e-02 0.843 0.870 0.00
  26 -5.255985114e+08 +5.60621348e+08 1.21e+03 4.7e+00 3.7e-02 0.843 0.870 0.00
  27 -5.255934299e+08 +5.60611185e+08 9.61e+02 3.8e+00 3.1e-02 0.844 0.870 0.00
  28 -5.255899642e+08 +5.60604254e+08 7.65e+02 3.0e+00 2.5e-02 0.844 0.870 0.00
  29 -5.255875445e+08 +5.60599415e+08 6.12e+02 2.4e+00 2.1e-02 0.844 0.870 0.00
  30 -5.255858156e+08 +5.60595957e+08 4.92e+02 2.0e+00 1.8e-02 0.844 0.870 0.00
  31 -5.255845583e+08 +5.60593442e+08 4.03e+02 1.6e+00 1.6e-02 0.844 0.870 0.00
  32 -5.255836235e+08 +5.60591573e+08 3.30e+02 1.3e+00 1.4e-02 0.844 0.870 0.00
  33 -5.255829125e+08 +5.60590151e+08 2.70e+02 1.0e+00 1.2e-02 0.844 0.869 0.00
  34 -5.255823600e+08 +5.60589046e+08 2.22e+02 8.2e-01 1.0e-02 0.844 0.869 0.00
  35 -5.255819208e+08 +5.60588167e+08 1.82e+02 6.6e-01 9.1e-03 0.844 0.869 0.00
  36 -5.255815645e+08 +5.60587454e+08 1.48e+02 5.3e-01 8.1e-03 0.844 0.869 0.00
  37 -5.255812692e+08 +5.60586864e+08 1.20e+02 4.2e-01 7.5e-03 0.844 0.869 0.00
  38 -5.255810197e+08 +5.60586365e+08 9.68e+01 3.4e-01 7.1e-03 0.844 0.869 0.00
  39 -5.255808054e+08 +5.60585936e+08 7.74e+01 2.6e-01 6.8e-03 0.844 0.869 0.00
  40 -5.255806185e+08 +5.60585563e+08 6.10e+01 2.0e-01 6.5e-03 0.844 0.869 0.00
  41 -5.255804534e+08 +5.60585232e+08 4.74e+01 1.5e-01 6.2e-03 0.844 0.869 0.00
  42 -5.255803059e+08 +5.60584937e+08 3.60e+01 1.3e-01 5.9e-03 0.844 0.869 0.00
  43 -5.255801726e+08 +5.60584671e+08 2.83e+01 1.4e-01 5.7e-03 0.844 0.869 0.00
  44 -5.255800512e+08 +5.60584428e+08 2.58e+01 1.5e-01 5.5e-03 0.844 0.869 0.00
  45 -5.255799399e+08 +5.60584205e+08 2.36e+01 1.6e-01 5.3e-03 0.844 0.869 0.00
  46 -5.255798370e+08 +5.60584000e+08 2.17e+01 1.7e-01 5.1e-03 0.844 0.869 0.00
  47 -5.255797415e+08 +5.60583808e+08 2.00e+01 1.7e-01 4.9e-03 0.844 0.869 0.00
  48 -5.255796523e+08 +5.60583630e+08 1.87e+01 1.7e-01 4.8e-03 0.843 0.869 0.00
  49 -5.255795688e+08 +5.60583463e+08 1.75e+01 1.8e-01 4.6e-03 0.843 0.869 0.00
  50 -5.255794903e+08 +5.60583306e+08 1.65e+01 1.8e-01 4.5e-03 0.843 0.869 0.00
  51 -5.255794163e+08 +5.60583158e+08 1.64e+01 1.8e-01 4.3e-03 0.843 0.869 0.00
  52 -5.255793464e+08 +5.60583018e+08 1.77e+01 1.8e-01 4.2e-03 0.843 0.869 0.00
  53 -5.255792802e+08 +5.60582886e+08 1.85e+01 1.7e-01 4.1e-03 0.843 0.869 0.00
  54 -5.255792172e+08 +5.60582760e+08 1.90e+01 1.7e-01 4.0e-03 0.843 0.869 0.00
  55 -5.255791572e+08 +5.60582640e+08 1.93e+01 1.7e-01 3.8e-03 0.843 0.869 0.00
  56 -5.255791000e+08 +5.60582526e+08 1.95e+01 1.7e-01 3.7e-03 0.843 0.869 0.00
  57 -5.255790455e+08 +5.60582416e+08 1.96e+01 1.7e-01 3.6e-03 0.843 0.869 0.00
  58 -5.255789933e+08 +5.60582312e+08 1.96e+01 1.7e-01 3.6e-03 0.843 0.869 0.00
  59 -5.255789434e+08 +5.60582212e+08 1.95e+01 1.6e-01 3.5e-03 0.843 0.869 0.00
  60 -5.255788956e+08 +5.60582117e+08 1.94e+01 1.6e-01 3.4e-03 0.843 0.869 0.00
  61 -5.255788499e+08 +5.60582025e+08 1.92e+01 1.6e-01 3.3e-03 0.843 0.869 0.00
  62 -5.255788060e+08 +5.60581938e+08 1.90e+01 1.6e-01 3.2e-03 0.843 0.869 0.00
  63 -5.255787639e+08 +5.60581853e+08 1.87e+01 1.5e-01 3.2e-03 0.843 0.869 0.00
  64 -5.255787235e+08 +5.60581772e+08 1.84e+01 1.5e-01 3.1e-03 0.843 0.869 0.00
  65 -5.255786847e+08 +5.60581695e+08 1.81e+01 1.5e-01 3.0e-03 0.843 0.869 0.00
  66 -5.255786474e+08 +5.60581620e+08 1.78e+01 1.4e-01 2.9e-03 0.843 0.869 0.00
  67 -5.255786116e+08 +5.60581549e+08 1.74e+01 1.4e-01 2.9e-03 0.843 0.869 0.00
  68 -5.255785773e+08 +5.60581480e+08 1.71e+01 1.4e-01 2.8e-03 0.843 0.869 0.00
  69 -5.255785442e+08 +5.60581414e+08 1.67e+01 1.4e-01 2.8e-03 0.843 0.869 0.00
  70 -5.255785124e+08 +5.60581350e+08 1.64e+01 1.3e-01 2.7e-03 0.843 0.869 0.00
  71 -5.255784818e+08 +5.60581289e+08 1.60e+01 1.3e-01 2.6e-03 0.843 0.869 0.00
  72 -5.255784524e+08 +5.60581230e+08 1.57e+01 1.3e-01 2.6e-03 0.843 0.869 0.00
  73 -5.255784241e+08 +5.60581174e+08 1.54e+01 1.3e-01 2.5e-03 0.843 0.869 0.00
  74 -5.255783968e+08 +5.60581119e+08 1.50e+01 1.2e-01 2.5e-03 0.844 0.869 0.00
  75 -5.255783706e+08 +5.60581067e+08 1.47e+01 1.2e-01 2.4e-03 0.843 0.869 0.00
  76 -5.255783453e+08 +5.60581016e+08 1.44e+01 1.2e-01 2.4e-03 0.843 0.869 0.00
  77 -5.255783209e+08 +5.60580967e+08 1.41e+01 1.2e-01 2.3e-03 0.844 0.869 0.00
  78 -5.255782973e+08 +5.60580920e+08 1.38e+01 1.2e-01 2.3e-03 0.844 0.869 0.00
  79 -5.255782746e+08 +5.60580875e+08 1.35e+01 1.1e-01 2.2e-03 0.843 0.869 0.00
  80 -5.255782528e+08 +5.60580831e+08 1.32e+01 1.1e-01 2.2e-03 0.844 0.869 0.00
  81 -5.255782317e+08 +5.60580789e+08 1.29e+01 1.1e-01 2.1e-03 0.843 0.869 0.00
  82 -5.255782113e+08 +5.60580748e+08 1.27e+01 1.1e-01 2.1e-03 0.843 0.869 0.00
  83 -5.255781917e+08 +5.60580709e+08 1.25e+01 1.1e-01 2.1e-03 0.843 0.869 0.00
  84 -5.255781727e+08 +5.60580671e+08 1.22e+01 1.0e-01 2.0e-03 0.843 0.869 0.00
  85 -5.255781544e+08 +5.60580634e+08 1.20e+01 1.0e-01 2.0e-03 0.843 0.869 0.00
  86 -5.255781366e+08 +5.60580599e+08 1.18e+01 1.0e-01 2.0e-03 0.843 0.869 0.00
  87 -5.255781195e+08 +5.60580565e+08 1.15e+01 9.8e-02 1.9e-03 0.844 0.869 0.00
  88 -5.255781029e+08 +5.60580531e+08 1.14e+01 9.6e-02 1.9e-03 0.844 0.869 0.00
  89 -5.255780869e+08 +5.60580499e+08 1.12e+01 9.5e-02 1.9e-03 0.844 0.869 0.00
  90 -5.255780713e+08 +5.60580468e+08 1.10e+01 9.3e-02 1.8e-03 0.844 0.869 0.00
  91 -5.255780563e+08 +5.60580438e+08 1.08e+01 9.2e-02 1.8e-03 0.844 0.869 0.00
  92 -5.255780417e+08 +5.60580409e+08 1.07e+01 9.0e-02 1.8e-03 0.843 0.869 0.00
  93 -5.255780276e+08 +5.60580381e+08 1.05e+01 8.9e-02 1.7e-03 0.843 0.869 0.00
  94 -5.255780140e+08 +5.60580354e+08 1.03e+01 8.7e-02 1.7e-03 0.843 0.869 0.00
  95 -5.255780007e+08 +5.60580327e+08 1.02e+01 8.6e-02 1.7e-03 0.843 0.869 0.00
  96 -5.255779879e+08 +5.60580301e+08 1.00e+01 8.5e-02 1.6e-03 0.843 0.869 0.00
  97 -5.255779754e+08 +5.60580276e+08 9.88e+00 8.3e-02 1.6e-03 0.843 0.869 0.00
  98 -5.255779634e+08 +5.60580252e+08 9.73e+00 8.2e-02 1.6e-03 0.843 0.869 0.00
  99 -5.255779517e+08 +5.60580229e+08 9.58e+00 8.1e-02 1.6e-03 0.843 0.869 0.00
 100 -5.255779404e+08 +5.60580206e+08 9.46e+00 7.9e-02 1.5e-03 0.843 0.869 0.00
> saveRDS(fit, file=paste0("../data/gom-data/topics",clustnum,".human.data.filterC.log.indv-cell.intNo0.reg-",data.source,".bc1.rds"))
> 
> 
> #Run analyses for chimp data
> print("Loading chimp data")
[1] "Loading chimp data"
> 
> #Load data
> scrna <- paste0("../data/cellranger-data-full/data.filterC.log.indv-cell.intNo0.reg-",data.source,".rds")
> data <- readRDS(scrna)
> data <- subset(data, subset=Species=="Chimp")
> 
> #Prepare data (unintegrated count data)
> counts <- as.matrix(data@assays$RNA@counts) #do not use integrated data
> counts <- counts[rowSums(counts>0)>0,]      #remove genes with 0 counts across cells
> counts <- t(as.matrix(counts))              #fix matrix orientation (barcodes x features)
> 
> #Batch correct counts - don't correct for species
> labelBatch1 <- as.factor(paste0(data@meta.data$Pair,data@meta.data$Replicate)[which(rownames(data@meta.data) %in% rownames(counts))])
> countsBC1 <- BatchCorrectedCounts(counts, labelBatch1, use_parallel=FALSE)
> rm(data,counts)
> 
> #Fit fastTopics model and save data
> fit <- fit_poisson_nmf(countsBC1, k=clustnum, numiter=100)
Using 4 RcppParallel threads.
Initializing factors using Topic SCORE algorithm.
Initializing loadings by running 10 SCD updates.
Using 4 RcppParallel threads.
Fitting rank-4 Poisson NMF to 53590 x 18128 dense matrix.
Running 100 SCD updates, without extrapolation (fastTopics 0.3-185).
iter   log-likelihood        deviance res(KKT)  |F-F'|  |L-L'| nz(F) nz(L) beta
   1 -5.811530017e+08 +6.28440823e+08 1.39e+04 1.2e+02 1.2e+00 0.862 0.729 0.00
   2 -5.786120252e+08 +6.23358870e+08 1.82e+04 2.2e+01 2.5e+00 0.867 0.802 0.00
   3 -5.774938398e+08 +6.21122499e+08 3.10e+03 1.2e+01 1.8e+00 0.865 0.817 0.00
   4 -5.769277696e+08 +6.19990359e+08 8.48e+02 9.0e+00 1.5e+00 0.864 0.820 0.00
   5 -5.766140420e+08 +6.19362904e+08 7.89e+02 6.9e+00 6.3e-01 0.861 0.827 0.00
   6 -5.764173237e+08 +6.18969467e+08 7.66e+02 5.8e+00 4.8e-01 0.859 0.827 0.00
   7 -5.762845230e+08 +6.18703866e+08 9.00e+02 4.8e+00 3.6e-01 0.858 0.826 0.00
   8 -5.761887224e+08 +6.18512264e+08 9.41e+02 4.3e+00 2.6e-01 0.858 0.826 0.00
   9 -5.761161622e+08 +6.18367144e+08 9.13e+02 4.2e+00 2.0e-01 0.857 0.826 0.00
  10 -5.760594085e+08 +6.18253637e+08 8.39e+02 4.1e+00 1.5e-01 0.858 0.825 0.00
  11 -5.760142041e+08 +6.18163228e+08 7.42e+02 3.8e+00 1.2e-01 0.858 0.825 0.00
  12 -5.759778665e+08 +6.18090553e+08 6.41e+02 3.5e+00 9.8e-02 0.859 0.825 0.00
  13 -5.759485820e+08 +6.18031984e+08 5.44e+02 3.2e+00 8.8e-02 0.859 0.824 0.00
  14 -5.759250588e+08 +6.17984937e+08 4.58e+02 2.8e+00 7.8e-02 0.860 0.824 0.00
  15 -5.759062571e+08 +6.17947334e+08 3.83e+02 2.5e+00 6.8e-02 0.860 0.823 0.00
  16 -5.758913221e+08 +6.17917464e+08 3.20e+02 2.2e+00 6.0e-02 0.860 0.823 0.00
  17 -5.758794993e+08 +6.17893818e+08 2.67e+02 2.0e+00 5.2e-02 0.860 0.822 0.00
  18 -5.758701370e+08 +6.17875094e+08 2.23e+02 1.7e+00 4.5e-02 0.861 0.822 0.00
  19 -5.758627212e+08 +6.17860262e+08 1.88e+02 1.5e+00 3.9e-02 0.861 0.822 0.00
  20 -5.758568464e+08 +6.17848512e+08 1.58e+02 1.3e+00 3.4e-02 0.861 0.822 0.00
  21 -5.758521804e+08 +6.17839181e+08 1.34e+02 1.1e+00 3.0e-02 0.861 0.821 0.00
  22 -5.758484526e+08 +6.17831725e+08 1.14e+02 1.0e+00 2.6e-02 0.861 0.821 0.00
  23 -5.758454678e+08 +6.17825755e+08 9.75e+01 8.8e-01 2.3e-02 0.861 0.821 0.00
  24 -5.758430729e+08 +6.17820965e+08 8.35e+01 7.7e-01 2.0e-02 0.862 0.821 0.00
  25 -5.758411482e+08 +6.17817116e+08 7.15e+01 6.8e-01 1.8e-02 0.862 0.821 0.00
  26 -5.758395963e+08 +6.17814012e+08 6.13e+01 6.3e-01 1.7e-02 0.862 0.821 0.00
  27 -5.758383402e+08 +6.17811500e+08 5.26e+01 5.7e-01 1.5e-02 0.862 0.821 0.00
  28 -5.758373198e+08 +6.17809459e+08 4.51e+01 5.3e-01 1.4e-02 0.862 0.821 0.00
  29 -5.758364873e+08 +6.17807794e+08 4.04e+01 4.8e-01 1.2e-02 0.862 0.821 0.00
  30 -5.758358052e+08 +6.17806430e+08 3.73e+01 4.4e-01 1.1e-02 0.862 0.821 0.00
  31 -5.758352436e+08 +6.17805307e+08 3.44e+01 4.1e-01 1.0e-02 0.862 0.821 0.00
  32 -5.758347793e+08 +6.17804378e+08 3.20e+01 3.8e-01 9.5e-03 0.862 0.821 0.00
  33 -5.758343943e+08 +6.17803608e+08 3.02e+01 3.5e-01 8.7e-03 0.862 0.821 0.00
  34 -5.758340736e+08 +6.17802967e+08 2.86e+01 3.2e-01 8.0e-03 0.862 0.821 0.00
  35 -5.758338051e+08 +6.17802430e+08 2.70e+01 2.9e-01 7.3e-03 0.862 0.822 0.00
  36 -5.758335795e+08 +6.17801979e+08 2.54e+01 2.7e-01 6.7e-03 0.862 0.822 0.00
  37 -5.758333892e+08 +6.17801598e+08 2.39e+01 2.5e-01 6.2e-03 0.862 0.822 0.00
  38 -5.758332274e+08 +6.17801275e+08 2.24e+01 2.3e-01 5.7e-03 0.862 0.822 0.00
  39 -5.758330893e+08 +6.17800998e+08 2.10e+01 2.2e-01 5.3e-03 0.862 0.822 0.00
  40 -5.758329713e+08 +6.17800762e+08 1.96e+01 2.0e-01 4.9e-03 0.862 0.822 0.00
  41 -5.758328714e+08 +6.17800562e+08 1.82e+01 1.9e-01 4.5e-03 0.862 0.822 0.00
  42 -5.758327877e+08 +6.17800395e+08 1.68e+01 1.7e-01 4.1e-03 0.862 0.822 0.00
  43 -5.758327174e+08 +6.17800254e+08 1.56e+01 1.5e-01 3.7e-03 0.862 0.822 0.00
  44 -5.758326582e+08 +6.17800136e+08 1.44e+01 1.4e-01 3.5e-03 0.862 0.822 0.00
  45 -5.758326082e+08 +6.17800036e+08 1.34e+01 1.3e-01 3.2e-03 0.862 0.822 0.00
  46 -5.758325660e+08 +6.17799952e+08 1.24e+01 1.2e-01 3.0e-03 0.862 0.822 0.00
  47 -5.758325303e+08 +6.17799880e+08 1.15e+01 1.1e-01 2.8e-03 0.862 0.822 0.00
  48 -5.758325000e+08 +6.17799820e+08 1.07e+01 9.7e-02 2.6e-03 0.862 0.822 0.00
  49 -5.758324744e+08 +6.17799768e+08 9.87e+00 8.9e-02 2.4e-03 0.862 0.822 0.00
  50 -5.758324527e+08 +6.17799725e+08 9.15e+00 8.2e-02 2.2e-03 0.862 0.822 0.00
  51 -5.758324342e+08 +6.17799688e+08 8.48e+00 7.6e-02 2.0e-03 0.862 0.822 0.00
  52 -5.758324185e+08 +6.17799657e+08 7.86e+00 7.0e-02 1.9e-03 0.862 0.822 0.00
  53 -5.758324052e+08 +6.17799630e+08 7.29e+00 6.4e-02 1.7e-03 0.862 0.822 0.00
  54 -5.758323938e+08 +6.17799607e+08 6.76e+00 5.9e-02 1.6e-03 0.862 0.822 0.00
  55 -5.758323841e+08 +6.17799588e+08 6.26e+00 5.5e-02 1.5e-03 0.862 0.822 0.00
  56 -5.758323759e+08 +6.17799572e+08 5.80e+00 5.1e-02 1.4e-03 0.862 0.822 0.00
  57 -5.758323689e+08 +6.17799557e+08 5.37e+00 4.7e-02 1.3e-03 0.862 0.822 0.00
  58 -5.758323629e+08 +6.17799546e+08 4.98e+00 4.3e-02 1.2e-03 0.862 0.822 0.00
  59 -5.758323578e+08 +6.17799535e+08 4.61e+00 4.0e-02 1.1e-03 0.862 0.822 0.00
  60 -5.758323535e+08 +6.17799527e+08 4.27e+00 3.7e-02 1.0e-03 0.862 0.822 0.00
  61 -5.758323497e+08 +6.17799519e+08 3.96e+00 3.4e-02 9.2e-04 0.862 0.822 0.00
  62 -5.758323466e+08 +6.17799513e+08 3.67e+00 3.1e-02 8.5e-04 0.862 0.822 0.00
  63 -5.758323439e+08 +6.17799507e+08 3.40e+00 2.9e-02 7.9e-04 0.862 0.822 0.00
  64 -5.758323416e+08 +6.17799503e+08 3.15e+00 2.6e-02 7.3e-04 0.862 0.822 0.00
  65 -5.758323396e+08 +6.17799499e+08 2.91e+00 2.4e-02 6.8e-04 0.862 0.822 0.00
  66 -5.758323379e+08 +6.17799496e+08 2.70e+00 2.3e-02 6.3e-04 0.862 0.822 0.00
  67 -5.758323365e+08 +6.17799493e+08 2.50e+00 2.1e-02 5.8e-04 0.862 0.822 0.00
  68 -5.758323353e+08 +6.17799490e+08 2.32e+00 1.9e-02 5.4e-04 0.862 0.822 0.00
  69 -5.758323342e+08 +6.17799488e+08 2.14e+00 1.8e-02 5.0e-04 0.862 0.822 0.00
  70 -5.758323333e+08 +6.17799486e+08 1.99e+00 1.6e-02 4.6e-04 0.862 0.822 0.00
  71 -5.758323326e+08 +6.17799485e+08 1.84e+00 1.5e-02 4.2e-04 0.862 0.822 0.00
  72 -5.758323319e+08 +6.17799484e+08 1.70e+00 1.4e-02 3.9e-04 0.862 0.822 0.00
  73 -5.758323314e+08 +6.17799482e+08 1.58e+00 1.3e-02 3.6e-04 0.862 0.822 0.00
  74 -5.758323309e+08 +6.17799481e+08 1.46e+00 1.2e-02 3.4e-04 0.862 0.822 0.00
  75 -5.758323305e+08 +6.17799481e+08 1.35e+00 1.1e-02 3.1e-04 0.862 0.822 0.00
  76 -5.758323301e+08 +6.17799480e+08 1.25e+00 1.0e-02 2.9e-04 0.862 0.822 0.00
  77 -5.758323298e+08 +6.17799479e+08 1.16e+00 9.4e-03 2.7e-04 0.862 0.822 0.00
  78 -5.758323296e+08 +6.17799479e+08 1.07e+00 8.7e-03 2.5e-04 0.862 0.822 0.00
  79 -5.758323294e+08 +6.17799478e+08 9.93e-01 8.1e-03 2.3e-04 0.862 0.822 0.00
  80 -5.758323292e+08 +6.17799478e+08 9.19e-01 7.4e-03 2.1e-04 0.862 0.822 0.00
  81 -5.758323290e+08 +6.17799478e+08 8.51e-01 6.9e-03 1.9e-04 0.862 0.822 0.00
  82 -5.758323289e+08 +6.17799477e+08 7.88e-01 6.4e-03 1.8e-04 0.862 0.822 0.00
  83 -5.758323288e+08 +6.17799477e+08 7.29e-01 5.9e-03 1.7e-04 0.862 0.822 0.00
  84 -5.758323287e+08 +6.17799477e+08 6.75e-01 5.4e-03 1.5e-04 0.862 0.822 0.00
  85 -5.758323286e+08 +6.17799477e+08 6.24e-01 5.0e-03 1.4e-04 0.862 0.822 0.00
  86 -5.758323285e+08 +6.17799477e+08 5.78e-01 4.6e-03 1.3e-04 0.862 0.822 0.00
  87 -5.758323284e+08 +6.17799477e+08 5.35e-01 4.3e-03 1.2e-04 0.862 0.822 0.00
  88 -5.758323284e+08 +6.17799476e+08 4.95e-01 4.0e-03 1.1e-04 0.862 0.822 0.00
  89 -5.758323283e+08 +6.17799476e+08 4.58e-01 3.7e-03 1.0e-04 0.862 0.822 0.00
  90 -5.758323283e+08 +6.17799476e+08 4.24e-01 3.4e-03 9.6e-05 0.862 0.822 0.00
  91 -5.758323283e+08 +6.17799476e+08 3.92e-01 3.1e-03 8.9e-05 0.862 0.822 0.00
  92 -5.758323282e+08 +6.17799476e+08 3.63e-01 2.9e-03 8.2e-05 0.862 0.822 0.00
  93 -5.758323282e+08 +6.17799476e+08 3.36e-01 2.7e-03 7.6e-05 0.862 0.822 0.00
  94 -5.758323282e+08 +6.17799476e+08 3.11e-01 2.5e-03 7.1e-05 0.862 0.822 0.00
  95 -5.758323282e+08 +6.17799476e+08 2.88e-01 2.3e-03 6.5e-05 0.862 0.822 0.00
  96 -5.758323282e+08 +6.17799476e+08 2.66e-01 2.1e-03 6.0e-05 0.862 0.822 0.00
  97 -5.758323282e+08 +6.17799476e+08 2.46e-01 2.0e-03 5.6e-05 0.862 0.822 0.00
  98 -5.758323281e+08 +6.17799476e+08 2.28e-01 1.8e-03 5.2e-05 0.862 0.822 0.00
  99 -5.758323281e+08 +6.17799476e+08 2.11e-01 1.7e-03 4.8e-05 0.862 0.822 0.00
 100 -5.758323281e+08 +6.17799476e+08 1.95e-01 1.6e-03 4.4e-05 0.862 0.822 0.00
> saveRDS(fit, file=paste0("../data/gom-data/topics",clustnum,".chimp.data.filterC.log.indv-cell.intNo0.reg-",data.source,".bc1.rds"))
> 
> proc.time()
     user    system   elapsed 
59512.763  7260.601 39910.382 
