
R version 3.5.1 (2018-07-02) -- "Feather Spray"
Copyright (C) 2018 The R Foundation for Statistical Computing
Platform: x86_64-pc-linux-gnu (64-bit)

R is free software and comes with ABSOLUTELY NO WARRANTY.
You are welcome to redistribute it under certain conditions.
Type 'license()' or 'licence()' for distribution details.

R is a collaborative project with many contributors.
Type 'contributors()' for more information and
'citation()' on how to cite R or R packages in publications.

Type 'demo()' for some demos, 'help()' for on-line help, or
'help.start()' for an HTML browser interface to help.
Type 'q()' to quit R.

> #Load libraries
> library(Seurat)
> library(dplyr)

Attaching package: 'dplyr'

The following objects are masked from 'package:stats':

    filter, lag

The following objects are masked from 'package:base':

    intersect, setdiff, setequal, union

> library(stringi)
> library(stringr)
> library(ggplot2)
> library(colorspace)
> library(RColorBrewer)
> 
> #Define main directory
> dir <- '/project2/gilad/ghousman/skeletal-human-chimp/'
> 
> #Load batch info
> batch <- read.csv(file=paste0(dir,'human-chimp-skeletal-scRNA/data/scrna-batch.csv'), header=TRUE, sep=",")
> 
> #Load objects
> objects <- readRDS(paste0(dir,"/human-chimp-skeletal-scRNA/data/cellranger-data-full/data.pair-cell.log.rds"))
> 
> #Define list subset
> #Select features for downstream integration (keeping at 1000 for now)
> #Identify anchors (used references + RPCA reduction method) #ALL OTHER METHODS CRASH
> #Integrate datasets
> #Reduce dimensionality
> #Save data
> 
> #combine ipscs from all samples
> obj.ipsc  <- list(objects[[1]],objects[[4]],objects[[7]],objects[[10]],objects[[13]],objects[[16]],objects[[19]])
> obj.ipsc.features <- SelectIntegrationFeatures(object.list=obj.ipsc, nfeatures=3000)
> reference_dataset <- 2 #H1C1-r2 differentiated the best
> obj.ipsc <- lapply(X=obj.ipsc, FUN=function(x) {
+     x <- ScaleData(x, features=obj.ipsc.features, verbose=FALSE)
+     x <- RunPCA(x, features=obj.ipsc.features, verbose=FALSE)
+ })
> obj.ipsc.anchors <- FindIntegrationAnchors(object.list=obj.ipsc, normalization.method="LogNormalize", anchor.features=obj.ipsc.features,
+                                            reference=reference_dataset, reduction="rpca")
Scaling features for provided objects
Computing within dataset neighborhoods
Finding anchors between all query and reference datasets
Finding neighborhoods
Finding anchors
	Found 1188 anchors
Extracting within-dataset neighbors
Finding neighborhoods
Finding anchors
	Found 791 anchors
Extracting within-dataset neighbors
Finding neighborhoods
Finding anchors
	Found 970 anchors
Extracting within-dataset neighbors
Finding neighborhoods
Finding anchors
	Found 905 anchors
Extracting within-dataset neighbors
Finding neighborhoods
Finding anchors
	Found 1023 anchors
Extracting within-dataset neighbors
Finding neighborhoods
Finding anchors
	Found 881 anchors
Extracting within-dataset neighbors
Warning message:
In CheckDuplicateCellNames(object.list = object.list) :
  Some cell names are duplicated across objects provided. Renaming to enforce unique cell names.
> int.ipsc <- IntegrateData(anchorset=obj.ipsc.anchors, normalization.method="LogNormalize")
Integrating dataset 1 with reference dataset
Finding integration vectors
Finding integration vector weights
0%   10   20   30   40   50   60   70   80   90   100%
[----|----|----|----|----|----|----|----|----|----|
**************************************************|
Integrating data
Integrating dataset 3 with reference dataset
Finding integration vectors
Finding integration vector weights
0%   10   20   30   40   50   60   70   80   90   100%
[----|----|----|----|----|----|----|----|----|----|
**************************************************|
Integrating data
Integrating dataset 4 with reference dataset
Finding integration vectors
Finding integration vector weights
0%   10   20   30   40   50   60   70   80   90   100%
[----|----|----|----|----|----|----|----|----|----|
**************************************************|
Integrating data
Integrating dataset 5 with reference dataset
Finding integration vectors
Finding integration vector weights
0%   10   20   30   40   50   60   70   80   90   100%
[----|----|----|----|----|----|----|----|----|----|
**************************************************|
Integrating data
Integrating dataset 6 with reference dataset
Finding integration vectors
Finding integration vector weights
0%   10   20   30   40   50   60   70   80   90   100%
[----|----|----|----|----|----|----|----|----|----|
**************************************************|
Integrating data
Integrating dataset 7 with reference dataset
Finding integration vectors
Finding integration vector weights
0%   10   20   30   40   50   60   70   80   90   100%
[----|----|----|----|----|----|----|----|----|----|
**************************************************|
Integrating data
Warning: Adding a command log without an assay associated with it
> int.ipsc <- ScaleData(int.ipsc, verbose=FALSE)
> int.ipsc <- RunPCA(object=int.ipsc, npcs=100, verbose=FALSE)
> pva <- int.ipsc@reductions$pca@stdev^2/int.ipsc@reductions$pca@misc$total.variance
> ndim <- length(which(pva>=0.001)) #keep all dims that explaim more than 0.1% of variance
> print(ndim)
[1] 23
> int.ipsc <- RunUMAP(int.ipsc, dims=1:100)
Warning: The default method for RunUMAP has changed from calling Python UMAP via reticulate to the R-native UWOT using the cosine metric
To use Python UMAP via reticulate, set umap.method to 'umap-learn' and metric to 'correlation'
This message will be shown once per session
16:34:09 UMAP embedding parameters a = 0.9922 b = 1.112
16:34:09 Read 37509 rows and found 100 numeric columns
16:34:09 Using Annoy for neighbor search, n_neighbors = 30
16:34:09 Building Annoy index with metric = cosine, n_trees = 50
0%   10   20   30   40   50   60   70   80   90   100%
[----|----|----|----|----|----|----|----|----|----|
**************************************************|
16:34:20 Writing NN index file to temp file /tmp/jobs/66294689/Rtmpnab1ic/file49c01f134fd0
16:34:21 Searching Annoy index using 1 thread, search_k = 3000
16:34:49 Annoy recall = 100%
16:34:49 Commencing smooth kNN distance calibration using 1 thread
16:34:52 Initializing from normalized Laplacian + noise
16:34:55 Commencing optimization for 200 epochs, with 1781692 positive edges
0%   10   20   30   40   50   60   70   80   90   100%
[----|----|----|----|----|----|----|----|----|----|
**************************************************|
16:36:00 Optimization finished
> saveRDS(int.ipsc, file=paste0(dir,"/human-chimp-skeletal-scRNA/data/cellranger-data-full/data.pair-cell.log.3k.int.ipsc.rds"))
> rm(obj.ipsc,int.ipsc)
> 
> #combine mscs from all samples
> obj.msc   <- list(objects[[2]],objects[[5]],objects[[8]],objects[[11]],objects[[14]],objects[[17]],objects[[20]])
> obj.msc.features <- SelectIntegrationFeatures(object.list=obj.msc, nfeatures=3000)
> reference_dataset <- 2 #H1C1-r2 differentiated the best
> obj.msc <- lapply(X=obj.msc, FUN=function(x) {
+     x <- ScaleData(x, features=obj.msc.features, verbose=FALSE)
+     x <- RunPCA(x, features=obj.msc.features, verbose=FALSE)
+ })
> obj.msc.anchors <- FindIntegrationAnchors(object.list=obj.msc, normalization.method="LogNormalize", anchor.features=obj.msc.features,
+                                            reference=reference_dataset, reduction="rpca")
Scaling features for provided objects
Computing within dataset neighborhoods
Finding anchors between all query and reference datasets
Finding neighborhoods
Finding anchors
	Found 2192 anchors
Extracting within-dataset neighbors
Finding neighborhoods
Finding anchors
	Found 3144 anchors
Extracting within-dataset neighbors
Finding neighborhoods
Finding anchors
	Found 1973 anchors
Extracting within-dataset neighbors
Finding neighborhoods
Finding anchors
	Found 3153 anchors
Extracting within-dataset neighbors
Finding neighborhoods
Finding anchors
	Found 2452 anchors
Extracting within-dataset neighbors
Finding neighborhoods
Finding anchors
	Found 2144 anchors
Extracting within-dataset neighbors
Warning message:
In CheckDuplicateCellNames(object.list = object.list) :
  Some cell names are duplicated across objects provided. Renaming to enforce unique cell names.
> int.msc <- IntegrateData(anchorset=obj.msc.anchors, normalization.method="LogNormalize")
Integrating dataset 1 with reference dataset
Finding integration vectors
Finding integration vector weights
0%   10   20   30   40   50   60   70   80   90   100%
[----|----|----|----|----|----|----|----|----|----|
**************************************************|
Integrating data
Integrating dataset 3 with reference dataset
Finding integration vectors
Finding integration vector weights
0%   10   20   30   40   50   60   70   80   90   100%
[----|----|----|----|----|----|----|----|----|----|
**************************************************|
Integrating data
Integrating dataset 4 with reference dataset
Finding integration vectors
Finding integration vector weights
0%   10   20   30   40   50   60   70   80   90   100%
[----|----|----|----|----|----|----|----|----|----|
**************************************************|
Integrating data
Integrating dataset 5 with reference dataset
Finding integration vectors
Finding integration vector weights
0%   10   20   30   40   50   60   70   80   90   100%
[----|----|----|----|----|----|----|----|----|----|
**************************************************|
Integrating data
Integrating dataset 6 with reference dataset
Finding integration vectors
Finding integration vector weights
0%   10   20   30   40   50   60   70   80   90   100%
[----|----|----|----|----|----|----|----|----|----|
**************************************************|
Integrating data
Integrating dataset 7 with reference dataset
Finding integration vectors
Finding integration vector weights
0%   10   20   30   40   50   60   70   80   90   100%
[----|----|----|----|----|----|----|----|----|----|
**************************************************|
Integrating data
Warning: Adding a command log without an assay associated with it
> int.msc <- ScaleData(int.msc, verbose=FALSE)
> int.msc <- RunPCA(object=int.msc, npcs=100, verbose=FALSE)
> pva <- int.msc@reductions$pca@stdev^2/int.msc@reductions$pca@misc$total.variance
> ndim <- length(which(pva>=0.001)) #keep all dims that explaim more than 0.1% of variance
> print(ndim)
[1] 27
> int.msc <- RunUMAP(int.msc, dims=1:100)
16:49:34 UMAP embedding parameters a = 0.9922 b = 1.112
16:49:34 Read 38594 rows and found 100 numeric columns
16:49:34 Using Annoy for neighbor search, n_neighbors = 30
16:49:34 Building Annoy index with metric = cosine, n_trees = 50
0%   10   20   30   40   50   60   70   80   90   100%
[----|----|----|----|----|----|----|----|----|----|
**************************************************|
16:49:45 Writing NN index file to temp file /tmp/jobs/66294689/Rtmpnab1ic/file49c089ecebf
16:49:45 Searching Annoy index using 1 thread, search_k = 3000
16:50:16 Annoy recall = 100%
16:50:17 Commencing smooth kNN distance calibration using 1 thread
16:50:20 Initializing from normalized Laplacian + noise
16:50:23 Commencing optimization for 200 epochs, with 1823296 positive edges
0%   10   20   30   40   50   60   70   80   90   100%
[----|----|----|----|----|----|----|----|----|----|
**************************************************|
16:51:29 Optimization finished
> saveRDS(int.msc, file=paste0(dir,"/human-chimp-skeletal-scRNA/data/cellranger-data-full/data.pair-cell.log.3k.int.msc.rds"))
> rm(obj.msc,int.msc)
> 
> #combine osteoblasts from all samples
> obj.osteo   <- list(objects[[3]],objects[[6]],objects[[9]],objects[[12]],objects[[15]],objects[[18]],objects[[21]])
> obj.osteo.features <- SelectIntegrationFeatures(object.list=obj.osteo, nfeatures=3000)
> reference_dataset <- 2 #H1C1-r2 differentiated the best
> obj.osteo <- lapply(X=obj.osteo, FUN=function(x) {
+     x <- ScaleData(x, features=obj.osteo.features, verbose=FALSE)
+     x <- RunPCA(x, features=obj.osteo.features, verbose=FALSE)
+ })
> obj.osteo.anchors <- FindIntegrationAnchors(object.list=obj.osteo, normalization.method="LogNormalize", anchor.features=obj.osteo.features,
+                                            reference=reference_dataset, reduction="rpca")
Scaling features for provided objects
Computing within dataset neighborhoods
Finding anchors between all query and reference datasets
Finding neighborhoods
Finding anchors
	Found 1661 anchors
Extracting within-dataset neighbors
Finding neighborhoods
Finding anchors
	Found 1533 anchors
Extracting within-dataset neighbors
Finding neighborhoods
Finding anchors
	Found 654 anchors
Extracting within-dataset neighbors
Finding neighborhoods
Finding anchors
	Found 1703 anchors
Extracting within-dataset neighbors
Finding neighborhoods
Finding anchors
	Found 1581 anchors
Extracting within-dataset neighbors
Finding neighborhoods
Finding anchors
	Found 1272 anchors
Extracting within-dataset neighbors
Warning message:
In CheckDuplicateCellNames(object.list = object.list) :
  Some cell names are duplicated across objects provided. Renaming to enforce unique cell names.
> int.osteo <- IntegrateData(anchorset=obj.osteo.anchors, normalization.method="LogNormalize")
Integrating dataset 1 with reference dataset
Finding integration vectors
Finding integration vector weights
0%   10   20   30   40   50   60   70   80   90   100%
[----|----|----|----|----|----|----|----|----|----|
**************************************************|
Integrating data
Integrating dataset 3 with reference dataset
Finding integration vectors
Finding integration vector weights
0%   10   20   30   40   50   60   70   80   90   100%
[----|----|----|----|----|----|----|----|----|----|
**************************************************|
Integrating data
Integrating dataset 4 with reference dataset
Finding integration vectors
Finding integration vector weights
0%   10   20   30   40   50   60   70   80   90   100%
[----|----|----|----|----|----|----|----|----|----|
**************************************************|
Integrating data
Integrating dataset 5 with reference dataset
Finding integration vectors
Finding integration vector weights
0%   10   20   30   40   50   60   70   80   90   100%
[----|----|----|----|----|----|----|----|----|----|
**************************************************|
Integrating data
Integrating dataset 6 with reference dataset
Finding integration vectors
Finding integration vector weights
0%   10   20   30   40   50   60   70   80   90   100%
[----|----|----|----|----|----|----|----|----|----|
**************************************************|
Integrating data
Integrating dataset 7 with reference dataset
Finding integration vectors
Finding integration vector weights
0%   10   20   30   40   50   60   70   80   90   100%
[----|----|----|----|----|----|----|----|----|----|
**************************************************|
Integrating data
Warning: Adding a command log without an assay associated with it
> int.osteo <- ScaleData(int.osteo, verbose=FALSE)
> int.osteo <- RunPCA(object=int.osteo, npcs=100, verbose=FALSE)
> pva <- int.osteo@reductions$pca@stdev^2/int.osteo@reductions$pca@misc$total.variance
> ndim <- length(which(pva>=0.001)) #keep all dims that explaim more than 0.1% of variance
> print(ndim)
[1] 32
> int.osteo <- RunUMAP(int.osteo, dims=1:100)
17:00:35 UMAP embedding parameters a = 0.9922 b = 1.112
17:00:35 Read 26077 rows and found 100 numeric columns
17:00:35 Using Annoy for neighbor search, n_neighbors = 30
17:00:35 Building Annoy index with metric = cosine, n_trees = 50
0%   10   20   30   40   50   60   70   80   90   100%
[----|----|----|----|----|----|----|----|----|----|
**************************************************|
17:00:43 Writing NN index file to temp file /tmp/jobs/66294689/Rtmpnab1ic/file49c06b8dbee9
17:00:43 Searching Annoy index using 1 thread, search_k = 3000
17:01:01 Annoy recall = 100%
17:01:01 Commencing smooth kNN distance calibration using 1 thread
17:01:03 Initializing from normalized Laplacian + noise
17:01:05 Commencing optimization for 200 epochs, with 1195210 positive edges
0%   10   20   30   40   50   60   70   80   90   100%
[----|----|----|----|----|----|----|----|----|----|
**************************************************|
17:01:47 Optimization finished
> saveRDS(int.osteo, file=paste0(dir,"/human-chimp-skeletal-scRNA/data/cellranger-data-full/data.pair-cell.log.3k.int.osteo.rds"))
> rm(obj.osteo,int.osteo)
> 
> 
> proc.time()
    user   system  elapsed 
2256.154  195.031 2464.066 
