
R version 3.5.1 (2018-07-02) -- "Feather Spray"
Copyright (C) 2018 The R Foundation for Statistical Computing
Platform: x86_64-pc-linux-gnu (64-bit)

R is free software and comes with ABSOLUTELY NO WARRANTY.
You are welcome to redistribute it under certain conditions.
Type 'license()' or 'licence()' for distribution details.

R is a collaborative project with many contributors.
Type 'contributors()' for more information and
'citation()' on how to cite R or R packages in publications.

Type 'demo()' for some demos, 'help()' for on-line help, or
'help.start()' for an HTML browser interface to help.
Type 'q()' to quit R.

> #Load libraries
> library(Seurat)
> library(dplyr)

Attaching package: 'dplyr'

The following objects are masked from 'package:stats':

    filter, lag

The following objects are masked from 'package:base':

    intersect, setdiff, setequal, union

> library(stringi)
> library(stringr)
> library(ggplot2)
> library(colorspace)
> library(RColorBrewer)
> 
> #Define main directory
> dir <- '/project2/gilad/ghousman/skeletal-human-chimp/'
> 
> #Load batch info
> batch <- read.csv(file=paste0(dir,'human-chimp-skeletal-scRNA/data/scrna-batch.csv'), header=TRUE, sep=",")
> 
> #Read in files
> data <- readRDS(paste0(dir,"/human-chimp-skeletal-scRNA/data/cellranger-data-full/data.rds"))
> 
> #Merge datasets
> #Perform log normalization
> #Reduce dimensionality
> #Remove excess files
> #Save merged datasets
> 
> #combine ipscs from all samples
> combo.ipsc    <- merge(data[[1]], y=c(data[[4]],data[[7]],data[[10]],data[[13]],data[[16]],data[[19]]),
+                       add.cell.ids=c("H1C1.I","H1C1-r2.I","H2C2.I","H3C3.I","H4C4.I","H5C5.I","H6C6.I"))
> combo.ipsc <- NormalizeData(combo.ipsc, verbose=FALSE)
> combo.ipsc <- FindVariableFeatures(combo.ipsc, selection.method="vst", nfeatures=1000, verbose=FALSE)
> combo.ipsc <- ScaleData(combo.ipsc, verbose=FALSE)
> combo.ipsc <- RunPCA(object=combo.ipsc, npcs=100, verbose=FALSE)
> pva <- combo.ipsc@reductions$pca@stdev^2/combo.ipsc@reductions$pca@misc$total.variance
> ndim <- length(which(pva>=0.001)) #keep all dims that explaim more than 0.1% of variance
> combo.ipsc <- RunUMAP(combo.ipsc, dims=1:ndim)
Warning: The default method for RunUMAP has changed from calling Python UMAP via reticulate to the R-native UWOT using the cosine metric
To use Python UMAP via reticulate, set umap.method to 'umap-learn' and metric to 'correlation'
This message will be shown once per session
16:19:31 UMAP embedding parameters a = 0.9922 b = 1.112
16:19:32 Read 37509 rows and found 100 numeric columns
16:19:32 Using Annoy for neighbor search, n_neighbors = 30
16:19:32 Building Annoy index with metric = cosine, n_trees = 50
0%   10   20   30   40   50   60   70   80   90   100%
[----|----|----|----|----|----|----|----|----|----|
**************************************************|
16:19:40 Writing NN index file to temp file /tmp/jobs/66294866/RtmpI3OINL/file7d2141822ded
16:19:40 Searching Annoy index using 1 thread, search_k = 3000
16:19:57 Annoy recall = 100%
16:19:57 Commencing smooth kNN distance calibration using 1 thread
16:19:59 Initializing from normalized Laplacian + noise
16:20:01 Commencing optimization for 200 epochs, with 1846288 positive edges
0%   10   20   30   40   50   60   70   80   90   100%
[----|----|----|----|----|----|----|----|----|----|
**************************************************|
16:20:51 Optimization finished
> saveRDS(combo.ipsc, file=paste0(dir,"/human-chimp-skeletal-scRNA/data/cellranger-data-full/data.merge.l.1k.ipsc.rds"))
> rm(combo.ipsc)
> 
> #combine mscs from all samples
> combo.msc    <- merge(data[[2]], y=c(data[[5]],data[[8]],data[[11]],data[[14]],data[[17]],data[[20]]),
+                       add.cell.ids=c("H1C1.M","H1C1-r2.M","H2C2.M","H3C3.M","H4C4.M","H5C5.M","H6C6.M"))
> combo.msc <- NormalizeData(combo.msc, verbose=FALSE)
> combo.msc <- FindVariableFeatures(combo.msc, selection.method="vst", nfeatures=1000, verbose=FALSE)
> combo.msc <- ScaleData(combo.msc, verbose=FALSE)
> combo.msc <- RunPCA(object=combo.msc, npcs=100, verbose=FALSE)
> pva <- combo.msc@reductions$pca@stdev^2/combo.msc@reductions$pca@misc$total.variance
> ndim <- length(which(pva>=0.001)) #keep all dims that explaim more than 0.1% of variance
> combo.msc <- RunUMAP(combo.msc, dims=1:ndim)
16:24:52 UMAP embedding parameters a = 0.9922 b = 1.112
16:24:52 Read 38594 rows and found 100 numeric columns
16:24:52 Using Annoy for neighbor search, n_neighbors = 30
16:24:52 Building Annoy index with metric = cosine, n_trees = 50
0%   10   20   30   40   50   60   70   80   90   100%
[----|----|----|----|----|----|----|----|----|----|
**************************************************|
16:25:00 Writing NN index file to temp file /tmp/jobs/66294866/RtmpI3OINL/file7d216d1c1c76
16:25:00 Searching Annoy index using 1 thread, search_k = 3000
16:25:15 Annoy recall = 100%
16:25:16 Commencing smooth kNN distance calibration using 1 thread
16:25:18 Initializing from normalized Laplacian + noise
16:25:22 Commencing optimization for 200 epochs, with 1754664 positive edges
0%   10   20   30   40   50   60   70   80   90   100%
[----|----|----|----|----|----|----|----|----|----|
**************************************************|
16:26:11 Optimization finished
> saveRDS(combo.msc, file=paste0(dir,"/human-chimp-skeletal-scRNA/data/cellranger-data-full/data.merge.l.1k.msc.rds"))
> rm(combo.msc)
> 
> #combine osteoblasts from all samples
> combo.osteo    <- merge(data[[3]], y=c(data[[6]],data[[9]],data[[12]],data[[15]],data[[18]],data[[21]]),
+                       add.cell.ids=c("H1C1.O","H1C1-r2.O","H2C2.O","H3C3.O","H4C4.O","H5C5.O","H6C6.O"))
> combo.osteo <- NormalizeData(combo.osteo, verbose=FALSE)
> combo.osteo <- FindVariableFeatures(combo.osteo, selection.method="vst", nfeatures=1000, verbose=FALSE)
> combo.osteo <- ScaleData(combo.osteo, verbose=FALSE)
> combo.osteo <- RunPCA(object=combo.osteo, npcs=100, verbose=FALSE)
> pva <- combo.osteo@reductions$pca@stdev^2/combo.osteo@reductions$pca@misc$total.variance
> ndim <- length(which(pva>=0.001)) #keep all dims that explaim more than 0.1% of variance
> combo.osteo <- RunUMAP(combo.osteo, dims=1:ndim)
16:29:49 UMAP embedding parameters a = 0.9922 b = 1.112
16:29:50 Read 26077 rows and found 100 numeric columns
16:29:50 Using Annoy for neighbor search, n_neighbors = 30
16:29:50 Building Annoy index with metric = cosine, n_trees = 50
0%   10   20   30   40   50   60   70   80   90   100%
[----|----|----|----|----|----|----|----|----|----|
**************************************************|
16:29:55 Writing NN index file to temp file /tmp/jobs/66294866/RtmpI3OINL/file7d216851bf14
16:29:55 Searching Annoy index using 1 thread, search_k = 3000
16:30:05 Annoy recall = 100%
16:30:06 Commencing smooth kNN distance calibration using 1 thread
16:30:07 Initializing from normalized Laplacian + noise
16:30:08 Commencing optimization for 200 epochs, with 1203056 positive edges
0%   10   20   30   40   50   60   70   80   90   100%
[----|----|----|----|----|----|----|----|----|----|
**************************************************|
16:30:40 Optimization finished
> saveRDS(combo.osteo, file=paste0(dir,"/human-chimp-skeletal-scRNA/data/cellranger-data-full/data.merge.l.1k.osteo.rds"))
> rm(combo.osteoblasts)
Warning message:
In rm(combo.osteoblasts) : object 'combo.osteoblasts' not found
> 
> #combine all collections
> combo.total  <- merge(data[[1]], y=c(data[[2]],data[[3]],data[[4]],data[[5]],data[[6]],data[[7]],data[[8]],data[[9]],data[[10]],data[[11]],
+                                      data[[12]],data[[13]],data[[14]],data[[15]],data[[16]],data[[17]],data[[18]],data[[19]],data[[20]],data[[21]]),
+                       add.cell.ids=c("H1C1.I","H1C1.M","H1C1.O","H1C1-r2.I","H1C1-r2.M","H1C1-r2.O","H2C2.I","H2C2.M","H2C2.O","H3C3.I","H3C3.M","H3C3.O",
+                                      "H4C4.I","H4C4.M","H4C4.O","H5C5.I","H5C5.M","H5C5.O","H6C6.I","H6C6.M","H6C6.O"))
> combo.total <- NormalizeData(combo.total, verbose=FALSE)
> combo.total <- FindVariableFeatures(combo.total, selection.method="vst", nfeatures=1000, verbose=FALSE)
> combo.total <- ScaleData(combo.total, verbose=FALSE)
> combo.total <- RunPCA(object=combo.total, npcs=100, verbose=FALSE)
> pva <- combo.total@reductions$pca@stdev^2/combo.total@reductions$pca@misc$total.variance
> ndim <- length(which(pva>=0.001)) #keep all dims that explaim more than 0.1% of variance
> combo.total <- RunUMAP(combo.total, dims=1:ndim)
16:37:33 UMAP embedding parameters a = 0.9922 b = 1.112
16:37:33 Read 102180 rows and found 100 numeric columns
16:37:33 Using Annoy for neighbor search, n_neighbors = 30
16:37:33 Building Annoy index with metric = cosine, n_trees = 50
0%   10   20   30   40   50   60   70   80   90   100%
[----|----|----|----|----|----|----|----|----|----|
**************************************************|
16:37:58 Writing NN index file to temp file /tmp/jobs/66294866/RtmpI3OINL/file7d214f0489e5
16:37:58 Searching Annoy index using 1 thread, search_k = 3000
16:38:46 Annoy recall = 99.9%
16:38:47 Commencing smooth kNN distance calibration using 1 thread
16:38:51 Initializing from normalized Laplacian + noise
16:39:10 Commencing optimization for 200 epochs, with 4872508 positive edges
0%   10   20   30   40   50   60   70   80   90   100%
[----|----|----|----|----|----|----|----|----|----|
**************************************************|
16:41:25 Optimization finished
> saveRDS(combo.total, file=paste0(dir,"/human-chimp-skeletal-scRNA/data/cellranger-data-full/data.merge.l.1k.rds"))
> rm(combo.total)
> 
> 
> proc.time()
    user   system  elapsed 
1642.263  212.138 1861.755 
