
R version 3.5.1 (2018-07-02) -- "Feather Spray"
Copyright (C) 2018 The R Foundation for Statistical Computing
Platform: x86_64-pc-linux-gnu (64-bit)

R is free software and comes with ABSOLUTELY NO WARRANTY.
You are welcome to redistribute it under certain conditions.
Type 'license()' or 'licence()' for distribution details.

R is a collaborative project with many contributors.
Type 'contributors()' for more information and
'citation()' on how to cite R or R packages in publications.

Type 'demo()' for some demos, 'help()' for on-line help, or
'help.start()' for an HTML browser interface to help.
Type 'q()' to quit R.

> #Load libraries
> library(Seurat)
> library(dplyr)

Attaching package: 'dplyr'

The following objects are masked from 'package:stats':

    filter, lag

The following objects are masked from 'package:base':

    intersect, setdiff, setequal, union

> library(stringi)
> library(stringr)
> library(ggplot2)
> library(colorspace)
> library(RColorBrewer)
> 
> #Define main directory
> dir <- '/project2/gilad/ghousman/skeletal-human-chimp/'
> 
> #Load batch info
> batch <- read.csv(file=paste0(dir,'human-chimp-skeletal-scRNA/data/scrna-batch.csv'), header=TRUE, sep=",")
> 
> #Read in files
> data <- readRDS(paste0(dir,"/human-chimp-skeletal-scRNA/data/cellranger-data-full/data.rds"))
> 
> #Merge datasets
> #Perform log normalization
> #Reduce dimensionality
> #Remove excess files
> #Save merged datasets
> 
> #combine ipscs from all samples
> combo.ipsc    <- merge(data[[1]], y=c(data[[4]],data[[7]],data[[10]],data[[13]],data[[16]],data[[19]]),
+                       add.cell.ids=c("H1C1.I","H1C1-r2.I","H2C2.I","H3C3.I","H4C4.I","H5C5.I","H6C6.I"))
> combo.ipsc <- NormalizeData(combo.ipsc, verbose=FALSE)
> combo.ipsc <- FindVariableFeatures(combo.ipsc, selection.method="vst", nfeatures=3000, verbose=FALSE)
> combo.ipsc <- ScaleData(combo.ipsc, verbose=FALSE)
> combo.ipsc <- RunPCA(object=combo.ipsc, npcs=100, verbose=FALSE)
> pva <- combo.ipsc@reductions$pca@stdev^2/combo.ipsc@reductions$pca@misc$total.variance
> ndim <- length(which(pva>=0.001)) #keep all dims that explaim more than 0.1% of variance
> ndim #29
[1] 29
> combo.ipsc <- RunUMAP(combo.ipsc, dims=1:29)
Warning: The default method for RunUMAP has changed from calling Python UMAP via reticulate to the R-native UWOT using the cosine metric
To use Python UMAP via reticulate, set umap.method to 'umap-learn' and metric to 'correlation'
This message will be shown once per session
16:20:07 UMAP embedding parameters a = 0.9922 b = 1.112
16:20:07 Read 37509 rows and found 29 numeric columns
16:20:07 Using Annoy for neighbor search, n_neighbors = 30
16:20:07 Building Annoy index with metric = cosine, n_trees = 50
0%   10   20   30   40   50   60   70   80   90   100%
[----|----|----|----|----|----|----|----|----|----|
**************************************************|
16:20:14 Writing NN index file to temp file /tmp/jobs/65566761/RtmpRhOtsg/fileaaa07dc4a897
16:20:14 Searching Annoy index using 1 thread, search_k = 3000
16:20:28 Annoy recall = 100%
16:20:28 Commencing smooth kNN distance calibration using 1 thread
16:20:30 Initializing from normalized Laplacian + noise
16:20:33 Commencing optimization for 200 epochs, with 1646776 positive edges
0%   10   20   30   40   50   60   70   80   90   100%
[----|----|----|----|----|----|----|----|----|----|
**************************************************|
16:21:22 Optimization finished
> saveRDS(combo.ipsc, file=paste0(dir,"/human-chimp-skeletal-scRNA/data/cellranger-data-full/data.merge.l.ipsc.rds"))
> rm(combo.ipsc)
> 
> #combine mscs from all samples
> combo.msc    <- merge(data[[2]], y=c(data[[5]],data[[8]],data[[11]],data[[14]],data[[17]],data[[20]]),
+                       add.cell.ids=c("H1C1.M","H1C1-r2.M","H2C2.M","H3C3.M","H4C4.M","H5C5.M","H6C6.M"))
> combo.msc <- NormalizeData(combo.msc, verbose=FALSE)
> combo.msc <- FindVariableFeatures(combo.msc, selection.method="vst", nfeatures=3000, verbose=FALSE)
> combo.msc <- ScaleData(combo.msc, verbose=FALSE)
> combo.msc <- RunPCA(object=combo.msc, npcs=100, verbose=FALSE)
> pva <- combo.msc@reductions$pca@stdev^2/combo.msc@reductions$pca@misc$total.variance
> ndim <- length(which(pva>=0.001)) #keep all dims that explaim more than 0.1% of variance
> ndim #44
[1] 44
> combo.msc <- RunUMAP(combo.msc, dims=1:44)
16:26:27 UMAP embedding parameters a = 0.9922 b = 1.112
16:26:27 Read 38594 rows and found 44 numeric columns
16:26:27 Using Annoy for neighbor search, n_neighbors = 30
16:26:27 Building Annoy index with metric = cosine, n_trees = 50
0%   10   20   30   40   50   60   70   80   90   100%
[----|----|----|----|----|----|----|----|----|----|
**************************************************|
16:26:35 Writing NN index file to temp file /tmp/jobs/65566761/RtmpRhOtsg/fileaaa02f8dd768
16:26:35 Searching Annoy index using 1 thread, search_k = 3000
16:26:48 Annoy recall = 100%
16:26:49 Commencing smooth kNN distance calibration using 1 thread
16:26:51 Initializing from normalized Laplacian + noise
16:26:55 Commencing optimization for 200 epochs, with 1649610 positive edges
0%   10   20   30   40   50   60   70   80   90   100%
[----|----|----|----|----|----|----|----|----|----|
**************************************************|
16:27:45 Optimization finished
> saveRDS(combo.msc, file=paste0(dir,"/human-chimp-skeletal-scRNA/data/cellranger-data-full/data.merge.l.msc.rds"))
> rm(combo.msc)
> 
> #combine osteoblasts from all samples
> combo.osteo    <- merge(data[[3]], y=c(data[[6]],data[[9]],data[[12]],data[[15]],data[[18]],data[[21]]),
+                       add.cell.ids=c("H1C1.O","H1C1-r2.O","H2C2.O","H3C3.O","H4C4.O","H5C5.O","H6C6.O"))
> combo.osteo <- NormalizeData(combo.osteo, verbose=FALSE)
> combo.osteo <- FindVariableFeatures(combo.osteo, selection.method="vst", nfeatures=3000, verbose=FALSE)
> combo.osteo <- ScaleData(combo.osteo, verbose=FALSE)
> combo.osteo <- RunPCA(object=combo.osteo, npcs=100, verbose=FALSE)
> pva <- combo.osteo@reductions$pca@stdev^2/combo.osteo@reductions$pca@misc$total.variance
> ndim <- length(which(pva>=0.001)) #keep all dims that explaim more than 0.1% of variance
> ndim #44
[1] 44
> combo.osteo <- RunUMAP(combo.osteo, dims=1:44)
16:32:11 UMAP embedding parameters a = 0.9922 b = 1.112
16:32:11 Read 26077 rows and found 44 numeric columns
16:32:11 Using Annoy for neighbor search, n_neighbors = 30
16:32:11 Building Annoy index with metric = cosine, n_trees = 50
0%   10   20   30   40   50   60   70   80   90   100%
[----|----|----|----|----|----|----|----|----|----|
**************************************************|
16:32:16 Writing NN index file to temp file /tmp/jobs/65566761/RtmpRhOtsg/fileaaa06e385e5c
16:32:16 Searching Annoy index using 1 thread, search_k = 3000
16:32:25 Annoy recall = 100%
16:32:25 Commencing smooth kNN distance calibration using 1 thread
16:32:27 Initializing from normalized Laplacian + noise
16:32:29 Commencing optimization for 200 epochs, with 1110252 positive edges
0%   10   20   30   40   50   60   70   80   90   100%
[----|----|----|----|----|----|----|----|----|----|
**************************************************|
16:33:02 Optimization finished
> saveRDS(combo.osteo, file=paste0(dir,"/human-chimp-skeletal-scRNA/data/cellranger-data-full/data.merge.l.osteo.rds"))
> rm(combo.osteoblasts)
Warning message:
In rm(combo.osteoblasts) : object 'combo.osteoblasts' not found
> 
> #combine all collections
> combo.total  <- merge(data[[1]], y=c(data[[2]],data[[3]],data[[4]],data[[5]],data[[6]],data[[7]],data[[8]],data[[9]],data[[10]],data[[11]],
+                                      data[[12]],data[[13]],data[[14]],data[[15]],data[[16]],data[[17]],data[[18]],data[[19]],data[[20]],data[[21]]),
+                       add.cell.ids=c("H1C1.I","H1C1.M","H1C1.O","H1C1-r2.I","H1C1-r2.M","H1C1-r2.O","H2C2.I","H2C2.M","H2C2.O","H3C3.I","H3C3.M","H3C3.O",
+                                      "H4C4.I","H4C4.M","H4C4.O","H5C5.I","H5C5.M","H5C5.O","H6C6.I","H6C6.M","H6C6.O"))
> combo.total <- NormalizeData(combo.total, verbose=FALSE)
> combo.total <- FindVariableFeatures(combo.total, selection.method="vst", nfeatures=3000, verbose=FALSE)
> combo.total <- ScaleData(combo.total, verbose=FALSE)
> combo.total <- RunPCA(object=combo.total, npcs=100, verbose=FALSE)
> pva <- combo.total@reductions$pca@stdev^2/combo.total@reductions$pca@misc$total.variance
> ndim <- length(which(pva>=0.001)) #keep all dims that explaim more than 0.1% of variance
> ndim #49
[1] 49
> combo.total <- RunUMAP(combo.total, dims=1:49)
16:42:16 UMAP embedding parameters a = 0.9922 b = 1.112
16:42:16 Read 102180 rows and found 49 numeric columns
16:42:16 Using Annoy for neighbor search, n_neighbors = 30
16:42:16 Building Annoy index with metric = cosine, n_trees = 50
0%   10   20   30   40   50   60   70   80   90   100%
[----|----|----|----|----|----|----|----|----|----|
**************************************************|
16:42:39 Writing NN index file to temp file /tmp/jobs/65566761/RtmpRhOtsg/fileaaa062be8510
16:42:39 Searching Annoy index using 1 thread, search_k = 3000
16:43:25 Annoy recall = 100%
16:43:25 Commencing smooth kNN distance calibration using 1 thread
16:43:31 Initializing from normalized Laplacian + noise
16:43:51 Commencing optimization for 200 epochs, with 4523692 positive edges
0%   10   20   30   40   50   60   70   80   90   100%
[----|----|----|----|----|----|----|----|----|----|
**************************************************|
16:46:15 Optimization finished
> saveRDS(combo.total, file=paste0(dir,"/human-chimp-skeletal-scRNA/data/cellranger-data-full/data.merge.l.rds"))
> rm(combo.total)
> 
> 
> proc.time()
    user   system  elapsed 
2052.553  237.301 2306.627 
