
R version 3.5.1 (2018-07-02) -- "Feather Spray"
Copyright (C) 2018 The R Foundation for Statistical Computing
Platform: x86_64-pc-linux-gnu (64-bit)

R is free software and comes with ABSOLUTELY NO WARRANTY.
You are welcome to redistribute it under certain conditions.
Type 'license()' or 'licence()' for distribution details.

R is a collaborative project with many contributors.
Type 'contributors()' for more information and
'citation()' on how to cite R or R packages in publications.

Type 'demo()' for some demos, 'help()' for on-line help, or
'help.start()' for an HTML browser interface to help.
Type 'q()' to quit R.

> #Load libraries
> library(Seurat)
> library(dplyr)

Attaching package: 'dplyr'

The following objects are masked from 'package:stats':

    filter, lag

The following objects are masked from 'package:base':

    intersect, setdiff, setequal, union

> library(stringi)
> library(stringr)
> library(ggplot2)
> library(colorspace)
> library(RColorBrewer)
> 
> #Define main directory
> dir <- '/project2/gilad/ghousman/skeletal-human-chimp/'
> 
> #Load batch info
> batch <- read.csv(file=paste0(dir,'human-chimp-skeletal-scRNA/data/scrna-batch.csv'), header=TRUE, sep=",")
> 
> #Read in files
> data <- readRDS(paste0(dir,"/human-chimp-skeletal-scRNA/data/cellranger-data-full/data.filterMT.rds"))
> 
> #Separate human and chimp data within each collection into separate objects
> objects <- list()
> idx <- 1
> for (i in 1:length(batch$Sample_Name_at_Core))
+ {
+   obj <- subset(data[[i]], species=='Human')
+   objects[[idx]] <- CreateSeuratObject(obj@assays$RNA@counts, meta.data=obj@meta.data)
+   idx <- idx+1
+   obj <- subset(data[[i]], species=='Chimp')
+   objects[[idx]] <- CreateSeuratObject(obj@assays$RNA@counts, meta.data=obj@meta.data)
+   idx <- idx+1
+ }
> rm(data,obj)
> 
> #Perform SCTransform normalization on each individual and cell type
> for (i in 1:length(objects)) {
+   print(i)
+   objects[[i]] <- NormalizeData(objects[[i]], verbose=FALSE)
+   objects[[i]] <- FindVariableFeatures(objects[[i]], selection.method="vst", nfeatures=3000, verbose=FALSE)
+ }
[1] 1
[1] 2
[1] 3
[1] 4
[1] 5
[1] 6
[1] 7
[1] 8
[1] 9
[1] 10
[1] 11
[1] 12
[1] 13
[1] 14
[1] 15
[1] 16
[1] 17
[1] 18
[1] 19
[1] 20
[1] 21
[1] 22
[1] 23
[1] 24
[1] 25
[1] 26
[1] 27
[1] 28
[1] 29
[1] 30
[1] 31
[1] 32
[1] 33
[1] 34
[1] 35
[1] 36
[1] 37
[1] 38
[1] 39
[1] 40
[1] 41
[1] 42
> 
> #Save data
> saveRDS(objects, file=paste0(dir,"/human-chimp-skeletal-scRNA/data/cellranger-data-full/data.filterMT.indv-cell.log.rds"))
> 
> 
> proc.time()
   user  system elapsed 
488.349  31.201 532.394 
