
R version 3.5.1 (2018-07-02) -- "Feather Spray"
Copyright (C) 2018 The R Foundation for Statistical Computing
Platform: x86_64-pc-linux-gnu (64-bit)

R is free software and comes with ABSOLUTELY NO WARRANTY.
You are welcome to redistribute it under certain conditions.
Type 'license()' or 'licence()' for distribution details.

R is a collaborative project with many contributors.
Type 'contributors()' for more information and
'citation()' on how to cite R or R packages in publications.

Type 'demo()' for some demos, 'help()' for on-line help, or
'help.start()' for an HTML browser interface to help.
Type 'q()' to quit R.

> #Load libraries
> library(Seurat)
> library(dplyr)

Attaching package: 'dplyr'

The following objects are masked from 'package:stats':

    filter, lag

The following objects are masked from 'package:base':

    intersect, setdiff, setequal, union

> library(stringi)
> library(stringr)
> library(ggplot2)
> library(colorspace)
> library(RColorBrewer)
> 
> #Define main directory
> dir <- '/project2/gilad/ghousman/skeletal-human-chimp/'
> 
> #Load batch info
> batch <- read.csv(file=paste0(dir,'human-chimp-skeletal-scRNA/data/scrna-batch.csv'), header=TRUE, sep=",")
> 
> #Load objects
> objects <- readRDS(paste0(dir,"/human-chimp-skeletal-scRNA/data/cellranger-data-full/data.filterMT.indv-cell.log.rds"))
> 
> #Define list subset
> #Select features for downstream integration (keeping at 10000 for now)
> #Identify anchors (used references + RPCA reduction method) #ALL OTHER METHODS CRASH
> #Integrate datasets
> #Reduce dimensionality
> #Save data
> 
> #combine osteoblasts from all samples
> obj.osteo <- list(objects[[5]],objects[[6]],objects[[11]],objects[[12]],objects[[17]],objects[[18]],objects[[23]],objects[[24]],
+                   objects[[29]],objects[[30]],objects[[35]],objects[[36]],objects[[41]],objects[[42]])
> obj.osteo.features <- SelectIntegrationFeatures(object.list=obj.osteo, nfeatures=10000)
> reference_dataset <- c(3:4) #H1C1-r2 differentiated the best
> obj.osteo <- lapply(X=obj.osteo, FUN=function(x) {
+     x <- ScaleData(x, features=obj.osteo.features, verbose=FALSE)
+     x <- RunPCA(x, features=obj.osteo.features, verbose=FALSE)
+ })
> obj.osteo.anchors <- FindIntegrationAnchors(object.list=obj.osteo, normalization.method="LogNormalize", anchor.features=obj.osteo.features,
+                                            reference=reference_dataset, reduction="rpca")
Scaling features for provided objects
Computing within dataset neighborhoods
Finding anchors between all query and reference datasets
Finding neighborhoods
Finding anchors
	Found 1322 anchors
Extracting within-dataset neighbors
Finding neighborhoods
Finding anchors
	Found 674 anchors
Extracting within-dataset neighbors
Finding neighborhoods
Finding anchors
	Found 429 anchors
Extracting within-dataset neighbors
Finding neighborhoods
Finding anchors
	Found 350 anchors
Extracting within-dataset neighbors
Finding neighborhoods
Finding anchors
	Found 442 anchors
Extracting within-dataset neighbors
Finding neighborhoods
Finding anchors
	Found 757 anchors
Extracting within-dataset neighbors
Finding neighborhoods
Finding anchors
	Found 363 anchors
Extracting within-dataset neighbors
Finding neighborhoods
Finding anchors
	Found 469 anchors
Extracting within-dataset neighbors
Finding neighborhoods
Finding anchors
	Found 533 anchors
Extracting within-dataset neighbors
Finding neighborhoods
Finding anchors
	Found 401 anchors
Extracting within-dataset neighbors
Finding neighborhoods
Finding anchors
	Found 255 anchors
Extracting within-dataset neighbors
Finding neighborhoods
Finding anchors
	Found 431 anchors
Extracting within-dataset neighbors
Finding neighborhoods
Finding anchors
	Found 337 anchors
Extracting within-dataset neighbors
Finding neighborhoods
Finding anchors
	Found 669 anchors
Extracting within-dataset neighbors
Finding neighborhoods
Finding anchors
	Found 337 anchors
Extracting within-dataset neighbors
Finding neighborhoods
Finding anchors
	Found 440 anchors
Extracting within-dataset neighbors
Finding neighborhoods
Finding anchors
	Found 812 anchors
Extracting within-dataset neighbors
Finding neighborhoods
Finding anchors
	Found 667 anchors
Extracting within-dataset neighbors
Finding neighborhoods
Finding anchors
	Found 431 anchors
Extracting within-dataset neighbors
Finding neighborhoods
Finding anchors
	Found 391 anchors
Extracting within-dataset neighbors
Finding neighborhoods
Finding anchors
	Found 777 anchors
Extracting within-dataset neighbors
Finding neighborhoods
Finding anchors
	Found 855 anchors
Extracting within-dataset neighbors
Finding neighborhoods
Finding anchors
	Found 432 anchors
Extracting within-dataset neighbors
Finding neighborhoods
Finding anchors
	Found 516 anchors
Extracting within-dataset neighbors
Finding neighborhoods
Finding anchors
	Found 452 anchors
Extracting within-dataset neighbors
Warning message:
In CheckDuplicateCellNames(object.list = object.list) :
  Some cell names are duplicated across objects provided. Renaming to enforce unique cell names.
> int.osteo <- IntegrateData(anchorset=obj.osteo.anchors, normalization.method="LogNormalize")
Building integrated reference
Merging dataset 4 into 3
Extracting anchors for merged samples
Finding integration vectors
Finding integration vector weights
0%   10   20   30   40   50   60   70   80   90   100%
[----|----|----|----|----|----|----|----|----|----|
**************************************************|
Integrating data
Warning: Adding a command log without an assay associated with it
Integrating dataset 1 with reference dataset
Finding integration vectors
Finding integration vector weights
0%   10   20   30   40   50   60   70   80   90   100%
[----|----|----|----|----|----|----|----|----|----|
**************************************************|
Integrating data
Integrating dataset 2 with reference dataset
Finding integration vectors
Finding integration vector weights
0%   10   20   30   40   50   60   70   80   90   100%
[----|----|----|----|----|----|----|----|----|----|
**************************************************|
Integrating data
Integrating dataset 5 with reference dataset
Finding integration vectors
Finding integration vector weights
0%   10   20   30   40   50   60   70   80   90   100%
[----|----|----|----|----|----|----|----|----|----|
**************************************************|
Integrating data
Integrating dataset 6 with reference dataset
Finding integration vectors
Finding integration vector weights
0%   10   20   30   40   50   60   70   80   90   100%
[----|----|----|----|----|----|----|----|----|----|
**************************************************|
Integrating data
Integrating dataset 7 with reference dataset
Finding integration vectors
Finding integration vector weights
0%   10   20   30   40   50   60   70   80   90   100%
[----|----|----|----|----|----|----|----|----|----|
**************************************************|
Integrating data
Integrating dataset 8 with reference dataset
Finding integration vectors
Finding integration vector weights
0%   10   20   30   40   50   60   70   80   90   100%
[----|----|----|----|----|----|----|----|----|----|
**************************************************|
Integrating data
Integrating dataset 9 with reference dataset
Finding integration vectors
Finding integration vector weights
0%   10   20   30   40   50   60   70   80   90   100%
[----|----|----|----|----|----|----|----|----|----|
**************************************************|
Integrating data
Integrating dataset 10 with reference dataset
Finding integration vectors
Finding integration vector weights
0%   10   20   30   40   50   60   70   80   90   100%
[----|----|----|----|----|----|----|----|----|----|
**************************************************|
Integrating data
Integrating dataset 11 with reference dataset
Finding integration vectors
Finding integration vector weights
0%   10   20   30   40   50   60   70   80   90   100%
[----|----|----|----|----|----|----|----|----|----|
**************************************************|
Integrating data
Integrating dataset 12 with reference dataset
Finding integration vectors
Finding integration vector weights
0%   10   20   30   40   50   60   70   80   90   100%
[----|----|----|----|----|----|----|----|----|----|
**************************************************|
Integrating data
Integrating dataset 13 with reference dataset
Finding integration vectors
Finding integration vector weights
0%   10   20   30   40   50   60   70   80   90   100%
[----|----|----|----|----|----|----|----|----|----|
**************************************************|
Integrating data
Integrating dataset 14 with reference dataset
Finding integration vectors
Finding integration vector weights
0%   10   20   30   40   50   60   70   80   90   100%
[----|----|----|----|----|----|----|----|----|----|
**************************************************|
Integrating data
Warning: Adding a command log without an assay associated with it
> int.osteo <- ScaleData(int.osteo, verbose=FALSE, vars.to.regress=c("nCount_RNA","nFeature_RNA","percent.mt"))
> int.osteo <- RunPCA(object=int.osteo, npcs=100, verbose=FALSE)
> pva <- int.osteo@reductions$pca@stdev^2/int.osteo@reductions$pca@misc$total.variance
> ndim <- length(which(pva>=0.001)) #keep all dims that explaim more than 0.1% of variance
> print(ndim)
[1] 15
> int.osteo <- RunUMAP(int.osteo, dims=1:ndim)
Warning: The default method for RunUMAP has changed from calling Python UMAP via reticulate to the R-native UWOT using the cosine metric
To use Python UMAP via reticulate, set umap.method to 'umap-learn' and metric to 'correlation'
This message will be shown once per session
00:17:42 UMAP embedding parameters a = 0.9922 b = 1.112
00:17:42 Read 20746 rows and found 15 numeric columns
00:17:42 Using Annoy for neighbor search, n_neighbors = 30
00:17:42 Building Annoy index with metric = cosine, n_trees = 50
0%   10   20   30   40   50   60   70   80   90   100%
[----|----|----|----|----|----|----|----|----|----|
**************************************************|
00:17:46 Writing NN index file to temp file /tmp/jobs/658293/RtmpYue3q5/file86c63aa154b0
00:17:46 Searching Annoy index using 1 thread, search_k = 3000
00:17:56 Annoy recall = 100%
00:17:57 Commencing smooth kNN distance calibration using 1 thread
00:17:58 Initializing from normalized Laplacian + noise
00:17:59 Commencing optimization for 200 epochs, with 870888 positive edges
0%   10   20   30   40   50   60   70   80   90   100%
[----|----|----|----|----|----|----|----|----|----|
**************************************************|
00:18:26 Optimization finished
> saveRDS(int.osteo, file=paste0(dir,"/human-chimp-skeletal-scRNA/data/cellranger-data-full/data.filterMT.regMT.indv-cell.log.10k.int.osteo.rds"))
> rm(obj.osteo,int.osteo)
> 
> 
> proc.time()
     user    system   elapsed 
14716.074   292.058 15026.313 
