
R version 3.5.1 (2018-07-02) -- "Feather Spray"
Copyright (C) 2018 The R Foundation for Statistical Computing
Platform: x86_64-pc-linux-gnu (64-bit)

R is free software and comes with ABSOLUTELY NO WARRANTY.
You are welcome to redistribute it under certain conditions.
Type 'license()' or 'licence()' for distribution details.

R is a collaborative project with many contributors.
Type 'contributors()' for more information and
'citation()' on how to cite R or R packages in publications.

Type 'demo()' for some demos, 'help()' for on-line help, or
'help.start()' for an HTML browser interface to help.
Type 'q()' to quit R.

> #Load libraries
> library(Seurat)
> library(dplyr)

Attaching package: 'dplyr'

The following objects are masked from 'package:stats':

    filter, lag

The following objects are masked from 'package:base':

    intersect, setdiff, setequal, union

> library(stringi)
> library(stringr)
> library(ggplot2)
> library(colorspace)
> library(RColorBrewer)
> 
> #Define main directory
> dir <- '/project2/gilad/ghousman/skeletal-human-chimp/'
> 
> #Load batch info
> batch <- read.csv(file=paste0(dir,'human-chimp-skeletal-scRNA/data/scrna-batch.csv'), header=TRUE, sep=",")
> 
> #Load objects
> objects <- readRDS(paste0(dir,"/human-chimp-skeletal-scRNA/data/cellranger-data-full/data.pair-cell.sct.rds"))
> 
> #Define list subset
> #Select features for downstream integration (keeping at 1000 for now)
> #Calculate all necessary Pearson residuals
> #Identify anchors (used references + RPCA reduction method) #ALL OTHER METHODS CRASH
> #Integrate datasets
> #Reduce dimensionality
> #Save data
> 
> #combine ipscs from all samples
> obj.ipsc  <- list(objects[[1]],objects[[4]],objects[[7]],objects[[10]],objects[[13]],objects[[16]],objects[[19]])
> obj.ipsc.features <- SelectIntegrationFeatures(object.list=obj.ipsc, nfeatures=1000)
> obj.ipsc <- PrepSCTIntegration(object.list=obj.ipsc, anchor.features=obj.ipsc.features)
> reference_dataset <- 2 #H1C1-r2 differentiated the best
> obj.ipsc <- lapply(X=obj.ipsc, FUN=RunPCA, verbose=FALSE, features=obj.ipsc.features)
> obj.ipsc.anchors <- FindIntegrationAnchors(object.list=obj.ipsc, normalization.method="SCT", anchor.features=obj.ipsc.features,
+                                            reference=reference_dataset, reduction="rpca")
Computing within dataset neighborhoods
Finding anchors between all query and reference datasets
Finding neighborhoods
Finding anchors
	Found 4485 anchors
Extracting within-dataset neighbors
Finding neighborhoods
Finding anchors
	Found 1923 anchors
Extracting within-dataset neighbors
Finding neighborhoods
Finding anchors
	Found 3138 anchors
Extracting within-dataset neighbors
Finding neighborhoods
Finding anchors
	Found 2307 anchors
Extracting within-dataset neighbors
Finding neighborhoods
Finding anchors
	Found 3565 anchors
Extracting within-dataset neighbors
Finding neighborhoods
Finding anchors
	Found 2923 anchors
Extracting within-dataset neighbors
Warning message:
In CheckDuplicateCellNames(object.list = object.list) :
  Some cell names are duplicated across objects provided. Renaming to enforce unique cell names.
> int.ipsc <- IntegrateData(anchorset=obj.ipsc.anchors, normalization.method="SCT")
Integrating dataset 1 with reference dataset
Finding integration vectors
Finding integration vector weights
0%   10   20   30   40   50   60   70   80   90   100%
[----|----|----|----|----|----|----|----|----|----|
**************************************************|
Integrating data
Integrating dataset 3 with reference dataset
Finding integration vectors
Finding integration vector weights
0%   10   20   30   40   50   60   70   80   90   100%
[----|----|----|----|----|----|----|----|----|----|
**************************************************|
Integrating data
Integrating dataset 4 with reference dataset
Finding integration vectors
Finding integration vector weights
0%   10   20   30   40   50   60   70   80   90   100%
[----|----|----|----|----|----|----|----|----|----|
**************************************************|
Integrating data
Integrating dataset 5 with reference dataset
Finding integration vectors
Finding integration vector weights
0%   10   20   30   40   50   60   70   80   90   100%
[----|----|----|----|----|----|----|----|----|----|
**************************************************|
Integrating data
Integrating dataset 6 with reference dataset
Finding integration vectors
Finding integration vector weights
0%   10   20   30   40   50   60   70   80   90   100%
[----|----|----|----|----|----|----|----|----|----|
**************************************************|
Integrating data
Integrating dataset 7 with reference dataset
Finding integration vectors
Finding integration vector weights
0%   10   20   30   40   50   60   70   80   90   100%
[----|----|----|----|----|----|----|----|----|----|
**************************************************|
Integrating data
Warning: Adding a command log without an assay associated with it
> int.ipsc <- RunPCA(object=int.ipsc, npcs=100, verbose=FALSE)
> pva <- int.ipsc@reductions$pca@stdev^2/int.ipsc@reductions$pca@misc$total.variance
> ndim <- length(which(pva>=0.001)) #keep all dims that explaim more than 0.1% of variance
> print(ndim)
[1] 100
> int.ipsc <- RunUMAP(int.ipsc, dims=1:100)
Warning: The default method for RunUMAP has changed from calling Python UMAP via reticulate to the R-native UWOT using the cosine metric
To use Python UMAP via reticulate, set umap.method to 'umap-learn' and metric to 'correlation'
This message will be shown once per session
13:23:09 UMAP embedding parameters a = 0.9922 b = 1.112
13:23:09 Read 37509 rows and found 100 numeric columns
13:23:09 Using Annoy for neighbor search, n_neighbors = 30
13:23:09 Building Annoy index with metric = cosine, n_trees = 50
0%   10   20   30   40   50   60   70   80   90   100%
[----|----|----|----|----|----|----|----|----|----|
**************************************************|
13:23:19 Writing NN index file to temp file /tmp/jobs/65526813/RtmpToaawe/filec954460bd6b3
13:23:19 Searching Annoy index using 1 thread, search_k = 3000
13:23:40 Annoy recall = 100%
13:23:41 Commencing smooth kNN distance calibration using 1 thread
13:23:43 Initializing from normalized Laplacian + noise
13:23:45 Commencing optimization for 200 epochs, with 1841794 positive edges
0%   10   20   30   40   50   60   70   80   90   100%
[----|----|----|----|----|----|----|----|----|----|
**************************************************|
13:24:40 Optimization finished
> saveRDS(int.ipsc, file=paste0(dir,"/human-chimp-skeletal-scRNA/data/cellranger-data-full/data.pair-cell.sct.int.ipsc.rds"))
> rm(obj.ipsc,int.ipsc)
> 
> #combine mscs from all samples
> obj.msc   <- list(objects[[2]],objects[[5]],objects[[8]],objects[[11]],objects[[14]],objects[[17]],objects[[20]])
> obj.msc.features <- SelectIntegrationFeatures(object.list=obj.msc, nfeatures=1000)
> obj.msc <- PrepSCTIntegration(object.list=obj.msc, anchor.features=obj.msc.features)
> reference_dataset <- 2 #H1C1-r2 differentiated the best
> obj.msc <- lapply(X=obj.msc, FUN=RunPCA, verbose=FALSE, features=obj.msc.features)
> obj.msc.anchors <- FindIntegrationAnchors(object.list=obj.msc, normalization.method="SCT", anchor.features=obj.msc.features,
+                                            reference=reference_dataset, reduction="rpca")
Computing within dataset neighborhoods
Finding anchors between all query and reference datasets
Finding neighborhoods
Finding anchors
	Found 4334 anchors
Extracting within-dataset neighbors
Finding neighborhoods
Finding anchors
	Found 4892 anchors
Extracting within-dataset neighbors
Finding neighborhoods
Finding anchors
	Found 3189 anchors
Extracting within-dataset neighbors
Finding neighborhoods
Finding anchors
	Found 3973 anchors
Extracting within-dataset neighbors
Finding neighborhoods
Finding anchors
	Found 3194 anchors
Extracting within-dataset neighbors
Finding neighborhoods
Finding anchors
	Found 3242 anchors
Extracting within-dataset neighbors
Warning message:
In CheckDuplicateCellNames(object.list = object.list) :
  Some cell names are duplicated across objects provided. Renaming to enforce unique cell names.
> int.msc <- IntegrateData(anchorset=obj.msc.anchors, normalization.method="SCT")
Integrating dataset 1 with reference dataset
Finding integration vectors
Finding integration vector weights
0%   10   20   30   40   50   60   70   80   90   100%
[----|----|----|----|----|----|----|----|----|----|
**************************************************|
Integrating data
Integrating dataset 3 with reference dataset
Finding integration vectors
Finding integration vector weights
0%   10   20   30   40   50   60   70   80   90   100%
[----|----|----|----|----|----|----|----|----|----|
**************************************************|
Integrating data
Integrating dataset 4 with reference dataset
Finding integration vectors
Finding integration vector weights
0%   10   20   30   40   50   60   70   80   90   100%
[----|----|----|----|----|----|----|----|----|----|
**************************************************|
Integrating data
Integrating dataset 5 with reference dataset
Finding integration vectors
Finding integration vector weights
0%   10   20   30   40   50   60   70   80   90   100%
[----|----|----|----|----|----|----|----|----|----|
**************************************************|
Integrating data
Integrating dataset 6 with reference dataset
Finding integration vectors
Finding integration vector weights
0%   10   20   30   40   50   60   70   80   90   100%
[----|----|----|----|----|----|----|----|----|----|
**************************************************|
Integrating data
Integrating dataset 7 with reference dataset
Finding integration vectors
Finding integration vector weights
0%   10   20   30   40   50   60   70   80   90   100%
[----|----|----|----|----|----|----|----|----|----|
**************************************************|
Integrating data
Warning: Adding a command log without an assay associated with it
> int.msc <- RunPCA(object=int.msc, npcs=100, verbose=FALSE)
> pva <- int.msc@reductions$pca@stdev^2/int.msc@reductions$pca@misc$total.variance
> ndim <- length(which(pva>=0.001)) #keep all dims that explaim more than 0.1% of variance
> print(ndim)
[1] 100
> int.msc <- RunUMAP(int.msc, dims=1:100)
13:39:01 UMAP embedding parameters a = 0.9922 b = 1.112
13:39:01 Read 38594 rows and found 100 numeric columns
13:39:01 Using Annoy for neighbor search, n_neighbors = 30
13:39:01 Building Annoy index with metric = cosine, n_trees = 50
0%   10   20   30   40   50   60   70   80   90   100%
[----|----|----|----|----|----|----|----|----|----|
**************************************************|
13:39:11 Writing NN index file to temp file /tmp/jobs/65526813/RtmpToaawe/filec954272a2179
13:39:11 Searching Annoy index using 1 thread, search_k = 3000
13:39:30 Annoy recall = 100%
13:39:31 Commencing smooth kNN distance calibration using 1 thread
13:39:33 Initializing from normalized Laplacian + noise
13:39:34 Commencing optimization for 200 epochs, with 1855540 positive edges
0%   10   20   30   40   50   60   70   80   90   100%
[----|----|----|----|----|----|----|----|----|----|
**************************************************|
13:40:26 Optimization finished
> saveRDS(int.msc, file=paste0(dir,"/human-chimp-skeletal-scRNA/data/cellranger-data-full/data.pair-cell.sct.int.msc.rds"))
> rm(obj.msc,int.msc)
> 
> #combine osteoblasts from all samples
> obj.osteo  <- list(objects[[3]],objects[[6]],objects[[9]],objects[[12]],objects[[15]],objects[[18]],objects[[21]])
> obj.osteo.features <- SelectIntegrationFeatures(object.list=obj.osteo, nfeatures=1000)
> obj.osteo <- PrepSCTIntegration(object.list=obj.osteo, anchor.features=obj.osteo.features)
> reference_dataset <- 2 #H1C1-r2 differentiated the best
> obj.osteo <- lapply(X=obj.osteo, FUN=RunPCA, verbose=FALSE, features=obj.osteo.features)
> obj.osteo.anchors <- FindIntegrationAnchors(object.list=obj.osteo, normalization.method="SCT", anchor.features=obj.osteo.features,
+                                            reference=reference_dataset, reduction="rpca")
Computing within dataset neighborhoods
Finding anchors between all query and reference datasets
Finding neighborhoods
Finding anchors
	Found 2616 anchors
Extracting within-dataset neighbors
Finding neighborhoods
Finding anchors
	Found 2457 anchors
Extracting within-dataset neighbors
Finding neighborhoods
Finding anchors
	Found 1058 anchors
Extracting within-dataset neighbors
Finding neighborhoods
Finding anchors
	Found 2443 anchors
Extracting within-dataset neighbors
Finding neighborhoods
Finding anchors
	Found 2646 anchors
Extracting within-dataset neighbors
Finding neighborhoods
Finding anchors
	Found 2296 anchors
Extracting within-dataset neighbors
Warning message:
In CheckDuplicateCellNames(object.list = object.list) :
  Some cell names are duplicated across objects provided. Renaming to enforce unique cell names.
> int.osteo <- IntegrateData(anchorset=obj.osteo.anchors, normalization.method="SCT")
Integrating dataset 1 with reference dataset
Finding integration vectors
Finding integration vector weights
0%   10   20   30   40   50   60   70   80   90   100%
[----|----|----|----|----|----|----|----|----|----|
**************************************************|
Integrating data
Integrating dataset 3 with reference dataset
Finding integration vectors
Finding integration vector weights
0%   10   20   30   40   50   60   70   80   90   100%
[----|----|----|----|----|----|----|----|----|----|
**************************************************|
Integrating data
Integrating dataset 4 with reference dataset
Finding integration vectors
Finding integration vector weights
0%   10   20   30   40   50   60   70   80   90   100%
[----|----|----|----|----|----|----|----|----|----|
**************************************************|
Integrating data
Integrating dataset 5 with reference dataset
Finding integration vectors
Finding integration vector weights
0%   10   20   30   40   50   60   70   80   90   100%
[----|----|----|----|----|----|----|----|----|----|
**************************************************|
Integrating data
Integrating dataset 6 with reference dataset
Finding integration vectors
Finding integration vector weights
0%   10   20   30   40   50   60   70   80   90   100%
[----|----|----|----|----|----|----|----|----|----|
**************************************************|
Integrating data
Integrating dataset 7 with reference dataset
Finding integration vectors
Finding integration vector weights
0%   10   20   30   40   50   60   70   80   90   100%
[----|----|----|----|----|----|----|----|----|----|
**************************************************|
Integrating data
Warning: Adding a command log without an assay associated with it
> int.osteo <- RunPCA(object=int.osteo, npcs=100, verbose=FALSE)
> pva <- int.osteo@reductions$pca@stdev^2/int.osteo@reductions$pca@misc$total.variance
> ndim <- length(which(pva>=0.001)) #keep all dims that explaim more than 0.1% of variance
> print(ndim)
[1] 100
> int.osteo <- RunUMAP(int.osteo, dims=1:100)
13:50:38 UMAP embedding parameters a = 0.9922 b = 1.112
13:50:38 Read 26077 rows and found 100 numeric columns
13:50:38 Using Annoy for neighbor search, n_neighbors = 30
13:50:38 Building Annoy index with metric = cosine, n_trees = 50
0%   10   20   30   40   50   60   70   80   90   100%
[----|----|----|----|----|----|----|----|----|----|
**************************************************|
13:50:44 Writing NN index file to temp file /tmp/jobs/65526813/RtmpToaawe/filec95466337859
13:50:44 Searching Annoy index using 1 thread, search_k = 3000
13:50:55 Annoy recall = 100%
13:50:56 Commencing smooth kNN distance calibration using 1 thread
13:50:57 Initializing from normalized Laplacian + noise
13:50:58 Commencing optimization for 200 epochs, with 1222150 positive edges
0%   10   20   30   40   50   60   70   80   90   100%
[----|----|----|----|----|----|----|----|----|----|
**************************************************|
13:51:30 Optimization finished
> saveRDS(int.osteo, file=paste0(dir,"/human-chimp-skeletal-scRNA/data/cellranger-data-full/data.pair-cell.sct.int.osteo.rds"))
> rm(obj.osteo,int.osteo)
> 
> 
> proc.time()
    user   system  elapsed 
2093.824  334.899 2439.454 
