
R version 3.5.1 (2018-07-02) -- "Feather Spray"
Copyright (C) 2018 The R Foundation for Statistical Computing
Platform: x86_64-pc-linux-gnu (64-bit)

R is free software and comes with ABSOLUTELY NO WARRANTY.
You are welcome to redistribute it under certain conditions.
Type 'license()' or 'licence()' for distribution details.

R is a collaborative project with many contributors.
Type 'contributors()' for more information and
'citation()' on how to cite R or R packages in publications.

Type 'demo()' for some demos, 'help()' for on-line help, or
'help.start()' for an HTML browser interface to help.
Type 'q()' to quit R.

> #Load libraries
> library(Seurat)
> library(dplyr)

Attaching package: 'dplyr'

The following objects are masked from 'package:stats':

    filter, lag

The following objects are masked from 'package:base':

    intersect, setdiff, setequal, union

> library(stringi)
> library(stringr)
> library(ggplot2)
> library(colorspace)
> library(RColorBrewer)
> 
> #Define main directory
> dir <- '/project2/gilad/ghousman/skeletal-human-chimp/'
> 
> #Load batch info
> batch <- read.csv(file=paste0(dir,'human-chimp-skeletal-scRNA/data/scrna-batch.csv'), header=TRUE, sep=",")
> 
> #Load objects
> objects <- readRDS(paste0(dir,"/human-chimp-skeletal-scRNA/data/cellranger-data-full/data.filter.indv.log.rds"))
> 
> #Select features for downstream integration (keeping at 1000 for now)
> #Identify anchors (used references + RPCA reduction method) #ALL OTHER METHODS CRASH
> objects.features <- SelectIntegrationFeatures(object.list=objects, nfeatures=1000)
> reference_dataset <- c(2,9) #make H1-r2 and C1-r2 the references
> objects <- lapply(X=objects, FUN=function(x) {
+     x <- ScaleData(x, features=objects.features, verbose=FALSE)
+     x <- RunPCA(x, features=objects.features, verbose=FALSE)
+ })
> objects.anchors <- FindIntegrationAnchors(object.list=objects, normalization.method="LogNormalize", anchor.features=objects.features,
+                                           reference=reference_dataset, reduction="rpca")
Scaling features for provided objects
Computing within dataset neighborhoods
Finding anchors between all query and reference datasets
Finding neighborhoods
Finding anchors
	Found 4061 anchors
Extracting within-dataset neighbors
Finding neighborhoods
Finding anchors
	Found 3221 anchors
Extracting within-dataset neighbors
Finding neighborhoods
Finding anchors
	Found 2175 anchors
Extracting within-dataset neighbors
Finding neighborhoods
Finding anchors
	Found 2601 anchors
Extracting within-dataset neighbors
Finding neighborhoods
Finding anchors
	Found 2361 anchors
Extracting within-dataset neighbors
Finding neighborhoods
Finding anchors
	Found 3143 anchors
Extracting within-dataset neighbors
Finding neighborhoods
Finding anchors
	Found 2192 anchors
Extracting within-dataset neighbors
Finding neighborhoods
Finding anchors
	Found 1359 anchors
Extracting within-dataset neighbors
Finding neighborhoods
Finding anchors
	Found 1591 anchors
Extracting within-dataset neighbors
Finding neighborhoods
Finding anchors
	Found 1376 anchors
Extracting within-dataset neighbors
Finding neighborhoods
Finding anchors
	Found 1027 anchors
Extracting within-dataset neighbors
Finding neighborhoods
Finding anchors
	Found 1112 anchors
Extracting within-dataset neighbors
Finding neighborhoods
Finding anchors
	Found 1671 anchors
Extracting within-dataset neighbors
Finding neighborhoods
Finding anchors
	Found 1245 anchors
Extracting within-dataset neighbors
Finding neighborhoods
Finding anchors
	Found 1612 anchors
Extracting within-dataset neighbors
Finding neighborhoods
Finding anchors
	Found 1572 anchors
Extracting within-dataset neighbors
Finding neighborhoods
Finding anchors
	Found 2535 anchors
Extracting within-dataset neighbors
Finding neighborhoods
Finding anchors
	Found 2044 anchors
Extracting within-dataset neighbors
Finding neighborhoods
Finding anchors
	Found 1656 anchors
Extracting within-dataset neighbors
Finding neighborhoods
Finding anchors
	Found 1658 anchors
Extracting within-dataset neighbors
Finding neighborhoods
Finding anchors
	Found 3093 anchors
Extracting within-dataset neighbors
Finding neighborhoods
Finding anchors
	Found 1745 anchors
Extracting within-dataset neighbors
Finding neighborhoods
Finding anchors
	Found 3328 anchors
Extracting within-dataset neighbors
Finding neighborhoods
Finding anchors
	Found 1764 anchors
Extracting within-dataset neighbors
Finding neighborhoods
Finding anchors
	Found 1793 anchors
Extracting within-dataset neighbors
> 
> #Integrate datasets
> integrate <- IntegrateData(anchorset=objects.anchors, normalization.method="LogNormalize")
Building integrated reference
Merging dataset 9 into 2
Extracting anchors for merged samples
Finding integration vectors
Finding integration vector weights
0%   10   20   30   40   50   60   70   80   90   100%
[----|----|----|----|----|----|----|----|----|----|
**************************************************|
Integrating data
Warning: Adding a command log without an assay associated with it
Integrating dataset 1 with reference dataset
Finding integration vectors
Finding integration vector weights
0%   10   20   30   40   50   60   70   80   90   100%
[----|----|----|----|----|----|----|----|----|----|
**************************************************|
Integrating data
Integrating dataset 3 with reference dataset
Finding integration vectors
Finding integration vector weights
0%   10   20   30   40   50   60   70   80   90   100%
[----|----|----|----|----|----|----|----|----|----|
**************************************************|
Integrating data
Integrating dataset 4 with reference dataset
Finding integration vectors
Finding integration vector weights
0%   10   20   30   40   50   60   70   80   90   100%
[----|----|----|----|----|----|----|----|----|----|
**************************************************|
Integrating data
Integrating dataset 5 with reference dataset
Finding integration vectors
Finding integration vector weights
0%   10   20   30   40   50   60   70   80   90   100%
[----|----|----|----|----|----|----|----|----|----|
**************************************************|
Integrating data
Integrating dataset 6 with reference dataset
Finding integration vectors
Finding integration vector weights
0%   10   20   30   40   50   60   70   80   90   100%
[----|----|----|----|----|----|----|----|----|----|
**************************************************|
Integrating data
Integrating dataset 7 with reference dataset
Finding integration vectors
Finding integration vector weights
0%   10   20   30   40   50   60   70   80   90   100%
[----|----|----|----|----|----|----|----|----|----|
**************************************************|
Integrating data
Integrating dataset 8 with reference dataset
Finding integration vectors
Finding integration vector weights
0%   10   20   30   40   50   60   70   80   90   100%
[----|----|----|----|----|----|----|----|----|----|
**************************************************|
Integrating data
Integrating dataset 10 with reference dataset
Finding integration vectors
Finding integration vector weights
0%   10   20   30   40   50   60   70   80   90   100%
[----|----|----|----|----|----|----|----|----|----|
**************************************************|
Integrating data
Integrating dataset 11 with reference dataset
Finding integration vectors
Finding integration vector weights
0%   10   20   30   40   50   60   70   80   90   100%
[----|----|----|----|----|----|----|----|----|----|
**************************************************|
Integrating data
Integrating dataset 12 with reference dataset
Finding integration vectors
Finding integration vector weights
0%   10   20   30   40   50   60   70   80   90   100%
[----|----|----|----|----|----|----|----|----|----|
**************************************************|
Integrating data
Integrating dataset 13 with reference dataset
Finding integration vectors
Finding integration vector weights
0%   10   20   30   40   50   60   70   80   90   100%
[----|----|----|----|----|----|----|----|----|----|
**************************************************|
Integrating data
Integrating dataset 14 with reference dataset
Finding integration vectors
Finding integration vector weights
0%   10   20   30   40   50   60   70   80   90   100%
[----|----|----|----|----|----|----|----|----|----|
**************************************************|
Integrating data
Warning: Adding a command log without an assay associated with it
> integrate <- ScaleData(integrate, verbose=FALSE, vars.to.regress=c("nCount_RNA","nFeature_RNA"))
> 
> #Reduce dimensionality
> integrate <- RunPCA(object=integrate, npcs=100, verbose=FALSE)
> pva <- integrate@reductions$pca@stdev^2/integrate@reductions$pca@misc$total.variance
> ndim <- length(which(pva>=0.001)) #keep all dims that explaim more than 0.1% of variance
> print(ndim)
[1] 100
> integrate <- RunUMAP(integrate, dims=1:100)
Warning: The default method for RunUMAP has changed from calling Python UMAP via reticulate to the R-native UWOT using the cosine metric
To use Python UMAP via reticulate, set umap.method to 'umap-learn' and metric to 'correlation'
This message will be shown once per session
15:48:24 UMAP embedding parameters a = 0.9922 b = 1.112
15:48:25 Read 95939 rows and found 100 numeric columns
15:48:25 Using Annoy for neighbor search, n_neighbors = 30
15:48:25 Building Annoy index with metric = cosine, n_trees = 50
0%   10   20   30   40   50   60   70   80   90   100%
[----|----|----|----|----|----|----|----|----|----|
**************************************************|
15:48:50 Writing NN index file to temp file /tmp/jobs/620020/Rtmp5ouYQl/filed9fd7a5d2f5c
15:48:50 Searching Annoy index using 1 thread, search_k = 3000
15:49:50 Annoy recall = 100%
15:49:50 Commencing smooth kNN distance calibration using 1 thread
15:49:55 Initializing from normalized Laplacian + noise
15:50:03 Commencing optimization for 200 epochs, with 4947816 positive edges
0%   10   20   30   40   50   60   70   80   90   100%
[----|----|----|----|----|----|----|----|----|----|
**************************************************|
15:52:18 Optimization finished
> 
> #Save data
> saveRDS(integrate, file=paste0(dir,"/human-chimp-skeletal-scRNA/data/cellranger-data-full/data.filter.reg.indv.log.int.rds"))
> rm(objects,integrate)
> 
> 
> proc.time()
    user   system  elapsed 
2332.064  201.706 2537.728 
