
R version 3.5.1 (2018-07-02) -- "Feather Spray"
Copyright (C) 2018 The R Foundation for Statistical Computing
Platform: x86_64-pc-linux-gnu (64-bit)

R is free software and comes with ABSOLUTELY NO WARRANTY.
You are welcome to redistribute it under certain conditions.
Type 'license()' or 'licence()' for distribution details.

R is a collaborative project with many contributors.
Type 'contributors()' for more information and
'citation()' on how to cite R or R packages in publications.

Type 'demo()' for some demos, 'help()' for on-line help, or
'help.start()' for an HTML browser interface to help.
Type 'q()' to quit R.

> #Load libraries
> library(Seurat)
> library(dplyr)

Attaching package: 'dplyr'

The following objects are masked from 'package:stats':

    filter, lag

The following objects are masked from 'package:base':

    intersect, setdiff, setequal, union

> library(stringi)
> library(stringr)
> library(ggplot2)
> library(colorspace)
> library(RColorBrewer)
> 
> #Define main directory
> dir <- '/project2/gilad/ghousman/skeletal-human-chimp/'
> 
> #Load batch info
> batch <- read.csv(file=paste0(dir,'human-chimp-skeletal-scRNA/data/scrna-batch.csv'), header=TRUE, sep=",")
> 
> #Load objects
> objects <- readRDS(paste0(dir,"/human-chimp-skeletal-scRNA/data/cellranger-data-full/data.indv-cell.log.rds"))
> 
> #Define list subset
> #Select features for downstream integration (keeping at 1000 for now)
> #Identify anchors (used references + RPCA reduction method) #ALL OTHER METHODS CRASH
> #Integrate datasets
> #Reduce dimensionality
> #Save data
> 
> #combine ipscs from all samples
> obj.ipsc  <- list(objects[[1]],objects[[2]],objects[[7]],objects[[8]],objects[[13]],objects[[14]],objects[[19]],objects[[20]],
+                   objects[[25]],objects[[26]],objects[[31]],objects[[32]],objects[[37]],objects[[38]])
> obj.ipsc.features <- SelectIntegrationFeatures(object.list=obj.ipsc, nfeatures=1000)
> reference_dataset <- c(3:4) #H1C1-r2 differentiated the best
> obj.ipsc <- lapply(X=obj.ipsc, FUN=function(x) {
+     x <- ScaleData(x, features=obj.ipsc.features, verbose=FALSE)
+     x <- RunPCA(x, features=obj.ipsc.features, verbose=FALSE)
+ })
> obj.ipsc.anchors <- FindIntegrationAnchors(object.list=obj.ipsc, normalization.method="LogNormalize", anchor.features=obj.ipsc.features,
+                                            reference=reference_dataset, reduction="rpca")
Scaling features for provided objects
Computing within dataset neighborhoods
Finding anchors between all query and reference datasets
Finding neighborhoods
Finding anchors
	Found 799 anchors
Extracting within-dataset neighbors
Finding neighborhoods
Finding anchors
	Found 414 anchors
Extracting within-dataset neighbors
Finding neighborhoods
Finding anchors
	Found 455 anchors
Extracting within-dataset neighbors
Finding neighborhoods
Finding anchors
	Found 525 anchors
Extracting within-dataset neighbors
Finding neighborhoods
Finding anchors
	Found 565 anchors
Extracting within-dataset neighbors
Finding neighborhoods
Finding anchors
	Found 537 anchors
Extracting within-dataset neighbors
Finding neighborhoods
Finding anchors
	Found 423 anchors
Extracting within-dataset neighbors
Finding neighborhoods
Finding anchors
	Found 395 anchors
Extracting within-dataset neighbors
Finding neighborhoods
Finding anchors
	Found 337 anchors
Extracting within-dataset neighbors
Finding neighborhoods
Finding anchors
	Found 676 anchors
Extracting within-dataset neighbors
Finding neighborhoods
Finding anchors
	Found 442 anchors
Extracting within-dataset neighbors
Finding neighborhoods
Finding anchors
	Found 549 anchors
Extracting within-dataset neighbors
Finding neighborhoods
Finding anchors
	Found 517 anchors
Extracting within-dataset neighbors
Finding neighborhoods
Finding anchors
	Found 537 anchors
Extracting within-dataset neighbors
Finding neighborhoods
Finding anchors
	Found 375 anchors
Extracting within-dataset neighbors
Finding neighborhoods
Finding anchors
	Found 502 anchors
Extracting within-dataset neighbors
Finding neighborhoods
Finding anchors
	Found 447 anchors
Extracting within-dataset neighbors
Finding neighborhoods
Finding anchors
	Found 639 anchors
Extracting within-dataset neighbors
Finding neighborhoods
Finding anchors
	Found 405 anchors
Extracting within-dataset neighbors
Finding neighborhoods
Finding anchors
	Found 495 anchors
Extracting within-dataset neighbors
Finding neighborhoods
Finding anchors
	Found 564 anchors
Extracting within-dataset neighbors
Finding neighborhoods
Finding anchors
	Found 624 anchors
Extracting within-dataset neighbors
Finding neighborhoods
Finding anchors
	Found 387 anchors
Extracting within-dataset neighbors
Finding neighborhoods
Finding anchors
	Found 560 anchors
Extracting within-dataset neighbors
Finding neighborhoods
Finding anchors
	Found 536 anchors
Extracting within-dataset neighbors
Warning message:
In CheckDuplicateCellNames(object.list = object.list) :
  Some cell names are duplicated across objects provided. Renaming to enforce unique cell names.
> int.ipsc <- IntegrateData(anchorset=obj.ipsc.anchors, normalization.method="LogNormalize")
Building integrated reference
Merging dataset 4 into 3
Extracting anchors for merged samples
Finding integration vectors
Finding integration vector weights
0%   10   20   30   40   50   60   70   80   90   100%
[----|----|----|----|----|----|----|----|----|----|
**************************************************|
Integrating data
Warning: Adding a command log without an assay associated with it
Integrating dataset 1 with reference dataset
Finding integration vectors
Finding integration vector weights
0%   10   20   30   40   50   60   70   80   90   100%
[----|----|----|----|----|----|----|----|----|----|
**************************************************|
Integrating data
Integrating dataset 2 with reference dataset
Finding integration vectors
Finding integration vector weights
0%   10   20   30   40   50   60   70   80   90   100%
[----|----|----|----|----|----|----|----|----|----|
**************************************************|
Integrating data
Integrating dataset 5 with reference dataset
Finding integration vectors
Finding integration vector weights
0%   10   20   30   40   50   60   70   80   90   100%
[----|----|----|----|----|----|----|----|----|----|
**************************************************|
Integrating data
Integrating dataset 6 with reference dataset
Finding integration vectors
Finding integration vector weights
0%   10   20   30   40   50   60   70   80   90   100%
[----|----|----|----|----|----|----|----|----|----|
**************************************************|
Integrating data
Integrating dataset 7 with reference dataset
Finding integration vectors
Finding integration vector weights
0%   10   20   30   40   50   60   70   80   90   100%
[----|----|----|----|----|----|----|----|----|----|
**************************************************|
Integrating data
Integrating dataset 8 with reference dataset
Finding integration vectors
Finding integration vector weights
0%   10   20   30   40   50   60   70   80   90   100%
[----|----|----|----|----|----|----|----|----|----|
**************************************************|
Integrating data
Integrating dataset 9 with reference dataset
Finding integration vectors
Finding integration vector weights
0%   10   20   30   40   50   60   70   80   90   100%
[----|----|----|----|----|----|----|----|----|----|
**************************************************|
Integrating data
Integrating dataset 10 with reference dataset
Finding integration vectors
Finding integration vector weights
0%   10   20   30   40   50   60   70   80   90   100%
[----|----|----|----|----|----|----|----|----|----|
**************************************************|
Integrating data
Integrating dataset 11 with reference dataset
Finding integration vectors
Finding integration vector weights
0%   10   20   30   40   50   60   70   80   90   100%
[----|----|----|----|----|----|----|----|----|----|
**************************************************|
Integrating data
Integrating dataset 12 with reference dataset
Finding integration vectors
Finding integration vector weights
0%   10   20   30   40   50   60   70   80   90   100%
[----|----|----|----|----|----|----|----|----|----|
**************************************************|
Integrating data
Integrating dataset 13 with reference dataset
Finding integration vectors
Finding integration vector weights
0%   10   20   30   40   50   60   70   80   90   100%
[----|----|----|----|----|----|----|----|----|----|
**************************************************|
Integrating data
Integrating dataset 14 with reference dataset
Finding integration vectors
Finding integration vector weights
0%   10   20   30   40   50   60   70   80   90   100%
[----|----|----|----|----|----|----|----|----|----|
**************************************************|
Integrating data
Warning: Adding a command log without an assay associated with it
> int.ipsc <- ScaleData(int.ipsc, verbose=FALSE)
> int.ipsc <- RunPCA(object=int.ipsc, npcs=100, verbose=FALSE)
> pva <- int.ipsc@reductions$pca@stdev^2/int.ipsc@reductions$pca@misc$total.variance
> ndim <- length(which(pva>=0.001)) #keep all dims that explaim more than 0.1% of variance
> print(ndim)
[1] 100
> int.ipsc <- RunUMAP(int.ipsc, dims=1:100)
Warning: The default method for RunUMAP has changed from calling Python UMAP via reticulate to the R-native UWOT using the cosine metric
To use Python UMAP via reticulate, set umap.method to 'umap-learn' and metric to 'correlation'
This message will be shown once per session
12:09:18 UMAP embedding parameters a = 0.9922 b = 1.112
12:09:18 Read 37509 rows and found 100 numeric columns
12:09:18 Using Annoy for neighbor search, n_neighbors = 30
12:09:18 Building Annoy index with metric = cosine, n_trees = 50
0%   10   20   30   40   50   60   70   80   90   100%
[----|----|----|----|----|----|----|----|----|----|
**************************************************|
12:09:28 Writing NN index file to temp file /tmp/jobs/65565400/RtmptPoecG/file8b7952e0a7cb
12:09:28 Searching Annoy index using 1 thread, search_k = 3000
12:09:50 Annoy recall = 99.7%
12:09:51 Commencing smooth kNN distance calibration using 1 thread
12:09:53 Initializing from normalized Laplacian + noise
12:09:54 Commencing optimization for 200 epochs, with 1858632 positive edges
0%   10   20   30   40   50   60   70   80   90   100%
[----|----|----|----|----|----|----|----|----|----|
**************************************************|
12:10:44 Optimization finished
> saveRDS(int.ipsc, file=paste0(dir,"/human-chimp-skeletal-scRNA/data/cellranger-data-full/data.indv-cell.log.int.ipsc.rds"))
> rm(obj.ipsc,int.ipsc)
> 
> #combine mscs from all samples
> obj.msc   <- list(objects[[3]],objects[[4]],objects[[9]],objects[[10]],objects[[15]],objects[[16]],objects[[21]],objects[[22]],
+                   objects[[27]],objects[[28]],objects[[33]],objects[[34]],objects[[39]],objects[[40]])
> obj.msc.features <- SelectIntegrationFeatures(object.list=obj.msc, nfeatures=1000)
> reference_dataset <- c(3:4) #H1C1-r2 differentiated the best
> obj.msc <- lapply(X=obj.msc, FUN=function(x) {
+     x <- ScaleData(x, features=obj.msc.features, verbose=FALSE)
+     x <- RunPCA(x, features=obj.msc.features, verbose=FALSE)
+ })
> obj.msc.anchors <- FindIntegrationAnchors(object.list=obj.msc, normalization.method="LogNormalize", anchor.features=obj.msc.features,
+                                            reference=reference_dataset, reduction="rpca")
Scaling features for provided objects
Computing within dataset neighborhoods
Finding anchors between all query and reference datasets
Finding neighborhoods
Finding anchors
	Found 1252 anchors
Extracting within-dataset neighbors
Finding neighborhoods
Finding anchors
	Found 935 anchors
Extracting within-dataset neighbors
Finding neighborhoods
Finding anchors
	Found 467 anchors
Extracting within-dataset neighbors
Finding neighborhoods
Finding anchors
	Found 632 anchors
Extracting within-dataset neighbors
Finding neighborhoods
Finding anchors
	Found 647 anchors
Extracting within-dataset neighbors
Finding neighborhoods
Finding anchors
	Found 1349 anchors
Extracting within-dataset neighbors
Finding neighborhoods
Finding anchors
	Found 602 anchors
Extracting within-dataset neighbors
Finding neighborhoods
Finding anchors
	Found 655 anchors
Extracting within-dataset neighbors
Finding neighborhoods
Finding anchors
	Found 1116 anchors
Extracting within-dataset neighbors
Finding neighborhoods
Finding anchors
	Found 1091 anchors
Extracting within-dataset neighbors
Finding neighborhoods
Finding anchors
	Found 455 anchors
Extracting within-dataset neighbors
Finding neighborhoods
Finding anchors
	Found 839 anchors
Extracting within-dataset neighbors
Finding neighborhoods
Finding anchors
	Found 686 anchors
Extracting within-dataset neighbors
Finding neighborhoods
Finding anchors
	Found 1116 anchors
Extracting within-dataset neighbors
Finding neighborhoods
Finding anchors
	Found 527 anchors
Extracting within-dataset neighbors
Finding neighborhoods
Finding anchors
	Found 789 anchors
Extracting within-dataset neighbors
Finding neighborhoods
Finding anchors
	Found 1257 anchors
Extracting within-dataset neighbors
Finding neighborhoods
Finding anchors
	Found 994 anchors
Extracting within-dataset neighbors
Finding neighborhoods
Finding anchors
	Found 751 anchors
Extracting within-dataset neighbors
Finding neighborhoods
Finding anchors
	Found 785 anchors
Extracting within-dataset neighbors
Finding neighborhoods
Finding anchors
	Found 1228 anchors
Extracting within-dataset neighbors
Finding neighborhoods
Finding anchors
	Found 1431 anchors
Extracting within-dataset neighbors
Finding neighborhoods
Finding anchors
	Found 502 anchors
Extracting within-dataset neighbors
Finding neighborhoods
Finding anchors
	Found 757 anchors
Extracting within-dataset neighbors
Finding neighborhoods
Finding anchors
	Found 690 anchors
Extracting within-dataset neighbors
Warning message:
In CheckDuplicateCellNames(object.list = object.list) :
  Some cell names are duplicated across objects provided. Renaming to enforce unique cell names.
> int.msc <- IntegrateData(anchorset=obj.msc.anchors, normalization.method="LogNormalize")
Building integrated reference
Merging dataset 4 into 3
Extracting anchors for merged samples
Finding integration vectors
Finding integration vector weights
0%   10   20   30   40   50   60   70   80   90   100%
[----|----|----|----|----|----|----|----|----|----|
**************************************************|
Integrating data
Warning: Adding a command log without an assay associated with it
Integrating dataset 1 with reference dataset
Finding integration vectors
Finding integration vector weights
0%   10   20   30   40   50   60   70   80   90   100%
[----|----|----|----|----|----|----|----|----|----|
**************************************************|
Integrating data
Integrating dataset 2 with reference dataset
Finding integration vectors
Finding integration vector weights
0%   10   20   30   40   50   60   70   80   90   100%
[----|----|----|----|----|----|----|----|----|----|
**************************************************|
Integrating data
Integrating dataset 5 with reference dataset
Finding integration vectors
Finding integration vector weights
0%   10   20   30   40   50   60   70   80   90   100%
[----|----|----|----|----|----|----|----|----|----|
**************************************************|
Integrating data
Integrating dataset 6 with reference dataset
Finding integration vectors
Finding integration vector weights
0%   10   20   30   40   50   60   70   80   90   100%
[----|----|----|----|----|----|----|----|----|----|
**************************************************|
Integrating data
Integrating dataset 7 with reference dataset
Finding integration vectors
Finding integration vector weights
0%   10   20   30   40   50   60   70   80   90   100%
[----|----|----|----|----|----|----|----|----|----|
**************************************************|
Integrating data
Integrating dataset 8 with reference dataset
Finding integration vectors
Finding integration vector weights
0%   10   20   30   40   50   60   70   80   90   100%
[----|----|----|----|----|----|----|----|----|----|
**************************************************|
Integrating data
Integrating dataset 9 with reference dataset
Finding integration vectors
Finding integration vector weights
0%   10   20   30   40   50   60   70   80   90   100%
[----|----|----|----|----|----|----|----|----|----|
**************************************************|
Integrating data
Integrating dataset 10 with reference dataset
Finding integration vectors
Finding integration vector weights
0%   10   20   30   40   50   60   70   80   90   100%
[----|----|----|----|----|----|----|----|----|----|
**************************************************|
Integrating data
Integrating dataset 11 with reference dataset
Finding integration vectors
Finding integration vector weights
0%   10   20   30   40   50   60   70   80   90   100%
[----|----|----|----|----|----|----|----|----|----|
**************************************************|
Integrating data
Integrating dataset 12 with reference dataset
Finding integration vectors
Finding integration vector weights
0%   10   20   30   40   50   60   70   80   90   100%
[----|----|----|----|----|----|----|----|----|----|
**************************************************|
Integrating data
Integrating dataset 13 with reference dataset
Finding integration vectors
Finding integration vector weights
0%   10   20   30   40   50   60   70   80   90   100%
[----|----|----|----|----|----|----|----|----|----|
**************************************************|
Integrating data
Integrating dataset 14 with reference dataset
Finding integration vectors
Finding integration vector weights
0%   10   20   30   40   50   60   70   80   90   100%
[----|----|----|----|----|----|----|----|----|----|
**************************************************|
Integrating data
Warning: Adding a command log without an assay associated with it
> int.msc <- ScaleData(int.msc, verbose=FALSE)
> int.msc <- RunPCA(object=int.msc, npcs=100, verbose=FALSE)
> pva <- int.msc@reductions$pca@stdev^2/int.msc@reductions$pca@misc$total.variance
> ndim <- length(which(pva>=0.001)) #keep all dims that explaim more than 0.1% of variance
> print(ndim)
[1] 100
> int.msc <- RunUMAP(int.msc, dims=1:100)
12:19:20 UMAP embedding parameters a = 0.9922 b = 1.112
12:19:21 Read 38594 rows and found 100 numeric columns
12:19:21 Using Annoy for neighbor search, n_neighbors = 30
12:19:21 Building Annoy index with metric = cosine, n_trees = 50
0%   10   20   30   40   50   60   70   80   90   100%
[----|----|----|----|----|----|----|----|----|----|
**************************************************|
12:19:30 Writing NN index file to temp file /tmp/jobs/65565400/RtmptPoecG/file8b79795c978f
12:19:30 Searching Annoy index using 1 thread, search_k = 3000
12:19:51 Annoy recall = 100%
12:19:52 Commencing smooth kNN distance calibration using 1 thread
12:19:53 Initializing from normalized Laplacian + noise
12:19:55 Commencing optimization for 200 epochs, with 1896536 positive edges
0%   10   20   30   40   50   60   70   80   90   100%
[----|----|----|----|----|----|----|----|----|----|
**************************************************|
12:20:46 Optimization finished
> saveRDS(int.msc, file=paste0(dir,"/human-chimp-skeletal-scRNA/data/cellranger-data-full/data.indv-cell.log.int.msc.rds"))
> rm(obj.msc,int.msc)
> 
> #combine osteoblasts from all samples
> obj.osteo <- list(objects[[5]],objects[[6]],objects[[11]],objects[[12]],objects[[17]],objects[[18]],objects[[23]],objects[[24]],
+                   objects[[29]],objects[[30]],objects[[35]],objects[[36]],objects[[41]],objects[[42]])
> obj.osteo.features <- SelectIntegrationFeatures(object.list=obj.osteo, nfeatures=1000)
> reference_dataset <- c(3:4) #H1C1-r2 differentiated the best
> obj.osteo <- lapply(X=obj.osteo, FUN=function(x) {
+     x <- ScaleData(x, features=obj.osteo.features, verbose=FALSE)
+     x <- RunPCA(x, features=obj.osteo.features, verbose=FALSE)
+ })
> obj.osteo.anchors <- FindIntegrationAnchors(object.list=obj.osteo, normalization.method="LogNormalize", anchor.features=obj.osteo.features,
+                                            reference=reference_dataset, reduction="rpca")
Scaling features for provided objects
Computing within dataset neighborhoods
Finding anchors between all query and reference datasets
Finding neighborhoods
Finding anchors
	Found 1093 anchors
Extracting within-dataset neighbors
Finding neighborhoods
Finding anchors
	Found 557 anchors
Extracting within-dataset neighbors
Finding neighborhoods
Finding anchors
	Found 372 anchors
Extracting within-dataset neighbors
Finding neighborhoods
Finding anchors
	Found 305 anchors
Extracting within-dataset neighbors
Finding neighborhoods
Finding anchors
	Found 332 anchors
Extracting within-dataset neighbors
Finding neighborhoods
Finding anchors
	Found 781 anchors
Extracting within-dataset neighbors
Finding neighborhoods
Finding anchors
	Found 304 anchors
Extracting within-dataset neighbors
Finding neighborhoods
Finding anchors
	Found 387 anchors
Extracting within-dataset neighbors
Finding neighborhoods
Finding anchors
	Found 448 anchors
Extracting within-dataset neighbors
Finding neighborhoods
Finding anchors
	Found 340 anchors
Extracting within-dataset neighbors
Finding neighborhoods
Finding anchors
	Found 204 anchors
Extracting within-dataset neighbors
Finding neighborhoods
Finding anchors
	Found 334 anchors
Extracting within-dataset neighbors
Finding neighborhoods
Finding anchors
	Found 292 anchors
Extracting within-dataset neighbors
Finding neighborhoods
Finding anchors
	Found 673 anchors
Extracting within-dataset neighbors
Finding neighborhoods
Finding anchors
	Found 230 anchors
Extracting within-dataset neighbors
Finding neighborhoods
Finding anchors
	Found 365 anchors
Extracting within-dataset neighbors
Finding neighborhoods
Finding anchors
	Found 628 anchors
Extracting within-dataset neighbors
Finding neighborhoods
Finding anchors
	Found 601 anchors
Extracting within-dataset neighbors
Finding neighborhoods
Finding anchors
	Found 396 anchors
Extracting within-dataset neighbors
Finding neighborhoods
Finding anchors
	Found 361 anchors
Extracting within-dataset neighbors
Finding neighborhoods
Finding anchors
	Found 647 anchors
Extracting within-dataset neighbors
Finding neighborhoods
Finding anchors
	Found 817 anchors
Extracting within-dataset neighbors
Finding neighborhoods
Finding anchors
	Found 368 anchors
Extracting within-dataset neighbors
Finding neighborhoods
Finding anchors
	Found 436 anchors
Extracting within-dataset neighbors
Finding neighborhoods
Finding anchors
	Found 369 anchors
Extracting within-dataset neighbors
Warning message:
In CheckDuplicateCellNames(object.list = object.list) :
  Some cell names are duplicated across objects provided. Renaming to enforce unique cell names.
> int.osteo <- IntegrateData(anchorset=obj.osteo.anchors, normalization.method="LogNormalize")
Building integrated reference
Merging dataset 4 into 3
Extracting anchors for merged samples
Finding integration vectors
Finding integration vector weights
0%   10   20   30   40   50   60   70   80   90   100%
[----|----|----|----|----|----|----|----|----|----|
**************************************************|
Integrating data
Warning: Adding a command log without an assay associated with it
Integrating dataset 1 with reference dataset
Finding integration vectors
Finding integration vector weights
0%   10   20   30   40   50   60   70   80   90   100%
[----|----|----|----|----|----|----|----|----|----|
**************************************************|
Integrating data
Integrating dataset 2 with reference dataset
Finding integration vectors
Finding integration vector weights
0%   10   20   30   40   50   60   70   80   90   100%
[----|----|----|----|----|----|----|----|----|----|
**************************************************|
Integrating data
Integrating dataset 5 with reference dataset
Finding integration vectors
Finding integration vector weights
0%   10   20   30   40   50   60   70   80   90   100%
[----|----|----|----|----|----|----|----|----|----|
**************************************************|
Integrating data
Integrating dataset 6 with reference dataset
Finding integration vectors
Finding integration vector weights
0%   10   20   30   40   50   60   70   80   90   100%
[----|----|----|----|----|----|----|----|----|----|
**************************************************|
Integrating data
Integrating dataset 7 with reference dataset
Finding integration vectors
Finding integration vector weights
0%   10   20   30   40   50   60   70   80   90   100%
[----|----|----|----|----|----|----|----|----|----|
**************************************************|
Integrating data
Integrating dataset 8 with reference dataset
Finding integration vectors
Finding integration vector weights
0%   10   20   30   40   50   60   70   80   90   100%
[----|----|----|----|----|----|----|----|----|----|
**************************************************|
Integrating data
Integrating dataset 9 with reference dataset
Finding integration vectors
Finding integration vector weights
0%   10   20   30   40   50   60   70   80   90   100%
[----|----|----|----|----|----|----|----|----|----|
**************************************************|
Integrating data
Integrating dataset 10 with reference dataset
Finding integration vectors
Finding integration vector weights
0%   10   20   30   40   50   60   70   80   90   100%
[----|----|----|----|----|----|----|----|----|----|
**************************************************|
Integrating data
Integrating dataset 11 with reference dataset
Finding integration vectors
Finding integration vector weights
0%   10   20   30   40   50   60   70   80   90   100%
[----|----|----|----|----|----|----|----|----|----|
**************************************************|
Integrating data
Integrating dataset 12 with reference dataset
Finding integration vectors
Finding integration vector weights
0%   10   20   30   40   50   60   70   80   90   100%
[----|----|----|----|----|----|----|----|----|----|
**************************************************|
Integrating data
Integrating dataset 13 with reference dataset
Finding integration vectors
Finding integration vector weights
0%   10   20   30   40   50   60   70   80   90   100%
[----|----|----|----|----|----|----|----|----|----|
**************************************************|
Integrating data
Integrating dataset 14 with reference dataset
Finding integration vectors
Finding integration vector weights
0%   10   20   30   40   50   60   70   80   90   100%
[----|----|----|----|----|----|----|----|----|----|
**************************************************|
Integrating data
Warning: Adding a command log without an assay associated with it
> int.osteo <- ScaleData(int.osteo, verbose=FALSE)
> int.osteo <- RunPCA(object=int.osteo, npcs=100, verbose=FALSE)
> pva <- int.osteo@reductions$pca@stdev^2/int.osteo@reductions$pca@misc$total.variance
> ndim <- length(which(pva>=0.001)) #keep all dims that explaim more than 0.1% of variance
> print(ndim)
[1] 100
> int.osteo <- RunUMAP(int.osteo, dims=1:100)
12:26:54 UMAP embedding parameters a = 0.9922 b = 1.112
12:26:54 Read 26077 rows and found 100 numeric columns
12:26:54 Using Annoy for neighbor search, n_neighbors = 30
12:26:54 Building Annoy index with metric = cosine, n_trees = 50
0%   10   20   30   40   50   60   70   80   90   100%
[----|----|----|----|----|----|----|----|----|----|
**************************************************|
12:27:02 Writing NN index file to temp file /tmp/jobs/65565400/RtmptPoecG/file8b793575f4b7
12:27:02 Searching Annoy index using 1 thread, search_k = 3000
12:27:20 Annoy recall = 100%
12:27:21 Commencing smooth kNN distance calibration using 1 thread
12:27:22 Initializing from normalized Laplacian + noise
12:27:23 Commencing optimization for 200 epochs, with 1294950 positive edges
0%   10   20   30   40   50   60   70   80   90   100%
[----|----|----|----|----|----|----|----|----|----|
**************************************************|
12:28:01 Optimization finished
> saveRDS(int.osteo, file=paste0(dir,"/human-chimp-skeletal-scRNA/data/cellranger-data-full/data.indv-cell.log.int.osteo.rds"))
> rm(obj.osteo,int.osteo)
> 
> 
> proc.time()
    user   system  elapsed 
1476.386  135.561 1618.801 
