
R version 3.5.1 (2018-07-02) -- "Feather Spray"
Copyright (C) 2018 The R Foundation for Statistical Computing
Platform: x86_64-pc-linux-gnu (64-bit)

R is free software and comes with ABSOLUTELY NO WARRANTY.
You are welcome to redistribute it under certain conditions.
Type 'license()' or 'licence()' for distribution details.

R is a collaborative project with many contributors.
Type 'contributors()' for more information and
'citation()' on how to cite R or R packages in publications.

Type 'demo()' for some demos, 'help()' for on-line help, or
'help.start()' for an HTML browser interface to help.
Type 'q()' to quit R.

> #Load libraries
> library(Seurat)
> library(dplyr)

Attaching package: 'dplyr'

The following objects are masked from 'package:stats':

    filter, lag

The following objects are masked from 'package:base':

    intersect, setdiff, setequal, union

> library(stringi)
> library(stringr)
> library(ggplot2)
> library(colorspace)
> library(RColorBrewer)
> 
> #Define main directory
> dir <- '/project2/gilad/ghousman/skeletal-human-chimp/'
> 
> #Load batch info
> batch <- read.csv(file=paste0(dir,'human-chimp-skeletal-scRNA/data/scrna-batch.csv'), header=TRUE, sep=",")
> 
> #Load objects
> objects <- readRDS(paste0(dir,"/human-chimp-skeletal-scRNA/data/cellranger-data-full/data.filter.indv-cell.log.rds"))
> 
> #Define list subset
> #Select features for downstream integration (keeping at 1000 for now)
> #Identify anchors (used references + RPCA reduction method) #ALL OTHER METHODS CRASH
> #Integrate datasets
> #Reduce dimensionality
> #Save data
> 
> #combine ipscs from all samples
> obj.ipsc  <- list(objects[[1]],objects[[2]],objects[[7]],objects[[8]],objects[[13]],objects[[14]],objects[[19]],objects[[20]],
+                   objects[[25]],objects[[26]],objects[[31]],objects[[32]],objects[[37]],objects[[38]])
> obj.ipsc.features <- SelectIntegrationFeatures(object.list=obj.ipsc, nfeatures=1000)
> reference_dataset <- c(3:4) #H1C1-r2 differentiated the best
> obj.ipsc <- lapply(X=obj.ipsc, FUN=function(x) {
+     x <- ScaleData(x, features=obj.ipsc.features, verbose=FALSE)
+     x <- RunPCA(x, features=obj.ipsc.features, verbose=FALSE)
+ })
> obj.ipsc.anchors <- FindIntegrationAnchors(object.list=obj.ipsc, normalization.method="LogNormalize", anchor.features=obj.ipsc.features,
+                                            reference=reference_dataset, reduction="rpca")
Scaling features for provided objects
Computing within dataset neighborhoods
Finding anchors between all query and reference datasets
Finding neighborhoods
Finding anchors
	Found 717 anchors
Extracting within-dataset neighbors
Finding neighborhoods
Finding anchors
	Found 413 anchors
Extracting within-dataset neighbors
Finding neighborhoods
Finding anchors
	Found 445 anchors
Extracting within-dataset neighbors
Finding neighborhoods
Finding anchors
	Found 508 anchors
Extracting within-dataset neighbors
Finding neighborhoods
Finding anchors
	Found 483 anchors
Extracting within-dataset neighbors
Finding neighborhoods
Finding anchors
	Found 483 anchors
Extracting within-dataset neighbors
Finding neighborhoods
Finding anchors
	Found 391 anchors
Extracting within-dataset neighbors
Finding neighborhoods
Finding anchors
	Found 376 anchors
Extracting within-dataset neighbors
Finding neighborhoods
Finding anchors
	Found 348 anchors
Extracting within-dataset neighbors
Finding neighborhoods
Finding anchors
	Found 596 anchors
Extracting within-dataset neighbors
Finding neighborhoods
Finding anchors
	Found 386 anchors
Extracting within-dataset neighbors
Finding neighborhoods
Finding anchors
	Found 516 anchors
Extracting within-dataset neighbors
Finding neighborhoods
Finding anchors
	Found 492 anchors
Extracting within-dataset neighbors
Finding neighborhoods
Finding anchors
	Found 489 anchors
Extracting within-dataset neighbors
Finding neighborhoods
Finding anchors
	Found 378 anchors
Extracting within-dataset neighbors
Finding neighborhoods
Finding anchors
	Found 468 anchors
Extracting within-dataset neighbors
Finding neighborhoods
Finding anchors
	Found 412 anchors
Extracting within-dataset neighbors
Finding neighborhoods
Finding anchors
	Found 655 anchors
Extracting within-dataset neighbors
Finding neighborhoods
Finding anchors
	Found 399 anchors
Extracting within-dataset neighbors
Finding neighborhoods
Finding anchors
	Found 465 anchors
Extracting within-dataset neighbors
Finding neighborhoods
Finding anchors
	Found 541 anchors
Extracting within-dataset neighbors
Finding neighborhoods
Finding anchors
	Found 558 anchors
Extracting within-dataset neighbors
Finding neighborhoods
Finding anchors
	Found 358 anchors
Extracting within-dataset neighbors
Finding neighborhoods
Finding anchors
	Found 552 anchors
Extracting within-dataset neighbors
Finding neighborhoods
Finding anchors
	Found 520 anchors
Extracting within-dataset neighbors
Warning message:
In CheckDuplicateCellNames(object.list = object.list) :
  Some cell names are duplicated across objects provided. Renaming to enforce unique cell names.
> int.ipsc <- IntegrateData(anchorset=obj.ipsc.anchors, normalization.method="LogNormalize")
Building integrated reference
Merging dataset 4 into 3
Extracting anchors for merged samples
Finding integration vectors
Finding integration vector weights
0%   10   20   30   40   50   60   70   80   90   100%
[----|----|----|----|----|----|----|----|----|----|
**************************************************|
Integrating data
Warning: Adding a command log without an assay associated with it
Integrating dataset 1 with reference dataset
Finding integration vectors
Finding integration vector weights
0%   10   20   30   40   50   60   70   80   90   100%
[----|----|----|----|----|----|----|----|----|----|
**************************************************|
Integrating data
Integrating dataset 2 with reference dataset
Finding integration vectors
Finding integration vector weights
0%   10   20   30   40   50   60   70   80   90   100%
[----|----|----|----|----|----|----|----|----|----|
**************************************************|
Integrating data
Integrating dataset 5 with reference dataset
Finding integration vectors
Finding integration vector weights
0%   10   20   30   40   50   60   70   80   90   100%
[----|----|----|----|----|----|----|----|----|----|
**************************************************|
Integrating data
Integrating dataset 6 with reference dataset
Finding integration vectors
Finding integration vector weights
0%   10   20   30   40   50   60   70   80   90   100%
[----|----|----|----|----|----|----|----|----|----|
**************************************************|
Integrating data
Integrating dataset 7 with reference dataset
Finding integration vectors
Finding integration vector weights
0%   10   20   30   40   50   60   70   80   90   100%
[----|----|----|----|----|----|----|----|----|----|
**************************************************|
Integrating data
Integrating dataset 8 with reference dataset
Finding integration vectors
Finding integration vector weights
0%   10   20   30   40   50   60   70   80   90   100%
[----|----|----|----|----|----|----|----|----|----|
**************************************************|
Integrating data
Integrating dataset 9 with reference dataset
Finding integration vectors
Finding integration vector weights
0%   10   20   30   40   50   60   70   80   90   100%
[----|----|----|----|----|----|----|----|----|----|
**************************************************|
Integrating data
Integrating dataset 10 with reference dataset
Finding integration vectors
Finding integration vector weights
0%   10   20   30   40   50   60   70   80   90   100%
[----|----|----|----|----|----|----|----|----|----|
**************************************************|
Integrating data
Integrating dataset 11 with reference dataset
Finding integration vectors
Finding integration vector weights
0%   10   20   30   40   50   60   70   80   90   100%
[----|----|----|----|----|----|----|----|----|----|
**************************************************|
Integrating data
Integrating dataset 12 with reference dataset
Finding integration vectors
Finding integration vector weights
0%   10   20   30   40   50   60   70   80   90   100%
[----|----|----|----|----|----|----|----|----|----|
**************************************************|
Integrating data
Integrating dataset 13 with reference dataset
Finding integration vectors
Finding integration vector weights
0%   10   20   30   40   50   60   70   80   90   100%
[----|----|----|----|----|----|----|----|----|----|
**************************************************|
Integrating data
Integrating dataset 14 with reference dataset
Finding integration vectors
Finding integration vector weights
0%   10   20   30   40   50   60   70   80   90   100%
[----|----|----|----|----|----|----|----|----|----|
**************************************************|
Integrating data
Warning: Adding a command log without an assay associated with it
> int.ipsc <- ScaleData(int.ipsc, verbose=FALSE)
> int.ipsc <- RunPCA(object=int.ipsc, npcs=100, verbose=FALSE)
> pva <- int.ipsc@reductions$pca@stdev^2/int.ipsc@reductions$pca@misc$total.variance
> ndim <- length(which(pva>=0.001)) #keep all dims that explaim more than 0.1% of variance
> print(ndim)
[1] 100
> int.ipsc <- RunUMAP(int.ipsc, dims=1:100)
Warning: The default method for RunUMAP has changed from calling Python UMAP via reticulate to the R-native UWOT using the cosine metric
To use Python UMAP via reticulate, set umap.method to 'umap-learn' and metric to 'correlation'
This message will be shown once per session
21:56:17 UMAP embedding parameters a = 0.9922 b = 1.112
21:56:17 Read 35399 rows and found 100 numeric columns
21:56:17 Using Annoy for neighbor search, n_neighbors = 30
21:56:17 Building Annoy index with metric = cosine, n_trees = 50
0%   10   20   30   40   50   60   70   80   90   100%
[----|----|----|----|----|----|----|----|----|----|
**************************************************|
21:56:26 Writing NN index file to temp file /tmp/jobs/544262/RtmpUR0Dqm/file1e0567c54f4e
21:56:26 Searching Annoy index using 1 thread, search_k = 3000
21:56:47 Annoy recall = 100%
21:56:47 Commencing smooth kNN distance calibration using 1 thread
21:56:49 Initializing from normalized Laplacian + noise
21:56:51 Commencing optimization for 200 epochs, with 1715544 positive edges
0%   10   20   30   40   50   60   70   80   90   100%
[----|----|----|----|----|----|----|----|----|----|
**************************************************|
21:57:37 Optimization finished
> saveRDS(int.ipsc, file=paste0(dir,"/human-chimp-skeletal-scRNA/data/cellranger-data-full/data.filter.indv-cell.log.int.ipsc.rds"))
> rm(obj.ipsc,int.ipsc)
> 
> #combine mscs from all samples
> obj.msc   <- list(objects[[3]],objects[[4]],objects[[9]],objects[[10]],objects[[15]],objects[[16]],objects[[21]],objects[[22]],
+                   objects[[27]],objects[[28]],objects[[33]],objects[[34]],objects[[39]],objects[[40]])
> obj.msc.features <- SelectIntegrationFeatures(object.list=obj.msc, nfeatures=1000)
> reference_dataset <- c(3:4) #H1C1-r2 differentiated the best
> obj.msc <- lapply(X=obj.msc, FUN=function(x) {
+     x <- ScaleData(x, features=obj.msc.features, verbose=FALSE)
+     x <- RunPCA(x, features=obj.msc.features, verbose=FALSE)
+ })
> obj.msc.anchors <- FindIntegrationAnchors(object.list=obj.msc, normalization.method="LogNormalize", anchor.features=obj.msc.features,
+                                            reference=reference_dataset, reduction="rpca")
Scaling features for provided objects
Computing within dataset neighborhoods
Finding anchors between all query and reference datasets
Finding neighborhoods
Finding anchors
	Found 1290 anchors
Extracting within-dataset neighbors
Finding neighborhoods
Finding anchors
	Found 941 anchors
Extracting within-dataset neighbors
Finding neighborhoods
Finding anchors
	Found 433 anchors
Extracting within-dataset neighbors
Finding neighborhoods
Finding anchors
	Found 611 anchors
Extracting within-dataset neighbors
Finding neighborhoods
Finding anchors
	Found 640 anchors
Extracting within-dataset neighbors
Finding neighborhoods
Finding anchors
	Found 1378 anchors
Extracting within-dataset neighbors
Finding neighborhoods
Finding anchors
	Found 605 anchors
Extracting within-dataset neighbors
Finding neighborhoods
Finding anchors
	Found 666 anchors
Extracting within-dataset neighbors
Finding neighborhoods
Finding anchors
	Found 1106 anchors
Extracting within-dataset neighbors
Finding neighborhoods
Finding anchors
	Found 1050 anchors
Extracting within-dataset neighbors
Finding neighborhoods
Finding anchors
	Found 412 anchors
Extracting within-dataset neighbors
Finding neighborhoods
Finding anchors
	Found 819 anchors
Extracting within-dataset neighbors
Finding neighborhoods
Finding anchors
	Found 692 anchors
Extracting within-dataset neighbors
Finding neighborhoods
Finding anchors
	Found 1122 anchors
Extracting within-dataset neighbors
Finding neighborhoods
Finding anchors
	Found 477 anchors
Extracting within-dataset neighbors
Finding neighborhoods
Finding anchors
	Found 788 anchors
Extracting within-dataset neighbors
Finding neighborhoods
Finding anchors
	Found 1221 anchors
Extracting within-dataset neighbors
Finding neighborhoods
Finding anchors
	Found 981 anchors
Extracting within-dataset neighbors
Finding neighborhoods
Finding anchors
	Found 769 anchors
Extracting within-dataset neighbors
Finding neighborhoods
Finding anchors
	Found 794 anchors
Extracting within-dataset neighbors
Finding neighborhoods
Finding anchors
	Found 1225 anchors
Extracting within-dataset neighbors
Finding neighborhoods
Finding anchors
	Found 1385 anchors
Extracting within-dataset neighbors
Finding neighborhoods
Finding anchors
	Found 496 anchors
Extracting within-dataset neighbors
Finding neighborhoods
Finding anchors
	Found 742 anchors
Extracting within-dataset neighbors
Finding neighborhoods
Finding anchors
	Found 679 anchors
Extracting within-dataset neighbors
Warning message:
In CheckDuplicateCellNames(object.list = object.list) :
  Some cell names are duplicated across objects provided. Renaming to enforce unique cell names.
> int.msc <- IntegrateData(anchorset=obj.msc.anchors, normalization.method="LogNormalize")
Building integrated reference
Merging dataset 4 into 3
Extracting anchors for merged samples
Finding integration vectors
Finding integration vector weights
0%   10   20   30   40   50   60   70   80   90   100%
[----|----|----|----|----|----|----|----|----|----|
**************************************************|
Integrating data
Warning: Adding a command log without an assay associated with it
Integrating dataset 1 with reference dataset
Finding integration vectors
Finding integration vector weights
0%   10   20   30   40   50   60   70   80   90   100%
[----|----|----|----|----|----|----|----|----|----|
**************************************************|
Integrating data
Integrating dataset 2 with reference dataset
Finding integration vectors
Finding integration vector weights
0%   10   20   30   40   50   60   70   80   90   100%
[----|----|----|----|----|----|----|----|----|----|
**************************************************|
Integrating data
Integrating dataset 5 with reference dataset
Finding integration vectors
Finding integration vector weights
0%   10   20   30   40   50   60   70   80   90   100%
[----|----|----|----|----|----|----|----|----|----|
**************************************************|
Integrating data
Integrating dataset 6 with reference dataset
Finding integration vectors
Finding integration vector weights
0%   10   20   30   40   50   60   70   80   90   100%
[----|----|----|----|----|----|----|----|----|----|
**************************************************|
Integrating data
Integrating dataset 7 with reference dataset
Finding integration vectors
Finding integration vector weights
0%   10   20   30   40   50   60   70   80   90   100%
[----|----|----|----|----|----|----|----|----|----|
**************************************************|
Integrating data
Integrating dataset 8 with reference dataset
Finding integration vectors
Finding integration vector weights
0%   10   20   30   40   50   60   70   80   90   100%
[----|----|----|----|----|----|----|----|----|----|
**************************************************|
Integrating data
Integrating dataset 9 with reference dataset
Finding integration vectors
Finding integration vector weights
0%   10   20   30   40   50   60   70   80   90   100%
[----|----|----|----|----|----|----|----|----|----|
**************************************************|
Integrating data
Integrating dataset 10 with reference dataset
Finding integration vectors
Finding integration vector weights
0%   10   20   30   40   50   60   70   80   90   100%
[----|----|----|----|----|----|----|----|----|----|
**************************************************|
Integrating data
Integrating dataset 11 with reference dataset
Finding integration vectors
Finding integration vector weights
0%   10   20   30   40   50   60   70   80   90   100%
[----|----|----|----|----|----|----|----|----|----|
**************************************************|
Integrating data
Integrating dataset 12 with reference dataset
Finding integration vectors
Finding integration vector weights
0%   10   20   30   40   50   60   70   80   90   100%
[----|----|----|----|----|----|----|----|----|----|
**************************************************|
Integrating data
Integrating dataset 13 with reference dataset
Finding integration vectors
Finding integration vector weights
0%   10   20   30   40   50   60   70   80   90   100%
[----|----|----|----|----|----|----|----|----|----|
**************************************************|
Integrating data
Integrating dataset 14 with reference dataset
Finding integration vectors
Finding integration vector weights
0%   10   20   30   40   50   60   70   80   90   100%
[----|----|----|----|----|----|----|----|----|----|
**************************************************|
Integrating data
Warning: Adding a command log without an assay associated with it
> int.msc <- ScaleData(int.msc, verbose=FALSE)
> int.msc <- RunPCA(object=int.msc, npcs=100, verbose=FALSE)
> pva <- int.msc@reductions$pca@stdev^2/int.msc@reductions$pca@misc$total.variance
> ndim <- length(which(pva>=0.001)) #keep all dims that explaim more than 0.1% of variance
> print(ndim)
[1] 100
> int.msc <- RunUMAP(int.msc, dims=1:100)
22:05:49 UMAP embedding parameters a = 0.9922 b = 1.112
22:05:49 Read 37859 rows and found 100 numeric columns
22:05:49 Using Annoy for neighbor search, n_neighbors = 30
22:05:49 Building Annoy index with metric = cosine, n_trees = 50
0%   10   20   30   40   50   60   70   80   90   100%
[----|----|----|----|----|----|----|----|----|----|
**************************************************|
22:05:58 Writing NN index file to temp file /tmp/jobs/544262/RtmpUR0Dqm/file1e051fe265de
22:05:58 Searching Annoy index using 1 thread, search_k = 3000
22:06:19 Annoy recall = 100%
22:06:19 Commencing smooth kNN distance calibration using 1 thread
22:06:21 Initializing from normalized Laplacian + noise
22:06:22 Commencing optimization for 200 epochs, with 1859654 positive edges
0%   10   20   30   40   50   60   70   80   90   100%
[----|----|----|----|----|----|----|----|----|----|
**************************************************|
22:07:10 Optimization finished
> saveRDS(int.msc, file=paste0(dir,"/human-chimp-skeletal-scRNA/data/cellranger-data-full/data.filter.indv-cell.log.int.msc.rds"))
> rm(obj.msc,int.msc)
> 
> #combine osteoblasts from all samples
> obj.osteo <- list(objects[[5]],objects[[6]],objects[[11]],objects[[12]],objects[[17]],objects[[18]],objects[[23]],objects[[24]],
+                   objects[[29]],objects[[30]],objects[[35]],objects[[36]],objects[[41]],objects[[42]])
> obj.osteo.features <- SelectIntegrationFeatures(object.list=obj.osteo, nfeatures=1000)
> reference_dataset <- c(3:4) #H1C1-r2 differentiated the best
> obj.osteo <- lapply(X=obj.osteo, FUN=function(x) {
+     x <- ScaleData(x, features=obj.osteo.features, verbose=FALSE)
+     x <- RunPCA(x, features=obj.osteo.features, verbose=FALSE)
+ })
> obj.osteo.anchors <- FindIntegrationAnchors(object.list=obj.osteo, normalization.method="LogNormalize", anchor.features=obj.osteo.features,
+                                            reference=reference_dataset, reduction="rpca")
Scaling features for provided objects
Computing within dataset neighborhoods
Finding anchors between all query and reference datasets
Finding neighborhoods
Finding anchors
	Found 1063 anchors
Extracting within-dataset neighbors
Finding neighborhoods
Finding anchors
	Found 548 anchors
Extracting within-dataset neighbors
Finding neighborhoods
Finding anchors
	Found 311 anchors
Extracting within-dataset neighbors
Finding neighborhoods
Finding anchors
	Found 314 anchors
Extracting within-dataset neighbors
Finding neighborhoods
Finding anchors
	Found 339 anchors
Extracting within-dataset neighbors
Finding neighborhoods
Finding anchors
	Found 702 anchors
Extracting within-dataset neighbors
Finding neighborhoods
Finding anchors
	Found 310 anchors
Extracting within-dataset neighbors
Finding neighborhoods
Finding anchors
	Found 389 anchors
Extracting within-dataset neighbors
Finding neighborhoods
Finding anchors
	Found 403 anchors
Extracting within-dataset neighbors
Finding neighborhoods
Finding anchors
	Found 330 anchors
Extracting within-dataset neighbors
Finding neighborhoods
Finding anchors
	Found 221 anchors
Extracting within-dataset neighbors
Finding neighborhoods
Finding anchors
	Found 348 anchors
Extracting within-dataset neighbors
Finding neighborhoods
Finding anchors
	Found 278 anchors
Extracting within-dataset neighbors
Finding neighborhoods
Finding anchors
	Found 637 anchors
Extracting within-dataset neighbors
Finding neighborhoods
Finding anchors
	Found 319 anchors
Extracting within-dataset neighbors
Finding neighborhoods
Finding anchors
	Found 382 anchors
Extracting within-dataset neighbors
Finding neighborhoods
Finding anchors
	Found 567 anchors
Extracting within-dataset neighbors
Finding neighborhoods
Finding anchors
	Found 559 anchors
Extracting within-dataset neighbors
Finding neighborhoods
Finding anchors
	Found 384 anchors
Extracting within-dataset neighbors
Finding neighborhoods
Finding anchors
	Found 345 anchors
Extracting within-dataset neighbors
Finding neighborhoods
Finding anchors
	Found 590 anchors
Extracting within-dataset neighbors
Finding neighborhoods
Finding anchors
	Found 762 anchors
Extracting within-dataset neighbors
Finding neighborhoods
Finding anchors
	Found 357 anchors
Extracting within-dataset neighbors
Finding neighborhoods
Finding anchors
	Found 420 anchors
Extracting within-dataset neighbors
Finding neighborhoods
Finding anchors
	Found 350 anchors
Extracting within-dataset neighbors
Warning message:
In CheckDuplicateCellNames(object.list = object.list) :
  Some cell names are duplicated across objects provided. Renaming to enforce unique cell names.
> int.osteo <- IntegrateData(anchorset=obj.osteo.anchors, normalization.method="LogNormalize")
Building integrated reference
Merging dataset 4 into 3
Extracting anchors for merged samples
Finding integration vectors
Finding integration vector weights
0%   10   20   30   40   50   60   70   80   90   100%
[----|----|----|----|----|----|----|----|----|----|
**************************************************|
Integrating data
Warning: Adding a command log without an assay associated with it
Integrating dataset 1 with reference dataset
Finding integration vectors
Finding integration vector weights
0%   10   20   30   40   50   60   70   80   90   100%
[----|----|----|----|----|----|----|----|----|----|
**************************************************|
Integrating data
Integrating dataset 2 with reference dataset
Finding integration vectors
Finding integration vector weights
0%   10   20   30   40   50   60   70   80   90   100%
[----|----|----|----|----|----|----|----|----|----|
**************************************************|
Integrating data
Integrating dataset 5 with reference dataset
Finding integration vectors
Finding integration vector weights
0%   10   20   30   40   50   60   70   80   90   100%
[----|----|----|----|----|----|----|----|----|----|
**************************************************|
Integrating data
Integrating dataset 6 with reference dataset
Finding integration vectors
Finding integration vector weights
0%   10   20   30   40   50   60   70   80   90   100%
[----|----|----|----|----|----|----|----|----|----|
**************************************************|
Integrating data
Integrating dataset 7 with reference dataset
Finding integration vectors
Finding integration vector weights
0%   10   20   30   40   50   60   70   80   90   100%
[----|----|----|----|----|----|----|----|----|----|
**************************************************|
Integrating data
Integrating dataset 8 with reference dataset
Finding integration vectors
Finding integration vector weights
0%   10   20   30   40   50   60   70   80   90   100%
[----|----|----|----|----|----|----|----|----|----|
**************************************************|
Integrating data
Integrating dataset 9 with reference dataset
Finding integration vectors
Finding integration vector weights
0%   10   20   30   40   50   60   70   80   90   100%
[----|----|----|----|----|----|----|----|----|----|
**************************************************|
Integrating data
Integrating dataset 10 with reference dataset
Finding integration vectors
Finding integration vector weights
0%   10   20   30   40   50   60   70   80   90   100%
[----|----|----|----|----|----|----|----|----|----|
**************************************************|
Integrating data
Integrating dataset 11 with reference dataset
Finding integration vectors
Finding integration vector weights
0%   10   20   30   40   50   60   70   80   90   100%
[----|----|----|----|----|----|----|----|----|----|
**************************************************|
Integrating data
Integrating dataset 12 with reference dataset
Finding integration vectors
Finding integration vector weights
0%   10   20   30   40   50   60   70   80   90   100%
[----|----|----|----|----|----|----|----|----|----|
**************************************************|
Integrating data
Integrating dataset 13 with reference dataset
Finding integration vectors
Finding integration vector weights
0%   10   20   30   40   50   60   70   80   90   100%
[----|----|----|----|----|----|----|----|----|----|
**************************************************|
Integrating data
Integrating dataset 14 with reference dataset
Finding integration vectors
Finding integration vector weights
0%   10   20   30   40   50   60   70   80   90   100%
[----|----|----|----|----|----|----|----|----|----|
**************************************************|
Integrating data
Warning: Adding a command log without an assay associated with it
> int.osteo <- ScaleData(int.osteo, verbose=FALSE)
> int.osteo <- RunPCA(object=int.osteo, npcs=100, verbose=FALSE)
> pva <- int.osteo@reductions$pca@stdev^2/int.osteo@reductions$pca@misc$total.variance
> ndim <- length(which(pva>=0.001)) #keep all dims that explaim more than 0.1% of variance
> print(ndim)
[1] 100
> int.osteo <- RunUMAP(int.osteo, dims=1:100)
22:12:30 UMAP embedding parameters a = 0.9922 b = 1.112
22:12:30 Read 22681 rows and found 100 numeric columns
22:12:30 Using Annoy for neighbor search, n_neighbors = 30
22:12:30 Building Annoy index with metric = cosine, n_trees = 50
0%   10   20   30   40   50   60   70   80   90   100%
[----|----|----|----|----|----|----|----|----|----|
**************************************************|
22:12:36 Writing NN index file to temp file /tmp/jobs/544262/RtmpUR0Dqm/file1e053d18f494
22:12:36 Searching Annoy index using 1 thread, search_k = 3000
22:12:48 Annoy recall = 100%
22:12:48 Commencing smooth kNN distance calibration using 1 thread
22:12:49 Initializing from normalized Laplacian + noise
22:12:50 Commencing optimization for 200 epochs, with 1091056 positive edges
0%   10   20   30   40   50   60   70   80   90   100%
[----|----|----|----|----|----|----|----|----|----|
**************************************************|
22:13:17 Optimization finished
> saveRDS(int.osteo, file=paste0(dir,"/human-chimp-skeletal-scRNA/data/cellranger-data-full/data.filter.indv-cell.log.int.osteo.rds"))
> rm(obj.osteo,int.osteo)
> 
> 
> proc.time()
    user   system  elapsed 
1365.028  123.329 1499.511 
