
R version 3.5.1 (2018-07-02) -- "Feather Spray"
Copyright (C) 2018 The R Foundation for Statistical Computing
Platform: x86_64-pc-linux-gnu (64-bit)

R is free software and comes with ABSOLUTELY NO WARRANTY.
You are welcome to redistribute it under certain conditions.
Type 'license()' or 'licence()' for distribution details.

R is a collaborative project with many contributors.
Type 'contributors()' for more information and
'citation()' on how to cite R or R packages in publications.

Type 'demo()' for some demos, 'help()' for on-line help, or
'help.start()' for an HTML browser interface to help.
Type 'q()' to quit R.

> #Load libraries
> library(Seurat)
> library(dplyr)

Attaching package: 'dplyr'

The following objects are masked from 'package:stats':

    filter, lag

The following objects are masked from 'package:base':

    intersect, setdiff, setequal, union

> library(stringi)
> library(stringr)
> library(ggplot2)
> library(colorspace)
> library(RColorBrewer)
> 
> #Define main directory
> dir <- '/project2/gilad/ghousman/skeletal-human-chimp/'
> 
> #Load batch info
> batch <- read.csv(file=paste0(dir,'human-chimp-skeletal-scRNA/data/scrna-batch.csv'), header=TRUE, sep=",")
> 
> #Load objects
> objects <- readRDS(paste0(dir,"/human-chimp-skeletal-scRNA/data/cellranger-data-full/data.filterMT.indv.log.rds"))
> 
> #Select features for downstream integration (keeping at 10000 for now)
> #Identify anchors (used references + RPCA reduction method) #ALL OTHER METHODS CRASH
> objects.features <- SelectIntegrationFeatures(object.list=objects, nfeatures=10000)
> reference_dataset <- c(2,9) #make H1-r2 and C1-r2 the references
> objects <- lapply(X=objects, FUN=function(x) {
+     x <- ScaleData(x, features=objects.features, verbose=FALSE)
+     x <- RunPCA(x, features=objects.features, verbose=FALSE)
+ })
> objects.anchors <- FindIntegrationAnchors(object.list=objects, normalization.method="LogNormalize", anchor.features=objects.features,
+                                           reference=reference_dataset, reduction="rpca")
Scaling features for provided objects
Computing within dataset neighborhoods
Finding anchors between all query and reference datasets
Finding neighborhoods
Finding anchors
	Found 3967 anchors
Extracting within-dataset neighbors
Finding neighborhoods
Finding anchors
	Found 2789 anchors
Extracting within-dataset neighbors
Finding neighborhoods
Finding anchors
	Found 2189 anchors
Extracting within-dataset neighbors
Finding neighborhoods
Finding anchors
	Found 2474 anchors
Extracting within-dataset neighbors
Finding neighborhoods
Finding anchors
	Found 1938 anchors
Extracting within-dataset neighbors
Finding neighborhoods
Finding anchors
	Found 2839 anchors
Extracting within-dataset neighbors
Finding neighborhoods
Finding anchors
	Found 2206 anchors
Extracting within-dataset neighbors
Finding neighborhoods
Finding anchors
	Found 1138 anchors
Extracting within-dataset neighbors
Finding neighborhoods
Finding anchors
	Found 1485 anchors
Extracting within-dataset neighbors
Finding neighborhoods
Finding anchors
	Found 1359 anchors
Extracting within-dataset neighbors
Finding neighborhoods
Finding anchors
	Found 851 anchors
Extracting within-dataset neighbors
Finding neighborhoods
Finding anchors
	Found 1038 anchors
Extracting within-dataset neighbors
Finding neighborhoods
Finding anchors
	Found 1502 anchors
Extracting within-dataset neighbors
Finding neighborhoods
Finding anchors
	Found 1091 anchors
Extracting within-dataset neighbors
Finding neighborhoods
Finding anchors
	Found 1622 anchors
Extracting within-dataset neighbors
Finding neighborhoods
Finding anchors
	Found 1377 anchors
Extracting within-dataset neighbors
Finding neighborhoods
Finding anchors
	Found 2653 anchors
Extracting within-dataset neighbors
Finding neighborhoods
Finding anchors
	Found 1831 anchors
Extracting within-dataset neighbors
Finding neighborhoods
Finding anchors
	Found 1541 anchors
Extracting within-dataset neighbors
Finding neighborhoods
Finding anchors
	Found 1455 anchors
Extracting within-dataset neighbors
Finding neighborhoods
Finding anchors
	Found 3214 anchors
Extracting within-dataset neighbors
Finding neighborhoods
Finding anchors
	Found 1471 anchors
Extracting within-dataset neighbors
Finding neighborhoods
Finding anchors
	Found 3476 anchors
Extracting within-dataset neighbors
Finding neighborhoods
Finding anchors
	Found 1630 anchors
Extracting within-dataset neighbors
Finding neighborhoods
Finding anchors
	Found 1749 anchors
Extracting within-dataset neighbors
> 
> #Integrate datasets
> integrate <- IntegrateData(anchorset=objects.anchors, normalization.method="LogNormalize")
Building integrated reference
Merging dataset 9 into 2
Extracting anchors for merged samples
Finding integration vectors
Finding integration vector weights
0%   10   20   30   40   50   60   70   80   90   100%
[----|----|----|----|----|----|----|----|----|----|
**************************************************|
Integrating data
Warning: Adding a command log without an assay associated with it
Integrating dataset 1 with reference dataset
Finding integration vectors
Finding integration vector weights
0%   10   20   30   40   50   60   70   80   90   100%
[----|----|----|----|----|----|----|----|----|----|
**************************************************|
Integrating data
Integrating dataset 3 with reference dataset
Finding integration vectors
Finding integration vector weights
0%   10   20   30   40   50   60   70   80   90   100%
[----|----|----|----|----|----|----|----|----|----|
**************************************************|
Integrating data
Integrating dataset 4 with reference dataset
Finding integration vectors
Finding integration vector weights
0%   10   20   30   40   50   60   70   80   90   100%
[----|----|----|----|----|----|----|----|----|----|
**************************************************|
Integrating data
Integrating dataset 5 with reference dataset
Finding integration vectors
Finding integration vector weights
0%   10   20   30   40   50   60   70   80   90   100%
[----|----|----|----|----|----|----|----|----|----|
**************************************************|
Integrating data
Integrating dataset 6 with reference dataset
Finding integration vectors
Finding integration vector weights
0%   10   20   30   40   50   60   70   80   90   100%
[----|----|----|----|----|----|----|----|----|----|
**************************************************|
Integrating data
Integrating dataset 7 with reference dataset
Finding integration vectors
Finding integration vector weights
0%   10   20   30   40   50   60   70   80   90   100%
[----|----|----|----|----|----|----|----|----|----|
**************************************************|
Integrating data
Integrating dataset 8 with reference dataset
Finding integration vectors
Finding integration vector weights
0%   10   20   30   40   50   60   70   80   90   100%
[----|----|----|----|----|----|----|----|----|----|
**************************************************|
Integrating data
Integrating dataset 10 with reference dataset
Finding integration vectors
Finding integration vector weights
0%   10   20   30   40   50   60   70   80   90   100%
[----|----|----|----|----|----|----|----|----|----|
**************************************************|
Integrating data
Integrating dataset 11 with reference dataset
Finding integration vectors
Finding integration vector weights
0%   10   20   30   40   50   60   70   80   90   100%
[----|----|----|----|----|----|----|----|----|----|
**************************************************|
Integrating data
Integrating dataset 12 with reference dataset
Finding integration vectors
Finding integration vector weights
0%   10   20   30   40   50   60   70   80   90   100%
[----|----|----|----|----|----|----|----|----|----|
**************************************************|
Integrating data
Integrating dataset 13 with reference dataset
Finding integration vectors
Finding integration vector weights
0%   10   20   30   40   50   60   70   80   90   100%
[----|----|----|----|----|----|----|----|----|----|
**************************************************|
Integrating data
Integrating dataset 14 with reference dataset
Finding integration vectors
Finding integration vector weights
0%   10   20   30   40   50   60   70   80   90   100%
[----|----|----|----|----|----|----|----|----|----|
**************************************************|
Integrating data
Warning: Adding a command log without an assay associated with it
> integrate <- ScaleData(integrate, verbose=FALSE)
> 
> #Reduce dimensionality
> integrate <- RunPCA(object=integrate, npcs=100, verbose=FALSE)
> pva <- integrate@reductions$pca@stdev^2/integrate@reductions$pca@misc$total.variance
> ndim <- length(which(pva>=0.001)) #keep all dims that explaim more than 0.1% of variance
> print(ndim)
[1] 17
> integrate <- RunUMAP(integrate, dims=1:ndim)
Warning: The default method for RunUMAP has changed from calling Python UMAP via reticulate to the R-native UWOT using the cosine metric
To use Python UMAP via reticulate, set umap.method to 'umap-learn' and metric to 'correlation'
This message will be shown once per session
05:12:42 UMAP embedding parameters a = 0.9922 b = 1.112
05:12:42 Read 89041 rows and found 17 numeric columns
05:12:42 Using Annoy for neighbor search, n_neighbors = 30
05:12:42 Building Annoy index with metric = cosine, n_trees = 50
0%   10   20   30   40   50   60   70   80   90   100%
[----|----|----|----|----|----|----|----|----|----|
**************************************************|
05:12:57 Writing NN index file to temp file /tmp/jobs/561096/RtmpS3lLDo/filebe30291dc98f
05:12:57 Searching Annoy index using 1 thread, search_k = 3000
05:13:32 Annoy recall = 100%
05:13:33 Commencing smooth kNN distance calibration using 1 thread
05:13:38 Initializing from normalized Laplacian + noise
05:13:50 Commencing optimization for 200 epochs, with 3819506 positive edges
0%   10   20   30   40   50   60   70   80   90   100%
[----|----|----|----|----|----|----|----|----|----|
**************************************************|
05:15:47 Optimization finished
> 
> #Save data
> saveRDS(integrate, file=paste0(dir,"/human-chimp-skeletal-scRNA/data/cellranger-data-full/data.filterMT.indv.log.10k.int.rds"))
> rm(objects,integrate)
> 
> 
> proc.time()
    user   system  elapsed 
3553.916  603.713 4181.944 
